{"test_path": "real/cacheprof", "test_desc": "Final_DataCollect", "action_status": "started", "timestamp": 1699118291.1670303, "task_uuid": "2a02598d-6026-48b9-a0cf-b2e5b0a4538a", "action_type": "OPTIMIZER_CREATION", "task_level": [1]}
{"action_status": "started", "timestamp": 1699118291.1674755, "task_uuid": "2a02598d-6026-48b9-a0cf-b2e5b0a4538a", "action_type": "LOG_RESULTS", "task_level": [2, 1]}
{"action_status": "succeeded", "timestamp": 1699118291.1747525, "task_uuid": "2a02598d-6026-48b9-a0cf-b2e5b0a4538a", "action_type": "OPTIMIZER_CREATION", "task_level": [3]}
{"test_path": "real/cacheprof", "test_desc": "Final_DataCollect", "action_status": "started", "timestamp": 1699118368.6201067, "task_uuid": "815bac66-ca25-475b-b550-fb8c10a99f4f", "action_type": "OPTIMIZER_CREATION", "task_level": [1]}
{"action_status": "started", "timestamp": 1699118368.620538, "task_uuid": "815bac66-ca25-475b-b550-fb8c10a99f4f", "action_type": "LOG_RESULTS", "task_level": [2, 1]}
{"action_status": "succeeded", "timestamp": 1699118368.6279473, "task_uuid": "815bac66-ca25-475b-b550-fb8c10a99f4f", "action_type": "OPTIMIZER_CREATION", "task_level": [3]}
{"test_path": "real/cacheprof", "test_desc": "Final_DataCollect", "action_status": "started", "timestamp": 1699118388.5848489, "task_uuid": "47783365-282b-4d2c-8bdc-9807a4a0a9e9", "action_type": "OPTIMIZER_CREATION", "task_level": [1]}
{"action_status": "started", "timestamp": 1699118388.5852504, "task_uuid": "47783365-282b-4d2c-8bdc-9807a4a0a9e9", "action_type": "LOG_RESULTS", "task_level": [2, 1]}
{"action_status": "succeeded", "timestamp": 1699118388.5916877, "task_uuid": "47783365-282b-4d2c-8bdc-9807a4a0a9e9", "action_type": "OPTIMIZER_CREATION", "task_level": [3]}
{"test_path": "real/cacheprof", "test_desc": "Final_DataCollect", "action_status": "started", "timestamp": 1699118405.1259377, "task_uuid": "92641384-808e-4f92-94d7-10b0ee6df0b9", "action_type": "OPTIMIZER_CREATION", "task_level": [1]}
{"action_status": "started", "timestamp": 1699118405.1263213, "task_uuid": "92641384-808e-4f92-94d7-10b0ee6df0b9", "action_type": "LOG_RESULTS", "task_level": [2, 1]}
{"action_status": "succeeded", "timestamp": 1699118405.1335623, "task_uuid": "92641384-808e-4f92-94d7-10b0ee6df0b9", "action_type": "OPTIMIZER_CREATION", "task_level": [3]}
{"action_status": "started", "timestamp": 1699118540.7193358, "task_uuid": "2695928b-6c11-4e5b-bd8d-66703a025dbb", "action_type": "ERROR_CANDIDATE", "task_level": [1]}
{"optimizer": "BOCA", "message": "No unique candidate found.", "iteration": 0, "all_candidates": [], "timestamp": 1699118540.7195666, "task_uuid": "2695928b-6c11-4e5b-bd8d-66703a025dbb", "task_level": [2], "message_type": "ERROR"}
{"action_status": "succeeded", "timestamp": 1699118540.7196324, "task_uuid": "2695928b-6c11-4e5b-bd8d-66703a025dbb", "action_type": "ERROR_CANDIDATE", "task_level": [3]}
{"action_status": "started", "timestamp": 1699118542.0306435, "task_uuid": "93005c14-a077-497b-a657-875025d470eb", "action_type": "ERROR_CANDIDATE", "task_level": [1]}
{"optimizer": "BOCA", "message": "No unique candidate found.", "iteration": 1, "all_candidates": [], "timestamp": 1699118542.0307713, "task_uuid": "93005c14-a077-497b-a657-875025d470eb", "task_level": [2], "message_type": "ERROR"}
{"action_status": "succeeded", "timestamp": 1699118542.0308285, "task_uuid": "93005c14-a077-497b-a657-875025d470eb", "action_type": "ERROR_CANDIDATE", "task_level": [3]}
{"action_status": "started", "timestamp": 1699118543.373276, "task_uuid": "e4f888fd-0477-496e-bfd2-b90390bec5fa", "action_type": "ERROR_CANDIDATE", "task_level": [1]}
{"optimizer": "BOCA", "message": "No unique candidate found.", "iteration": 2, "all_candidates": [], "timestamp": 1699118543.373403, "task_uuid": "e4f888fd-0477-496e-bfd2-b90390bec5fa", "task_level": [2], "message_type": "ERROR"}
{"action_status": "succeeded", "timestamp": 1699118543.373459, "task_uuid": "e4f888fd-0477-496e-bfd2-b90390bec5fa", "action_type": "ERROR_CANDIDATE", "task_level": [3]}
{"action_status": "started", "timestamp": 1699118544.6925554, "task_uuid": "23833dcf-5960-4a36-b70e-53569c8c970d", "action_type": "ERROR_CANDIDATE", "task_level": [1]}
{"optimizer": "BOCA", "message": "No unique candidate found.", "iteration": 3, "all_candidates": [], "timestamp": 1699118544.6927037, "task_uuid": "23833dcf-5960-4a36-b70e-53569c8c970d", "task_level": [2], "message_type": "ERROR"}
{"action_status": "succeeded", "timestamp": 1699118544.692762, "task_uuid": "23833dcf-5960-4a36-b70e-53569c8c970d", "action_type": "ERROR_CANDIDATE", "task_level": [3]}
{"action_status": "started", "timestamp": 1699118546.009612, "task_uuid": "c3c92860-c8e5-4024-9d69-9275baee5592", "action_type": "ERROR_CANDIDATE", "task_level": [1]}
{"optimizer": "BOCA", "message": "No unique candidate found.", "iteration": 4, "all_candidates": [], "timestamp": 1699118546.0097358, "task_uuid": "c3c92860-c8e5-4024-9d69-9275baee5592", "task_level": [2], "message_type": "ERROR"}
{"action_status": "succeeded", "timestamp": 1699118546.0097919, "task_uuid": "c3c92860-c8e5-4024-9d69-9275baee5592", "action_type": "ERROR_CANDIDATE", "task_level": [3]}
{"action_status": "started", "timestamp": 1699118547.3205807, "task_uuid": "5ea87a0e-9a7e-48b6-816c-212cfcee4e77", "action_type": "ERROR_CANDIDATE", "task_level": [1]}
{"optimizer": "BOCA", "message": "No unique candidate found.", "iteration": 5, "all_candidates": [], "timestamp": 1699118547.3207078, "task_uuid": "5ea87a0e-9a7e-48b6-816c-212cfcee4e77", "task_level": [2], "message_type": "ERROR"}
{"action_status": "succeeded", "timestamp": 1699118547.320763, "task_uuid": "5ea87a0e-9a7e-48b6-816c-212cfcee4e77", "action_type": "ERROR_CANDIDATE", "task_level": [3]}
{"action_status": "started", "timestamp": 1699118548.6434197, "task_uuid": "578ae8a9-3f29-477f-92f4-348354138d39", "action_type": "ERROR_CANDIDATE", "task_level": [1]}
{"optimizer": "BOCA", "message": "No unique candidate found.", "iteration": 6, "all_candidates": [], "timestamp": 1699118548.6435459, "task_uuid": "578ae8a9-3f29-477f-92f4-348354138d39", "task_level": [2], "message_type": "ERROR"}
{"action_status": "succeeded", "timestamp": 1699118548.6439776, "task_uuid": "578ae8a9-3f29-477f-92f4-348354138d39", "action_type": "ERROR_CANDIDATE", "task_level": [3]}
{"action_status": "started", "timestamp": 1699118549.9605248, "task_uuid": "68c507ec-58cb-4128-ab1a-76813d031a71", "action_type": "ERROR_CANDIDATE", "task_level": [1]}
{"optimizer": "BOCA", "message": "No unique candidate found.", "iteration": 7, "all_candidates": [], "timestamp": 1699118549.960643, "task_uuid": "68c507ec-58cb-4128-ab1a-76813d031a71", "task_level": [2], "message_type": "ERROR"}
{"action_status": "succeeded", "timestamp": 1699118549.9606986, "task_uuid": "68c507ec-58cb-4128-ab1a-76813d031a71", "action_type": "ERROR_CANDIDATE", "task_level": [3]}
{"action_status": "started", "timestamp": 1699118551.2718732, "task_uuid": "7680681e-7a17-4862-b28c-a91a9ec434be", "action_type": "ERROR_CANDIDATE", "task_level": [1]}
{"optimizer": "BOCA", "message": "No unique candidate found.", "iteration": 8, "all_candidates": [], "timestamp": 1699118551.2719984, "task_uuid": "7680681e-7a17-4862-b28c-a91a9ec434be", "task_level": [2], "message_type": "ERROR"}
{"action_status": "succeeded", "timestamp": 1699118551.2720551, "task_uuid": "7680681e-7a17-4862-b28c-a91a9ec434be", "action_type": "ERROR_CANDIDATE", "task_level": [3]}
{"action_status": "started", "timestamp": 1699118552.599635, "task_uuid": "bec24f9a-a1cf-4aa0-950d-37110650ad58", "action_type": "ERROR_CANDIDATE", "task_level": [1]}
{"optimizer": "BOCA", "message": "No unique candidate found.", "iteration": 9, "all_candidates": [], "timestamp": 1699118552.5997577, "task_uuid": "bec24f9a-a1cf-4aa0-950d-37110650ad58", "task_level": [2], "message_type": "ERROR"}
{"action_status": "succeeded", "timestamp": 1699118552.599814, "task_uuid": "bec24f9a-a1cf-4aa0-950d-37110650ad58", "action_type": "ERROR_CANDIDATE", "task_level": [3]}
{"action_status": "started", "timestamp": 1699118553.9283757, "task_uuid": "6aa69e45-cecb-49fd-aad4-6a194d8b41ab", "action_type": "ERROR_CANDIDATE", "task_level": [1]}
{"optimizer": "BOCA", "message": "No unique candidate found.", "iteration": 10, "all_candidates": [], "timestamp": 1699118553.9285107, "task_uuid": "6aa69e45-cecb-49fd-aad4-6a194d8b41ab", "task_level": [2], "message_type": "ERROR"}
{"action_status": "succeeded", "timestamp": 1699118553.9289258, "task_uuid": "6aa69e45-cecb-49fd-aad4-6a194d8b41ab", "action_type": "ERROR_CANDIDATE", "task_level": [3]}
{"action_status": "started", "timestamp": 1699118555.2269392, "task_uuid": "5eefc53f-e220-4fd3-8c22-40a0280346d0", "action_type": "ERROR_CANDIDATE", "task_level": [1]}
{"optimizer": "BOCA", "message": "No unique candidate found.", "iteration": 11, "all_candidates": [], "timestamp": 1699118555.2270555, "task_uuid": "5eefc53f-e220-4fd3-8c22-40a0280346d0", "task_level": [2], "message_type": "ERROR"}
{"action_status": "succeeded", "timestamp": 1699118555.2271106, "task_uuid": "5eefc53f-e220-4fd3-8c22-40a0280346d0", "action_type": "ERROR_CANDIDATE", "task_level": [3]}
{"action_status": "started", "timestamp": 1699118556.5406651, "task_uuid": "de894e68-5712-4532-99a4-10441fc97bce", "action_type": "ERROR_CANDIDATE", "task_level": [1]}
{"optimizer": "BOCA", "message": "No unique candidate found.", "iteration": 12, "all_candidates": [], "timestamp": 1699118556.5407844, "task_uuid": "de894e68-5712-4532-99a4-10441fc97bce", "task_level": [2], "message_type": "ERROR"}
{"action_status": "succeeded", "timestamp": 1699118556.5408404, "task_uuid": "de894e68-5712-4532-99a4-10441fc97bce", "action_type": "ERROR_CANDIDATE", "task_level": [3]}
{"action_status": "started", "timestamp": 1699118557.8512251, "task_uuid": "a2652871-bf12-43ad-bb0e-9655b528ae2c", "action_type": "ERROR_CANDIDATE", "task_level": [1]}
{"optimizer": "BOCA", "message": "No unique candidate found.", "iteration": 13, "all_candidates": [], "timestamp": 1699118557.8513649, "task_uuid": "a2652871-bf12-43ad-bb0e-9655b528ae2c", "task_level": [2], "message_type": "ERROR"}
{"action_status": "succeeded", "timestamp": 1699118557.8514214, "task_uuid": "a2652871-bf12-43ad-bb0e-9655b528ae2c", "action_type": "ERROR_CANDIDATE", "task_level": [3]}
{"action_status": "started", "timestamp": 1699118559.1834111, "task_uuid": "011bbe59-c4fe-4272-9864-f7cbc1606b94", "action_type": "ERROR_CANDIDATE", "task_level": [1]}
{"optimizer": "BOCA", "message": "No unique candidate found.", "iteration": 14, "all_candidates": [], "timestamp": 1699118559.1835415, "task_uuid": "011bbe59-c4fe-4272-9864-f7cbc1606b94", "task_level": [2], "message_type": "ERROR"}
{"action_status": "succeeded", "timestamp": 1699118559.1839297, "task_uuid": "011bbe59-c4fe-4272-9864-f7cbc1606b94", "action_type": "ERROR_CANDIDATE", "task_level": [3]}
{"action_status": "started", "timestamp": 1699118560.5108962, "task_uuid": "7d41b9e9-ee9e-4f71-8abf-00551bc1190e", "action_type": "ERROR_CANDIDATE", "task_level": [1]}
{"optimizer": "BOCA", "message": "No unique candidate found.", "iteration": 15, "all_candidates": [], "timestamp": 1699118560.511021, "task_uuid": "7d41b9e9-ee9e-4f71-8abf-00551bc1190e", "task_level": [2], "message_type": "ERROR"}
{"action_status": "succeeded", "timestamp": 1699118560.5110776, "task_uuid": "7d41b9e9-ee9e-4f71-8abf-00551bc1190e", "action_type": "ERROR_CANDIDATE", "task_level": [3]}
{"action_status": "started", "timestamp": 1699118561.7815413, "task_uuid": "169ad424-8ace-4b8f-b92e-b743640b23fb", "action_type": "ERROR_CANDIDATE", "task_level": [1]}
{"optimizer": "BOCA", "message": "No unique candidate found.", "iteration": 16, "all_candidates": [], "timestamp": 1699118561.781663, "task_uuid": "169ad424-8ace-4b8f-b92e-b743640b23fb", "task_level": [2], "message_type": "ERROR"}
{"action_status": "succeeded", "timestamp": 1699118561.7817173, "task_uuid": "169ad424-8ace-4b8f-b92e-b743640b23fb", "action_type": "ERROR_CANDIDATE", "task_level": [3]}
{"action_status": "started", "timestamp": 1699118563.0443478, "task_uuid": "bafd18f3-e81e-46e3-9777-ee3bb870f96b", "action_type": "ERROR_CANDIDATE", "task_level": [1]}
{"optimizer": "BOCA", "message": "No unique candidate found.", "iteration": 17, "all_candidates": [], "timestamp": 1699118563.0444658, "task_uuid": "bafd18f3-e81e-46e3-9777-ee3bb870f96b", "task_level": [2], "message_type": "ERROR"}
{"action_status": "succeeded", "timestamp": 1699118563.0445364, "task_uuid": "bafd18f3-e81e-46e3-9777-ee3bb870f96b", "action_type": "ERROR_CANDIDATE", "task_level": [3]}
{"action_status": "started", "timestamp": 1699118564.3244781, "task_uuid": "f0981c3c-4569-4d47-bdb1-4a17432719b8", "action_type": "ERROR_CANDIDATE", "task_level": [1]}
{"optimizer": "BOCA", "message": "No unique candidate found.", "iteration": 18, "all_candidates": [], "timestamp": 1699118564.324609, "task_uuid": "f0981c3c-4569-4d47-bdb1-4a17432719b8", "task_level": [2], "message_type": "ERROR"}
{"action_status": "succeeded", "timestamp": 1699118564.3246717, "task_uuid": "f0981c3c-4569-4d47-bdb1-4a17432719b8", "action_type": "ERROR_CANDIDATE", "task_level": [3]}
{"action_status": "started", "timestamp": 1699118565.5997899, "task_uuid": "77f10f06-6a43-48de-8474-0514166d56ec", "action_type": "ERROR_CANDIDATE", "task_level": [1]}
{"optimizer": "BOCA", "message": "No unique candidate found.", "iteration": 19, "all_candidates": [], "timestamp": 1699118565.5999045, "task_uuid": "77f10f06-6a43-48de-8474-0514166d56ec", "task_level": [2], "message_type": "ERROR"}
{"action_status": "succeeded", "timestamp": 1699118565.5999582, "task_uuid": "77f10f06-6a43-48de-8474-0514166d56ec", "action_type": "ERROR_CANDIDATE", "task_level": [3]}
{"action_status": "started", "timestamp": 1699118566.9066327, "task_uuid": "2e69ac81-22b9-4096-8cc1-75f02fa31e76", "action_type": "ERROR_CANDIDATE", "task_level": [1]}
{"optimizer": "BOCA", "message": "No unique candidate found.", "iteration": 20, "all_candidates": [], "timestamp": 1699118566.906752, "task_uuid": "2e69ac81-22b9-4096-8cc1-75f02fa31e76", "task_level": [2], "message_type": "ERROR"}
{"action_status": "succeeded", "timestamp": 1699118566.9068148, "task_uuid": "2e69ac81-22b9-4096-8cc1-75f02fa31e76", "action_type": "ERROR_CANDIDATE", "task_level": [3]}
{"action_status": "started", "timestamp": 1699118568.1638734, "task_uuid": "b1097341-8979-4132-aedf-f864ec06853d", "action_type": "ERROR_CANDIDATE", "task_level": [1]}
{"optimizer": "BOCA", "message": "No unique candidate found.", "iteration": 21, "all_candidates": [], "timestamp": 1699118568.163987, "task_uuid": "b1097341-8979-4132-aedf-f864ec06853d", "task_level": [2], "message_type": "ERROR"}
{"action_status": "succeeded", "timestamp": 1699118568.164041, "task_uuid": "b1097341-8979-4132-aedf-f864ec06853d", "action_type": "ERROR_CANDIDATE", "task_level": [3]}
{"action_status": "started", "timestamp": 1699118569.4581647, "task_uuid": "06764390-159b-48de-a96c-30191c8daa73", "action_type": "ERROR_CANDIDATE", "task_level": [1]}
{"optimizer": "BOCA", "message": "No unique candidate found.", "iteration": 22, "all_candidates": [], "timestamp": 1699118569.4582918, "task_uuid": "06764390-159b-48de-a96c-30191c8daa73", "task_level": [2], "message_type": "ERROR"}
{"action_status": "succeeded", "timestamp": 1699118569.458678, "task_uuid": "06764390-159b-48de-a96c-30191c8daa73", "action_type": "ERROR_CANDIDATE", "task_level": [3]}
{"action_status": "started", "timestamp": 1699118570.7634947, "task_uuid": "888604e6-8d5c-43ad-b581-452905b855fa", "action_type": "ERROR_CANDIDATE", "task_level": [1]}
{"optimizer": "BOCA", "message": "No unique candidate found.", "iteration": 23, "all_candidates": [], "timestamp": 1699118570.7636182, "task_uuid": "888604e6-8d5c-43ad-b581-452905b855fa", "task_level": [2], "message_type": "ERROR"}
{"action_status": "succeeded", "timestamp": 1699118570.7636726, "task_uuid": "888604e6-8d5c-43ad-b581-452905b855fa", "action_type": "ERROR_CANDIDATE", "task_level": [3]}
{"action_status": "started", "timestamp": 1699118572.0346751, "task_uuid": "28018ce7-c5aa-4be1-9bd8-c8f8c5c226cc", "action_type": "ERROR_CANDIDATE", "task_level": [1]}
{"optimizer": "BOCA", "message": "No unique candidate found.", "iteration": 24, "all_candidates": [], "timestamp": 1699118572.0347977, "task_uuid": "28018ce7-c5aa-4be1-9bd8-c8f8c5c226cc", "task_level": [2], "message_type": "ERROR"}
{"action_status": "succeeded", "timestamp": 1699118572.034853, "task_uuid": "28018ce7-c5aa-4be1-9bd8-c8f8c5c226cc", "action_type": "ERROR_CANDIDATE", "task_level": [3]}
{"action_status": "started", "timestamp": 1699118573.3113, "task_uuid": "06c19a56-98b2-473c-84df-343cb508361d", "action_type": "ERROR_CANDIDATE", "task_level": [1]}
{"optimizer": "BOCA", "message": "No unique candidate found.", "iteration": 25, "all_candidates": [], "timestamp": 1699118573.3114192, "task_uuid": "06c19a56-98b2-473c-84df-343cb508361d", "task_level": [2], "message_type": "ERROR"}
{"action_status": "succeeded", "timestamp": 1699118573.3114738, "task_uuid": "06c19a56-98b2-473c-84df-343cb508361d", "action_type": "ERROR_CANDIDATE", "task_level": [3]}
{"action_status": "started", "timestamp": 1699118574.5760689, "task_uuid": "b35a4725-0fd4-48fe-b01e-5932cef98468", "action_type": "ERROR_CANDIDATE", "task_level": [1]}
{"optimizer": "BOCA", "message": "No unique candidate found.", "iteration": 26, "all_candidates": [], "timestamp": 1699118574.5762048, "task_uuid": "b35a4725-0fd4-48fe-b01e-5932cef98468", "task_level": [2], "message_type": "ERROR"}
{"action_status": "succeeded", "timestamp": 1699118574.5766134, "task_uuid": "b35a4725-0fd4-48fe-b01e-5932cef98468", "action_type": "ERROR_CANDIDATE", "task_level": [3]}
{"action_status": "started", "timestamp": 1699118575.8553584, "task_uuid": "57727f9c-b896-4612-8c5b-df5ad9374ace", "action_type": "ERROR_CANDIDATE", "task_level": [1]}
{"optimizer": "BOCA", "message": "No unique candidate found.", "iteration": 27, "all_candidates": [], "timestamp": 1699118575.855481, "task_uuid": "57727f9c-b896-4612-8c5b-df5ad9374ace", "task_level": [2], "message_type": "ERROR"}
{"action_status": "succeeded", "timestamp": 1699118575.855535, "task_uuid": "57727f9c-b896-4612-8c5b-df5ad9374ace", "action_type": "ERROR_CANDIDATE", "task_level": [3]}
{"action_status": "started", "timestamp": 1699118577.12468, "task_uuid": "30a2d7f7-5ffb-4372-8027-b5cca996a3bc", "action_type": "ERROR_CANDIDATE", "task_level": [1]}
{"optimizer": "BOCA", "message": "No unique candidate found.", "iteration": 28, "all_candidates": [], "timestamp": 1699118577.1247988, "task_uuid": "30a2d7f7-5ffb-4372-8027-b5cca996a3bc", "task_level": [2], "message_type": "ERROR"}
{"action_status": "succeeded", "timestamp": 1699118577.1248531, "task_uuid": "30a2d7f7-5ffb-4372-8027-b5cca996a3bc", "action_type": "ERROR_CANDIDATE", "task_level": [3]}
{"action_status": "started", "timestamp": 1699118578.394113, "task_uuid": "f99377a8-8561-40b5-88e3-b9182464c513", "action_type": "ERROR_CANDIDATE", "task_level": [1]}
{"optimizer": "BOCA", "message": "No unique candidate found.", "iteration": 29, "all_candidates": [], "timestamp": 1699118578.3942537, "task_uuid": "f99377a8-8561-40b5-88e3-b9182464c513", "task_level": [2], "message_type": "ERROR"}
{"action_status": "succeeded", "timestamp": 1699118578.39431, "task_uuid": "f99377a8-8561-40b5-88e3-b9182464c513", "action_type": "ERROR_CANDIDATE", "task_level": [3]}
{"action_status": "started", "timestamp": 1699118579.7130506, "task_uuid": "e96d6147-d3e0-4fb5-95f5-141d99d6668a", "action_type": "ERROR_CANDIDATE", "task_level": [1]}
{"optimizer": "BOCA", "message": "No unique candidate found.", "iteration": 30, "all_candidates": [], "timestamp": 1699118579.7131798, "task_uuid": "e96d6147-d3e0-4fb5-95f5-141d99d6668a", "task_level": [2], "message_type": "ERROR"}
{"action_status": "succeeded", "timestamp": 1699118579.713587, "task_uuid": "e96d6147-d3e0-4fb5-95f5-141d99d6668a", "action_type": "ERROR_CANDIDATE", "task_level": [3]}
{"action_status": "started", "timestamp": 1699118580.9936717, "task_uuid": "f0d92c3a-8146-47b7-a477-7b6f330a16d1", "action_type": "ERROR_CANDIDATE", "task_level": [1]}
{"optimizer": "BOCA", "message": "No unique candidate found.", "iteration": 31, "all_candidates": [], "timestamp": 1699118580.9937973, "task_uuid": "f0d92c3a-8146-47b7-a477-7b6f330a16d1", "task_level": [2], "message_type": "ERROR"}
{"action_status": "succeeded", "timestamp": 1699118580.9938521, "task_uuid": "f0d92c3a-8146-47b7-a477-7b6f330a16d1", "action_type": "ERROR_CANDIDATE", "task_level": [3]}
{"action_status": "started", "timestamp": 1699118582.2940032, "task_uuid": "d9eca92d-c4c1-4ff1-b02b-aa2b4ddf395a", "action_type": "ERROR_CANDIDATE", "task_level": [1]}
{"optimizer": "BOCA", "message": "No unique candidate found.", "iteration": 32, "all_candidates": [], "timestamp": 1699118582.2941413, "task_uuid": "d9eca92d-c4c1-4ff1-b02b-aa2b4ddf395a", "task_level": [2], "message_type": "ERROR"}
{"action_status": "succeeded", "timestamp": 1699118582.2942028, "task_uuid": "d9eca92d-c4c1-4ff1-b02b-aa2b4ddf395a", "action_type": "ERROR_CANDIDATE", "task_level": [3]}
{"action_status": "started", "timestamp": 1699118582.462516, "task_uuid": "7e1ea6de-b143-4b0c-98c0-a488571ce74c", "action_type": "LOG_RESULTS", "task_level": [1]}
{"optimizer": "BOCA", "no": "0", "best_result": [["-O0", "-fexcess-precision", "-fregs-iterative", "-fmax-worker-args=10", "-fno-pre-inlining", "-feager-blackholing", "-fdo-lambda-eta-expansion", "-floopification", "-fexpose-all-unfoldings", "-flate-dmd-anal", "-fcmm-elim-common-blocks"], 0.438], "run_allowance": 9950, "iterations": 33, "timestamp": 1699118582.4625957, "task_uuid": "7e1ea6de-b143-4b0c-98c0-a488571ce74c", "task_level": [2], "message_type": "INFO"}
{"action_status": "succeeded", "timestamp": 1699118582.4626663, "task_uuid": "7e1ea6de-b143-4b0c-98c0-a488571ce74c", "action_type": "LOG_RESULTS", "task_level": [3]}
{"test_path": "real/cacheprof", "test_desc": "Final_DataCollect", "action_status": "started", "timestamp": 1699120998.4783406, "task_uuid": "e9ade7d1-c0f7-4fe9-ace3-c1d2747c8ef9", "action_type": "OPTIMIZER_CREATION", "task_level": [1]}
{"action_status": "started", "timestamp": 1699120998.4787562, "task_uuid": "e9ade7d1-c0f7-4fe9-ace3-c1d2747c8ef9", "action_type": "LOG_RESULTS", "task_level": [2, 1]}
{"action_status": "succeeded", "timestamp": 1699120998.5182633, "task_uuid": "e9ade7d1-c0f7-4fe9-ace3-c1d2747c8ef9", "action_type": "OPTIMIZER_CREATION", "task_level": [3]}
{"action_status": "started", "timestamp": 1699127304.8575375, "task_uuid": "e42e6473-c499-4a5a-912a-7b87ff1ec335", "action_type": "LOG_RESULTS", "task_level": [1]}
{"optimizer": "GA", "no": "0", "best_result": [["-fcall-arity", "-fcase-merge", "-fcmm-elim-common-blocks", "-fcmm-sink", "-fcpr-anal", "-fcse", "-fdicts-cheap", "-fdicts-strict", "-fdmd-tx-dict-sel", "-fdo-eta-reduction", "-fdo-lambda-eta-expansion", "-feager-blackholing", "-fenable-rewrite-rules", "-fexcess-precision", "-fexpose-all-unfoldings", "-ffloat-in", "-ffull-laziness", "-ffun-to-thunk", "-fignore-asserts", "-fignore-interface-pragmas", "-flate-dmd-anal", "-fliberate-case", "-fliberate-case-threshold=2000", "-floopification", "-fmax-inline-alloc-size=128", "-fmax-inline-memcpy-insns=32", "-fmax-inline-memset-insns=32", "-fmax-relevant-binds=6", "-fmax-simplifier-iterations=4", "-fmax-worker-args=10", "-fno-opt-coercion", "-fno-pre-inlining", "-fno-state-hack", "-fomit-interface-pragmas", "-fomit-yields", "-foptimal-applicative-do", "-fpedantic-bottoms", "-fregs-graph", "-fregs-iterative", "-fsimplifier-phases=2", "-fsimpl-tick-factor=100", "-fspec-constr", "-fspec-constr-count=3", "-fspec-constr-threshold=2000", "-fspecialise", "-fcross-module-specialise", "-fstatic-argument-transformation", "-fstrictness", "-fstrictness-before=1", "-funbox-small-strict-fields", "-funbox-strict-fields", "-funfolding-creation-threshold=750", "-funfolding-dict-discount=30", "-funfolding-fun-discount=60", "-funfolding-keeness-factor=1.5", "-funfolding-use-threshold=60", "-fvectorisation-avoidance", "-fvectorise", "-fworker-wrapper"], 0.446], "run_allowance": 7573, "iterations": 46, "timestamp": 1699127304.857755, "task_uuid": "e42e6473-c499-4a5a-912a-7b87ff1ec335", "task_level": [2], "message_type": "INFO"}
{"action_status": "succeeded", "timestamp": 1699127304.8578517, "task_uuid": "e42e6473-c499-4a5a-912a-7b87ff1ec335", "action_type": "LOG_RESULTS", "task_level": [3]}
{"test_path": "real/cacheprof", "test_desc": "Final_DataCollect", "action_status": "started", "timestamp": 1699138359.9495873, "task_uuid": "2f840fc7-3fd0-4743-9475-bf7146c2a29b", "action_type": "OPTIMIZER_CREATION", "task_level": [1]}
{"action_status": "started", "timestamp": 1699138359.9500496, "task_uuid": "2f840fc7-3fd0-4743-9475-bf7146c2a29b", "action_type": "LOG_RESULTS", "task_level": [2, 1]}
{"action_status": "succeeded", "timestamp": 1699138359.9564679, "task_uuid": "2f840fc7-3fd0-4743-9475-bf7146c2a29b", "action_type": "OPTIMIZER_CREATION", "task_level": [3]}
{"action_status": "started", "timestamp": 1699138496.493351, "task_uuid": "11e4eb96-177f-4fbf-8bdb-c9f6e7b788da", "action_type": "ERROR_CANDIDATE", "task_level": [1]}
{"optimizer": "BOCA", "message": "No unique candidate found.", "iteration": 0, "all_candidates": [], "timestamp": 1699138496.4935625, "task_uuid": "11e4eb96-177f-4fbf-8bdb-c9f6e7b788da", "task_level": [2], "message_type": "ERROR"}
{"action_status": "succeeded", "timestamp": 1699138496.4936259, "task_uuid": "11e4eb96-177f-4fbf-8bdb-c9f6e7b788da", "action_type": "ERROR_CANDIDATE", "task_level": [3]}
{"action_status": "started", "timestamp": 1699138497.6652474, "task_uuid": "34acabfa-3d54-433e-a92c-7abd864747c0", "action_type": "ERROR_CANDIDATE", "task_level": [1]}
{"optimizer": "BOCA", "message": "No unique candidate found.", "iteration": 1, "all_candidates": [], "timestamp": 1699138497.6653748, "task_uuid": "34acabfa-3d54-433e-a92c-7abd864747c0", "task_level": [2], "message_type": "ERROR"}
{"action_status": "succeeded", "timestamp": 1699138497.6654298, "task_uuid": "34acabfa-3d54-433e-a92c-7abd864747c0", "action_type": "ERROR_CANDIDATE", "task_level": [3]}
{"action_status": "started", "timestamp": 1699138498.8526227, "task_uuid": "1257aca4-1d3d-45bb-8cd9-5be2cf3b84da", "action_type": "ERROR_CANDIDATE", "task_level": [1]}
{"optimizer": "BOCA", "message": "No unique candidate found.", "iteration": 2, "all_candidates": [], "timestamp": 1699138498.8527336, "task_uuid": "1257aca4-1d3d-45bb-8cd9-5be2cf3b84da", "task_level": [2], "message_type": "ERROR"}
{"action_status": "succeeded", "timestamp": 1699138498.8527873, "task_uuid": "1257aca4-1d3d-45bb-8cd9-5be2cf3b84da", "action_type": "ERROR_CANDIDATE", "task_level": [3]}
{"action_status": "started", "timestamp": 1699138500.0520527, "task_uuid": "a02cf35f-fccd-4603-a63c-9ddab7e8adfc", "action_type": "ERROR_CANDIDATE", "task_level": [1]}
{"optimizer": "BOCA", "message": "No unique candidate found.", "iteration": 3, "all_candidates": [], "timestamp": 1699138500.0521684, "task_uuid": "a02cf35f-fccd-4603-a63c-9ddab7e8adfc", "task_level": [2], "message_type": "ERROR"}
{"action_status": "succeeded", "timestamp": 1699138500.052223, "task_uuid": "a02cf35f-fccd-4603-a63c-9ddab7e8adfc", "action_type": "ERROR_CANDIDATE", "task_level": [3]}
{"action_status": "started", "timestamp": 1699138501.2610738, "task_uuid": "0389b2e2-da0b-4492-bc90-7fa78099fc91", "action_type": "ERROR_CANDIDATE", "task_level": [1]}
{"optimizer": "BOCA", "message": "No unique candidate found.", "iteration": 4, "all_candidates": [], "timestamp": 1699138501.2612045, "task_uuid": "0389b2e2-da0b-4492-bc90-7fa78099fc91", "task_level": [2], "message_type": "ERROR"}
{"action_status": "succeeded", "timestamp": 1699138501.2612612, "task_uuid": "0389b2e2-da0b-4492-bc90-7fa78099fc91", "action_type": "ERROR_CANDIDATE", "task_level": [3]}
{"action_status": "started", "timestamp": 1699138502.436813, "task_uuid": "6c4ac88a-0078-4ad6-816d-cb3463313de3", "action_type": "ERROR_CANDIDATE", "task_level": [1]}
{"optimizer": "BOCA", "message": "No unique candidate found.", "iteration": 5, "all_candidates": [], "timestamp": 1699138502.436924, "task_uuid": "6c4ac88a-0078-4ad6-816d-cb3463313de3", "task_level": [2], "message_type": "ERROR"}
{"action_status": "succeeded", "timestamp": 1699138502.4369779, "task_uuid": "6c4ac88a-0078-4ad6-816d-cb3463313de3", "action_type": "ERROR_CANDIDATE", "task_level": [3]}
{"action_status": "started", "timestamp": 1699138503.6355665, "task_uuid": "dba903bc-fbc8-4a38-b3c4-ec342da32e57", "action_type": "ERROR_CANDIDATE", "task_level": [1]}
{"optimizer": "BOCA", "message": "No unique candidate found.", "iteration": 6, "all_candidates": [], "timestamp": 1699138503.6358066, "task_uuid": "dba903bc-fbc8-4a38-b3c4-ec342da32e57", "task_level": [2], "message_type": "ERROR"}
{"action_status": "succeeded", "timestamp": 1699138503.6359024, "task_uuid": "dba903bc-fbc8-4a38-b3c4-ec342da32e57", "action_type": "ERROR_CANDIDATE", "task_level": [3]}
{"action_status": "started", "timestamp": 1699138505.0082567, "task_uuid": "b50e4f5f-4dfb-4b70-bebf-64b972c5e734", "action_type": "ERROR_CANDIDATE", "task_level": [1]}
{"optimizer": "BOCA", "message": "No unique candidate found.", "iteration": 7, "all_candidates": [], "timestamp": 1699138505.0084054, "task_uuid": "b50e4f5f-4dfb-4b70-bebf-64b972c5e734", "task_level": [2], "message_type": "ERROR"}
{"action_status": "succeeded", "timestamp": 1699138505.0084693, "task_uuid": "b50e4f5f-4dfb-4b70-bebf-64b972c5e734", "action_type": "ERROR_CANDIDATE", "task_level": [3]}
{"action_status": "started", "timestamp": 1699138506.3691177, "task_uuid": "c6edb630-fdc2-42fb-8d6e-b1f97a6466b6", "action_type": "ERROR_CANDIDATE", "task_level": [1]}
{"optimizer": "BOCA", "message": "No unique candidate found.", "iteration": 8, "all_candidates": [], "timestamp": 1699138506.369259, "task_uuid": "c6edb630-fdc2-42fb-8d6e-b1f97a6466b6", "task_level": [2], "message_type": "ERROR"}
{"action_status": "succeeded", "timestamp": 1699138506.3693242, "task_uuid": "c6edb630-fdc2-42fb-8d6e-b1f97a6466b6", "action_type": "ERROR_CANDIDATE", "task_level": [3]}
{"action_status": "started", "timestamp": 1699138507.7178838, "task_uuid": "a498257e-bd8d-4ae8-b3f1-10f9d1228f2c", "action_type": "ERROR_CANDIDATE", "task_level": [1]}
{"optimizer": "BOCA", "message": "No unique candidate found.", "iteration": 9, "all_candidates": [], "timestamp": 1699138507.7180426, "task_uuid": "a498257e-bd8d-4ae8-b3f1-10f9d1228f2c", "task_level": [2], "message_type": "ERROR"}
{"action_status": "succeeded", "timestamp": 1699138507.7185142, "task_uuid": "a498257e-bd8d-4ae8-b3f1-10f9d1228f2c", "action_type": "ERROR_CANDIDATE", "task_level": [3]}
{"action_status": "started", "timestamp": 1699138509.0809827, "task_uuid": "2726b4a8-0b2f-40d8-b2c7-cafd2462fb8f", "action_type": "ERROR_CANDIDATE", "task_level": [1]}
{"optimizer": "BOCA", "message": "No unique candidate found.", "iteration": 10, "all_candidates": [], "timestamp": 1699138509.08111, "task_uuid": "2726b4a8-0b2f-40d8-b2c7-cafd2462fb8f", "task_level": [2], "message_type": "ERROR"}
{"action_status": "succeeded", "timestamp": 1699138509.0811741, "task_uuid": "2726b4a8-0b2f-40d8-b2c7-cafd2462fb8f", "action_type": "ERROR_CANDIDATE", "task_level": [3]}
{"action_status": "started", "timestamp": 1699138510.2669399, "task_uuid": "c9d1a369-ed3f-4d20-bc69-05f5316df571", "action_type": "ERROR_CANDIDATE", "task_level": [1]}
{"optimizer": "BOCA", "message": "No unique candidate found.", "iteration": 11, "all_candidates": [], "timestamp": 1699138510.2670596, "task_uuid": "c9d1a369-ed3f-4d20-bc69-05f5316df571", "task_level": [2], "message_type": "ERROR"}
{"action_status": "succeeded", "timestamp": 1699138510.267114, "task_uuid": "c9d1a369-ed3f-4d20-bc69-05f5316df571", "action_type": "ERROR_CANDIDATE", "task_level": [3]}
{"action_status": "started", "timestamp": 1699138511.4423778, "task_uuid": "c2c767a8-b066-457e-82cf-3d22db329e36", "action_type": "ERROR_CANDIDATE", "task_level": [1]}
{"optimizer": "BOCA", "message": "No unique candidate found.", "iteration": 12, "all_candidates": [], "timestamp": 1699138511.4425075, "task_uuid": "c2c767a8-b066-457e-82cf-3d22db329e36", "task_level": [2], "message_type": "ERROR"}
{"action_status": "succeeded", "timestamp": 1699138511.4425642, "task_uuid": "c2c767a8-b066-457e-82cf-3d22db329e36", "action_type": "ERROR_CANDIDATE", "task_level": [3]}
{"action_status": "started", "timestamp": 1699138512.7057142, "task_uuid": "9e5ab4e9-9748-4dd9-88bd-0ee94d1372ac", "action_type": "ERROR_CANDIDATE", "task_level": [1]}
{"optimizer": "BOCA", "message": "No unique candidate found.", "iteration": 13, "all_candidates": [], "timestamp": 1699138512.7058525, "task_uuid": "9e5ab4e9-9748-4dd9-88bd-0ee94d1372ac", "task_level": [2], "message_type": "ERROR"}
{"action_status": "succeeded", "timestamp": 1699138512.7059464, "task_uuid": "9e5ab4e9-9748-4dd9-88bd-0ee94d1372ac", "action_type": "ERROR_CANDIDATE", "task_level": [3]}
{"action_status": "started", "timestamp": 1699138513.9526834, "task_uuid": "7308aa75-5e9b-44ad-a747-623df12ef9fb", "action_type": "ERROR_CANDIDATE", "task_level": [1]}
{"optimizer": "BOCA", "message": "No unique candidate found.", "iteration": 14, "all_candidates": [], "timestamp": 1699138513.953735, "task_uuid": "7308aa75-5e9b-44ad-a747-623df12ef9fb", "task_level": [2], "message_type": "ERROR"}
{"action_status": "succeeded", "timestamp": 1699138513.9537995, "task_uuid": "7308aa75-5e9b-44ad-a747-623df12ef9fb", "action_type": "ERROR_CANDIDATE", "task_level": [3]}
{"action_status": "started", "timestamp": 1699138515.2244334, "task_uuid": "6d274afd-80fe-4c7f-a9a8-7aaa5bd60196", "action_type": "ERROR_CANDIDATE", "task_level": [1]}
{"optimizer": "BOCA", "message": "No unique candidate found.", "iteration": 15, "all_candidates": [], "timestamp": 1699138515.2245903, "task_uuid": "6d274afd-80fe-4c7f-a9a8-7aaa5bd60196", "task_level": [2], "message_type": "ERROR"}
{"action_status": "succeeded", "timestamp": 1699138515.22465, "task_uuid": "6d274afd-80fe-4c7f-a9a8-7aaa5bd60196", "action_type": "ERROR_CANDIDATE", "task_level": [3]}
{"action_status": "started", "timestamp": 1699138516.4994977, "task_uuid": "d98ffd7d-e58a-4460-b4a8-84010afe2fa3", "action_type": "ERROR_CANDIDATE", "task_level": [1]}
{"optimizer": "BOCA", "message": "No unique candidate found.", "iteration": 16, "all_candidates": [], "timestamp": 1699138516.4996495, "task_uuid": "d98ffd7d-e58a-4460-b4a8-84010afe2fa3", "task_level": [2], "message_type": "ERROR"}
{"action_status": "succeeded", "timestamp": 1699138516.499715, "task_uuid": "d98ffd7d-e58a-4460-b4a8-84010afe2fa3", "action_type": "ERROR_CANDIDATE", "task_level": [3]}
{"action_status": "started", "timestamp": 1699138517.7656262, "task_uuid": "0ddb9360-0034-4cbd-9d6b-0989971b0b42", "action_type": "ERROR_CANDIDATE", "task_level": [1]}
{"optimizer": "BOCA", "message": "No unique candidate found.", "iteration": 17, "all_candidates": [], "timestamp": 1699138517.7657812, "task_uuid": "0ddb9360-0034-4cbd-9d6b-0989971b0b42", "task_level": [2], "message_type": "ERROR"}
{"action_status": "succeeded", "timestamp": 1699138517.7658527, "task_uuid": "0ddb9360-0034-4cbd-9d6b-0989971b0b42", "action_type": "ERROR_CANDIDATE", "task_level": [3]}
{"action_status": "started", "timestamp": 1699138519.0127594, "task_uuid": "3a583e74-9f31-4fd9-8f7c-f2b49e5f7b00", "action_type": "ERROR_CANDIDATE", "task_level": [1]}
{"optimizer": "BOCA", "message": "No unique candidate found.", "iteration": 18, "all_candidates": [], "timestamp": 1699138519.012899, "task_uuid": "3a583e74-9f31-4fd9-8f7c-f2b49e5f7b00", "task_level": [2], "message_type": "ERROR"}
{"action_status": "succeeded", "timestamp": 1699138519.0129585, "task_uuid": "3a583e74-9f31-4fd9-8f7c-f2b49e5f7b00", "action_type": "ERROR_CANDIDATE", "task_level": [3]}
{"action_status": "started", "timestamp": 1699138520.2246988, "task_uuid": "dafe5a4e-1cd1-43cd-a1b9-c2c12e4c3856", "action_type": "ERROR_CANDIDATE", "task_level": [1]}
{"optimizer": "BOCA", "message": "No unique candidate found.", "iteration": 19, "all_candidates": [], "timestamp": 1699138520.2248738, "task_uuid": "dafe5a4e-1cd1-43cd-a1b9-c2c12e4c3856", "task_level": [2], "message_type": "ERROR"}
{"action_status": "succeeded", "timestamp": 1699138520.2249358, "task_uuid": "dafe5a4e-1cd1-43cd-a1b9-c2c12e4c3856", "action_type": "ERROR_CANDIDATE", "task_level": [3]}
{"action_status": "started", "timestamp": 1699138521.4807568, "task_uuid": "5810996d-d3b7-425c-be17-df9c1ba9ca09", "action_type": "ERROR_CANDIDATE", "task_level": [1]}
{"optimizer": "BOCA", "message": "No unique candidate found.", "iteration": 20, "all_candidates": [], "timestamp": 1699138521.4809103, "task_uuid": "5810996d-d3b7-425c-be17-df9c1ba9ca09", "task_level": [2], "message_type": "ERROR"}
{"action_status": "succeeded", "timestamp": 1699138521.4809725, "task_uuid": "5810996d-d3b7-425c-be17-df9c1ba9ca09", "action_type": "ERROR_CANDIDATE", "task_level": [3]}
{"action_status": "started", "timestamp": 1699138522.7599156, "task_uuid": "28b2973e-a2c1-4e44-b9c8-b51bf986b692", "action_type": "ERROR_CANDIDATE", "task_level": [1]}
{"optimizer": "BOCA", "message": "No unique candidate found.", "iteration": 21, "all_candidates": [], "timestamp": 1699138522.7600877, "task_uuid": "28b2973e-a2c1-4e44-b9c8-b51bf986b692", "task_level": [2], "message_type": "ERROR"}
{"action_status": "succeeded", "timestamp": 1699138522.76015, "task_uuid": "28b2973e-a2c1-4e44-b9c8-b51bf986b692", "action_type": "ERROR_CANDIDATE", "task_level": [3]}
{"action_status": "started", "timestamp": 1699138523.9928849, "task_uuid": "e5888262-8660-4cdd-917a-172d00761a2e", "action_type": "ERROR_CANDIDATE", "task_level": [1]}
{"optimizer": "BOCA", "message": "No unique candidate found.", "iteration": 22, "all_candidates": [], "timestamp": 1699138523.9930475, "task_uuid": "e5888262-8660-4cdd-917a-172d00761a2e", "task_level": [2], "message_type": "ERROR"}
{"action_status": "succeeded", "timestamp": 1699138523.9931083, "task_uuid": "e5888262-8660-4cdd-917a-172d00761a2e", "action_type": "ERROR_CANDIDATE", "task_level": [3]}
{"action_status": "started", "timestamp": 1699138525.241464, "task_uuid": "c6180934-e5ba-4122-9ca1-b98e49b630f3", "action_type": "ERROR_CANDIDATE", "task_level": [1]}
{"optimizer": "BOCA", "message": "No unique candidate found.", "iteration": 23, "all_candidates": [], "timestamp": 1699138525.241763, "task_uuid": "c6180934-e5ba-4122-9ca1-b98e49b630f3", "task_level": [2], "message_type": "ERROR"}
{"action_status": "succeeded", "timestamp": 1699138525.2418957, "task_uuid": "c6180934-e5ba-4122-9ca1-b98e49b630f3", "action_type": "ERROR_CANDIDATE", "task_level": [3]}
{"action_status": "started", "timestamp": 1699138526.5224576, "task_uuid": "0f8281fe-9400-4a66-8674-bea24745c4d0", "action_type": "ERROR_CANDIDATE", "task_level": [1]}
{"optimizer": "BOCA", "message": "No unique candidate found.", "iteration": 24, "all_candidates": [], "timestamp": 1699138526.5225942, "task_uuid": "0f8281fe-9400-4a66-8674-bea24745c4d0", "task_level": [2], "message_type": "ERROR"}
{"action_status": "succeeded", "timestamp": 1699138526.5226552, "task_uuid": "0f8281fe-9400-4a66-8674-bea24745c4d0", "action_type": "ERROR_CANDIDATE", "task_level": [3]}
{"action_status": "started", "timestamp": 1699138527.7722995, "task_uuid": "9493c514-73ff-4c18-b191-da00c6e15e0d", "action_type": "ERROR_CANDIDATE", "task_level": [1]}
{"optimizer": "BOCA", "message": "No unique candidate found.", "iteration": 25, "all_candidates": [], "timestamp": 1699138527.7724462, "task_uuid": "9493c514-73ff-4c18-b191-da00c6e15e0d", "task_level": [2], "message_type": "ERROR"}
{"action_status": "succeeded", "timestamp": 1699138527.7730024, "task_uuid": "9493c514-73ff-4c18-b191-da00c6e15e0d", "action_type": "ERROR_CANDIDATE", "task_level": [3]}
{"action_status": "started", "timestamp": 1699138529.0460844, "task_uuid": "62f6d3ee-10ad-4f6c-99f4-69ac7eabd9f6", "action_type": "ERROR_CANDIDATE", "task_level": [1]}
{"optimizer": "BOCA", "message": "No unique candidate found.", "iteration": 26, "all_candidates": [], "timestamp": 1699138529.0462394, "task_uuid": "62f6d3ee-10ad-4f6c-99f4-69ac7eabd9f6", "task_level": [2], "message_type": "ERROR"}
{"action_status": "succeeded", "timestamp": 1699138529.0463, "task_uuid": "62f6d3ee-10ad-4f6c-99f4-69ac7eabd9f6", "action_type": "ERROR_CANDIDATE", "task_level": [3]}
{"action_status": "started", "timestamp": 1699138530.2835119, "task_uuid": "fe97aab9-6bc6-4ce5-aea0-0d0b32ebe1c3", "action_type": "ERROR_CANDIDATE", "task_level": [1]}
{"optimizer": "BOCA", "message": "No unique candidate found.", "iteration": 27, "all_candidates": [], "timestamp": 1699138530.2836373, "task_uuid": "fe97aab9-6bc6-4ce5-aea0-0d0b32ebe1c3", "task_level": [2], "message_type": "ERROR"}
{"action_status": "succeeded", "timestamp": 1699138530.2836926, "task_uuid": "fe97aab9-6bc6-4ce5-aea0-0d0b32ebe1c3", "action_type": "ERROR_CANDIDATE", "task_level": [3]}
{"action_status": "started", "timestamp": 1699138531.5222378, "task_uuid": "9fffbbfc-b012-4e54-84a7-a251385a2189", "action_type": "ERROR_CANDIDATE", "task_level": [1]}
{"optimizer": "BOCA", "message": "No unique candidate found.", "iteration": 28, "all_candidates": [], "timestamp": 1699138531.5225954, "task_uuid": "9fffbbfc-b012-4e54-84a7-a251385a2189", "task_level": [2], "message_type": "ERROR"}
{"action_status": "succeeded", "timestamp": 1699138531.5227478, "task_uuid": "9fffbbfc-b012-4e54-84a7-a251385a2189", "action_type": "ERROR_CANDIDATE", "task_level": [3]}
{"action_status": "started", "timestamp": 1699138532.7687957, "task_uuid": "c4c4c4b0-37d7-4db5-b1bb-1d339ade4af4", "action_type": "ERROR_CANDIDATE", "task_level": [1]}
{"optimizer": "BOCA", "message": "No unique candidate found.", "iteration": 29, "all_candidates": [], "timestamp": 1699138532.7689347, "task_uuid": "c4c4c4b0-37d7-4db5-b1bb-1d339ade4af4", "task_level": [2], "message_type": "ERROR"}
{"action_status": "succeeded", "timestamp": 1699138532.7689946, "task_uuid": "c4c4c4b0-37d7-4db5-b1bb-1d339ade4af4", "action_type": "ERROR_CANDIDATE", "task_level": [3]}
{"action_status": "started", "timestamp": 1699138534.076982, "task_uuid": "2279a474-0fb5-499b-a551-36f1ef6a5392", "action_type": "ERROR_CANDIDATE", "task_level": [1]}
{"optimizer": "BOCA", "message": "No unique candidate found.", "iteration": 30, "all_candidates": [], "timestamp": 1699138534.077125, "task_uuid": "2279a474-0fb5-499b-a551-36f1ef6a5392", "task_level": [2], "message_type": "ERROR"}
{"action_status": "succeeded", "timestamp": 1699138534.077185, "task_uuid": "2279a474-0fb5-499b-a551-36f1ef6a5392", "action_type": "ERROR_CANDIDATE", "task_level": [3]}
{"action_status": "started", "timestamp": 1699138535.3408515, "task_uuid": "9718b358-2aaa-44d8-9511-be4dc4a8c048", "action_type": "ERROR_CANDIDATE", "task_level": [1]}
{"optimizer": "BOCA", "message": "No unique candidate found.", "iteration": 31, "all_candidates": [], "timestamp": 1699138535.340989, "task_uuid": "9718b358-2aaa-44d8-9511-be4dc4a8c048", "task_level": [2], "message_type": "ERROR"}
{"action_status": "succeeded", "timestamp": 1699138535.34105, "task_uuid": "9718b358-2aaa-44d8-9511-be4dc4a8c048", "action_type": "ERROR_CANDIDATE", "task_level": [3]}
{"action_status": "started", "timestamp": 1699138536.6020932, "task_uuid": "51c2a605-8da5-47cf-89f9-ef32be6588f1", "action_type": "ERROR_CANDIDATE", "task_level": [1]}
{"optimizer": "BOCA", "message": "No unique candidate found.", "iteration": 32, "all_candidates": [], "timestamp": 1699138536.6022558, "task_uuid": "51c2a605-8da5-47cf-89f9-ef32be6588f1", "task_level": [2], "message_type": "ERROR"}
{"action_status": "succeeded", "timestamp": 1699138536.6023176, "task_uuid": "51c2a605-8da5-47cf-89f9-ef32be6588f1", "action_type": "ERROR_CANDIDATE", "task_level": [3]}
{"action_status": "started", "timestamp": 1699138536.7770927, "task_uuid": "9e275b52-1fdd-4c77-b13c-26075847fa1c", "action_type": "LOG_RESULTS", "task_level": [1]}
{"optimizer": "BOCA", "no": "0", "best_result": [["-O0", "-fenable-rewrite-rules", "-floopification", "-ffun-to-thunk", "-fcross-module-specialise", "-fspecialise", "-fno-pre-inlining", "-fignore-asserts", "-fmax-worker-args=10", "-funfolding-creation-threshold=750", "-fliberate-case-threshold=2000", "-fcpr-anal"], 0.438], "run_allowance": 9950, "iterations": 33, "timestamp": 1699138536.777202, "task_uuid": "9e275b52-1fdd-4c77-b13c-26075847fa1c", "task_level": [2], "message_type": "INFO"}
{"action_status": "succeeded", "timestamp": 1699138536.77728, "task_uuid": "9e275b52-1fdd-4c77-b13c-26075847fa1c", "action_type": "LOG_RESULTS", "task_level": [3]}
{"test_path": "real/cacheprof", "test_desc": "Final_DataCollect", "action_status": "started", "timestamp": 1699139066.0211504, "task_uuid": "f09ef447-741e-4fd1-bd7c-cffcb2bda911", "action_type": "OPTIMIZER_CREATION", "task_level": [1]}
{"action_status": "started", "timestamp": 1699139066.02157, "task_uuid": "f09ef447-741e-4fd1-bd7c-cffcb2bda911", "action_type": "LOG_RESULTS", "task_level": [2, 1]}
{"action_status": "succeeded", "timestamp": 1699139066.0732074, "task_uuid": "f09ef447-741e-4fd1-bd7c-cffcb2bda911", "action_type": "OPTIMIZER_CREATION", "task_level": [3]}
{"test_path": "real/cacheprof", "test_desc": "Final_DataCollect", "action_status": "started", "timestamp": 1699141319.1248648, "task_uuid": "be98fc06-0f57-469f-b4eb-5e217734d5ba", "action_type": "OPTIMIZER_CREATION", "task_level": [1]}
{"action_status": "started", "timestamp": 1699141319.125251, "task_uuid": "be98fc06-0f57-469f-b4eb-5e217734d5ba", "action_type": "LOG_RESULTS", "task_level": [2, 1]}
{"action_status": "succeeded", "timestamp": 1699141319.1322908, "task_uuid": "be98fc06-0f57-469f-b4eb-5e217734d5ba", "action_type": "OPTIMIZER_CREATION", "task_level": [3]}
{"action_status": "started", "timestamp": 1699141456.106745, "task_uuid": "22ca853d-905f-4f1e-9197-a65f79469898", "action_type": "ERROR_CANDIDATE", "task_level": [1]}
{"optimizer": "BOCA", "message": "No unique candidate found.", "iteration": 0, "all_candidates": [], "timestamp": 1699141456.106954, "task_uuid": "22ca853d-905f-4f1e-9197-a65f79469898", "task_level": [2], "message_type": "ERROR"}
{"action_status": "succeeded", "timestamp": 1699141456.107016, "task_uuid": "22ca853d-905f-4f1e-9197-a65f79469898", "action_type": "ERROR_CANDIDATE", "task_level": [3]}
{"action_status": "started", "timestamp": 1699141457.4386454, "task_uuid": "6fe2dd1e-ef7b-4e8a-81e7-856a9052fccf", "action_type": "ERROR_CANDIDATE", "task_level": [1]}
{"optimizer": "BOCA", "message": "No unique candidate found.", "iteration": 1, "all_candidates": [], "timestamp": 1699141457.4387615, "task_uuid": "6fe2dd1e-ef7b-4e8a-81e7-856a9052fccf", "task_level": [2], "message_type": "ERROR"}
{"action_status": "succeeded", "timestamp": 1699141457.438819, "task_uuid": "6fe2dd1e-ef7b-4e8a-81e7-856a9052fccf", "action_type": "ERROR_CANDIDATE", "task_level": [3]}
{"action_status": "started", "timestamp": 1699141458.7383306, "task_uuid": "72e9e015-7dfa-4b1a-b886-93b0c405941c", "action_type": "ERROR_CANDIDATE", "task_level": [1]}
{"optimizer": "BOCA", "message": "No unique candidate found.", "iteration": 2, "all_candidates": [], "timestamp": 1699141458.7384393, "task_uuid": "72e9e015-7dfa-4b1a-b886-93b0c405941c", "task_level": [2], "message_type": "ERROR"}
{"action_status": "succeeded", "timestamp": 1699141458.7384953, "task_uuid": "72e9e015-7dfa-4b1a-b886-93b0c405941c", "action_type": "ERROR_CANDIDATE", "task_level": [3]}
{"action_status": "started", "timestamp": 1699141460.0413752, "task_uuid": "f045431a-2968-47d2-8cf1-15e92e329229", "action_type": "ERROR_CANDIDATE", "task_level": [1]}
{"optimizer": "BOCA", "message": "No unique candidate found.", "iteration": 3, "all_candidates": [], "timestamp": 1699141460.0414991, "task_uuid": "f045431a-2968-47d2-8cf1-15e92e329229", "task_level": [2], "message_type": "ERROR"}
{"action_status": "succeeded", "timestamp": 1699141460.041557, "task_uuid": "f045431a-2968-47d2-8cf1-15e92e329229", "action_type": "ERROR_CANDIDATE", "task_level": [3]}
{"action_status": "started", "timestamp": 1699141461.3453188, "task_uuid": "e740d9fa-08e9-4368-b8bc-0969c9a3424f", "action_type": "ERROR_CANDIDATE", "task_level": [1]}
{"optimizer": "BOCA", "message": "No unique candidate found.", "iteration": 4, "all_candidates": [], "timestamp": 1699141461.3454354, "task_uuid": "e740d9fa-08e9-4368-b8bc-0969c9a3424f", "task_level": [2], "message_type": "ERROR"}
{"action_status": "succeeded", "timestamp": 1699141461.3454933, "task_uuid": "e740d9fa-08e9-4368-b8bc-0969c9a3424f", "action_type": "ERROR_CANDIDATE", "task_level": [3]}
{"action_status": "started", "timestamp": 1699141462.6689963, "task_uuid": "eb2ff6e4-7dd0-4532-9130-ad5d51107af3", "action_type": "ERROR_CANDIDATE", "task_level": [1]}
{"optimizer": "BOCA", "message": "No unique candidate found.", "iteration": 5, "all_candidates": [], "timestamp": 1699141462.6691208, "task_uuid": "eb2ff6e4-7dd0-4532-9130-ad5d51107af3", "task_level": [2], "message_type": "ERROR"}
{"action_status": "succeeded", "timestamp": 1699141462.6691864, "task_uuid": "eb2ff6e4-7dd0-4532-9130-ad5d51107af3", "action_type": "ERROR_CANDIDATE", "task_level": [3]}
{"action_status": "started", "timestamp": 1699141463.983635, "task_uuid": "f05837c3-71e5-4d4f-8b5d-ec9a97c5368a", "action_type": "ERROR_CANDIDATE", "task_level": [1]}
{"optimizer": "BOCA", "message": "No unique candidate found.", "iteration": 6, "all_candidates": [], "timestamp": 1699141463.9837701, "task_uuid": "f05837c3-71e5-4d4f-8b5d-ec9a97c5368a", "task_level": [2], "message_type": "ERROR"}
{"action_status": "succeeded", "timestamp": 1699141463.98383, "task_uuid": "f05837c3-71e5-4d4f-8b5d-ec9a97c5368a", "action_type": "ERROR_CANDIDATE", "task_level": [3]}
{"action_status": "started", "timestamp": 1699141465.278542, "task_uuid": "b20b675b-7fdf-463f-9d83-88b2b0106bbe", "action_type": "ERROR_CANDIDATE", "task_level": [1]}
{"optimizer": "BOCA", "message": "No unique candidate found.", "iteration": 7, "all_candidates": [], "timestamp": 1699141465.278663, "task_uuid": "b20b675b-7fdf-463f-9d83-88b2b0106bbe", "task_level": [2], "message_type": "ERROR"}
{"action_status": "succeeded", "timestamp": 1699141465.2787197, "task_uuid": "b20b675b-7fdf-463f-9d83-88b2b0106bbe", "action_type": "ERROR_CANDIDATE", "task_level": [3]}
{"action_status": "started", "timestamp": 1699141466.603398, "task_uuid": "7f47dd02-d4a6-42f9-8710-3d19fdfbcb4c", "action_type": "ERROR_CANDIDATE", "task_level": [1]}
{"optimizer": "BOCA", "message": "No unique candidate found.", "iteration": 8, "all_candidates": [], "timestamp": 1699141466.6035075, "task_uuid": "7f47dd02-d4a6-42f9-8710-3d19fdfbcb4c", "task_level": [2], "message_type": "ERROR"}
{"action_status": "succeeded", "timestamp": 1699141466.6035633, "task_uuid": "7f47dd02-d4a6-42f9-8710-3d19fdfbcb4c", "action_type": "ERROR_CANDIDATE", "task_level": [3]}
{"action_status": "started", "timestamp": 1699141467.889724, "task_uuid": "7c5d8512-6126-4d7c-8e60-317c85250ead", "action_type": "ERROR_CANDIDATE", "task_level": [1]}
{"optimizer": "BOCA", "message": "No unique candidate found.", "iteration": 9, "all_candidates": [], "timestamp": 1699141467.8898745, "task_uuid": "7c5d8512-6126-4d7c-8e60-317c85250ead", "task_level": [2], "message_type": "ERROR"}
{"action_status": "succeeded", "timestamp": 1699141467.8899426, "task_uuid": "7c5d8512-6126-4d7c-8e60-317c85250ead", "action_type": "ERROR_CANDIDATE", "task_level": [3]}
{"action_status": "started", "timestamp": 1699141469.235555, "task_uuid": "2b9f8c61-3371-4cae-bf21-879368c0c28e", "action_type": "ERROR_CANDIDATE", "task_level": [1]}
{"optimizer": "BOCA", "message": "No unique candidate found.", "iteration": 10, "all_candidates": [], "timestamp": 1699141469.2356815, "task_uuid": "2b9f8c61-3371-4cae-bf21-879368c0c28e", "task_level": [2], "message_type": "ERROR"}
{"action_status": "succeeded", "timestamp": 1699141469.2357378, "task_uuid": "2b9f8c61-3371-4cae-bf21-879368c0c28e", "action_type": "ERROR_CANDIDATE", "task_level": [3]}
{"action_status": "started", "timestamp": 1699141470.5293949, "task_uuid": "6cbb7f94-6671-47a0-a4c7-039ae1271ce0", "action_type": "ERROR_CANDIDATE", "task_level": [1]}
{"optimizer": "BOCA", "message": "No unique candidate found.", "iteration": 11, "all_candidates": [], "timestamp": 1699141470.529515, "task_uuid": "6cbb7f94-6671-47a0-a4c7-039ae1271ce0", "task_level": [2], "message_type": "ERROR"}
{"action_status": "succeeded", "timestamp": 1699141470.529573, "task_uuid": "6cbb7f94-6671-47a0-a4c7-039ae1271ce0", "action_type": "ERROR_CANDIDATE", "task_level": [3]}
{"action_status": "started", "timestamp": 1699141471.8548217, "task_uuid": "8929fa97-c84f-4616-969f-8612328547b9", "action_type": "ERROR_CANDIDATE", "task_level": [1]}
{"optimizer": "BOCA", "message": "No unique candidate found.", "iteration": 12, "all_candidates": [], "timestamp": 1699141471.8549345, "task_uuid": "8929fa97-c84f-4616-969f-8612328547b9", "task_level": [2], "message_type": "ERROR"}
{"action_status": "succeeded", "timestamp": 1699141471.8549914, "task_uuid": "8929fa97-c84f-4616-969f-8612328547b9", "action_type": "ERROR_CANDIDATE", "task_level": [3]}
{"action_status": "started", "timestamp": 1699141473.1978192, "task_uuid": "43ac7e89-4022-4abf-8991-b3241e0eef02", "action_type": "ERROR_CANDIDATE", "task_level": [1]}
{"optimizer": "BOCA", "message": "No unique candidate found.", "iteration": 13, "all_candidates": [], "timestamp": 1699141473.1979606, "task_uuid": "43ac7e89-4022-4abf-8991-b3241e0eef02", "task_level": [2], "message_type": "ERROR"}
{"action_status": "succeeded", "timestamp": 1699141473.198029, "task_uuid": "43ac7e89-4022-4abf-8991-b3241e0eef02", "action_type": "ERROR_CANDIDATE", "task_level": [3]}
{"action_status": "started", "timestamp": 1699141474.506704, "task_uuid": "f59f5cf4-1020-4328-ac80-240fc315c51f", "action_type": "ERROR_CANDIDATE", "task_level": [1]}
{"optimizer": "BOCA", "message": "No unique candidate found.", "iteration": 14, "all_candidates": [], "timestamp": 1699141474.506819, "task_uuid": "f59f5cf4-1020-4328-ac80-240fc315c51f", "task_level": [2], "message_type": "ERROR"}
{"action_status": "succeeded", "timestamp": 1699141474.5068748, "task_uuid": "f59f5cf4-1020-4328-ac80-240fc315c51f", "action_type": "ERROR_CANDIDATE", "task_level": [3]}
{"action_status": "started", "timestamp": 1699141475.8190548, "task_uuid": "62b925fb-5238-4282-a1b1-f7aec5651d33", "action_type": "ERROR_CANDIDATE", "task_level": [1]}
{"optimizer": "BOCA", "message": "No unique candidate found.", "iteration": 15, "all_candidates": [], "timestamp": 1699141475.8191717, "task_uuid": "62b925fb-5238-4282-a1b1-f7aec5651d33", "task_level": [2], "message_type": "ERROR"}
{"action_status": "succeeded", "timestamp": 1699141475.8192275, "task_uuid": "62b925fb-5238-4282-a1b1-f7aec5651d33", "action_type": "ERROR_CANDIDATE", "task_level": [3]}
{"action_status": "started", "timestamp": 1699141477.1435552, "task_uuid": "904f1720-e8fe-41df-ad22-5ef73a37da22", "action_type": "ERROR_CANDIDATE", "task_level": [1]}
{"optimizer": "BOCA", "message": "No unique candidate found.", "iteration": 16, "all_candidates": [], "timestamp": 1699141477.1436808, "task_uuid": "904f1720-e8fe-41df-ad22-5ef73a37da22", "task_level": [2], "message_type": "ERROR"}
{"action_status": "succeeded", "timestamp": 1699141477.143738, "task_uuid": "904f1720-e8fe-41df-ad22-5ef73a37da22", "action_type": "ERROR_CANDIDATE", "task_level": [3]}
{"action_status": "started", "timestamp": 1699141478.4562924, "task_uuid": "bb89d532-a0ce-4f5f-9f68-fe4f912c0bf5", "action_type": "ERROR_CANDIDATE", "task_level": [1]}
{"optimizer": "BOCA", "message": "No unique candidate found.", "iteration": 17, "all_candidates": [], "timestamp": 1699141478.4564223, "task_uuid": "bb89d532-a0ce-4f5f-9f68-fe4f912c0bf5", "task_level": [2], "message_type": "ERROR"}
{"action_status": "succeeded", "timestamp": 1699141478.4564936, "task_uuid": "bb89d532-a0ce-4f5f-9f68-fe4f912c0bf5", "action_type": "ERROR_CANDIDATE", "task_level": [3]}
{"action_status": "started", "timestamp": 1699141479.750272, "task_uuid": "e536a7ff-98d8-4232-8d55-10da9e544bc3", "action_type": "ERROR_CANDIDATE", "task_level": [1]}
{"optimizer": "BOCA", "message": "No unique candidate found.", "iteration": 18, "all_candidates": [], "timestamp": 1699141479.7503865, "task_uuid": "e536a7ff-98d8-4232-8d55-10da9e544bc3", "task_level": [2], "message_type": "ERROR"}
{"action_status": "succeeded", "timestamp": 1699141479.7504432, "task_uuid": "e536a7ff-98d8-4232-8d55-10da9e544bc3", "action_type": "ERROR_CANDIDATE", "task_level": [3]}
{"action_status": "started", "timestamp": 1699141481.0739777, "task_uuid": "b588f58c-0fe5-45b2-9230-e16257c349a4", "action_type": "ERROR_CANDIDATE", "task_level": [1]}
{"optimizer": "BOCA", "message": "No unique candidate found.", "iteration": 19, "all_candidates": [], "timestamp": 1699141481.0740943, "task_uuid": "b588f58c-0fe5-45b2-9230-e16257c349a4", "task_level": [2], "message_type": "ERROR"}
{"action_status": "succeeded", "timestamp": 1699141481.074177, "task_uuid": "b588f58c-0fe5-45b2-9230-e16257c349a4", "action_type": "ERROR_CANDIDATE", "task_level": [3]}
{"action_status": "started", "timestamp": 1699141482.3745246, "task_uuid": "8f016926-f703-44c5-adda-48cf66444723", "action_type": "ERROR_CANDIDATE", "task_level": [1]}
{"optimizer": "BOCA", "message": "No unique candidate found.", "iteration": 20, "all_candidates": [], "timestamp": 1699141482.3746378, "task_uuid": "8f016926-f703-44c5-adda-48cf66444723", "task_level": [2], "message_type": "ERROR"}
{"action_status": "succeeded", "timestamp": 1699141482.374714, "task_uuid": "8f016926-f703-44c5-adda-48cf66444723", "action_type": "ERROR_CANDIDATE", "task_level": [3]}
{"action_status": "started", "timestamp": 1699141483.703313, "task_uuid": "d4aefcae-9144-4b8b-a080-f90d10944705", "action_type": "ERROR_CANDIDATE", "task_level": [1]}
{"optimizer": "BOCA", "message": "No unique candidate found.", "iteration": 21, "all_candidates": [], "timestamp": 1699141483.7034578, "task_uuid": "d4aefcae-9144-4b8b-a080-f90d10944705", "task_level": [2], "message_type": "ERROR"}
{"action_status": "succeeded", "timestamp": 1699141483.7035234, "task_uuid": "d4aefcae-9144-4b8b-a080-f90d10944705", "action_type": "ERROR_CANDIDATE", "task_level": [3]}
{"action_status": "started", "timestamp": 1699141485.0493567, "task_uuid": "d0bd95ec-9e0f-461f-a652-aa73f8faeb3f", "action_type": "ERROR_CANDIDATE", "task_level": [1]}
{"optimizer": "BOCA", "message": "No unique candidate found.", "iteration": 22, "all_candidates": [], "timestamp": 1699141485.0494726, "task_uuid": "d0bd95ec-9e0f-461f-a652-aa73f8faeb3f", "task_level": [2], "message_type": "ERROR"}
{"action_status": "succeeded", "timestamp": 1699141485.0495298, "task_uuid": "d0bd95ec-9e0f-461f-a652-aa73f8faeb3f", "action_type": "ERROR_CANDIDATE", "task_level": [3]}
{"action_status": "started", "timestamp": 1699141486.3790846, "task_uuid": "e0e5a881-135f-4c06-a0a0-b25468e4ace1", "action_type": "ERROR_CANDIDATE", "task_level": [1]}
{"optimizer": "BOCA", "message": "No unique candidate found.", "iteration": 23, "all_candidates": [], "timestamp": 1699141486.3791997, "task_uuid": "e0e5a881-135f-4c06-a0a0-b25468e4ace1", "task_level": [2], "message_type": "ERROR"}
{"action_status": "succeeded", "timestamp": 1699141486.3792653, "task_uuid": "e0e5a881-135f-4c06-a0a0-b25468e4ace1", "action_type": "ERROR_CANDIDATE", "task_level": [3]}
{"action_status": "started", "timestamp": 1699141487.6657038, "task_uuid": "fca76777-9e8f-46f4-83d8-396c295e11eb", "action_type": "ERROR_CANDIDATE", "task_level": [1]}
{"optimizer": "BOCA", "message": "No unique candidate found.", "iteration": 24, "all_candidates": [], "timestamp": 1699141487.6658146, "task_uuid": "fca76777-9e8f-46f4-83d8-396c295e11eb", "task_level": [2], "message_type": "ERROR"}
{"action_status": "succeeded", "timestamp": 1699141487.6658714, "task_uuid": "fca76777-9e8f-46f4-83d8-396c295e11eb", "action_type": "ERROR_CANDIDATE", "task_level": [3]}
{"action_status": "started", "timestamp": 1699141488.9646604, "task_uuid": "d41679d5-ac11-4b5d-8573-b4031b0ff19e", "action_type": "ERROR_CANDIDATE", "task_level": [1]}
{"optimizer": "BOCA", "message": "No unique candidate found.", "iteration": 25, "all_candidates": [], "timestamp": 1699141488.9647918, "task_uuid": "d41679d5-ac11-4b5d-8573-b4031b0ff19e", "task_level": [2], "message_type": "ERROR"}
{"action_status": "succeeded", "timestamp": 1699141488.9648602, "task_uuid": "d41679d5-ac11-4b5d-8573-b4031b0ff19e", "action_type": "ERROR_CANDIDATE", "task_level": [3]}
{"action_status": "started", "timestamp": 1699141490.2902915, "task_uuid": "974f6bbe-e412-4d64-8d8c-c32c39b1c84c", "action_type": "ERROR_CANDIDATE", "task_level": [1]}
{"optimizer": "BOCA", "message": "No unique candidate found.", "iteration": 26, "all_candidates": [], "timestamp": 1699141490.2904153, "task_uuid": "974f6bbe-e412-4d64-8d8c-c32c39b1c84c", "task_level": [2], "message_type": "ERROR"}
{"action_status": "succeeded", "timestamp": 1699141490.2908342, "task_uuid": "974f6bbe-e412-4d64-8d8c-c32c39b1c84c", "action_type": "ERROR_CANDIDATE", "task_level": [3]}
{"action_status": "started", "timestamp": 1699141491.6090858, "task_uuid": "16dbd36c-f41e-43b8-89ff-5193af66bf67", "action_type": "ERROR_CANDIDATE", "task_level": [1]}
{"optimizer": "BOCA", "message": "No unique candidate found.", "iteration": 27, "all_candidates": [], "timestamp": 1699141491.609208, "task_uuid": "16dbd36c-f41e-43b8-89ff-5193af66bf67", "task_level": [2], "message_type": "ERROR"}
{"action_status": "succeeded", "timestamp": 1699141491.6092827, "task_uuid": "16dbd36c-f41e-43b8-89ff-5193af66bf67", "action_type": "ERROR_CANDIDATE", "task_level": [3]}
{"action_status": "started", "timestamp": 1699141492.9412234, "task_uuid": "c8c2436c-7b4b-46bc-b8e5-0df7aae3673a", "action_type": "ERROR_CANDIDATE", "task_level": [1]}
{"optimizer": "BOCA", "message": "No unique candidate found.", "iteration": 28, "all_candidates": [], "timestamp": 1699141492.9413292, "task_uuid": "c8c2436c-7b4b-46bc-b8e5-0df7aae3673a", "task_level": [2], "message_type": "ERROR"}
{"action_status": "succeeded", "timestamp": 1699141492.9413865, "task_uuid": "c8c2436c-7b4b-46bc-b8e5-0df7aae3673a", "action_type": "ERROR_CANDIDATE", "task_level": [3]}
{"action_status": "started", "timestamp": 1699141494.263743, "task_uuid": "af7779c1-8f95-45a7-ba42-cb14e8779962", "action_type": "ERROR_CANDIDATE", "task_level": [1]}
{"optimizer": "BOCA", "message": "No unique candidate found.", "iteration": 29, "all_candidates": [], "timestamp": 1699141494.2638571, "task_uuid": "af7779c1-8f95-45a7-ba42-cb14e8779962", "task_level": [2], "message_type": "ERROR"}
{"action_status": "succeeded", "timestamp": 1699141494.2639136, "task_uuid": "af7779c1-8f95-45a7-ba42-cb14e8779962", "action_type": "ERROR_CANDIDATE", "task_level": [3]}
{"action_status": "started", "timestamp": 1699141495.660441, "task_uuid": "8f76f993-9889-4ba9-889d-43bcf38dd661", "action_type": "ERROR_CANDIDATE", "task_level": [1]}
{"optimizer": "BOCA", "message": "No unique candidate found.", "iteration": 30, "all_candidates": [], "timestamp": 1699141495.6605601, "task_uuid": "8f76f993-9889-4ba9-889d-43bcf38dd661", "task_level": [2], "message_type": "ERROR"}
{"action_status": "succeeded", "timestamp": 1699141495.6606197, "task_uuid": "8f76f993-9889-4ba9-889d-43bcf38dd661", "action_type": "ERROR_CANDIDATE", "task_level": [3]}
{"action_status": "started", "timestamp": 1699141496.982674, "task_uuid": "9b88539c-382b-47ae-a369-4184d0719397", "action_type": "ERROR_CANDIDATE", "task_level": [1]}
{"optimizer": "BOCA", "message": "No unique candidate found.", "iteration": 31, "all_candidates": [], "timestamp": 1699141496.9827864, "task_uuid": "9b88539c-382b-47ae-a369-4184d0719397", "task_level": [2], "message_type": "ERROR"}
{"action_status": "succeeded", "timestamp": 1699141496.982845, "task_uuid": "9b88539c-382b-47ae-a369-4184d0719397", "action_type": "ERROR_CANDIDATE", "task_level": [3]}
{"action_status": "started", "timestamp": 1699141498.3099196, "task_uuid": "ba59c1c5-f08e-4e42-838f-be78bc3c05e0", "action_type": "ERROR_CANDIDATE", "task_level": [1]}
{"optimizer": "BOCA", "message": "No unique candidate found.", "iteration": 32, "all_candidates": [], "timestamp": 1699141498.3100293, "task_uuid": "ba59c1c5-f08e-4e42-838f-be78bc3c05e0", "task_level": [2], "message_type": "ERROR"}
{"action_status": "succeeded", "timestamp": 1699141498.3100984, "task_uuid": "ba59c1c5-f08e-4e42-838f-be78bc3c05e0", "action_type": "ERROR_CANDIDATE", "task_level": [3]}
{"action_status": "started", "timestamp": 1699141498.4798286, "task_uuid": "84a87ce8-130e-4669-abaa-40104b6cfbf1", "action_type": "LOG_RESULTS", "task_level": [1]}
{"optimizer": "BOCA", "no": "0", "best_result": [["-O0", "-fvectorisation-avoidance", "-ffull-laziness", "-fdo-eta-reduction", "-fvectorise", "-fdicts-cheap", "-fworker-wrapper", "-fcpr-anal", "-fcross-module-specialise", "-fspec-constr-count=3", "-fignore-asserts", "-fcmm-sink", "-fcse", "-foptimal-applicative-do", "-fstatic-argument-transformation", "-fignore-interface-pragmas", "-fstrictness", "-funfolding-keeness-factor=1.5", "-fregs-graph", "-fmax-relevant-binds=6", "-fno-opt-coercion", "-fcmm-elim-common-blocks", "-fspec-constr-threshold=2000", "-fpedantic-bottoms", "-fstrictness-before=1", "-fregs-iterative", "-fomit-yields", "-fspec-constr", "-ffloat-in", "-ffun-to-thunk", "-fliberate-case", "-fmax-inline-memcpy-insns=32", "-fmax-inline-memset-insns=32", "-fsimplifier-phases=2", "-fcall-arity", "-fomit-interface-pragmas", "-fdo-lambda-eta-expansion", "-fmax-worker-args=10", "-fno-pre-inlining", "-fexpose-all-unfoldings", "-funfolding-use-threshold=60", "-funbox-strict-fields", "-fsimpl-tick-factor=100", "-feager-blackholing", "-funfolding-fun-discount=60", "-funfolding-dict-discount=30", "-fmax-simplifier-iterations=4", "-fdicts-strict", "-fliberate-case-threshold=2000", "-fcase-merge", "-fexcess-precision", "-fenable-rewrite-rules", "-fno-state-hack", "-funbox-small-strict-fields", "-fmax-inline-alloc-size=128"], 0.44], "run_allowance": 9950, "iterations": 33, "timestamp": 1699141498.4799135, "task_uuid": "84a87ce8-130e-4669-abaa-40104b6cfbf1", "task_level": [2], "message_type": "INFO"}
{"action_status": "succeeded", "timestamp": 1699141498.4800184, "task_uuid": "84a87ce8-130e-4669-abaa-40104b6cfbf1", "action_type": "LOG_RESULTS", "task_level": [3]}
{"test_path": "real/cacheprof", "test_desc": "Final_DataCollect", "action_status": "started", "timestamp": 1699141815.4004035, "task_uuid": "265b01c7-d200-4096-ab95-e20584211575", "action_type": "OPTIMIZER_CREATION", "task_level": [1]}
{"action_status": "started", "timestamp": 1699141815.4007764, "task_uuid": "265b01c7-d200-4096-ab95-e20584211575", "action_type": "LOG_RESULTS", "task_level": [2, 1]}
{"action_status": "succeeded", "timestamp": 1699141815.407721, "task_uuid": "265b01c7-d200-4096-ab95-e20584211575", "action_type": "OPTIMIZER_CREATION", "task_level": [3]}
{"test_path": "real/cacheprof", "test_desc": "Final_DataCollect", "action_status": "started", "timestamp": 1699141819.9947708, "task_uuid": "13e0ac53-f226-4ba7-8238-c38dd1a92cbf", "action_type": "OPTIMIZER_CREATION", "task_level": [1]}
{"action_status": "started", "timestamp": 1699141819.9951966, "task_uuid": "13e0ac53-f226-4ba7-8238-c38dd1a92cbf", "action_type": "LOG_RESULTS", "task_level": [2, 1]}
{"action_status": "succeeded", "timestamp": 1699141820.001917, "task_uuid": "13e0ac53-f226-4ba7-8238-c38dd1a92cbf", "action_type": "OPTIMIZER_CREATION", "task_level": [3]}
{"action_status": "started", "timestamp": 1699141957.2684536, "task_uuid": "e17acacb-bc33-4855-9722-de012003dc1e", "action_type": "ERROR_CANDIDATE", "task_level": [1]}
{"optimizer": "BOCA", "message": "No unique candidate found.", "iteration": 0, "all_candidates": [], "timestamp": 1699141957.2686672, "task_uuid": "e17acacb-bc33-4855-9722-de012003dc1e", "task_level": [2], "message_type": "ERROR"}
{"action_status": "succeeded", "timestamp": 1699141957.2687309, "task_uuid": "e17acacb-bc33-4855-9722-de012003dc1e", "action_type": "ERROR_CANDIDATE", "task_level": [3]}
{"action_status": "started", "timestamp": 1699141958.5260916, "task_uuid": "c19dd946-4d01-4030-aeca-df880cb671ad", "action_type": "ERROR_CANDIDATE", "task_level": [1]}
{"optimizer": "BOCA", "message": "No unique candidate found.", "iteration": 1, "all_candidates": [], "timestamp": 1699141958.5262213, "task_uuid": "c19dd946-4d01-4030-aeca-df880cb671ad", "task_level": [2], "message_type": "ERROR"}
{"action_status": "succeeded", "timestamp": 1699141958.526279, "task_uuid": "c19dd946-4d01-4030-aeca-df880cb671ad", "action_type": "ERROR_CANDIDATE", "task_level": [3]}
{"action_status": "started", "timestamp": 1699141959.76711, "task_uuid": "91ca2359-8e0f-4123-83d3-aa9518cf9b58", "action_type": "ERROR_CANDIDATE", "task_level": [1]}
{"optimizer": "BOCA", "message": "No unique candidate found.", "iteration": 2, "all_candidates": [], "timestamp": 1699141959.7672172, "task_uuid": "91ca2359-8e0f-4123-83d3-aa9518cf9b58", "task_level": [2], "message_type": "ERROR"}
{"action_status": "succeeded", "timestamp": 1699141959.7672756, "task_uuid": "91ca2359-8e0f-4123-83d3-aa9518cf9b58", "action_type": "ERROR_CANDIDATE", "task_level": [3]}
{"action_status": "started", "timestamp": 1699141961.0662873, "task_uuid": "9401d70d-1274-458c-8c36-14d3b18bbed9", "action_type": "ERROR_CANDIDATE", "task_level": [1]}
{"optimizer": "BOCA", "message": "No unique candidate found.", "iteration": 3, "all_candidates": [], "timestamp": 1699141961.0664072, "task_uuid": "9401d70d-1274-458c-8c36-14d3b18bbed9", "task_level": [2], "message_type": "ERROR"}
{"action_status": "succeeded", "timestamp": 1699141961.0664651, "task_uuid": "9401d70d-1274-458c-8c36-14d3b18bbed9", "action_type": "ERROR_CANDIDATE", "task_level": [3]}
{"action_status": "started", "timestamp": 1699141962.3812451, "task_uuid": "b3e60779-32a3-4c0f-949b-5a12d264d98c", "action_type": "ERROR_CANDIDATE", "task_level": [1]}
{"optimizer": "BOCA", "message": "No unique candidate found.", "iteration": 4, "all_candidates": [], "timestamp": 1699141962.381354, "task_uuid": "b3e60779-32a3-4c0f-949b-5a12d264d98c", "task_level": [2], "message_type": "ERROR"}
{"action_status": "succeeded", "timestamp": 1699141962.3814106, "task_uuid": "b3e60779-32a3-4c0f-949b-5a12d264d98c", "action_type": "ERROR_CANDIDATE", "task_level": [3]}
{"action_status": "started", "timestamp": 1699141963.6718242, "task_uuid": "90d69759-5ac4-409d-b0ea-ba43c5d82f4c", "action_type": "ERROR_CANDIDATE", "task_level": [1]}
{"optimizer": "BOCA", "message": "No unique candidate found.", "iteration": 5, "all_candidates": [], "timestamp": 1699141963.6719396, "task_uuid": "90d69759-5ac4-409d-b0ea-ba43c5d82f4c", "task_level": [2], "message_type": "ERROR"}
{"action_status": "succeeded", "timestamp": 1699141963.6720142, "task_uuid": "90d69759-5ac4-409d-b0ea-ba43c5d82f4c", "action_type": "ERROR_CANDIDATE", "task_level": [3]}
{"action_status": "started", "timestamp": 1699141964.9623613, "task_uuid": "3733672a-b12e-4a21-b82a-3b7d962db1f2", "action_type": "ERROR_CANDIDATE", "task_level": [1]}
{"optimizer": "BOCA", "message": "No unique candidate found.", "iteration": 6, "all_candidates": [], "timestamp": 1699141964.9624667, "task_uuid": "3733672a-b12e-4a21-b82a-3b7d962db1f2", "task_level": [2], "message_type": "ERROR"}
{"action_status": "succeeded", "timestamp": 1699141964.9625301, "task_uuid": "3733672a-b12e-4a21-b82a-3b7d962db1f2", "action_type": "ERROR_CANDIDATE", "task_level": [3]}
{"action_status": "started", "timestamp": 1699141966.2402701, "task_uuid": "82b6b03e-af91-4db1-b2f9-ea439017b287", "action_type": "ERROR_CANDIDATE", "task_level": [1]}
{"optimizer": "BOCA", "message": "No unique candidate found.", "iteration": 7, "all_candidates": [], "timestamp": 1699141966.240381, "task_uuid": "82b6b03e-af91-4db1-b2f9-ea439017b287", "task_level": [2], "message_type": "ERROR"}
{"action_status": "succeeded", "timestamp": 1699141966.2404377, "task_uuid": "82b6b03e-af91-4db1-b2f9-ea439017b287", "action_type": "ERROR_CANDIDATE", "task_level": [3]}
{"action_status": "started", "timestamp": 1699141967.5326397, "task_uuid": "a9f837e3-662f-4af8-af85-6807e3ce51a3", "action_type": "ERROR_CANDIDATE", "task_level": [1]}
{"optimizer": "BOCA", "message": "No unique candidate found.", "iteration": 8, "all_candidates": [], "timestamp": 1699141967.5327477, "task_uuid": "a9f837e3-662f-4af8-af85-6807e3ce51a3", "task_level": [2], "message_type": "ERROR"}
{"action_status": "succeeded", "timestamp": 1699141967.5328038, "task_uuid": "a9f837e3-662f-4af8-af85-6807e3ce51a3", "action_type": "ERROR_CANDIDATE", "task_level": [3]}
{"action_status": "started", "timestamp": 1699141968.8250058, "task_uuid": "bd076df4-975e-45cf-b732-32687e0defca", "action_type": "ERROR_CANDIDATE", "task_level": [1]}
{"optimizer": "BOCA", "message": "No unique candidate found.", "iteration": 9, "all_candidates": [], "timestamp": 1699141968.8251138, "task_uuid": "bd076df4-975e-45cf-b732-32687e0defca", "task_level": [2], "message_type": "ERROR"}
{"action_status": "succeeded", "timestamp": 1699141968.8251708, "task_uuid": "bd076df4-975e-45cf-b732-32687e0defca", "action_type": "ERROR_CANDIDATE", "task_level": [3]}
{"action_status": "started", "timestamp": 1699141970.0957904, "task_uuid": "9f6968a0-69be-4f32-9909-7a7037abd601", "action_type": "ERROR_CANDIDATE", "task_level": [1]}
{"optimizer": "BOCA", "message": "No unique candidate found.", "iteration": 10, "all_candidates": [], "timestamp": 1699141970.0958998, "task_uuid": "9f6968a0-69be-4f32-9909-7a7037abd601", "task_level": [2], "message_type": "ERROR"}
{"action_status": "succeeded", "timestamp": 1699141970.0959568, "task_uuid": "9f6968a0-69be-4f32-9909-7a7037abd601", "action_type": "ERROR_CANDIDATE", "task_level": [3]}
{"action_status": "started", "timestamp": 1699141971.3604763, "task_uuid": "a0a4fa7a-a6a0-4ec5-9f9e-b314642f959d", "action_type": "ERROR_CANDIDATE", "task_level": [1]}
{"optimizer": "BOCA", "message": "No unique candidate found.", "iteration": 11, "all_candidates": [], "timestamp": 1699141971.3605886, "task_uuid": "a0a4fa7a-a6a0-4ec5-9f9e-b314642f959d", "task_level": [2], "message_type": "ERROR"}
{"action_status": "succeeded", "timestamp": 1699141971.3606455, "task_uuid": "a0a4fa7a-a6a0-4ec5-9f9e-b314642f959d", "action_type": "ERROR_CANDIDATE", "task_level": [3]}
{"action_status": "started", "timestamp": 1699141972.6317143, "task_uuid": "2f3d6445-0e76-4559-882b-11b10b254c30", "action_type": "ERROR_CANDIDATE", "task_level": [1]}
{"optimizer": "BOCA", "message": "No unique candidate found.", "iteration": 12, "all_candidates": [], "timestamp": 1699141972.6318235, "task_uuid": "2f3d6445-0e76-4559-882b-11b10b254c30", "task_level": [2], "message_type": "ERROR"}
{"action_status": "succeeded", "timestamp": 1699141972.631882, "task_uuid": "2f3d6445-0e76-4559-882b-11b10b254c30", "action_type": "ERROR_CANDIDATE", "task_level": [3]}
{"action_status": "started", "timestamp": 1699141973.868924, "task_uuid": "31176b73-96aa-462f-9f4f-7c4a26f000b0", "action_type": "ERROR_CANDIDATE", "task_level": [1]}
{"optimizer": "BOCA", "message": "No unique candidate found.", "iteration": 13, "all_candidates": [], "timestamp": 1699141973.8690417, "task_uuid": "31176b73-96aa-462f-9f4f-7c4a26f000b0", "task_level": [2], "message_type": "ERROR"}
{"action_status": "succeeded", "timestamp": 1699141973.8690996, "task_uuid": "31176b73-96aa-462f-9f4f-7c4a26f000b0", "action_type": "ERROR_CANDIDATE", "task_level": [3]}
{"action_status": "started", "timestamp": 1699141975.145808, "task_uuid": "112d3308-0c07-4249-b775-419ccc056f87", "action_type": "ERROR_CANDIDATE", "task_level": [1]}
{"optimizer": "BOCA", "message": "No unique candidate found.", "iteration": 14, "all_candidates": [], "timestamp": 1699141975.1459122, "task_uuid": "112d3308-0c07-4249-b775-419ccc056f87", "task_level": [2], "message_type": "ERROR"}
{"action_status": "succeeded", "timestamp": 1699141975.1459682, "task_uuid": "112d3308-0c07-4249-b775-419ccc056f87", "action_type": "ERROR_CANDIDATE", "task_level": [3]}
{"action_status": "started", "timestamp": 1699141976.4070938, "task_uuid": "f66de981-1c0b-4cbf-a5a8-d446973dade9", "action_type": "ERROR_CANDIDATE", "task_level": [1]}
{"optimizer": "BOCA", "message": "No unique candidate found.", "iteration": 15, "all_candidates": [], "timestamp": 1699141976.4072075, "task_uuid": "f66de981-1c0b-4cbf-a5a8-d446973dade9", "task_level": [2], "message_type": "ERROR"}
{"action_status": "succeeded", "timestamp": 1699141976.4072642, "task_uuid": "f66de981-1c0b-4cbf-a5a8-d446973dade9", "action_type": "ERROR_CANDIDATE", "task_level": [3]}
{"action_status": "started", "timestamp": 1699141977.6845326, "task_uuid": "807b5483-107c-4fcc-9851-8440a9500667", "action_type": "ERROR_CANDIDATE", "task_level": [1]}
{"optimizer": "BOCA", "message": "No unique candidate found.", "iteration": 16, "all_candidates": [], "timestamp": 1699141977.6846447, "task_uuid": "807b5483-107c-4fcc-9851-8440a9500667", "task_level": [2], "message_type": "ERROR"}
{"action_status": "succeeded", "timestamp": 1699141977.6847017, "task_uuid": "807b5483-107c-4fcc-9851-8440a9500667", "action_type": "ERROR_CANDIDATE", "task_level": [3]}
{"action_status": "started", "timestamp": 1699141978.9431717, "task_uuid": "ccbb4655-5337-4a18-8f02-c2732dcd5eb8", "action_type": "ERROR_CANDIDATE", "task_level": [1]}
{"optimizer": "BOCA", "message": "No unique candidate found.", "iteration": 17, "all_candidates": [], "timestamp": 1699141978.9432702, "task_uuid": "ccbb4655-5337-4a18-8f02-c2732dcd5eb8", "task_level": [2], "message_type": "ERROR"}
{"action_status": "succeeded", "timestamp": 1699141978.943327, "task_uuid": "ccbb4655-5337-4a18-8f02-c2732dcd5eb8", "action_type": "ERROR_CANDIDATE", "task_level": [3]}
{"action_status": "started", "timestamp": 1699141980.2468312, "task_uuid": "eb29f6ce-475b-49a8-89e9-a184125aa7f6", "action_type": "ERROR_CANDIDATE", "task_level": [1]}
{"optimizer": "BOCA", "message": "No unique candidate found.", "iteration": 18, "all_candidates": [], "timestamp": 1699141980.2469678, "task_uuid": "eb29f6ce-475b-49a8-89e9-a184125aa7f6", "task_level": [2], "message_type": "ERROR"}
{"action_status": "succeeded", "timestamp": 1699141980.2470262, "task_uuid": "eb29f6ce-475b-49a8-89e9-a184125aa7f6", "action_type": "ERROR_CANDIDATE", "task_level": [3]}
{"action_status": "started", "timestamp": 1699141981.5487437, "task_uuid": "325fb80e-e246-4286-af30-680344c5304d", "action_type": "ERROR_CANDIDATE", "task_level": [1]}
{"optimizer": "BOCA", "message": "No unique candidate found.", "iteration": 19, "all_candidates": [], "timestamp": 1699141981.5488658, "task_uuid": "325fb80e-e246-4286-af30-680344c5304d", "task_level": [2], "message_type": "ERROR"}
{"action_status": "succeeded", "timestamp": 1699141981.5489218, "task_uuid": "325fb80e-e246-4286-af30-680344c5304d", "action_type": "ERROR_CANDIDATE", "task_level": [3]}
{"action_status": "started", "timestamp": 1699141982.7947986, "task_uuid": "429a853e-bc60-413d-a473-4c09088b8a36", "action_type": "ERROR_CANDIDATE", "task_level": [1]}
{"optimizer": "BOCA", "message": "No unique candidate found.", "iteration": 20, "all_candidates": [], "timestamp": 1699141982.7949076, "task_uuid": "429a853e-bc60-413d-a473-4c09088b8a36", "task_level": [2], "message_type": "ERROR"}
{"action_status": "succeeded", "timestamp": 1699141982.7949646, "task_uuid": "429a853e-bc60-413d-a473-4c09088b8a36", "action_type": "ERROR_CANDIDATE", "task_level": [3]}
{"action_status": "started", "timestamp": 1699141984.057563, "task_uuid": "02bdbde5-8332-49e8-91b1-8740bd2bb73f", "action_type": "ERROR_CANDIDATE", "task_level": [1]}
{"optimizer": "BOCA", "message": "No unique candidate found.", "iteration": 21, "all_candidates": [], "timestamp": 1699141984.0576825, "task_uuid": "02bdbde5-8332-49e8-91b1-8740bd2bb73f", "task_level": [2], "message_type": "ERROR"}
{"action_status": "succeeded", "timestamp": 1699141984.0577404, "task_uuid": "02bdbde5-8332-49e8-91b1-8740bd2bb73f", "action_type": "ERROR_CANDIDATE", "task_level": [3]}
{"action_status": "started", "timestamp": 1699141985.335308, "task_uuid": "e65c9249-e440-452a-ae7f-ada7fc275f78", "action_type": "ERROR_CANDIDATE", "task_level": [1]}
{"optimizer": "BOCA", "message": "No unique candidate found.", "iteration": 22, "all_candidates": [], "timestamp": 1699141985.335412, "task_uuid": "e65c9249-e440-452a-ae7f-ada7fc275f78", "task_level": [2], "message_type": "ERROR"}
{"action_status": "succeeded", "timestamp": 1699141985.3354673, "task_uuid": "e65c9249-e440-452a-ae7f-ada7fc275f78", "action_type": "ERROR_CANDIDATE", "task_level": [3]}
{"action_status": "started", "timestamp": 1699141986.6257842, "task_uuid": "84895599-d713-4bbf-b3ed-191e62b61ade", "action_type": "ERROR_CANDIDATE", "task_level": [1]}
{"optimizer": "BOCA", "message": "No unique candidate found.", "iteration": 23, "all_candidates": [], "timestamp": 1699141986.6258943, "task_uuid": "84895599-d713-4bbf-b3ed-191e62b61ade", "task_level": [2], "message_type": "ERROR"}
{"action_status": "succeeded", "timestamp": 1699141986.6259513, "task_uuid": "84895599-d713-4bbf-b3ed-191e62b61ade", "action_type": "ERROR_CANDIDATE", "task_level": [3]}
{"action_status": "started", "timestamp": 1699141987.8712833, "task_uuid": "5a5a79fc-825c-4936-a5c8-5d6662e910ee", "action_type": "ERROR_CANDIDATE", "task_level": [1]}
{"optimizer": "BOCA", "message": "No unique candidate found.", "iteration": 24, "all_candidates": [], "timestamp": 1699141987.8713949, "task_uuid": "5a5a79fc-825c-4936-a5c8-5d6662e910ee", "task_level": [2], "message_type": "ERROR"}
{"action_status": "succeeded", "timestamp": 1699141987.8714519, "task_uuid": "5a5a79fc-825c-4936-a5c8-5d6662e910ee", "action_type": "ERROR_CANDIDATE", "task_level": [3]}
{"action_status": "started", "timestamp": 1699141989.1180565, "task_uuid": "d7fd1c76-2bf1-4b10-913d-d00ad8fd5e07", "action_type": "ERROR_CANDIDATE", "task_level": [1]}
{"optimizer": "BOCA", "message": "No unique candidate found.", "iteration": 25, "all_candidates": [], "timestamp": 1699141989.1181889, "task_uuid": "d7fd1c76-2bf1-4b10-913d-d00ad8fd5e07", "task_level": [2], "message_type": "ERROR"}
{"action_status": "succeeded", "timestamp": 1699141989.1182637, "task_uuid": "d7fd1c76-2bf1-4b10-913d-d00ad8fd5e07", "action_type": "ERROR_CANDIDATE", "task_level": [3]}
{"action_status": "started", "timestamp": 1699141990.409813, "task_uuid": "d585710b-c790-4334-83c8-9802aed99581", "action_type": "ERROR_CANDIDATE", "task_level": [1]}
{"optimizer": "BOCA", "message": "No unique candidate found.", "iteration": 26, "all_candidates": [], "timestamp": 1699141990.4099207, "task_uuid": "d585710b-c790-4334-83c8-9802aed99581", "task_level": [2], "message_type": "ERROR"}
{"action_status": "succeeded", "timestamp": 1699141990.4099774, "task_uuid": "d585710b-c790-4334-83c8-9802aed99581", "action_type": "ERROR_CANDIDATE", "task_level": [3]}
{"action_status": "started", "timestamp": 1699141991.689293, "task_uuid": "cb4fa776-d9e0-4068-a9c3-9c5dbc70cb29", "action_type": "ERROR_CANDIDATE", "task_level": [1]}
{"optimizer": "BOCA", "message": "No unique candidate found.", "iteration": 27, "all_candidates": [], "timestamp": 1699141991.6894085, "task_uuid": "cb4fa776-d9e0-4068-a9c3-9c5dbc70cb29", "task_level": [2], "message_type": "ERROR"}
{"action_status": "succeeded", "timestamp": 1699141991.689466, "task_uuid": "cb4fa776-d9e0-4068-a9c3-9c5dbc70cb29", "action_type": "ERROR_CANDIDATE", "task_level": [3]}
{"action_status": "started", "timestamp": 1699141992.9665818, "task_uuid": "553a1010-fab6-4f9f-8600-c11ed321a96c", "action_type": "ERROR_CANDIDATE", "task_level": [1]}
{"optimizer": "BOCA", "message": "No unique candidate found.", "iteration": 28, "all_candidates": [], "timestamp": 1699141992.966686, "task_uuid": "553a1010-fab6-4f9f-8600-c11ed321a96c", "task_level": [2], "message_type": "ERROR"}
{"action_status": "succeeded", "timestamp": 1699141992.9667425, "task_uuid": "553a1010-fab6-4f9f-8600-c11ed321a96c", "action_type": "ERROR_CANDIDATE", "task_level": [3]}
{"action_status": "started", "timestamp": 1699141994.2729163, "task_uuid": "8d275799-2160-480d-9a37-f333b9219403", "action_type": "ERROR_CANDIDATE", "task_level": [1]}
{"optimizer": "BOCA", "message": "No unique candidate found.", "iteration": 29, "all_candidates": [], "timestamp": 1699141994.2730331, "task_uuid": "8d275799-2160-480d-9a37-f333b9219403", "task_level": [2], "message_type": "ERROR"}
{"action_status": "succeeded", "timestamp": 1699141994.27309, "task_uuid": "8d275799-2160-480d-9a37-f333b9219403", "action_type": "ERROR_CANDIDATE", "task_level": [3]}
{"action_status": "started", "timestamp": 1699141995.6215932, "task_uuid": "449f23a0-d7f5-4c56-b24f-0d92c5a6ed6a", "action_type": "ERROR_CANDIDATE", "task_level": [1]}
{"optimizer": "BOCA", "message": "No unique candidate found.", "iteration": 30, "all_candidates": [], "timestamp": 1699141995.6217024, "task_uuid": "449f23a0-d7f5-4c56-b24f-0d92c5a6ed6a", "task_level": [2], "message_type": "ERROR"}
{"action_status": "succeeded", "timestamp": 1699141995.62176, "task_uuid": "449f23a0-d7f5-4c56-b24f-0d92c5a6ed6a", "action_type": "ERROR_CANDIDATE", "task_level": [3]}
{"action_status": "started", "timestamp": 1699141996.9076028, "task_uuid": "c1e66f05-7578-4ade-bfd8-bc1761370b47", "action_type": "ERROR_CANDIDATE", "task_level": [1]}
{"optimizer": "BOCA", "message": "No unique candidate found.", "iteration": 31, "all_candidates": [], "timestamp": 1699141996.9077063, "task_uuid": "c1e66f05-7578-4ade-bfd8-bc1761370b47", "task_level": [2], "message_type": "ERROR"}
{"action_status": "succeeded", "timestamp": 1699141996.907765, "task_uuid": "c1e66f05-7578-4ade-bfd8-bc1761370b47", "action_type": "ERROR_CANDIDATE", "task_level": [3]}
{"action_status": "started", "timestamp": 1699141998.2062953, "task_uuid": "e27eb094-451a-4f30-bc67-cc9b2e52c1b0", "action_type": "ERROR_CANDIDATE", "task_level": [1]}
{"optimizer": "BOCA", "message": "No unique candidate found.", "iteration": 32, "all_candidates": [], "timestamp": 1699141998.2064104, "task_uuid": "e27eb094-451a-4f30-bc67-cc9b2e52c1b0", "task_level": [2], "message_type": "ERROR"}
{"action_status": "succeeded", "timestamp": 1699141998.206486, "task_uuid": "e27eb094-451a-4f30-bc67-cc9b2e52c1b0", "action_type": "ERROR_CANDIDATE", "task_level": [3]}
{"action_status": "started", "timestamp": 1699141998.3768146, "task_uuid": "578c7375-68db-4095-8c2a-0aa6ee5ba00e", "action_type": "LOG_RESULTS", "task_level": [1]}
{"optimizer": "BOCA", "no": "0", "best_result": [["-O0", "-fcall-arity", "-fmax-simplifier-iterations=4", "-fmax-inline-alloc-size=128", "-fspec-constr-threshold=2000", "-fspec-constr", "-fcmm-elim-common-blocks", "-funfolding-dict-discount=30", "-funbox-strict-fields", "-fcross-module-specialise", "-fno-state-hack", "-fsimplifier-phases=2", "-fdo-lambda-eta-expansion", "-fno-pre-inlining", "-fvectorisation-avoidance", "-fdicts-cheap", "-fomit-yields", "-fregs-graph", "-fenable-rewrite-rules", "-fstatic-argument-transformation", "-fregs-iterative", "-fdmd-tx-dict-sel", "-fliberate-case-threshold=2000", "-fstrictness", "-funbox-small-strict-fields", "-fexcess-precision", "-ffun-to-thunk", "-funfolding-creation-threshold=750", "-fcase-merge", "-fcse", "-foptimal-applicative-do", "-fcmm-sink", "-fmax-inline-memset-insns=32", "-fignore-interface-pragmas", "-fignore-asserts"], 0.441], "run_allowance": 9950, "iterations": 33, "timestamp": 1699141998.3768933, "task_uuid": "578c7375-68db-4095-8c2a-0aa6ee5ba00e", "task_level": [2], "message_type": "INFO"}
{"action_status": "succeeded", "timestamp": 1699141998.376979, "task_uuid": "578c7375-68db-4095-8c2a-0aa6ee5ba00e", "action_type": "LOG_RESULTS", "task_level": [3]}
{"test_path": "real/cacheprof", "test_desc": "Final_DataCollect", "action_status": "started", "timestamp": 1699142641.788659, "task_uuid": "dc467d22-dc10-4fd8-9161-4838c3af4699", "action_type": "OPTIMIZER_CREATION", "task_level": [1]}
{"action_status": "started", "timestamp": 1699142641.7890477, "task_uuid": "dc467d22-dc10-4fd8-9161-4838c3af4699", "action_type": "LOG_RESULTS", "task_level": [2, 1]}
{"action_status": "succeeded", "timestamp": 1699142641.7957332, "task_uuid": "dc467d22-dc10-4fd8-9161-4838c3af4699", "action_type": "OPTIMIZER_CREATION", "task_level": [3]}
{"test_path": "real/cacheprof", "test_desc": "Final_DataCollect", "action_status": "started", "timestamp": 1699143202.8699534, "task_uuid": "bedfd0e1-39d5-4d24-a3be-2b8ee9580ab2", "action_type": "OPTIMIZER_CREATION", "task_level": [1]}
{"action_status": "started", "timestamp": 1699143202.8703618, "task_uuid": "bedfd0e1-39d5-4d24-a3be-2b8ee9580ab2", "action_type": "LOG_RESULTS", "task_level": [2, 1]}
{"action_status": "succeeded", "timestamp": 1699143202.876844, "task_uuid": "bedfd0e1-39d5-4d24-a3be-2b8ee9580ab2", "action_type": "OPTIMIZER_CREATION", "task_level": [3]}
{"action_status": "started", "timestamp": 1699144761.6361132, "task_uuid": "f3ded7b6-baf1-4fd8-9580-72be0fc1b485", "action_type": "LOG_RESULTS", "task_level": [1]}
{"optimizer": "BOCA", "no": "0", "best_result": [["-O0", "-fsimplifier-phases=2", "-fcmm-sink", "-fpedantic-bottoms", "-fregs-graph", "-ffloat-in", "-fignore-asserts", "-funbox-strict-fields", "-ffull-laziness", "-fstrictness-before=1", "-fliberate-case-threshold=2000", "-funfolding-fun-discount=60", "-foptimal-applicative-do", "-fdo-eta-reduction", "-fmax-inline-alloc-size=128", "-fmax-inline-memset-insns=32", "-fstrictness", "-fdmd-tx-dict-sel", "-fdicts-strict", "-fvectorisation-avoidance", "-fno-state-hack", "-fdicts-cheap", "-fcall-arity", "-fworker-wrapper", "-flate-dmd-anal", "-fexcess-precision", "-fenable-rewrite-rules", "-fspecialise", "-fmax-relevant-binds=6", "-funfolding-use-threshold=60", "-fsimpl-tick-factor=100", "-fno-pre-inlining", "-fmax-inline-memcpy-insns=32", "-fdo-lambda-eta-expansion", "-feager-blackholing", "-fcse", "-fregs-iterative", "-fliberate-case", "-fstatic-argument-transformation", "-funfolding-keeness-factor=1.5", "-funfolding-dict-discount=30", "-fvectorise", "-ffun-to-thunk", "-O0", "-fignore-interface-pragmas", "-fspec-constr", "-fcross-module-specialise", "-fmax-worker-args=10", "-funfolding-creation-threshold=750", "-floopification", "-fcpr-anal"], 0.431], "run_allowance": 9698, "iterations": 252, "timestamp": 1699144761.6363118, "task_uuid": "f3ded7b6-baf1-4fd8-9580-72be0fc1b485", "task_level": [2], "message_type": "INFO"}
{"action_status": "succeeded", "timestamp": 1699144761.6364377, "task_uuid": "f3ded7b6-baf1-4fd8-9580-72be0fc1b485", "action_type": "LOG_RESULTS", "task_level": [3]}
{"test_path": "real/cacheprof", "test_desc": "Final_DataCollect", "action_status": "started", "timestamp": 1699149431.1991029, "task_uuid": "f5822905-50ee-40fc-a644-21d3de47f3a6", "action_type": "OPTIMIZER_CREATION", "task_level": [1]}
{"action_status": "started", "timestamp": 1699149431.1994588, "task_uuid": "f5822905-50ee-40fc-a644-21d3de47f3a6", "action_type": "LOG_RESULTS", "task_level": [2, 1]}
{"action_status": "succeeded", "timestamp": 1699149431.237229, "task_uuid": "f5822905-50ee-40fc-a644-21d3de47f3a6", "action_type": "OPTIMIZER_CREATION", "task_level": [3]}
{"action_status": "started", "timestamp": 1699155881.4339583, "task_uuid": "15e71ff1-b2a0-4041-89b1-e5afe0b535db", "action_type": "LOG_RESULTS", "task_level": [1]}
{"optimizer": "GA", "no": "0", "best_result": [["-fcall-arity", "-fcase-merge", "-fcmm-elim-common-blocks", "-fcmm-sink", "-fcpr-anal", "-fcse", "-fdicts-cheap", "-fdicts-strict", "-fdmd-tx-dict-sel", "-fdo-eta-reduction", "-fdo-lambda-eta-expansion", "-feager-blackholing", "-fenable-rewrite-rules", "-fexcess-precision", "-fexpose-all-unfoldings", "-ffloat-in", "-ffull-laziness", "-ffun-to-thunk", "-fignore-asserts", "-fignore-interface-pragmas", "-flate-dmd-anal", "-fliberate-case", "-fliberate-case-threshold=2000", "-floopification", "-fmax-inline-alloc-size=128", "-fmax-inline-memcpy-insns=32", "-fmax-inline-memset-insns=32", "-fmax-relevant-binds=6", "-fmax-simplifier-iterations=4", "-fmax-worker-args=10", "-fno-opt-coercion", "-fno-pre-inlining", "-fno-state-hack", "-fomit-interface-pragmas", "-fomit-yields", "-foptimal-applicative-do", "-fpedantic-bottoms", "-fregs-graph", "-fregs-iterative", "-fsimplifier-phases=2", "-fsimpl-tick-factor=100", "-fspec-constr", "-fspec-constr-count=3", "-fspec-constr-threshold=2000", "-fspecialise", "-fcross-module-specialise", "-fstatic-argument-transformation", "-fstrictness", "-fstrictness-before=1", "-funbox-small-strict-fields", "-funbox-strict-fields", "-funfolding-creation-threshold=750", "-funfolding-dict-discount=30", "-funfolding-fun-discount=60", "-funfolding-keeness-factor=1.5", "-funfolding-use-threshold=60", "-fvectorisation-avoidance", "-fvectorise", "-fworker-wrapper"], 0.448], "run_allowance": 7513, "iterations": 46, "timestamp": 1699155881.4342134, "task_uuid": "15e71ff1-b2a0-4041-89b1-e5afe0b535db", "task_level": [2], "message_type": "INFO"}
{"action_status": "succeeded", "timestamp": 1699155881.4343088, "task_uuid": "15e71ff1-b2a0-4041-89b1-e5afe0b535db", "action_type": "LOG_RESULTS", "task_level": [3]}
