{"test_path": "real/cacheprof", "test_desc": "PO-PAPER-RIO-RESULTS", "action_status": "started", "timestamp": 1707670744.283057, "task_uuid": "ac36b67f-451e-41ac-ab82-22ab771dad8d", "action_type": "OPTIMIZER_CREATION", "task_level": [1]}
{"action_status": "started", "timestamp": 1707670744.283548, "task_uuid": "ac36b67f-451e-41ac-ab82-22ab771dad8d", "action_type": "LOG_RESULTS", "task_level": [2, 1]}
{"action_status": "succeeded", "timestamp": 1707670744.288747, "task_uuid": "ac36b67f-451e-41ac-ab82-22ab771dad8d", "action_type": "OPTIMIZER_CREATION", "task_level": [3]}
{"action_status": "started", "timestamp": 1707671290.5025125, "task_uuid": "d2f7c0f1-0525-4207-a495-3fcd4fb302c3", "action_type": "LOG_RESULTS", "task_level": [1]}
{"optimizer": "RIO", "no": "0", "best_result": ["0|1|2|3|4|5|6|7|8|9|10|11|12|13|19|18|20|16|21|14|22|17|15", 0.114], "run_allowance": 2250, "iterations": 250, "timestamp": 1707671290.502795, "task_uuid": "d2f7c0f1-0525-4207-a495-3fcd4fb302c3", "task_level": [2], "message_type": "INFO"}
{"action_status": "succeeded", "timestamp": 1707671290.5028703, "task_uuid": "d2f7c0f1-0525-4207-a495-3fcd4fb302c3", "action_type": "LOG_RESULTS", "task_level": [3]}
{"test_path": "real/cacheprof", "test_desc": "PO-PAPER-RIO-RESULTS", "action_status": "started", "timestamp": 1707680609.1591809, "task_uuid": "dc5704df-ead5-4921-bb2f-6b9921fba8db", "action_type": "OPTIMIZER_CREATION", "task_level": [1]}
{"action_status": "started", "timestamp": 1707680609.159683, "task_uuid": "dc5704df-ead5-4921-bb2f-6b9921fba8db", "action_type": "LOG_RESULTS", "task_level": [2, 1]}
{"action_status": "succeeded", "timestamp": 1707680609.1652455, "task_uuid": "dc5704df-ead5-4921-bb2f-6b9921fba8db", "action_type": "OPTIMIZER_CREATION", "task_level": [3]}
{"test_path": "real/cacheprof", "test_desc": "PO-PAPER-RIO-RESULTS", "action_status": "started", "timestamp": 1707680609.165424, "task_uuid": "7e278161-5782-41fd-993f-3dd358d26f1e", "action_type": "OPTIMIZER_CREATION", "task_level": [1]}
{"action_status": "started", "timestamp": 1707680609.1656451, "task_uuid": "7e278161-5782-41fd-993f-3dd358d26f1e", "action_type": "LOG_RESULTS", "task_level": [2, 1]}
{"action_status": "started", "timestamp": 1707680609.1656451, "task_uuid": "7e278161-5782-41fd-993f-3dd358d26f1e", "action_type": "LOG_RESULTS", "task_level": [2, 1]}
{"action_status": "succeeded", "timestamp": 1707680609.1713727, "task_uuid": "7e278161-5782-41fd-993f-3dd358d26f1e", "action_type": "OPTIMIZER_CREATION", "task_level": [3]}
{"action_status": "succeeded", "timestamp": 1707680609.1713727, "task_uuid": "7e278161-5782-41fd-993f-3dd358d26f1e", "action_type": "OPTIMIZER_CREATION", "task_level": [3]}
{"test_path": "real/cacheprof", "test_desc": "PO-PAPER-RIO-RESULTS", "action_status": "started", "timestamp": 1707680609.1715891, "task_uuid": "70f9e871-ed3f-4305-b123-8a871aead019", "action_type": "OPTIMIZER_CREATION", "task_level": [1]}
{"test_path": "real/cacheprof", "test_desc": "PO-PAPER-RIO-RESULTS", "action_status": "started", "timestamp": 1707680609.1715891, "task_uuid": "70f9e871-ed3f-4305-b123-8a871aead019", "action_type": "OPTIMIZER_CREATION", "task_level": [1]}
{"action_status": "started", "timestamp": 1707680609.1718295, "task_uuid": "70f9e871-ed3f-4305-b123-8a871aead019", "action_type": "LOG_RESULTS", "task_level": [2, 1]}
{"action_status": "started", "timestamp": 1707680609.1718295, "task_uuid": "70f9e871-ed3f-4305-b123-8a871aead019", "action_type": "LOG_RESULTS", "task_level": [2, 1]}
{"action_status": "started", "timestamp": 1707680609.1718295, "task_uuid": "70f9e871-ed3f-4305-b123-8a871aead019", "action_type": "LOG_RESULTS", "task_level": [2, 1]}
{"action_status": "succeeded", "timestamp": 1707680609.1775103, "task_uuid": "70f9e871-ed3f-4305-b123-8a871aead019", "action_type": "OPTIMIZER_CREATION", "task_level": [3]}
{"action_status": "succeeded", "timestamp": 1707680609.1775103, "task_uuid": "70f9e871-ed3f-4305-b123-8a871aead019", "action_type": "OPTIMIZER_CREATION", "task_level": [3]}
{"action_status": "succeeded", "timestamp": 1707680609.1775103, "task_uuid": "70f9e871-ed3f-4305-b123-8a871aead019", "action_type": "OPTIMIZER_CREATION", "task_level": [3]}
{"test_path": "real/cacheprof", "test_desc": "PO-PAPER-RIO-RESULTS", "action_status": "started", "timestamp": 1707680609.1777909, "task_uuid": "1fd4e87a-96ab-4c12-8cc9-0df889672d9c", "action_type": "OPTIMIZER_CREATION", "task_level": [1]}
{"test_path": "real/cacheprof", "test_desc": "PO-PAPER-RIO-RESULTS", "action_status": "started", "timestamp": 1707680609.1777909, "task_uuid": "1fd4e87a-96ab-4c12-8cc9-0df889672d9c", "action_type": "OPTIMIZER_CREATION", "task_level": [1]}
{"test_path": "real/cacheprof", "test_desc": "PO-PAPER-RIO-RESULTS", "action_status": "started", "timestamp": 1707680609.1777909, "task_uuid": "1fd4e87a-96ab-4c12-8cc9-0df889672d9c", "action_type": "OPTIMIZER_CREATION", "task_level": [1]}
{"action_status": "started", "timestamp": 1707680609.1780927, "task_uuid": "1fd4e87a-96ab-4c12-8cc9-0df889672d9c", "action_type": "LOG_RESULTS", "task_level": [2, 1]}
{"action_status": "started", "timestamp": 1707680609.1780927, "task_uuid": "1fd4e87a-96ab-4c12-8cc9-0df889672d9c", "action_type": "LOG_RESULTS", "task_level": [2, 1]}
{"action_status": "started", "timestamp": 1707680609.1780927, "task_uuid": "1fd4e87a-96ab-4c12-8cc9-0df889672d9c", "action_type": "LOG_RESULTS", "task_level": [2, 1]}
{"action_status": "started", "timestamp": 1707680609.1780927, "task_uuid": "1fd4e87a-96ab-4c12-8cc9-0df889672d9c", "action_type": "LOG_RESULTS", "task_level": [2, 1]}
{"action_status": "succeeded", "timestamp": 1707680609.1837878, "task_uuid": "1fd4e87a-96ab-4c12-8cc9-0df889672d9c", "action_type": "OPTIMIZER_CREATION", "task_level": [3]}
{"action_status": "succeeded", "timestamp": 1707680609.1837878, "task_uuid": "1fd4e87a-96ab-4c12-8cc9-0df889672d9c", "action_type": "OPTIMIZER_CREATION", "task_level": [3]}
{"action_status": "succeeded", "timestamp": 1707680609.1837878, "task_uuid": "1fd4e87a-96ab-4c12-8cc9-0df889672d9c", "action_type": "OPTIMIZER_CREATION", "task_level": [3]}
{"action_status": "succeeded", "timestamp": 1707680609.1837878, "task_uuid": "1fd4e87a-96ab-4c12-8cc9-0df889672d9c", "action_type": "OPTIMIZER_CREATION", "task_level": [3]}
{"action_status": "started", "timestamp": 1707681156.2382336, "task_uuid": "d006ed57-2be0-45ec-95be-d0909f556d79", "action_type": "LOG_RESULTS", "task_level": [1]}
{"action_status": "started", "timestamp": 1707681156.2382336, "task_uuid": "d006ed57-2be0-45ec-95be-d0909f556d79", "action_type": "LOG_RESULTS", "task_level": [1]}
{"action_status": "started", "timestamp": 1707681156.2382336, "task_uuid": "d006ed57-2be0-45ec-95be-d0909f556d79", "action_type": "LOG_RESULTS", "task_level": [1]}
{"action_status": "started", "timestamp": 1707681156.2382336, "task_uuid": "d006ed57-2be0-45ec-95be-d0909f556d79", "action_type": "LOG_RESULTS", "task_level": [1]}
{"optimizer": "RIO", "no": "0", "best_result": ["0|1|2|3|4|5|6|7|8|9|10|11|12|13|20|21|18|16|19|15|14|22|17", 0.115], "run_allowance": 750, "iterations": 250, "timestamp": 1707681156.2386475, "task_uuid": "d006ed57-2be0-45ec-95be-d0909f556d79", "task_level": [2], "message_type": "INFO"}
{"optimizer": "RIO", "no": "0", "best_result": ["0|1|2|3|4|5|6|7|8|9|10|11|12|13|20|21|18|16|19|15|14|22|17", 0.115], "run_allowance": 750, "iterations": 250, "timestamp": 1707681156.2386475, "task_uuid": "d006ed57-2be0-45ec-95be-d0909f556d79", "task_level": [2], "message_type": "INFO"}
{"optimizer": "RIO", "no": "0", "best_result": ["0|1|2|3|4|5|6|7|8|9|10|11|12|13|20|21|18|16|19|15|14|22|17", 0.115], "run_allowance": 750, "iterations": 250, "timestamp": 1707681156.2386475, "task_uuid": "d006ed57-2be0-45ec-95be-d0909f556d79", "task_level": [2], "message_type": "INFO"}
{"optimizer": "RIO", "no": "0", "best_result": ["0|1|2|3|4|5|6|7|8|9|10|11|12|13|20|21|18|16|19|15|14|22|17", 0.115], "run_allowance": 750, "iterations": 250, "timestamp": 1707681156.2386475, "task_uuid": "d006ed57-2be0-45ec-95be-d0909f556d79", "task_level": [2], "message_type": "INFO"}
{"action_status": "succeeded", "timestamp": 1707681156.2388098, "task_uuid": "d006ed57-2be0-45ec-95be-d0909f556d79", "action_type": "LOG_RESULTS", "task_level": [3]}
{"action_status": "succeeded", "timestamp": 1707681156.2388098, "task_uuid": "d006ed57-2be0-45ec-95be-d0909f556d79", "action_type": "LOG_RESULTS", "task_level": [3]}
{"action_status": "succeeded", "timestamp": 1707681156.2388098, "task_uuid": "d006ed57-2be0-45ec-95be-d0909f556d79", "action_type": "LOG_RESULTS", "task_level": [3]}
{"action_status": "succeeded", "timestamp": 1707681156.2388098, "task_uuid": "d006ed57-2be0-45ec-95be-d0909f556d79", "action_type": "LOG_RESULTS", "task_level": [3]}
{"action_status": "started", "timestamp": 1707681582.4539773, "task_uuid": "b94d29e0-9b1f-4aae-8e8d-9b75c55ee1c9", "action_type": "LOG_RESULTS", "task_level": [1]}
{"action_status": "started", "timestamp": 1707681582.4539773, "task_uuid": "b94d29e0-9b1f-4aae-8e8d-9b75c55ee1c9", "action_type": "LOG_RESULTS", "task_level": [1]}
{"action_status": "started", "timestamp": 1707681582.4539773, "task_uuid": "b94d29e0-9b1f-4aae-8e8d-9b75c55ee1c9", "action_type": "LOG_RESULTS", "task_level": [1]}
{"action_status": "started", "timestamp": 1707681582.4539773, "task_uuid": "b94d29e0-9b1f-4aae-8e8d-9b75c55ee1c9", "action_type": "LOG_RESULTS", "task_level": [1]}
{"optimizer": "RIO", "no": "1", "best_result": ["0|1|2|3|4|5|6|7|8|9|10|11|12|13|16|21|22|18|19|15|17|20|14", 0.116], "run_allowance": 750, "iterations": 250, "timestamp": 1707681582.454461, "task_uuid": "b94d29e0-9b1f-4aae-8e8d-9b75c55ee1c9", "task_level": [2], "message_type": "INFO"}
{"optimizer": "RIO", "no": "1", "best_result": ["0|1|2|3|4|5|6|7|8|9|10|11|12|13|16|21|22|18|19|15|17|20|14", 0.116], "run_allowance": 750, "iterations": 250, "timestamp": 1707681582.454461, "task_uuid": "b94d29e0-9b1f-4aae-8e8d-9b75c55ee1c9", "task_level": [2], "message_type": "INFO"}
{"optimizer": "RIO", "no": "1", "best_result": ["0|1|2|3|4|5|6|7|8|9|10|11|12|13|16|21|22|18|19|15|17|20|14", 0.116], "run_allowance": 750, "iterations": 250, "timestamp": 1707681582.454461, "task_uuid": "b94d29e0-9b1f-4aae-8e8d-9b75c55ee1c9", "task_level": [2], "message_type": "INFO"}
{"optimizer": "RIO", "no": "1", "best_result": ["0|1|2|3|4|5|6|7|8|9|10|11|12|13|16|21|22|18|19|15|17|20|14", 0.116], "run_allowance": 750, "iterations": 250, "timestamp": 1707681582.454461, "task_uuid": "b94d29e0-9b1f-4aae-8e8d-9b75c55ee1c9", "task_level": [2], "message_type": "INFO"}
{"action_status": "succeeded", "timestamp": 1707681582.4546962, "task_uuid": "b94d29e0-9b1f-4aae-8e8d-9b75c55ee1c9", "action_type": "LOG_RESULTS", "task_level": [3]}
{"action_status": "succeeded", "timestamp": 1707681582.4546962, "task_uuid": "b94d29e0-9b1f-4aae-8e8d-9b75c55ee1c9", "action_type": "LOG_RESULTS", "task_level": [3]}
{"action_status": "succeeded", "timestamp": 1707681582.4546962, "task_uuid": "b94d29e0-9b1f-4aae-8e8d-9b75c55ee1c9", "action_type": "LOG_RESULTS", "task_level": [3]}
{"action_status": "succeeded", "timestamp": 1707681582.4546962, "task_uuid": "b94d29e0-9b1f-4aae-8e8d-9b75c55ee1c9", "action_type": "LOG_RESULTS", "task_level": [3]}
{"action_status": "started", "timestamp": 1707682011.06462, "task_uuid": "42193a8a-dc57-4102-bf77-fc97cf5aeb39", "action_type": "LOG_RESULTS", "task_level": [1]}
{"action_status": "started", "timestamp": 1707682011.06462, "task_uuid": "42193a8a-dc57-4102-bf77-fc97cf5aeb39", "action_type": "LOG_RESULTS", "task_level": [1]}
{"action_status": "started", "timestamp": 1707682011.06462, "task_uuid": "42193a8a-dc57-4102-bf77-fc97cf5aeb39", "action_type": "LOG_RESULTS", "task_level": [1]}
{"action_status": "started", "timestamp": 1707682011.06462, "task_uuid": "42193a8a-dc57-4102-bf77-fc97cf5aeb39", "action_type": "LOG_RESULTS", "task_level": [1]}
{"optimizer": "RIO", "no": "2", "best_result": ["0|1|2|3|4|5|6|7|8|9|10|11|12|13|15|22|18|17|14|16|19|20|21", 0.117], "run_allowance": 750, "iterations": 250, "timestamp": 1707682011.065084, "task_uuid": "42193a8a-dc57-4102-bf77-fc97cf5aeb39", "task_level": [2], "message_type": "INFO"}
{"optimizer": "RIO", "no": "2", "best_result": ["0|1|2|3|4|5|6|7|8|9|10|11|12|13|15|22|18|17|14|16|19|20|21", 0.117], "run_allowance": 750, "iterations": 250, "timestamp": 1707682011.065084, "task_uuid": "42193a8a-dc57-4102-bf77-fc97cf5aeb39", "task_level": [2], "message_type": "INFO"}
{"optimizer": "RIO", "no": "2", "best_result": ["0|1|2|3|4|5|6|7|8|9|10|11|12|13|15|22|18|17|14|16|19|20|21", 0.117], "run_allowance": 750, "iterations": 250, "timestamp": 1707682011.065084, "task_uuid": "42193a8a-dc57-4102-bf77-fc97cf5aeb39", "task_level": [2], "message_type": "INFO"}
{"optimizer": "RIO", "no": "2", "best_result": ["0|1|2|3|4|5|6|7|8|9|10|11|12|13|15|22|18|17|14|16|19|20|21", 0.117], "run_allowance": 750, "iterations": 250, "timestamp": 1707682011.065084, "task_uuid": "42193a8a-dc57-4102-bf77-fc97cf5aeb39", "task_level": [2], "message_type": "INFO"}
{"action_status": "succeeded", "timestamp": 1707682011.0652738, "task_uuid": "42193a8a-dc57-4102-bf77-fc97cf5aeb39", "action_type": "LOG_RESULTS", "task_level": [3]}
{"action_status": "succeeded", "timestamp": 1707682011.0652738, "task_uuid": "42193a8a-dc57-4102-bf77-fc97cf5aeb39", "action_type": "LOG_RESULTS", "task_level": [3]}
{"action_status": "succeeded", "timestamp": 1707682011.0652738, "task_uuid": "42193a8a-dc57-4102-bf77-fc97cf5aeb39", "action_type": "LOG_RESULTS", "task_level": [3]}
{"action_status": "succeeded", "timestamp": 1707682011.0652738, "task_uuid": "42193a8a-dc57-4102-bf77-fc97cf5aeb39", "action_type": "LOG_RESULTS", "task_level": [3]}
{"action_status": "started", "timestamp": 1707682436.4294875, "task_uuid": "28065836-43b8-4159-918a-3bc4eb91fb5c", "action_type": "LOG_RESULTS", "task_level": [1]}
{"action_status": "started", "timestamp": 1707682436.4294875, "task_uuid": "28065836-43b8-4159-918a-3bc4eb91fb5c", "action_type": "LOG_RESULTS", "task_level": [1]}
{"action_status": "started", "timestamp": 1707682436.4294875, "task_uuid": "28065836-43b8-4159-918a-3bc4eb91fb5c", "action_type": "LOG_RESULTS", "task_level": [1]}
{"action_status": "started", "timestamp": 1707682436.4294875, "task_uuid": "28065836-43b8-4159-918a-3bc4eb91fb5c", "action_type": "LOG_RESULTS", "task_level": [1]}
{"optimizer": "RIO", "no": "3", "best_result": ["0|1|2|3|4|5|6|7|8|9|10|11|12|13|15|22|19|14|16|18|17|20|21", 0.117], "run_allowance": 750, "iterations": 250, "timestamp": 1707682436.4299755, "task_uuid": "28065836-43b8-4159-918a-3bc4eb91fb5c", "task_level": [2], "message_type": "INFO"}
{"optimizer": "RIO", "no": "3", "best_result": ["0|1|2|3|4|5|6|7|8|9|10|11|12|13|15|22|19|14|16|18|17|20|21", 0.117], "run_allowance": 750, "iterations": 250, "timestamp": 1707682436.4299755, "task_uuid": "28065836-43b8-4159-918a-3bc4eb91fb5c", "task_level": [2], "message_type": "INFO"}
{"optimizer": "RIO", "no": "3", "best_result": ["0|1|2|3|4|5|6|7|8|9|10|11|12|13|15|22|19|14|16|18|17|20|21", 0.117], "run_allowance": 750, "iterations": 250, "timestamp": 1707682436.4299755, "task_uuid": "28065836-43b8-4159-918a-3bc4eb91fb5c", "task_level": [2], "message_type": "INFO"}
{"optimizer": "RIO", "no": "3", "best_result": ["0|1|2|3|4|5|6|7|8|9|10|11|12|13|15|22|19|14|16|18|17|20|21", 0.117], "run_allowance": 750, "iterations": 250, "timestamp": 1707682436.4299755, "task_uuid": "28065836-43b8-4159-918a-3bc4eb91fb5c", "task_level": [2], "message_type": "INFO"}
{"action_status": "succeeded", "timestamp": 1707682436.4301662, "task_uuid": "28065836-43b8-4159-918a-3bc4eb91fb5c", "action_type": "LOG_RESULTS", "task_level": [3]}
{"action_status": "succeeded", "timestamp": 1707682436.4301662, "task_uuid": "28065836-43b8-4159-918a-3bc4eb91fb5c", "action_type": "LOG_RESULTS", "task_level": [3]}
{"action_status": "succeeded", "timestamp": 1707682436.4301662, "task_uuid": "28065836-43b8-4159-918a-3bc4eb91fb5c", "action_type": "LOG_RESULTS", "task_level": [3]}
{"action_status": "succeeded", "timestamp": 1707682436.4301662, "task_uuid": "28065836-43b8-4159-918a-3bc4eb91fb5c", "action_type": "LOG_RESULTS", "task_level": [3]}
