{"test_path": "real/cacheprof", "test_desc": "Boca_rerun", "action_status": "started", "timestamp": 1698715748.5619748, "task_uuid": "724a6ae4-4937-4f97-824f-1fa01874e8a0", "action_type": "OPTIMIZER_CREATION", "task_level": [1]}
{"action_status": "started", "timestamp": 1698715748.562413, "task_uuid": "724a6ae4-4937-4f97-824f-1fa01874e8a0", "action_type": "LOG_RESULTS", "task_level": [2, 1]}
{"action_status": "succeeded", "timestamp": 1698715748.5640683, "task_uuid": "724a6ae4-4937-4f97-824f-1fa01874e8a0", "action_type": "OPTIMIZER_CREATION", "task_level": [3]}
{"test_path": "real/cacheprof", "test_desc": "Boca_rerun", "action_status": "started", "timestamp": 1698719462.6472774, "task_uuid": "9e9fdbbd-b19e-4b19-a3c8-061574742e71", "action_type": "OPTIMIZER_CREATION", "task_level": [1]}
{"action_status": "started", "timestamp": 1698719462.6476347, "task_uuid": "9e9fdbbd-b19e-4b19-a3c8-061574742e71", "action_type": "LOG_RESULTS", "task_level": [2, 1]}
{"action_status": "succeeded", "timestamp": 1698719462.6491878, "task_uuid": "9e9fdbbd-b19e-4b19-a3c8-061574742e71", "action_type": "OPTIMIZER_CREATION", "task_level": [3]}
{"action_status": "started", "timestamp": 1698719800.3625178, "task_uuid": "e62e79e8-92cb-48c7-8c48-c84211c1628a", "action_type": "ERROR_CANDIDATE", "task_level": [1]}
{"optimizer": "BOCA", "message": "No unique candidate found.", "iteration": 79, "all_candidates": [], "timestamp": 1698719800.3626652, "task_uuid": "e62e79e8-92cb-48c7-8c48-c84211c1628a", "task_level": [2], "message_type": "ERROR"}
{"action_status": "succeeded", "timestamp": 1698719800.3627248, "task_uuid": "e62e79e8-92cb-48c7-8c48-c84211c1628a", "action_type": "ERROR_CANDIDATE", "task_level": [3]}
{"action_status": "started", "timestamp": 1698719802.0745504, "task_uuid": "f1abe9d8-04a6-4fc2-b5af-c1ebb7414c79", "action_type": "ERROR_CANDIDATE", "task_level": [1]}
{"optimizer": "BOCA", "message": "No unique candidate found.", "iteration": 80, "all_candidates": [], "timestamp": 1698719802.074662, "task_uuid": "f1abe9d8-04a6-4fc2-b5af-c1ebb7414c79", "task_level": [2], "message_type": "ERROR"}
{"action_status": "succeeded", "timestamp": 1698719802.074719, "task_uuid": "f1abe9d8-04a6-4fc2-b5af-c1ebb7414c79", "action_type": "ERROR_CANDIDATE", "task_level": [3]}
{"action_status": "started", "timestamp": 1698719803.7944798, "task_uuid": "211e0353-45cf-4c58-aa4c-da9891f0f27b", "action_type": "ERROR_CANDIDATE", "task_level": [1]}
{"optimizer": "BOCA", "message": "No unique candidate found.", "iteration": 81, "all_candidates": [], "timestamp": 1698719803.7945933, "task_uuid": "211e0353-45cf-4c58-aa4c-da9891f0f27b", "task_level": [2], "message_type": "ERROR"}
{"action_status": "succeeded", "timestamp": 1698719803.7946506, "task_uuid": "211e0353-45cf-4c58-aa4c-da9891f0f27b", "action_type": "ERROR_CANDIDATE", "task_level": [3]}
{"action_status": "started", "timestamp": 1698719805.5029783, "task_uuid": "43266022-7faf-46f2-87ce-50b8abd5a9e3", "action_type": "ERROR_CANDIDATE", "task_level": [1]}
{"optimizer": "BOCA", "message": "No unique candidate found.", "iteration": 82, "all_candidates": [], "timestamp": 1698719805.5030973, "task_uuid": "43266022-7faf-46f2-87ce-50b8abd5a9e3", "task_level": [2], "message_type": "ERROR"}
{"action_status": "succeeded", "timestamp": 1698719805.5031626, "task_uuid": "43266022-7faf-46f2-87ce-50b8abd5a9e3", "action_type": "ERROR_CANDIDATE", "task_level": [3]}
{"action_status": "started", "timestamp": 1698719807.21527, "task_uuid": "44409a01-859e-4429-8687-748ec976386a", "action_type": "ERROR_CANDIDATE", "task_level": [1]}
{"optimizer": "BOCA", "message": "No unique candidate found.", "iteration": 83, "all_candidates": [], "timestamp": 1698719807.215384, "task_uuid": "44409a01-859e-4429-8687-748ec976386a", "task_level": [2], "message_type": "ERROR"}
{"action_status": "succeeded", "timestamp": 1698719807.215439, "task_uuid": "44409a01-859e-4429-8687-748ec976386a", "action_type": "ERROR_CANDIDATE", "task_level": [3]}
{"action_status": "started", "timestamp": 1698719808.929909, "task_uuid": "92edeee9-03cf-4d98-bbfb-6b74387b21b3", "action_type": "ERROR_CANDIDATE", "task_level": [1]}
{"optimizer": "BOCA", "message": "No unique candidate found.", "iteration": 84, "all_candidates": [], "timestamp": 1698719808.9300518, "task_uuid": "92edeee9-03cf-4d98-bbfb-6b74387b21b3", "task_level": [2], "message_type": "ERROR"}
{"action_status": "succeeded", "timestamp": 1698719808.9301097, "task_uuid": "92edeee9-03cf-4d98-bbfb-6b74387b21b3", "action_type": "ERROR_CANDIDATE", "task_level": [3]}
{"action_status": "started", "timestamp": 1698719810.6451805, "task_uuid": "41f5d4e1-be5f-4902-9981-fc64dfd68045", "action_type": "ERROR_CANDIDATE", "task_level": [1]}
{"optimizer": "BOCA", "message": "No unique candidate found.", "iteration": 85, "all_candidates": [], "timestamp": 1698719810.6452982, "task_uuid": "41f5d4e1-be5f-4902-9981-fc64dfd68045", "task_level": [2], "message_type": "ERROR"}
{"action_status": "succeeded", "timestamp": 1698719810.6453545, "task_uuid": "41f5d4e1-be5f-4902-9981-fc64dfd68045", "action_type": "ERROR_CANDIDATE", "task_level": [3]}
{"action_status": "started", "timestamp": 1698719812.352838, "task_uuid": "8c3f038e-fce8-4cf3-824f-f365fc074f5e", "action_type": "ERROR_CANDIDATE", "task_level": [1]}
{"optimizer": "BOCA", "message": "No unique candidate found.", "iteration": 86, "all_candidates": [], "timestamp": 1698719812.35295, "task_uuid": "8c3f038e-fce8-4cf3-824f-f365fc074f5e", "task_level": [2], "message_type": "ERROR"}
{"action_status": "succeeded", "timestamp": 1698719812.3530068, "task_uuid": "8c3f038e-fce8-4cf3-824f-f365fc074f5e", "action_type": "ERROR_CANDIDATE", "task_level": [3]}
{"action_status": "started", "timestamp": 1698719814.062334, "task_uuid": "7a4c344d-cf8c-4645-8543-c24928e3bc6b", "action_type": "ERROR_CANDIDATE", "task_level": [1]}
{"optimizer": "BOCA", "message": "No unique candidate found.", "iteration": 87, "all_candidates": [], "timestamp": 1698719814.06245, "task_uuid": "7a4c344d-cf8c-4645-8543-c24928e3bc6b", "task_level": [2], "message_type": "ERROR"}
{"action_status": "succeeded", "timestamp": 1698719814.062509, "task_uuid": "7a4c344d-cf8c-4645-8543-c24928e3bc6b", "action_type": "ERROR_CANDIDATE", "task_level": [3]}
{"action_status": "started", "timestamp": 1698719815.777352, "task_uuid": "3fccbbb3-7db5-42c1-a106-9d0897101fd2", "action_type": "ERROR_CANDIDATE", "task_level": [1]}
{"optimizer": "BOCA", "message": "No unique candidate found.", "iteration": 88, "all_candidates": [], "timestamp": 1698719815.7774746, "task_uuid": "3fccbbb3-7db5-42c1-a106-9d0897101fd2", "task_level": [2], "message_type": "ERROR"}
{"action_status": "succeeded", "timestamp": 1698719815.7775319, "task_uuid": "3fccbbb3-7db5-42c1-a106-9d0897101fd2", "action_type": "ERROR_CANDIDATE", "task_level": [3]}
{"action_status": "started", "timestamp": 1698719816.001551, "task_uuid": "ab1b7c68-39e6-43a5-8b59-42f9f172bc51", "action_type": "LOG_RESULTS", "task_level": [1]}
{"optimizer": "BOCA", "no": "0", "best_result": [["-O0", "-fdmd-tx-dict-sel", "-fvectorise", "-fignore-interface-pragmas", "-O0", "-fdo-eta-reduction", "-fliberate-case-threshold=2000", "-fenable-rewrite-rules", "-fliberate-case", "-fstrictness", "-ffun-to-thunk", "-fvectorisation-avoidance", "-fworker-wrapper", "-funbox-strict-fields", "-fmax-simplifier-iterations=4", "-fcall-arity", "-fdicts-strict", "-fspec-constr", "-ffloat-in", "-fregs-iterative", "-fsimplifier-phases=2", "-fcse", "-fmax-inline-memcpy-insns=32", "-fexcess-precision", "-fexpose-all-unfoldings", "-fcpr-anal", "-fmax-worker-args=10", "-fsimpl-tick-factor=100", "-flate-dmd-anal", "-fomit-yields", "-funfolding-creation-threshold=750", "-foptimal-applicative-do", "-fignore-asserts", "-floopification", "-fcase-merge", "-fomit-interface-pragmas", "-fspecialise", "-fno-pre-inlining", "-fmax-inline-alloc-size=128", "-funfolding-fun-discount=60", "-ffull-laziness", "-fno-state-hack", "-feager-blackholing", "-funfolding-keeness-factor=1.5", "-funbox-small-strict-fields", "-fpedantic-bottoms"], 0.439], "run_allowance": 411, "iterations": 0, "timestamp": 1698719816.0016499, "task_uuid": "ab1b7c68-39e6-43a5-8b59-42f9f172bc51", "task_level": [2], "message_type": "INFO"}
{"action_status": "succeeded", "timestamp": 1698719816.0017543, "task_uuid": "ab1b7c68-39e6-43a5-8b59-42f9f172bc51", "action_type": "LOG_RESULTS", "task_level": [3]}
