{"test_path": "real/cacheprof", "test_desc": "Norm_DataCollect", "action_status": "started", "timestamp": 1698967089.4135113, "task_uuid": "51631dbf-6764-4645-8c14-d1adeb54c26e", "action_type": "OPTIMIZER_CREATION", "task_level": [1]}
{"action_status": "started", "timestamp": 1698967089.413906, "task_uuid": "51631dbf-6764-4645-8c14-d1adeb54c26e", "action_type": "LOG_RESULTS", "task_level": [2, 1]}
{"action_status": "succeeded", "timestamp": 1698967089.4175453, "task_uuid": "51631dbf-6764-4645-8c14-d1adeb54c26e", "action_type": "OPTIMIZER_CREATION", "task_level": [3]}
{"action_status": "started", "timestamp": 1698971975.6837075, "task_uuid": "d70083bf-6f34-4375-8f70-d4875cbee979", "action_type": "ERROR_CANDIDATE", "task_level": [1]}
{"optimizer": "BOCA", "message": "No unique candidate found.", "iteration": 194, "all_candidates": [], "timestamp": 1698971975.6838953, "task_uuid": "d70083bf-6f34-4375-8f70-d4875cbee979", "task_level": [2], "message_type": "ERROR"}
{"action_status": "succeeded", "timestamp": 1698971975.6839595, "task_uuid": "d70083bf-6f34-4375-8f70-d4875cbee979", "action_type": "ERROR_CANDIDATE", "task_level": [3]}
{"action_status": "started", "timestamp": 1698971979.4562593, "task_uuid": "5af28168-f228-433d-9a5a-d31055b756fb", "action_type": "ERROR_CANDIDATE", "task_level": [1]}
{"optimizer": "BOCA", "message": "No unique candidate found.", "iteration": 195, "all_candidates": [], "timestamp": 1698971979.456375, "task_uuid": "5af28168-f228-433d-9a5a-d31055b756fb", "task_level": [2], "message_type": "ERROR"}
{"action_status": "succeeded", "timestamp": 1698971979.4564297, "task_uuid": "5af28168-f228-433d-9a5a-d31055b756fb", "action_type": "ERROR_CANDIDATE", "task_level": [3]}
{"action_status": "started", "timestamp": 1698971982.41987, "task_uuid": "83bb1f66-3cad-4993-9d72-f1126dbd23ed", "action_type": "ERROR_CANDIDATE", "task_level": [1]}
{"optimizer": "BOCA", "message": "No unique candidate found.", "iteration": 196, "all_candidates": [], "timestamp": 1698971982.4199834, "task_uuid": "83bb1f66-3cad-4993-9d72-f1126dbd23ed", "task_level": [2], "message_type": "ERROR"}
{"action_status": "succeeded", "timestamp": 1698971982.420052, "task_uuid": "83bb1f66-3cad-4993-9d72-f1126dbd23ed", "action_type": "ERROR_CANDIDATE", "task_level": [3]}
{"action_status": "started", "timestamp": 1698971986.32795, "task_uuid": "43b23c03-41b3-4fd3-88d2-613962b32dd7", "action_type": "ERROR_CANDIDATE", "task_level": [1]}
{"optimizer": "BOCA", "message": "No unique candidate found.", "iteration": 197, "all_candidates": [], "timestamp": 1698971986.3280828, "task_uuid": "43b23c03-41b3-4fd3-88d2-613962b32dd7", "task_level": [2], "message_type": "ERROR"}
{"action_status": "succeeded", "timestamp": 1698971986.3281403, "task_uuid": "43b23c03-41b3-4fd3-88d2-613962b32dd7", "action_type": "ERROR_CANDIDATE", "task_level": [3]}
{"action_status": "started", "timestamp": 1698971990.220462, "task_uuid": "4badf59b-b09b-439a-9c3c-767cf7a73378", "action_type": "ERROR_CANDIDATE", "task_level": [1]}
{"optimizer": "BOCA", "message": "No unique candidate found.", "iteration": 198, "all_candidates": [], "timestamp": 1698971990.220578, "task_uuid": "4badf59b-b09b-439a-9c3c-767cf7a73378", "task_level": [2], "message_type": "ERROR"}
{"action_status": "succeeded", "timestamp": 1698971990.2206342, "task_uuid": "4badf59b-b09b-439a-9c3c-767cf7a73378", "action_type": "ERROR_CANDIDATE", "task_level": [3]}
{"action_status": "started", "timestamp": 1698971994.1224625, "task_uuid": "e011c5cb-d885-4a77-bcf9-845cec8405df", "action_type": "ERROR_CANDIDATE", "task_level": [1]}
{"optimizer": "BOCA", "message": "No unique candidate found.", "iteration": 199, "all_candidates": [], "timestamp": 1698971994.1225774, "task_uuid": "e011c5cb-d885-4a77-bcf9-845cec8405df", "task_level": [2], "message_type": "ERROR"}
{"action_status": "succeeded", "timestamp": 1698971994.1226406, "task_uuid": "e011c5cb-d885-4a77-bcf9-845cec8405df", "action_type": "ERROR_CANDIDATE", "task_level": [3]}
{"action_status": "started", "timestamp": 1698971994.6118119, "task_uuid": "649baec5-c5b3-414e-9126-40e68dcb996c", "action_type": "LOG_RESULTS", "task_level": [1]}
{"optimizer": "BOCA", "no": "0", "best_result": [["-O0", "-fdicts-strict", "-fregs-graph", "-funbox-strict-fields", "-fspec-constr-threshold=2000", "-fvectorise", "-funfolding-keeness-factor=1.5", "-fvectorisation-avoidance", "-floopification", "-fdo-eta-reduction", "-fomit-yields", "-fcase-merge", "-fcpr-anal", "-fmax-simplifier-iterations=4", "-fno-state-hack", "-fstrictness-before=1", "-funfolding-fun-discount=60", "-fmax-inline-alloc-size=128", "-fliberate-case", "-fcall-arity", "-fliberate-case-threshold=2000", "-funfolding-use-threshold=60", "-funfolding-creation-threshold=750", "-fmax-relevant-binds=6", "-ffun-to-thunk", "-fsimpl-tick-factor=100", "-fworker-wrapper", "-fno-opt-coercion", "-funbox-small-strict-fields", "-funfolding-dict-discount=30", "-fomit-interface-pragmas", "-fdmd-tx-dict-sel", "-fcse", "-fspec-constr", "-fenable-rewrite-rules", "-fcmm-sink", "-fexcess-precision", "-fstatic-argument-transformation", "-fignore-interface-pragmas"], 3.89], "run_allowance": 4781, "iterations": 0, "timestamp": 1698971994.611958, "task_uuid": "649baec5-c5b3-414e-9126-40e68dcb996c", "task_level": [2], "message_type": "INFO"}
{"action_status": "succeeded", "timestamp": 1698971994.6120825, "task_uuid": "649baec5-c5b3-414e-9126-40e68dcb996c", "action_type": "LOG_RESULTS", "task_level": [3]}
