{"test_path": "real/cacheprof", "test_desc": "TryNewProgram", "action_status": "started", "timestamp": 1698865271.9159927, "task_uuid": "00b19887-ce13-48e2-b3ff-52e21a05ffa6", "action_type": "OPTIMIZER_CREATION", "task_level": [1]}
{"action_status": "started", "timestamp": 1698865271.9164119, "task_uuid": "00b19887-ce13-48e2-b3ff-52e21a05ffa6", "action_type": "LOG_RESULTS", "task_level": [2, 1]}
{"action_status": "succeeded", "timestamp": 1698865271.9174855, "task_uuid": "00b19887-ce13-48e2-b3ff-52e21a05ffa6", "action_type": "OPTIMIZER_CREATION", "task_level": [3]}
{"action_status": "started", "timestamp": 1698865971.670165, "task_uuid": "26f2325b-658b-4f72-a7b4-c4dc97b103a1", "action_type": "ERROR_CANDIDATE", "task_level": [1]}
{"optimizer": "BOCA", "message": "No unique candidate found.", "iteration": 160, "all_candidates": [], "timestamp": 1698865971.6703377, "task_uuid": "26f2325b-658b-4f72-a7b4-c4dc97b103a1", "task_level": [2], "message_type": "ERROR"}
{"action_status": "succeeded", "timestamp": 1698865971.6703963, "task_uuid": "26f2325b-658b-4f72-a7b4-c4dc97b103a1", "action_type": "ERROR_CANDIDATE", "task_level": [3]}
{"action_status": "started", "timestamp": 1698865974.3580093, "task_uuid": "6cb2872e-256f-462e-b2cc-68f09cf312d7", "action_type": "ERROR_CANDIDATE", "task_level": [1]}
{"optimizer": "BOCA", "message": "No unique candidate found.", "iteration": 161, "all_candidates": [], "timestamp": 1698865974.3581514, "task_uuid": "6cb2872e-256f-462e-b2cc-68f09cf312d7", "task_level": [2], "message_type": "ERROR"}
{"action_status": "succeeded", "timestamp": 1698865974.358214, "task_uuid": "6cb2872e-256f-462e-b2cc-68f09cf312d7", "action_type": "ERROR_CANDIDATE", "task_level": [3]}
{"action_status": "started", "timestamp": 1698865977.1079378, "task_uuid": "dae1ae8b-e21b-4f0c-9061-39353569a3f5", "action_type": "ERROR_CANDIDATE", "task_level": [1]}
{"optimizer": "BOCA", "message": "No unique candidate found.", "iteration": 162, "all_candidates": [], "timestamp": 1698865977.1080647, "task_uuid": "dae1ae8b-e21b-4f0c-9061-39353569a3f5", "task_level": [2], "message_type": "ERROR"}
{"action_status": "succeeded", "timestamp": 1698865977.108123, "task_uuid": "dae1ae8b-e21b-4f0c-9061-39353569a3f5", "action_type": "ERROR_CANDIDATE", "task_level": [3]}
{"action_status": "started", "timestamp": 1698865979.8009858, "task_uuid": "cf69ee5e-2c3c-4f2f-a3df-2da0f3dc8baa", "action_type": "ERROR_CANDIDATE", "task_level": [1]}
{"optimizer": "BOCA", "message": "No unique candidate found.", "iteration": 163, "all_candidates": [], "timestamp": 1698865979.8011186, "task_uuid": "cf69ee5e-2c3c-4f2f-a3df-2da0f3dc8baa", "task_level": [2], "message_type": "ERROR"}
{"action_status": "succeeded", "timestamp": 1698865979.8011765, "task_uuid": "cf69ee5e-2c3c-4f2f-a3df-2da0f3dc8baa", "action_type": "ERROR_CANDIDATE", "task_level": [3]}
{"action_status": "started", "timestamp": 1698865982.4655282, "task_uuid": "f198d0af-7fb0-43cd-8aa8-32cac0a15c0e", "action_type": "ERROR_CANDIDATE", "task_level": [1]}
{"optimizer": "BOCA", "message": "No unique candidate found.", "iteration": 164, "all_candidates": [], "timestamp": 1698865982.4656508, "task_uuid": "f198d0af-7fb0-43cd-8aa8-32cac0a15c0e", "task_level": [2], "message_type": "ERROR"}
{"action_status": "succeeded", "timestamp": 1698865982.4657075, "task_uuid": "f198d0af-7fb0-43cd-8aa8-32cac0a15c0e", "action_type": "ERROR_CANDIDATE", "task_level": [3]}
{"action_status": "started", "timestamp": 1698865985.0545247, "task_uuid": "724eefc3-ee4b-4244-b92b-8d21c496ae91", "action_type": "ERROR_CANDIDATE", "task_level": [1]}
{"optimizer": "BOCA", "message": "No unique candidate found.", "iteration": 165, "all_candidates": [], "timestamp": 1698865985.054646, "task_uuid": "724eefc3-ee4b-4244-b92b-8d21c496ae91", "task_level": [2], "message_type": "ERROR"}
{"action_status": "succeeded", "timestamp": 1698865985.0547037, "task_uuid": "724eefc3-ee4b-4244-b92b-8d21c496ae91", "action_type": "ERROR_CANDIDATE", "task_level": [3]}
{"action_status": "started", "timestamp": 1698865987.638314, "task_uuid": "eb1db89f-3e5c-483a-a9da-9447d5729206", "action_type": "ERROR_CANDIDATE", "task_level": [1]}
{"optimizer": "BOCA", "message": "No unique candidate found.", "iteration": 166, "all_candidates": [], "timestamp": 1698865987.6384597, "task_uuid": "eb1db89f-3e5c-483a-a9da-9447d5729206", "task_level": [2], "message_type": "ERROR"}
{"action_status": "succeeded", "timestamp": 1698865987.6385183, "task_uuid": "eb1db89f-3e5c-483a-a9da-9447d5729206", "action_type": "ERROR_CANDIDATE", "task_level": [3]}
{"action_status": "started", "timestamp": 1698865990.3234978, "task_uuid": "29a08e18-6eaa-425b-bc47-8512b5f410d2", "action_type": "ERROR_CANDIDATE", "task_level": [1]}
{"optimizer": "BOCA", "message": "No unique candidate found.", "iteration": 167, "all_candidates": [], "timestamp": 1698865990.3236213, "task_uuid": "29a08e18-6eaa-425b-bc47-8512b5f410d2", "task_level": [2], "message_type": "ERROR"}
{"action_status": "succeeded", "timestamp": 1698865990.323679, "task_uuid": "29a08e18-6eaa-425b-bc47-8512b5f410d2", "action_type": "ERROR_CANDIDATE", "task_level": [3]}
{"action_status": "started", "timestamp": 1698865992.4926136, "task_uuid": "9aa5db64-19e6-440b-9da1-09b85d57df43", "action_type": "ERROR_CANDIDATE", "task_level": [1]}
{"optimizer": "BOCA", "message": "No unique candidate found.", "iteration": 168, "all_candidates": [], "timestamp": 1698865992.4927306, "task_uuid": "9aa5db64-19e6-440b-9da1-09b85d57df43", "task_level": [2], "message_type": "ERROR"}
{"action_status": "succeeded", "timestamp": 1698865992.4927871, "task_uuid": "9aa5db64-19e6-440b-9da1-09b85d57df43", "action_type": "ERROR_CANDIDATE", "task_level": [3]}
{"action_status": "started", "timestamp": 1698865995.1684897, "task_uuid": "c8dbe475-c19c-467c-b369-c9ab4b578ac5", "action_type": "ERROR_CANDIDATE", "task_level": [1]}
{"optimizer": "BOCA", "message": "No unique candidate found.", "iteration": 169, "all_candidates": [], "timestamp": 1698865995.1686137, "task_uuid": "c8dbe475-c19c-467c-b369-c9ab4b578ac5", "task_level": [2], "message_type": "ERROR"}
{"action_status": "succeeded", "timestamp": 1698865995.1686702, "task_uuid": "c8dbe475-c19c-467c-b369-c9ab4b578ac5", "action_type": "ERROR_CANDIDATE", "task_level": [3]}
{"action_status": "started", "timestamp": 1698865995.5526226, "task_uuid": "5b3e4669-454b-4afd-9c84-7a013c59fd4f", "action_type": "LOG_RESULTS", "task_level": [1]}
{"optimizer": "BOCA", "no": "0", "best_result": [["-O0", "-funbox-strict-fields", "-O0", "-fmax-inline-memset-insns=32", "-funfolding-use-threshold=60", "-fmax-inline-alloc-size=128", "-fdo-lambda-eta-expansion", "-fliberate-case-threshold=2000", "-fregs-graph", "-fspec-constr-threshold=2000", "-fignore-asserts", "-fworker-wrapper", "-foptimal-applicative-do", "-fmax-relevant-binds=6", "-fno-opt-coercion", "-ffloat-in", "-fregs-iterative", "-fcase-merge", "-fcross-module-specialise", "-fvectorisation-avoidance", "-fmax-inline-memcpy-insns=32", "-fsimpl-tick-factor=100", "-fstatic-argument-transformation", "-fdmd-tx-dict-sel", "-fcmm-sink", "-fcmm-elim-common-blocks", "-fmax-simplifier-iterations=4", "-fexcess-precision", "-fspec-constr", "-fno-state-hack", "-fignore-interface-pragmas", "-fexpose-all-unfoldings", "-funfolding-keeness-factor=1.5", "-flate-dmd-anal", "-fcpr-anal", "-fdicts-cheap", "-funfolding-fun-discount=60", "-fvectorise", "-fenable-rewrite-rules", "-fdicts-strict", "-fspecialise", "-feager-blackholing", "-ffun-to-thunk", "-fomit-yields", "-ffull-laziness"], 0.434], "run_allowance": 334, "iterations": 0, "timestamp": 1698865995.5527322, "task_uuid": "5b3e4669-454b-4afd-9c84-7a013c59fd4f", "task_level": [2], "message_type": "INFO"}
{"action_status": "succeeded", "timestamp": 1698865995.5528219, "task_uuid": "5b3e4669-454b-4afd-9c84-7a013c59fd4f", "action_type": "LOG_RESULTS", "task_level": [3]}
{"test_path": "real/cacheprof", "test_desc": "TryNewProgram", "action_status": "started", "timestamp": 1698877377.253342, "task_uuid": "83e4c6c0-9c9a-4430-a9d5-1122e0ae9274", "action_type": "OPTIMIZER_CREATION", "task_level": [1]}
{"action_status": "started", "timestamp": 1698877377.2536998, "task_uuid": "83e4c6c0-9c9a-4430-a9d5-1122e0ae9274", "action_type": "LOG_RESULTS", "task_level": [2, 1]}
{"action_status": "succeeded", "timestamp": 1698877377.320876, "task_uuid": "83e4c6c0-9c9a-4430-a9d5-1122e0ae9274", "action_type": "OPTIMIZER_CREATION", "task_level": [3]}
{"action_status": "started", "timestamp": 1698878735.1738641, "task_uuid": "c914a673-5332-42bd-b932-b1aab575c76e", "action_type": "LOG_RESULTS", "task_level": [1]}
{"optimizer": "GA", "no": "0", "best_result": [["-fcall-arity", "-fcase-merge", "-fcmm-elim-common-blocks", "-fcmm-sink", "-fcpr-anal", "-fcse", "-fdicts-cheap", "-fdicts-strict", "-fdmd-tx-dict-sel", "-fdo-eta-reduction", "-fdo-lambda-eta-expansion", "-feager-blackholing", "-fenable-rewrite-rules", "-fexcess-precision", "-fexpose-all-unfoldings", "-ffloat-in", "-ffull-laziness", "-ffun-to-thunk", "-fignore-asserts", "-fignore-interface-pragmas", "-flate-dmd-anal", "-fliberate-case", "-fliberate-case-threshold=2000", "-floopification", "-fmax-inline-alloc-size=128", "-fmax-inline-memcpy-insns=32", "-fmax-inline-memset-insns=32", "-fmax-relevant-binds=6", "-fmax-simplifier-iterations=4", "-fmax-worker-args=10", "-fno-opt-coercion", "-fno-pre-inlining", "-fno-state-hack", "-fomit-interface-pragmas", "-fomit-yields", "-foptimal-applicative-do", "-fpedantic-bottoms", "-fregs-graph", "-fregs-iterative", "-fsimplifier-phases=2", "-fsimpl-tick-factor=100", "-fspec-constr", "-fspec-constr-count=3", "-fspec-constr-threshold=2000", "-fspecialise", "-fcross-module-specialise", "-fstatic-argument-transformation", "-fstrictness", "-fstrictness-before=1", "-funbox-small-strict-fields", "-funbox-strict-fields", "-funfolding-creation-threshold=750", "-funfolding-dict-discount=30", "-funfolding-fun-discount=60", "-funfolding-keeness-factor=1.5", "-funfolding-use-threshold=60", "-fvectorisation-avoidance", "-fvectorise", "-fworker-wrapper"], 0.448], "run_allowance": -24, "iterations": 0, "timestamp": 1698878735.1740816, "task_uuid": "c914a673-5332-42bd-b932-b1aab575c76e", "task_level": [2], "message_type": "INFO"}
{"action_status": "succeeded", "timestamp": 1698878735.174204, "task_uuid": "c914a673-5332-42bd-b932-b1aab575c76e", "action_type": "LOG_RESULTS", "task_level": [3]}
