{"test_path": "real/cacheprof", "test_desc": "PO-PAPER-RESULTS", "action_status": "started", "timestamp": 1707586085.6166408, "task_uuid": "7a90ad07-fea9-47f8-961a-50d96c9886f1", "action_type": "OPTIMIZER_CREATION", "task_level": [1]}
{"action_status": "started", "timestamp": 1707586085.617104, "task_uuid": "7a90ad07-fea9-47f8-961a-50d96c9886f1", "action_type": "LOG_RESULTS", "task_level": [2, 1]}
{"action_status": "succeeded", "timestamp": 1707586085.6203392, "task_uuid": "7a90ad07-fea9-47f8-961a-50d96c9886f1", "action_type": "OPTIMIZER_CREATION", "task_level": [3]}
{"test_path": "real/cacheprof", "test_desc": "PO-PAPER-RESULTS", "action_status": "started", "timestamp": 1707586336.3125365, "task_uuid": "8d44060f-35c5-4d59-9fc0-880fb4eb0e79", "action_type": "OPTIMIZER_CREATION", "task_level": [1]}
{"action_status": "started", "timestamp": 1707586336.3129666, "task_uuid": "8d44060f-35c5-4d59-9fc0-880fb4eb0e79", "action_type": "LOG_RESULTS", "task_level": [2, 1]}
{"action_status": "succeeded", "timestamp": 1707586336.3162732, "task_uuid": "8d44060f-35c5-4d59-9fc0-880fb4eb0e79", "action_type": "OPTIMIZER_CREATION", "task_level": [3]}
{"test_path": "real/cacheprof", "test_desc": "PO-PAPER-RESULTS", "action_status": "started", "timestamp": 1707590604.5038176, "task_uuid": "0eecc2ae-4a40-405a-b832-19b5dbcbe0ab", "action_type": "OPTIMIZER_CREATION", "task_level": [1]}
{"action_status": "started", "timestamp": 1707590604.5042298, "task_uuid": "0eecc2ae-4a40-405a-b832-19b5dbcbe0ab", "action_type": "LOG_RESULTS", "task_level": [2, 1]}
{"action_status": "succeeded", "timestamp": 1707590604.5075886, "task_uuid": "0eecc2ae-4a40-405a-b832-19b5dbcbe0ab", "action_type": "OPTIMIZER_CREATION", "task_level": [3]}
{"test_path": "real/cacheprof", "test_desc": "PO-PAPER-RESULTS", "action_status": "started", "timestamp": 1707594298.5472145, "task_uuid": "86566cad-4090-4dc2-b6c7-92074bb66677", "action_type": "OPTIMIZER_CREATION", "task_level": [1]}
{"action_status": "started", "timestamp": 1707594298.5476613, "task_uuid": "86566cad-4090-4dc2-b6c7-92074bb66677", "action_type": "LOG_RESULTS", "task_level": [2, 1]}
{"action_status": "succeeded", "timestamp": 1707594298.55125, "task_uuid": "86566cad-4090-4dc2-b6c7-92074bb66677", "action_type": "OPTIMIZER_CREATION", "task_level": [3]}
{"test_path": "real/cacheprof", "test_desc": "PO-PAPER-RESULTS", "action_status": "started", "timestamp": 1707601145.018492, "task_uuid": "35ccf3af-7adb-4e39-9848-42fde297ab47", "action_type": "OPTIMIZER_CREATION", "task_level": [1]}
{"action_status": "started", "timestamp": 1707601145.0190742, "task_uuid": "35ccf3af-7adb-4e39-9848-42fde297ab47", "action_type": "LOG_RESULTS", "task_level": [2, 1]}
{"action_status": "succeeded", "timestamp": 1707601145.0227497, "task_uuid": "35ccf3af-7adb-4e39-9848-42fde297ab47", "action_type": "OPTIMIZER_CREATION", "task_level": [3]}
{"test_path": "real/cacheprof", "test_desc": "PO-PAPER-RESULTS", "action_status": "started", "timestamp": 1707609925.2763755, "task_uuid": "a0dddc5d-e02f-4405-92a4-4c414deb9c44", "action_type": "OPTIMIZER_CREATION", "task_level": [1]}
{"action_status": "started", "timestamp": 1707609925.2767894, "task_uuid": "a0dddc5d-e02f-4405-92a4-4c414deb9c44", "action_type": "LOG_RESULTS", "task_level": [2, 1]}
{"action_status": "succeeded", "timestamp": 1707609925.279406, "task_uuid": "a0dddc5d-e02f-4405-92a4-4c414deb9c44", "action_type": "OPTIMIZER_CREATION", "task_level": [3]}
{"action_status": "started", "timestamp": 1707622547.4806986, "task_uuid": "04489ea2-7cac-410f-81d9-5fcaa8fd0374", "action_type": "LOG_RESULTS", "task_level": [1]}
{"optimizer": "BOCA", "no": "0", "best_result": ["0|1|2|3|4|5|6|7|8|9|10|11|12|14|16|22|13|17|20|15|18|21|19", 0.112], "run_allowance": 2179, "iterations": 301, "timestamp": 1707622547.4810135, "task_uuid": "04489ea2-7cac-410f-81d9-5fcaa8fd0374", "task_level": [2], "message_type": "INFO"}
{"action_status": "succeeded", "timestamp": 1707622547.481093, "task_uuid": "04489ea2-7cac-410f-81d9-5fcaa8fd0374", "action_type": "LOG_RESULTS", "task_level": [3]}
