{"test_path": "real/cacheprof", "test_desc": "PO-PAPER-RESULTS-BUFFALO", "action_status": "started", "timestamp": 1707960857.1725783, "task_uuid": "384fcd96-1078-4b1b-8a60-3d8e3fe299e2", "action_type": "OPTIMIZER_CREATION", "task_level": [1]}
{"action_status": "started", "timestamp": 1707960857.173052, "task_uuid": "384fcd96-1078-4b1b-8a60-3d8e3fe299e2", "action_type": "LOG_RESULTS", "task_level": [2, 1]}
{"action_status": "succeeded", "timestamp": 1707960857.1762607, "task_uuid": "384fcd96-1078-4b1b-8a60-3d8e3fe299e2", "action_type": "OPTIMIZER_CREATION", "task_level": [3]}
{"action_status": "started", "timestamp": 1707961014.0591807, "task_uuid": "02ff926e-4445-4319-8fbb-cdc01922a1f5", "action_type": "SPECIAL_RULE_FOUND_BOCA", "task_level": [1]}
{"optimizer": "BOCA", "message": "Special rule found in Candidate", "iteration": 1, "candidate": "0|1|2|3|4|5|6|7|8|9|10|11|12|15|24|25|14|20|16|21|19|13|23|22|18|17", "timestamp": 1707961014.0593076, "task_uuid": "02ff926e-4445-4319-8fbb-cdc01922a1f5", "task_level": [2], "message_type": "INFO"}
{"action_status": "succeeded", "timestamp": 1707961014.0594497, "task_uuid": "02ff926e-4445-4319-8fbb-cdc01922a1f5", "action_type": "SPECIAL_RULE_FOUND_BOCA", "task_level": [3]}
{"action_status": "started", "timestamp": 1707961014.060099, "task_uuid": "7d9be4bb-725f-4bb4-a6ba-bb29688d1e6a", "action_type": "SPECIAL_RULE_FOUND_BOCA", "task_level": [1]}
{"optimizer": "BOCA", "message": "Special rule found in Candidate", "iteration": 1, "candidate": "0|1|2|3|4|5|6|7|8|9|10|11|12|15|13|25|14|24|20|22|21|19|18|16|17|23", "timestamp": 1707961014.0601768, "task_uuid": "7d9be4bb-725f-4bb4-a6ba-bb29688d1e6a", "task_level": [2], "message_type": "INFO"}
{"action_status": "succeeded", "timestamp": 1707961014.060232, "task_uuid": "7d9be4bb-725f-4bb4-a6ba-bb29688d1e6a", "action_type": "SPECIAL_RULE_FOUND_BOCA", "task_level": [3]}
{"action_status": "started", "timestamp": 1707961014.060895, "task_uuid": "5102cfde-5be3-47f0-91aa-322e26c9ffb2", "action_type": "SPECIAL_RULE_FOUND_BOCA", "task_level": [1]}
{"optimizer": "BOCA", "message": "Special rule found in Candidate", "iteration": 1, "candidate": "0|1|2|3|4|5|6|7|8|9|10|11|12|15|17|21|16|19|20|24|23|25|14|18|22|13", "timestamp": 1707961014.0609717, "task_uuid": "5102cfde-5be3-47f0-91aa-322e26c9ffb2", "task_level": [2], "message_type": "INFO"}
{"action_status": "succeeded", "timestamp": 1707961014.061027, "task_uuid": "5102cfde-5be3-47f0-91aa-322e26c9ffb2", "action_type": "SPECIAL_RULE_FOUND_BOCA", "task_level": [3]}
{"action_status": "started", "timestamp": 1707961014.0611024, "task_uuid": "2c5de83e-eeb5-4baf-84ba-89b2b702e61b", "action_type": "SPECIAL_RULE_FOUND_BOCA", "task_level": [1]}
{"optimizer": "BOCA", "message": "Special rule found in Candidate", "iteration": 1, "candidate": "0|1|2|3|4|5|6|7|8|9|10|11|12|15|17|21|16|19|20|24|23|25|14|18|22|13", "timestamp": 1707961014.0611496, "task_uuid": "2c5de83e-eeb5-4baf-84ba-89b2b702e61b", "task_level": [2], "message_type": "INFO"}
{"action_status": "succeeded", "timestamp": 1707961014.0611942, "task_uuid": "2c5de83e-eeb5-4baf-84ba-89b2b702e61b", "action_type": "SPECIAL_RULE_FOUND_BOCA", "task_level": [3]}
{"action_status": "started", "timestamp": 1707961014.0635166, "task_uuid": "0241f0e4-117c-406c-adf8-c45b59415f43", "action_type": "SPECIAL_RULE_FOUND_BOCA", "task_level": [1]}
{"optimizer": "BOCA", "message": "Special rule found in Candidate", "iteration": 1, "candidate": "0|1|2|3|4|5|6|7|8|9|10|11|12|23|19|13|14|20|22|25|24|17|18|16|21|15", "timestamp": 1707961014.0635953, "task_uuid": "0241f0e4-117c-406c-adf8-c45b59415f43", "task_level": [2], "message_type": "INFO"}
{"action_status": "succeeded", "timestamp": 1707961014.0636508, "task_uuid": "0241f0e4-117c-406c-adf8-c45b59415f43", "action_type": "SPECIAL_RULE_FOUND_BOCA", "task_level": [3]}
{"action_status": "started", "timestamp": 1707961014.0637283, "task_uuid": "f854e425-f28f-478e-b270-8123639ed74b", "action_type": "SPECIAL_RULE_FOUND_BOCA", "task_level": [1]}
{"optimizer": "BOCA", "message": "Special rule found in Candidate", "iteration": 1, "candidate": "0|1|2|3|4|5|6|7|8|9|10|11|12|23|19|13|14|20|22|25|24|17|18|16|21|15", "timestamp": 1707961014.0637763, "task_uuid": "f854e425-f28f-478e-b270-8123639ed74b", "task_level": [2], "message_type": "INFO"}
{"action_status": "succeeded", "timestamp": 1707961014.0638397, "task_uuid": "f854e425-f28f-478e-b270-8123639ed74b", "action_type": "SPECIAL_RULE_FOUND_BOCA", "task_level": [3]}
{"action_status": "started", "timestamp": 1707961014.0650148, "task_uuid": "0fb6bebb-fa84-4740-a9a0-fd5f00729cbc", "action_type": "SPECIAL_RULE_FOUND_BOCA", "task_level": [1]}
{"optimizer": "BOCA", "message": "Special rule found in Candidate", "iteration": 1, "candidate": "0|1|2|3|4|5|6|7|8|9|10|11|12|18|19|13|22|17|25|24|15|20|14|23|21|16", "timestamp": 1707961014.0650911, "task_uuid": "0fb6bebb-fa84-4740-a9a0-fd5f00729cbc", "task_level": [2], "message_type": "INFO"}
{"action_status": "succeeded", "timestamp": 1707961014.0651467, "task_uuid": "0fb6bebb-fa84-4740-a9a0-fd5f00729cbc", "action_type": "SPECIAL_RULE_FOUND_BOCA", "task_level": [3]}
{"action_status": "started", "timestamp": 1707961014.0657847, "task_uuid": "1ce86e96-bd5b-493b-88fb-95e297d9cb1f", "action_type": "SPECIAL_RULE_FOUND_BOCA", "task_level": [1]}
{"optimizer": "BOCA", "message": "Special rule found in Candidate", "iteration": 1, "candidate": "0|1|2|3|4|5|6|7|8|9|10|11|12|14|16|20|21|13|18|19|17|25|24|23|22|15", "timestamp": 1707961014.0658603, "task_uuid": "1ce86e96-bd5b-493b-88fb-95e297d9cb1f", "task_level": [2], "message_type": "INFO"}
{"action_status": "succeeded", "timestamp": 1707961014.0659144, "task_uuid": "1ce86e96-bd5b-493b-88fb-95e297d9cb1f", "action_type": "SPECIAL_RULE_FOUND_BOCA", "task_level": [3]}
{"action_status": "started", "timestamp": 1707961014.066541, "task_uuid": "e890cb4b-1aad-4a21-95eb-5815ad856033", "action_type": "SPECIAL_RULE_FOUND_BOCA", "task_level": [1]}
{"optimizer": "BOCA", "message": "Special rule found in Candidate", "iteration": 1, "candidate": "0|1|2|3|4|5|6|7|8|9|10|11|12|25|13|18|23|19|24|17|14|21|15|20|22|16", "timestamp": 1707961014.066617, "task_uuid": "e890cb4b-1aad-4a21-95eb-5815ad856033", "task_level": [2], "message_type": "INFO"}
{"action_status": "succeeded", "timestamp": 1707961014.0666718, "task_uuid": "e890cb4b-1aad-4a21-95eb-5815ad856033", "action_type": "SPECIAL_RULE_FOUND_BOCA", "task_level": [3]}
{"action_status": "started", "timestamp": 1707961014.066748, "task_uuid": "e4c91d8b-4a7e-4a01-a66d-dfb67c0d241d", "action_type": "SPECIAL_RULE_FOUND_BOCA", "task_level": [1]}
{"optimizer": "BOCA", "message": "Special rule found in Candidate", "iteration": 1, "candidate": "0|1|2|3|4|5|6|7|8|9|10|11|12|25|13|18|23|19|24|17|14|21|15|20|22|16", "timestamp": 1707961014.066796, "task_uuid": "e4c91d8b-4a7e-4a01-a66d-dfb67c0d241d", "task_level": [2], "message_type": "INFO"}
{"action_status": "succeeded", "timestamp": 1707961014.0668414, "task_uuid": "e4c91d8b-4a7e-4a01-a66d-dfb67c0d241d", "action_type": "SPECIAL_RULE_FOUND_BOCA", "task_level": [3]}
{"action_status": "started", "timestamp": 1707961014.067516, "task_uuid": "27b257ac-c995-4986-8541-b03a674eec70", "action_type": "SPECIAL_RULE_FOUND_BOCA", "task_level": [1]}
{"optimizer": "BOCA", "message": "Special rule found in Candidate", "iteration": 1, "candidate": "0|1|2|3|4|5|6|7|8|9|10|11|12|24|20|22|15|19|13|14|21|23|25|16|17|18", "timestamp": 1707961014.0675929, "task_uuid": "27b257ac-c995-4986-8541-b03a674eec70", "task_level": [2], "message_type": "INFO"}
{"action_status": "succeeded", "timestamp": 1707961014.0676475, "task_uuid": "27b257ac-c995-4986-8541-b03a674eec70", "action_type": "SPECIAL_RULE_FOUND_BOCA", "task_level": [3]}
{"action_status": "started", "timestamp": 1707961014.0682862, "task_uuid": "6673dfa3-6781-46c7-bfb3-13ecdd0f7c4e", "action_type": "SPECIAL_RULE_FOUND_BOCA", "task_level": [1]}
{"optimizer": "BOCA", "message": "Special rule found in Candidate", "iteration": 1, "candidate": "0|1|2|3|4|5|6|7|8|9|10|11|12|25|21|16|15|23|19|24|17|22|14|18|20|13", "timestamp": 1707961014.0683622, "task_uuid": "6673dfa3-6781-46c7-bfb3-13ecdd0f7c4e", "task_level": [2], "message_type": "INFO"}
{"action_status": "succeeded", "timestamp": 1707961014.0684292, "task_uuid": "6673dfa3-6781-46c7-bfb3-13ecdd0f7c4e", "action_type": "SPECIAL_RULE_FOUND_BOCA", "task_level": [3]}
{"action_status": "started", "timestamp": 1707961014.0685089, "task_uuid": "54f5d0e8-8a6f-4e7e-b811-e1124fe95165", "action_type": "SPECIAL_RULE_FOUND_BOCA", "task_level": [1]}
{"optimizer": "BOCA", "message": "Special rule found in Candidate", "iteration": 1, "candidate": "0|1|2|3|4|5|6|7|8|9|10|11|12|25|21|16|15|23|19|24|17|22|14|18|20|13", "timestamp": 1707961014.0685682, "task_uuid": "54f5d0e8-8a6f-4e7e-b811-e1124fe95165", "task_level": [2], "message_type": "INFO"}
{"action_status": "succeeded", "timestamp": 1707961014.0686176, "task_uuid": "54f5d0e8-8a6f-4e7e-b811-e1124fe95165", "action_type": "SPECIAL_RULE_FOUND_BOCA", "task_level": [3]}
{"action_status": "started", "timestamp": 1707961014.0697613, "task_uuid": "43f4cc8a-659f-47b1-a45b-ea4b9ef9dff3", "action_type": "SPECIAL_RULE_FOUND_BOCA", "task_level": [1]}
{"optimizer": "BOCA", "message": "Special rule found in Candidate", "iteration": 1, "candidate": "0|1|2|3|4|5|6|7|8|9|10|11|12|13|25|17|24|19|22|23|21|18|16|15|20|14", "timestamp": 1707961014.0698376, "task_uuid": "43f4cc8a-659f-47b1-a45b-ea4b9ef9dff3", "task_level": [2], "message_type": "INFO"}
{"action_status": "succeeded", "timestamp": 1707961014.0698907, "task_uuid": "43f4cc8a-659f-47b1-a45b-ea4b9ef9dff3", "action_type": "SPECIAL_RULE_FOUND_BOCA", "task_level": [3]}
{"action_status": "started", "timestamp": 1707961014.0699656, "task_uuid": "6861f0c7-42ec-4ac5-bb5e-19074268e357", "action_type": "SPECIAL_RULE_FOUND_BOCA", "task_level": [1]}
{"optimizer": "BOCA", "message": "Special rule found in Candidate", "iteration": 1, "candidate": "0|1|2|3|4|5|6|7|8|9|10|11|12|13|25|17|24|19|22|23|21|18|16|15|20|14", "timestamp": 1707961014.070012, "task_uuid": "6861f0c7-42ec-4ac5-bb5e-19074268e357", "task_level": [2], "message_type": "INFO"}
{"action_status": "succeeded", "timestamp": 1707961014.0700567, "task_uuid": "6861f0c7-42ec-4ac5-bb5e-19074268e357", "action_type": "SPECIAL_RULE_FOUND_BOCA", "task_level": [3]}
{"action_status": "started", "timestamp": 1707961014.0706916, "task_uuid": "8e668f3a-74e4-4cf7-a3a7-5814abd78e39", "action_type": "SPECIAL_RULE_FOUND_BOCA", "task_level": [1]}
{"optimizer": "BOCA", "message": "Special rule found in Candidate", "iteration": 1, "candidate": "0|1|2|3|4|5|6|7|8|9|10|11|12|17|16|14|23|25|19|13|24|18|15|20|21|22", "timestamp": 1707961014.0707674, "task_uuid": "8e668f3a-74e4-4cf7-a3a7-5814abd78e39", "task_level": [2], "message_type": "INFO"}
{"action_status": "succeeded", "timestamp": 1707961014.0708215, "task_uuid": "8e668f3a-74e4-4cf7-a3a7-5814abd78e39", "action_type": "SPECIAL_RULE_FOUND_BOCA", "task_level": [3]}
{"action_status": "started", "timestamp": 1707961014.0715024, "task_uuid": "abb2d068-d3b9-41d3-afb6-5d7b6ebb5f46", "action_type": "SPECIAL_RULE_FOUND_BOCA", "task_level": [1]}
{"optimizer": "BOCA", "message": "Special rule found in Candidate", "iteration": 1, "candidate": "0|1|2|3|4|5|6|7|8|9|10|11|12|16|19|14|21|18|24|22|17|25|15|13|20|23", "timestamp": 1707961014.0715773, "task_uuid": "abb2d068-d3b9-41d3-afb6-5d7b6ebb5f46", "task_level": [2], "message_type": "INFO"}
{"action_status": "succeeded", "timestamp": 1707961014.0716314, "task_uuid": "abb2d068-d3b9-41d3-afb6-5d7b6ebb5f46", "action_type": "SPECIAL_RULE_FOUND_BOCA", "task_level": [3]}
{"action_status": "started", "timestamp": 1707961014.0722778, "task_uuid": "2d38be8c-2f7c-478e-8441-75a740737eff", "action_type": "SPECIAL_RULE_FOUND_BOCA", "task_level": [1]}
{"optimizer": "BOCA", "message": "Special rule found in Candidate", "iteration": 1, "candidate": "0|1|2|3|4|5|6|7|8|9|10|11|12|18|23|25|16|22|21|15|24|14|17|20|19|13", "timestamp": 1707961014.072353, "task_uuid": "2d38be8c-2f7c-478e-8441-75a740737eff", "task_level": [2], "message_type": "INFO"}
{"action_status": "succeeded", "timestamp": 1707961014.0724077, "task_uuid": "2d38be8c-2f7c-478e-8441-75a740737eff", "action_type": "SPECIAL_RULE_FOUND_BOCA", "task_level": [3]}
{"action_status": "started", "timestamp": 1707961014.0730681, "task_uuid": "a0cf5cb5-0693-4dc2-9eab-e295c31ddad9", "action_type": "SPECIAL_RULE_FOUND_BOCA", "task_level": [1]}
{"optimizer": "BOCA", "message": "Special rule found in Candidate", "iteration": 1, "candidate": "0|1|2|3|4|5|6|7|8|9|10|11|12|22|13|25|21|23|20|15|19|17|24|14|16|18", "timestamp": 1707961014.0731447, "task_uuid": "a0cf5cb5-0693-4dc2-9eab-e295c31ddad9", "task_level": [2], "message_type": "INFO"}
{"action_status": "succeeded", "timestamp": 1707961014.0731995, "task_uuid": "a0cf5cb5-0693-4dc2-9eab-e295c31ddad9", "action_type": "SPECIAL_RULE_FOUND_BOCA", "task_level": [3]}
{"test_path": "real/cacheprof", "test_desc": "PO-PAPER-RESULTS-BUFFALO", "action_status": "started", "timestamp": 1707961097.1366518, "task_uuid": "959776f5-3bd0-4c6d-aea8-0167a68d78ae", "action_type": "OPTIMIZER_CREATION", "task_level": [1]}
{"action_status": "started", "timestamp": 1707961097.13703, "task_uuid": "959776f5-3bd0-4c6d-aea8-0167a68d78ae", "action_type": "LOG_RESULTS", "task_level": [2, 1]}
{"action_status": "succeeded", "timestamp": 1707961097.1401737, "task_uuid": "959776f5-3bd0-4c6d-aea8-0167a68d78ae", "action_type": "OPTIMIZER_CREATION", "task_level": [3]}
{"test_path": "real/cacheprof", "test_desc": "PO-PAPER-RESULTS-BUFFALO", "action_status": "started", "timestamp": 1707961344.2332795, "task_uuid": "7ac5a035-ea62-4f75-b65c-53ba0a037b66", "action_type": "OPTIMIZER_CREATION", "task_level": [1]}
{"action_status": "started", "timestamp": 1707961344.233728, "task_uuid": "7ac5a035-ea62-4f75-b65c-53ba0a037b66", "action_type": "LOG_RESULTS", "task_level": [2, 1]}
{"action_status": "succeeded", "timestamp": 1707961344.2371318, "task_uuid": "7ac5a035-ea62-4f75-b65c-53ba0a037b66", "action_type": "OPTIMIZER_CREATION", "task_level": [3]}
{"test_path": "real/cacheprof", "test_desc": "PO-PAPER-RESULTS-BUFFALO", "action_status": "started", "timestamp": 1707961634.8568494, "task_uuid": "7341ad3c-d730-4ac9-84dd-0ba90e399c60", "action_type": "OPTIMIZER_CREATION", "task_level": [1]}
{"action_status": "started", "timestamp": 1707961634.8573086, "task_uuid": "7341ad3c-d730-4ac9-84dd-0ba90e399c60", "action_type": "LOG_RESULTS", "task_level": [2, 1]}
{"action_status": "succeeded", "timestamp": 1707961634.860862, "task_uuid": "7341ad3c-d730-4ac9-84dd-0ba90e399c60", "action_type": "OPTIMIZER_CREATION", "task_level": [3]}
{"test_path": "real/cacheprof", "test_desc": "PO-PAPER-RESULTS-BUFFALO", "action_status": "started", "timestamp": 1707963907.7024772, "task_uuid": "b7507c96-f1e3-4654-ae5f-5e7fa363ae36", "action_type": "OPTIMIZER_CREATION", "task_level": [1]}
{"action_status": "started", "timestamp": 1707963907.7029076, "task_uuid": "b7507c96-f1e3-4654-ae5f-5e7fa363ae36", "action_type": "LOG_RESULTS", "task_level": [2, 1]}
{"action_status": "succeeded", "timestamp": 1707963907.7060647, "task_uuid": "b7507c96-f1e3-4654-ae5f-5e7fa363ae36", "action_type": "OPTIMIZER_CREATION", "task_level": [3]}
{"action_status": "started", "timestamp": 1707983312.202063, "task_uuid": "faddc23d-5a1e-4f61-a7d1-8edd9c397ed4", "action_type": "LOG_RESULTS", "task_level": [1]}
{"optimizer": "BOCA", "no": "0", "best_result": ["0|1|2|3|4|5|6|7|8|9|10|11|12|22|16|13|24|23|17|21|18|19|20|25|14|15", 0.113], "run_allowance": 680, "iterations": 301, "timestamp": 1707983312.2023902, "task_uuid": "faddc23d-5a1e-4f61-a7d1-8edd9c397ed4", "task_level": [2], "message_type": "INFO"}
{"action_status": "succeeded", "timestamp": 1707983312.20248, "task_uuid": "faddc23d-5a1e-4f61-a7d1-8edd9c397ed4", "action_type": "LOG_RESULTS", "task_level": [3]}
