{"test_path": "real/cacheprof", "test_desc": "Thesis_RIO", "action_status": "started", "timestamp": 1714947943.0461402, "task_uuid": "c73a1d1f-548a-446f-b917-db587ce41a98", "action_type": "OPTIMIZER_CREATION", "task_level": [1]}
{"action_status": "started", "timestamp": 1714947943.0467918, "task_uuid": "c73a1d1f-548a-446f-b917-db587ce41a98", "action_type": "LOG_RESULTS", "task_level": [2, 1]}
{"action_status": "succeeded", "timestamp": 1714947943.0590796, "task_uuid": "c73a1d1f-548a-446f-b917-db587ce41a98", "action_type": "OPTIMIZER_CREATION", "task_level": [3]}
{"test_path": "real/cacheprof", "test_desc": "Thesis_RIO", "action_status": "started", "timestamp": 1714947943.059262, "task_uuid": "8f0ea825-4947-4784-8182-3d6e9b6ebee9", "action_type": "OPTIMIZER_CREATION", "task_level": [1]}
{"action_status": "started", "timestamp": 1714947943.059456, "task_uuid": "8f0ea825-4947-4784-8182-3d6e9b6ebee9", "action_type": "LOG_RESULTS", "task_level": [2, 1]}
{"action_status": "started", "timestamp": 1714947943.059456, "task_uuid": "8f0ea825-4947-4784-8182-3d6e9b6ebee9", "action_type": "LOG_RESULTS", "task_level": [2, 1]}
{"action_status": "succeeded", "timestamp": 1714947943.071901, "task_uuid": "8f0ea825-4947-4784-8182-3d6e9b6ebee9", "action_type": "OPTIMIZER_CREATION", "task_level": [3]}
{"action_status": "succeeded", "timestamp": 1714947943.071901, "task_uuid": "8f0ea825-4947-4784-8182-3d6e9b6ebee9", "action_type": "OPTIMIZER_CREATION", "task_level": [3]}
{"test_path": "real/cacheprof", "test_desc": "Thesis_RIO", "action_status": "started", "timestamp": 1714947943.0721076, "task_uuid": "2b83dbf0-c52a-40c6-9ea7-1a82a4ab5d5c", "action_type": "OPTIMIZER_CREATION", "task_level": [1]}
{"test_path": "real/cacheprof", "test_desc": "Thesis_RIO", "action_status": "started", "timestamp": 1714947943.0721076, "task_uuid": "2b83dbf0-c52a-40c6-9ea7-1a82a4ab5d5c", "action_type": "OPTIMIZER_CREATION", "task_level": [1]}
{"action_status": "started", "timestamp": 1714947943.072358, "task_uuid": "2b83dbf0-c52a-40c6-9ea7-1a82a4ab5d5c", "action_type": "LOG_RESULTS", "task_level": [2, 1]}
{"action_status": "started", "timestamp": 1714947943.072358, "task_uuid": "2b83dbf0-c52a-40c6-9ea7-1a82a4ab5d5c", "action_type": "LOG_RESULTS", "task_level": [2, 1]}
{"action_status": "started", "timestamp": 1714947943.072358, "task_uuid": "2b83dbf0-c52a-40c6-9ea7-1a82a4ab5d5c", "action_type": "LOG_RESULTS", "task_level": [2, 1]}
{"action_status": "succeeded", "timestamp": 1714947943.0846736, "task_uuid": "2b83dbf0-c52a-40c6-9ea7-1a82a4ab5d5c", "action_type": "OPTIMIZER_CREATION", "task_level": [3]}
{"action_status": "succeeded", "timestamp": 1714947943.0846736, "task_uuid": "2b83dbf0-c52a-40c6-9ea7-1a82a4ab5d5c", "action_type": "OPTIMIZER_CREATION", "task_level": [3]}
{"action_status": "succeeded", "timestamp": 1714947943.0846736, "task_uuid": "2b83dbf0-c52a-40c6-9ea7-1a82a4ab5d5c", "action_type": "OPTIMIZER_CREATION", "task_level": [3]}
{"test_path": "real/cacheprof", "test_desc": "Thesis_RIO", "action_status": "started", "timestamp": 1714947943.0849087, "task_uuid": "9247c97e-d813-407c-93ac-8ce48a7537df", "action_type": "OPTIMIZER_CREATION", "task_level": [1]}
{"test_path": "real/cacheprof", "test_desc": "Thesis_RIO", "action_status": "started", "timestamp": 1714947943.0849087, "task_uuid": "9247c97e-d813-407c-93ac-8ce48a7537df", "action_type": "OPTIMIZER_CREATION", "task_level": [1]}
{"test_path": "real/cacheprof", "test_desc": "Thesis_RIO", "action_status": "started", "timestamp": 1714947943.0849087, "task_uuid": "9247c97e-d813-407c-93ac-8ce48a7537df", "action_type": "OPTIMIZER_CREATION", "task_level": [1]}
{"action_status": "started", "timestamp": 1714947943.0851731, "task_uuid": "9247c97e-d813-407c-93ac-8ce48a7537df", "action_type": "LOG_RESULTS", "task_level": [2, 1]}
{"action_status": "started", "timestamp": 1714947943.0851731, "task_uuid": "9247c97e-d813-407c-93ac-8ce48a7537df", "action_type": "LOG_RESULTS", "task_level": [2, 1]}
{"action_status": "started", "timestamp": 1714947943.0851731, "task_uuid": "9247c97e-d813-407c-93ac-8ce48a7537df", "action_type": "LOG_RESULTS", "task_level": [2, 1]}
{"action_status": "started", "timestamp": 1714947943.0851731, "task_uuid": "9247c97e-d813-407c-93ac-8ce48a7537df", "action_type": "LOG_RESULTS", "task_level": [2, 1]}
{"action_status": "succeeded", "timestamp": 1714947943.0968964, "task_uuid": "9247c97e-d813-407c-93ac-8ce48a7537df", "action_type": "OPTIMIZER_CREATION", "task_level": [3]}
{"action_status": "succeeded", "timestamp": 1714947943.0968964, "task_uuid": "9247c97e-d813-407c-93ac-8ce48a7537df", "action_type": "OPTIMIZER_CREATION", "task_level": [3]}
{"action_status": "succeeded", "timestamp": 1714947943.0968964, "task_uuid": "9247c97e-d813-407c-93ac-8ce48a7537df", "action_type": "OPTIMIZER_CREATION", "task_level": [3]}
{"action_status": "succeeded", "timestamp": 1714947943.0968964, "task_uuid": "9247c97e-d813-407c-93ac-8ce48a7537df", "action_type": "OPTIMIZER_CREATION", "task_level": [3]}
{"test_path": "real/cacheprof", "test_desc": "Thesis_RIO", "action_status": "started", "timestamp": 1714947943.0971668, "task_uuid": "43704038-84b2-4e1e-9370-8527dc774432", "action_type": "OPTIMIZER_CREATION", "task_level": [1]}
{"test_path": "real/cacheprof", "test_desc": "Thesis_RIO", "action_status": "started", "timestamp": 1714947943.0971668, "task_uuid": "43704038-84b2-4e1e-9370-8527dc774432", "action_type": "OPTIMIZER_CREATION", "task_level": [1]}
{"test_path": "real/cacheprof", "test_desc": "Thesis_RIO", "action_status": "started", "timestamp": 1714947943.0971668, "task_uuid": "43704038-84b2-4e1e-9370-8527dc774432", "action_type": "OPTIMIZER_CREATION", "task_level": [1]}
{"test_path": "real/cacheprof", "test_desc": "Thesis_RIO", "action_status": "started", "timestamp": 1714947943.0971668, "task_uuid": "43704038-84b2-4e1e-9370-8527dc774432", "action_type": "OPTIMIZER_CREATION", "task_level": [1]}
{"action_status": "started", "timestamp": 1714947943.0974374, "task_uuid": "43704038-84b2-4e1e-9370-8527dc774432", "action_type": "LOG_RESULTS", "task_level": [2, 1]}
{"action_status": "started", "timestamp": 1714947943.0974374, "task_uuid": "43704038-84b2-4e1e-9370-8527dc774432", "action_type": "LOG_RESULTS", "task_level": [2, 1]}
{"action_status": "started", "timestamp": 1714947943.0974374, "task_uuid": "43704038-84b2-4e1e-9370-8527dc774432", "action_type": "LOG_RESULTS", "task_level": [2, 1]}
{"action_status": "started", "timestamp": 1714947943.0974374, "task_uuid": "43704038-84b2-4e1e-9370-8527dc774432", "action_type": "LOG_RESULTS", "task_level": [2, 1]}
{"action_status": "started", "timestamp": 1714947943.0974374, "task_uuid": "43704038-84b2-4e1e-9370-8527dc774432", "action_type": "LOG_RESULTS", "task_level": [2, 1]}
{"action_status": "succeeded", "timestamp": 1714947943.1092377, "task_uuid": "43704038-84b2-4e1e-9370-8527dc774432", "action_type": "OPTIMIZER_CREATION", "task_level": [3]}
{"action_status": "succeeded", "timestamp": 1714947943.1092377, "task_uuid": "43704038-84b2-4e1e-9370-8527dc774432", "action_type": "OPTIMIZER_CREATION", "task_level": [3]}
{"action_status": "succeeded", "timestamp": 1714947943.1092377, "task_uuid": "43704038-84b2-4e1e-9370-8527dc774432", "action_type": "OPTIMIZER_CREATION", "task_level": [3]}
{"action_status": "succeeded", "timestamp": 1714947943.1092377, "task_uuid": "43704038-84b2-4e1e-9370-8527dc774432", "action_type": "OPTIMIZER_CREATION", "task_level": [3]}
{"action_status": "succeeded", "timestamp": 1714947943.1092377, "task_uuid": "43704038-84b2-4e1e-9370-8527dc774432", "action_type": "OPTIMIZER_CREATION", "task_level": [3]}
{"test_path": "real/cacheprof", "test_desc": "Thesis_RIO", "action_status": "started", "timestamp": 1714947943.1095169, "task_uuid": "40427d32-55ed-4d71-9853-226888eb35da", "action_type": "OPTIMIZER_CREATION", "task_level": [1]}
{"test_path": "real/cacheprof", "test_desc": "Thesis_RIO", "action_status": "started", "timestamp": 1714947943.1095169, "task_uuid": "40427d32-55ed-4d71-9853-226888eb35da", "action_type": "OPTIMIZER_CREATION", "task_level": [1]}
{"test_path": "real/cacheprof", "test_desc": "Thesis_RIO", "action_status": "started", "timestamp": 1714947943.1095169, "task_uuid": "40427d32-55ed-4d71-9853-226888eb35da", "action_type": "OPTIMIZER_CREATION", "task_level": [1]}
{"test_path": "real/cacheprof", "test_desc": "Thesis_RIO", "action_status": "started", "timestamp": 1714947943.1095169, "task_uuid": "40427d32-55ed-4d71-9853-226888eb35da", "action_type": "OPTIMIZER_CREATION", "task_level": [1]}
{"test_path": "real/cacheprof", "test_desc": "Thesis_RIO", "action_status": "started", "timestamp": 1714947943.1095169, "task_uuid": "40427d32-55ed-4d71-9853-226888eb35da", "action_type": "OPTIMIZER_CREATION", "task_level": [1]}
{"action_status": "started", "timestamp": 1714947943.1098268, "task_uuid": "40427d32-55ed-4d71-9853-226888eb35da", "action_type": "LOG_RESULTS", "task_level": [2, 1]}
{"action_status": "started", "timestamp": 1714947943.1098268, "task_uuid": "40427d32-55ed-4d71-9853-226888eb35da", "action_type": "LOG_RESULTS", "task_level": [2, 1]}
{"action_status": "started", "timestamp": 1714947943.1098268, "task_uuid": "40427d32-55ed-4d71-9853-226888eb35da", "action_type": "LOG_RESULTS", "task_level": [2, 1]}
{"action_status": "started", "timestamp": 1714947943.1098268, "task_uuid": "40427d32-55ed-4d71-9853-226888eb35da", "action_type": "LOG_RESULTS", "task_level": [2, 1]}
{"action_status": "started", "timestamp": 1714947943.1098268, "task_uuid": "40427d32-55ed-4d71-9853-226888eb35da", "action_type": "LOG_RESULTS", "task_level": [2, 1]}
{"action_status": "started", "timestamp": 1714947943.1098268, "task_uuid": "40427d32-55ed-4d71-9853-226888eb35da", "action_type": "LOG_RESULTS", "task_level": [2, 1]}
{"action_status": "succeeded", "timestamp": 1714947943.1216626, "task_uuid": "40427d32-55ed-4d71-9853-226888eb35da", "action_type": "OPTIMIZER_CREATION", "task_level": [3]}
{"action_status": "succeeded", "timestamp": 1714947943.1216626, "task_uuid": "40427d32-55ed-4d71-9853-226888eb35da", "action_type": "OPTIMIZER_CREATION", "task_level": [3]}
{"action_status": "succeeded", "timestamp": 1714947943.1216626, "task_uuid": "40427d32-55ed-4d71-9853-226888eb35da", "action_type": "OPTIMIZER_CREATION", "task_level": [3]}
{"action_status": "succeeded", "timestamp": 1714947943.1216626, "task_uuid": "40427d32-55ed-4d71-9853-226888eb35da", "action_type": "OPTIMIZER_CREATION", "task_level": [3]}
{"action_status": "succeeded", "timestamp": 1714947943.1216626, "task_uuid": "40427d32-55ed-4d71-9853-226888eb35da", "action_type": "OPTIMIZER_CREATION", "task_level": [3]}
{"action_status": "succeeded", "timestamp": 1714947943.1216626, "task_uuid": "40427d32-55ed-4d71-9853-226888eb35da", "action_type": "OPTIMIZER_CREATION", "task_level": [3]}
{"test_path": "real/cacheprof", "test_desc": "Thesis_RIO", "action_status": "started", "timestamp": 1714947943.122007, "task_uuid": "3a5be5eb-0ade-4af2-b41c-827e89cfab87", "action_type": "OPTIMIZER_CREATION", "task_level": [1]}
{"test_path": "real/cacheprof", "test_desc": "Thesis_RIO", "action_status": "started", "timestamp": 1714947943.122007, "task_uuid": "3a5be5eb-0ade-4af2-b41c-827e89cfab87", "action_type": "OPTIMIZER_CREATION", "task_level": [1]}
{"test_path": "real/cacheprof", "test_desc": "Thesis_RIO", "action_status": "started", "timestamp": 1714947943.122007, "task_uuid": "3a5be5eb-0ade-4af2-b41c-827e89cfab87", "action_type": "OPTIMIZER_CREATION", "task_level": [1]}
{"test_path": "real/cacheprof", "test_desc": "Thesis_RIO", "action_status": "started", "timestamp": 1714947943.122007, "task_uuid": "3a5be5eb-0ade-4af2-b41c-827e89cfab87", "action_type": "OPTIMIZER_CREATION", "task_level": [1]}
{"test_path": "real/cacheprof", "test_desc": "Thesis_RIO", "action_status": "started", "timestamp": 1714947943.122007, "task_uuid": "3a5be5eb-0ade-4af2-b41c-827e89cfab87", "action_type": "OPTIMIZER_CREATION", "task_level": [1]}
{"test_path": "real/cacheprof", "test_desc": "Thesis_RIO", "action_status": "started", "timestamp": 1714947943.122007, "task_uuid": "3a5be5eb-0ade-4af2-b41c-827e89cfab87", "action_type": "OPTIMIZER_CREATION", "task_level": [1]}
{"action_status": "started", "timestamp": 1714947943.1223376, "task_uuid": "3a5be5eb-0ade-4af2-b41c-827e89cfab87", "action_type": "LOG_RESULTS", "task_level": [2, 1]}
{"action_status": "started", "timestamp": 1714947943.1223376, "task_uuid": "3a5be5eb-0ade-4af2-b41c-827e89cfab87", "action_type": "LOG_RESULTS", "task_level": [2, 1]}
{"action_status": "started", "timestamp": 1714947943.1223376, "task_uuid": "3a5be5eb-0ade-4af2-b41c-827e89cfab87", "action_type": "LOG_RESULTS", "task_level": [2, 1]}
{"action_status": "started", "timestamp": 1714947943.1223376, "task_uuid": "3a5be5eb-0ade-4af2-b41c-827e89cfab87", "action_type": "LOG_RESULTS", "task_level": [2, 1]}
{"action_status": "started", "timestamp": 1714947943.1223376, "task_uuid": "3a5be5eb-0ade-4af2-b41c-827e89cfab87", "action_type": "LOG_RESULTS", "task_level": [2, 1]}
{"action_status": "started", "timestamp": 1714947943.1223376, "task_uuid": "3a5be5eb-0ade-4af2-b41c-827e89cfab87", "action_type": "LOG_RESULTS", "task_level": [2, 1]}
{"action_status": "started", "timestamp": 1714947943.1223376, "task_uuid": "3a5be5eb-0ade-4af2-b41c-827e89cfab87", "action_type": "LOG_RESULTS", "task_level": [2, 1]}
{"action_status": "succeeded", "timestamp": 1714947943.134061, "task_uuid": "3a5be5eb-0ade-4af2-b41c-827e89cfab87", "action_type": "OPTIMIZER_CREATION", "task_level": [3]}
{"action_status": "succeeded", "timestamp": 1714947943.134061, "task_uuid": "3a5be5eb-0ade-4af2-b41c-827e89cfab87", "action_type": "OPTIMIZER_CREATION", "task_level": [3]}
{"action_status": "succeeded", "timestamp": 1714947943.134061, "task_uuid": "3a5be5eb-0ade-4af2-b41c-827e89cfab87", "action_type": "OPTIMIZER_CREATION", "task_level": [3]}
{"action_status": "succeeded", "timestamp": 1714947943.134061, "task_uuid": "3a5be5eb-0ade-4af2-b41c-827e89cfab87", "action_type": "OPTIMIZER_CREATION", "task_level": [3]}
{"action_status": "succeeded", "timestamp": 1714947943.134061, "task_uuid": "3a5be5eb-0ade-4af2-b41c-827e89cfab87", "action_type": "OPTIMIZER_CREATION", "task_level": [3]}
{"action_status": "succeeded", "timestamp": 1714947943.134061, "task_uuid": "3a5be5eb-0ade-4af2-b41c-827e89cfab87", "action_type": "OPTIMIZER_CREATION", "task_level": [3]}
{"action_status": "succeeded", "timestamp": 1714947943.134061, "task_uuid": "3a5be5eb-0ade-4af2-b41c-827e89cfab87", "action_type": "OPTIMIZER_CREATION", "task_level": [3]}
{"test_path": "real/cacheprof", "test_desc": "Thesis_RIO", "action_status": "started", "timestamp": 1714947943.1344023, "task_uuid": "7495f418-7f49-433b-820d-38a818a34779", "action_type": "OPTIMIZER_CREATION", "task_level": [1]}
{"test_path": "real/cacheprof", "test_desc": "Thesis_RIO", "action_status": "started", "timestamp": 1714947943.1344023, "task_uuid": "7495f418-7f49-433b-820d-38a818a34779", "action_type": "OPTIMIZER_CREATION", "task_level": [1]}
{"test_path": "real/cacheprof", "test_desc": "Thesis_RIO", "action_status": "started", "timestamp": 1714947943.1344023, "task_uuid": "7495f418-7f49-433b-820d-38a818a34779", "action_type": "OPTIMIZER_CREATION", "task_level": [1]}
{"test_path": "real/cacheprof", "test_desc": "Thesis_RIO", "action_status": "started", "timestamp": 1714947943.1344023, "task_uuid": "7495f418-7f49-433b-820d-38a818a34779", "action_type": "OPTIMIZER_CREATION", "task_level": [1]}
{"test_path": "real/cacheprof", "test_desc": "Thesis_RIO", "action_status": "started", "timestamp": 1714947943.1344023, "task_uuid": "7495f418-7f49-433b-820d-38a818a34779", "action_type": "OPTIMIZER_CREATION", "task_level": [1]}
{"test_path": "real/cacheprof", "test_desc": "Thesis_RIO", "action_status": "started", "timestamp": 1714947943.1344023, "task_uuid": "7495f418-7f49-433b-820d-38a818a34779", "action_type": "OPTIMIZER_CREATION", "task_level": [1]}
{"test_path": "real/cacheprof", "test_desc": "Thesis_RIO", "action_status": "started", "timestamp": 1714947943.1344023, "task_uuid": "7495f418-7f49-433b-820d-38a818a34779", "action_type": "OPTIMIZER_CREATION", "task_level": [1]}
{"action_status": "started", "timestamp": 1714947943.1347477, "task_uuid": "7495f418-7f49-433b-820d-38a818a34779", "action_type": "LOG_RESULTS", "task_level": [2, 1]}
{"action_status": "started", "timestamp": 1714947943.1347477, "task_uuid": "7495f418-7f49-433b-820d-38a818a34779", "action_type": "LOG_RESULTS", "task_level": [2, 1]}
{"action_status": "started", "timestamp": 1714947943.1347477, "task_uuid": "7495f418-7f49-433b-820d-38a818a34779", "action_type": "LOG_RESULTS", "task_level": [2, 1]}
{"action_status": "started", "timestamp": 1714947943.1347477, "task_uuid": "7495f418-7f49-433b-820d-38a818a34779", "action_type": "LOG_RESULTS", "task_level": [2, 1]}
{"action_status": "started", "timestamp": 1714947943.1347477, "task_uuid": "7495f418-7f49-433b-820d-38a818a34779", "action_type": "LOG_RESULTS", "task_level": [2, 1]}
{"action_status": "started", "timestamp": 1714947943.1347477, "task_uuid": "7495f418-7f49-433b-820d-38a818a34779", "action_type": "LOG_RESULTS", "task_level": [2, 1]}
{"action_status": "started", "timestamp": 1714947943.1347477, "task_uuid": "7495f418-7f49-433b-820d-38a818a34779", "action_type": "LOG_RESULTS", "task_level": [2, 1]}
{"action_status": "started", "timestamp": 1714947943.1347477, "task_uuid": "7495f418-7f49-433b-820d-38a818a34779", "action_type": "LOG_RESULTS", "task_level": [2, 1]}
{"action_status": "succeeded", "timestamp": 1714947943.1464903, "task_uuid": "7495f418-7f49-433b-820d-38a818a34779", "action_type": "OPTIMIZER_CREATION", "task_level": [3]}
{"action_status": "succeeded", "timestamp": 1714947943.1464903, "task_uuid": "7495f418-7f49-433b-820d-38a818a34779", "action_type": "OPTIMIZER_CREATION", "task_level": [3]}
{"action_status": "succeeded", "timestamp": 1714947943.1464903, "task_uuid": "7495f418-7f49-433b-820d-38a818a34779", "action_type": "OPTIMIZER_CREATION", "task_level": [3]}
{"action_status": "succeeded", "timestamp": 1714947943.1464903, "task_uuid": "7495f418-7f49-433b-820d-38a818a34779", "action_type": "OPTIMIZER_CREATION", "task_level": [3]}
{"action_status": "succeeded", "timestamp": 1714947943.1464903, "task_uuid": "7495f418-7f49-433b-820d-38a818a34779", "action_type": "OPTIMIZER_CREATION", "task_level": [3]}
{"action_status": "succeeded", "timestamp": 1714947943.1464903, "task_uuid": "7495f418-7f49-433b-820d-38a818a34779", "action_type": "OPTIMIZER_CREATION", "task_level": [3]}
{"action_status": "succeeded", "timestamp": 1714947943.1464903, "task_uuid": "7495f418-7f49-433b-820d-38a818a34779", "action_type": "OPTIMIZER_CREATION", "task_level": [3]}
{"action_status": "succeeded", "timestamp": 1714947943.1464903, "task_uuid": "7495f418-7f49-433b-820d-38a818a34779", "action_type": "OPTIMIZER_CREATION", "task_level": [3]}
{"test_path": "real/cacheprof", "test_desc": "Thesis_RIO", "action_status": "started", "timestamp": 1714947943.1468425, "task_uuid": "0548e9d4-dc8c-4138-b13a-55397f077e3d", "action_type": "OPTIMIZER_CREATION", "task_level": [1]}
{"test_path": "real/cacheprof", "test_desc": "Thesis_RIO", "action_status": "started", "timestamp": 1714947943.1468425, "task_uuid": "0548e9d4-dc8c-4138-b13a-55397f077e3d", "action_type": "OPTIMIZER_CREATION", "task_level": [1]}
{"test_path": "real/cacheprof", "test_desc": "Thesis_RIO", "action_status": "started", "timestamp": 1714947943.1468425, "task_uuid": "0548e9d4-dc8c-4138-b13a-55397f077e3d", "action_type": "OPTIMIZER_CREATION", "task_level": [1]}
{"test_path": "real/cacheprof", "test_desc": "Thesis_RIO", "action_status": "started", "timestamp": 1714947943.1468425, "task_uuid": "0548e9d4-dc8c-4138-b13a-55397f077e3d", "action_type": "OPTIMIZER_CREATION", "task_level": [1]}
{"test_path": "real/cacheprof", "test_desc": "Thesis_RIO", "action_status": "started", "timestamp": 1714947943.1468425, "task_uuid": "0548e9d4-dc8c-4138-b13a-55397f077e3d", "action_type": "OPTIMIZER_CREATION", "task_level": [1]}
{"test_path": "real/cacheprof", "test_desc": "Thesis_RIO", "action_status": "started", "timestamp": 1714947943.1468425, "task_uuid": "0548e9d4-dc8c-4138-b13a-55397f077e3d", "action_type": "OPTIMIZER_CREATION", "task_level": [1]}
{"test_path": "real/cacheprof", "test_desc": "Thesis_RIO", "action_status": "started", "timestamp": 1714947943.1468425, "task_uuid": "0548e9d4-dc8c-4138-b13a-55397f077e3d", "action_type": "OPTIMIZER_CREATION", "task_level": [1]}
{"test_path": "real/cacheprof", "test_desc": "Thesis_RIO", "action_status": "started", "timestamp": 1714947943.1468425, "task_uuid": "0548e9d4-dc8c-4138-b13a-55397f077e3d", "action_type": "OPTIMIZER_CREATION", "task_level": [1]}
{"action_status": "started", "timestamp": 1714947943.1472194, "task_uuid": "0548e9d4-dc8c-4138-b13a-55397f077e3d", "action_type": "LOG_RESULTS", "task_level": [2, 1]}
{"action_status": "started", "timestamp": 1714947943.1472194, "task_uuid": "0548e9d4-dc8c-4138-b13a-55397f077e3d", "action_type": "LOG_RESULTS", "task_level": [2, 1]}
{"action_status": "started", "timestamp": 1714947943.1472194, "task_uuid": "0548e9d4-dc8c-4138-b13a-55397f077e3d", "action_type": "LOG_RESULTS", "task_level": [2, 1]}
{"action_status": "started", "timestamp": 1714947943.1472194, "task_uuid": "0548e9d4-dc8c-4138-b13a-55397f077e3d", "action_type": "LOG_RESULTS", "task_level": [2, 1]}
{"action_status": "started", "timestamp": 1714947943.1472194, "task_uuid": "0548e9d4-dc8c-4138-b13a-55397f077e3d", "action_type": "LOG_RESULTS", "task_level": [2, 1]}
{"action_status": "started", "timestamp": 1714947943.1472194, "task_uuid": "0548e9d4-dc8c-4138-b13a-55397f077e3d", "action_type": "LOG_RESULTS", "task_level": [2, 1]}
{"action_status": "started", "timestamp": 1714947943.1472194, "task_uuid": "0548e9d4-dc8c-4138-b13a-55397f077e3d", "action_type": "LOG_RESULTS", "task_level": [2, 1]}
{"action_status": "started", "timestamp": 1714947943.1472194, "task_uuid": "0548e9d4-dc8c-4138-b13a-55397f077e3d", "action_type": "LOG_RESULTS", "task_level": [2, 1]}
{"action_status": "started", "timestamp": 1714947943.1472194, "task_uuid": "0548e9d4-dc8c-4138-b13a-55397f077e3d", "action_type": "LOG_RESULTS", "task_level": [2, 1]}
{"action_status": "succeeded", "timestamp": 1714947943.159062, "task_uuid": "0548e9d4-dc8c-4138-b13a-55397f077e3d", "action_type": "OPTIMIZER_CREATION", "task_level": [3]}
{"action_status": "succeeded", "timestamp": 1714947943.159062, "task_uuid": "0548e9d4-dc8c-4138-b13a-55397f077e3d", "action_type": "OPTIMIZER_CREATION", "task_level": [3]}
{"action_status": "succeeded", "timestamp": 1714947943.159062, "task_uuid": "0548e9d4-dc8c-4138-b13a-55397f077e3d", "action_type": "OPTIMIZER_CREATION", "task_level": [3]}
{"action_status": "succeeded", "timestamp": 1714947943.159062, "task_uuid": "0548e9d4-dc8c-4138-b13a-55397f077e3d", "action_type": "OPTIMIZER_CREATION", "task_level": [3]}
{"action_status": "succeeded", "timestamp": 1714947943.159062, "task_uuid": "0548e9d4-dc8c-4138-b13a-55397f077e3d", "action_type": "OPTIMIZER_CREATION", "task_level": [3]}
{"action_status": "succeeded", "timestamp": 1714947943.159062, "task_uuid": "0548e9d4-dc8c-4138-b13a-55397f077e3d", "action_type": "OPTIMIZER_CREATION", "task_level": [3]}
{"action_status": "succeeded", "timestamp": 1714947943.159062, "task_uuid": "0548e9d4-dc8c-4138-b13a-55397f077e3d", "action_type": "OPTIMIZER_CREATION", "task_level": [3]}
{"action_status": "succeeded", "timestamp": 1714947943.159062, "task_uuid": "0548e9d4-dc8c-4138-b13a-55397f077e3d", "action_type": "OPTIMIZER_CREATION", "task_level": [3]}
{"action_status": "succeeded", "timestamp": 1714947943.159062, "task_uuid": "0548e9d4-dc8c-4138-b13a-55397f077e3d", "action_type": "OPTIMIZER_CREATION", "task_level": [3]}
{"test_path": "real/cacheprof", "test_desc": "Thesis_RIO", "action_status": "started", "timestamp": 1714947943.1594393, "task_uuid": "1fb007e8-bd60-4104-b78f-b0f7a0b44ca1", "action_type": "OPTIMIZER_CREATION", "task_level": [1]}
{"test_path": "real/cacheprof", "test_desc": "Thesis_RIO", "action_status": "started", "timestamp": 1714947943.1594393, "task_uuid": "1fb007e8-bd60-4104-b78f-b0f7a0b44ca1", "action_type": "OPTIMIZER_CREATION", "task_level": [1]}
{"test_path": "real/cacheprof", "test_desc": "Thesis_RIO", "action_status": "started", "timestamp": 1714947943.1594393, "task_uuid": "1fb007e8-bd60-4104-b78f-b0f7a0b44ca1", "action_type": "OPTIMIZER_CREATION", "task_level": [1]}
{"test_path": "real/cacheprof", "test_desc": "Thesis_RIO", "action_status": "started", "timestamp": 1714947943.1594393, "task_uuid": "1fb007e8-bd60-4104-b78f-b0f7a0b44ca1", "action_type": "OPTIMIZER_CREATION", "task_level": [1]}
{"test_path": "real/cacheprof", "test_desc": "Thesis_RIO", "action_status": "started", "timestamp": 1714947943.1594393, "task_uuid": "1fb007e8-bd60-4104-b78f-b0f7a0b44ca1", "action_type": "OPTIMIZER_CREATION", "task_level": [1]}
{"test_path": "real/cacheprof", "test_desc": "Thesis_RIO", "action_status": "started", "timestamp": 1714947943.1594393, "task_uuid": "1fb007e8-bd60-4104-b78f-b0f7a0b44ca1", "action_type": "OPTIMIZER_CREATION", "task_level": [1]}
{"test_path": "real/cacheprof", "test_desc": "Thesis_RIO", "action_status": "started", "timestamp": 1714947943.1594393, "task_uuid": "1fb007e8-bd60-4104-b78f-b0f7a0b44ca1", "action_type": "OPTIMIZER_CREATION", "task_level": [1]}
{"test_path": "real/cacheprof", "test_desc": "Thesis_RIO", "action_status": "started", "timestamp": 1714947943.1594393, "task_uuid": "1fb007e8-bd60-4104-b78f-b0f7a0b44ca1", "action_type": "OPTIMIZER_CREATION", "task_level": [1]}
{"test_path": "real/cacheprof", "test_desc": "Thesis_RIO", "action_status": "started", "timestamp": 1714947943.1594393, "task_uuid": "1fb007e8-bd60-4104-b78f-b0f7a0b44ca1", "action_type": "OPTIMIZER_CREATION", "task_level": [1]}
{"action_status": "started", "timestamp": 1714947943.1598682, "task_uuid": "1fb007e8-bd60-4104-b78f-b0f7a0b44ca1", "action_type": "LOG_RESULTS", "task_level": [2, 1]}
{"action_status": "started", "timestamp": 1714947943.1598682, "task_uuid": "1fb007e8-bd60-4104-b78f-b0f7a0b44ca1", "action_type": "LOG_RESULTS", "task_level": [2, 1]}
{"action_status": "started", "timestamp": 1714947943.1598682, "task_uuid": "1fb007e8-bd60-4104-b78f-b0f7a0b44ca1", "action_type": "LOG_RESULTS", "task_level": [2, 1]}
{"action_status": "started", "timestamp": 1714947943.1598682, "task_uuid": "1fb007e8-bd60-4104-b78f-b0f7a0b44ca1", "action_type": "LOG_RESULTS", "task_level": [2, 1]}
{"action_status": "started", "timestamp": 1714947943.1598682, "task_uuid": "1fb007e8-bd60-4104-b78f-b0f7a0b44ca1", "action_type": "LOG_RESULTS", "task_level": [2, 1]}
{"action_status": "started", "timestamp": 1714947943.1598682, "task_uuid": "1fb007e8-bd60-4104-b78f-b0f7a0b44ca1", "action_type": "LOG_RESULTS", "task_level": [2, 1]}
{"action_status": "started", "timestamp": 1714947943.1598682, "task_uuid": "1fb007e8-bd60-4104-b78f-b0f7a0b44ca1", "action_type": "LOG_RESULTS", "task_level": [2, 1]}
{"action_status": "started", "timestamp": 1714947943.1598682, "task_uuid": "1fb007e8-bd60-4104-b78f-b0f7a0b44ca1", "action_type": "LOG_RESULTS", "task_level": [2, 1]}
{"action_status": "started", "timestamp": 1714947943.1598682, "task_uuid": "1fb007e8-bd60-4104-b78f-b0f7a0b44ca1", "action_type": "LOG_RESULTS", "task_level": [2, 1]}
{"action_status": "started", "timestamp": 1714947943.1598682, "task_uuid": "1fb007e8-bd60-4104-b78f-b0f7a0b44ca1", "action_type": "LOG_RESULTS", "task_level": [2, 1]}
{"action_status": "succeeded", "timestamp": 1714947943.1717072, "task_uuid": "1fb007e8-bd60-4104-b78f-b0f7a0b44ca1", "action_type": "OPTIMIZER_CREATION", "task_level": [3]}
{"action_status": "succeeded", "timestamp": 1714947943.1717072, "task_uuid": "1fb007e8-bd60-4104-b78f-b0f7a0b44ca1", "action_type": "OPTIMIZER_CREATION", "task_level": [3]}
{"action_status": "succeeded", "timestamp": 1714947943.1717072, "task_uuid": "1fb007e8-bd60-4104-b78f-b0f7a0b44ca1", "action_type": "OPTIMIZER_CREATION", "task_level": [3]}
{"action_status": "succeeded", "timestamp": 1714947943.1717072, "task_uuid": "1fb007e8-bd60-4104-b78f-b0f7a0b44ca1", "action_type": "OPTIMIZER_CREATION", "task_level": [3]}
{"action_status": "succeeded", "timestamp": 1714947943.1717072, "task_uuid": "1fb007e8-bd60-4104-b78f-b0f7a0b44ca1", "action_type": "OPTIMIZER_CREATION", "task_level": [3]}
{"action_status": "succeeded", "timestamp": 1714947943.1717072, "task_uuid": "1fb007e8-bd60-4104-b78f-b0f7a0b44ca1", "action_type": "OPTIMIZER_CREATION", "task_level": [3]}
{"action_status": "succeeded", "timestamp": 1714947943.1717072, "task_uuid": "1fb007e8-bd60-4104-b78f-b0f7a0b44ca1", "action_type": "OPTIMIZER_CREATION", "task_level": [3]}
{"action_status": "succeeded", "timestamp": 1714947943.1717072, "task_uuid": "1fb007e8-bd60-4104-b78f-b0f7a0b44ca1", "action_type": "OPTIMIZER_CREATION", "task_level": [3]}
{"action_status": "succeeded", "timestamp": 1714947943.1717072, "task_uuid": "1fb007e8-bd60-4104-b78f-b0f7a0b44ca1", "action_type": "OPTIMIZER_CREATION", "task_level": [3]}
{"action_status": "succeeded", "timestamp": 1714947943.1717072, "task_uuid": "1fb007e8-bd60-4104-b78f-b0f7a0b44ca1", "action_type": "OPTIMIZER_CREATION", "task_level": [3]}
{"action_status": "started", "timestamp": 1714948422.895009, "task_uuid": "e58acc7a-35a9-44ff-ba63-248ee0214328", "action_type": "LOG_RESULTS", "task_level": [1]}
{"action_status": "started", "timestamp": 1714948422.895009, "task_uuid": "e58acc7a-35a9-44ff-ba63-248ee0214328", "action_type": "LOG_RESULTS", "task_level": [1]}
{"action_status": "started", "timestamp": 1714948422.895009, "task_uuid": "e58acc7a-35a9-44ff-ba63-248ee0214328", "action_type": "LOG_RESULTS", "task_level": [1]}
{"action_status": "started", "timestamp": 1714948422.895009, "task_uuid": "e58acc7a-35a9-44ff-ba63-248ee0214328", "action_type": "LOG_RESULTS", "task_level": [1]}
{"action_status": "started", "timestamp": 1714948422.895009, "task_uuid": "e58acc7a-35a9-44ff-ba63-248ee0214328", "action_type": "LOG_RESULTS", "task_level": [1]}
{"action_status": "started", "timestamp": 1714948422.895009, "task_uuid": "e58acc7a-35a9-44ff-ba63-248ee0214328", "action_type": "LOG_RESULTS", "task_level": [1]}
{"action_status": "started", "timestamp": 1714948422.895009, "task_uuid": "e58acc7a-35a9-44ff-ba63-248ee0214328", "action_type": "LOG_RESULTS", "task_level": [1]}
{"action_status": "started", "timestamp": 1714948422.895009, "task_uuid": "e58acc7a-35a9-44ff-ba63-248ee0214328", "action_type": "LOG_RESULTS", "task_level": [1]}
{"action_status": "started", "timestamp": 1714948422.895009, "task_uuid": "e58acc7a-35a9-44ff-ba63-248ee0214328", "action_type": "LOG_RESULTS", "task_level": [1]}
{"action_status": "started", "timestamp": 1714948422.895009, "task_uuid": "e58acc7a-35a9-44ff-ba63-248ee0214328", "action_type": "LOG_RESULTS", "task_level": [1]}
{"optimizer": "RIO", "no": "0", "best_result": ["0|1|2|3|4|5|6|7|8|9|10|11|12|13|20|17|14|16|18|15|22|23|21|19", 0.112], "run_allowance": 9500, "iterations": 500, "timestamp": 1714948422.8954146, "task_uuid": "e58acc7a-35a9-44ff-ba63-248ee0214328", "task_level": [2], "message_type": "INFO"}
{"optimizer": "RIO", "no": "0", "best_result": ["0|1|2|3|4|5|6|7|8|9|10|11|12|13|20|17|14|16|18|15|22|23|21|19", 0.112], "run_allowance": 9500, "iterations": 500, "timestamp": 1714948422.8954146, "task_uuid": "e58acc7a-35a9-44ff-ba63-248ee0214328", "task_level": [2], "message_type": "INFO"}
{"optimizer": "RIO", "no": "0", "best_result": ["0|1|2|3|4|5|6|7|8|9|10|11|12|13|20|17|14|16|18|15|22|23|21|19", 0.112], "run_allowance": 9500, "iterations": 500, "timestamp": 1714948422.8954146, "task_uuid": "e58acc7a-35a9-44ff-ba63-248ee0214328", "task_level": [2], "message_type": "INFO"}
{"optimizer": "RIO", "no": "0", "best_result": ["0|1|2|3|4|5|6|7|8|9|10|11|12|13|20|17|14|16|18|15|22|23|21|19", 0.112], "run_allowance": 9500, "iterations": 500, "timestamp": 1714948422.8954146, "task_uuid": "e58acc7a-35a9-44ff-ba63-248ee0214328", "task_level": [2], "message_type": "INFO"}
{"optimizer": "RIO", "no": "0", "best_result": ["0|1|2|3|4|5|6|7|8|9|10|11|12|13|20|17|14|16|18|15|22|23|21|19", 0.112], "run_allowance": 9500, "iterations": 500, "timestamp": 1714948422.8954146, "task_uuid": "e58acc7a-35a9-44ff-ba63-248ee0214328", "task_level": [2], "message_type": "INFO"}
{"optimizer": "RIO", "no": "0", "best_result": ["0|1|2|3|4|5|6|7|8|9|10|11|12|13|20|17|14|16|18|15|22|23|21|19", 0.112], "run_allowance": 9500, "iterations": 500, "timestamp": 1714948422.8954146, "task_uuid": "e58acc7a-35a9-44ff-ba63-248ee0214328", "task_level": [2], "message_type": "INFO"}
{"optimizer": "RIO", "no": "0", "best_result": ["0|1|2|3|4|5|6|7|8|9|10|11|12|13|20|17|14|16|18|15|22|23|21|19", 0.112], "run_allowance": 9500, "iterations": 500, "timestamp": 1714948422.8954146, "task_uuid": "e58acc7a-35a9-44ff-ba63-248ee0214328", "task_level": [2], "message_type": "INFO"}
{"optimizer": "RIO", "no": "0", "best_result": ["0|1|2|3|4|5|6|7|8|9|10|11|12|13|20|17|14|16|18|15|22|23|21|19", 0.112], "run_allowance": 9500, "iterations": 500, "timestamp": 1714948422.8954146, "task_uuid": "e58acc7a-35a9-44ff-ba63-248ee0214328", "task_level": [2], "message_type": "INFO"}
{"optimizer": "RIO", "no": "0", "best_result": ["0|1|2|3|4|5|6|7|8|9|10|11|12|13|20|17|14|16|18|15|22|23|21|19", 0.112], "run_allowance": 9500, "iterations": 500, "timestamp": 1714948422.8954146, "task_uuid": "e58acc7a-35a9-44ff-ba63-248ee0214328", "task_level": [2], "message_type": "INFO"}
{"optimizer": "RIO", "no": "0", "best_result": ["0|1|2|3|4|5|6|7|8|9|10|11|12|13|20|17|14|16|18|15|22|23|21|19", 0.112], "run_allowance": 9500, "iterations": 500, "timestamp": 1714948422.8954146, "task_uuid": "e58acc7a-35a9-44ff-ba63-248ee0214328", "task_level": [2], "message_type": "INFO"}
{"action_status": "succeeded", "timestamp": 1714948422.895764, "task_uuid": "e58acc7a-35a9-44ff-ba63-248ee0214328", "action_type": "LOG_RESULTS", "task_level": [3]}
{"action_status": "succeeded", "timestamp": 1714948422.895764, "task_uuid": "e58acc7a-35a9-44ff-ba63-248ee0214328", "action_type": "LOG_RESULTS", "task_level": [3]}
{"action_status": "succeeded", "timestamp": 1714948422.895764, "task_uuid": "e58acc7a-35a9-44ff-ba63-248ee0214328", "action_type": "LOG_RESULTS", "task_level": [3]}
{"action_status": "succeeded", "timestamp": 1714948422.895764, "task_uuid": "e58acc7a-35a9-44ff-ba63-248ee0214328", "action_type": "LOG_RESULTS", "task_level": [3]}
{"action_status": "succeeded", "timestamp": 1714948422.895764, "task_uuid": "e58acc7a-35a9-44ff-ba63-248ee0214328", "action_type": "LOG_RESULTS", "task_level": [3]}
{"action_status": "succeeded", "timestamp": 1714948422.895764, "task_uuid": "e58acc7a-35a9-44ff-ba63-248ee0214328", "action_type": "LOG_RESULTS", "task_level": [3]}
{"action_status": "succeeded", "timestamp": 1714948422.895764, "task_uuid": "e58acc7a-35a9-44ff-ba63-248ee0214328", "action_type": "LOG_RESULTS", "task_level": [3]}
{"action_status": "succeeded", "timestamp": 1714948422.895764, "task_uuid": "e58acc7a-35a9-44ff-ba63-248ee0214328", "action_type": "LOG_RESULTS", "task_level": [3]}
{"action_status": "succeeded", "timestamp": 1714948422.895764, "task_uuid": "e58acc7a-35a9-44ff-ba63-248ee0214328", "action_type": "LOG_RESULTS", "task_level": [3]}
{"action_status": "succeeded", "timestamp": 1714948422.895764, "task_uuid": "e58acc7a-35a9-44ff-ba63-248ee0214328", "action_type": "LOG_RESULTS", "task_level": [3]}
{"action_status": "started", "timestamp": 1714949453.4921644, "task_uuid": "aa1d9a31-d10b-45a0-ad94-0b5315ba3176", "action_type": "LOG_RESULTS", "task_level": [1]}
{"action_status": "started", "timestamp": 1714949453.4921644, "task_uuid": "aa1d9a31-d10b-45a0-ad94-0b5315ba3176", "action_type": "LOG_RESULTS", "task_level": [1]}
{"action_status": "started", "timestamp": 1714949453.4921644, "task_uuid": "aa1d9a31-d10b-45a0-ad94-0b5315ba3176", "action_type": "LOG_RESULTS", "task_level": [1]}
{"action_status": "started", "timestamp": 1714949453.4921644, "task_uuid": "aa1d9a31-d10b-45a0-ad94-0b5315ba3176", "action_type": "LOG_RESULTS", "task_level": [1]}
{"action_status": "started", "timestamp": 1714949453.4921644, "task_uuid": "aa1d9a31-d10b-45a0-ad94-0b5315ba3176", "action_type": "LOG_RESULTS", "task_level": [1]}
{"action_status": "started", "timestamp": 1714949453.4921644, "task_uuid": "aa1d9a31-d10b-45a0-ad94-0b5315ba3176", "action_type": "LOG_RESULTS", "task_level": [1]}
{"action_status": "started", "timestamp": 1714949453.4921644, "task_uuid": "aa1d9a31-d10b-45a0-ad94-0b5315ba3176", "action_type": "LOG_RESULTS", "task_level": [1]}
{"action_status": "started", "timestamp": 1714949453.4921644, "task_uuid": "aa1d9a31-d10b-45a0-ad94-0b5315ba3176", "action_type": "LOG_RESULTS", "task_level": [1]}
{"action_status": "started", "timestamp": 1714949453.4921644, "task_uuid": "aa1d9a31-d10b-45a0-ad94-0b5315ba3176", "action_type": "LOG_RESULTS", "task_level": [1]}
{"action_status": "started", "timestamp": 1714949453.4921644, "task_uuid": "aa1d9a31-d10b-45a0-ad94-0b5315ba3176", "action_type": "LOG_RESULTS", "task_level": [1]}
{"optimizer": "RIO", "no": "1", "best_result": ["0|1|2|3|4|5|6|7|8|9|10|11|12|13|22|18|16|15|14|19|23|21|20|17", 0.115], "run_allowance": 9500, "iterations": 500, "timestamp": 1714949453.492638, "task_uuid": "aa1d9a31-d10b-45a0-ad94-0b5315ba3176", "task_level": [2], "message_type": "INFO"}
{"optimizer": "RIO", "no": "1", "best_result": ["0|1|2|3|4|5|6|7|8|9|10|11|12|13|22|18|16|15|14|19|23|21|20|17", 0.115], "run_allowance": 9500, "iterations": 500, "timestamp": 1714949453.492638, "task_uuid": "aa1d9a31-d10b-45a0-ad94-0b5315ba3176", "task_level": [2], "message_type": "INFO"}
{"optimizer": "RIO", "no": "1", "best_result": ["0|1|2|3|4|5|6|7|8|9|10|11|12|13|22|18|16|15|14|19|23|21|20|17", 0.115], "run_allowance": 9500, "iterations": 500, "timestamp": 1714949453.492638, "task_uuid": "aa1d9a31-d10b-45a0-ad94-0b5315ba3176", "task_level": [2], "message_type": "INFO"}
{"optimizer": "RIO", "no": "1", "best_result": ["0|1|2|3|4|5|6|7|8|9|10|11|12|13|22|18|16|15|14|19|23|21|20|17", 0.115], "run_allowance": 9500, "iterations": 500, "timestamp": 1714949453.492638, "task_uuid": "aa1d9a31-d10b-45a0-ad94-0b5315ba3176", "task_level": [2], "message_type": "INFO"}
{"optimizer": "RIO", "no": "1", "best_result": ["0|1|2|3|4|5|6|7|8|9|10|11|12|13|22|18|16|15|14|19|23|21|20|17", 0.115], "run_allowance": 9500, "iterations": 500, "timestamp": 1714949453.492638, "task_uuid": "aa1d9a31-d10b-45a0-ad94-0b5315ba3176", "task_level": [2], "message_type": "INFO"}
{"optimizer": "RIO", "no": "1", "best_result": ["0|1|2|3|4|5|6|7|8|9|10|11|12|13|22|18|16|15|14|19|23|21|20|17", 0.115], "run_allowance": 9500, "iterations": 500, "timestamp": 1714949453.492638, "task_uuid": "aa1d9a31-d10b-45a0-ad94-0b5315ba3176", "task_level": [2], "message_type": "INFO"}
{"optimizer": "RIO", "no": "1", "best_result": ["0|1|2|3|4|5|6|7|8|9|10|11|12|13|22|18|16|15|14|19|23|21|20|17", 0.115], "run_allowance": 9500, "iterations": 500, "timestamp": 1714949453.492638, "task_uuid": "aa1d9a31-d10b-45a0-ad94-0b5315ba3176", "task_level": [2], "message_type": "INFO"}
{"optimizer": "RIO", "no": "1", "best_result": ["0|1|2|3|4|5|6|7|8|9|10|11|12|13|22|18|16|15|14|19|23|21|20|17", 0.115], "run_allowance": 9500, "iterations": 500, "timestamp": 1714949453.492638, "task_uuid": "aa1d9a31-d10b-45a0-ad94-0b5315ba3176", "task_level": [2], "message_type": "INFO"}
{"optimizer": "RIO", "no": "1", "best_result": ["0|1|2|3|4|5|6|7|8|9|10|11|12|13|22|18|16|15|14|19|23|21|20|17", 0.115], "run_allowance": 9500, "iterations": 500, "timestamp": 1714949453.492638, "task_uuid": "aa1d9a31-d10b-45a0-ad94-0b5315ba3176", "task_level": [2], "message_type": "INFO"}
{"optimizer": "RIO", "no": "1", "best_result": ["0|1|2|3|4|5|6|7|8|9|10|11|12|13|22|18|16|15|14|19|23|21|20|17", 0.115], "run_allowance": 9500, "iterations": 500, "timestamp": 1714949453.492638, "task_uuid": "aa1d9a31-d10b-45a0-ad94-0b5315ba3176", "task_level": [2], "message_type": "INFO"}
{"action_status": "succeeded", "timestamp": 1714949453.4929512, "task_uuid": "aa1d9a31-d10b-45a0-ad94-0b5315ba3176", "action_type": "LOG_RESULTS", "task_level": [3]}
{"action_status": "succeeded", "timestamp": 1714949453.4929512, "task_uuid": "aa1d9a31-d10b-45a0-ad94-0b5315ba3176", "action_type": "LOG_RESULTS", "task_level": [3]}
{"action_status": "succeeded", "timestamp": 1714949453.4929512, "task_uuid": "aa1d9a31-d10b-45a0-ad94-0b5315ba3176", "action_type": "LOG_RESULTS", "task_level": [3]}
{"action_status": "succeeded", "timestamp": 1714949453.4929512, "task_uuid": "aa1d9a31-d10b-45a0-ad94-0b5315ba3176", "action_type": "LOG_RESULTS", "task_level": [3]}
{"action_status": "succeeded", "timestamp": 1714949453.4929512, "task_uuid": "aa1d9a31-d10b-45a0-ad94-0b5315ba3176", "action_type": "LOG_RESULTS", "task_level": [3]}
{"action_status": "succeeded", "timestamp": 1714949453.4929512, "task_uuid": "aa1d9a31-d10b-45a0-ad94-0b5315ba3176", "action_type": "LOG_RESULTS", "task_level": [3]}
{"action_status": "succeeded", "timestamp": 1714949453.4929512, "task_uuid": "aa1d9a31-d10b-45a0-ad94-0b5315ba3176", "action_type": "LOG_RESULTS", "task_level": [3]}
{"action_status": "succeeded", "timestamp": 1714949453.4929512, "task_uuid": "aa1d9a31-d10b-45a0-ad94-0b5315ba3176", "action_type": "LOG_RESULTS", "task_level": [3]}
{"action_status": "succeeded", "timestamp": 1714949453.4929512, "task_uuid": "aa1d9a31-d10b-45a0-ad94-0b5315ba3176", "action_type": "LOG_RESULTS", "task_level": [3]}
{"action_status": "succeeded", "timestamp": 1714949453.4929512, "task_uuid": "aa1d9a31-d10b-45a0-ad94-0b5315ba3176", "action_type": "LOG_RESULTS", "task_level": [3]}
{"action_status": "started", "timestamp": 1714950449.0104594, "task_uuid": "d6a10154-e5cf-45c7-bdf4-5a7d8537a627", "action_type": "LOG_RESULTS", "task_level": [1]}
{"action_status": "started", "timestamp": 1714950449.0104594, "task_uuid": "d6a10154-e5cf-45c7-bdf4-5a7d8537a627", "action_type": "LOG_RESULTS", "task_level": [1]}
{"action_status": "started", "timestamp": 1714950449.0104594, "task_uuid": "d6a10154-e5cf-45c7-bdf4-5a7d8537a627", "action_type": "LOG_RESULTS", "task_level": [1]}
{"action_status": "started", "timestamp": 1714950449.0104594, "task_uuid": "d6a10154-e5cf-45c7-bdf4-5a7d8537a627", "action_type": "LOG_RESULTS", "task_level": [1]}
{"action_status": "started", "timestamp": 1714950449.0104594, "task_uuid": "d6a10154-e5cf-45c7-bdf4-5a7d8537a627", "action_type": "LOG_RESULTS", "task_level": [1]}
{"action_status": "started", "timestamp": 1714950449.0104594, "task_uuid": "d6a10154-e5cf-45c7-bdf4-5a7d8537a627", "action_type": "LOG_RESULTS", "task_level": [1]}
{"action_status": "started", "timestamp": 1714950449.0104594, "task_uuid": "d6a10154-e5cf-45c7-bdf4-5a7d8537a627", "action_type": "LOG_RESULTS", "task_level": [1]}
{"action_status": "started", "timestamp": 1714950449.0104594, "task_uuid": "d6a10154-e5cf-45c7-bdf4-5a7d8537a627", "action_type": "LOG_RESULTS", "task_level": [1]}
{"action_status": "started", "timestamp": 1714950449.0104594, "task_uuid": "d6a10154-e5cf-45c7-bdf4-5a7d8537a627", "action_type": "LOG_RESULTS", "task_level": [1]}
{"action_status": "started", "timestamp": 1714950449.0104594, "task_uuid": "d6a10154-e5cf-45c7-bdf4-5a7d8537a627", "action_type": "LOG_RESULTS", "task_level": [1]}
{"optimizer": "RIO", "no": "2", "best_result": ["0|1|2|3|4|5|6|7|8|9|10|11|12|13|14|20|23|16|19|21|22|18|17|15", 0.113], "run_allowance": 9500, "iterations": 500, "timestamp": 1714950449.0108645, "task_uuid": "d6a10154-e5cf-45c7-bdf4-5a7d8537a627", "task_level": [2], "message_type": "INFO"}
{"optimizer": "RIO", "no": "2", "best_result": ["0|1|2|3|4|5|6|7|8|9|10|11|12|13|14|20|23|16|19|21|22|18|17|15", 0.113], "run_allowance": 9500, "iterations": 500, "timestamp": 1714950449.0108645, "task_uuid": "d6a10154-e5cf-45c7-bdf4-5a7d8537a627", "task_level": [2], "message_type": "INFO"}
{"optimizer": "RIO", "no": "2", "best_result": ["0|1|2|3|4|5|6|7|8|9|10|11|12|13|14|20|23|16|19|21|22|18|17|15", 0.113], "run_allowance": 9500, "iterations": 500, "timestamp": 1714950449.0108645, "task_uuid": "d6a10154-e5cf-45c7-bdf4-5a7d8537a627", "task_level": [2], "message_type": "INFO"}
{"optimizer": "RIO", "no": "2", "best_result": ["0|1|2|3|4|5|6|7|8|9|10|11|12|13|14|20|23|16|19|21|22|18|17|15", 0.113], "run_allowance": 9500, "iterations": 500, "timestamp": 1714950449.0108645, "task_uuid": "d6a10154-e5cf-45c7-bdf4-5a7d8537a627", "task_level": [2], "message_type": "INFO"}
{"optimizer": "RIO", "no": "2", "best_result": ["0|1|2|3|4|5|6|7|8|9|10|11|12|13|14|20|23|16|19|21|22|18|17|15", 0.113], "run_allowance": 9500, "iterations": 500, "timestamp": 1714950449.0108645, "task_uuid": "d6a10154-e5cf-45c7-bdf4-5a7d8537a627", "task_level": [2], "message_type": "INFO"}
{"optimizer": "RIO", "no": "2", "best_result": ["0|1|2|3|4|5|6|7|8|9|10|11|12|13|14|20|23|16|19|21|22|18|17|15", 0.113], "run_allowance": 9500, "iterations": 500, "timestamp": 1714950449.0108645, "task_uuid": "d6a10154-e5cf-45c7-bdf4-5a7d8537a627", "task_level": [2], "message_type": "INFO"}
{"optimizer": "RIO", "no": "2", "best_result": ["0|1|2|3|4|5|6|7|8|9|10|11|12|13|14|20|23|16|19|21|22|18|17|15", 0.113], "run_allowance": 9500, "iterations": 500, "timestamp": 1714950449.0108645, "task_uuid": "d6a10154-e5cf-45c7-bdf4-5a7d8537a627", "task_level": [2], "message_type": "INFO"}
{"optimizer": "RIO", "no": "2", "best_result": ["0|1|2|3|4|5|6|7|8|9|10|11|12|13|14|20|23|16|19|21|22|18|17|15", 0.113], "run_allowance": 9500, "iterations": 500, "timestamp": 1714950449.0108645, "task_uuid": "d6a10154-e5cf-45c7-bdf4-5a7d8537a627", "task_level": [2], "message_type": "INFO"}
{"optimizer": "RIO", "no": "2", "best_result": ["0|1|2|3|4|5|6|7|8|9|10|11|12|13|14|20|23|16|19|21|22|18|17|15", 0.113], "run_allowance": 9500, "iterations": 500, "timestamp": 1714950449.0108645, "task_uuid": "d6a10154-e5cf-45c7-bdf4-5a7d8537a627", "task_level": [2], "message_type": "INFO"}
{"optimizer": "RIO", "no": "2", "best_result": ["0|1|2|3|4|5|6|7|8|9|10|11|12|13|14|20|23|16|19|21|22|18|17|15", 0.113], "run_allowance": 9500, "iterations": 500, "timestamp": 1714950449.0108645, "task_uuid": "d6a10154-e5cf-45c7-bdf4-5a7d8537a627", "task_level": [2], "message_type": "INFO"}
{"action_status": "succeeded", "timestamp": 1714950449.0112233, "task_uuid": "d6a10154-e5cf-45c7-bdf4-5a7d8537a627", "action_type": "LOG_RESULTS", "task_level": [3]}
{"action_status": "succeeded", "timestamp": 1714950449.0112233, "task_uuid": "d6a10154-e5cf-45c7-bdf4-5a7d8537a627", "action_type": "LOG_RESULTS", "task_level": [3]}
{"action_status": "succeeded", "timestamp": 1714950449.0112233, "task_uuid": "d6a10154-e5cf-45c7-bdf4-5a7d8537a627", "action_type": "LOG_RESULTS", "task_level": [3]}
{"action_status": "succeeded", "timestamp": 1714950449.0112233, "task_uuid": "d6a10154-e5cf-45c7-bdf4-5a7d8537a627", "action_type": "LOG_RESULTS", "task_level": [3]}
{"action_status": "succeeded", "timestamp": 1714950449.0112233, "task_uuid": "d6a10154-e5cf-45c7-bdf4-5a7d8537a627", "action_type": "LOG_RESULTS", "task_level": [3]}
{"action_status": "succeeded", "timestamp": 1714950449.0112233, "task_uuid": "d6a10154-e5cf-45c7-bdf4-5a7d8537a627", "action_type": "LOG_RESULTS", "task_level": [3]}
{"action_status": "succeeded", "timestamp": 1714950449.0112233, "task_uuid": "d6a10154-e5cf-45c7-bdf4-5a7d8537a627", "action_type": "LOG_RESULTS", "task_level": [3]}
{"action_status": "succeeded", "timestamp": 1714950449.0112233, "task_uuid": "d6a10154-e5cf-45c7-bdf4-5a7d8537a627", "action_type": "LOG_RESULTS", "task_level": [3]}
{"action_status": "succeeded", "timestamp": 1714950449.0112233, "task_uuid": "d6a10154-e5cf-45c7-bdf4-5a7d8537a627", "action_type": "LOG_RESULTS", "task_level": [3]}
{"action_status": "succeeded", "timestamp": 1714950449.0112233, "task_uuid": "d6a10154-e5cf-45c7-bdf4-5a7d8537a627", "action_type": "LOG_RESULTS", "task_level": [3]}
{"action_status": "started", "timestamp": 1714951444.609058, "task_uuid": "5f730c94-6f47-4671-a988-f9ad1bf09f37", "action_type": "LOG_RESULTS", "task_level": [1]}
{"action_status": "started", "timestamp": 1714951444.609058, "task_uuid": "5f730c94-6f47-4671-a988-f9ad1bf09f37", "action_type": "LOG_RESULTS", "task_level": [1]}
{"action_status": "started", "timestamp": 1714951444.609058, "task_uuid": "5f730c94-6f47-4671-a988-f9ad1bf09f37", "action_type": "LOG_RESULTS", "task_level": [1]}
{"action_status": "started", "timestamp": 1714951444.609058, "task_uuid": "5f730c94-6f47-4671-a988-f9ad1bf09f37", "action_type": "LOG_RESULTS", "task_level": [1]}
{"action_status": "started", "timestamp": 1714951444.609058, "task_uuid": "5f730c94-6f47-4671-a988-f9ad1bf09f37", "action_type": "LOG_RESULTS", "task_level": [1]}
{"action_status": "started", "timestamp": 1714951444.609058, "task_uuid": "5f730c94-6f47-4671-a988-f9ad1bf09f37", "action_type": "LOG_RESULTS", "task_level": [1]}
{"action_status": "started", "timestamp": 1714951444.609058, "task_uuid": "5f730c94-6f47-4671-a988-f9ad1bf09f37", "action_type": "LOG_RESULTS", "task_level": [1]}
{"action_status": "started", "timestamp": 1714951444.609058, "task_uuid": "5f730c94-6f47-4671-a988-f9ad1bf09f37", "action_type": "LOG_RESULTS", "task_level": [1]}
{"action_status": "started", "timestamp": 1714951444.609058, "task_uuid": "5f730c94-6f47-4671-a988-f9ad1bf09f37", "action_type": "LOG_RESULTS", "task_level": [1]}
{"action_status": "started", "timestamp": 1714951444.609058, "task_uuid": "5f730c94-6f47-4671-a988-f9ad1bf09f37", "action_type": "LOG_RESULTS", "task_level": [1]}
{"optimizer": "RIO", "no": "3", "best_result": ["0|1|2|3|4|5|6|7|8|9|10|11|12|13|15|21|20|17|16|19|14|18|23|22", 0.114], "run_allowance": 9500, "iterations": 500, "timestamp": 1714951444.6094964, "task_uuid": "5f730c94-6f47-4671-a988-f9ad1bf09f37", "task_level": [2], "message_type": "INFO"}
{"optimizer": "RIO", "no": "3", "best_result": ["0|1|2|3|4|5|6|7|8|9|10|11|12|13|15|21|20|17|16|19|14|18|23|22", 0.114], "run_allowance": 9500, "iterations": 500, "timestamp": 1714951444.6094964, "task_uuid": "5f730c94-6f47-4671-a988-f9ad1bf09f37", "task_level": [2], "message_type": "INFO"}
{"optimizer": "RIO", "no": "3", "best_result": ["0|1|2|3|4|5|6|7|8|9|10|11|12|13|15|21|20|17|16|19|14|18|23|22", 0.114], "run_allowance": 9500, "iterations": 500, "timestamp": 1714951444.6094964, "task_uuid": "5f730c94-6f47-4671-a988-f9ad1bf09f37", "task_level": [2], "message_type": "INFO"}
{"optimizer": "RIO", "no": "3", "best_result": ["0|1|2|3|4|5|6|7|8|9|10|11|12|13|15|21|20|17|16|19|14|18|23|22", 0.114], "run_allowance": 9500, "iterations": 500, "timestamp": 1714951444.6094964, "task_uuid": "5f730c94-6f47-4671-a988-f9ad1bf09f37", "task_level": [2], "message_type": "INFO"}
{"optimizer": "RIO", "no": "3", "best_result": ["0|1|2|3|4|5|6|7|8|9|10|11|12|13|15|21|20|17|16|19|14|18|23|22", 0.114], "run_allowance": 9500, "iterations": 500, "timestamp": 1714951444.6094964, "task_uuid": "5f730c94-6f47-4671-a988-f9ad1bf09f37", "task_level": [2], "message_type": "INFO"}
{"optimizer": "RIO", "no": "3", "best_result": ["0|1|2|3|4|5|6|7|8|9|10|11|12|13|15|21|20|17|16|19|14|18|23|22", 0.114], "run_allowance": 9500, "iterations": 500, "timestamp": 1714951444.6094964, "task_uuid": "5f730c94-6f47-4671-a988-f9ad1bf09f37", "task_level": [2], "message_type": "INFO"}
{"optimizer": "RIO", "no": "3", "best_result": ["0|1|2|3|4|5|6|7|8|9|10|11|12|13|15|21|20|17|16|19|14|18|23|22", 0.114], "run_allowance": 9500, "iterations": 500, "timestamp": 1714951444.6094964, "task_uuid": "5f730c94-6f47-4671-a988-f9ad1bf09f37", "task_level": [2], "message_type": "INFO"}
{"optimizer": "RIO", "no": "3", "best_result": ["0|1|2|3|4|5|6|7|8|9|10|11|12|13|15|21|20|17|16|19|14|18|23|22", 0.114], "run_allowance": 9500, "iterations": 500, "timestamp": 1714951444.6094964, "task_uuid": "5f730c94-6f47-4671-a988-f9ad1bf09f37", "task_level": [2], "message_type": "INFO"}
{"optimizer": "RIO", "no": "3", "best_result": ["0|1|2|3|4|5|6|7|8|9|10|11|12|13|15|21|20|17|16|19|14|18|23|22", 0.114], "run_allowance": 9500, "iterations": 500, "timestamp": 1714951444.6094964, "task_uuid": "5f730c94-6f47-4671-a988-f9ad1bf09f37", "task_level": [2], "message_type": "INFO"}
{"optimizer": "RIO", "no": "3", "best_result": ["0|1|2|3|4|5|6|7|8|9|10|11|12|13|15|21|20|17|16|19|14|18|23|22", 0.114], "run_allowance": 9500, "iterations": 500, "timestamp": 1714951444.6094964, "task_uuid": "5f730c94-6f47-4671-a988-f9ad1bf09f37", "task_level": [2], "message_type": "INFO"}
{"action_status": "succeeded", "timestamp": 1714951444.6098313, "task_uuid": "5f730c94-6f47-4671-a988-f9ad1bf09f37", "action_type": "LOG_RESULTS", "task_level": [3]}
{"action_status": "succeeded", "timestamp": 1714951444.6098313, "task_uuid": "5f730c94-6f47-4671-a988-f9ad1bf09f37", "action_type": "LOG_RESULTS", "task_level": [3]}
{"action_status": "succeeded", "timestamp": 1714951444.6098313, "task_uuid": "5f730c94-6f47-4671-a988-f9ad1bf09f37", "action_type": "LOG_RESULTS", "task_level": [3]}
{"action_status": "succeeded", "timestamp": 1714951444.6098313, "task_uuid": "5f730c94-6f47-4671-a988-f9ad1bf09f37", "action_type": "LOG_RESULTS", "task_level": [3]}
{"action_status": "succeeded", "timestamp": 1714951444.6098313, "task_uuid": "5f730c94-6f47-4671-a988-f9ad1bf09f37", "action_type": "LOG_RESULTS", "task_level": [3]}
{"action_status": "succeeded", "timestamp": 1714951444.6098313, "task_uuid": "5f730c94-6f47-4671-a988-f9ad1bf09f37", "action_type": "LOG_RESULTS", "task_level": [3]}
{"action_status": "succeeded", "timestamp": 1714951444.6098313, "task_uuid": "5f730c94-6f47-4671-a988-f9ad1bf09f37", "action_type": "LOG_RESULTS", "task_level": [3]}
{"action_status": "succeeded", "timestamp": 1714951444.6098313, "task_uuid": "5f730c94-6f47-4671-a988-f9ad1bf09f37", "action_type": "LOG_RESULTS", "task_level": [3]}
{"action_status": "succeeded", "timestamp": 1714951444.6098313, "task_uuid": "5f730c94-6f47-4671-a988-f9ad1bf09f37", "action_type": "LOG_RESULTS", "task_level": [3]}
{"action_status": "succeeded", "timestamp": 1714951444.6098313, "task_uuid": "5f730c94-6f47-4671-a988-f9ad1bf09f37", "action_type": "LOG_RESULTS", "task_level": [3]}
{"action_status": "started", "timestamp": 1714952438.8384223, "task_uuid": "63a5be5f-4445-412f-9598-d2790228013b", "action_type": "LOG_RESULTS", "task_level": [1]}
{"action_status": "started", "timestamp": 1714952438.8384223, "task_uuid": "63a5be5f-4445-412f-9598-d2790228013b", "action_type": "LOG_RESULTS", "task_level": [1]}
{"action_status": "started", "timestamp": 1714952438.8384223, "task_uuid": "63a5be5f-4445-412f-9598-d2790228013b", "action_type": "LOG_RESULTS", "task_level": [1]}
{"action_status": "started", "timestamp": 1714952438.8384223, "task_uuid": "63a5be5f-4445-412f-9598-d2790228013b", "action_type": "LOG_RESULTS", "task_level": [1]}
{"action_status": "started", "timestamp": 1714952438.8384223, "task_uuid": "63a5be5f-4445-412f-9598-d2790228013b", "action_type": "LOG_RESULTS", "task_level": [1]}
{"action_status": "started", "timestamp": 1714952438.8384223, "task_uuid": "63a5be5f-4445-412f-9598-d2790228013b", "action_type": "LOG_RESULTS", "task_level": [1]}
{"action_status": "started", "timestamp": 1714952438.8384223, "task_uuid": "63a5be5f-4445-412f-9598-d2790228013b", "action_type": "LOG_RESULTS", "task_level": [1]}
{"action_status": "started", "timestamp": 1714952438.8384223, "task_uuid": "63a5be5f-4445-412f-9598-d2790228013b", "action_type": "LOG_RESULTS", "task_level": [1]}
{"action_status": "started", "timestamp": 1714952438.8384223, "task_uuid": "63a5be5f-4445-412f-9598-d2790228013b", "action_type": "LOG_RESULTS", "task_level": [1]}
{"action_status": "started", "timestamp": 1714952438.8384223, "task_uuid": "63a5be5f-4445-412f-9598-d2790228013b", "action_type": "LOG_RESULTS", "task_level": [1]}
{"optimizer": "RIO", "no": "4", "best_result": ["0|1|2|3|4|5|6|7|8|9|10|11|12|13|17|21|19|16|14|15|22|18|20|23", 0.114], "run_allowance": 9500, "iterations": 500, "timestamp": 1714952438.8388557, "task_uuid": "63a5be5f-4445-412f-9598-d2790228013b", "task_level": [2], "message_type": "INFO"}
{"optimizer": "RIO", "no": "4", "best_result": ["0|1|2|3|4|5|6|7|8|9|10|11|12|13|17|21|19|16|14|15|22|18|20|23", 0.114], "run_allowance": 9500, "iterations": 500, "timestamp": 1714952438.8388557, "task_uuid": "63a5be5f-4445-412f-9598-d2790228013b", "task_level": [2], "message_type": "INFO"}
{"optimizer": "RIO", "no": "4", "best_result": ["0|1|2|3|4|5|6|7|8|9|10|11|12|13|17|21|19|16|14|15|22|18|20|23", 0.114], "run_allowance": 9500, "iterations": 500, "timestamp": 1714952438.8388557, "task_uuid": "63a5be5f-4445-412f-9598-d2790228013b", "task_level": [2], "message_type": "INFO"}
{"optimizer": "RIO", "no": "4", "best_result": ["0|1|2|3|4|5|6|7|8|9|10|11|12|13|17|21|19|16|14|15|22|18|20|23", 0.114], "run_allowance": 9500, "iterations": 500, "timestamp": 1714952438.8388557, "task_uuid": "63a5be5f-4445-412f-9598-d2790228013b", "task_level": [2], "message_type": "INFO"}
{"optimizer": "RIO", "no": "4", "best_result": ["0|1|2|3|4|5|6|7|8|9|10|11|12|13|17|21|19|16|14|15|22|18|20|23", 0.114], "run_allowance": 9500, "iterations": 500, "timestamp": 1714952438.8388557, "task_uuid": "63a5be5f-4445-412f-9598-d2790228013b", "task_level": [2], "message_type": "INFO"}
{"optimizer": "RIO", "no": "4", "best_result": ["0|1|2|3|4|5|6|7|8|9|10|11|12|13|17|21|19|16|14|15|22|18|20|23", 0.114], "run_allowance": 9500, "iterations": 500, "timestamp": 1714952438.8388557, "task_uuid": "63a5be5f-4445-412f-9598-d2790228013b", "task_level": [2], "message_type": "INFO"}
{"optimizer": "RIO", "no": "4", "best_result": ["0|1|2|3|4|5|6|7|8|9|10|11|12|13|17|21|19|16|14|15|22|18|20|23", 0.114], "run_allowance": 9500, "iterations": 500, "timestamp": 1714952438.8388557, "task_uuid": "63a5be5f-4445-412f-9598-d2790228013b", "task_level": [2], "message_type": "INFO"}
{"optimizer": "RIO", "no": "4", "best_result": ["0|1|2|3|4|5|6|7|8|9|10|11|12|13|17|21|19|16|14|15|22|18|20|23", 0.114], "run_allowance": 9500, "iterations": 500, "timestamp": 1714952438.8388557, "task_uuid": "63a5be5f-4445-412f-9598-d2790228013b", "task_level": [2], "message_type": "INFO"}
{"optimizer": "RIO", "no": "4", "best_result": ["0|1|2|3|4|5|6|7|8|9|10|11|12|13|17|21|19|16|14|15|22|18|20|23", 0.114], "run_allowance": 9500, "iterations": 500, "timestamp": 1714952438.8388557, "task_uuid": "63a5be5f-4445-412f-9598-d2790228013b", "task_level": [2], "message_type": "INFO"}
{"optimizer": "RIO", "no": "4", "best_result": ["0|1|2|3|4|5|6|7|8|9|10|11|12|13|17|21|19|16|14|15|22|18|20|23", 0.114], "run_allowance": 9500, "iterations": 500, "timestamp": 1714952438.8388557, "task_uuid": "63a5be5f-4445-412f-9598-d2790228013b", "task_level": [2], "message_type": "INFO"}
{"action_status": "succeeded", "timestamp": 1714952438.8391957, "task_uuid": "63a5be5f-4445-412f-9598-d2790228013b", "action_type": "LOG_RESULTS", "task_level": [3]}
{"action_status": "succeeded", "timestamp": 1714952438.8391957, "task_uuid": "63a5be5f-4445-412f-9598-d2790228013b", "action_type": "LOG_RESULTS", "task_level": [3]}
{"action_status": "succeeded", "timestamp": 1714952438.8391957, "task_uuid": "63a5be5f-4445-412f-9598-d2790228013b", "action_type": "LOG_RESULTS", "task_level": [3]}
{"action_status": "succeeded", "timestamp": 1714952438.8391957, "task_uuid": "63a5be5f-4445-412f-9598-d2790228013b", "action_type": "LOG_RESULTS", "task_level": [3]}
{"action_status": "succeeded", "timestamp": 1714952438.8391957, "task_uuid": "63a5be5f-4445-412f-9598-d2790228013b", "action_type": "LOG_RESULTS", "task_level": [3]}
{"action_status": "succeeded", "timestamp": 1714952438.8391957, "task_uuid": "63a5be5f-4445-412f-9598-d2790228013b", "action_type": "LOG_RESULTS", "task_level": [3]}
{"action_status": "succeeded", "timestamp": 1714952438.8391957, "task_uuid": "63a5be5f-4445-412f-9598-d2790228013b", "action_type": "LOG_RESULTS", "task_level": [3]}
{"action_status": "succeeded", "timestamp": 1714952438.8391957, "task_uuid": "63a5be5f-4445-412f-9598-d2790228013b", "action_type": "LOG_RESULTS", "task_level": [3]}
{"action_status": "succeeded", "timestamp": 1714952438.8391957, "task_uuid": "63a5be5f-4445-412f-9598-d2790228013b", "action_type": "LOG_RESULTS", "task_level": [3]}
{"action_status": "succeeded", "timestamp": 1714952438.8391957, "task_uuid": "63a5be5f-4445-412f-9598-d2790228013b", "action_type": "LOG_RESULTS", "task_level": [3]}
{"action_status": "started", "timestamp": 1714953436.8057563, "task_uuid": "bfb0ac8c-c343-4c58-8503-0b855273a96b", "action_type": "LOG_RESULTS", "task_level": [1]}
{"action_status": "started", "timestamp": 1714953436.8057563, "task_uuid": "bfb0ac8c-c343-4c58-8503-0b855273a96b", "action_type": "LOG_RESULTS", "task_level": [1]}
{"action_status": "started", "timestamp": 1714953436.8057563, "task_uuid": "bfb0ac8c-c343-4c58-8503-0b855273a96b", "action_type": "LOG_RESULTS", "task_level": [1]}
{"action_status": "started", "timestamp": 1714953436.8057563, "task_uuid": "bfb0ac8c-c343-4c58-8503-0b855273a96b", "action_type": "LOG_RESULTS", "task_level": [1]}
{"action_status": "started", "timestamp": 1714953436.8057563, "task_uuid": "bfb0ac8c-c343-4c58-8503-0b855273a96b", "action_type": "LOG_RESULTS", "task_level": [1]}
{"action_status": "started", "timestamp": 1714953436.8057563, "task_uuid": "bfb0ac8c-c343-4c58-8503-0b855273a96b", "action_type": "LOG_RESULTS", "task_level": [1]}
{"action_status": "started", "timestamp": 1714953436.8057563, "task_uuid": "bfb0ac8c-c343-4c58-8503-0b855273a96b", "action_type": "LOG_RESULTS", "task_level": [1]}
{"action_status": "started", "timestamp": 1714953436.8057563, "task_uuid": "bfb0ac8c-c343-4c58-8503-0b855273a96b", "action_type": "LOG_RESULTS", "task_level": [1]}
{"action_status": "started", "timestamp": 1714953436.8057563, "task_uuid": "bfb0ac8c-c343-4c58-8503-0b855273a96b", "action_type": "LOG_RESULTS", "task_level": [1]}
{"action_status": "started", "timestamp": 1714953436.8057563, "task_uuid": "bfb0ac8c-c343-4c58-8503-0b855273a96b", "action_type": "LOG_RESULTS", "task_level": [1]}
{"optimizer": "RIO", "no": "5", "best_result": ["0|1|2|3|4|5|6|7|8|9|10|11|12|13|15|23|14|18|19|16|20|17|22|21", 0.113], "run_allowance": 9500, "iterations": 500, "timestamp": 1714953436.8062, "task_uuid": "bfb0ac8c-c343-4c58-8503-0b855273a96b", "task_level": [2], "message_type": "INFO"}
{"optimizer": "RIO", "no": "5", "best_result": ["0|1|2|3|4|5|6|7|8|9|10|11|12|13|15|23|14|18|19|16|20|17|22|21", 0.113], "run_allowance": 9500, "iterations": 500, "timestamp": 1714953436.8062, "task_uuid": "bfb0ac8c-c343-4c58-8503-0b855273a96b", "task_level": [2], "message_type": "INFO"}
{"optimizer": "RIO", "no": "5", "best_result": ["0|1|2|3|4|5|6|7|8|9|10|11|12|13|15|23|14|18|19|16|20|17|22|21", 0.113], "run_allowance": 9500, "iterations": 500, "timestamp": 1714953436.8062, "task_uuid": "bfb0ac8c-c343-4c58-8503-0b855273a96b", "task_level": [2], "message_type": "INFO"}
{"optimizer": "RIO", "no": "5", "best_result": ["0|1|2|3|4|5|6|7|8|9|10|11|12|13|15|23|14|18|19|16|20|17|22|21", 0.113], "run_allowance": 9500, "iterations": 500, "timestamp": 1714953436.8062, "task_uuid": "bfb0ac8c-c343-4c58-8503-0b855273a96b", "task_level": [2], "message_type": "INFO"}
{"optimizer": "RIO", "no": "5", "best_result": ["0|1|2|3|4|5|6|7|8|9|10|11|12|13|15|23|14|18|19|16|20|17|22|21", 0.113], "run_allowance": 9500, "iterations": 500, "timestamp": 1714953436.8062, "task_uuid": "bfb0ac8c-c343-4c58-8503-0b855273a96b", "task_level": [2], "message_type": "INFO"}
{"optimizer": "RIO", "no": "5", "best_result": ["0|1|2|3|4|5|6|7|8|9|10|11|12|13|15|23|14|18|19|16|20|17|22|21", 0.113], "run_allowance": 9500, "iterations": 500, "timestamp": 1714953436.8062, "task_uuid": "bfb0ac8c-c343-4c58-8503-0b855273a96b", "task_level": [2], "message_type": "INFO"}
{"optimizer": "RIO", "no": "5", "best_result": ["0|1|2|3|4|5|6|7|8|9|10|11|12|13|15|23|14|18|19|16|20|17|22|21", 0.113], "run_allowance": 9500, "iterations": 500, "timestamp": 1714953436.8062, "task_uuid": "bfb0ac8c-c343-4c58-8503-0b855273a96b", "task_level": [2], "message_type": "INFO"}
{"optimizer": "RIO", "no": "5", "best_result": ["0|1|2|3|4|5|6|7|8|9|10|11|12|13|15|23|14|18|19|16|20|17|22|21", 0.113], "run_allowance": 9500, "iterations": 500, "timestamp": 1714953436.8062, "task_uuid": "bfb0ac8c-c343-4c58-8503-0b855273a96b", "task_level": [2], "message_type": "INFO"}
{"optimizer": "RIO", "no": "5", "best_result": ["0|1|2|3|4|5|6|7|8|9|10|11|12|13|15|23|14|18|19|16|20|17|22|21", 0.113], "run_allowance": 9500, "iterations": 500, "timestamp": 1714953436.8062, "task_uuid": "bfb0ac8c-c343-4c58-8503-0b855273a96b", "task_level": [2], "message_type": "INFO"}
{"optimizer": "RIO", "no": "5", "best_result": ["0|1|2|3|4|5|6|7|8|9|10|11|12|13|15|23|14|18|19|16|20|17|22|21", 0.113], "run_allowance": 9500, "iterations": 500, "timestamp": 1714953436.8062, "task_uuid": "bfb0ac8c-c343-4c58-8503-0b855273a96b", "task_level": [2], "message_type": "INFO"}
{"action_status": "succeeded", "timestamp": 1714953436.8065193, "task_uuid": "bfb0ac8c-c343-4c58-8503-0b855273a96b", "action_type": "LOG_RESULTS", "task_level": [3]}
{"action_status": "succeeded", "timestamp": 1714953436.8065193, "task_uuid": "bfb0ac8c-c343-4c58-8503-0b855273a96b", "action_type": "LOG_RESULTS", "task_level": [3]}
{"action_status": "succeeded", "timestamp": 1714953436.8065193, "task_uuid": "bfb0ac8c-c343-4c58-8503-0b855273a96b", "action_type": "LOG_RESULTS", "task_level": [3]}
{"action_status": "succeeded", "timestamp": 1714953436.8065193, "task_uuid": "bfb0ac8c-c343-4c58-8503-0b855273a96b", "action_type": "LOG_RESULTS", "task_level": [3]}
{"action_status": "succeeded", "timestamp": 1714953436.8065193, "task_uuid": "bfb0ac8c-c343-4c58-8503-0b855273a96b", "action_type": "LOG_RESULTS", "task_level": [3]}
{"action_status": "succeeded", "timestamp": 1714953436.8065193, "task_uuid": "bfb0ac8c-c343-4c58-8503-0b855273a96b", "action_type": "LOG_RESULTS", "task_level": [3]}
{"action_status": "succeeded", "timestamp": 1714953436.8065193, "task_uuid": "bfb0ac8c-c343-4c58-8503-0b855273a96b", "action_type": "LOG_RESULTS", "task_level": [3]}
{"action_status": "succeeded", "timestamp": 1714953436.8065193, "task_uuid": "bfb0ac8c-c343-4c58-8503-0b855273a96b", "action_type": "LOG_RESULTS", "task_level": [3]}
{"action_status": "succeeded", "timestamp": 1714953436.8065193, "task_uuid": "bfb0ac8c-c343-4c58-8503-0b855273a96b", "action_type": "LOG_RESULTS", "task_level": [3]}
{"action_status": "succeeded", "timestamp": 1714953436.8065193, "task_uuid": "bfb0ac8c-c343-4c58-8503-0b855273a96b", "action_type": "LOG_RESULTS", "task_level": [3]}
{"action_status": "started", "timestamp": 1714954453.2129169, "task_uuid": "448598b8-83c4-4142-9d00-663fcb91a7df", "action_type": "LOG_RESULTS", "task_level": [1]}
{"action_status": "started", "timestamp": 1714954453.2129169, "task_uuid": "448598b8-83c4-4142-9d00-663fcb91a7df", "action_type": "LOG_RESULTS", "task_level": [1]}
{"action_status": "started", "timestamp": 1714954453.2129169, "task_uuid": "448598b8-83c4-4142-9d00-663fcb91a7df", "action_type": "LOG_RESULTS", "task_level": [1]}
{"action_status": "started", "timestamp": 1714954453.2129169, "task_uuid": "448598b8-83c4-4142-9d00-663fcb91a7df", "action_type": "LOG_RESULTS", "task_level": [1]}
{"action_status": "started", "timestamp": 1714954453.2129169, "task_uuid": "448598b8-83c4-4142-9d00-663fcb91a7df", "action_type": "LOG_RESULTS", "task_level": [1]}
{"action_status": "started", "timestamp": 1714954453.2129169, "task_uuid": "448598b8-83c4-4142-9d00-663fcb91a7df", "action_type": "LOG_RESULTS", "task_level": [1]}
{"action_status": "started", "timestamp": 1714954453.2129169, "task_uuid": "448598b8-83c4-4142-9d00-663fcb91a7df", "action_type": "LOG_RESULTS", "task_level": [1]}
{"action_status": "started", "timestamp": 1714954453.2129169, "task_uuid": "448598b8-83c4-4142-9d00-663fcb91a7df", "action_type": "LOG_RESULTS", "task_level": [1]}
{"action_status": "started", "timestamp": 1714954453.2129169, "task_uuid": "448598b8-83c4-4142-9d00-663fcb91a7df", "action_type": "LOG_RESULTS", "task_level": [1]}
{"action_status": "started", "timestamp": 1714954453.2129169, "task_uuid": "448598b8-83c4-4142-9d00-663fcb91a7df", "action_type": "LOG_RESULTS", "task_level": [1]}
{"optimizer": "RIO", "no": "6", "best_result": ["0|1|2|3|4|5|6|7|8|9|10|11|12|13|18|16|17|21|19|20|14|22|15|23", 0.114], "run_allowance": 9500, "iterations": 500, "timestamp": 1714954453.213432, "task_uuid": "448598b8-83c4-4142-9d00-663fcb91a7df", "task_level": [2], "message_type": "INFO"}
{"optimizer": "RIO", "no": "6", "best_result": ["0|1|2|3|4|5|6|7|8|9|10|11|12|13|18|16|17|21|19|20|14|22|15|23", 0.114], "run_allowance": 9500, "iterations": 500, "timestamp": 1714954453.213432, "task_uuid": "448598b8-83c4-4142-9d00-663fcb91a7df", "task_level": [2], "message_type": "INFO"}
{"optimizer": "RIO", "no": "6", "best_result": ["0|1|2|3|4|5|6|7|8|9|10|11|12|13|18|16|17|21|19|20|14|22|15|23", 0.114], "run_allowance": 9500, "iterations": 500, "timestamp": 1714954453.213432, "task_uuid": "448598b8-83c4-4142-9d00-663fcb91a7df", "task_level": [2], "message_type": "INFO"}
{"optimizer": "RIO", "no": "6", "best_result": ["0|1|2|3|4|5|6|7|8|9|10|11|12|13|18|16|17|21|19|20|14|22|15|23", 0.114], "run_allowance": 9500, "iterations": 500, "timestamp": 1714954453.213432, "task_uuid": "448598b8-83c4-4142-9d00-663fcb91a7df", "task_level": [2], "message_type": "INFO"}
{"optimizer": "RIO", "no": "6", "best_result": ["0|1|2|3|4|5|6|7|8|9|10|11|12|13|18|16|17|21|19|20|14|22|15|23", 0.114], "run_allowance": 9500, "iterations": 500, "timestamp": 1714954453.213432, "task_uuid": "448598b8-83c4-4142-9d00-663fcb91a7df", "task_level": [2], "message_type": "INFO"}
{"optimizer": "RIO", "no": "6", "best_result": ["0|1|2|3|4|5|6|7|8|9|10|11|12|13|18|16|17|21|19|20|14|22|15|23", 0.114], "run_allowance": 9500, "iterations": 500, "timestamp": 1714954453.213432, "task_uuid": "448598b8-83c4-4142-9d00-663fcb91a7df", "task_level": [2], "message_type": "INFO"}
{"optimizer": "RIO", "no": "6", "best_result": ["0|1|2|3|4|5|6|7|8|9|10|11|12|13|18|16|17|21|19|20|14|22|15|23", 0.114], "run_allowance": 9500, "iterations": 500, "timestamp": 1714954453.213432, "task_uuid": "448598b8-83c4-4142-9d00-663fcb91a7df", "task_level": [2], "message_type": "INFO"}
{"optimizer": "RIO", "no": "6", "best_result": ["0|1|2|3|4|5|6|7|8|9|10|11|12|13|18|16|17|21|19|20|14|22|15|23", 0.114], "run_allowance": 9500, "iterations": 500, "timestamp": 1714954453.213432, "task_uuid": "448598b8-83c4-4142-9d00-663fcb91a7df", "task_level": [2], "message_type": "INFO"}
{"optimizer": "RIO", "no": "6", "best_result": ["0|1|2|3|4|5|6|7|8|9|10|11|12|13|18|16|17|21|19|20|14|22|15|23", 0.114], "run_allowance": 9500, "iterations": 500, "timestamp": 1714954453.213432, "task_uuid": "448598b8-83c4-4142-9d00-663fcb91a7df", "task_level": [2], "message_type": "INFO"}
{"optimizer": "RIO", "no": "6", "best_result": ["0|1|2|3|4|5|6|7|8|9|10|11|12|13|18|16|17|21|19|20|14|22|15|23", 0.114], "run_allowance": 9500, "iterations": 500, "timestamp": 1714954453.213432, "task_uuid": "448598b8-83c4-4142-9d00-663fcb91a7df", "task_level": [2], "message_type": "INFO"}
{"action_status": "succeeded", "timestamp": 1714954453.2138724, "task_uuid": "448598b8-83c4-4142-9d00-663fcb91a7df", "action_type": "LOG_RESULTS", "task_level": [3]}
{"action_status": "succeeded", "timestamp": 1714954453.2138724, "task_uuid": "448598b8-83c4-4142-9d00-663fcb91a7df", "action_type": "LOG_RESULTS", "task_level": [3]}
{"action_status": "succeeded", "timestamp": 1714954453.2138724, "task_uuid": "448598b8-83c4-4142-9d00-663fcb91a7df", "action_type": "LOG_RESULTS", "task_level": [3]}
{"action_status": "succeeded", "timestamp": 1714954453.2138724, "task_uuid": "448598b8-83c4-4142-9d00-663fcb91a7df", "action_type": "LOG_RESULTS", "task_level": [3]}
{"action_status": "succeeded", "timestamp": 1714954453.2138724, "task_uuid": "448598b8-83c4-4142-9d00-663fcb91a7df", "action_type": "LOG_RESULTS", "task_level": [3]}
{"action_status": "succeeded", "timestamp": 1714954453.2138724, "task_uuid": "448598b8-83c4-4142-9d00-663fcb91a7df", "action_type": "LOG_RESULTS", "task_level": [3]}
{"action_status": "succeeded", "timestamp": 1714954453.2138724, "task_uuid": "448598b8-83c4-4142-9d00-663fcb91a7df", "action_type": "LOG_RESULTS", "task_level": [3]}
{"action_status": "succeeded", "timestamp": 1714954453.2138724, "task_uuid": "448598b8-83c4-4142-9d00-663fcb91a7df", "action_type": "LOG_RESULTS", "task_level": [3]}
{"action_status": "succeeded", "timestamp": 1714954453.2138724, "task_uuid": "448598b8-83c4-4142-9d00-663fcb91a7df", "action_type": "LOG_RESULTS", "task_level": [3]}
{"action_status": "succeeded", "timestamp": 1714954453.2138724, "task_uuid": "448598b8-83c4-4142-9d00-663fcb91a7df", "action_type": "LOG_RESULTS", "task_level": [3]}
{"action_status": "started", "timestamp": 1714955450.6209219, "task_uuid": "4adb1e55-0c58-410b-abc5-08728c810082", "action_type": "LOG_RESULTS", "task_level": [1]}
{"action_status": "started", "timestamp": 1714955450.6209219, "task_uuid": "4adb1e55-0c58-410b-abc5-08728c810082", "action_type": "LOG_RESULTS", "task_level": [1]}
{"action_status": "started", "timestamp": 1714955450.6209219, "task_uuid": "4adb1e55-0c58-410b-abc5-08728c810082", "action_type": "LOG_RESULTS", "task_level": [1]}
{"action_status": "started", "timestamp": 1714955450.6209219, "task_uuid": "4adb1e55-0c58-410b-abc5-08728c810082", "action_type": "LOG_RESULTS", "task_level": [1]}
{"action_status": "started", "timestamp": 1714955450.6209219, "task_uuid": "4adb1e55-0c58-410b-abc5-08728c810082", "action_type": "LOG_RESULTS", "task_level": [1]}
{"action_status": "started", "timestamp": 1714955450.6209219, "task_uuid": "4adb1e55-0c58-410b-abc5-08728c810082", "action_type": "LOG_RESULTS", "task_level": [1]}
{"action_status": "started", "timestamp": 1714955450.6209219, "task_uuid": "4adb1e55-0c58-410b-abc5-08728c810082", "action_type": "LOG_RESULTS", "task_level": [1]}
{"action_status": "started", "timestamp": 1714955450.6209219, "task_uuid": "4adb1e55-0c58-410b-abc5-08728c810082", "action_type": "LOG_RESULTS", "task_level": [1]}
{"action_status": "started", "timestamp": 1714955450.6209219, "task_uuid": "4adb1e55-0c58-410b-abc5-08728c810082", "action_type": "LOG_RESULTS", "task_level": [1]}
{"action_status": "started", "timestamp": 1714955450.6209219, "task_uuid": "4adb1e55-0c58-410b-abc5-08728c810082", "action_type": "LOG_RESULTS", "task_level": [1]}
{"optimizer": "RIO", "no": "7", "best_result": ["0|1|2|3|4|5|6|7|8|9|10|11|12|13|21|22|20|18|19|15|23|17|16|14", 0.115], "run_allowance": 9500, "iterations": 500, "timestamp": 1714955450.621475, "task_uuid": "4adb1e55-0c58-410b-abc5-08728c810082", "task_level": [2], "message_type": "INFO"}
{"optimizer": "RIO", "no": "7", "best_result": ["0|1|2|3|4|5|6|7|8|9|10|11|12|13|21|22|20|18|19|15|23|17|16|14", 0.115], "run_allowance": 9500, "iterations": 500, "timestamp": 1714955450.621475, "task_uuid": "4adb1e55-0c58-410b-abc5-08728c810082", "task_level": [2], "message_type": "INFO"}
{"optimizer": "RIO", "no": "7", "best_result": ["0|1|2|3|4|5|6|7|8|9|10|11|12|13|21|22|20|18|19|15|23|17|16|14", 0.115], "run_allowance": 9500, "iterations": 500, "timestamp": 1714955450.621475, "task_uuid": "4adb1e55-0c58-410b-abc5-08728c810082", "task_level": [2], "message_type": "INFO"}
{"optimizer": "RIO", "no": "7", "best_result": ["0|1|2|3|4|5|6|7|8|9|10|11|12|13|21|22|20|18|19|15|23|17|16|14", 0.115], "run_allowance": 9500, "iterations": 500, "timestamp": 1714955450.621475, "task_uuid": "4adb1e55-0c58-410b-abc5-08728c810082", "task_level": [2], "message_type": "INFO"}
{"optimizer": "RIO", "no": "7", "best_result": ["0|1|2|3|4|5|6|7|8|9|10|11|12|13|21|22|20|18|19|15|23|17|16|14", 0.115], "run_allowance": 9500, "iterations": 500, "timestamp": 1714955450.621475, "task_uuid": "4adb1e55-0c58-410b-abc5-08728c810082", "task_level": [2], "message_type": "INFO"}
{"optimizer": "RIO", "no": "7", "best_result": ["0|1|2|3|4|5|6|7|8|9|10|11|12|13|21|22|20|18|19|15|23|17|16|14", 0.115], "run_allowance": 9500, "iterations": 500, "timestamp": 1714955450.621475, "task_uuid": "4adb1e55-0c58-410b-abc5-08728c810082", "task_level": [2], "message_type": "INFO"}
{"optimizer": "RIO", "no": "7", "best_result": ["0|1|2|3|4|5|6|7|8|9|10|11|12|13|21|22|20|18|19|15|23|17|16|14", 0.115], "run_allowance": 9500, "iterations": 500, "timestamp": 1714955450.621475, "task_uuid": "4adb1e55-0c58-410b-abc5-08728c810082", "task_level": [2], "message_type": "INFO"}
{"optimizer": "RIO", "no": "7", "best_result": ["0|1|2|3|4|5|6|7|8|9|10|11|12|13|21|22|20|18|19|15|23|17|16|14", 0.115], "run_allowance": 9500, "iterations": 500, "timestamp": 1714955450.621475, "task_uuid": "4adb1e55-0c58-410b-abc5-08728c810082", "task_level": [2], "message_type": "INFO"}
{"optimizer": "RIO", "no": "7", "best_result": ["0|1|2|3|4|5|6|7|8|9|10|11|12|13|21|22|20|18|19|15|23|17|16|14", 0.115], "run_allowance": 9500, "iterations": 500, "timestamp": 1714955450.621475, "task_uuid": "4adb1e55-0c58-410b-abc5-08728c810082", "task_level": [2], "message_type": "INFO"}
{"optimizer": "RIO", "no": "7", "best_result": ["0|1|2|3|4|5|6|7|8|9|10|11|12|13|21|22|20|18|19|15|23|17|16|14", 0.115], "run_allowance": 9500, "iterations": 500, "timestamp": 1714955450.621475, "task_uuid": "4adb1e55-0c58-410b-abc5-08728c810082", "task_level": [2], "message_type": "INFO"}
{"action_status": "succeeded", "timestamp": 1714955450.621841, "task_uuid": "4adb1e55-0c58-410b-abc5-08728c810082", "action_type": "LOG_RESULTS", "task_level": [3]}
{"action_status": "succeeded", "timestamp": 1714955450.621841, "task_uuid": "4adb1e55-0c58-410b-abc5-08728c810082", "action_type": "LOG_RESULTS", "task_level": [3]}
{"action_status": "succeeded", "timestamp": 1714955450.621841, "task_uuid": "4adb1e55-0c58-410b-abc5-08728c810082", "action_type": "LOG_RESULTS", "task_level": [3]}
{"action_status": "succeeded", "timestamp": 1714955450.621841, "task_uuid": "4adb1e55-0c58-410b-abc5-08728c810082", "action_type": "LOG_RESULTS", "task_level": [3]}
{"action_status": "succeeded", "timestamp": 1714955450.621841, "task_uuid": "4adb1e55-0c58-410b-abc5-08728c810082", "action_type": "LOG_RESULTS", "task_level": [3]}
{"action_status": "succeeded", "timestamp": 1714955450.621841, "task_uuid": "4adb1e55-0c58-410b-abc5-08728c810082", "action_type": "LOG_RESULTS", "task_level": [3]}
{"action_status": "succeeded", "timestamp": 1714955450.621841, "task_uuid": "4adb1e55-0c58-410b-abc5-08728c810082", "action_type": "LOG_RESULTS", "task_level": [3]}
{"action_status": "succeeded", "timestamp": 1714955450.621841, "task_uuid": "4adb1e55-0c58-410b-abc5-08728c810082", "action_type": "LOG_RESULTS", "task_level": [3]}
{"action_status": "succeeded", "timestamp": 1714955450.621841, "task_uuid": "4adb1e55-0c58-410b-abc5-08728c810082", "action_type": "LOG_RESULTS", "task_level": [3]}
{"action_status": "succeeded", "timestamp": 1714955450.621841, "task_uuid": "4adb1e55-0c58-410b-abc5-08728c810082", "action_type": "LOG_RESULTS", "task_level": [3]}
{"action_status": "started", "timestamp": 1714956476.9862914, "task_uuid": "35a93504-5bd3-4f50-a16e-8de1b31d5924", "action_type": "LOG_RESULTS", "task_level": [1]}
{"action_status": "started", "timestamp": 1714956476.9862914, "task_uuid": "35a93504-5bd3-4f50-a16e-8de1b31d5924", "action_type": "LOG_RESULTS", "task_level": [1]}
{"action_status": "started", "timestamp": 1714956476.9862914, "task_uuid": "35a93504-5bd3-4f50-a16e-8de1b31d5924", "action_type": "LOG_RESULTS", "task_level": [1]}
{"action_status": "started", "timestamp": 1714956476.9862914, "task_uuid": "35a93504-5bd3-4f50-a16e-8de1b31d5924", "action_type": "LOG_RESULTS", "task_level": [1]}
{"action_status": "started", "timestamp": 1714956476.9862914, "task_uuid": "35a93504-5bd3-4f50-a16e-8de1b31d5924", "action_type": "LOG_RESULTS", "task_level": [1]}
{"action_status": "started", "timestamp": 1714956476.9862914, "task_uuid": "35a93504-5bd3-4f50-a16e-8de1b31d5924", "action_type": "LOG_RESULTS", "task_level": [1]}
{"action_status": "started", "timestamp": 1714956476.9862914, "task_uuid": "35a93504-5bd3-4f50-a16e-8de1b31d5924", "action_type": "LOG_RESULTS", "task_level": [1]}
{"action_status": "started", "timestamp": 1714956476.9862914, "task_uuid": "35a93504-5bd3-4f50-a16e-8de1b31d5924", "action_type": "LOG_RESULTS", "task_level": [1]}
{"action_status": "started", "timestamp": 1714956476.9862914, "task_uuid": "35a93504-5bd3-4f50-a16e-8de1b31d5924", "action_type": "LOG_RESULTS", "task_level": [1]}
{"action_status": "started", "timestamp": 1714956476.9862914, "task_uuid": "35a93504-5bd3-4f50-a16e-8de1b31d5924", "action_type": "LOG_RESULTS", "task_level": [1]}
{"optimizer": "RIO", "no": "8", "best_result": ["0|1|2|3|4|5|6|7|8|9|10|11|12|13|22|23|15|14|21|16|20|17|19|18", 0.115], "run_allowance": 9500, "iterations": 500, "timestamp": 1714956476.986693, "task_uuid": "35a93504-5bd3-4f50-a16e-8de1b31d5924", "task_level": [2], "message_type": "INFO"}
{"optimizer": "RIO", "no": "8", "best_result": ["0|1|2|3|4|5|6|7|8|9|10|11|12|13|22|23|15|14|21|16|20|17|19|18", 0.115], "run_allowance": 9500, "iterations": 500, "timestamp": 1714956476.986693, "task_uuid": "35a93504-5bd3-4f50-a16e-8de1b31d5924", "task_level": [2], "message_type": "INFO"}
{"optimizer": "RIO", "no": "8", "best_result": ["0|1|2|3|4|5|6|7|8|9|10|11|12|13|22|23|15|14|21|16|20|17|19|18", 0.115], "run_allowance": 9500, "iterations": 500, "timestamp": 1714956476.986693, "task_uuid": "35a93504-5bd3-4f50-a16e-8de1b31d5924", "task_level": [2], "message_type": "INFO"}
{"optimizer": "RIO", "no": "8", "best_result": ["0|1|2|3|4|5|6|7|8|9|10|11|12|13|22|23|15|14|21|16|20|17|19|18", 0.115], "run_allowance": 9500, "iterations": 500, "timestamp": 1714956476.986693, "task_uuid": "35a93504-5bd3-4f50-a16e-8de1b31d5924", "task_level": [2], "message_type": "INFO"}
{"optimizer": "RIO", "no": "8", "best_result": ["0|1|2|3|4|5|6|7|8|9|10|11|12|13|22|23|15|14|21|16|20|17|19|18", 0.115], "run_allowance": 9500, "iterations": 500, "timestamp": 1714956476.986693, "task_uuid": "35a93504-5bd3-4f50-a16e-8de1b31d5924", "task_level": [2], "message_type": "INFO"}
{"optimizer": "RIO", "no": "8", "best_result": ["0|1|2|3|4|5|6|7|8|9|10|11|12|13|22|23|15|14|21|16|20|17|19|18", 0.115], "run_allowance": 9500, "iterations": 500, "timestamp": 1714956476.986693, "task_uuid": "35a93504-5bd3-4f50-a16e-8de1b31d5924", "task_level": [2], "message_type": "INFO"}
{"optimizer": "RIO", "no": "8", "best_result": ["0|1|2|3|4|5|6|7|8|9|10|11|12|13|22|23|15|14|21|16|20|17|19|18", 0.115], "run_allowance": 9500, "iterations": 500, "timestamp": 1714956476.986693, "task_uuid": "35a93504-5bd3-4f50-a16e-8de1b31d5924", "task_level": [2], "message_type": "INFO"}
{"optimizer": "RIO", "no": "8", "best_result": ["0|1|2|3|4|5|6|7|8|9|10|11|12|13|22|23|15|14|21|16|20|17|19|18", 0.115], "run_allowance": 9500, "iterations": 500, "timestamp": 1714956476.986693, "task_uuid": "35a93504-5bd3-4f50-a16e-8de1b31d5924", "task_level": [2], "message_type": "INFO"}
{"optimizer": "RIO", "no": "8", "best_result": ["0|1|2|3|4|5|6|7|8|9|10|11|12|13|22|23|15|14|21|16|20|17|19|18", 0.115], "run_allowance": 9500, "iterations": 500, "timestamp": 1714956476.986693, "task_uuid": "35a93504-5bd3-4f50-a16e-8de1b31d5924", "task_level": [2], "message_type": "INFO"}
{"optimizer": "RIO", "no": "8", "best_result": ["0|1|2|3|4|5|6|7|8|9|10|11|12|13|22|23|15|14|21|16|20|17|19|18", 0.115], "run_allowance": 9500, "iterations": 500, "timestamp": 1714956476.986693, "task_uuid": "35a93504-5bd3-4f50-a16e-8de1b31d5924", "task_level": [2], "message_type": "INFO"}
{"action_status": "succeeded", "timestamp": 1714956476.9870253, "task_uuid": "35a93504-5bd3-4f50-a16e-8de1b31d5924", "action_type": "LOG_RESULTS", "task_level": [3]}
{"action_status": "succeeded", "timestamp": 1714956476.9870253, "task_uuid": "35a93504-5bd3-4f50-a16e-8de1b31d5924", "action_type": "LOG_RESULTS", "task_level": [3]}
{"action_status": "succeeded", "timestamp": 1714956476.9870253, "task_uuid": "35a93504-5bd3-4f50-a16e-8de1b31d5924", "action_type": "LOG_RESULTS", "task_level": [3]}
{"action_status": "succeeded", "timestamp": 1714956476.9870253, "task_uuid": "35a93504-5bd3-4f50-a16e-8de1b31d5924", "action_type": "LOG_RESULTS", "task_level": [3]}
{"action_status": "succeeded", "timestamp": 1714956476.9870253, "task_uuid": "35a93504-5bd3-4f50-a16e-8de1b31d5924", "action_type": "LOG_RESULTS", "task_level": [3]}
{"action_status": "succeeded", "timestamp": 1714956476.9870253, "task_uuid": "35a93504-5bd3-4f50-a16e-8de1b31d5924", "action_type": "LOG_RESULTS", "task_level": [3]}
{"action_status": "succeeded", "timestamp": 1714956476.9870253, "task_uuid": "35a93504-5bd3-4f50-a16e-8de1b31d5924", "action_type": "LOG_RESULTS", "task_level": [3]}
{"action_status": "succeeded", "timestamp": 1714956476.9870253, "task_uuid": "35a93504-5bd3-4f50-a16e-8de1b31d5924", "action_type": "LOG_RESULTS", "task_level": [3]}
{"action_status": "succeeded", "timestamp": 1714956476.9870253, "task_uuid": "35a93504-5bd3-4f50-a16e-8de1b31d5924", "action_type": "LOG_RESULTS", "task_level": [3]}
{"action_status": "succeeded", "timestamp": 1714956476.9870253, "task_uuid": "35a93504-5bd3-4f50-a16e-8de1b31d5924", "action_type": "LOG_RESULTS", "task_level": [3]}
{"action_status": "started", "timestamp": 1714957472.8916717, "task_uuid": "2b6b7593-aacd-494e-87df-516c693e0737", "action_type": "LOG_RESULTS", "task_level": [1]}
{"action_status": "started", "timestamp": 1714957472.8916717, "task_uuid": "2b6b7593-aacd-494e-87df-516c693e0737", "action_type": "LOG_RESULTS", "task_level": [1]}
{"action_status": "started", "timestamp": 1714957472.8916717, "task_uuid": "2b6b7593-aacd-494e-87df-516c693e0737", "action_type": "LOG_RESULTS", "task_level": [1]}
{"action_status": "started", "timestamp": 1714957472.8916717, "task_uuid": "2b6b7593-aacd-494e-87df-516c693e0737", "action_type": "LOG_RESULTS", "task_level": [1]}
{"action_status": "started", "timestamp": 1714957472.8916717, "task_uuid": "2b6b7593-aacd-494e-87df-516c693e0737", "action_type": "LOG_RESULTS", "task_level": [1]}
{"action_status": "started", "timestamp": 1714957472.8916717, "task_uuid": "2b6b7593-aacd-494e-87df-516c693e0737", "action_type": "LOG_RESULTS", "task_level": [1]}
{"action_status": "started", "timestamp": 1714957472.8916717, "task_uuid": "2b6b7593-aacd-494e-87df-516c693e0737", "action_type": "LOG_RESULTS", "task_level": [1]}
{"action_status": "started", "timestamp": 1714957472.8916717, "task_uuid": "2b6b7593-aacd-494e-87df-516c693e0737", "action_type": "LOG_RESULTS", "task_level": [1]}
{"action_status": "started", "timestamp": 1714957472.8916717, "task_uuid": "2b6b7593-aacd-494e-87df-516c693e0737", "action_type": "LOG_RESULTS", "task_level": [1]}
{"action_status": "started", "timestamp": 1714957472.8916717, "task_uuid": "2b6b7593-aacd-494e-87df-516c693e0737", "action_type": "LOG_RESULTS", "task_level": [1]}
{"optimizer": "RIO", "no": "9", "best_result": ["0|1|2|3|4|5|6|7|8|9|10|11|12|13|23|21|17|14|15|19|22|16|18|20", 0.113], "run_allowance": 9500, "iterations": 500, "timestamp": 1714957472.8920846, "task_uuid": "2b6b7593-aacd-494e-87df-516c693e0737", "task_level": [2], "message_type": "INFO"}
{"optimizer": "RIO", "no": "9", "best_result": ["0|1|2|3|4|5|6|7|8|9|10|11|12|13|23|21|17|14|15|19|22|16|18|20", 0.113], "run_allowance": 9500, "iterations": 500, "timestamp": 1714957472.8920846, "task_uuid": "2b6b7593-aacd-494e-87df-516c693e0737", "task_level": [2], "message_type": "INFO"}
{"optimizer": "RIO", "no": "9", "best_result": ["0|1|2|3|4|5|6|7|8|9|10|11|12|13|23|21|17|14|15|19|22|16|18|20", 0.113], "run_allowance": 9500, "iterations": 500, "timestamp": 1714957472.8920846, "task_uuid": "2b6b7593-aacd-494e-87df-516c693e0737", "task_level": [2], "message_type": "INFO"}
{"optimizer": "RIO", "no": "9", "best_result": ["0|1|2|3|4|5|6|7|8|9|10|11|12|13|23|21|17|14|15|19|22|16|18|20", 0.113], "run_allowance": 9500, "iterations": 500, "timestamp": 1714957472.8920846, "task_uuid": "2b6b7593-aacd-494e-87df-516c693e0737", "task_level": [2], "message_type": "INFO"}
{"optimizer": "RIO", "no": "9", "best_result": ["0|1|2|3|4|5|6|7|8|9|10|11|12|13|23|21|17|14|15|19|22|16|18|20", 0.113], "run_allowance": 9500, "iterations": 500, "timestamp": 1714957472.8920846, "task_uuid": "2b6b7593-aacd-494e-87df-516c693e0737", "task_level": [2], "message_type": "INFO"}
{"optimizer": "RIO", "no": "9", "best_result": ["0|1|2|3|4|5|6|7|8|9|10|11|12|13|23|21|17|14|15|19|22|16|18|20", 0.113], "run_allowance": 9500, "iterations": 500, "timestamp": 1714957472.8920846, "task_uuid": "2b6b7593-aacd-494e-87df-516c693e0737", "task_level": [2], "message_type": "INFO"}
{"optimizer": "RIO", "no": "9", "best_result": ["0|1|2|3|4|5|6|7|8|9|10|11|12|13|23|21|17|14|15|19|22|16|18|20", 0.113], "run_allowance": 9500, "iterations": 500, "timestamp": 1714957472.8920846, "task_uuid": "2b6b7593-aacd-494e-87df-516c693e0737", "task_level": [2], "message_type": "INFO"}
{"optimizer": "RIO", "no": "9", "best_result": ["0|1|2|3|4|5|6|7|8|9|10|11|12|13|23|21|17|14|15|19|22|16|18|20", 0.113], "run_allowance": 9500, "iterations": 500, "timestamp": 1714957472.8920846, "task_uuid": "2b6b7593-aacd-494e-87df-516c693e0737", "task_level": [2], "message_type": "INFO"}
{"optimizer": "RIO", "no": "9", "best_result": ["0|1|2|3|4|5|6|7|8|9|10|11|12|13|23|21|17|14|15|19|22|16|18|20", 0.113], "run_allowance": 9500, "iterations": 500, "timestamp": 1714957472.8920846, "task_uuid": "2b6b7593-aacd-494e-87df-516c693e0737", "task_level": [2], "message_type": "INFO"}
{"optimizer": "RIO", "no": "9", "best_result": ["0|1|2|3|4|5|6|7|8|9|10|11|12|13|23|21|17|14|15|19|22|16|18|20", 0.113], "run_allowance": 9500, "iterations": 500, "timestamp": 1714957472.8920846, "task_uuid": "2b6b7593-aacd-494e-87df-516c693e0737", "task_level": [2], "message_type": "INFO"}
{"action_status": "succeeded", "timestamp": 1714957472.8924086, "task_uuid": "2b6b7593-aacd-494e-87df-516c693e0737", "action_type": "LOG_RESULTS", "task_level": [3]}
{"action_status": "succeeded", "timestamp": 1714957472.8924086, "task_uuid": "2b6b7593-aacd-494e-87df-516c693e0737", "action_type": "LOG_RESULTS", "task_level": [3]}
{"action_status": "succeeded", "timestamp": 1714957472.8924086, "task_uuid": "2b6b7593-aacd-494e-87df-516c693e0737", "action_type": "LOG_RESULTS", "task_level": [3]}
{"action_status": "succeeded", "timestamp": 1714957472.8924086, "task_uuid": "2b6b7593-aacd-494e-87df-516c693e0737", "action_type": "LOG_RESULTS", "task_level": [3]}
{"action_status": "succeeded", "timestamp": 1714957472.8924086, "task_uuid": "2b6b7593-aacd-494e-87df-516c693e0737", "action_type": "LOG_RESULTS", "task_level": [3]}
{"action_status": "succeeded", "timestamp": 1714957472.8924086, "task_uuid": "2b6b7593-aacd-494e-87df-516c693e0737", "action_type": "LOG_RESULTS", "task_level": [3]}
{"action_status": "succeeded", "timestamp": 1714957472.8924086, "task_uuid": "2b6b7593-aacd-494e-87df-516c693e0737", "action_type": "LOG_RESULTS", "task_level": [3]}
{"action_status": "succeeded", "timestamp": 1714957472.8924086, "task_uuid": "2b6b7593-aacd-494e-87df-516c693e0737", "action_type": "LOG_RESULTS", "task_level": [3]}
{"action_status": "succeeded", "timestamp": 1714957472.8924086, "task_uuid": "2b6b7593-aacd-494e-87df-516c693e0737", "action_type": "LOG_RESULTS", "task_level": [3]}
{"action_status": "succeeded", "timestamp": 1714957472.8924086, "task_uuid": "2b6b7593-aacd-494e-87df-516c693e0737", "action_type": "LOG_RESULTS", "task_level": [3]}
