{"test_path": "real/cacheprof", "test_desc": "Boca_Rerun_3", "action_status": "started", "timestamp": 1698727861.9057634, "task_uuid": "1944d7f5-2f90-46dd-9ed4-8e18cebe620f", "action_type": "OPTIMIZER_CREATION", "task_level": [1]}
{"action_status": "started", "timestamp": 1698727861.9062262, "task_uuid": "1944d7f5-2f90-46dd-9ed4-8e18cebe620f", "action_type": "LOG_RESULTS", "task_level": [2, 1]}
{"action_status": "succeeded", "timestamp": 1698727861.9073691, "task_uuid": "1944d7f5-2f90-46dd-9ed4-8e18cebe620f", "action_type": "OPTIMIZER_CREATION", "task_level": [3]}
{"action_status": "started", "timestamp": 1698728585.4326417, "task_uuid": "e320bc98-cce3-4b09-9ebf-df17b2e4a365", "action_type": "ERROR_CANDIDATE", "task_level": [1]}
{"optimizer": "BOCA", "message": "No unique candidate found.", "iteration": 160, "all_candidates": [], "timestamp": 1698728585.4328516, "task_uuid": "e320bc98-cce3-4b09-9ebf-df17b2e4a365", "task_level": [2], "message_type": "ERROR"}
{"action_status": "succeeded", "timestamp": 1698728585.432919, "task_uuid": "e320bc98-cce3-4b09-9ebf-df17b2e4a365", "action_type": "ERROR_CANDIDATE", "task_level": [3]}
{"action_status": "started", "timestamp": 1698728588.4551241, "task_uuid": "02617c4d-6bb7-48ee-a8d0-02b039aac572", "action_type": "ERROR_CANDIDATE", "task_level": [1]}
{"optimizer": "BOCA", "message": "No unique candidate found.", "iteration": 161, "all_candidates": [], "timestamp": 1698728588.455237, "task_uuid": "02617c4d-6bb7-48ee-a8d0-02b039aac572", "task_level": [2], "message_type": "ERROR"}
{"action_status": "succeeded", "timestamp": 1698728588.4552963, "task_uuid": "02617c4d-6bb7-48ee-a8d0-02b039aac572", "action_type": "ERROR_CANDIDATE", "task_level": [3]}
{"action_status": "started", "timestamp": 1698728591.4322224, "task_uuid": "0c86c651-b983-4e29-9bd3-040a7ab75a4a", "action_type": "ERROR_CANDIDATE", "task_level": [1]}
{"optimizer": "BOCA", "message": "No unique candidate found.", "iteration": 162, "all_candidates": [], "timestamp": 1698728591.4323416, "task_uuid": "0c86c651-b983-4e29-9bd3-040a7ab75a4a", "task_level": [2], "message_type": "ERROR"}
{"action_status": "succeeded", "timestamp": 1698728591.432399, "task_uuid": "0c86c651-b983-4e29-9bd3-040a7ab75a4a", "action_type": "ERROR_CANDIDATE", "task_level": [3]}
{"action_status": "started", "timestamp": 1698728594.4338007, "task_uuid": "20873353-abda-44f9-afef-fe6c9280a07f", "action_type": "ERROR_CANDIDATE", "task_level": [1]}
{"optimizer": "BOCA", "message": "No unique candidate found.", "iteration": 163, "all_candidates": [], "timestamp": 1698728594.4339173, "task_uuid": "20873353-abda-44f9-afef-fe6c9280a07f", "task_level": [2], "message_type": "ERROR"}
{"action_status": "succeeded", "timestamp": 1698728594.4339745, "task_uuid": "20873353-abda-44f9-afef-fe6c9280a07f", "action_type": "ERROR_CANDIDATE", "task_level": [3]}
{"action_status": "started", "timestamp": 1698728597.3876455, "task_uuid": "40b4a811-fb46-4b45-8a96-2b6ddfbd309d", "action_type": "ERROR_CANDIDATE", "task_level": [1]}
{"optimizer": "BOCA", "message": "No unique candidate found.", "iteration": 164, "all_candidates": [], "timestamp": 1698728597.387767, "task_uuid": "40b4a811-fb46-4b45-8a96-2b6ddfbd309d", "task_level": [2], "message_type": "ERROR"}
{"action_status": "succeeded", "timestamp": 1698728597.3878255, "task_uuid": "40b4a811-fb46-4b45-8a96-2b6ddfbd309d", "action_type": "ERROR_CANDIDATE", "task_level": [3]}
{"action_status": "started", "timestamp": 1698728600.375297, "task_uuid": "9f11e470-7e50-4a05-b94b-9af829e3ac9f", "action_type": "ERROR_CANDIDATE", "task_level": [1]}
{"optimizer": "BOCA", "message": "No unique candidate found.", "iteration": 165, "all_candidates": [], "timestamp": 1698728600.3754122, "task_uuid": "9f11e470-7e50-4a05-b94b-9af829e3ac9f", "task_level": [2], "message_type": "ERROR"}
{"action_status": "succeeded", "timestamp": 1698728600.3754697, "task_uuid": "9f11e470-7e50-4a05-b94b-9af829e3ac9f", "action_type": "ERROR_CANDIDATE", "task_level": [3]}
{"action_status": "started", "timestamp": 1698728603.2163775, "task_uuid": "3cbd4ef2-cf9a-4c52-9401-1bcc3ca2eaa0", "action_type": "ERROR_CANDIDATE", "task_level": [1]}
{"optimizer": "BOCA", "message": "No unique candidate found.", "iteration": 166, "all_candidates": [], "timestamp": 1698728603.2165384, "task_uuid": "3cbd4ef2-cf9a-4c52-9401-1bcc3ca2eaa0", "task_level": [2], "message_type": "ERROR"}
{"action_status": "succeeded", "timestamp": 1698728603.2165992, "task_uuid": "3cbd4ef2-cf9a-4c52-9401-1bcc3ca2eaa0", "action_type": "ERROR_CANDIDATE", "task_level": [3]}
{"action_status": "started", "timestamp": 1698728606.1962872, "task_uuid": "632c4c26-654d-4603-9588-e97d49f02b39", "action_type": "ERROR_CANDIDATE", "task_level": [1]}
{"optimizer": "BOCA", "message": "No unique candidate found.", "iteration": 167, "all_candidates": [], "timestamp": 1698728606.1964035, "task_uuid": "632c4c26-654d-4603-9588-e97d49f02b39", "task_level": [2], "message_type": "ERROR"}
{"action_status": "succeeded", "timestamp": 1698728606.1964602, "task_uuid": "632c4c26-654d-4603-9588-e97d49f02b39", "action_type": "ERROR_CANDIDATE", "task_level": [3]}
{"action_status": "started", "timestamp": 1698728609.2311127, "task_uuid": "c056d12f-5136-4247-9295-cbf2e5e41ac5", "action_type": "ERROR_CANDIDATE", "task_level": [1]}
{"optimizer": "BOCA", "message": "No unique candidate found.", "iteration": 168, "all_candidates": [], "timestamp": 1698728609.2312343, "task_uuid": "c056d12f-5136-4247-9295-cbf2e5e41ac5", "task_level": [2], "message_type": "ERROR"}
{"action_status": "succeeded", "timestamp": 1698728609.231293, "task_uuid": "c056d12f-5136-4247-9295-cbf2e5e41ac5", "action_type": "ERROR_CANDIDATE", "task_level": [3]}
{"action_status": "started", "timestamp": 1698728612.2493422, "task_uuid": "af347c5e-2c0d-4d80-bcae-a45ece5b6286", "action_type": "ERROR_CANDIDATE", "task_level": [1]}
{"optimizer": "BOCA", "message": "No unique candidate found.", "iteration": 169, "all_candidates": [], "timestamp": 1698728612.2494624, "task_uuid": "af347c5e-2c0d-4d80-bcae-a45ece5b6286", "task_level": [2], "message_type": "ERROR"}
{"action_status": "succeeded", "timestamp": 1698728612.24952, "task_uuid": "af347c5e-2c0d-4d80-bcae-a45ece5b6286", "action_type": "ERROR_CANDIDATE", "task_level": [3]}
{"action_status": "started", "timestamp": 1698728612.6603663, "task_uuid": "03065680-6725-45e0-a6d3-c1acd03a8061", "action_type": "LOG_RESULTS", "task_level": [1]}
{"optimizer": "BOCA", "no": "0", "best_result": [["-O0", "-fcpr-anal", "-fno-state-hack", "-fvectorise", "-funfolding-use-threshold=60", "-O0", "-ffloat-in", "-fcase-merge", "-fliberate-case", "-fdicts-strict", "-funfolding-creation-threshold=750", "-fspec-constr-threshold=2000", "-fcse", "-fmax-simplifier-iterations=4", "-fomit-interface-pragmas", "-fspec-constr", "-fignore-asserts", "-fenable-rewrite-rules", "-funbox-strict-fields", "-fno-opt-coercion", "-fmax-inline-memcpy-insns=32", "-ffun-to-thunk", "-funfolding-dict-discount=30", "-fsimpl-tick-factor=100", "-fregs-iterative", "-fdicts-cheap", "-fspec-constr-count=3", "-fcmm-elim-common-blocks", "-fpedantic-bottoms", "-fsimplifier-phases=2", "-fworker-wrapper", "-fmax-relevant-binds=6"], 0.435], "run_allowance": 334, "iterations": 0, "timestamp": 1698728612.6604755, "task_uuid": "03065680-6725-45e0-a6d3-c1acd03a8061", "task_level": [2], "message_type": "INFO"}
{"action_status": "succeeded", "timestamp": 1698728612.660561, "task_uuid": "03065680-6725-45e0-a6d3-c1acd03a8061", "action_type": "LOG_RESULTS", "task_level": [3]}
