{"test_path": "real/cacheprof", "test_desc": "PO-GRID-STUFF", "action_status": "started", "timestamp": 1710809064.527874, "task_uuid": "28937324-e43f-4c39-ac6b-9d5d2d72b0c0", "action_type": "OPTIMIZER_CREATION", "task_level": [1]}
{"action_status": "started", "timestamp": 1710809064.5283828, "task_uuid": "28937324-e43f-4c39-ac6b-9d5d2d72b0c0", "action_type": "LOG_RESULTS", "task_level": [2, 1]}
{"action_status": "succeeded", "timestamp": 1710809064.53276, "task_uuid": "28937324-e43f-4c39-ac6b-9d5d2d72b0c0", "action_type": "OPTIMIZER_CREATION", "task_level": [3]}
{"action_status": "started", "timestamp": 1710809336.3852599, "task_uuid": "08df4018-7812-4c88-b92d-2f98611b2bde", "action_type": "GRIDSEARCH_RESULTS", "task_level": [1]}
{"optimizer": "BOCA", "best_params": "{'max_depth': 5, 'max_features': 'sqrt', 'min_samples_leaf': 1, 'n_estimators': 100, 'n_jobs': -1}", "best_score": "0.4326801684407096", "timestamp": 1710809336.387771, "task_uuid": "08df4018-7812-4c88-b92d-2f98611b2bde", "task_level": [2], "message_type": "INFO"}
{"action_status": "succeeded", "timestamp": 1710809336.3878782, "task_uuid": "08df4018-7812-4c88-b92d-2f98611b2bde", "action_type": "GRIDSEARCH_RESULTS", "task_level": [3]}
{"action_status": "started", "timestamp": 1710809467.2304454, "task_uuid": "8f8b1b17-45ad-4aaa-9baa-86d5ba8b9c23", "action_type": "GRIDSEARCH_RESULTS", "task_level": [1]}
{"optimizer": "BOCA", "best_params": "{'max_depth': 10, 'max_features': 'sqrt', 'min_samples_leaf': 2, 'n_estimators': 10, 'n_jobs': -1}", "best_score": "0.46955755568457086", "timestamp": 1710809467.2309737, "task_uuid": "8f8b1b17-45ad-4aaa-9baa-86d5ba8b9c23", "task_level": [2], "message_type": "INFO"}
{"action_status": "succeeded", "timestamp": 1710809467.2310586, "task_uuid": "8f8b1b17-45ad-4aaa-9baa-86d5ba8b9c23", "action_type": "GRIDSEARCH_RESULTS", "task_level": [3]}
{"action_status": "started", "timestamp": 1710809602.9327607, "task_uuid": "faec4b6e-725a-46d3-abbd-a1267a5e61cf", "action_type": "GRIDSEARCH_RESULTS", "task_level": [1]}
{"optimizer": "BOCA", "best_params": "{'max_depth': 3, 'max_features': 'sqrt', 'min_samples_leaf': 1, 'n_estimators': 10, 'n_jobs': -1}", "best_score": "0.3583471332455404", "timestamp": 1710809602.9334745, "task_uuid": "faec4b6e-725a-46d3-abbd-a1267a5e61cf", "task_level": [2], "message_type": "INFO"}
{"action_status": "succeeded", "timestamp": 1710809602.9335914, "task_uuid": "faec4b6e-725a-46d3-abbd-a1267a5e61cf", "action_type": "GRIDSEARCH_RESULTS", "task_level": [3]}
{"action_status": "started", "timestamp": 1710809736.639031, "task_uuid": "0cedcb8a-7bec-43ab-b741-22b2de708ba3", "action_type": "GRIDSEARCH_RESULTS", "task_level": [1]}
{"optimizer": "BOCA", "best_params": "{'max_depth': None, 'max_features': 'sqrt', 'min_samples_leaf': 1, 'n_estimators': 10, 'n_jobs': -1}", "best_score": "0.2989499797987302", "timestamp": 1710809736.6395557, "task_uuid": "0cedcb8a-7bec-43ab-b741-22b2de708ba3", "task_level": [2], "message_type": "INFO"}
{"action_status": "succeeded", "timestamp": 1710809736.639642, "task_uuid": "0cedcb8a-7bec-43ab-b741-22b2de708ba3", "action_type": "GRIDSEARCH_RESULTS", "task_level": [3]}
{"action_status": "started", "timestamp": 1710809869.6369548, "task_uuid": "d4a19001-1180-480e-84ad-335f029066ee", "action_type": "GRIDSEARCH_RESULTS", "task_level": [1]}
{"optimizer": "BOCA", "best_params": "{'max_depth': 5, 'max_features': 3, 'min_samples_leaf': 1, 'n_estimators': 10, 'n_jobs': -1}", "best_score": "0.09899234916755302", "timestamp": 1710809869.6375358, "task_uuid": "d4a19001-1180-480e-84ad-335f029066ee", "task_level": [2], "message_type": "INFO"}
{"action_status": "succeeded", "timestamp": 1710809869.6376576, "task_uuid": "d4a19001-1180-480e-84ad-335f029066ee", "action_type": "GRIDSEARCH_RESULTS", "task_level": [3]}
{"action_status": "started", "timestamp": 1710810003.4871304, "task_uuid": "503c5bf3-c86d-4b5a-b433-258b07c9bb31", "action_type": "GRIDSEARCH_RESULTS", "task_level": [1]}
{"optimizer": "BOCA", "best_params": "{'max_depth': 3, 'max_features': 'sqrt', 'min_samples_leaf': 1, 'n_estimators': 250, 'n_jobs': -1}", "best_score": "-0.05180115462007947", "timestamp": 1710810003.487733, "task_uuid": "503c5bf3-c86d-4b5a-b433-258b07c9bb31", "task_level": [2], "message_type": "INFO"}
{"action_status": "succeeded", "timestamp": 1710810003.4878669, "task_uuid": "503c5bf3-c86d-4b5a-b433-258b07c9bb31", "action_type": "GRIDSEARCH_RESULTS", "task_level": [3]}
{"action_status": "started", "timestamp": 1710810142.8986785, "task_uuid": "013d1348-6fc7-4694-aa9d-70ff47a3b240", "action_type": "GRIDSEARCH_RESULTS", "task_level": [1]}
{"optimizer": "BOCA", "best_params": "{'max_depth': 10, 'max_features': 'sqrt', 'min_samples_leaf': 2, 'n_estimators': 10, 'n_jobs': -1}", "best_score": "0.212064424786642", "timestamp": 1710810142.899306, "task_uuid": "013d1348-6fc7-4694-aa9d-70ff47a3b240", "task_level": [2], "message_type": "INFO"}
{"action_status": "succeeded", "timestamp": 1710810142.8994384, "task_uuid": "013d1348-6fc7-4694-aa9d-70ff47a3b240", "action_type": "GRIDSEARCH_RESULTS", "task_level": [3]}
{"action_status": "started", "timestamp": 1710810287.4025307, "task_uuid": "21643c7d-254e-4471-be3a-0280d5f6c630", "action_type": "GRIDSEARCH_RESULTS", "task_level": [1]}
{"optimizer": "BOCA", "best_params": "{'max_depth': 10, 'max_features': 'sqrt', 'min_samples_leaf': 1, 'n_estimators': 100, 'n_jobs': -1}", "best_score": "0.09451092704363177", "timestamp": 1710810287.4030826, "task_uuid": "21643c7d-254e-4471-be3a-0280d5f6c630", "task_level": [2], "message_type": "INFO"}
{"action_status": "succeeded", "timestamp": 1710810287.403187, "task_uuid": "21643c7d-254e-4471-be3a-0280d5f6c630", "action_type": "GRIDSEARCH_RESULTS", "task_level": [3]}
{"action_status": "started", "timestamp": 1710810428.4853837, "task_uuid": "74fe71c1-9e44-4ebc-bd4a-8e365f0f460e", "action_type": "GRIDSEARCH_RESULTS", "task_level": [1]}
{"optimizer": "BOCA", "best_params": "{'max_depth': 10, 'max_features': 'sqrt', 'min_samples_leaf': 2, 'n_estimators': 10, 'n_jobs': -1}", "best_score": "-0.026649783453639813", "timestamp": 1710810428.486379, "task_uuid": "74fe71c1-9e44-4ebc-bd4a-8e365f0f460e", "task_level": [2], "message_type": "INFO"}
{"action_status": "succeeded", "timestamp": 1710810428.4864972, "task_uuid": "74fe71c1-9e44-4ebc-bd4a-8e365f0f460e", "action_type": "GRIDSEARCH_RESULTS", "task_level": [3]}
{"action_status": "started", "timestamp": 1710810567.465937, "task_uuid": "5d3d3d1f-46e4-4df7-ab2b-51c6f94dea4d", "action_type": "GRIDSEARCH_RESULTS", "task_level": [1]}
{"optimizer": "BOCA", "best_params": "{'max_depth': 3, 'max_features': 'sqrt', 'min_samples_leaf': 1, 'n_estimators': 10, 'n_jobs': -1}", "best_score": "0.23305753639158688", "timestamp": 1710810567.4669607, "task_uuid": "5d3d3d1f-46e4-4df7-ab2b-51c6f94dea4d", "task_level": [2], "message_type": "INFO"}
{"action_status": "succeeded", "timestamp": 1710810567.4670644, "task_uuid": "5d3d3d1f-46e4-4df7-ab2b-51c6f94dea4d", "action_type": "GRIDSEARCH_RESULTS", "task_level": [3]}
{"action_status": "started", "timestamp": 1710810708.7784567, "task_uuid": "72ab48b8-a88e-413a-8b31-d87b2c1d2f28", "action_type": "GRIDSEARCH_RESULTS", "task_level": [1]}
{"optimizer": "BOCA", "best_params": "{'max_depth': 3, 'max_features': 'sqrt', 'min_samples_leaf': 1, 'n_estimators': 250, 'n_jobs': -1}", "best_score": "0.21919467351993008", "timestamp": 1710810708.7790267, "task_uuid": "72ab48b8-a88e-413a-8b31-d87b2c1d2f28", "task_level": [2], "message_type": "INFO"}
{"action_status": "succeeded", "timestamp": 1710810708.7791247, "task_uuid": "72ab48b8-a88e-413a-8b31-d87b2c1d2f28", "action_type": "GRIDSEARCH_RESULTS", "task_level": [3]}
{"action_status": "started", "timestamp": 1710810850.4969358, "task_uuid": "faefe71c-8b69-4cfb-94fd-658eba922b05", "action_type": "GRIDSEARCH_RESULTS", "task_level": [1]}
{"optimizer": "BOCA", "best_params": "{'max_depth': None, 'max_features': 'sqrt', 'min_samples_leaf': 1, 'n_estimators': 100, 'n_jobs': -1}", "best_score": "0.35213834870757527", "timestamp": 1710810850.4980018, "task_uuid": "faefe71c-8b69-4cfb-94fd-658eba922b05", "task_level": [2], "message_type": "INFO"}
{"action_status": "succeeded", "timestamp": 1710810850.4981165, "task_uuid": "faefe71c-8b69-4cfb-94fd-658eba922b05", "action_type": "GRIDSEARCH_RESULTS", "task_level": [3]}
{"action_status": "started", "timestamp": 1710811000.9862108, "task_uuid": "2d5b6c67-8322-4ffc-a282-bb12d4cb4e06", "action_type": "GRIDSEARCH_RESULTS", "task_level": [1]}
{"optimizer": "BOCA", "best_params": "{'max_depth': 10, 'max_features': 'sqrt', 'min_samples_leaf': 2, 'n_estimators': 250, 'n_jobs': -1}", "best_score": "0.37864476781594675", "timestamp": 1710811000.9868422, "task_uuid": "2d5b6c67-8322-4ffc-a282-bb12d4cb4e06", "task_level": [2], "message_type": "INFO"}
{"action_status": "succeeded", "timestamp": 1710811000.9869375, "task_uuid": "2d5b6c67-8322-4ffc-a282-bb12d4cb4e06", "action_type": "GRIDSEARCH_RESULTS", "task_level": [3]}
{"action_status": "started", "timestamp": 1710811147.820367, "task_uuid": "de62cf5f-e585-4c68-8461-a8823ab3673e", "action_type": "GRIDSEARCH_RESULTS", "task_level": [1]}
{"optimizer": "BOCA", "best_params": "{'max_depth': 10, 'max_features': 'sqrt', 'min_samples_leaf': 2, 'n_estimators': 10, 'n_jobs': -1}", "best_score": "0.36294141867538837", "timestamp": 1710811147.8247237, "task_uuid": "de62cf5f-e585-4c68-8461-a8823ab3673e", "task_level": [2], "message_type": "INFO"}
{"action_status": "succeeded", "timestamp": 1710811147.8248336, "task_uuid": "de62cf5f-e585-4c68-8461-a8823ab3673e", "action_type": "GRIDSEARCH_RESULTS", "task_level": [3]}
{"action_status": "started", "timestamp": 1710811292.1914327, "task_uuid": "69ca1fed-c254-4dd6-92f2-595e55bfcfaa", "action_type": "GRIDSEARCH_RESULTS", "task_level": [1]}
{"optimizer": "BOCA", "best_params": "{'max_depth': 10, 'max_features': 'sqrt', 'min_samples_leaf': 3, 'n_estimators': 10, 'n_jobs': -1}", "best_score": "0.32087947413656753", "timestamp": 1710811292.1919894, "task_uuid": "69ca1fed-c254-4dd6-92f2-595e55bfcfaa", "task_level": [2], "message_type": "INFO"}
{"action_status": "succeeded", "timestamp": 1710811292.1921449, "task_uuid": "69ca1fed-c254-4dd6-92f2-595e55bfcfaa", "action_type": "GRIDSEARCH_RESULTS", "task_level": [3]}
{"action_status": "started", "timestamp": 1710811435.521752, "task_uuid": "32e7bfef-3884-4b52-b853-a98e763a4ae7", "action_type": "GRIDSEARCH_RESULTS", "task_level": [1]}
{"optimizer": "BOCA", "best_params": "{'max_depth': 5, 'max_features': 'sqrt', 'min_samples_leaf': 3, 'n_estimators': 10, 'n_jobs': -1}", "best_score": "0.3138721924703619", "timestamp": 1710811435.5226216, "task_uuid": "32e7bfef-3884-4b52-b853-a98e763a4ae7", "task_level": [2], "message_type": "INFO"}
{"action_status": "succeeded", "timestamp": 1710811435.522725, "task_uuid": "32e7bfef-3884-4b52-b853-a98e763a4ae7", "action_type": "GRIDSEARCH_RESULTS", "task_level": [3]}
{"action_status": "started", "timestamp": 1710811579.8791516, "task_uuid": "6e6efa1b-a9c4-4356-bc15-5373cd755ffa", "action_type": "GRIDSEARCH_RESULTS", "task_level": [1]}
{"optimizer": "BOCA", "best_params": "{'max_depth': 5, 'max_features': 'sqrt', 'min_samples_leaf': 1, 'n_estimators': 250, 'n_jobs': -1}", "best_score": "0.2621396398261678", "timestamp": 1710811579.8797967, "task_uuid": "6e6efa1b-a9c4-4356-bc15-5373cd755ffa", "task_level": [2], "message_type": "INFO"}
{"action_status": "succeeded", "timestamp": 1710811579.8798892, "task_uuid": "6e6efa1b-a9c4-4356-bc15-5373cd755ffa", "action_type": "GRIDSEARCH_RESULTS", "task_level": [3]}
{"action_status": "started", "timestamp": 1710811734.4989414, "task_uuid": "94b519fc-1b6f-4098-b1d3-524261feb8a6", "action_type": "GRIDSEARCH_RESULTS", "task_level": [1]}
{"optimizer": "BOCA", "best_params": "{'max_depth': 10, 'max_features': 'sqrt', 'min_samples_leaf': 2, 'n_estimators': 100, 'n_jobs': -1}", "best_score": "0.1833621082489916", "timestamp": 1710811734.499612, "task_uuid": "94b519fc-1b6f-4098-b1d3-524261feb8a6", "task_level": [2], "message_type": "INFO"}
{"action_status": "succeeded", "timestamp": 1710811734.4997084, "task_uuid": "94b519fc-1b6f-4098-b1d3-524261feb8a6", "action_type": "GRIDSEARCH_RESULTS", "task_level": [3]}
{"action_status": "started", "timestamp": 1710811897.9032495, "task_uuid": "8bcb11cb-8022-416a-9f27-41e892789144", "action_type": "GRIDSEARCH_RESULTS", "task_level": [1]}
{"optimizer": "BOCA", "best_params": "{'max_depth': None, 'max_features': 'sqrt', 'min_samples_leaf': 2, 'n_estimators': 200, 'n_jobs': -1}", "best_score": "0.2337646701492705", "timestamp": 1710811897.9038668, "task_uuid": "8bcb11cb-8022-416a-9f27-41e892789144", "task_level": [2], "message_type": "INFO"}
{"action_status": "succeeded", "timestamp": 1710811897.9039483, "task_uuid": "8bcb11cb-8022-416a-9f27-41e892789144", "action_type": "GRIDSEARCH_RESULTS", "task_level": [3]}
{"action_status": "started", "timestamp": 1710812047.6063669, "task_uuid": "191a1b4f-b086-4247-a6aa-b8e77583aa5b", "action_type": "GRIDSEARCH_RESULTS", "task_level": [1]}
{"optimizer": "BOCA", "best_params": "{'max_depth': None, 'max_features': 'sqrt', 'min_samples_leaf': 1, 'n_estimators': 100, 'n_jobs': -1}", "best_score": "0.24615231116207903", "timestamp": 1710812047.6069305, "task_uuid": "191a1b4f-b086-4247-a6aa-b8e77583aa5b", "task_level": [2], "message_type": "INFO"}
{"action_status": "succeeded", "timestamp": 1710812047.6070156, "task_uuid": "191a1b4f-b086-4247-a6aa-b8e77583aa5b", "action_type": "GRIDSEARCH_RESULTS", "task_level": [3]}
{"action_status": "started", "timestamp": 1710812204.3202364, "task_uuid": "a9ca4341-1e8b-4e33-9024-3269b7c2bef6", "action_type": "GRIDSEARCH_RESULTS", "task_level": [1]}
{"optimizer": "BOCA", "best_params": "{'max_depth': None, 'max_features': 'sqrt', 'min_samples_leaf': 2, 'n_estimators': 250, 'n_jobs': -1}", "best_score": "0.25879105927451634", "timestamp": 1710812204.3208127, "task_uuid": "a9ca4341-1e8b-4e33-9024-3269b7c2bef6", "task_level": [2], "message_type": "INFO"}
{"action_status": "succeeded", "timestamp": 1710812204.3209052, "task_uuid": "a9ca4341-1e8b-4e33-9024-3269b7c2bef6", "action_type": "GRIDSEARCH_RESULTS", "task_level": [3]}
{"action_status": "started", "timestamp": 1710812365.4069474, "task_uuid": "70aadb05-e588-41ae-8fa3-08ef87cf73cb", "action_type": "GRIDSEARCH_RESULTS", "task_level": [1]}
{"optimizer": "BOCA", "best_params": "{'max_depth': 5, 'max_features': 'sqrt', 'min_samples_leaf': 2, 'n_estimators': 100, 'n_jobs': -1}", "best_score": "0.22906702879413143", "timestamp": 1710812365.407459, "task_uuid": "70aadb05-e588-41ae-8fa3-08ef87cf73cb", "task_level": [2], "message_type": "INFO"}
{"action_status": "succeeded", "timestamp": 1710812365.4075568, "task_uuid": "70aadb05-e588-41ae-8fa3-08ef87cf73cb", "action_type": "GRIDSEARCH_RESULTS", "task_level": [3]}
{"action_status": "started", "timestamp": 1710812518.2164755, "task_uuid": "ef2fa465-9e8b-4d51-bd34-0172d5380351", "action_type": "GRIDSEARCH_RESULTS", "task_level": [1]}
{"optimizer": "BOCA", "best_params": "{'max_depth': 5, 'max_features': 'sqrt', 'min_samples_leaf': 1, 'n_estimators': 10, 'n_jobs': -1}", "best_score": "0.34036262395411815", "timestamp": 1710812518.2169945, "task_uuid": "ef2fa465-9e8b-4d51-bd34-0172d5380351", "task_level": [2], "message_type": "INFO"}
{"action_status": "succeeded", "timestamp": 1710812518.2170794, "task_uuid": "ef2fa465-9e8b-4d51-bd34-0172d5380351", "action_type": "GRIDSEARCH_RESULTS", "task_level": [3]}
{"action_status": "started", "timestamp": 1710812668.8772993, "task_uuid": "e75ffafd-2025-4668-93af-92e66754ddd5", "action_type": "GRIDSEARCH_RESULTS", "task_level": [1]}
{"optimizer": "BOCA", "best_params": "{'max_depth': None, 'max_features': 'sqrt', 'min_samples_leaf': 1, 'n_estimators': 100, 'n_jobs': -1}", "best_score": "0.18553395647293705", "timestamp": 1710812668.8778255, "task_uuid": "e75ffafd-2025-4668-93af-92e66754ddd5", "task_level": [2], "message_type": "INFO"}
{"action_status": "succeeded", "timestamp": 1710812668.877914, "task_uuid": "e75ffafd-2025-4668-93af-92e66754ddd5", "action_type": "GRIDSEARCH_RESULTS", "task_level": [3]}
{"action_status": "started", "timestamp": 1710812820.8432148, "task_uuid": "16f1b894-f7ce-420b-abe7-e028fa8e517f", "action_type": "GRIDSEARCH_RESULTS", "task_level": [1]}
{"optimizer": "BOCA", "best_params": "{'max_depth': 5, 'max_features': 'sqrt', 'min_samples_leaf': 1, 'n_estimators': 10, 'n_jobs': -1}", "best_score": "0.26839846404291035", "timestamp": 1710812820.8437488, "task_uuid": "16f1b894-f7ce-420b-abe7-e028fa8e517f", "task_level": [2], "message_type": "INFO"}
{"action_status": "succeeded", "timestamp": 1710812820.843919, "task_uuid": "16f1b894-f7ce-420b-abe7-e028fa8e517f", "action_type": "GRIDSEARCH_RESULTS", "task_level": [3]}
{"action_status": "started", "timestamp": 1710812974.5161884, "task_uuid": "730ce0c8-1c89-426f-bb72-dc8e3c4b3700", "action_type": "GRIDSEARCH_RESULTS", "task_level": [1]}
{"optimizer": "BOCA", "best_params": "{'max_depth': None, 'max_features': 'sqrt', 'min_samples_leaf': 1, 'n_estimators': 10, 'n_jobs': -1}", "best_score": "0.2616686420208583", "timestamp": 1710812974.5167253, "task_uuid": "730ce0c8-1c89-426f-bb72-dc8e3c4b3700", "task_level": [2], "message_type": "INFO"}
{"action_status": "succeeded", "timestamp": 1710812974.5168126, "task_uuid": "730ce0c8-1c89-426f-bb72-dc8e3c4b3700", "action_type": "GRIDSEARCH_RESULTS", "task_level": [3]}
{"action_status": "started", "timestamp": 1710813129.8644974, "task_uuid": "1294a407-7a95-410f-95f7-42349fd97619", "action_type": "GRIDSEARCH_RESULTS", "task_level": [1]}
{"optimizer": "BOCA", "best_params": "{'max_depth': 10, 'max_features': 'sqrt', 'min_samples_leaf': 1, 'n_estimators': 250, 'n_jobs': -1}", "best_score": "0.18664624828976698", "timestamp": 1710813129.8654904, "task_uuid": "1294a407-7a95-410f-95f7-42349fd97619", "task_level": [2], "message_type": "INFO"}
{"action_status": "succeeded", "timestamp": 1710813129.865602, "task_uuid": "1294a407-7a95-410f-95f7-42349fd97619", "action_type": "GRIDSEARCH_RESULTS", "task_level": [3]}
{"action_status": "started", "timestamp": 1710813287.4291573, "task_uuid": "abbebbf3-e347-4c91-b8fe-84291d5d7e6b", "action_type": "GRIDSEARCH_RESULTS", "task_level": [1]}
{"optimizer": "BOCA", "best_params": "{'max_depth': 10, 'max_features': 'sqrt', 'min_samples_leaf': 1, 'n_estimators': 200, 'n_jobs': -1}", "best_score": "0.20979117407941686", "timestamp": 1710813287.429763, "task_uuid": "abbebbf3-e347-4c91-b8fe-84291d5d7e6b", "task_level": [2], "message_type": "INFO"}
{"action_status": "succeeded", "timestamp": 1710813287.4298542, "task_uuid": "abbebbf3-e347-4c91-b8fe-84291d5d7e6b", "action_type": "GRIDSEARCH_RESULTS", "task_level": [3]}
{"action_status": "started", "timestamp": 1710813446.2994518, "task_uuid": "663b1e21-464d-4f24-a11c-d136365ce26b", "action_type": "GRIDSEARCH_RESULTS", "task_level": [1]}
{"optimizer": "BOCA", "best_params": "{'max_depth': 10, 'max_features': 'sqrt', 'min_samples_leaf': 3, 'n_estimators': 10, 'n_jobs': -1}", "best_score": "0.27051900022583364", "timestamp": 1710813446.3000753, "task_uuid": "663b1e21-464d-4f24-a11c-d136365ce26b", "task_level": [2], "message_type": "INFO"}
{"action_status": "succeeded", "timestamp": 1710813446.3001738, "task_uuid": "663b1e21-464d-4f24-a11c-d136365ce26b", "action_type": "GRIDSEARCH_RESULTS", "task_level": [3]}
{"action_status": "started", "timestamp": 1710813606.039819, "task_uuid": "fa52fbc8-919b-4e33-a6d2-364dee03018a", "action_type": "GRIDSEARCH_RESULTS", "task_level": [1]}
{"optimizer": "BOCA", "best_params": "{'max_depth': 5, 'max_features': 'sqrt', 'min_samples_leaf': 2, 'n_estimators': 10, 'n_jobs': -1}", "best_score": "0.2061543255397048", "timestamp": 1710813606.0405915, "task_uuid": "fa52fbc8-919b-4e33-a6d2-364dee03018a", "task_level": [2], "message_type": "INFO"}
{"action_status": "succeeded", "timestamp": 1710813606.0407472, "task_uuid": "fa52fbc8-919b-4e33-a6d2-364dee03018a", "action_type": "GRIDSEARCH_RESULTS", "task_level": [3]}
{"action_status": "started", "timestamp": 1710813771.5073786, "task_uuid": "9eeff0ac-77e3-46fe-b41b-d560d92144dd", "action_type": "GRIDSEARCH_RESULTS", "task_level": [1]}
{"optimizer": "BOCA", "best_params": "{'max_depth': 3, 'max_features': 'sqrt', 'min_samples_leaf': 2, 'n_estimators': 10, 'n_jobs': -1}", "best_score": "0.23533049721988517", "timestamp": 1710813771.5083854, "task_uuid": "9eeff0ac-77e3-46fe-b41b-d560d92144dd", "task_level": [2], "message_type": "INFO"}
{"action_status": "succeeded", "timestamp": 1710813771.5085354, "task_uuid": "9eeff0ac-77e3-46fe-b41b-d560d92144dd", "action_type": "GRIDSEARCH_RESULTS", "task_level": [3]}
{"action_status": "started", "timestamp": 1710813943.1961117, "task_uuid": "061a6677-1c8c-472c-b454-ad04569c81ce", "action_type": "GRIDSEARCH_RESULTS", "task_level": [1]}
{"optimizer": "BOCA", "best_params": "{'max_depth': None, 'max_features': 'sqrt', 'min_samples_leaf': 1, 'n_estimators': 200, 'n_jobs': -1}", "best_score": "0.20445933866303312", "timestamp": 1710813943.1969728, "task_uuid": "061a6677-1c8c-472c-b454-ad04569c81ce", "task_level": [2], "message_type": "INFO"}
{"action_status": "succeeded", "timestamp": 1710813943.197066, "task_uuid": "061a6677-1c8c-472c-b454-ad04569c81ce", "action_type": "GRIDSEARCH_RESULTS", "task_level": [3]}
{"action_status": "started", "timestamp": 1710814106.7826133, "task_uuid": "15b62cf9-1a3d-4048-a6c2-ccfd1c461fc4", "action_type": "GRIDSEARCH_RESULTS", "task_level": [1]}
{"optimizer": "BOCA", "best_params": "{'max_depth': 10, 'max_features': 'sqrt', 'min_samples_leaf': 1, 'n_estimators': 10, 'n_jobs': -1}", "best_score": "0.24743467922676018", "timestamp": 1710814106.783408, "task_uuid": "15b62cf9-1a3d-4048-a6c2-ccfd1c461fc4", "task_level": [2], "message_type": "INFO"}
{"action_status": "succeeded", "timestamp": 1710814106.7835114, "task_uuid": "15b62cf9-1a3d-4048-a6c2-ccfd1c461fc4", "action_type": "GRIDSEARCH_RESULTS", "task_level": [3]}
{"action_status": "started", "timestamp": 1710814269.6732328, "task_uuid": "e1c77bff-cf5f-4778-9485-a75ec81769c1", "action_type": "GRIDSEARCH_RESULTS", "task_level": [1]}
{"optimizer": "BOCA", "best_params": "{'max_depth': None, 'max_features': 'sqrt', 'min_samples_leaf': 4, 'n_estimators': 10, 'n_jobs': -1}", "best_score": "0.25705098581133207", "timestamp": 1710814269.6737907, "task_uuid": "e1c77bff-cf5f-4778-9485-a75ec81769c1", "task_level": [2], "message_type": "INFO"}
{"action_status": "succeeded", "timestamp": 1710814269.6738884, "task_uuid": "e1c77bff-cf5f-4778-9485-a75ec81769c1", "action_type": "GRIDSEARCH_RESULTS", "task_level": [3]}
{"action_status": "started", "timestamp": 1710814432.9319468, "task_uuid": "584aa11c-d199-44dc-a18d-7b3682bd8779", "action_type": "GRIDSEARCH_RESULTS", "task_level": [1]}
{"optimizer": "BOCA", "best_params": "{'max_depth': None, 'max_features': 'sqrt', 'min_samples_leaf': 1, 'n_estimators': 10, 'n_jobs': -1}", "best_score": "0.26503058432745", "timestamp": 1710814432.932511, "task_uuid": "584aa11c-d199-44dc-a18d-7b3682bd8779", "task_level": [2], "message_type": "INFO"}
{"action_status": "succeeded", "timestamp": 1710814432.932618, "task_uuid": "584aa11c-d199-44dc-a18d-7b3682bd8779", "action_type": "GRIDSEARCH_RESULTS", "task_level": [3]}
{"action_status": "started", "timestamp": 1710814597.4489052, "task_uuid": "172a5582-d57f-4eb9-a322-ae1d8f289523", "action_type": "GRIDSEARCH_RESULTS", "task_level": [1]}
{"optimizer": "BOCA", "best_params": "{'max_depth': None, 'max_features': 'sqrt', 'min_samples_leaf': 1, 'n_estimators': 10, 'n_jobs': -1}", "best_score": "0.17534667428461412", "timestamp": 1710814597.4494464, "task_uuid": "172a5582-d57f-4eb9-a322-ae1d8f289523", "task_level": [2], "message_type": "INFO"}
{"action_status": "succeeded", "timestamp": 1710814597.4495332, "task_uuid": "172a5582-d57f-4eb9-a322-ae1d8f289523", "action_type": "GRIDSEARCH_RESULTS", "task_level": [3]}
{"action_status": "started", "timestamp": 1710814763.3240569, "task_uuid": "42e559c5-a8d6-4b0f-8f30-cf9068e1e6dc", "action_type": "GRIDSEARCH_RESULTS", "task_level": [1]}
{"optimizer": "BOCA", "best_params": "{'max_depth': 5, 'max_features': 'sqrt', 'min_samples_leaf': 1, 'n_estimators': 200, 'n_jobs': -1}", "best_score": "0.16886728103984802", "timestamp": 1710814763.3255417, "task_uuid": "42e559c5-a8d6-4b0f-8f30-cf9068e1e6dc", "task_level": [2], "message_type": "INFO"}
{"action_status": "succeeded", "timestamp": 1710814763.325648, "task_uuid": "42e559c5-a8d6-4b0f-8f30-cf9068e1e6dc", "action_type": "GRIDSEARCH_RESULTS", "task_level": [3]}
{"action_status": "started", "timestamp": 1710814930.9828959, "task_uuid": "a1913f84-1ed2-44b0-9a31-05eb425c036e", "action_type": "GRIDSEARCH_RESULTS", "task_level": [1]}
{"optimizer": "BOCA", "best_params": "{'max_depth': None, 'max_features': 'sqrt', 'min_samples_leaf': 1, 'n_estimators': 100, 'n_jobs': -1}", "best_score": "0.17318048644396666", "timestamp": 1710814930.9846566, "task_uuid": "a1913f84-1ed2-44b0-9a31-05eb425c036e", "task_level": [2], "message_type": "INFO"}
{"action_status": "succeeded", "timestamp": 1710814930.9847565, "task_uuid": "a1913f84-1ed2-44b0-9a31-05eb425c036e", "action_type": "GRIDSEARCH_RESULTS", "task_level": [3]}
{"action_status": "started", "timestamp": 1710815104.2621415, "task_uuid": "5f3865ec-0ddb-495a-8426-dd234d181996", "action_type": "GRIDSEARCH_RESULTS", "task_level": [1]}
{"optimizer": "BOCA", "best_params": "{'max_depth': None, 'max_features': 'sqrt', 'min_samples_leaf': 1, 'n_estimators': 100, 'n_jobs': -1}", "best_score": "0.22302488822945685", "timestamp": 1710815104.2627141, "task_uuid": "5f3865ec-0ddb-495a-8426-dd234d181996", "task_level": [2], "message_type": "INFO"}
{"action_status": "succeeded", "timestamp": 1710815104.2628095, "task_uuid": "5f3865ec-0ddb-495a-8426-dd234d181996", "action_type": "GRIDSEARCH_RESULTS", "task_level": [3]}
{"action_status": "started", "timestamp": 1710815278.6303468, "task_uuid": "161450af-2d96-4a63-88da-57811521e960", "action_type": "GRIDSEARCH_RESULTS", "task_level": [1]}
{"optimizer": "BOCA", "best_params": "{'max_depth': 5, 'max_features': 'sqrt', 'min_samples_leaf': 2, 'n_estimators': 10, 'n_jobs': -1}", "best_score": "0.2347473173630337", "timestamp": 1710815278.6323926, "task_uuid": "161450af-2d96-4a63-88da-57811521e960", "task_level": [2], "message_type": "INFO"}
{"action_status": "succeeded", "timestamp": 1710815278.6325321, "task_uuid": "161450af-2d96-4a63-88da-57811521e960", "action_type": "GRIDSEARCH_RESULTS", "task_level": [3]}
{"action_status": "started", "timestamp": 1710815448.7553978, "task_uuid": "a40182ba-5cb6-4ca9-8828-3fcdb772194f", "action_type": "GRIDSEARCH_RESULTS", "task_level": [1]}
{"optimizer": "BOCA", "best_params": "{'max_depth': 3, 'max_features': 'sqrt', 'min_samples_leaf': 1, 'n_estimators': 100, 'n_jobs': -1}", "best_score": "0.2011193465636547", "timestamp": 1710815448.7559564, "task_uuid": "a40182ba-5cb6-4ca9-8828-3fcdb772194f", "task_level": [2], "message_type": "INFO"}
{"action_status": "succeeded", "timestamp": 1710815448.756047, "task_uuid": "a40182ba-5cb6-4ca9-8828-3fcdb772194f", "action_type": "GRIDSEARCH_RESULTS", "task_level": [3]}
{"action_status": "started", "timestamp": 1710815506.2131782, "task_uuid": "ca946ada-8acf-47ab-a026-841a93914219", "action_type": "LOG_RESULTS", "task_level": [1]}
{"optimizer": "BOCA", "no": "0", "best_result": ["0|6|2|9|1|21|3|5|29|24|12|4|7|10|26|25|16|8|31|13|27|23|11|17|22|28|30|14|15|18|19|20", 0.108270217181115], "run_allowance": 939, "iterations": 42, "timestamp": 1710815506.2135203, "task_uuid": "ca946ada-8acf-47ab-a026-841a93914219", "task_level": [2], "message_type": "INFO"}
{"action_status": "succeeded", "timestamp": 1710815506.2135966, "task_uuid": "ca946ada-8acf-47ab-a026-841a93914219", "action_type": "LOG_RESULTS", "task_level": [3]}
