{"test_path": "real/fulsom", "test_desc": "TryNewProgram", "action_status": "started", "timestamp": 1698865996.730066, "task_uuid": "8cc38185-d3f3-454e-ae58-c819c49411d0", "action_type": "OPTIMIZER_CREATION", "task_level": [1]}
{"action_status": "started", "timestamp": 1698865996.7305644, "task_uuid": "8cc38185-d3f3-454e-ae58-c819c49411d0", "action_type": "LOG_RESULTS", "task_level": [2, 1]}
{"action_status": "succeeded", "timestamp": 1698865996.7315743, "task_uuid": "8cc38185-d3f3-454e-ae58-c819c49411d0", "action_type": "OPTIMIZER_CREATION", "task_level": [3]}
{"action_status": "started", "timestamp": 1698872572.5687783, "task_uuid": "6b2ce8cd-d922-430b-b0c1-58e209990de8", "action_type": "ERROR_CANDIDATE", "task_level": [1]}
{"optimizer": "BOCA", "message": "No unique candidate found.", "iteration": 160, "all_candidates": [], "timestamp": 1698872572.5690005, "task_uuid": "6b2ce8cd-d922-430b-b0c1-58e209990de8", "task_level": [2], "message_type": "ERROR"}
{"action_status": "succeeded", "timestamp": 1698872572.5690625, "task_uuid": "6b2ce8cd-d922-430b-b0c1-58e209990de8", "action_type": "ERROR_CANDIDATE", "task_level": [3]}
{"action_status": "started", "timestamp": 1698872575.366325, "task_uuid": "70ddd39e-bd6c-4c80-abee-ff83eb1a214e", "action_type": "ERROR_CANDIDATE", "task_level": [1]}
{"optimizer": "BOCA", "message": "No unique candidate found.", "iteration": 161, "all_candidates": [], "timestamp": 1698872575.366444, "task_uuid": "70ddd39e-bd6c-4c80-abee-ff83eb1a214e", "task_level": [2], "message_type": "ERROR"}
{"action_status": "succeeded", "timestamp": 1698872575.3665, "task_uuid": "70ddd39e-bd6c-4c80-abee-ff83eb1a214e", "action_type": "ERROR_CANDIDATE", "task_level": [3]}
{"action_status": "started", "timestamp": 1698872578.1553204, "task_uuid": "818e9f58-131e-4a7e-947f-8e060afcfab3", "action_type": "ERROR_CANDIDATE", "task_level": [1]}
{"optimizer": "BOCA", "message": "No unique candidate found.", "iteration": 162, "all_candidates": [], "timestamp": 1698872578.1554356, "task_uuid": "818e9f58-131e-4a7e-947f-8e060afcfab3", "task_level": [2], "message_type": "ERROR"}
{"action_status": "succeeded", "timestamp": 1698872578.155489, "task_uuid": "818e9f58-131e-4a7e-947f-8e060afcfab3", "action_type": "ERROR_CANDIDATE", "task_level": [3]}
{"action_status": "started", "timestamp": 1698872580.9418535, "task_uuid": "4479da36-ec58-48cc-ad43-9c8c409ad8cf", "action_type": "ERROR_CANDIDATE", "task_level": [1]}
{"optimizer": "BOCA", "message": "No unique candidate found.", "iteration": 163, "all_candidates": [], "timestamp": 1698872580.9419773, "task_uuid": "4479da36-ec58-48cc-ad43-9c8c409ad8cf", "task_level": [2], "message_type": "ERROR"}
{"action_status": "succeeded", "timestamp": 1698872580.9423993, "task_uuid": "4479da36-ec58-48cc-ad43-9c8c409ad8cf", "action_type": "ERROR_CANDIDATE", "task_level": [3]}
{"action_status": "started", "timestamp": 1698872583.4690251, "task_uuid": "37a2b568-8057-4f10-ac11-e44ce37989a6", "action_type": "ERROR_CANDIDATE", "task_level": [1]}
{"optimizer": "BOCA", "message": "No unique candidate found.", "iteration": 164, "all_candidates": [], "timestamp": 1698872583.4691384, "task_uuid": "37a2b568-8057-4f10-ac11-e44ce37989a6", "task_level": [2], "message_type": "ERROR"}
{"action_status": "succeeded", "timestamp": 1698872583.4691923, "task_uuid": "37a2b568-8057-4f10-ac11-e44ce37989a6", "action_type": "ERROR_CANDIDATE", "task_level": [3]}
{"action_status": "started", "timestamp": 1698872586.273703, "task_uuid": "d011ea84-fae1-4456-ad18-3285bab63cd6", "action_type": "ERROR_CANDIDATE", "task_level": [1]}
{"optimizer": "BOCA", "message": "No unique candidate found.", "iteration": 165, "all_candidates": [], "timestamp": 1698872586.2738938, "task_uuid": "d011ea84-fae1-4456-ad18-3285bab63cd6", "task_level": [2], "message_type": "ERROR"}
{"action_status": "succeeded", "timestamp": 1698872586.2739582, "task_uuid": "d011ea84-fae1-4456-ad18-3285bab63cd6", "action_type": "ERROR_CANDIDATE", "task_level": [3]}
{"action_status": "started", "timestamp": 1698872588.9005005, "task_uuid": "903e89a5-4a90-42b7-9076-c471189e38d8", "action_type": "ERROR_CANDIDATE", "task_level": [1]}
{"optimizer": "BOCA", "message": "No unique candidate found.", "iteration": 166, "all_candidates": [], "timestamp": 1698872588.9006493, "task_uuid": "903e89a5-4a90-42b7-9076-c471189e38d8", "task_level": [2], "message_type": "ERROR"}
{"action_status": "succeeded", "timestamp": 1698872588.9007075, "task_uuid": "903e89a5-4a90-42b7-9076-c471189e38d8", "action_type": "ERROR_CANDIDATE", "task_level": [3]}
{"action_status": "started", "timestamp": 1698872591.4221773, "task_uuid": "b834daf1-5df6-45cc-a76f-cb95c3a30bb1", "action_type": "ERROR_CANDIDATE", "task_level": [1]}
{"optimizer": "BOCA", "message": "No unique candidate found.", "iteration": 167, "all_candidates": [], "timestamp": 1698872591.422314, "task_uuid": "b834daf1-5df6-45cc-a76f-cb95c3a30bb1", "task_level": [2], "message_type": "ERROR"}
{"action_status": "succeeded", "timestamp": 1698872591.4227006, "task_uuid": "b834daf1-5df6-45cc-a76f-cb95c3a30bb1", "action_type": "ERROR_CANDIDATE", "task_level": [3]}
{"action_status": "started", "timestamp": 1698872594.2080107, "task_uuid": "d06ba788-1c8f-44a2-8409-b63ba8409df0", "action_type": "ERROR_CANDIDATE", "task_level": [1]}
{"optimizer": "BOCA", "message": "No unique candidate found.", "iteration": 168, "all_candidates": [], "timestamp": 1698872594.2081265, "task_uuid": "d06ba788-1c8f-44a2-8409-b63ba8409df0", "task_level": [2], "message_type": "ERROR"}
{"action_status": "succeeded", "timestamp": 1698872594.2081811, "task_uuid": "d06ba788-1c8f-44a2-8409-b63ba8409df0", "action_type": "ERROR_CANDIDATE", "task_level": [3]}
{"action_status": "started", "timestamp": 1698872596.826317, "task_uuid": "f6fdfbae-9fe8-43f5-8ca4-ff8bcab2065e", "action_type": "ERROR_CANDIDATE", "task_level": [1]}
{"optimizer": "BOCA", "message": "No unique candidate found.", "iteration": 169, "all_candidates": [], "timestamp": 1698872596.826445, "task_uuid": "f6fdfbae-9fe8-43f5-8ca4-ff8bcab2065e", "task_level": [2], "message_type": "ERROR"}
{"action_status": "succeeded", "timestamp": 1698872596.826506, "task_uuid": "f6fdfbae-9fe8-43f5-8ca4-ff8bcab2065e", "action_type": "ERROR_CANDIDATE", "task_level": [3]}
{"action_status": "started", "timestamp": 1698872597.2104735, "task_uuid": "62a18074-3bca-49a3-a84f-c8e56b349bbd", "action_type": "LOG_RESULTS", "task_level": [1]}
{"optimizer": "BOCA", "no": "0", "best_result": [["-O0", "-flate-dmd-anal", "-O0", "-fenable-rewrite-rules", "-fmax-inline-memset-insns=32", "-fpedantic-bottoms", "-fstatic-argument-transformation", "-fvectorisation-avoidance", "-fmax-simplifier-iterations=4", "-fcmm-elim-common-blocks", "-fmax-inline-alloc-size=128", "-ffloat-in", "-fexpose-all-unfoldings", "-fdicts-strict", "-fliberate-case", "-fdmd-tx-dict-sel", "-fspec-constr-count=3", "-fcse", "-foptimal-applicative-do", "-fregs-graph", "-fcmm-sink", "-funfolding-keeness-factor=1.5", "-fno-pre-inlining", "-fignore-asserts", "-fdicts-cheap", "-fmax-relevant-binds=6", "-funbox-strict-fields", "-fregs-iterative", "-fvectorise", "-fdo-eta-reduction", "-funfolding-creation-threshold=750", "-fno-opt-coercion", "-floopification", "-fexcess-precision", "-fmax-worker-args=10", "-funbox-small-strict-fields", "-fdo-lambda-eta-expansion"], 7.312], "run_allowance": 334, "iterations": 0, "timestamp": 1698872597.2105696, "task_uuid": "62a18074-3bca-49a3-a84f-c8e56b349bbd", "task_level": [2], "message_type": "INFO"}
{"action_status": "succeeded", "timestamp": 1698872597.2106688, "task_uuid": "62a18074-3bca-49a3-a84f-c8e56b349bbd", "action_type": "LOG_RESULTS", "task_level": [3]}
{"test_path": "real/fulsom", "test_desc": "TryNewProgram", "action_status": "started", "timestamp": 1698878736.364306, "task_uuid": "c15bf8ff-cddc-435f-8c46-5e04256b2986", "action_type": "OPTIMIZER_CREATION", "task_level": [1]}
{"action_status": "started", "timestamp": 1698878736.364675, "task_uuid": "c15bf8ff-cddc-435f-8c46-5e04256b2986", "action_type": "LOG_RESULTS", "task_level": [2, 1]}
{"action_status": "succeeded", "timestamp": 1698878736.434008, "task_uuid": "c15bf8ff-cddc-435f-8c46-5e04256b2986", "action_type": "OPTIMIZER_CREATION", "task_level": [3]}
{"action_status": "started", "timestamp": 1698900475.8179271, "task_uuid": "72dd0dca-3ee9-4b20-bf50-a27b3981aa27", "action_type": "LOG_RESULTS", "task_level": [1]}
{"optimizer": "GA", "no": "0", "best_result": [["-fcall-arity", "-fcase-merge", "-fcmm-elim-common-blocks", "-fcmm-sink", "-fcpr-anal", "-fcse", "-fdicts-cheap", "-fdicts-strict", "-fdmd-tx-dict-sel", "-fdo-eta-reduction", "-fdo-lambda-eta-expansion", "-feager-blackholing", "-fenable-rewrite-rules", "-fexcess-precision", "-fexpose-all-unfoldings", "-ffloat-in", "-ffull-laziness", "-ffun-to-thunk", "-fignore-asserts", "-fignore-interface-pragmas", "-flate-dmd-anal", "-fliberate-case", "-fliberate-case-threshold=2000", "-floopification", "-fmax-inline-alloc-size=128", "-fmax-inline-memcpy-insns=32", "-fmax-inline-memset-insns=32", "-fmax-relevant-binds=6", "-fmax-simplifier-iterations=4", "-fmax-worker-args=10", "-fno-opt-coercion", "-fno-pre-inlining", "-fno-state-hack", "-fomit-interface-pragmas", "-fomit-yields", "-foptimal-applicative-do", "-fpedantic-bottoms", "-fregs-graph", "-fregs-iterative", "-fsimplifier-phases=2", "-fsimpl-tick-factor=100", "-fspec-constr", "-fspec-constr-count=3", "-fspec-constr-threshold=2000", "-fspecialise", "-fcross-module-specialise", "-fstatic-argument-transformation", "-fstrictness", "-fstrictness-before=1", "-funbox-small-strict-fields", "-funbox-strict-fields", "-funfolding-creation-threshold=750", "-funfolding-dict-discount=30", "-funfolding-fun-discount=60", "-funfolding-keeness-factor=1.5", "-funfolding-use-threshold=60", "-fvectorisation-avoidance", "-fvectorise", "-fworker-wrapper"], 7.518], "run_allowance": -78, "iterations": 0, "timestamp": 1698900475.818118, "task_uuid": "72dd0dca-3ee9-4b20-bf50-a27b3981aa27", "task_level": [2], "message_type": "INFO"}
{"action_status": "succeeded", "timestamp": 1698900475.8182316, "task_uuid": "72dd0dca-3ee9-4b20-bf50-a27b3981aa27", "action_type": "LOG_RESULTS", "task_level": [3]}
