{"test_path": "real/fulsom", "test_desc": "Final_DataCollect", "action_status": "started", "timestamp": 1699118583.641397, "task_uuid": "0270da7b-3122-4f61-b30a-96db0f7b5123", "action_type": "OPTIMIZER_CREATION", "task_level": [1]}
{"action_status": "started", "timestamp": 1699118583.641834, "task_uuid": "0270da7b-3122-4f61-b30a-96db0f7b5123", "action_type": "LOG_RESULTS", "task_level": [2, 1]}
{"action_status": "succeeded", "timestamp": 1699118583.6487255, "task_uuid": "0270da7b-3122-4f61-b30a-96db0f7b5123", "action_type": "OPTIMIZER_CREATION", "task_level": [3]}
{"action_status": "started", "timestamp": 1699120553.9418776, "task_uuid": "97d76709-6aff-4f29-88a6-c3f08e94b69c", "action_type": "ERROR_CANDIDATE", "task_level": [1]}
{"optimizer": "BOCA", "message": "No unique candidate found.", "iteration": 0, "all_candidates": [], "timestamp": 1699120553.942161, "task_uuid": "97d76709-6aff-4f29-88a6-c3f08e94b69c", "task_level": [2], "message_type": "ERROR"}
{"action_status": "succeeded", "timestamp": 1699120553.9422255, "task_uuid": "97d76709-6aff-4f29-88a6-c3f08e94b69c", "action_type": "ERROR_CANDIDATE", "task_level": [3]}
{"action_status": "started", "timestamp": 1699120555.2479463, "task_uuid": "02f5986e-eba0-49c2-817c-2a78cf4b4a16", "action_type": "ERROR_CANDIDATE", "task_level": [1]}
{"optimizer": "BOCA", "message": "No unique candidate found.", "iteration": 1, "all_candidates": [], "timestamp": 1699120555.24807, "task_uuid": "02f5986e-eba0-49c2-817c-2a78cf4b4a16", "task_level": [2], "message_type": "ERROR"}
{"action_status": "succeeded", "timestamp": 1699120555.2481282, "task_uuid": "02f5986e-eba0-49c2-817c-2a78cf4b4a16", "action_type": "ERROR_CANDIDATE", "task_level": [3]}
{"action_status": "started", "timestamp": 1699120556.5305312, "task_uuid": "01a47997-0f8d-4f27-a612-e1a8f7a017e2", "action_type": "ERROR_CANDIDATE", "task_level": [1]}
{"optimizer": "BOCA", "message": "No unique candidate found.", "iteration": 2, "all_candidates": [], "timestamp": 1699120556.5306466, "task_uuid": "01a47997-0f8d-4f27-a612-e1a8f7a017e2", "task_level": [2], "message_type": "ERROR"}
{"action_status": "succeeded", "timestamp": 1699120556.5307045, "task_uuid": "01a47997-0f8d-4f27-a612-e1a8f7a017e2", "action_type": "ERROR_CANDIDATE", "task_level": [3]}
{"action_status": "started", "timestamp": 1699120557.804884, "task_uuid": "450d2fab-6c94-4f61-b107-ef8aebba7c43", "action_type": "ERROR_CANDIDATE", "task_level": [1]}
{"optimizer": "BOCA", "message": "No unique candidate found.", "iteration": 3, "all_candidates": [], "timestamp": 1699120557.8050098, "task_uuid": "450d2fab-6c94-4f61-b107-ef8aebba7c43", "task_level": [2], "message_type": "ERROR"}
{"action_status": "succeeded", "timestamp": 1699120557.8050683, "task_uuid": "450d2fab-6c94-4f61-b107-ef8aebba7c43", "action_type": "ERROR_CANDIDATE", "task_level": [3]}
{"action_status": "started", "timestamp": 1699120559.0489748, "task_uuid": "4c56a6db-e237-4885-87e9-c08770d450a2", "action_type": "ERROR_CANDIDATE", "task_level": [1]}
{"optimizer": "BOCA", "message": "No unique candidate found.", "iteration": 4, "all_candidates": [], "timestamp": 1699120559.0491133, "task_uuid": "4c56a6db-e237-4885-87e9-c08770d450a2", "task_level": [2], "message_type": "ERROR"}
{"action_status": "succeeded", "timestamp": 1699120559.0494936, "task_uuid": "4c56a6db-e237-4885-87e9-c08770d450a2", "action_type": "ERROR_CANDIDATE", "task_level": [3]}
{"action_status": "started", "timestamp": 1699120560.291969, "task_uuid": "3ba30033-ccda-41d6-90ff-751d2bd71299", "action_type": "ERROR_CANDIDATE", "task_level": [1]}
{"optimizer": "BOCA", "message": "No unique candidate found.", "iteration": 5, "all_candidates": [], "timestamp": 1699120560.292096, "task_uuid": "3ba30033-ccda-41d6-90ff-751d2bd71299", "task_level": [2], "message_type": "ERROR"}
{"action_status": "succeeded", "timestamp": 1699120560.292154, "task_uuid": "3ba30033-ccda-41d6-90ff-751d2bd71299", "action_type": "ERROR_CANDIDATE", "task_level": [3]}
{"action_status": "started", "timestamp": 1699120561.5459025, "task_uuid": "c84984a6-d6f5-46a2-9170-2321d80e91df", "action_type": "ERROR_CANDIDATE", "task_level": [1]}
{"optimizer": "BOCA", "message": "No unique candidate found.", "iteration": 6, "all_candidates": [], "timestamp": 1699120561.5460553, "task_uuid": "c84984a6-d6f5-46a2-9170-2321d80e91df", "task_level": [2], "message_type": "ERROR"}
{"action_status": "succeeded", "timestamp": 1699120561.5461168, "task_uuid": "c84984a6-d6f5-46a2-9170-2321d80e91df", "action_type": "ERROR_CANDIDATE", "task_level": [3]}
{"action_status": "started", "timestamp": 1699120562.8156312, "task_uuid": "ef7a76f1-7c7c-42f9-a691-c9032d6ae26f", "action_type": "ERROR_CANDIDATE", "task_level": [1]}
{"optimizer": "BOCA", "message": "No unique candidate found.", "iteration": 7, "all_candidates": [], "timestamp": 1699120562.815778, "task_uuid": "ef7a76f1-7c7c-42f9-a691-c9032d6ae26f", "task_level": [2], "message_type": "ERROR"}
{"action_status": "succeeded", "timestamp": 1699120562.8158388, "task_uuid": "ef7a76f1-7c7c-42f9-a691-c9032d6ae26f", "action_type": "ERROR_CANDIDATE", "task_level": [3]}
{"action_status": "started", "timestamp": 1699120564.0769424, "task_uuid": "46ea86c5-681b-4431-bba5-2400623f97e5", "action_type": "ERROR_CANDIDATE", "task_level": [1]}
{"optimizer": "BOCA", "message": "No unique candidate found.", "iteration": 8, "all_candidates": [], "timestamp": 1699120564.0770822, "task_uuid": "46ea86c5-681b-4431-bba5-2400623f97e5", "task_level": [2], "message_type": "ERROR"}
{"action_status": "succeeded", "timestamp": 1699120564.077492, "task_uuid": "46ea86c5-681b-4431-bba5-2400623f97e5", "action_type": "ERROR_CANDIDATE", "task_level": [3]}
{"action_status": "started", "timestamp": 1699120565.3350947, "task_uuid": "25f02470-5cc2-4d5b-af78-a46198092b13", "action_type": "ERROR_CANDIDATE", "task_level": [1]}
{"optimizer": "BOCA", "message": "No unique candidate found.", "iteration": 9, "all_candidates": [], "timestamp": 1699120565.3352187, "task_uuid": "25f02470-5cc2-4d5b-af78-a46198092b13", "task_level": [2], "message_type": "ERROR"}
{"action_status": "succeeded", "timestamp": 1699120565.3352754, "task_uuid": "25f02470-5cc2-4d5b-af78-a46198092b13", "action_type": "ERROR_CANDIDATE", "task_level": [3]}
{"action_status": "started", "timestamp": 1699120566.6143343, "task_uuid": "badbc397-9f41-43d2-ba26-952b1fdf4e92", "action_type": "ERROR_CANDIDATE", "task_level": [1]}
{"optimizer": "BOCA", "message": "No unique candidate found.", "iteration": 10, "all_candidates": [], "timestamp": 1699120566.6144552, "task_uuid": "badbc397-9f41-43d2-ba26-952b1fdf4e92", "task_level": [2], "message_type": "ERROR"}
{"action_status": "succeeded", "timestamp": 1699120566.614512, "task_uuid": "badbc397-9f41-43d2-ba26-952b1fdf4e92", "action_type": "ERROR_CANDIDATE", "task_level": [3]}
{"action_status": "started", "timestamp": 1699120567.8961675, "task_uuid": "af4ba40f-a13b-409e-9de8-7ddb2f5537ed", "action_type": "ERROR_CANDIDATE", "task_level": [1]}
{"optimizer": "BOCA", "message": "No unique candidate found.", "iteration": 11, "all_candidates": [], "timestamp": 1699120567.896305, "task_uuid": "af4ba40f-a13b-409e-9de8-7ddb2f5537ed", "task_level": [2], "message_type": "ERROR"}
{"action_status": "succeeded", "timestamp": 1699120567.8963642, "task_uuid": "af4ba40f-a13b-409e-9de8-7ddb2f5537ed", "action_type": "ERROR_CANDIDATE", "task_level": [3]}
{"action_status": "started", "timestamp": 1699120569.1642926, "task_uuid": "c456c9b2-1835-426f-bfdc-1fd33765c3f3", "action_type": "ERROR_CANDIDATE", "task_level": [1]}
{"optimizer": "BOCA", "message": "No unique candidate found.", "iteration": 12, "all_candidates": [], "timestamp": 1699120569.1644287, "task_uuid": "c456c9b2-1835-426f-bfdc-1fd33765c3f3", "task_level": [2], "message_type": "ERROR"}
{"action_status": "succeeded", "timestamp": 1699120569.1648266, "task_uuid": "c456c9b2-1835-426f-bfdc-1fd33765c3f3", "action_type": "ERROR_CANDIDATE", "task_level": [3]}
{"action_status": "started", "timestamp": 1699120570.4333415, "task_uuid": "8ee6dcea-12f7-4ba7-9b86-1688228a2565", "action_type": "ERROR_CANDIDATE", "task_level": [1]}
{"optimizer": "BOCA", "message": "No unique candidate found.", "iteration": 13, "all_candidates": [], "timestamp": 1699120570.433471, "task_uuid": "8ee6dcea-12f7-4ba7-9b86-1688228a2565", "task_level": [2], "message_type": "ERROR"}
{"action_status": "succeeded", "timestamp": 1699120570.4335523, "task_uuid": "8ee6dcea-12f7-4ba7-9b86-1688228a2565", "action_type": "ERROR_CANDIDATE", "task_level": [3]}
{"action_status": "started", "timestamp": 1699120571.7076352, "task_uuid": "7217177f-5342-41e2-8ee8-7aa78081541e", "action_type": "ERROR_CANDIDATE", "task_level": [1]}
{"optimizer": "BOCA", "message": "No unique candidate found.", "iteration": 14, "all_candidates": [], "timestamp": 1699120571.7077668, "task_uuid": "7217177f-5342-41e2-8ee8-7aa78081541e", "task_level": [2], "message_type": "ERROR"}
{"action_status": "succeeded", "timestamp": 1699120571.7078276, "task_uuid": "7217177f-5342-41e2-8ee8-7aa78081541e", "action_type": "ERROR_CANDIDATE", "task_level": [3]}
{"action_status": "started", "timestamp": 1699120572.977778, "task_uuid": "181365ef-5197-44ec-a619-902955a988ca", "action_type": "ERROR_CANDIDATE", "task_level": [1]}
{"optimizer": "BOCA", "message": "No unique candidate found.", "iteration": 15, "all_candidates": [], "timestamp": 1699120572.9779034, "task_uuid": "181365ef-5197-44ec-a619-902955a988ca", "task_level": [2], "message_type": "ERROR"}
{"action_status": "succeeded", "timestamp": 1699120572.9779613, "task_uuid": "181365ef-5197-44ec-a619-902955a988ca", "action_type": "ERROR_CANDIDATE", "task_level": [3]}
{"action_status": "started", "timestamp": 1699120574.2496905, "task_uuid": "a703be5e-1f37-49e4-ae27-b91938a0ed45", "action_type": "ERROR_CANDIDATE", "task_level": [1]}
{"optimizer": "BOCA", "message": "No unique candidate found.", "iteration": 16, "all_candidates": [], "timestamp": 1699120574.249826, "task_uuid": "a703be5e-1f37-49e4-ae27-b91938a0ed45", "task_level": [2], "message_type": "ERROR"}
{"action_status": "succeeded", "timestamp": 1699120574.250241, "task_uuid": "a703be5e-1f37-49e4-ae27-b91938a0ed45", "action_type": "ERROR_CANDIDATE", "task_level": [3]}
{"action_status": "started", "timestamp": 1699120575.5337617, "task_uuid": "8fae8363-fdc8-446d-8714-f0ae30dc6d09", "action_type": "ERROR_CANDIDATE", "task_level": [1]}
{"optimizer": "BOCA", "message": "No unique candidate found.", "iteration": 17, "all_candidates": [], "timestamp": 1699120575.533886, "task_uuid": "8fae8363-fdc8-446d-8714-f0ae30dc6d09", "task_level": [2], "message_type": "ERROR"}
{"action_status": "succeeded", "timestamp": 1699120575.5339444, "task_uuid": "8fae8363-fdc8-446d-8714-f0ae30dc6d09", "action_type": "ERROR_CANDIDATE", "task_level": [3]}
{"action_status": "started", "timestamp": 1699120576.802464, "task_uuid": "36661c68-a7dd-481b-8fc1-505da1333458", "action_type": "ERROR_CANDIDATE", "task_level": [1]}
{"optimizer": "BOCA", "message": "No unique candidate found.", "iteration": 18, "all_candidates": [], "timestamp": 1699120576.8025863, "task_uuid": "36661c68-a7dd-481b-8fc1-505da1333458", "task_level": [2], "message_type": "ERROR"}
{"action_status": "succeeded", "timestamp": 1699120576.8026445, "task_uuid": "36661c68-a7dd-481b-8fc1-505da1333458", "action_type": "ERROR_CANDIDATE", "task_level": [3]}
{"action_status": "started", "timestamp": 1699120578.0916083, "task_uuid": "8fa7ec0e-a7f6-43f2-a2f7-7129670ab04b", "action_type": "ERROR_CANDIDATE", "task_level": [1]}
{"optimizer": "BOCA", "message": "No unique candidate found.", "iteration": 19, "all_candidates": [], "timestamp": 1699120578.0917358, "task_uuid": "8fa7ec0e-a7f6-43f2-a2f7-7129670ab04b", "task_level": [2], "message_type": "ERROR"}
{"action_status": "succeeded", "timestamp": 1699120578.09181, "task_uuid": "8fa7ec0e-a7f6-43f2-a2f7-7129670ab04b", "action_type": "ERROR_CANDIDATE", "task_level": [3]}
{"action_status": "started", "timestamp": 1699120579.3727164, "task_uuid": "cfd8c977-8439-450b-a8da-375b6a809bdb", "action_type": "ERROR_CANDIDATE", "task_level": [1]}
{"optimizer": "BOCA", "message": "No unique candidate found.", "iteration": 20, "all_candidates": [], "timestamp": 1699120579.372852, "task_uuid": "cfd8c977-8439-450b-a8da-375b6a809bdb", "task_level": [2], "message_type": "ERROR"}
{"action_status": "succeeded", "timestamp": 1699120579.37326, "task_uuid": "cfd8c977-8439-450b-a8da-375b6a809bdb", "action_type": "ERROR_CANDIDATE", "task_level": [3]}
{"action_status": "started", "timestamp": 1699120580.6323316, "task_uuid": "c9427050-b895-4b99-acea-da32957d949e", "action_type": "ERROR_CANDIDATE", "task_level": [1]}
{"optimizer": "BOCA", "message": "No unique candidate found.", "iteration": 21, "all_candidates": [], "timestamp": 1699120580.6324697, "task_uuid": "c9427050-b895-4b99-acea-da32957d949e", "task_level": [2], "message_type": "ERROR"}
{"action_status": "succeeded", "timestamp": 1699120580.6325312, "task_uuid": "c9427050-b895-4b99-acea-da32957d949e", "action_type": "ERROR_CANDIDATE", "task_level": [3]}
{"action_status": "started", "timestamp": 1699120581.91971, "task_uuid": "514cc91a-da08-467d-a9bc-79da91ed4754", "action_type": "ERROR_CANDIDATE", "task_level": [1]}
{"optimizer": "BOCA", "message": "No unique candidate found.", "iteration": 22, "all_candidates": [], "timestamp": 1699120581.919848, "task_uuid": "514cc91a-da08-467d-a9bc-79da91ed4754", "task_level": [2], "message_type": "ERROR"}
{"action_status": "succeeded", "timestamp": 1699120581.9199073, "task_uuid": "514cc91a-da08-467d-a9bc-79da91ed4754", "action_type": "ERROR_CANDIDATE", "task_level": [3]}
{"action_status": "started", "timestamp": 1699120583.2043417, "task_uuid": "606f04a5-d17d-49e2-b2ed-1700a426ddca", "action_type": "ERROR_CANDIDATE", "task_level": [1]}
{"optimizer": "BOCA", "message": "No unique candidate found.", "iteration": 23, "all_candidates": [], "timestamp": 1699120583.204469, "task_uuid": "606f04a5-d17d-49e2-b2ed-1700a426ddca", "task_level": [2], "message_type": "ERROR"}
{"action_status": "succeeded", "timestamp": 1699120583.204528, "task_uuid": "606f04a5-d17d-49e2-b2ed-1700a426ddca", "action_type": "ERROR_CANDIDATE", "task_level": [3]}
{"action_status": "started", "timestamp": 1699120584.46855, "task_uuid": "387f7865-d310-46dd-bdb5-fc91c26fc07e", "action_type": "ERROR_CANDIDATE", "task_level": [1]}
{"optimizer": "BOCA", "message": "No unique candidate found.", "iteration": 24, "all_candidates": [], "timestamp": 1699120584.4686844, "task_uuid": "387f7865-d310-46dd-bdb5-fc91c26fc07e", "task_level": [2], "message_type": "ERROR"}
{"action_status": "succeeded", "timestamp": 1699120584.4690683, "task_uuid": "387f7865-d310-46dd-bdb5-fc91c26fc07e", "action_type": "ERROR_CANDIDATE", "task_level": [3]}
{"action_status": "started", "timestamp": 1699120585.7443404, "task_uuid": "744595ac-48f4-4f12-897d-b7eb5cb43430", "action_type": "ERROR_CANDIDATE", "task_level": [1]}
{"optimizer": "BOCA", "message": "No unique candidate found.", "iteration": 25, "all_candidates": [], "timestamp": 1699120585.744467, "task_uuid": "744595ac-48f4-4f12-897d-b7eb5cb43430", "task_level": [2], "message_type": "ERROR"}
{"action_status": "succeeded", "timestamp": 1699120585.7445252, "task_uuid": "744595ac-48f4-4f12-897d-b7eb5cb43430", "action_type": "ERROR_CANDIDATE", "task_level": [3]}
{"action_status": "started", "timestamp": 1699120587.015364, "task_uuid": "fce1bb8d-99e4-4291-86b8-42669739ec90", "action_type": "ERROR_CANDIDATE", "task_level": [1]}
{"optimizer": "BOCA", "message": "No unique candidate found.", "iteration": 26, "all_candidates": [], "timestamp": 1699120587.0154905, "task_uuid": "fce1bb8d-99e4-4291-86b8-42669739ec90", "task_level": [2], "message_type": "ERROR"}
{"action_status": "succeeded", "timestamp": 1699120587.01555, "task_uuid": "fce1bb8d-99e4-4291-86b8-42669739ec90", "action_type": "ERROR_CANDIDATE", "task_level": [3]}
{"action_status": "started", "timestamp": 1699120588.294646, "task_uuid": "63f1fa3d-64f9-43aa-8da3-fa314533bac6", "action_type": "ERROR_CANDIDATE", "task_level": [1]}
{"optimizer": "BOCA", "message": "No unique candidate found.", "iteration": 27, "all_candidates": [], "timestamp": 1699120588.294768, "task_uuid": "63f1fa3d-64f9-43aa-8da3-fa314533bac6", "task_level": [2], "message_type": "ERROR"}
{"action_status": "succeeded", "timestamp": 1699120588.2948258, "task_uuid": "63f1fa3d-64f9-43aa-8da3-fa314533bac6", "action_type": "ERROR_CANDIDATE", "task_level": [3]}
{"action_status": "started", "timestamp": 1699120589.569122, "task_uuid": "1dcda00c-ec98-419e-b577-6e8c694e191d", "action_type": "ERROR_CANDIDATE", "task_level": [1]}
{"optimizer": "BOCA", "message": "No unique candidate found.", "iteration": 28, "all_candidates": [], "timestamp": 1699120589.5692582, "task_uuid": "1dcda00c-ec98-419e-b577-6e8c694e191d", "task_level": [2], "message_type": "ERROR"}
{"action_status": "succeeded", "timestamp": 1699120589.5696428, "task_uuid": "1dcda00c-ec98-419e-b577-6e8c694e191d", "action_type": "ERROR_CANDIDATE", "task_level": [3]}
{"action_status": "started", "timestamp": 1699120590.844932, "task_uuid": "2c3ce3da-f05c-4b97-813b-52aa6fa631d0", "action_type": "ERROR_CANDIDATE", "task_level": [1]}
{"optimizer": "BOCA", "message": "No unique candidate found.", "iteration": 29, "all_candidates": [], "timestamp": 1699120590.8450525, "task_uuid": "2c3ce3da-f05c-4b97-813b-52aa6fa631d0", "task_level": [2], "message_type": "ERROR"}
{"action_status": "succeeded", "timestamp": 1699120590.8451116, "task_uuid": "2c3ce3da-f05c-4b97-813b-52aa6fa631d0", "action_type": "ERROR_CANDIDATE", "task_level": [3]}
{"action_status": "started", "timestamp": 1699120592.1649141, "task_uuid": "c01067af-a335-48c6-9afe-a33d13fe9ab3", "action_type": "ERROR_CANDIDATE", "task_level": [1]}
{"optimizer": "BOCA", "message": "No unique candidate found.", "iteration": 30, "all_candidates": [], "timestamp": 1699120592.1650453, "task_uuid": "c01067af-a335-48c6-9afe-a33d13fe9ab3", "task_level": [2], "message_type": "ERROR"}
{"action_status": "succeeded", "timestamp": 1699120592.1651049, "task_uuid": "c01067af-a335-48c6-9afe-a33d13fe9ab3", "action_type": "ERROR_CANDIDATE", "task_level": [3]}
{"action_status": "started", "timestamp": 1699120593.4562624, "task_uuid": "0373a979-56c1-4984-b14d-ee0223dda4f8", "action_type": "ERROR_CANDIDATE", "task_level": [1]}
{"optimizer": "BOCA", "message": "No unique candidate found.", "iteration": 31, "all_candidates": [], "timestamp": 1699120593.4563916, "task_uuid": "0373a979-56c1-4984-b14d-ee0223dda4f8", "task_level": [2], "message_type": "ERROR"}
{"action_status": "succeeded", "timestamp": 1699120593.45645, "task_uuid": "0373a979-56c1-4984-b14d-ee0223dda4f8", "action_type": "ERROR_CANDIDATE", "task_level": [3]}
{"action_status": "started", "timestamp": 1699120594.741584, "task_uuid": "d46aa819-52b3-407c-9551-9d0664b68025", "action_type": "ERROR_CANDIDATE", "task_level": [1]}
{"optimizer": "BOCA", "message": "No unique candidate found.", "iteration": 32, "all_candidates": [], "timestamp": 1699120594.741723, "task_uuid": "d46aa819-52b3-407c-9551-9d0664b68025", "task_level": [2], "message_type": "ERROR"}
{"action_status": "succeeded", "timestamp": 1699120594.7420902, "task_uuid": "d46aa819-52b3-407c-9551-9d0664b68025", "action_type": "ERROR_CANDIDATE", "task_level": [3]}
{"action_status": "started", "timestamp": 1699120594.9118373, "task_uuid": "08b96fd7-fafc-4040-b4a9-1afeeffec6bb", "action_type": "LOG_RESULTS", "task_level": [1]}
{"optimizer": "BOCA", "no": "0", "best_result": [["-O0", "-fspecialise", "-fdo-eta-reduction", "-fmax-relevant-binds=6", "-fworker-wrapper", "-fcpr-anal", "-fspec-constr", "-fmax-inline-memcpy-insns=32"], 7.417], "run_allowance": 9950, "iterations": 33, "timestamp": 1699120594.911918, "task_uuid": "08b96fd7-fafc-4040-b4a9-1afeeffec6bb", "task_level": [2], "message_type": "INFO"}
{"action_status": "succeeded", "timestamp": 1699120594.911991, "task_uuid": "08b96fd7-fafc-4040-b4a9-1afeeffec6bb", "action_type": "LOG_RESULTS", "task_level": [3]}
{"test_path": "real/fulsom", "test_desc": "Final_DataCollect", "action_status": "started", "timestamp": 1699127306.0841591, "task_uuid": "99c934f9-4f99-41ec-b0d5-9c1e22a7f4eb", "action_type": "OPTIMIZER_CREATION", "task_level": [1]}
{"action_status": "started", "timestamp": 1699127306.084577, "task_uuid": "99c934f9-4f99-41ec-b0d5-9c1e22a7f4eb", "action_type": "LOG_RESULTS", "task_level": [2, 1]}
{"action_status": "succeeded", "timestamp": 1699127306.1276412, "task_uuid": "99c934f9-4f99-41ec-b0d5-9c1e22a7f4eb", "action_type": "OPTIMIZER_CREATION", "task_level": [3]}
