{"test_path": "real/fulsom", "test_desc": "Norm_DataCollect", "action_status": "started", "timestamp": 1698971995.8322732, "task_uuid": "ea59e869-29f5-4fdb-89cf-cdd2ffd14152", "action_type": "OPTIMIZER_CREATION", "task_level": [1]}
{"action_status": "started", "timestamp": 1698971995.8327076, "task_uuid": "ea59e869-29f5-4fdb-89cf-cdd2ffd14152", "action_type": "LOG_RESULTS", "task_level": [2, 1]}
{"action_status": "succeeded", "timestamp": 1698971995.8364987, "task_uuid": "ea59e869-29f5-4fdb-89cf-cdd2ffd14152", "action_type": "OPTIMIZER_CREATION", "task_level": [3]}
{"action_status": "started", "timestamp": 1699005925.7169952, "task_uuid": "899db5f1-517d-4b23-a2e7-ba4da6a90d86", "action_type": "ERROR_CANDIDATE", "task_level": [1]}
{"optimizer": "BOCA", "message": "No unique candidate found.", "iteration": 194, "all_candidates": [], "timestamp": 1699005925.7172053, "task_uuid": "899db5f1-517d-4b23-a2e7-ba4da6a90d86", "task_level": [2], "message_type": "ERROR"}
{"action_status": "succeeded", "timestamp": 1699005925.7172644, "task_uuid": "899db5f1-517d-4b23-a2e7-ba4da6a90d86", "action_type": "ERROR_CANDIDATE", "task_level": [3]}
{"action_status": "started", "timestamp": 1699005928.6074393, "task_uuid": "abde3704-f3d4-4e0f-b4ce-ef230224c457", "action_type": "ERROR_CANDIDATE", "task_level": [1]}
{"optimizer": "BOCA", "message": "No unique candidate found.", "iteration": 195, "all_candidates": [], "timestamp": 1699005928.6075568, "task_uuid": "abde3704-f3d4-4e0f-b4ce-ef230224c457", "task_level": [2], "message_type": "ERROR"}
{"action_status": "succeeded", "timestamp": 1699005928.6076257, "task_uuid": "abde3704-f3d4-4e0f-b4ce-ef230224c457", "action_type": "ERROR_CANDIDATE", "task_level": [3]}
{"action_status": "started", "timestamp": 1699005931.3239787, "task_uuid": "ebeb1a8a-b116-4bdc-9a13-98849012b6f4", "action_type": "ERROR_CANDIDATE", "task_level": [1]}
{"optimizer": "BOCA", "message": "No unique candidate found.", "iteration": 196, "all_candidates": [], "timestamp": 1699005931.324097, "task_uuid": "ebeb1a8a-b116-4bdc-9a13-98849012b6f4", "task_level": [2], "message_type": "ERROR"}
{"action_status": "succeeded", "timestamp": 1699005931.3241518, "task_uuid": "ebeb1a8a-b116-4bdc-9a13-98849012b6f4", "action_type": "ERROR_CANDIDATE", "task_level": [3]}
{"action_status": "started", "timestamp": 1699005934.1898937, "task_uuid": "2426b810-a0c3-489b-88b0-69481041d74e", "action_type": "ERROR_CANDIDATE", "task_level": [1]}
{"optimizer": "BOCA", "message": "No unique candidate found.", "iteration": 197, "all_candidates": [], "timestamp": 1699005934.1900141, "task_uuid": "2426b810-a0c3-489b-88b0-69481041d74e", "task_level": [2], "message_type": "ERROR"}
{"action_status": "succeeded", "timestamp": 1699005934.1903677, "task_uuid": "2426b810-a0c3-489b-88b0-69481041d74e", "action_type": "ERROR_CANDIDATE", "task_level": [3]}
{"action_status": "started", "timestamp": 1699005937.0731342, "task_uuid": "72512b5a-fb4f-4f96-92d9-9e00158bfa36", "action_type": "ERROR_CANDIDATE", "task_level": [1]}
{"optimizer": "BOCA", "message": "No unique candidate found.", "iteration": 198, "all_candidates": [], "timestamp": 1699005937.0732481, "task_uuid": "72512b5a-fb4f-4f96-92d9-9e00158bfa36", "task_level": [2], "message_type": "ERROR"}
{"action_status": "succeeded", "timestamp": 1699005937.0733035, "task_uuid": "72512b5a-fb4f-4f96-92d9-9e00158bfa36", "action_type": "ERROR_CANDIDATE", "task_level": [3]}
{"action_status": "started", "timestamp": 1699005940.093069, "task_uuid": "e5170347-3370-4e24-a960-6e445475712f", "action_type": "ERROR_CANDIDATE", "task_level": [1]}
{"optimizer": "BOCA", "message": "No unique candidate found.", "iteration": 199, "all_candidates": [], "timestamp": 1699005940.0931838, "task_uuid": "e5170347-3370-4e24-a960-6e445475712f", "task_level": [2], "message_type": "ERROR"}
{"action_status": "succeeded", "timestamp": 1699005940.0932422, "task_uuid": "e5170347-3370-4e24-a960-6e445475712f", "action_type": "ERROR_CANDIDATE", "task_level": [3]}
{"action_status": "started", "timestamp": 1699005940.56677, "task_uuid": "20fcf7d2-6cf9-4c91-800d-48c7b9dbee5c", "action_type": "LOG_RESULTS", "task_level": [1]}
{"optimizer": "BOCA", "no": "0", "best_result": [["-O0", "-O0", "-fno-opt-coercion", "-fdicts-strict", "-ffun-to-thunk", "-fstatic-argument-transformation", "-funbox-strict-fields", "-fworker-wrapper", "-fcall-arity", "-fsimplifier-phases=2", "-fmax-inline-alloc-size=128", "-fmax-relevant-binds=6", "-funbox-small-strict-fields", "-floopification", "-flate-dmd-anal", "-fdo-eta-reduction", "-funfolding-fun-discount=60", "-fliberate-case-threshold=2000", "-ffull-laziness", "-fmax-inline-memset-insns=32", "-foptimal-applicative-do", "-fcase-merge", "-funfolding-keeness-factor=1.5", "-fvectorise", "-fregs-iterative", "-fexcess-precision", "-fexpose-all-unfoldings", "-fvectorisation-avoidance", "-fomit-interface-pragmas", "-fomit-yields", "-fmax-simplifier-iterations=4", "-fspecialise", "-fsimpl-tick-factor=100", "-fno-pre-inlining", "-fdicts-cheap", "-fcmm-sink", "-funfolding-dict-discount=30", "-fignore-interface-pragmas", "-fliberate-case", "-feager-blackholing", "-fstrictness-before=1", "-fcse", "-fstrictness", "-fdo-lambda-eta-expansion", "-fcmm-elim-common-blocks", "-fspec-constr-count=3", "-funfolding-use-threshold=60"], 29.836], "run_allowance": 4781, "iterations": 0, "timestamp": 1699005940.566887, "task_uuid": "20fcf7d2-6cf9-4c91-800d-48c7b9dbee5c", "task_level": [2], "message_type": "INFO"}
{"action_status": "succeeded", "timestamp": 1699005940.5669835, "task_uuid": "20fcf7d2-6cf9-4c91-800d-48c7b9dbee5c", "action_type": "LOG_RESULTS", "task_level": [3]}
