{"test_path": "spectral/gcd", "test_desc": null, "action_status": "started", "timestamp": 1698365125.32083, "task_uuid": "83dccc85-f752-45bc-932f-58b8918156ac", "action_type": "OPTIMIZER_CREATION", "task_level": [1]}
{"action_status": "started", "timestamp": 1698365125.321169, "task_uuid": "83dccc85-f752-45bc-932f-58b8918156ac", "action_type": "LOG_RESULTS", "task_level": [2, 1]}
{"action_status": "succeeded", "timestamp": 1698365125.3216224, "task_uuid": "83dccc85-f752-45bc-932f-58b8918156ac", "action_type": "OPTIMIZER_CREATION", "task_level": [3]}
{"action_status": "started", "timestamp": 1698365132.902294, "task_uuid": "61289e68-47ac-443c-9da9-923a75b48dd6", "action_type": "LOG_RESULTS", "task_level": [1]}
{"optimizer": "RIO", "no": "0", "best_result": [["-O0"], 0.178], "run_allowance": 19995, "timestamp": 1698365132.90236, "task_uuid": "61289e68-47ac-443c-9da9-923a75b48dd6", "task_level": [2], "message_type": "INFO"}
{"action_status": "succeeded", "timestamp": 1698365132.9036813, "task_uuid": "61289e68-47ac-443c-9da9-923a75b48dd6", "action_type": "LOG_RESULTS", "task_level": [3]}
{"test_path": "spectral/gcd", "test_desc": null, "action_status": "started", "timestamp": 1698365186.037198, "task_uuid": "e34845b0-caf3-4a18-ab06-4b29e948598e", "action_type": "OPTIMIZER_CREATION", "task_level": [1]}
{"action_status": "started", "timestamp": 1698365186.03743, "task_uuid": "e34845b0-caf3-4a18-ab06-4b29e948598e", "action_type": "LOG_RESULTS", "task_level": [2, 1]}
{"action_status": "succeeded", "timestamp": 1698365186.0379066, "task_uuid": "e34845b0-caf3-4a18-ab06-4b29e948598e", "action_type": "OPTIMIZER_CREATION", "task_level": [3]}
{"action_status": "started", "timestamp": 1698365193.4609122, "task_uuid": "3d374fe1-17fe-4cff-b5d6-c8a234bf0e55", "action_type": "LOG_RESULTS", "task_level": [1]}
{"optimizer": "RIO", "no": "0", "best_result": [["-O0"], 0.171], "run_allowance": 19995, "timestamp": 1698365193.4609976, "task_uuid": "3d374fe1-17fe-4cff-b5d6-c8a234bf0e55", "task_level": [2], "message_type": "INFO"}
{"action_status": "succeeded", "timestamp": 1698365193.4626749, "task_uuid": "3d374fe1-17fe-4cff-b5d6-c8a234bf0e55", "action_type": "LOG_RESULTS", "task_level": [3]}
{"test_path": "spectral/gcd", "test_desc": null, "action_status": "started", "timestamp": 1698365884.6352706, "task_uuid": "d1af2743-7cc5-4473-9c2f-a5cc889a173c", "action_type": "OPTIMIZER_CREATION", "task_level": [1]}
{"action_status": "started", "timestamp": 1698365884.635637, "task_uuid": "d1af2743-7cc5-4473-9c2f-a5cc889a173c", "action_type": "LOG_RESULTS", "task_level": [2, 1]}
{"action_status": "succeeded", "timestamp": 1698365884.636355, "task_uuid": "d1af2743-7cc5-4473-9c2f-a5cc889a173c", "action_type": "OPTIMIZER_CREATION", "task_level": [3]}
{"action_status": "started", "timestamp": 1698365892.105761, "task_uuid": "4401de2b-601c-41da-852e-87c475b54220", "action_type": "LOG_RESULTS", "task_level": [1]}
{"optimizer": "RIO", "no": "0", "best_result": [["-O0"], 0.169], "run_allowance": 19995, "iterations": 5, "timestamp": 1698365892.1058254, "task_uuid": "4401de2b-601c-41da-852e-87c475b54220", "task_level": [2], "message_type": "INFO"}
{"action_status": "succeeded", "timestamp": 1698365892.105856, "task_uuid": "4401de2b-601c-41da-852e-87c475b54220", "action_type": "LOG_RESULTS", "task_level": [3]}
{"test_path": "spectral/gcd", "test_desc": null, "action_status": "started", "timestamp": 1698365898.704257, "task_uuid": "47fef76c-00fb-4236-b3b6-bbf656b9e8e3", "action_type": "OPTIMIZER_CREATION", "task_level": [1]}
{"action_status": "started", "timestamp": 1698365898.7045352, "task_uuid": "47fef76c-00fb-4236-b3b6-bbf656b9e8e3", "action_type": "LOG_RESULTS", "task_level": [2, 1]}
{"action_status": "succeeded", "timestamp": 1698365898.716939, "task_uuid": "47fef76c-00fb-4236-b3b6-bbf656b9e8e3", "action_type": "OPTIMIZER_CREATION", "task_level": [3]}
{"test_path": "spectral/gcd", "test_desc": null, "action_status": "started", "timestamp": 1698365924.2552936, "task_uuid": "71ea7fea-34e0-4994-a162-e243f7622365", "action_type": "OPTIMIZER_CREATION", "task_level": [1]}
{"action_status": "started", "timestamp": 1698365924.2555547, "task_uuid": "71ea7fea-34e0-4994-a162-e243f7622365", "action_type": "LOG_RESULTS", "task_level": [2, 1]}
{"action_status": "succeeded", "timestamp": 1698365924.2569354, "task_uuid": "71ea7fea-34e0-4994-a162-e243f7622365", "action_type": "OPTIMIZER_CREATION", "task_level": [3]}
{"action_status": "started", "timestamp": 1698365944.2682722, "task_uuid": "41a104e3-afc5-475a-9df3-8d59cc449013", "action_type": "LOG_RESULTS", "task_level": [1]}
{"optimizer": "GA", "no": "0", "best_result": [["-fcall-arity", "-fcase-merge", "-fcmm-elim-common-blocks", "-fcmm-sink", "-fcpr-anal", "-fcse", "-fdicts-cheap", "-fdicts-strict", "-fdmd-tx-dict-sel", "-fdo-eta-reduction", "-fdo-lambda-eta-expansion", "-feager-blackholing", "-fenable-rewrite-rules", "-fexcess-precision", "-fexpose-all-unfoldings", "-ffloat-in", "-ffull-laziness", "-ffun-to-thunk", "-fignore-asserts", "-fignore-interface-pragmas", "-flate-dmd-anal", "-fliberate-case", "-fliberate-case-threshold=2000", "-floopification", "-fmax-inline-alloc-size=128", "-fmax-inline-memcpy-insns=32", "-fmax-inline-memset-insns=32", "-fmax-relevant-binds=6", "-fmax-simplifier-iterations=4", "-fmax-worker-args=10", "-fno-opt-coercion", "-fno-pre-inlining", "-fno-state-hack", "-fomit-interface-pragmas", "-fomit-yields", "-foptimal-applicative-do", "-fpedantic-bottoms", "-fregs-graph", "-fregs-iterative", "-fsimplifier-phases=2", "-fsimpl-tick-factor=100", "-fspec-constr", "-fspec-constr-count=3", "-fspec-constr-threshold=2000", "-fspecialise", "-fcross-module-specialise", "-fstatic-argument-transformation", "-fstrictness", "-fstrictness-before=1", "-funbox-small-strict-fields", "-funbox-strict-fields", "-funfolding-creation-threshold=750", "-funfolding-dict-discount=30", "-funfolding-fun-discount=60", "-funfolding-keeness-factor=1.5", "-funfolding-use-threshold=60", "-fvectorisation-avoidance", "-fvectorise", "-fworker-wrapper"], 0.182], "run_allowance": 19984, "iterations": 0, "timestamp": 1698365944.2683356, "task_uuid": "41a104e3-afc5-475a-9df3-8d59cc449013", "task_level": [2], "message_type": "INFO"}
{"action_status": "succeeded", "timestamp": 1698365944.268377, "task_uuid": "41a104e3-afc5-475a-9df3-8d59cc449013", "action_type": "LOG_RESULTS", "task_level": [3]}
{"test_path": "spectral/gcd", "test_desc": null, "action_status": "started", "timestamp": 1698365971.7988036, "task_uuid": "f60b71ee-1d11-49f5-a311-d8f485578818", "action_type": "OPTIMIZER_CREATION", "task_level": [1]}
{"action_status": "started", "timestamp": 1698365971.7991595, "task_uuid": "f60b71ee-1d11-49f5-a311-d8f485578818", "action_type": "LOG_RESULTS", "task_level": [2, 1]}
{"action_status": "succeeded", "timestamp": 1698365971.7998717, "task_uuid": "f60b71ee-1d11-49f5-a311-d8f485578818", "action_type": "OPTIMIZER_CREATION", "task_level": [3]}
{"action_status": "started", "timestamp": 1698365986.7063975, "task_uuid": "c812fd88-65b8-448e-9e4c-aea16bd7331c", "action_type": "LOG_RESULTS", "task_level": [1]}
{"optimizer": "BOCA", "no": "0", "best_result": [["-O0", "-fmax-worker-args=10", "-ffun-to-thunk", "-funfolding-creation-threshold=750", "-funfolding-keeness-factor=1.5", "-fignore-asserts", "-fexcess-precision", "-fexpose-all-unfoldings", "-fspecialise", "-fno-pre-inlining", "-funfolding-fun-discount=60", "-fspec-constr-count=3", "-fvectorisation-avoidance", "-fregs-graph", "-fcmm-sink", "-funbox-strict-fields", "-fworker-wrapper", "-flate-dmd-anal", "-fcse", "-fcase-merge"], 0.162], "run_allowance": 19990, "iterations": 0, "timestamp": 1698365986.7064638, "task_uuid": "c812fd88-65b8-448e-9e4c-aea16bd7331c", "task_level": [2], "message_type": "INFO"}
{"action_status": "succeeded", "timestamp": 1698365986.7064984, "task_uuid": "c812fd88-65b8-448e-9e4c-aea16bd7331c", "action_type": "LOG_RESULTS", "task_level": [3]}
