{"test_path": "spectral/gcd", "test_desc": "Dumb", "action_status": "started", "timestamp": 1698416421.667207, "task_uuid": "ab43fcaf-2bed-4200-bcba-f9dec1984b94", "action_type": "OPTIMIZER_CREATION", "task_level": [1]}
{"action_status": "started", "timestamp": 1698416421.6674402, "task_uuid": "ab43fcaf-2bed-4200-bcba-f9dec1984b94", "action_type": "LOG_RESULTS", "task_level": [2, 1]}
{"action_status": "succeeded", "timestamp": 1698416421.667882, "task_uuid": "ab43fcaf-2bed-4200-bcba-f9dec1984b94", "action_type": "OPTIMIZER_CREATION", "task_level": [3]}
{"action_status": "started", "timestamp": 1698416429.2728145, "task_uuid": "68b36351-6b23-43e3-b5b1-e3a891eaff8a", "action_type": "LOG_RESULTS", "task_level": [1]}
{"optimizer": "RIO", "no": "0", "best_result": [["-O0"], NaN], "run_allowance": 19995, "iterations": 5, "timestamp": 1698416429.2728796, "task_uuid": "68b36351-6b23-43e3-b5b1-e3a891eaff8a", "task_level": [2], "message_type": "INFO"}
{"action_status": "succeeded", "timestamp": 1698416429.2729094, "task_uuid": "68b36351-6b23-43e3-b5b1-e3a891eaff8a", "action_type": "LOG_RESULTS", "task_level": [3]}
{"test_path": "spectral/gcd", "test_desc": "Dumb", "action_status": "started", "timestamp": 1698416697.2965276, "task_uuid": "0db74b4f-06d8-4c30-afb9-959d1ef46e25", "action_type": "OPTIMIZER_CREATION", "task_level": [1]}
{"action_status": "started", "timestamp": 1698416697.296897, "task_uuid": "0db74b4f-06d8-4c30-afb9-959d1ef46e25", "action_type": "LOG_RESULTS", "task_level": [2, 1]}
{"action_status": "succeeded", "timestamp": 1698416697.2976604, "task_uuid": "0db74b4f-06d8-4c30-afb9-959d1ef46e25", "action_type": "OPTIMIZER_CREATION", "task_level": [3]}
{"test_path": "spectral/gcd", "test_desc": "Dumb", "action_status": "started", "timestamp": 1698416725.6284952, "task_uuid": "9ab5be3d-bf59-40d6-9d18-eaae8d1df96a", "action_type": "OPTIMIZER_CREATION", "task_level": [1]}
{"action_status": "started", "timestamp": 1698416725.628717, "task_uuid": "9ab5be3d-bf59-40d6-9d18-eaae8d1df96a", "action_type": "LOG_RESULTS", "task_level": [2, 1]}
{"action_status": "succeeded", "timestamp": 1698416725.6292338, "task_uuid": "9ab5be3d-bf59-40d6-9d18-eaae8d1df96a", "action_type": "OPTIMIZER_CREATION", "task_level": [3]}
{"test_path": "spectral/gcd", "test_desc": "Dumb", "action_status": "started", "timestamp": 1698416788.6064358, "task_uuid": "5b580c29-259f-4b03-a932-30a5cb1215c6", "action_type": "OPTIMIZER_CREATION", "task_level": [1]}
{"action_status": "started", "timestamp": 1698416788.6067116, "task_uuid": "5b580c29-259f-4b03-a932-30a5cb1215c6", "action_type": "LOG_RESULTS", "task_level": [2, 1]}
{"action_status": "succeeded", "timestamp": 1698416788.6071882, "task_uuid": "5b580c29-259f-4b03-a932-30a5cb1215c6", "action_type": "OPTIMIZER_CREATION", "task_level": [3]}
{"test_path": "spectral/gcd", "test_desc": "Dumb", "action_status": "started", "timestamp": 1698416858.2255588, "task_uuid": "278a5742-abdf-4e20-8443-353a8946a228", "action_type": "OPTIMIZER_CREATION", "task_level": [1]}
{"action_status": "started", "timestamp": 1698416858.2259085, "task_uuid": "278a5742-abdf-4e20-8443-353a8946a228", "action_type": "LOG_RESULTS", "task_level": [2, 1]}
{"action_status": "succeeded", "timestamp": 1698416858.2264507, "task_uuid": "278a5742-abdf-4e20-8443-353a8946a228", "action_type": "OPTIMIZER_CREATION", "task_level": [3]}
{"test_path": "spectral/gcd", "test_desc": "Dumb", "action_status": "started", "timestamp": 1698416889.899166, "task_uuid": "0b195777-b581-4cf8-ac7c-9778d06df7f5", "action_type": "OPTIMIZER_CREATION", "task_level": [1]}
{"action_status": "started", "timestamp": 1698416889.8995478, "task_uuid": "0b195777-b581-4cf8-ac7c-9778d06df7f5", "action_type": "LOG_RESULTS", "task_level": [2, 1]}
{"action_status": "succeeded", "timestamp": 1698416889.9001985, "task_uuid": "0b195777-b581-4cf8-ac7c-9778d06df7f5", "action_type": "OPTIMIZER_CREATION", "task_level": [3]}
{"test_path": "spectral/gcd", "test_desc": "Dumb", "action_status": "started", "timestamp": 1698416919.4089713, "task_uuid": "c49f39e5-7d51-4ae2-b016-aa724c96f7e9", "action_type": "OPTIMIZER_CREATION", "task_level": [1]}
{"action_status": "started", "timestamp": 1698416919.409333, "task_uuid": "c49f39e5-7d51-4ae2-b016-aa724c96f7e9", "action_type": "LOG_RESULTS", "task_level": [2, 1]}
{"action_status": "succeeded", "timestamp": 1698416919.4097867, "task_uuid": "c49f39e5-7d51-4ae2-b016-aa724c96f7e9", "action_type": "OPTIMIZER_CREATION", "task_level": [3]}
{"test_path": "spectral/gcd", "test_desc": "Dumb", "action_status": "started", "timestamp": 1698417361.5874405, "task_uuid": "fc711eef-c1ca-4300-a90e-ce2ec6c0a5c8", "action_type": "OPTIMIZER_CREATION", "task_level": [1]}
{"action_status": "started", "timestamp": 1698417361.587683, "task_uuid": "fc711eef-c1ca-4300-a90e-ce2ec6c0a5c8", "action_type": "LOG_RESULTS", "task_level": [2, 1]}
{"action_status": "succeeded", "timestamp": 1698417361.5880888, "task_uuid": "fc711eef-c1ca-4300-a90e-ce2ec6c0a5c8", "action_type": "OPTIMIZER_CREATION", "task_level": [3]}
{"action_status": "started", "timestamp": 1698417369.0596619, "task_uuid": "8d641f4d-50e4-403b-93fa-160941f6e745", "action_type": "LOG_RESULTS", "task_level": [1]}
{"optimizer": "RIO", "no": "0", "best_result": [["-O0"], NaN], "run_allowance": 19995, "iterations": 5, "timestamp": 1698417369.0597322, "task_uuid": "8d641f4d-50e4-403b-93fa-160941f6e745", "task_level": [2], "message_type": "INFO"}
{"action_status": "succeeded", "timestamp": 1698417369.0597694, "task_uuid": "8d641f4d-50e4-403b-93fa-160941f6e745", "action_type": "LOG_RESULTS", "task_level": [3]}
{"test_path": "spectral/gcd", "test_desc": "Dumb", "action_status": "started", "timestamp": 1698417424.238432, "task_uuid": "c4128553-67af-415b-ab54-21cf323f7800", "action_type": "OPTIMIZER_CREATION", "task_level": [1]}
{"action_status": "started", "timestamp": 1698417424.2386682, "task_uuid": "c4128553-67af-415b-ab54-21cf323f7800", "action_type": "LOG_RESULTS", "task_level": [2, 1]}
{"action_status": "succeeded", "timestamp": 1698417424.23911, "task_uuid": "c4128553-67af-415b-ab54-21cf323f7800", "action_type": "OPTIMIZER_CREATION", "task_level": [3]}
{"test_path": "spectral/gcd", "test_desc": "Dumb", "action_status": "started", "timestamp": 1698417444.7497685, "task_uuid": "67573adc-620d-4e7b-83bb-3167fa977542", "action_type": "OPTIMIZER_CREATION", "task_level": [1]}
{"action_status": "started", "timestamp": 1698417444.7500126, "task_uuid": "67573adc-620d-4e7b-83bb-3167fa977542", "action_type": "LOG_RESULTS", "task_level": [2, 1]}
{"action_status": "succeeded", "timestamp": 1698417444.7504578, "task_uuid": "67573adc-620d-4e7b-83bb-3167fa977542", "action_type": "OPTIMIZER_CREATION", "task_level": [3]}
{"action_status": "started", "timestamp": 1698417452.1181157, "task_uuid": "48104382-1c47-469e-8696-a17194a82b9c", "action_type": "LOG_RESULTS", "task_level": [1]}
{"optimizer": "RIO", "no": "0", "best_result": [["-O0"], NaN], "run_allowance": 19995, "iterations": 5, "timestamp": 1698417452.1181898, "task_uuid": "48104382-1c47-469e-8696-a17194a82b9c", "task_level": [2], "message_type": "INFO"}
{"action_status": "succeeded", "timestamp": 1698417452.1182258, "task_uuid": "48104382-1c47-469e-8696-a17194a82b9c", "action_type": "LOG_RESULTS", "task_level": [3]}
{"test_path": "spectral/gcd", "test_desc": "Dumb", "action_status": "started", "timestamp": 1698418046.7891364, "task_uuid": "3502ca97-4cd2-4207-9551-a9625f1b2373", "action_type": "OPTIMIZER_CREATION", "task_level": [1]}
{"action_status": "started", "timestamp": 1698418046.789383, "task_uuid": "3502ca97-4cd2-4207-9551-a9625f1b2373", "action_type": "LOG_RESULTS", "task_level": [2, 1]}
{"action_status": "succeeded", "timestamp": 1698418046.7899232, "task_uuid": "3502ca97-4cd2-4207-9551-a9625f1b2373", "action_type": "OPTIMIZER_CREATION", "task_level": [3]}
{"test_path": "spectral/gcd", "test_desc": "Dumb", "action_status": "started", "timestamp": 1698418156.7404516, "task_uuid": "cbc98ac6-8c2c-4024-8459-885e4aa29cf4", "action_type": "OPTIMIZER_CREATION", "task_level": [1]}
{"action_status": "started", "timestamp": 1698418156.7406952, "task_uuid": "cbc98ac6-8c2c-4024-8459-885e4aa29cf4", "action_type": "LOG_RESULTS", "task_level": [2, 1]}
{"action_status": "succeeded", "timestamp": 1698418156.741187, "task_uuid": "cbc98ac6-8c2c-4024-8459-885e4aa29cf4", "action_type": "OPTIMIZER_CREATION", "task_level": [3]}
{"test_path": "spectral/gcd", "test_desc": "Dumb", "action_status": "started", "timestamp": 1698418214.4630356, "task_uuid": "e9873b16-6af0-4b97-b2ea-200f2c5f6e8d", "action_type": "OPTIMIZER_CREATION", "task_level": [1]}
{"action_status": "started", "timestamp": 1698418214.4633582, "task_uuid": "e9873b16-6af0-4b97-b2ea-200f2c5f6e8d", "action_type": "LOG_RESULTS", "task_level": [2, 1]}
{"action_status": "succeeded", "timestamp": 1698418214.4638934, "task_uuid": "e9873b16-6af0-4b97-b2ea-200f2c5f6e8d", "action_type": "OPTIMIZER_CREATION", "task_level": [3]}
{"action_status": "started", "timestamp": 1698418222.1146634, "task_uuid": "250e36d3-5bf8-480b-8d73-7be408efcab8", "action_type": "LOG_RESULTS", "task_level": [1]}
{"optimizer": "RIO", "no": "0", "best_result": [["-O0"], 0.187], "run_allowance": 19995, "iterations": 5, "timestamp": 1698418222.1147332, "task_uuid": "250e36d3-5bf8-480b-8d73-7be408efcab8", "task_level": [2], "message_type": "INFO"}
{"action_status": "succeeded", "timestamp": 1698418222.1147654, "task_uuid": "250e36d3-5bf8-480b-8d73-7be408efcab8", "action_type": "LOG_RESULTS", "task_level": [3]}
