Running Python program with argument: real/grep
Main Function Call
Genetic Optimization Selected...
Apply Preset Task to: real/grep
Iteration: 0
Baseline Configured...
Applying command to real/grep
Applying command to real/grep
Applying command to real/grep
Applying command to real/grep
Applying command to real/grep
Applying command to real/grep
Applying command to real/grep
Applying command to real/grep
Applying command to real/grep
Applying command to real/grep
Applying command to real/grep
Applying command to real/grep
Applying command to real/grep
Applying command to real/grep
Applying command to real/grep
Applying command to real/grep
Applying command to real/grep
Applying command to real/grep
Applying command to real/grep
Applying command to real/grep
Applying command to real/grep
Applying command to real/grep
Applying command to real/grep
Applying command to real/grep
Applying command to real/grep
Iteration: 1
Applying command to real/grep
Applying command to real/grep
Applying command to real/grep
Applying command to real/grep
Applying command to real/grep
Applying command to real/grep
Applying command to real/grep
Applying command to real/grep
Applying command to real/grep
Applying command to real/grep
Applying command to real/grep
Applying command to real/grep
Applying command to real/grep
Applying command to real/grep
Applying command to real/grep
Applying command to real/grep
Applying command to real/grep
Applying command to real/grep
Applying command to real/grep
Applying command to real/grep
Applying command to real/grep
Applying command to real/grep
Applying command to real/grep
Applying command to real/grep
Applying command to real/grep
Iteration: 2
Applying command to real/grep
Applying command to real/grep
Applying command to real/grep
Applying command to real/grep
Applying command to real/grep
Applying command to real/grep
Applying command to real/grep
Applying command to real/grep
Applying command to real/grep
Applying command to real/grep
Applying command to real/grep
Applying command to real/grep
Applying command to real/grep
Applying command to real/grep
Applying command to real/grep
Applying command to real/grep
Applying command to real/grep
Applying command to real/grep
Applying command to real/grep
Applying command to real/grep
Applying command to real/grep
Applying command to real/grep
Applying command to real/grep
Applying command to real/grep
Applying command to real/grep
Iteration: 3
Applying command to real/grep
Applying command to real/grep
Applying command to real/grep
Applying command to real/grep
Applying command to real/grep
Applying command to real/grep
Applying command to real/grep
Applying command to real/grep
Applying command to real/grep
Applying command to real/grep
Applying command to real/grep
Applying command to real/grep
Applying command to real/grep
Applying command to real/grep
Applying command to real/grep
Applying command to real/grep
Applying command to real/grep
Applying command to real/grep
Applying command to real/grep
Applying command to real/grep
Applying command to real/grep
Applying command to real/grep
Applying command to real/grep
Applying command to real/grep
Applying command to real/grep
Iteration: 4
No improvement threshold reached... Terminating
Iteration: 0
No improvement threshold reached... Terminating
                                      ID  ... Fitness
0                                    -01  ...   3.898
1                                    -02  ...   3.912
2   03b588d8-eb73-47ae-948b-77eecc855833  ...  -1.000
3   9f922ed6-b2c2-4523-a02b-64c14fcaaf98  ...  -1.000
4   738acdb7-94ed-4a74-9fa4-413cddd91dce  ...  -1.000
5   7d48a336-1c8c-412b-a003-5440f594f93d  ...  -1.000
6   a727abf9-7949-4bfa-a23f-77f556665167  ...  -1.000
7   9cbfba6c-9b40-4ca4-b91e-724f70837afa  ...  -1.000
8   6f1e042f-091b-4371-b96a-4dea343aacbe  ...   3.877
9   ddd6790a-5e6e-4331-aade-349948d9dbce  ...   3.883
10  a72eda9f-7873-469a-8f5d-9fb6b3127a07  ...   3.884
11  2b50283b-e5fa-4370-a000-44d5a38ee78f  ...   3.886
12  688d1add-c781-4ee8-8200-40c19d5e5269  ...   3.891
13  905c41e1-cc73-4b3c-8d55-915c3b161a5f  ...   3.893
14  befacdb1-a7b9-4c1f-81c9-7a7179405ea1  ...   3.895
15  71bd9cdd-1bb6-4d12-9d28-9467c777fdcf  ...   3.897
16  3572941c-3d39-41a8-96ca-79e373e93897  ...   3.903
17  592772f3-e864-4465-bf6a-b43c9b61d7c1  ...   3.905
18  5343f902-10af-42d4-ad67-0bd48d6d9fcb  ...   3.911
19  c5c2397a-7ede-4d74-8314-e92c4984ae39  ...   3.912
20  cb8e22de-d6c6-48ed-909c-f7482ea4d766  ...   3.912
21  0dde1039-2a21-4469-ad72-3a487eebc55e  ...   3.914
22  34774484-64a7-4333-83f4-1b341da6b3c3  ...   3.918
23  3f89ee84-3ddd-47fb-88f6-3a2458d791b3  ...   3.918
24  9cd6bf96-e014-469b-9c94-b9ce114df6b0  ...   3.924
25  bbc41362-d93c-4e52-b569-98658adb46ae  ...   3.927
26  4fd9cf6c-1435-4908-a410-1e9a82fc96af  ...   3.929
0                                    -01  ...   3.898
1                                    -02  ...   3.912
2   03b588d8-eb73-47ae-948b-77eecc855833  ...  -1.000
3   9f922ed6-b2c2-4523-a02b-64c14fcaaf98  ...  -1.000
4   738acdb7-94ed-4a74-9fa4-413cddd91dce  ...  -1.000
5   7d48a336-1c8c-412b-a003-5440f594f93d  ...  -1.000
6   a727abf9-7949-4bfa-a23f-77f556665167  ...  -1.000
7   9cbfba6c-9b40-4ca4-b91e-724f70837afa  ...  -1.000
8   6f1e042f-091b-4371-b96a-4dea343aacbe  ...   3.877
9   ddd6790a-5e6e-4331-aade-349948d9dbce  ...   3.883
10  a72eda9f-7873-469a-8f5d-9fb6b3127a07  ...   3.884
11  2b50283b-e5fa-4370-a000-44d5a38ee78f  ...   3.886
12  688d1add-c781-4ee8-8200-40c19d5e5269  ...   3.891
13  905c41e1-cc73-4b3c-8d55-915c3b161a5f  ...   3.893
14  befacdb1-a7b9-4c1f-81c9-7a7179405ea1  ...   3.895
15  71bd9cdd-1bb6-4d12-9d28-9467c777fdcf  ...   3.897
16  3572941c-3d39-41a8-96ca-79e373e93897  ...   3.903
17  592772f3-e864-4465-bf6a-b43c9b61d7c1  ...   3.905
18  5343f902-10af-42d4-ad67-0bd48d6d9fcb  ...   3.911
19  c5c2397a-7ede-4d74-8314-e92c4984ae39  ...   3.912
20  cb8e22de-d6c6-48ed-909c-f7482ea4d766  ...   3.912
21  0dde1039-2a21-4469-ad72-3a487eebc55e  ...   3.914
22  34774484-64a7-4333-83f4-1b341da6b3c3  ...   3.918
23  3f89ee84-3ddd-47fb-88f6-3a2458d791b3  ...   3.918
24  9cd6bf96-e014-469b-9c94-b9ce114df6b0  ...   3.924
25  bbc41362-d93c-4e52-b569-98658adb46ae  ...   3.927
26  4fd9cf6c-1435-4908-a410-1e9a82fc96af  ...   3.929

[54 rows x 4 columns]
All configuration files have finished executing...
Running Python program with argument: real/fluid
Main Function Call
Genetic Optimization Selected...
Apply Preset Task to: real/fluid
Iteration: 0
Baseline Configured...
Applying command to real/fluid
Applying command to real/fluid
Applying command to real/fluid
Applying command to real/fluid
Applying command to real/fluid
Applying command to real/fluid
Applying command to real/fluid
Applying command to real/fluid
Applying command to real/fluid
Applying command to real/fluid
Applying command to real/fluid
Applying command to real/fluid
Applying command to real/fluid
Applying command to real/fluid
Applying command to real/fluid
Applying command to real/fluid
Applying command to real/fluid
Applying command to real/fluid
Applying command to real/fluid
Applying command to real/fluid
Applying command to real/fluid
Applying command to real/fluid
Applying command to real/fluid
Applying command to real/fluid
Applying command to real/fluid
Iteration: 1
Applying command to real/fluid
Applying command to real/fluid
Applying command to real/fluid
Applying command to real/fluid
Applying command to real/fluid
Applying command to real/fluid
Applying command to real/fluid
Applying command to real/fluid
Applying command to real/fluid
Applying command to real/fluid
Applying command to real/fluid
Applying command to real/fluid
Applying command to real/fluid
Applying command to real/fluid
Applying command to real/fluid
Applying command to real/fluid
Applying command to real/fluid
Applying command to real/fluid
Applying command to real/fluid
Applying command to real/fluid
Applying command to real/fluid
Applying command to real/fluid
Applying command to real/fluid
Applying command to real/fluid
Applying command to real/fluid
Iteration: 2
Applying command to real/fluid
Applying command to real/fluid
Applying command to real/fluid
Applying command to real/fluid
Applying command to real/fluid
Applying command to real/fluid
Applying command to real/fluid
Applying command to real/fluid
Applying command to real/fluid
Applying command to real/fluid
Applying command to real/fluid
Applying command to real/fluid
Applying command to real/fluid
Applying command to real/fluid
Applying command to real/fluid
Applying command to real/fluid
Applying command to real/fluid
Applying command to real/fluid
Applying command to real/fluid
Applying command to real/fluid
Applying command to real/fluid
Applying command to real/fluid
Applying command to real/fluid
Applying command to real/fluid
Applying command to real/fluid
Iteration: 3
Applying command to real/fluid
Applying command to real/fluid
Applying command to real/fluid
Applying command to real/fluid
Applying command to real/fluid
Applying command to real/fluid
Applying command to real/fluid
Applying command to real/fluid
Applying command to real/fluid
Applying command to real/fluid
Applying command to real/fluid
Applying command to real/fluid
Applying command to real/fluid
Applying command to real/fluid
Applying command to real/fluid
Applying command to real/fluid
Applying command to real/fluid
Applying command to real/fluid
Applying command to real/fluid
Applying command to real/fluid
Applying command to real/fluid
Applying command to real/fluid
Applying command to real/fluid
Applying command to real/fluid
Applying command to real/fluid
Iteration: 4
No improvement threshold reached... Terminating
Iteration: 0
No improvement threshold reached... Terminating
                                      ID  ... Fitness
0                                    -01  ...   2.490
1                                    -02  ...   2.467
2   08db92ff-5724-4647-8f10-efdba2b827c6  ...  -1.000
3   3fec4e99-9b75-4515-9220-093139236419  ...  -1.000
4   80f6f4d0-8c6d-4dfa-adef-edfa7f4ed31e  ...  -1.000
5   598722a2-65fc-4fb7-9290-b2f361c7f0cd  ...  -1.000
6   670c992d-b74f-44b8-9c0d-86bcf18137f6  ...  -1.000
7   133e3900-e6e5-4284-8161-92634d8f6ec3  ...  -1.000
8   c353a640-60b8-46d0-be80-9b6c47793ac5  ...   2.464
9   9c6b9728-2d3f-44ff-b448-966e7c9f1c33  ...   2.465
10  9c3fdba5-a81e-4c34-baaa-7ca73ad5b3a3  ...   2.468
11  2fb16d0f-65f0-4c2e-806c-ff76aacc44bb  ...   2.469
12  13303546-ae7d-4451-b770-061dc97c5abd  ...   2.470
13  c63076f9-e410-4601-8b53-f96d6460b872  ...   2.472
14  fc4dfbb0-1366-4be1-96dc-39bbfc9a9963  ...   2.474
15  21c4308c-3983-4d21-b357-da3bb34a1bd8  ...   2.475
16  2911a1c8-2256-415c-8e7d-0bea0c5156df  ...   2.476
17  b1c2b74a-8101-4232-bd0f-4d9781bb1c61  ...   2.476
18  601ed883-193d-4ea4-9038-db7a86c70bdf  ...   2.477
19  20b49d7f-da5b-44f0-a63e-d86eb071b7a0  ...   2.478
20  2241a8a0-c122-494e-acf4-b1b93b77e309  ...   2.478
21  63ee9822-0820-46db-a10c-ccc3448ecd07  ...   2.481
22  0fee3c6d-a3c4-4afc-965b-fb91121e65aa  ...   2.482
23  bd5d1f5e-5aa4-419f-9dcc-6331a742f372  ...   2.489
24  49f62362-a002-44d5-975d-9e9be425eb3d  ...   2.491
25  3cd721cb-cf82-4c84-a665-004f2718ad28  ...   2.496
26  0ae69946-b11c-40b3-b3a0-1ae53e72b227  ...   2.496
0                                    -01  ...   2.490
1                                    -02  ...   2.467
2   08db92ff-5724-4647-8f10-efdba2b827c6  ...  -1.000
3   3fec4e99-9b75-4515-9220-093139236419  ...  -1.000
4   80f6f4d0-8c6d-4dfa-adef-edfa7f4ed31e  ...  -1.000
5   598722a2-65fc-4fb7-9290-b2f361c7f0cd  ...  -1.000
6   670c992d-b74f-44b8-9c0d-86bcf18137f6  ...  -1.000
7   133e3900-e6e5-4284-8161-92634d8f6ec3  ...  -1.000
8   c353a640-60b8-46d0-be80-9b6c47793ac5  ...   2.464
9   9c6b9728-2d3f-44ff-b448-966e7c9f1c33  ...   2.465
10  9c3fdba5-a81e-4c34-baaa-7ca73ad5b3a3  ...   2.468
11  2fb16d0f-65f0-4c2e-806c-ff76aacc44bb  ...   2.469
12  13303546-ae7d-4451-b770-061dc97c5abd  ...   2.470
13  c63076f9-e410-4601-8b53-f96d6460b872  ...   2.472
14  fc4dfbb0-1366-4be1-96dc-39bbfc9a9963  ...   2.474
15  21c4308c-3983-4d21-b357-da3bb34a1bd8  ...   2.475
16  2911a1c8-2256-415c-8e7d-0bea0c5156df  ...   2.476
17  b1c2b74a-8101-4232-bd0f-4d9781bb1c61  ...   2.476
18  601ed883-193d-4ea4-9038-db7a86c70bdf  ...   2.477
19  20b49d7f-da5b-44f0-a63e-d86eb071b7a0  ...   2.478
20  2241a8a0-c122-494e-acf4-b1b93b77e309  ...   2.478
21  63ee9822-0820-46db-a10c-ccc3448ecd07  ...   2.481
22  0fee3c6d-a3c4-4afc-965b-fb91121e65aa  ...   2.482
23  bd5d1f5e-5aa4-419f-9dcc-6331a742f372  ...   2.489
24  49f62362-a002-44d5-975d-9e9be425eb3d  ...   2.491
25  3cd721cb-cf82-4c84-a665-004f2718ad28  ...   2.496
26  0ae69946-b11c-40b3-b3a0-1ae53e72b227  ...   2.496

[54 rows x 4 columns]
All configuration files have finished executing...
Running Python program with argument: real/cacheprof
Main Function Call
Genetic Optimization Selected...
Apply Preset Task to: real/cacheprof
Iteration: 0
Baseline Configured...
Applying command to real/cacheprof
Applying command to real/cacheprof
Applying command to real/cacheprof
Applying command to real/cacheprof
Applying command to real/cacheprof
Applying command to real/cacheprof
Applying command to real/cacheprof
Applying command to real/cacheprof
Applying command to real/cacheprof
Applying command to real/cacheprof
Applying command to real/cacheprof
Applying command to real/cacheprof
Applying command to real/cacheprof
Applying command to real/cacheprof
Applying command to real/cacheprof
Applying command to real/cacheprof
Applying command to real/cacheprof
Applying command to real/cacheprof
Applying command to real/cacheprof
Applying command to real/cacheprof
Applying command to real/cacheprof
Applying command to real/cacheprof
Applying command to real/cacheprof
Applying command to real/cacheprof
Applying command to real/cacheprof
Iteration: 1
Applying command to real/cacheprof
Applying command to real/cacheprof
Applying command to real/cacheprof
Applying command to real/cacheprof
Applying command to real/cacheprof
Applying command to real/cacheprof
Applying command to real/cacheprof
Applying command to real/cacheprof
Applying command to real/cacheprof
Applying command to real/cacheprof
Applying command to real/cacheprof
Applying command to real/cacheprof
Applying command to real/cacheprof
Applying command to real/cacheprof
Applying command to real/cacheprof
Applying command to real/cacheprof
Applying command to real/cacheprof
Applying command to real/cacheprof
Applying command to real/cacheprof
Applying command to real/cacheprof
Applying command to real/cacheprof
Applying command to real/cacheprof
Applying command to real/cacheprof
Applying command to real/cacheprof
Applying command to real/cacheprof
Iteration: 2
Applying command to real/cacheprof
Applying command to real/cacheprof
Applying command to real/cacheprof
Applying command to real/cacheprof
Applying command to real/cacheprof
Applying command to real/cacheprof
Applying command to real/cacheprof
Applying command to real/cacheprof
Applying command to real/cacheprof
Applying command to real/cacheprof
Applying command to real/cacheprof
Applying command to real/cacheprof
Applying command to real/cacheprof
Applying command to real/cacheprof
Applying command to real/cacheprof
Applying command to real/cacheprof
Applying command to real/cacheprof
Applying command to real/cacheprof
Applying command to real/cacheprof
Applying command to real/cacheprof
Applying command to real/cacheprof
Applying command to real/cacheprof
Applying command to real/cacheprof
Applying command to real/cacheprof
Applying command to real/cacheprof
Iteration: 3
Applying command to real/cacheprof
Applying command to real/cacheprof
Applying command to real/cacheprof
Applying command to real/cacheprof
Applying command to real/cacheprof
Applying command to real/cacheprof
Applying command to real/cacheprof
Applying command to real/cacheprof
Applying command to real/cacheprof
Applying command to real/cacheprof
Applying command to real/cacheprof
Applying command to real/cacheprof
Applying command to real/cacheprof
Applying command to real/cacheprof
Applying command to real/cacheprof
Applying command to real/cacheprof
Applying command to real/cacheprof
Applying command to real/cacheprof
Applying command to real/cacheprof
Applying command to real/cacheprof
Applying command to real/cacheprof
Applying command to real/cacheprof
Applying command to real/cacheprof
Applying command to real/cacheprof
Applying command to real/cacheprof
Iteration: 4
No improvement threshold reached... Terminating
Iteration: 0
No improvement threshold reached... Terminating
                                      ID  ... Fitness
0                                    -01  ...   -----
1                                    -02  ...   -----
2   61b68585-c9ee-45be-88cd-a8f2797403ef  ...      -1
3   cfc29ad9-8ad4-4759-bf22-1ba5bfd5d028  ...      -1
4   4f2a3ef6-9134-4519-a161-6f38bc5875a1  ...      -1
5   69c1dfca-5289-49ea-a004-c067bdf0b470  ...      -1
6   7a242d1f-058f-4d35-8d04-6ece8548a542  ...      -1
7   a76fe55f-b746-44ad-bb5b-2473ec4ea936  ...   3.884
8   98bb9c18-8d1a-4009-8202-e79a5ba5758a  ...   3.887
9   0915639b-c2f6-441d-9c30-a6653beb7927  ...   3.892
10  ec308934-8eed-47ea-9cee-a69fabfdd06f  ...   3.892
11  2e1fe2ee-05e4-4541-80af-eeeeaa1503bc  ...     3.9
12  634ed1fd-07a4-46c4-8910-65981b68d1b8  ...   3.902
13  300d1110-bccf-453f-9656-16021e728a57  ...   3.903
14  9cafa4d3-5529-4bc0-8994-3235c13fa83f  ...   3.914
15  a137e1c8-8be3-4f7e-8f69-92d7f94e8d98  ...   3.918
16  f1ed202d-f7bd-4119-b967-ec3e3fa37190  ...   3.921
17  a344cebf-2f13-4e8c-ac94-704694a7feb5  ...   3.923
18  4a6f864c-782f-4e10-9699-8637e70e351a  ...   3.924
19  26459aa1-4506-41f7-9d96-1bc8d5962d7a  ...   3.925
20  59a5c34a-1e39-442f-a374-97e008a904b9  ...   3.926
21  8b61b105-05c1-4b39-8034-73a9a34afb8b  ...   3.933
22  80c61f58-86f6-4fa0-91d8-98e6813f4369  ...   3.942
23  b7fead20-beb5-40ae-838c-313d62f92285  ...   3.951
24  3761f973-ca1a-4ef1-a7e2-a9136fcc0e3a  ...   3.962
25  91e43474-5116-4281-9480-542da6957caf  ...   3.966
26  c0070bf5-91aa-4738-b5c3-fc9c37ab8f97  ...   3.975
0                                    -01  ...   -----
1                                    -02  ...   -----
2   61b68585-c9ee-45be-88cd-a8f2797403ef  ...      -1
3   cfc29ad9-8ad4-4759-bf22-1ba5bfd5d028  ...      -1
4   4f2a3ef6-9134-4519-a161-6f38bc5875a1  ...      -1
5   69c1dfca-5289-49ea-a004-c067bdf0b470  ...      -1
6   7a242d1f-058f-4d35-8d04-6ece8548a542  ...      -1
7   a76fe55f-b746-44ad-bb5b-2473ec4ea936  ...   3.884
8   98bb9c18-8d1a-4009-8202-e79a5ba5758a  ...   3.887
9   0915639b-c2f6-441d-9c30-a6653beb7927  ...   3.892
10  ec308934-8eed-47ea-9cee-a69fabfdd06f  ...   3.892
11  2e1fe2ee-05e4-4541-80af-eeeeaa1503bc  ...     3.9
12  634ed1fd-07a4-46c4-8910-65981b68d1b8  ...   3.902
13  300d1110-bccf-453f-9656-16021e728a57  ...   3.903
14  9cafa4d3-5529-4bc0-8994-3235c13fa83f  ...   3.914
15  a137e1c8-8be3-4f7e-8f69-92d7f94e8d98  ...   3.918
16  f1ed202d-f7bd-4119-b967-ec3e3fa37190  ...   3.921
17  a344cebf-2f13-4e8c-ac94-704694a7feb5  ...   3.923
18  4a6f864c-782f-4e10-9699-8637e70e351a  ...   3.924
19  26459aa1-4506-41f7-9d96-1bc8d5962d7a  ...   3.925
20  59a5c34a-1e39-442f-a374-97e008a904b9  ...   3.926
21  8b61b105-05c1-4b39-8034-73a9a34afb8b  ...   3.933
22  80c61f58-86f6-4fa0-91d8-98e6813f4369  ...   3.942
23  b7fead20-beb5-40ae-838c-313d62f92285  ...   3.951
24  3761f973-ca1a-4ef1-a7e2-a9136fcc0e3a  ...   3.962
25  91e43474-5116-4281-9480-542da6957caf  ...   3.966
26  c0070bf5-91aa-4738-b5c3-fc9c37ab8f97  ...   3.975

[54 rows x 4 columns]
Running Python program with argument: spectral/sorting
Main Function Call
Genetic Optimization Selected...
Apply Preset Task to: spectral/sorting
Iteration: 0
Baseline Configured...
Applying command to spectral/sorting
Applying command to spectral/sorting
Applying command to spectral/sorting
Applying command to spectral/sorting
Applying command to spectral/sorting
Applying command to spectral/sorting
Applying command to spectral/sorting
Applying command to spectral/sorting
Applying command to spectral/sorting
Applying command to spectral/sorting
Applying command to spectral/sorting
Applying command to spectral/sorting
Applying command to spectral/sorting
Applying command to spectral/sorting
Applying command to spectral/sorting
Applying command to spectral/sorting
Applying command to spectral/sorting
Applying command to spectral/sorting
Applying command to spectral/sorting
Applying command to spectral/sorting
Applying command to spectral/sorting
Applying command to spectral/sorting
Applying command to spectral/sorting
Applying command to spectral/sorting
Applying command to spectral/sorting
Iteration: 1
Applying command to spectral/sorting
Applying command to spectral/sorting
Applying command to spectral/sorting
Applying command to spectral/sorting
Applying command to spectral/sorting
Applying command to spectral/sorting
Applying command to spectral/sorting
Applying command to spectral/sorting
Applying command to spectral/sorting
Applying command to spectral/sorting
Applying command to spectral/sorting
Applying command to spectral/sorting
Applying command to spectral/sorting
Applying command to spectral/sorting
Applying command to spectral/sorting
Applying command to spectral/sorting
Applying command to spectral/sorting
Applying command to spectral/sorting
Applying command to spectral/sorting
Applying command to spectral/sorting
Applying command to spectral/sorting
Applying command to spectral/sorting
Applying command to spectral/sorting
Applying command to spectral/sorting
Applying command to spectral/sorting
Iteration: 2
Applying command to spectral/sorting
Applying command to spectral/sorting
Applying command to spectral/sorting
Applying command to spectral/sorting
Applying command to spectral/sorting
Applying command to spectral/sorting
Applying command to spectral/sorting
Applying command to spectral/sorting
Applying command to spectral/sorting
Applying command to spectral/sorting
Applying command to spectral/sorting
Applying command to spectral/sorting
Applying command to spectral/sorting
Applying command to spectral/sorting
Applying command to spectral/sorting
Applying command to spectral/sorting
Applying command to spectral/sorting
Applying command to spectral/sorting
Applying command to spectral/sorting
Applying command to spectral/sorting
Applying command to spectral/sorting
Applying command to spectral/sorting
Applying command to spectral/sorting
Applying command to spectral/sorting
Applying command to spectral/sorting
Iteration: 3
Applying command to spectral/sorting
Applying command to spectral/sorting
Applying command to spectral/sorting
Applying command to spectral/sorting
Applying command to spectral/sorting
Applying command to spectral/sorting
Applying command to spectral/sorting
Applying command to spectral/sorting
Applying command to spectral/sorting
Applying command to spectral/sorting
Applying command to spectral/sorting
Applying command to spectral/sorting
Applying command to spectral/sorting
Applying command to spectral/sorting
Applying command to spectral/sorting
Applying command to spectral/sorting
Applying command to spectral/sorting
Applying command to spectral/sorting
Applying command to spectral/sorting
Applying command to spectral/sorting
Applying command to spectral/sorting
Applying command to spectral/sorting
Applying command to spectral/sorting
Applying command to spectral/sorting
Applying command to spectral/sorting
Iteration: 4
No improvement threshold reached... Terminating
Iteration: 0
No improvement threshold reached... Terminating
                                      ID  ... Fitness
0                                    -01  ...   2.753
1                                    -02  ...   2.736
2   00cf925b-387c-4cdf-8fc6-ea7da7289c64  ...  -1.000
3   c54127c5-9fec-4575-9498-e47a3024dd10  ...  -1.000
4   c5d5d018-9b36-4056-9485-41ac3e7a3fe7  ...  -1.000
5   0c4b68f2-3b1d-4586-90a8-9b069364d3a0  ...  -1.000
6   a563b902-7897-46e9-b74f-c946490fd3db  ...  -1.000
7   04cd942e-e883-4d8a-90ef-831fdb55647d  ...   2.721
8   22037b1e-daa6-4b7b-89fe-24ec9ddd17da  ...   2.733
9   c9516d4a-a75a-4877-9ebd-f5ab521adf44  ...   2.734
10  1ddbc035-86c9-49b2-83a9-c959461b1619  ...   2.742
11  bf918f5f-1c8a-431b-8fcb-4834a834983a  ...   2.742
12  b49eab5d-2179-4444-a407-80707d2c6bb0  ...   2.743
13  a36977e8-de63-45fd-9c2e-4a038e90fcd3  ...   2.744
14  ff34f6ec-094d-405c-9980-4b1ed0035262  ...   2.750
15  d8938556-fde9-46b8-a1be-d7f23ccd6e40  ...   2.750
16  8854b4ba-90de-44a8-94fc-07717bb7db08  ...   2.754
17  a365c536-e6f6-4aba-bbfb-27318c955bec  ...   2.754
18  6aea93a7-d8b4-40de-b447-732dd43cfc5c  ...   2.757
19  e93eebcf-23ae-4f06-85bf-b80c46727038  ...   2.758
20  4e19bc52-eea5-4d7b-9e09-f84364af58bc  ...   2.759
21  0adf027d-b67b-4536-83af-e104481e9b1a  ...   2.763
22  5ca5358b-d09c-4038-982d-9228bc161760  ...   2.766
23  3ab7a75f-3c6a-4390-8f13-838b224ac61f  ...   2.770
24  cbb605ab-f109-4514-9267-bd1d741c88fd  ...   2.774
25  11b227bc-d66d-4916-ae59-9dbff2ac9994  ...   2.781
26  9cdb5453-bb8c-4650-afbc-58a66d26f03a  ...   2.803
0                                    -01  ...   2.753
1                                    -02  ...   2.736
2   00cf925b-387c-4cdf-8fc6-ea7da7289c64  ...  -1.000
3   c54127c5-9fec-4575-9498-e47a3024dd10  ...  -1.000
4   c5d5d018-9b36-4056-9485-41ac3e7a3fe7  ...  -1.000
5   0c4b68f2-3b1d-4586-90a8-9b069364d3a0  ...  -1.000
6   a563b902-7897-46e9-b74f-c946490fd3db  ...  -1.000
7   04cd942e-e883-4d8a-90ef-831fdb55647d  ...   2.721
8   22037b1e-daa6-4b7b-89fe-24ec9ddd17da  ...   2.733
9   c9516d4a-a75a-4877-9ebd-f5ab521adf44  ...   2.734
10  1ddbc035-86c9-49b2-83a9-c959461b1619  ...   2.742
11  bf918f5f-1c8a-431b-8fcb-4834a834983a  ...   2.742
12  b49eab5d-2179-4444-a407-80707d2c6bb0  ...   2.743
13  a36977e8-de63-45fd-9c2e-4a038e90fcd3  ...   2.744
14  ff34f6ec-094d-405c-9980-4b1ed0035262  ...   2.750
15  d8938556-fde9-46b8-a1be-d7f23ccd6e40  ...   2.750
16  8854b4ba-90de-44a8-94fc-07717bb7db08  ...   2.754
17  a365c536-e6f6-4aba-bbfb-27318c955bec  ...   2.754
18  6aea93a7-d8b4-40de-b447-732dd43cfc5c  ...   2.757
19  e93eebcf-23ae-4f06-85bf-b80c46727038  ...   2.758
20  4e19bc52-eea5-4d7b-9e09-f84364af58bc  ...   2.759
21  0adf027d-b67b-4536-83af-e104481e9b1a  ...   2.763
22  5ca5358b-d09c-4038-982d-9228bc161760  ...   2.766
23  3ab7a75f-3c6a-4390-8f13-838b224ac61f  ...   2.770
24  cbb605ab-f109-4514-9267-bd1d741c88fd  ...   2.774
25  11b227bc-d66d-4916-ae59-9dbff2ac9994  ...   2.781
26  9cdb5453-bb8c-4650-afbc-58a66d26f03a  ...   2.803

[54 rows x 4 columns]
All configuration files have finished executing...
