{"test_path": "real/grep", "test_desc": "TryNewProgram", "action_status": "started", "timestamp": 1698864621.341072, "task_uuid": "d0f5c7db-c502-40eb-a3ae-a4ee768e6044", "action_type": "OPTIMIZER_CREATION", "task_level": [1]}
{"action_status": "started", "timestamp": 1698864621.3415139, "task_uuid": "d0f5c7db-c502-40eb-a3ae-a4ee768e6044", "action_type": "LOG_RESULTS", "task_level": [2, 1]}
{"action_status": "succeeded", "timestamp": 1698864621.3426616, "task_uuid": "d0f5c7db-c502-40eb-a3ae-a4ee768e6044", "action_type": "OPTIMIZER_CREATION", "task_level": [3]}
{"action_status": "started", "timestamp": 1698865243.7362373, "task_uuid": "e8f82df2-6b85-49e9-be8e-f65d4a5bfd04", "action_type": "ERROR_CANDIDATE", "task_level": [1]}
{"optimizer": "BOCA", "message": "No unique candidate found.", "iteration": 160, "all_candidates": [], "timestamp": 1698865243.736446, "task_uuid": "e8f82df2-6b85-49e9-be8e-f65d4a5bfd04", "task_level": [2], "message_type": "ERROR"}
{"action_status": "succeeded", "timestamp": 1698865243.7365127, "task_uuid": "e8f82df2-6b85-49e9-be8e-f65d4a5bfd04", "action_type": "ERROR_CANDIDATE", "task_level": [3]}
{"action_status": "started", "timestamp": 1698865246.8554764, "task_uuid": "8c7e6b4b-3962-4445-9a67-f29d5bb6478a", "action_type": "ERROR_CANDIDATE", "task_level": [1]}
{"optimizer": "BOCA", "message": "No unique candidate found.", "iteration": 161, "all_candidates": [], "timestamp": 1698865246.8555942, "task_uuid": "8c7e6b4b-3962-4445-9a67-f29d5bb6478a", "task_level": [2], "message_type": "ERROR"}
{"action_status": "succeeded", "timestamp": 1698865246.8556526, "task_uuid": "8c7e6b4b-3962-4445-9a67-f29d5bb6478a", "action_type": "ERROR_CANDIDATE", "task_level": [3]}
{"action_status": "started", "timestamp": 1698865249.9701703, "task_uuid": "699a0e90-a713-46c7-bd6c-a705ad082bbc", "action_type": "ERROR_CANDIDATE", "task_level": [1]}
{"optimizer": "BOCA", "message": "No unique candidate found.", "iteration": 162, "all_candidates": [], "timestamp": 1698865249.9702916, "task_uuid": "699a0e90-a713-46c7-bd6c-a705ad082bbc", "task_level": [2], "message_type": "ERROR"}
{"action_status": "succeeded", "timestamp": 1698865249.9703515, "task_uuid": "699a0e90-a713-46c7-bd6c-a705ad082bbc", "action_type": "ERROR_CANDIDATE", "task_level": [3]}
{"action_status": "started", "timestamp": 1698865252.762405, "task_uuid": "62fb1492-36c0-4c3b-bf3e-b19553eca1e0", "action_type": "ERROR_CANDIDATE", "task_level": [1]}
{"optimizer": "BOCA", "message": "No unique candidate found.", "iteration": 163, "all_candidates": [], "timestamp": 1698865252.7625277, "task_uuid": "62fb1492-36c0-4c3b-bf3e-b19553eca1e0", "task_level": [2], "message_type": "ERROR"}
{"action_status": "succeeded", "timestamp": 1698865252.762586, "task_uuid": "62fb1492-36c0-4c3b-bf3e-b19553eca1e0", "action_type": "ERROR_CANDIDATE", "task_level": [3]}
{"action_status": "started", "timestamp": 1698865255.872393, "task_uuid": "8f8b1cd2-f007-470b-ad35-06b2a6828b19", "action_type": "ERROR_CANDIDATE", "task_level": [1]}
{"optimizer": "BOCA", "message": "No unique candidate found.", "iteration": 164, "all_candidates": [], "timestamp": 1698865255.872535, "task_uuid": "8f8b1cd2-f007-470b-ad35-06b2a6828b19", "task_level": [2], "message_type": "ERROR"}
{"action_status": "succeeded", "timestamp": 1698865255.872594, "task_uuid": "8f8b1cd2-f007-470b-ad35-06b2a6828b19", "action_type": "ERROR_CANDIDATE", "task_level": [3]}
{"action_status": "started", "timestamp": 1698865258.3843849, "task_uuid": "b4d5be78-92f7-42f5-8306-1575e62f2aff", "action_type": "ERROR_CANDIDATE", "task_level": [1]}
{"optimizer": "BOCA", "message": "No unique candidate found.", "iteration": 165, "all_candidates": [], "timestamp": 1698865258.3845108, "task_uuid": "b4d5be78-92f7-42f5-8306-1575e62f2aff", "task_level": [2], "message_type": "ERROR"}
{"action_status": "succeeded", "timestamp": 1698865258.3845704, "task_uuid": "b4d5be78-92f7-42f5-8306-1575e62f2aff", "action_type": "ERROR_CANDIDATE", "task_level": [3]}
{"action_status": "started", "timestamp": 1698865261.5005205, "task_uuid": "6e94c098-8fdc-4674-9112-ad7394a5f6a9", "action_type": "ERROR_CANDIDATE", "task_level": [1]}
{"optimizer": "BOCA", "message": "No unique candidate found.", "iteration": 166, "all_candidates": [], "timestamp": 1698865261.500731, "task_uuid": "6e94c098-8fdc-4674-9112-ad7394a5f6a9", "task_level": [2], "message_type": "ERROR"}
{"action_status": "succeeded", "timestamp": 1698865261.5007946, "task_uuid": "6e94c098-8fdc-4674-9112-ad7394a5f6a9", "action_type": "ERROR_CANDIDATE", "task_level": [3]}
{"action_status": "started", "timestamp": 1698865264.6338844, "task_uuid": "2d2f2889-1e3a-4534-a4a2-2f2a437e4553", "action_type": "ERROR_CANDIDATE", "task_level": [1]}
{"optimizer": "BOCA", "message": "No unique candidate found.", "iteration": 167, "all_candidates": [], "timestamp": 1698865264.6340344, "task_uuid": "2d2f2889-1e3a-4534-a4a2-2f2a437e4553", "task_level": [2], "message_type": "ERROR"}
{"action_status": "succeeded", "timestamp": 1698865264.634095, "task_uuid": "2d2f2889-1e3a-4534-a4a2-2f2a437e4553", "action_type": "ERROR_CANDIDATE", "task_level": [3]}
{"action_status": "started", "timestamp": 1698865267.7720032, "task_uuid": "e267e047-6ce1-43d2-a453-bbba3ec8dc03", "action_type": "ERROR_CANDIDATE", "task_level": [1]}
{"optimizer": "BOCA", "message": "No unique candidate found.", "iteration": 168, "all_candidates": [], "timestamp": 1698865267.7721539, "task_uuid": "e267e047-6ce1-43d2-a453-bbba3ec8dc03", "task_level": [2], "message_type": "ERROR"}
{"action_status": "succeeded", "timestamp": 1698865267.7722154, "task_uuid": "e267e047-6ce1-43d2-a453-bbba3ec8dc03", "action_type": "ERROR_CANDIDATE", "task_level": [3]}
{"action_status": "started", "timestamp": 1698865270.3043165, "task_uuid": "d4994cda-3546-4912-bc3b-42e6c62dae28", "action_type": "ERROR_CANDIDATE", "task_level": [1]}
{"optimizer": "BOCA", "message": "No unique candidate found.", "iteration": 169, "all_candidates": [], "timestamp": 1698865270.30444, "task_uuid": "d4994cda-3546-4912-bc3b-42e6c62dae28", "task_level": [2], "message_type": "ERROR"}
{"action_status": "succeeded", "timestamp": 1698865270.3045003, "task_uuid": "d4994cda-3546-4912-bc3b-42e6c62dae28", "action_type": "ERROR_CANDIDATE", "task_level": [3]}
{"action_status": "started", "timestamp": 1698865270.6888676, "task_uuid": "b2255dfe-eee1-4dfd-862a-fef8b0e79a87", "action_type": "LOG_RESULTS", "task_level": [1]}
{"optimizer": "BOCA", "no": "0", "best_result": [["-O0", "-ffull-laziness", "-funbox-small-strict-fields", "-fmax-worker-args=10", "-foptimal-applicative-do", "-fomit-interface-pragmas", "-ffloat-in", "-funfolding-dict-discount=30", "-fworker-wrapper", "-fregs-graph", "-fspecialise", "-fcse", "-fmax-relevant-binds=6", "-fignore-asserts", "-fcmm-sink", "-fliberate-case", "-fmax-inline-memset-insns=32", "-fregs-iterative", "-fno-opt-coercion", "-flate-dmd-anal", "-fvectorise", "-fspec-constr-threshold=2000", "-fsimpl-tick-factor=100"], 0.312], "run_allowance": 334, "iterations": 0, "timestamp": 1698865270.6889796, "task_uuid": "b2255dfe-eee1-4dfd-862a-fef8b0e79a87", "task_level": [2], "message_type": "INFO"}
{"action_status": "succeeded", "timestamp": 1698865270.689058, "task_uuid": "b2255dfe-eee1-4dfd-862a-fef8b0e79a87", "action_type": "LOG_RESULTS", "task_level": [3]}
{"test_path": "real/grep", "test_desc": "TryNewProgram", "action_status": "started", "timestamp": 1698876301.7868416, "task_uuid": "d76a4f16-e7e2-4369-8f2b-deed559d594c", "action_type": "OPTIMIZER_CREATION", "task_level": [1]}
{"action_status": "started", "timestamp": 1698876301.7872925, "task_uuid": "d76a4f16-e7e2-4369-8f2b-deed559d594c", "action_type": "LOG_RESULTS", "task_level": [2, 1]}
{"action_status": "succeeded", "timestamp": 1698876301.8589807, "task_uuid": "d76a4f16-e7e2-4369-8f2b-deed559d594c", "action_type": "OPTIMIZER_CREATION", "task_level": [3]}
{"action_status": "started", "timestamp": 1698877376.0762799, "task_uuid": "28152c16-0c56-476f-8c80-7c2244a89eb3", "action_type": "LOG_RESULTS", "task_level": [1]}
{"optimizer": "GA", "no": "0", "best_result": [["-fcall-arity", "-fcase-merge", "-fcmm-elim-common-blocks", "-fcmm-sink", "-fcpr-anal", "-fcse", "-fdicts-cheap", "-fdicts-strict", "-fdmd-tx-dict-sel", "-fdo-eta-reduction", "-fdo-lambda-eta-expansion", "-feager-blackholing", "-fenable-rewrite-rules", "-fexcess-precision", "-fexpose-all-unfoldings", "-ffloat-in", "-ffull-laziness", "-ffun-to-thunk", "-fignore-asserts", "-fignore-interface-pragmas", "-flate-dmd-anal", "-fliberate-case", "-fliberate-case-threshold=2000", "-floopification", "-fmax-inline-alloc-size=128", "-fmax-inline-memcpy-insns=32", "-fmax-inline-memset-insns=32", "-fmax-relevant-binds=6", "-fmax-simplifier-iterations=4", "-fmax-worker-args=10", "-fno-opt-coercion", "-fno-pre-inlining", "-fno-state-hack", "-fomit-interface-pragmas", "-fomit-yields", "-foptimal-applicative-do", "-fpedantic-bottoms", "-fregs-graph", "-fregs-iterative", "-fsimplifier-phases=2", "-fsimpl-tick-factor=100", "-fspec-constr", "-fspec-constr-count=3", "-fspec-constr-threshold=2000", "-fspecialise", "-fcross-module-specialise", "-fstatic-argument-transformation", "-fstrictness", "-fstrictness-before=1", "-funbox-small-strict-fields", "-funbox-strict-fields", "-funfolding-creation-threshold=750", "-funfolding-dict-discount=30", "-funfolding-fun-discount=60", "-funfolding-keeness-factor=1.5", "-funfolding-use-threshold=60", "-fvectorisation-avoidance", "-fvectorise", "-fworker-wrapper"], 0.354], "run_allowance": -48, "iterations": 0, "timestamp": 1698877376.0764906, "task_uuid": "28152c16-0c56-476f-8c80-7c2244a89eb3", "task_level": [2], "message_type": "INFO"}
{"action_status": "succeeded", "timestamp": 1698877376.0765977, "task_uuid": "28152c16-0c56-476f-8c80-7c2244a89eb3", "action_type": "LOG_RESULTS", "task_level": [3]}
