{"test_path": "real/grep", "test_desc": "Boca_rerun", "action_status": "started", "timestamp": 1698710916.1711652, "task_uuid": "2986c0c7-b76f-4808-9a13-89da9df4b3d1", "action_type": "OPTIMIZER_CREATION", "task_level": [1]}
{"action_status": "started", "timestamp": 1698710916.1715562, "task_uuid": "2986c0c7-b76f-4808-9a13-89da9df4b3d1", "action_type": "LOG_RESULTS", "task_level": [2, 1]}
{"action_status": "succeeded", "timestamp": 1698710916.1732643, "task_uuid": "2986c0c7-b76f-4808-9a13-89da9df4b3d1", "action_type": "OPTIMIZER_CREATION", "task_level": [3]}
{"test_path": "real/grep", "test_desc": "Boca_rerun", "action_status": "started", "timestamp": 1698710916.1734295, "task_uuid": "6a865ab7-6c4e-4d7d-91c8-d0f535197d06", "action_type": "OPTIMIZER_CREATION", "task_level": [1]}
{"action_status": "started", "timestamp": 1698710916.1736054, "task_uuid": "6a865ab7-6c4e-4d7d-91c8-d0f535197d06", "action_type": "LOG_RESULTS", "task_level": [2, 1]}
{"action_status": "started", "timestamp": 1698710916.1736054, "task_uuid": "6a865ab7-6c4e-4d7d-91c8-d0f535197d06", "action_type": "LOG_RESULTS", "task_level": [2, 1]}
{"action_status": "succeeded", "timestamp": 1698710916.1751971, "task_uuid": "6a865ab7-6c4e-4d7d-91c8-d0f535197d06", "action_type": "OPTIMIZER_CREATION", "task_level": [3]}
{"action_status": "succeeded", "timestamp": 1698710916.1751971, "task_uuid": "6a865ab7-6c4e-4d7d-91c8-d0f535197d06", "action_type": "OPTIMIZER_CREATION", "task_level": [3]}
{"test_path": "real/grep", "test_desc": "Boca_rerun", "action_status": "started", "timestamp": 1698710916.1753824, "task_uuid": "f39f1392-9cc2-450a-bae9-43a1212bd273", "action_type": "OPTIMIZER_CREATION", "task_level": [1]}
{"test_path": "real/grep", "test_desc": "Boca_rerun", "action_status": "started", "timestamp": 1698710916.1753824, "task_uuid": "f39f1392-9cc2-450a-bae9-43a1212bd273", "action_type": "OPTIMIZER_CREATION", "task_level": [1]}
{"action_status": "started", "timestamp": 1698710916.1755893, "task_uuid": "f39f1392-9cc2-450a-bae9-43a1212bd273", "action_type": "LOG_RESULTS", "task_level": [2, 1]}
{"action_status": "started", "timestamp": 1698710916.1755893, "task_uuid": "f39f1392-9cc2-450a-bae9-43a1212bd273", "action_type": "LOG_RESULTS", "task_level": [2, 1]}
{"action_status": "started", "timestamp": 1698710916.1755893, "task_uuid": "f39f1392-9cc2-450a-bae9-43a1212bd273", "action_type": "LOG_RESULTS", "task_level": [2, 1]}
{"action_status": "succeeded", "timestamp": 1698710916.177088, "task_uuid": "f39f1392-9cc2-450a-bae9-43a1212bd273", "action_type": "OPTIMIZER_CREATION", "task_level": [3]}
{"action_status": "succeeded", "timestamp": 1698710916.177088, "task_uuid": "f39f1392-9cc2-450a-bae9-43a1212bd273", "action_type": "OPTIMIZER_CREATION", "task_level": [3]}
{"action_status": "succeeded", "timestamp": 1698710916.177088, "task_uuid": "f39f1392-9cc2-450a-bae9-43a1212bd273", "action_type": "OPTIMIZER_CREATION", "task_level": [3]}
{"test_path": "real/grep", "test_desc": "Boca_rerun", "action_status": "started", "timestamp": 1698710916.1772966, "task_uuid": "a0d339e2-4b27-424c-b549-54975329af48", "action_type": "OPTIMIZER_CREATION", "task_level": [1]}
{"test_path": "real/grep", "test_desc": "Boca_rerun", "action_status": "started", "timestamp": 1698710916.1772966, "task_uuid": "a0d339e2-4b27-424c-b549-54975329af48", "action_type": "OPTIMIZER_CREATION", "task_level": [1]}
{"test_path": "real/grep", "test_desc": "Boca_rerun", "action_status": "started", "timestamp": 1698710916.1772966, "task_uuid": "a0d339e2-4b27-424c-b549-54975329af48", "action_type": "OPTIMIZER_CREATION", "task_level": [1]}
{"action_status": "started", "timestamp": 1698710916.1775162, "task_uuid": "a0d339e2-4b27-424c-b549-54975329af48", "action_type": "LOG_RESULTS", "task_level": [2, 1]}
{"action_status": "started", "timestamp": 1698710916.1775162, "task_uuid": "a0d339e2-4b27-424c-b549-54975329af48", "action_type": "LOG_RESULTS", "task_level": [2, 1]}
{"action_status": "started", "timestamp": 1698710916.1775162, "task_uuid": "a0d339e2-4b27-424c-b549-54975329af48", "action_type": "LOG_RESULTS", "task_level": [2, 1]}
{"action_status": "started", "timestamp": 1698710916.1775162, "task_uuid": "a0d339e2-4b27-424c-b549-54975329af48", "action_type": "LOG_RESULTS", "task_level": [2, 1]}
{"action_status": "succeeded", "timestamp": 1698710916.1792076, "task_uuid": "a0d339e2-4b27-424c-b549-54975329af48", "action_type": "OPTIMIZER_CREATION", "task_level": [3]}
{"action_status": "succeeded", "timestamp": 1698710916.1792076, "task_uuid": "a0d339e2-4b27-424c-b549-54975329af48", "action_type": "OPTIMIZER_CREATION", "task_level": [3]}
{"action_status": "succeeded", "timestamp": 1698710916.1792076, "task_uuid": "a0d339e2-4b27-424c-b549-54975329af48", "action_type": "OPTIMIZER_CREATION", "task_level": [3]}
{"action_status": "succeeded", "timestamp": 1698710916.1792076, "task_uuid": "a0d339e2-4b27-424c-b549-54975329af48", "action_type": "OPTIMIZER_CREATION", "task_level": [3]}
{"test_path": "real/grep", "test_desc": "Boca_rerun", "action_status": "started", "timestamp": 1698710916.179438, "task_uuid": "7106e454-7f5e-4b5e-9268-911c76d4fa86", "action_type": "OPTIMIZER_CREATION", "task_level": [1]}
{"test_path": "real/grep", "test_desc": "Boca_rerun", "action_status": "started", "timestamp": 1698710916.179438, "task_uuid": "7106e454-7f5e-4b5e-9268-911c76d4fa86", "action_type": "OPTIMIZER_CREATION", "task_level": [1]}
{"test_path": "real/grep", "test_desc": "Boca_rerun", "action_status": "started", "timestamp": 1698710916.179438, "task_uuid": "7106e454-7f5e-4b5e-9268-911c76d4fa86", "action_type": "OPTIMIZER_CREATION", "task_level": [1]}
{"test_path": "real/grep", "test_desc": "Boca_rerun", "action_status": "started", "timestamp": 1698710916.179438, "task_uuid": "7106e454-7f5e-4b5e-9268-911c76d4fa86", "action_type": "OPTIMIZER_CREATION", "task_level": [1]}
{"action_status": "started", "timestamp": 1698710916.179694, "task_uuid": "7106e454-7f5e-4b5e-9268-911c76d4fa86", "action_type": "LOG_RESULTS", "task_level": [2, 1]}
{"action_status": "started", "timestamp": 1698710916.179694, "task_uuid": "7106e454-7f5e-4b5e-9268-911c76d4fa86", "action_type": "LOG_RESULTS", "task_level": [2, 1]}
{"action_status": "started", "timestamp": 1698710916.179694, "task_uuid": "7106e454-7f5e-4b5e-9268-911c76d4fa86", "action_type": "LOG_RESULTS", "task_level": [2, 1]}
{"action_status": "started", "timestamp": 1698710916.179694, "task_uuid": "7106e454-7f5e-4b5e-9268-911c76d4fa86", "action_type": "LOG_RESULTS", "task_level": [2, 1]}
{"action_status": "started", "timestamp": 1698710916.179694, "task_uuid": "7106e454-7f5e-4b5e-9268-911c76d4fa86", "action_type": "LOG_RESULTS", "task_level": [2, 1]}
{"action_status": "succeeded", "timestamp": 1698710916.1813967, "task_uuid": "7106e454-7f5e-4b5e-9268-911c76d4fa86", "action_type": "OPTIMIZER_CREATION", "task_level": [3]}
{"action_status": "succeeded", "timestamp": 1698710916.1813967, "task_uuid": "7106e454-7f5e-4b5e-9268-911c76d4fa86", "action_type": "OPTIMIZER_CREATION", "task_level": [3]}
{"action_status": "succeeded", "timestamp": 1698710916.1813967, "task_uuid": "7106e454-7f5e-4b5e-9268-911c76d4fa86", "action_type": "OPTIMIZER_CREATION", "task_level": [3]}
{"action_status": "succeeded", "timestamp": 1698710916.1813967, "task_uuid": "7106e454-7f5e-4b5e-9268-911c76d4fa86", "action_type": "OPTIMIZER_CREATION", "task_level": [3]}
{"action_status": "succeeded", "timestamp": 1698710916.1813967, "task_uuid": "7106e454-7f5e-4b5e-9268-911c76d4fa86", "action_type": "OPTIMIZER_CREATION", "task_level": [3]}
{"test_path": "real/grep", "test_desc": "Boca_rerun", "action_status": "started", "timestamp": 1698710916.1816444, "task_uuid": "5b890b11-9dc7-4750-87e5-dc11384f7f3c", "action_type": "OPTIMIZER_CREATION", "task_level": [1]}
{"test_path": "real/grep", "test_desc": "Boca_rerun", "action_status": "started", "timestamp": 1698710916.1816444, "task_uuid": "5b890b11-9dc7-4750-87e5-dc11384f7f3c", "action_type": "OPTIMIZER_CREATION", "task_level": [1]}
{"test_path": "real/grep", "test_desc": "Boca_rerun", "action_status": "started", "timestamp": 1698710916.1816444, "task_uuid": "5b890b11-9dc7-4750-87e5-dc11384f7f3c", "action_type": "OPTIMIZER_CREATION", "task_level": [1]}
{"test_path": "real/grep", "test_desc": "Boca_rerun", "action_status": "started", "timestamp": 1698710916.1816444, "task_uuid": "5b890b11-9dc7-4750-87e5-dc11384f7f3c", "action_type": "OPTIMIZER_CREATION", "task_level": [1]}
{"test_path": "real/grep", "test_desc": "Boca_rerun", "action_status": "started", "timestamp": 1698710916.1816444, "task_uuid": "5b890b11-9dc7-4750-87e5-dc11384f7f3c", "action_type": "OPTIMIZER_CREATION", "task_level": [1]}
{"action_status": "started", "timestamp": 1698710916.1819215, "task_uuid": "5b890b11-9dc7-4750-87e5-dc11384f7f3c", "action_type": "LOG_RESULTS", "task_level": [2, 1]}
{"action_status": "started", "timestamp": 1698710916.1819215, "task_uuid": "5b890b11-9dc7-4750-87e5-dc11384f7f3c", "action_type": "LOG_RESULTS", "task_level": [2, 1]}
{"action_status": "started", "timestamp": 1698710916.1819215, "task_uuid": "5b890b11-9dc7-4750-87e5-dc11384f7f3c", "action_type": "LOG_RESULTS", "task_level": [2, 1]}
{"action_status": "started", "timestamp": 1698710916.1819215, "task_uuid": "5b890b11-9dc7-4750-87e5-dc11384f7f3c", "action_type": "LOG_RESULTS", "task_level": [2, 1]}
{"action_status": "started", "timestamp": 1698710916.1819215, "task_uuid": "5b890b11-9dc7-4750-87e5-dc11384f7f3c", "action_type": "LOG_RESULTS", "task_level": [2, 1]}
{"action_status": "started", "timestamp": 1698710916.1819215, "task_uuid": "5b890b11-9dc7-4750-87e5-dc11384f7f3c", "action_type": "LOG_RESULTS", "task_level": [2, 1]}
{"action_status": "succeeded", "timestamp": 1698710916.1835375, "task_uuid": "5b890b11-9dc7-4750-87e5-dc11384f7f3c", "action_type": "OPTIMIZER_CREATION", "task_level": [3]}
{"action_status": "succeeded", "timestamp": 1698710916.1835375, "task_uuid": "5b890b11-9dc7-4750-87e5-dc11384f7f3c", "action_type": "OPTIMIZER_CREATION", "task_level": [3]}
{"action_status": "succeeded", "timestamp": 1698710916.1835375, "task_uuid": "5b890b11-9dc7-4750-87e5-dc11384f7f3c", "action_type": "OPTIMIZER_CREATION", "task_level": [3]}
{"action_status": "succeeded", "timestamp": 1698710916.1835375, "task_uuid": "5b890b11-9dc7-4750-87e5-dc11384f7f3c", "action_type": "OPTIMIZER_CREATION", "task_level": [3]}
{"action_status": "succeeded", "timestamp": 1698710916.1835375, "task_uuid": "5b890b11-9dc7-4750-87e5-dc11384f7f3c", "action_type": "OPTIMIZER_CREATION", "task_level": [3]}
{"action_status": "succeeded", "timestamp": 1698710916.1835375, "task_uuid": "5b890b11-9dc7-4750-87e5-dc11384f7f3c", "action_type": "OPTIMIZER_CREATION", "task_level": [3]}
{"test_path": "real/grep", "test_desc": "Boca_rerun", "action_status": "started", "timestamp": 1698710916.183857, "task_uuid": "cb24ebb1-a6b9-48f5-a6ca-b02ec3d4386b", "action_type": "OPTIMIZER_CREATION", "task_level": [1]}
{"test_path": "real/grep", "test_desc": "Boca_rerun", "action_status": "started", "timestamp": 1698710916.183857, "task_uuid": "cb24ebb1-a6b9-48f5-a6ca-b02ec3d4386b", "action_type": "OPTIMIZER_CREATION", "task_level": [1]}
{"test_path": "real/grep", "test_desc": "Boca_rerun", "action_status": "started", "timestamp": 1698710916.183857, "task_uuid": "cb24ebb1-a6b9-48f5-a6ca-b02ec3d4386b", "action_type": "OPTIMIZER_CREATION", "task_level": [1]}
{"test_path": "real/grep", "test_desc": "Boca_rerun", "action_status": "started", "timestamp": 1698710916.183857, "task_uuid": "cb24ebb1-a6b9-48f5-a6ca-b02ec3d4386b", "action_type": "OPTIMIZER_CREATION", "task_level": [1]}
{"test_path": "real/grep", "test_desc": "Boca_rerun", "action_status": "started", "timestamp": 1698710916.183857, "task_uuid": "cb24ebb1-a6b9-48f5-a6ca-b02ec3d4386b", "action_type": "OPTIMIZER_CREATION", "task_level": [1]}
{"test_path": "real/grep", "test_desc": "Boca_rerun", "action_status": "started", "timestamp": 1698710916.183857, "task_uuid": "cb24ebb1-a6b9-48f5-a6ca-b02ec3d4386b", "action_type": "OPTIMIZER_CREATION", "task_level": [1]}
{"action_status": "started", "timestamp": 1698710916.184143, "task_uuid": "cb24ebb1-a6b9-48f5-a6ca-b02ec3d4386b", "action_type": "LOG_RESULTS", "task_level": [2, 1]}
{"action_status": "started", "timestamp": 1698710916.184143, "task_uuid": "cb24ebb1-a6b9-48f5-a6ca-b02ec3d4386b", "action_type": "LOG_RESULTS", "task_level": [2, 1]}
{"action_status": "started", "timestamp": 1698710916.184143, "task_uuid": "cb24ebb1-a6b9-48f5-a6ca-b02ec3d4386b", "action_type": "LOG_RESULTS", "task_level": [2, 1]}
{"action_status": "started", "timestamp": 1698710916.184143, "task_uuid": "cb24ebb1-a6b9-48f5-a6ca-b02ec3d4386b", "action_type": "LOG_RESULTS", "task_level": [2, 1]}
{"action_status": "started", "timestamp": 1698710916.184143, "task_uuid": "cb24ebb1-a6b9-48f5-a6ca-b02ec3d4386b", "action_type": "LOG_RESULTS", "task_level": [2, 1]}
{"action_status": "started", "timestamp": 1698710916.184143, "task_uuid": "cb24ebb1-a6b9-48f5-a6ca-b02ec3d4386b", "action_type": "LOG_RESULTS", "task_level": [2, 1]}
{"action_status": "started", "timestamp": 1698710916.184143, "task_uuid": "cb24ebb1-a6b9-48f5-a6ca-b02ec3d4386b", "action_type": "LOG_RESULTS", "task_level": [2, 1]}
{"action_status": "succeeded", "timestamp": 1698710916.1859853, "task_uuid": "cb24ebb1-a6b9-48f5-a6ca-b02ec3d4386b", "action_type": "OPTIMIZER_CREATION", "task_level": [3]}
{"action_status": "succeeded", "timestamp": 1698710916.1859853, "task_uuid": "cb24ebb1-a6b9-48f5-a6ca-b02ec3d4386b", "action_type": "OPTIMIZER_CREATION", "task_level": [3]}
{"action_status": "succeeded", "timestamp": 1698710916.1859853, "task_uuid": "cb24ebb1-a6b9-48f5-a6ca-b02ec3d4386b", "action_type": "OPTIMIZER_CREATION", "task_level": [3]}
{"action_status": "succeeded", "timestamp": 1698710916.1859853, "task_uuid": "cb24ebb1-a6b9-48f5-a6ca-b02ec3d4386b", "action_type": "OPTIMIZER_CREATION", "task_level": [3]}
{"action_status": "succeeded", "timestamp": 1698710916.1859853, "task_uuid": "cb24ebb1-a6b9-48f5-a6ca-b02ec3d4386b", "action_type": "OPTIMIZER_CREATION", "task_level": [3]}
{"action_status": "succeeded", "timestamp": 1698710916.1859853, "task_uuid": "cb24ebb1-a6b9-48f5-a6ca-b02ec3d4386b", "action_type": "OPTIMIZER_CREATION", "task_level": [3]}
{"action_status": "succeeded", "timestamp": 1698710916.1859853, "task_uuid": "cb24ebb1-a6b9-48f5-a6ca-b02ec3d4386b", "action_type": "OPTIMIZER_CREATION", "task_level": [3]}
{"test_path": "real/grep", "test_desc": "Boca_rerun", "action_status": "started", "timestamp": 1698710916.1863122, "task_uuid": "a1cb26f9-206c-4ec2-82c5-bb40ea2849b4", "action_type": "OPTIMIZER_CREATION", "task_level": [1]}
{"test_path": "real/grep", "test_desc": "Boca_rerun", "action_status": "started", "timestamp": 1698710916.1863122, "task_uuid": "a1cb26f9-206c-4ec2-82c5-bb40ea2849b4", "action_type": "OPTIMIZER_CREATION", "task_level": [1]}
{"test_path": "real/grep", "test_desc": "Boca_rerun", "action_status": "started", "timestamp": 1698710916.1863122, "task_uuid": "a1cb26f9-206c-4ec2-82c5-bb40ea2849b4", "action_type": "OPTIMIZER_CREATION", "task_level": [1]}
{"test_path": "real/grep", "test_desc": "Boca_rerun", "action_status": "started", "timestamp": 1698710916.1863122, "task_uuid": "a1cb26f9-206c-4ec2-82c5-bb40ea2849b4", "action_type": "OPTIMIZER_CREATION", "task_level": [1]}
{"test_path": "real/grep", "test_desc": "Boca_rerun", "action_status": "started", "timestamp": 1698710916.1863122, "task_uuid": "a1cb26f9-206c-4ec2-82c5-bb40ea2849b4", "action_type": "OPTIMIZER_CREATION", "task_level": [1]}
{"test_path": "real/grep", "test_desc": "Boca_rerun", "action_status": "started", "timestamp": 1698710916.1863122, "task_uuid": "a1cb26f9-206c-4ec2-82c5-bb40ea2849b4", "action_type": "OPTIMIZER_CREATION", "task_level": [1]}
{"test_path": "real/grep", "test_desc": "Boca_rerun", "action_status": "started", "timestamp": 1698710916.1863122, "task_uuid": "a1cb26f9-206c-4ec2-82c5-bb40ea2849b4", "action_type": "OPTIMIZER_CREATION", "task_level": [1]}
{"action_status": "started", "timestamp": 1698710916.1866176, "task_uuid": "a1cb26f9-206c-4ec2-82c5-bb40ea2849b4", "action_type": "LOG_RESULTS", "task_level": [2, 1]}
{"action_status": "started", "timestamp": 1698710916.1866176, "task_uuid": "a1cb26f9-206c-4ec2-82c5-bb40ea2849b4", "action_type": "LOG_RESULTS", "task_level": [2, 1]}
{"action_status": "started", "timestamp": 1698710916.1866176, "task_uuid": "a1cb26f9-206c-4ec2-82c5-bb40ea2849b4", "action_type": "LOG_RESULTS", "task_level": [2, 1]}
{"action_status": "started", "timestamp": 1698710916.1866176, "task_uuid": "a1cb26f9-206c-4ec2-82c5-bb40ea2849b4", "action_type": "LOG_RESULTS", "task_level": [2, 1]}
{"action_status": "started", "timestamp": 1698710916.1866176, "task_uuid": "a1cb26f9-206c-4ec2-82c5-bb40ea2849b4", "action_type": "LOG_RESULTS", "task_level": [2, 1]}
{"action_status": "started", "timestamp": 1698710916.1866176, "task_uuid": "a1cb26f9-206c-4ec2-82c5-bb40ea2849b4", "action_type": "LOG_RESULTS", "task_level": [2, 1]}
{"action_status": "started", "timestamp": 1698710916.1866176, "task_uuid": "a1cb26f9-206c-4ec2-82c5-bb40ea2849b4", "action_type": "LOG_RESULTS", "task_level": [2, 1]}
{"action_status": "started", "timestamp": 1698710916.1866176, "task_uuid": "a1cb26f9-206c-4ec2-82c5-bb40ea2849b4", "action_type": "LOG_RESULTS", "task_level": [2, 1]}
{"action_status": "succeeded", "timestamp": 1698710916.1881964, "task_uuid": "a1cb26f9-206c-4ec2-82c5-bb40ea2849b4", "action_type": "OPTIMIZER_CREATION", "task_level": [3]}
{"action_status": "succeeded", "timestamp": 1698710916.1881964, "task_uuid": "a1cb26f9-206c-4ec2-82c5-bb40ea2849b4", "action_type": "OPTIMIZER_CREATION", "task_level": [3]}
{"action_status": "succeeded", "timestamp": 1698710916.1881964, "task_uuid": "a1cb26f9-206c-4ec2-82c5-bb40ea2849b4", "action_type": "OPTIMIZER_CREATION", "task_level": [3]}
{"action_status": "succeeded", "timestamp": 1698710916.1881964, "task_uuid": "a1cb26f9-206c-4ec2-82c5-bb40ea2849b4", "action_type": "OPTIMIZER_CREATION", "task_level": [3]}
{"action_status": "succeeded", "timestamp": 1698710916.1881964, "task_uuid": "a1cb26f9-206c-4ec2-82c5-bb40ea2849b4", "action_type": "OPTIMIZER_CREATION", "task_level": [3]}
{"action_status": "succeeded", "timestamp": 1698710916.1881964, "task_uuid": "a1cb26f9-206c-4ec2-82c5-bb40ea2849b4", "action_type": "OPTIMIZER_CREATION", "task_level": [3]}
{"action_status": "succeeded", "timestamp": 1698710916.1881964, "task_uuid": "a1cb26f9-206c-4ec2-82c5-bb40ea2849b4", "action_type": "OPTIMIZER_CREATION", "task_level": [3]}
{"action_status": "succeeded", "timestamp": 1698710916.1881964, "task_uuid": "a1cb26f9-206c-4ec2-82c5-bb40ea2849b4", "action_type": "OPTIMIZER_CREATION", "task_level": [3]}
{"test_path": "real/grep", "test_desc": "Boca_rerun", "action_status": "started", "timestamp": 1698710916.188512, "task_uuid": "2824daa9-bb1b-468a-a840-1ccc94e891c6", "action_type": "OPTIMIZER_CREATION", "task_level": [1]}
{"test_path": "real/grep", "test_desc": "Boca_rerun", "action_status": "started", "timestamp": 1698710916.188512, "task_uuid": "2824daa9-bb1b-468a-a840-1ccc94e891c6", "action_type": "OPTIMIZER_CREATION", "task_level": [1]}
{"test_path": "real/grep", "test_desc": "Boca_rerun", "action_status": "started", "timestamp": 1698710916.188512, "task_uuid": "2824daa9-bb1b-468a-a840-1ccc94e891c6", "action_type": "OPTIMIZER_CREATION", "task_level": [1]}
{"test_path": "real/grep", "test_desc": "Boca_rerun", "action_status": "started", "timestamp": 1698710916.188512, "task_uuid": "2824daa9-bb1b-468a-a840-1ccc94e891c6", "action_type": "OPTIMIZER_CREATION", "task_level": [1]}
{"test_path": "real/grep", "test_desc": "Boca_rerun", "action_status": "started", "timestamp": 1698710916.188512, "task_uuid": "2824daa9-bb1b-468a-a840-1ccc94e891c6", "action_type": "OPTIMIZER_CREATION", "task_level": [1]}
{"test_path": "real/grep", "test_desc": "Boca_rerun", "action_status": "started", "timestamp": 1698710916.188512, "task_uuid": "2824daa9-bb1b-468a-a840-1ccc94e891c6", "action_type": "OPTIMIZER_CREATION", "task_level": [1]}
{"test_path": "real/grep", "test_desc": "Boca_rerun", "action_status": "started", "timestamp": 1698710916.188512, "task_uuid": "2824daa9-bb1b-468a-a840-1ccc94e891c6", "action_type": "OPTIMIZER_CREATION", "task_level": [1]}
{"test_path": "real/grep", "test_desc": "Boca_rerun", "action_status": "started", "timestamp": 1698710916.188512, "task_uuid": "2824daa9-bb1b-468a-a840-1ccc94e891c6", "action_type": "OPTIMIZER_CREATION", "task_level": [1]}
{"action_status": "started", "timestamp": 1698710916.1889052, "task_uuid": "2824daa9-bb1b-468a-a840-1ccc94e891c6", "action_type": "LOG_RESULTS", "task_level": [2, 1]}
{"action_status": "started", "timestamp": 1698710916.1889052, "task_uuid": "2824daa9-bb1b-468a-a840-1ccc94e891c6", "action_type": "LOG_RESULTS", "task_level": [2, 1]}
{"action_status": "started", "timestamp": 1698710916.1889052, "task_uuid": "2824daa9-bb1b-468a-a840-1ccc94e891c6", "action_type": "LOG_RESULTS", "task_level": [2, 1]}
{"action_status": "started", "timestamp": 1698710916.1889052, "task_uuid": "2824daa9-bb1b-468a-a840-1ccc94e891c6", "action_type": "LOG_RESULTS", "task_level": [2, 1]}
{"action_status": "started", "timestamp": 1698710916.1889052, "task_uuid": "2824daa9-bb1b-468a-a840-1ccc94e891c6", "action_type": "LOG_RESULTS", "task_level": [2, 1]}
{"action_status": "started", "timestamp": 1698710916.1889052, "task_uuid": "2824daa9-bb1b-468a-a840-1ccc94e891c6", "action_type": "LOG_RESULTS", "task_level": [2, 1]}
{"action_status": "started", "timestamp": 1698710916.1889052, "task_uuid": "2824daa9-bb1b-468a-a840-1ccc94e891c6", "action_type": "LOG_RESULTS", "task_level": [2, 1]}
{"action_status": "started", "timestamp": 1698710916.1889052, "task_uuid": "2824daa9-bb1b-468a-a840-1ccc94e891c6", "action_type": "LOG_RESULTS", "task_level": [2, 1]}
{"action_status": "started", "timestamp": 1698710916.1889052, "task_uuid": "2824daa9-bb1b-468a-a840-1ccc94e891c6", "action_type": "LOG_RESULTS", "task_level": [2, 1]}
{"action_status": "succeeded", "timestamp": 1698710916.1907206, "task_uuid": "2824daa9-bb1b-468a-a840-1ccc94e891c6", "action_type": "OPTIMIZER_CREATION", "task_level": [3]}
{"action_status": "succeeded", "timestamp": 1698710916.1907206, "task_uuid": "2824daa9-bb1b-468a-a840-1ccc94e891c6", "action_type": "OPTIMIZER_CREATION", "task_level": [3]}
{"action_status": "succeeded", "timestamp": 1698710916.1907206, "task_uuid": "2824daa9-bb1b-468a-a840-1ccc94e891c6", "action_type": "OPTIMIZER_CREATION", "task_level": [3]}
{"action_status": "succeeded", "timestamp": 1698710916.1907206, "task_uuid": "2824daa9-bb1b-468a-a840-1ccc94e891c6", "action_type": "OPTIMIZER_CREATION", "task_level": [3]}
{"action_status": "succeeded", "timestamp": 1698710916.1907206, "task_uuid": "2824daa9-bb1b-468a-a840-1ccc94e891c6", "action_type": "OPTIMIZER_CREATION", "task_level": [3]}
{"action_status": "succeeded", "timestamp": 1698710916.1907206, "task_uuid": "2824daa9-bb1b-468a-a840-1ccc94e891c6", "action_type": "OPTIMIZER_CREATION", "task_level": [3]}
{"action_status": "succeeded", "timestamp": 1698710916.1907206, "task_uuid": "2824daa9-bb1b-468a-a840-1ccc94e891c6", "action_type": "OPTIMIZER_CREATION", "task_level": [3]}
{"action_status": "succeeded", "timestamp": 1698710916.1907206, "task_uuid": "2824daa9-bb1b-468a-a840-1ccc94e891c6", "action_type": "OPTIMIZER_CREATION", "task_level": [3]}
{"action_status": "succeeded", "timestamp": 1698710916.1907206, "task_uuid": "2824daa9-bb1b-468a-a840-1ccc94e891c6", "action_type": "OPTIMIZER_CREATION", "task_level": [3]}
{"test_path": "real/grep", "test_desc": "Boca_rerun", "action_status": "started", "timestamp": 1698710916.1910565, "task_uuid": "fab65526-ac2f-4569-8589-751d137fd8b8", "action_type": "OPTIMIZER_CREATION", "task_level": [1]}
{"test_path": "real/grep", "test_desc": "Boca_rerun", "action_status": "started", "timestamp": 1698710916.1910565, "task_uuid": "fab65526-ac2f-4569-8589-751d137fd8b8", "action_type": "OPTIMIZER_CREATION", "task_level": [1]}
{"test_path": "real/grep", "test_desc": "Boca_rerun", "action_status": "started", "timestamp": 1698710916.1910565, "task_uuid": "fab65526-ac2f-4569-8589-751d137fd8b8", "action_type": "OPTIMIZER_CREATION", "task_level": [1]}
{"test_path": "real/grep", "test_desc": "Boca_rerun", "action_status": "started", "timestamp": 1698710916.1910565, "task_uuid": "fab65526-ac2f-4569-8589-751d137fd8b8", "action_type": "OPTIMIZER_CREATION", "task_level": [1]}
{"test_path": "real/grep", "test_desc": "Boca_rerun", "action_status": "started", "timestamp": 1698710916.1910565, "task_uuid": "fab65526-ac2f-4569-8589-751d137fd8b8", "action_type": "OPTIMIZER_CREATION", "task_level": [1]}
{"test_path": "real/grep", "test_desc": "Boca_rerun", "action_status": "started", "timestamp": 1698710916.1910565, "task_uuid": "fab65526-ac2f-4569-8589-751d137fd8b8", "action_type": "OPTIMIZER_CREATION", "task_level": [1]}
{"test_path": "real/grep", "test_desc": "Boca_rerun", "action_status": "started", "timestamp": 1698710916.1910565, "task_uuid": "fab65526-ac2f-4569-8589-751d137fd8b8", "action_type": "OPTIMIZER_CREATION", "task_level": [1]}
{"test_path": "real/grep", "test_desc": "Boca_rerun", "action_status": "started", "timestamp": 1698710916.1910565, "task_uuid": "fab65526-ac2f-4569-8589-751d137fd8b8", "action_type": "OPTIMIZER_CREATION", "task_level": [1]}
{"test_path": "real/grep", "test_desc": "Boca_rerun", "action_status": "started", "timestamp": 1698710916.1910565, "task_uuid": "fab65526-ac2f-4569-8589-751d137fd8b8", "action_type": "OPTIMIZER_CREATION", "task_level": [1]}
{"action_status": "started", "timestamp": 1698710916.1914225, "task_uuid": "fab65526-ac2f-4569-8589-751d137fd8b8", "action_type": "LOG_RESULTS", "task_level": [2, 1]}
{"action_status": "started", "timestamp": 1698710916.1914225, "task_uuid": "fab65526-ac2f-4569-8589-751d137fd8b8", "action_type": "LOG_RESULTS", "task_level": [2, 1]}
{"action_status": "started", "timestamp": 1698710916.1914225, "task_uuid": "fab65526-ac2f-4569-8589-751d137fd8b8", "action_type": "LOG_RESULTS", "task_level": [2, 1]}
{"action_status": "started", "timestamp": 1698710916.1914225, "task_uuid": "fab65526-ac2f-4569-8589-751d137fd8b8", "action_type": "LOG_RESULTS", "task_level": [2, 1]}
{"action_status": "started", "timestamp": 1698710916.1914225, "task_uuid": "fab65526-ac2f-4569-8589-751d137fd8b8", "action_type": "LOG_RESULTS", "task_level": [2, 1]}
{"action_status": "started", "timestamp": 1698710916.1914225, "task_uuid": "fab65526-ac2f-4569-8589-751d137fd8b8", "action_type": "LOG_RESULTS", "task_level": [2, 1]}
{"action_status": "started", "timestamp": 1698710916.1914225, "task_uuid": "fab65526-ac2f-4569-8589-751d137fd8b8", "action_type": "LOG_RESULTS", "task_level": [2, 1]}
{"action_status": "started", "timestamp": 1698710916.1914225, "task_uuid": "fab65526-ac2f-4569-8589-751d137fd8b8", "action_type": "LOG_RESULTS", "task_level": [2, 1]}
{"action_status": "started", "timestamp": 1698710916.1914225, "task_uuid": "fab65526-ac2f-4569-8589-751d137fd8b8", "action_type": "LOG_RESULTS", "task_level": [2, 1]}
{"action_status": "started", "timestamp": 1698710916.1914225, "task_uuid": "fab65526-ac2f-4569-8589-751d137fd8b8", "action_type": "LOG_RESULTS", "task_level": [2, 1]}
{"action_status": "succeeded", "timestamp": 1698710916.1930852, "task_uuid": "fab65526-ac2f-4569-8589-751d137fd8b8", "action_type": "OPTIMIZER_CREATION", "task_level": [3]}
{"action_status": "succeeded", "timestamp": 1698710916.1930852, "task_uuid": "fab65526-ac2f-4569-8589-751d137fd8b8", "action_type": "OPTIMIZER_CREATION", "task_level": [3]}
{"action_status": "succeeded", "timestamp": 1698710916.1930852, "task_uuid": "fab65526-ac2f-4569-8589-751d137fd8b8", "action_type": "OPTIMIZER_CREATION", "task_level": [3]}
{"action_status": "succeeded", "timestamp": 1698710916.1930852, "task_uuid": "fab65526-ac2f-4569-8589-751d137fd8b8", "action_type": "OPTIMIZER_CREATION", "task_level": [3]}
{"action_status": "succeeded", "timestamp": 1698710916.1930852, "task_uuid": "fab65526-ac2f-4569-8589-751d137fd8b8", "action_type": "OPTIMIZER_CREATION", "task_level": [3]}
{"action_status": "succeeded", "timestamp": 1698710916.1930852, "task_uuid": "fab65526-ac2f-4569-8589-751d137fd8b8", "action_type": "OPTIMIZER_CREATION", "task_level": [3]}
{"action_status": "succeeded", "timestamp": 1698710916.1930852, "task_uuid": "fab65526-ac2f-4569-8589-751d137fd8b8", "action_type": "OPTIMIZER_CREATION", "task_level": [3]}
{"action_status": "succeeded", "timestamp": 1698710916.1930852, "task_uuid": "fab65526-ac2f-4569-8589-751d137fd8b8", "action_type": "OPTIMIZER_CREATION", "task_level": [3]}
{"action_status": "succeeded", "timestamp": 1698710916.1930852, "task_uuid": "fab65526-ac2f-4569-8589-751d137fd8b8", "action_type": "OPTIMIZER_CREATION", "task_level": [3]}
{"action_status": "succeeded", "timestamp": 1698710916.1930852, "task_uuid": "fab65526-ac2f-4569-8589-751d137fd8b8", "action_type": "OPTIMIZER_CREATION", "task_level": [3]}
{"test_path": "real/grep", "test_desc": "Boca_rerun", "action_status": "started", "timestamp": 1698715463.300153, "task_uuid": "9774a7a4-ee67-4bb0-99de-fb9df6b74c53", "action_type": "OPTIMIZER_CREATION", "task_level": [1]}
{"action_status": "started", "timestamp": 1698715463.3005779, "task_uuid": "9774a7a4-ee67-4bb0-99de-fb9df6b74c53", "action_type": "LOG_RESULTS", "task_level": [2, 1]}
{"action_status": "succeeded", "timestamp": 1698715463.302248, "task_uuid": "9774a7a4-ee67-4bb0-99de-fb9df6b74c53", "action_type": "OPTIMIZER_CREATION", "task_level": [3]}
{"test_path": "real/grep", "test_desc": "Boca_rerun", "action_status": "started", "timestamp": 1698719165.9622924, "task_uuid": "6fe7d98f-30cc-46b8-a429-e09f9a1cb4bc", "action_type": "OPTIMIZER_CREATION", "task_level": [1]}
{"action_status": "started", "timestamp": 1698719165.9626575, "task_uuid": "6fe7d98f-30cc-46b8-a429-e09f9a1cb4bc", "action_type": "LOG_RESULTS", "task_level": [2, 1]}
{"action_status": "succeeded", "timestamp": 1698719165.9642963, "task_uuid": "6fe7d98f-30cc-46b8-a429-e09f9a1cb4bc", "action_type": "OPTIMIZER_CREATION", "task_level": [3]}
{"action_status": "started", "timestamp": 1698719446.3554776, "task_uuid": "04e92599-8440-4422-b42d-628f71a960e6", "action_type": "ERROR_CANDIDATE", "task_level": [1]}
{"optimizer": "BOCA", "message": "No unique candidate found.", "iteration": 79, "all_candidates": [], "timestamp": 1698719446.3556335, "task_uuid": "04e92599-8440-4422-b42d-628f71a960e6", "task_level": [2], "message_type": "ERROR"}
{"action_status": "succeeded", "timestamp": 1698719446.355694, "task_uuid": "04e92599-8440-4422-b42d-628f71a960e6", "action_type": "ERROR_CANDIDATE", "task_level": [3]}
{"action_status": "started", "timestamp": 1698719448.0046973, "task_uuid": "ba4757a9-e372-4dd6-9bbb-35459cd65b26", "action_type": "ERROR_CANDIDATE", "task_level": [1]}
{"optimizer": "BOCA", "message": "No unique candidate found.", "iteration": 80, "all_candidates": [], "timestamp": 1698719448.0048132, "task_uuid": "ba4757a9-e372-4dd6-9bbb-35459cd65b26", "task_level": [2], "message_type": "ERROR"}
{"action_status": "succeeded", "timestamp": 1698719448.0048726, "task_uuid": "ba4757a9-e372-4dd6-9bbb-35459cd65b26", "action_type": "ERROR_CANDIDATE", "task_level": [3]}
{"action_status": "started", "timestamp": 1698719449.6835098, "task_uuid": "f3a536ed-c053-4bba-aebb-f89bd8402bd0", "action_type": "ERROR_CANDIDATE", "task_level": [1]}
{"optimizer": "BOCA", "message": "No unique candidate found.", "iteration": 81, "all_candidates": [], "timestamp": 1698719449.6836452, "task_uuid": "f3a536ed-c053-4bba-aebb-f89bd8402bd0", "task_level": [2], "message_type": "ERROR"}
{"action_status": "succeeded", "timestamp": 1698719449.6837118, "task_uuid": "f3a536ed-c053-4bba-aebb-f89bd8402bd0", "action_type": "ERROR_CANDIDATE", "task_level": [3]}
{"action_status": "started", "timestamp": 1698719451.359997, "task_uuid": "6a4e7df1-7511-441d-993a-1266cef95829", "action_type": "ERROR_CANDIDATE", "task_level": [1]}
{"optimizer": "BOCA", "message": "No unique candidate found.", "iteration": 82, "all_candidates": [], "timestamp": 1698719451.3601184, "task_uuid": "6a4e7df1-7511-441d-993a-1266cef95829", "task_level": [2], "message_type": "ERROR"}
{"action_status": "succeeded", "timestamp": 1698719451.3601792, "task_uuid": "6a4e7df1-7511-441d-993a-1266cef95829", "action_type": "ERROR_CANDIDATE", "task_level": [3]}
{"action_status": "started", "timestamp": 1698719452.9843462, "task_uuid": "76677cbe-cbbe-4219-a1dc-09a67e8d07bc", "action_type": "ERROR_CANDIDATE", "task_level": [1]}
{"optimizer": "BOCA", "message": "No unique candidate found.", "iteration": 83, "all_candidates": [], "timestamp": 1698719452.9844682, "task_uuid": "76677cbe-cbbe-4219-a1dc-09a67e8d07bc", "task_level": [2], "message_type": "ERROR"}
{"action_status": "succeeded", "timestamp": 1698719452.9845543, "task_uuid": "76677cbe-cbbe-4219-a1dc-09a67e8d07bc", "action_type": "ERROR_CANDIDATE", "task_level": [3]}
{"action_status": "started", "timestamp": 1698719454.6514897, "task_uuid": "23dbf159-e935-47d1-a607-18730cb3e487", "action_type": "ERROR_CANDIDATE", "task_level": [1]}
{"optimizer": "BOCA", "message": "No unique candidate found.", "iteration": 84, "all_candidates": [], "timestamp": 1698719454.6516075, "task_uuid": "23dbf159-e935-47d1-a607-18730cb3e487", "task_level": [2], "message_type": "ERROR"}
{"action_status": "succeeded", "timestamp": 1698719454.6516662, "task_uuid": "23dbf159-e935-47d1-a607-18730cb3e487", "action_type": "ERROR_CANDIDATE", "task_level": [3]}
{"action_status": "started", "timestamp": 1698719456.2816293, "task_uuid": "f4e3ed2f-f3a6-40a1-a4a3-1237ca7ac80c", "action_type": "ERROR_CANDIDATE", "task_level": [1]}
{"optimizer": "BOCA", "message": "No unique candidate found.", "iteration": 85, "all_candidates": [], "timestamp": 1698719456.28175, "task_uuid": "f4e3ed2f-f3a6-40a1-a4a3-1237ca7ac80c", "task_level": [2], "message_type": "ERROR"}
{"action_status": "succeeded", "timestamp": 1698719456.2818074, "task_uuid": "f4e3ed2f-f3a6-40a1-a4a3-1237ca7ac80c", "action_type": "ERROR_CANDIDATE", "task_level": [3]}
{"action_status": "started", "timestamp": 1698719457.9837003, "task_uuid": "781a141f-1ffc-4d4c-8725-b40d995731e4", "action_type": "ERROR_CANDIDATE", "task_level": [1]}
{"optimizer": "BOCA", "message": "No unique candidate found.", "iteration": 86, "all_candidates": [], "timestamp": 1698719457.9838371, "task_uuid": "781a141f-1ffc-4d4c-8725-b40d995731e4", "task_level": [2], "message_type": "ERROR"}
{"action_status": "succeeded", "timestamp": 1698719457.9838984, "task_uuid": "781a141f-1ffc-4d4c-8725-b40d995731e4", "action_type": "ERROR_CANDIDATE", "task_level": [3]}
{"action_status": "started", "timestamp": 1698719459.6201441, "task_uuid": "69a07e2e-c538-4bfc-aa49-dc57bdddbe3a", "action_type": "ERROR_CANDIDATE", "task_level": [1]}
{"optimizer": "BOCA", "message": "No unique candidate found.", "iteration": 87, "all_candidates": [], "timestamp": 1698719459.6202645, "task_uuid": "69a07e2e-c538-4bfc-aa49-dc57bdddbe3a", "task_level": [2], "message_type": "ERROR"}
{"action_status": "succeeded", "timestamp": 1698719459.6203213, "task_uuid": "69a07e2e-c538-4bfc-aa49-dc57bdddbe3a", "action_type": "ERROR_CANDIDATE", "task_level": [3]}
{"action_status": "started", "timestamp": 1698719461.212051, "task_uuid": "aad00d6d-97ec-485c-bfc3-5d4a66f75180", "action_type": "ERROR_CANDIDATE", "task_level": [1]}
{"optimizer": "BOCA", "message": "No unique candidate found.", "iteration": 88, "all_candidates": [], "timestamp": 1698719461.21217, "task_uuid": "aad00d6d-97ec-485c-bfc3-5d4a66f75180", "task_level": [2], "message_type": "ERROR"}
{"action_status": "succeeded", "timestamp": 1698719461.2122295, "task_uuid": "aad00d6d-97ec-485c-bfc3-5d4a66f75180", "action_type": "ERROR_CANDIDATE", "task_level": [3]}
{"action_status": "started", "timestamp": 1698719461.4425423, "task_uuid": "74271202-f3f1-4be7-bc3a-9be82434ddf0", "action_type": "LOG_RESULTS", "task_level": [1]}
{"optimizer": "BOCA", "no": "0", "best_result": [["-O0", "-fsimpl-tick-factor=100", "-fspecialise", "-fexpose-all-unfoldings", "-ffun-to-thunk", "-fmax-inline-memset-insns=32", "-flate-dmd-anal", "-fcse", "-funfolding-dict-discount=30", "-fspec-constr-threshold=2000", "-fexcess-precision", "-fsimplifier-phases=2", "-feager-blackholing", "-fcross-module-specialise", "-fcpr-anal", "-fno-state-hack", "-fenable-rewrite-rules", "-fdo-eta-reduction", "-fcmm-sink", "-fno-opt-coercion", "-fignore-asserts", "-fdmd-tx-dict-sel", "-fstrictness", "-fstrictness-before=1", "-funfolding-creation-threshold=750", "-ffloat-in", "-fno-pre-inlining", "-fmax-worker-args=10", "-fspec-constr", "-fspec-constr-count=3", "-fmax-simplifier-iterations=4", "-fomit-yields", "-fvectorisation-avoidance", "-fregs-graph", "-fmax-inline-alloc-size=128", "-fstatic-argument-transformation", "-ffull-laziness", "-fcmm-elim-common-blocks", "-funfolding-use-threshold=60", "-funfolding-keeness-factor=1.5", "-fworker-wrapper", "-fdo-lambda-eta-expansion", "-foptimal-applicative-do", "-funbox-strict-fields", "-fignore-interface-pragmas", "-fomit-interface-pragmas", "-fmax-relevant-binds=6", "-floopification", "-fpedantic-bottoms", "-fmax-inline-memcpy-insns=32", "-fcase-merge", "-fdicts-strict", "-fdicts-cheap", "-fregs-iterative", "-fcall-arity", "-fliberate-case", "-fvectorise", "-fliberate-case-threshold=2000"], 0.314], "run_allowance": 411, "iterations": 0, "timestamp": 1698719461.4426434, "task_uuid": "74271202-f3f1-4be7-bc3a-9be82434ddf0", "task_level": [2], "message_type": "INFO"}
{"action_status": "succeeded", "timestamp": 1698719461.4427536, "task_uuid": "74271202-f3f1-4be7-bc3a-9be82434ddf0", "action_type": "LOG_RESULTS", "task_level": [3]}
