{"test_path": "real/grep", "test_desc": "Boca_Rerun_3", "action_status": "started", "timestamp": 1698727277.2216876, "task_uuid": "65769bcb-1918-4e19-9c45-d2214c84b80b", "action_type": "OPTIMIZER_CREATION", "task_level": [1]}
{"action_status": "started", "timestamp": 1698727277.22216, "task_uuid": "65769bcb-1918-4e19-9c45-d2214c84b80b", "action_type": "LOG_RESULTS", "task_level": [2, 1]}
{"action_status": "succeeded", "timestamp": 1698727277.2233338, "task_uuid": "65769bcb-1918-4e19-9c45-d2214c84b80b", "action_type": "OPTIMIZER_CREATION", "task_level": [3]}
{"action_status": "started", "timestamp": 1698727838.9180672, "task_uuid": "7751cb34-4bdc-4f20-b442-830035c84616", "action_type": "ERROR_CANDIDATE", "task_level": [1]}
{"optimizer": "BOCA", "message": "No unique candidate found.", "iteration": 160, "all_candidates": [], "timestamp": 1698727838.9183397, "task_uuid": "7751cb34-4bdc-4f20-b442-830035c84616", "task_level": [2], "message_type": "ERROR"}
{"action_status": "succeeded", "timestamp": 1698727838.918411, "task_uuid": "7751cb34-4bdc-4f20-b442-830035c84616", "action_type": "ERROR_CANDIDATE", "task_level": [3]}
{"action_status": "started", "timestamp": 1698727841.294854, "task_uuid": "131b1b21-afe4-475c-9735-bac22c4c72bc", "action_type": "ERROR_CANDIDATE", "task_level": [1]}
{"optimizer": "BOCA", "message": "No unique candidate found.", "iteration": 161, "all_candidates": [], "timestamp": 1698727841.294968, "task_uuid": "131b1b21-afe4-475c-9735-bac22c4c72bc", "task_level": [2], "message_type": "ERROR"}
{"action_status": "succeeded", "timestamp": 1698727841.2950265, "task_uuid": "131b1b21-afe4-475c-9735-bac22c4c72bc", "action_type": "ERROR_CANDIDATE", "task_level": [3]}
{"action_status": "started", "timestamp": 1698727843.6383178, "task_uuid": "09775ad0-2391-4986-b637-e5c260c18144", "action_type": "ERROR_CANDIDATE", "task_level": [1]}
{"optimizer": "BOCA", "message": "No unique candidate found.", "iteration": 162, "all_candidates": [], "timestamp": 1698727843.6384368, "task_uuid": "09775ad0-2391-4986-b637-e5c260c18144", "task_level": [2], "message_type": "ERROR"}
{"action_status": "succeeded", "timestamp": 1698727843.6384945, "task_uuid": "09775ad0-2391-4986-b637-e5c260c18144", "action_type": "ERROR_CANDIDATE", "task_level": [3]}
{"action_status": "started", "timestamp": 1698727846.0246274, "task_uuid": "05f4bd7d-317f-4e54-af52-892281a2c023", "action_type": "ERROR_CANDIDATE", "task_level": [1]}
{"optimizer": "BOCA", "message": "No unique candidate found.", "iteration": 163, "all_candidates": [], "timestamp": 1698727846.0247438, "task_uuid": "05f4bd7d-317f-4e54-af52-892281a2c023", "task_level": [2], "message_type": "ERROR"}
{"action_status": "succeeded", "timestamp": 1698727846.0248008, "task_uuid": "05f4bd7d-317f-4e54-af52-892281a2c023", "action_type": "ERROR_CANDIDATE", "task_level": [3]}
{"action_status": "started", "timestamp": 1698727848.3824003, "task_uuid": "bb163320-7db8-4ab5-bba2-271f5496a32b", "action_type": "ERROR_CANDIDATE", "task_level": [1]}
{"optimizer": "BOCA", "message": "No unique candidate found.", "iteration": 164, "all_candidates": [], "timestamp": 1698727848.38252, "task_uuid": "bb163320-7db8-4ab5-bba2-271f5496a32b", "task_level": [2], "message_type": "ERROR"}
{"action_status": "succeeded", "timestamp": 1698727848.3825767, "task_uuid": "bb163320-7db8-4ab5-bba2-271f5496a32b", "action_type": "ERROR_CANDIDATE", "task_level": [3]}
{"action_status": "started", "timestamp": 1698727850.7538667, "task_uuid": "b33c3a6c-59c0-4c80-9e18-3106668f3756", "action_type": "ERROR_CANDIDATE", "task_level": [1]}
{"optimizer": "BOCA", "message": "No unique candidate found.", "iteration": 165, "all_candidates": [], "timestamp": 1698727850.7539847, "task_uuid": "b33c3a6c-59c0-4c80-9e18-3106668f3756", "task_level": [2], "message_type": "ERROR"}
{"action_status": "succeeded", "timestamp": 1698727850.7540424, "task_uuid": "b33c3a6c-59c0-4c80-9e18-3106668f3756", "action_type": "ERROR_CANDIDATE", "task_level": [3]}
{"action_status": "started", "timestamp": 1698727853.1108737, "task_uuid": "0eb8f35c-7719-4f4c-ba08-28255ac7218c", "action_type": "ERROR_CANDIDATE", "task_level": [1]}
{"optimizer": "BOCA", "message": "No unique candidate found.", "iteration": 166, "all_candidates": [], "timestamp": 1698727853.111021, "task_uuid": "0eb8f35c-7719-4f4c-ba08-28255ac7218c", "task_level": [2], "message_type": "ERROR"}
{"action_status": "succeeded", "timestamp": 1698727853.1110811, "task_uuid": "0eb8f35c-7719-4f4c-ba08-28255ac7218c", "action_type": "ERROR_CANDIDATE", "task_level": [3]}
{"action_status": "started", "timestamp": 1698727855.50775, "task_uuid": "319406d5-a50c-4e62-9ec9-0486e1e0221f", "action_type": "ERROR_CANDIDATE", "task_level": [1]}
{"optimizer": "BOCA", "message": "No unique candidate found.", "iteration": 167, "all_candidates": [], "timestamp": 1698727855.5078661, "task_uuid": "319406d5-a50c-4e62-9ec9-0486e1e0221f", "task_level": [2], "message_type": "ERROR"}
{"action_status": "succeeded", "timestamp": 1698727855.5079217, "task_uuid": "319406d5-a50c-4e62-9ec9-0486e1e0221f", "action_type": "ERROR_CANDIDATE", "task_level": [3]}
{"action_status": "started", "timestamp": 1698727857.8887312, "task_uuid": "b694cb26-8919-4ce5-8395-58488b31f149", "action_type": "ERROR_CANDIDATE", "task_level": [1]}
{"optimizer": "BOCA", "message": "No unique candidate found.", "iteration": 168, "all_candidates": [], "timestamp": 1698727857.888857, "task_uuid": "b694cb26-8919-4ce5-8395-58488b31f149", "task_level": [2], "message_type": "ERROR"}
{"action_status": "succeeded", "timestamp": 1698727857.8889167, "task_uuid": "b694cb26-8919-4ce5-8395-58488b31f149", "action_type": "ERROR_CANDIDATE", "task_level": [3]}
{"action_status": "started", "timestamp": 1698727860.2619374, "task_uuid": "41fc10c9-a6dc-4d1d-8d14-034817e9f25d", "action_type": "ERROR_CANDIDATE", "task_level": [1]}
{"optimizer": "BOCA", "message": "No unique candidate found.", "iteration": 169, "all_candidates": [], "timestamp": 1698727860.2620535, "task_uuid": "41fc10c9-a6dc-4d1d-8d14-034817e9f25d", "task_level": [2], "message_type": "ERROR"}
{"action_status": "succeeded", "timestamp": 1698727860.2621105, "task_uuid": "41fc10c9-a6dc-4d1d-8d14-034817e9f25d", "action_type": "ERROR_CANDIDATE", "task_level": [3]}
{"action_status": "started", "timestamp": 1698727860.6477551, "task_uuid": "4524469e-acb8-4bf9-a9a2-4b13339b93a3", "action_type": "LOG_RESULTS", "task_level": [1]}
{"optimizer": "BOCA", "no": "0", "best_result": [["-O0", "-fexpose-all-unfoldings", "-fcmm-elim-common-blocks", "-foptimal-applicative-do", "-funfolding-creation-threshold=750", "-fcpr-anal", "-flate-dmd-anal", "-ffull-laziness", "-fno-pre-inlining", "-funbox-small-strict-fields", "-fno-opt-coercion", "-fcmm-sink", "-fexcess-precision", "-fenable-rewrite-rules", "-funfolding-keeness-factor=1.5", "-fstatic-argument-transformation", "-fregs-iterative", "-fdmd-tx-dict-sel", "-fspec-constr", "-floopification", "-fdo-lambda-eta-expansion", "-fno-state-hack", "-fignore-asserts", "-fstrictness", "-fcross-module-specialise", "-fmax-simplifier-iterations=4", "-fdicts-strict", "-O0", "-fmax-worker-args=10", "-fmax-inline-memcpy-insns=32", "-fstrictness-before=1", "-fmax-inline-memset-insns=32", "-fvectorisation-avoidance", "-fpedantic-bottoms", "-fspecialise", "-feager-blackholing"], 0.313], "run_allowance": 334, "iterations": 0, "timestamp": 1698727860.6478617, "task_uuid": "4524469e-acb8-4bf9-a9a2-4b13339b93a3", "task_level": [2], "message_type": "INFO"}
{"action_status": "succeeded", "timestamp": 1698727860.64796, "task_uuid": "4524469e-acb8-4bf9-a9a2-4b13339b93a3", "action_type": "LOG_RESULTS", "task_level": [3]}
