{"action_status": "started", "timestamp": 1714238466.3123229, "task_uuid": "d34cdf02-29e1-425f-bae8-c5d3ba8a50ac", "action_type": "LOG_RESULTS", "task_level": [2, 1]}
{"action_status": "succeeded", "timestamp": 1714238466.315593, "task_uuid": "d34cdf02-29e1-425f-bae8-c5d3ba8a50ac", "action_type": "OPTIMIZER_CREATION", "task_level": [3]}
{"test_path": "real/cacheprof", "test_desc": "Special-Rule-Thesis-5p", "action_status": "started", "timestamp": 1714238466.315831, "task_uuid": "d1ead897-3976-4c9c-8df0-de6db85ef49d", "action_type": "OPTIMIZER_CREATION", "task_level": [1]}
{"action_status": "started", "timestamp": 1714238466.3161087, "task_uuid": "d1ead897-3976-4c9c-8df0-de6db85ef49d", "action_type": "LOG_RESULTS", "task_level": [2, 1]}
{"action_status": "succeeded", "timestamp": 1714238466.3194225, "task_uuid": "d1ead897-3976-4c9c-8df0-de6db85ef49d", "action_type": "OPTIMIZER_CREATION", "task_level": [3]}
{"test_path": "real/maillist", "test_desc": "Special-Rule-Thesis-5p", "action_status": "started", "timestamp": 1714238466.3196907, "task_uuid": "138817fa-900f-4b73-90b9-f6088c0680b5", "action_type": "OPTIMIZER_CREATION", "task_level": [1]}
{"action_status": "started", "timestamp": 1714238466.3200114, "task_uuid": "138817fa-900f-4b73-90b9-f6088c0680b5", "action_type": "LOG_RESULTS", "task_level": [2, 1]}
{"action_status": "succeeded", "timestamp": 1714238466.3232741, "task_uuid": "138817fa-900f-4b73-90b9-f6088c0680b5", "action_type": "OPTIMIZER_CREATION", "task_level": [3]}
{"action_status": "started", "timestamp": 1714250861.055557, "task_uuid": "ee10097b-a5c8-4b25-81e9-024bb1473255", "action_type": "LOG_RESULTS", "task_level": [2, 1]}
{"action_status": "succeeded", "timestamp": 1714250861.0593247, "task_uuid": "ee10097b-a5c8-4b25-81e9-024bb1473255", "action_type": "OPTIMIZER_CREATION", "task_level": [3]}
{"test_path": "real/cacheprof", "test_desc": "Special-Rule-Thesis-5p", "action_status": "started", "timestamp": 1714250861.059572, "task_uuid": "44c76bb8-7d41-4ed0-a659-e1a3c581f279", "action_type": "OPTIMIZER_CREATION", "task_level": [1]}
{"action_status": "started", "timestamp": 1714250861.0598302, "task_uuid": "44c76bb8-7d41-4ed0-a659-e1a3c581f279", "action_type": "LOG_RESULTS", "task_level": [2, 1]}
{"action_status": "succeeded", "timestamp": 1714250861.0636587, "task_uuid": "44c76bb8-7d41-4ed0-a659-e1a3c581f279", "action_type": "OPTIMIZER_CREATION", "task_level": [3]}
{"test_path": "real/maillist", "test_desc": "Special-Rule-Thesis-5p", "action_status": "started", "timestamp": 1714250861.063938, "task_uuid": "4b29dfdc-cd64-4c81-821f-015bf52e2e4c", "action_type": "OPTIMIZER_CREATION", "task_level": [1]}
{"action_status": "started", "timestamp": 1714250861.0642385, "task_uuid": "4b29dfdc-cd64-4c81-821f-015bf52e2e4c", "action_type": "LOG_RESULTS", "task_level": [2, 1]}
{"action_status": "succeeded", "timestamp": 1714250861.0680153, "task_uuid": "4b29dfdc-cd64-4c81-821f-015bf52e2e4c", "action_type": "OPTIMIZER_CREATION", "task_level": [3]}
{"action_status": "started", "timestamp": 1714257252.0113053, "task_uuid": "d1728eab-717c-4273-a199-927b0c2f6a1b", "action_type": "LOG_RESULTS", "task_level": [1]}
{"optimizer": "BOCA", "no": "0", "best_result": ["0|1|2|3|4|5|6|7|8|9|10|11|12|13|25|15|16|22|26|21|23|20|18|17|14|19|24", 0.1083], "run_allowance": 725, "iterations": 251, "timestamp": 1714257252.0117629, "task_uuid": "d1728eab-717c-4273-a199-927b0c2f6a1b", "task_level": [2], "message_type": "INFO"}
{"action_status": "succeeded", "timestamp": 1714257252.011964, "task_uuid": "d1728eab-717c-4273-a199-927b0c2f6a1b", "action_type": "LOG_RESULTS", "task_level": [3]}
{"action_status": "started", "timestamp": 1714257799.6833253, "task_uuid": "ae6a5f40-f59d-435f-8699-c60094ba229a", "action_type": "LOG_RESULTS", "task_level": [1]}
{"optimizer": "BOCA", "no": "0", "best_result": ["0|1|2|3|4|5|6|7|8|9|10|11|12|13|22|24|20|18|25|17|21|23|15|16|14|19|26", 0.11779999999999999], "run_allowance": 724, "iterations": 252, "timestamp": 1714257799.6857972, "task_uuid": "ae6a5f40-f59d-435f-8699-c60094ba229a", "task_level": [2], "message_type": "INFO"}
{"action_status": "succeeded", "timestamp": 1714257799.68607, "task_uuid": "ae6a5f40-f59d-435f-8699-c60094ba229a", "action_type": "LOG_RESULTS", "task_level": [3]}
{"action_status": "started", "timestamp": 1714257800.888514, "task_uuid": "386c50bf-1247-4635-af82-53e93787bbfc", "action_type": "LOG_RESULTS", "task_level": [1]}
{"optimizer": "BOCA", "no": "0", "best_result": ["0|1|2|3|4|5|6|7|8|9|10|11|12|13|15|26|23|14|22|21|20|16|18|19|17|24|25", 0.14345], "run_allowance": 724, "iterations": 252, "timestamp": 1714257800.888977, "task_uuid": "386c50bf-1247-4635-af82-53e93787bbfc", "task_level": [2], "message_type": "INFO"}
{"action_status": "succeeded", "timestamp": 1714257800.8891728, "task_uuid": "386c50bf-1247-4635-af82-53e93787bbfc", "action_type": "LOG_RESULTS", "task_level": [3]}
{"action_status": "started", "timestamp": 1714258998.1236165, "task_uuid": "0fac1a95-3e45-4ff2-9dbe-699d9a289b36", "action_type": "LOG_RESULTS", "task_level": [1]}
{"optimizer": "BOCA", "no": "0", "best_result": ["0|1|2|3|4|5|6|7|8|9|10|11|12|13|18|16|15|22|14|23|21|20|19|17|24|25|26", 0.62605], "run_allowance": 721, "iterations": 255, "timestamp": 1714258998.1291516, "task_uuid": "0fac1a95-3e45-4ff2-9dbe-699d9a289b36", "task_level": [2], "message_type": "INFO"}
{"action_status": "succeeded", "timestamp": 1714258998.129558, "task_uuid": "0fac1a95-3e45-4ff2-9dbe-699d9a289b36", "action_type": "LOG_RESULTS", "task_level": [3]}
