{"test_path": "real/hidden", "test_desc": "PO-GRID-STUFF", "action_status": "started", "timestamp": 1710829585.8435702, "task_uuid": "3c246cf6-5152-445d-8eaa-00bbc9b18b23", "action_type": "OPTIMIZER_CREATION", "task_level": [1]}
{"action_status": "started", "timestamp": 1710829585.8441274, "task_uuid": "3c246cf6-5152-445d-8eaa-00bbc9b18b23", "action_type": "LOG_RESULTS", "task_level": [2, 1]}
{"action_status": "succeeded", "timestamp": 1710829585.8486338, "task_uuid": "3c246cf6-5152-445d-8eaa-00bbc9b18b23", "action_type": "OPTIMIZER_CREATION", "task_level": [3]}
{"action_status": "started", "timestamp": 1710829864.6995246, "task_uuid": "6990d8b6-f9a5-4f9d-b958-5fe691b6067b", "action_type": "GRIDSEARCH_RESULTS", "task_level": [1]}
{"optimizer": "BOCA", "best_params": "{'max_depth': 5, 'max_features': 'sqrt', 'min_samples_leaf': 1, 'n_estimators': 100, 'n_jobs': -1}", "best_score": "0.2218197019999568", "timestamp": 1710829864.7010825, "task_uuid": "6990d8b6-f9a5-4f9d-b958-5fe691b6067b", "task_level": [2], "message_type": "INFO"}
{"action_status": "succeeded", "timestamp": 1710829864.701306, "task_uuid": "6990d8b6-f9a5-4f9d-b958-5fe691b6067b", "action_type": "GRIDSEARCH_RESULTS", "task_level": [3]}
{"action_status": "started", "timestamp": 1710829993.5990167, "task_uuid": "612ea2c0-8dce-452e-bc3d-0a343b93c307", "action_type": "GRIDSEARCH_RESULTS", "task_level": [1]}
{"optimizer": "BOCA", "best_params": "{'max_depth': None, 'max_features': 'sqrt', 'min_samples_leaf': 2, 'n_estimators': 10, 'n_jobs': -1}", "best_score": "0.3071503398813064", "timestamp": 1710829993.5996404, "task_uuid": "612ea2c0-8dce-452e-bc3d-0a343b93c307", "task_level": [2], "message_type": "INFO"}
{"action_status": "succeeded", "timestamp": 1710829993.599736, "task_uuid": "612ea2c0-8dce-452e-bc3d-0a343b93c307", "action_type": "GRIDSEARCH_RESULTS", "task_level": [3]}
{"action_status": "started", "timestamp": 1710830127.2276123, "task_uuid": "f8b453ca-2a5b-461d-bb3d-fca5cb1ade6b", "action_type": "GRIDSEARCH_RESULTS", "task_level": [1]}
{"optimizer": "BOCA", "best_params": "{'max_depth': None, 'max_features': 'sqrt', 'min_samples_leaf': 2, 'n_estimators': 10, 'n_jobs': -1}", "best_score": "0.289485896215821", "timestamp": 1710830127.2287073, "task_uuid": "f8b453ca-2a5b-461d-bb3d-fca5cb1ade6b", "task_level": [2], "message_type": "INFO"}
{"action_status": "succeeded", "timestamp": 1710830127.2288322, "task_uuid": "f8b453ca-2a5b-461d-bb3d-fca5cb1ade6b", "action_type": "GRIDSEARCH_RESULTS", "task_level": [3]}
{"action_status": "started", "timestamp": 1710830265.740389, "task_uuid": "0846d3f7-b1f5-4bc6-88d9-b72dfc5b7528", "action_type": "GRIDSEARCH_RESULTS", "task_level": [1]}
{"optimizer": "BOCA", "best_params": "{'max_depth': 5, 'max_features': 'sqrt', 'min_samples_leaf': 3, 'n_estimators': 10, 'n_jobs': -1}", "best_score": "0.2838855781204811", "timestamp": 1710830265.7409563, "task_uuid": "0846d3f7-b1f5-4bc6-88d9-b72dfc5b7528", "task_level": [2], "message_type": "INFO"}
{"action_status": "succeeded", "timestamp": 1710830265.7410557, "task_uuid": "0846d3f7-b1f5-4bc6-88d9-b72dfc5b7528", "action_type": "GRIDSEARCH_RESULTS", "task_level": [3]}
{"action_status": "started", "timestamp": 1710830403.489429, "task_uuid": "0b062598-be49-4329-9634-a007cdd7e8aa", "action_type": "GRIDSEARCH_RESULTS", "task_level": [1]}
{"optimizer": "BOCA", "best_params": "{'max_depth': 5, 'max_features': 'sqrt', 'min_samples_leaf': 1, 'n_estimators': 10, 'n_jobs': -1}", "best_score": "0.3717914016270903", "timestamp": 1710830403.4904554, "task_uuid": "0b062598-be49-4329-9634-a007cdd7e8aa", "task_level": [2], "message_type": "INFO"}
{"action_status": "succeeded", "timestamp": 1710830403.490612, "task_uuid": "0b062598-be49-4329-9634-a007cdd7e8aa", "action_type": "GRIDSEARCH_RESULTS", "task_level": [3]}
{"action_status": "started", "timestamp": 1710830542.9401355, "task_uuid": "b732eb99-ea63-4a6b-8d91-1f60ee148f0a", "action_type": "GRIDSEARCH_RESULTS", "task_level": [1]}
{"optimizer": "BOCA", "best_params": "{'max_depth': 5, 'max_features': 'sqrt', 'min_samples_leaf': 1, 'n_estimators': 10, 'n_jobs': -1}", "best_score": "0.31093734068987494", "timestamp": 1710830542.9411907, "task_uuid": "b732eb99-ea63-4a6b-8d91-1f60ee148f0a", "task_level": [2], "message_type": "INFO"}
{"action_status": "succeeded", "timestamp": 1710830542.941383, "task_uuid": "b732eb99-ea63-4a6b-8d91-1f60ee148f0a", "action_type": "GRIDSEARCH_RESULTS", "task_level": [3]}
{"action_status": "started", "timestamp": 1710830678.31258, "task_uuid": "5e7d9a07-8f13-48dc-afa4-861743513c9d", "action_type": "GRIDSEARCH_RESULTS", "task_level": [1]}
{"optimizer": "BOCA", "best_params": "{'max_depth': 1, 'max_features': 'sqrt', 'min_samples_leaf': 1, 'n_estimators': 10, 'n_jobs': -1}", "best_score": "-0.03567529784594292", "timestamp": 1710830678.3133104, "task_uuid": "5e7d9a07-8f13-48dc-afa4-861743513c9d", "task_level": [2], "message_type": "INFO"}
{"action_status": "succeeded", "timestamp": 1710830678.313413, "task_uuid": "5e7d9a07-8f13-48dc-afa4-861743513c9d", "action_type": "GRIDSEARCH_RESULTS", "task_level": [3]}
{"action_status": "started", "timestamp": 1710830811.94554, "task_uuid": "4df8e26e-66ab-4c67-9c9d-fea8e103c5cc", "action_type": "GRIDSEARCH_RESULTS", "task_level": [1]}
{"optimizer": "BOCA", "best_params": "{'max_depth': 10, 'max_features': 'sqrt', 'min_samples_leaf': 1, 'n_estimators': 250, 'n_jobs': -1}", "best_score": "-0.1656807991356235", "timestamp": 1710830811.9461367, "task_uuid": "4df8e26e-66ab-4c67-9c9d-fea8e103c5cc", "task_level": [2], "message_type": "INFO"}
{"action_status": "succeeded", "timestamp": 1710830811.9462326, "task_uuid": "4df8e26e-66ab-4c67-9c9d-fea8e103c5cc", "action_type": "GRIDSEARCH_RESULTS", "task_level": [3]}
{"action_status": "started", "timestamp": 1710830947.6421344, "task_uuid": "7f44554b-c37f-47d9-9579-d0312f5851f0", "action_type": "GRIDSEARCH_RESULTS", "task_level": [1]}
{"optimizer": "BOCA", "best_params": "{'max_depth': None, 'max_features': 'sqrt', 'min_samples_leaf': 1, 'n_estimators': 10, 'n_jobs': -1}", "best_score": "-0.21435985071964594", "timestamp": 1710830947.643405, "task_uuid": "7f44554b-c37f-47d9-9579-d0312f5851f0", "task_level": [2], "message_type": "INFO"}
{"action_status": "succeeded", "timestamp": 1710830947.643555, "task_uuid": "7f44554b-c37f-47d9-9579-d0312f5851f0", "action_type": "GRIDSEARCH_RESULTS", "task_level": [3]}
{"action_status": "started", "timestamp": 1710831082.2288232, "task_uuid": "a1e57aec-4c49-4546-ba6a-d4161ef5ac1d", "action_type": "GRIDSEARCH_RESULTS", "task_level": [1]}
{"optimizer": "BOCA", "best_params": "{'max_depth': 5, 'max_features': 'sqrt', 'min_samples_leaf': 3, 'n_estimators': 10, 'n_jobs': -1}", "best_score": "-0.9565026209410549", "timestamp": 1710831082.22973, "task_uuid": "a1e57aec-4c49-4546-ba6a-d4161ef5ac1d", "task_level": [2], "message_type": "INFO"}
{"action_status": "succeeded", "timestamp": 1710831082.2298582, "task_uuid": "a1e57aec-4c49-4546-ba6a-d4161ef5ac1d", "action_type": "GRIDSEARCH_RESULTS", "task_level": [3]}
{"action_status": "started", "timestamp": 1710831219.005587, "task_uuid": "a6ad4025-75a1-4f93-8f85-722475bc081d", "action_type": "GRIDSEARCH_RESULTS", "task_level": [1]}
{"optimizer": "BOCA", "best_params": "{'max_depth': 5, 'max_features': 'sqrt', 'min_samples_leaf': 2, 'n_estimators': 10, 'n_jobs': -1}", "best_score": "-0.2581349339217743", "timestamp": 1710831219.006707, "task_uuid": "a6ad4025-75a1-4f93-8f85-722475bc081d", "task_level": [2], "message_type": "INFO"}
{"action_status": "succeeded", "timestamp": 1710831219.0068452, "task_uuid": "a6ad4025-75a1-4f93-8f85-722475bc081d", "action_type": "GRIDSEARCH_RESULTS", "task_level": [3]}
{"action_status": "started", "timestamp": 1710831359.566979, "task_uuid": "1ef07e77-9edb-4b49-8586-d44860b43f05", "action_type": "GRIDSEARCH_RESULTS", "task_level": [1]}
{"optimizer": "BOCA", "best_params": "{'max_depth': 5, 'max_features': 'sqrt', 'min_samples_leaf': 1, 'n_estimators': 200, 'n_jobs': -1}", "best_score": "0.21884996520292685", "timestamp": 1710831359.5675368, "task_uuid": "1ef07e77-9edb-4b49-8586-d44860b43f05", "task_level": [2], "message_type": "INFO"}
{"action_status": "succeeded", "timestamp": 1710831359.567625, "task_uuid": "1ef07e77-9edb-4b49-8586-d44860b43f05", "action_type": "GRIDSEARCH_RESULTS", "task_level": [3]}
{"action_status": "started", "timestamp": 1710831499.3889885, "task_uuid": "65c560d6-804f-49f4-8a91-2bc0f9bb0740", "action_type": "GRIDSEARCH_RESULTS", "task_level": [1]}
{"optimizer": "BOCA", "best_params": "{'max_depth': 3, 'max_features': 'sqrt', 'min_samples_leaf': 2, 'n_estimators': 10, 'n_jobs': -1}", "best_score": "0.2731536591621604", "timestamp": 1710831499.390578, "task_uuid": "65c560d6-804f-49f4-8a91-2bc0f9bb0740", "task_level": [2], "message_type": "INFO"}
{"action_status": "succeeded", "timestamp": 1710831499.390699, "task_uuid": "65c560d6-804f-49f4-8a91-2bc0f9bb0740", "action_type": "GRIDSEARCH_RESULTS", "task_level": [3]}
{"action_status": "started", "timestamp": 1710831639.3509443, "task_uuid": "06052643-83ad-4db9-ad60-ca3a12317f6d", "action_type": "GRIDSEARCH_RESULTS", "task_level": [1]}
{"optimizer": "BOCA", "best_params": "{'max_depth': None, 'max_features': 'sqrt', 'min_samples_leaf': 3, 'n_estimators': 10, 'n_jobs': -1}", "best_score": "0.22521516416005657", "timestamp": 1710831639.351637, "task_uuid": "06052643-83ad-4db9-ad60-ca3a12317f6d", "task_level": [2], "message_type": "INFO"}
{"action_status": "succeeded", "timestamp": 1710831639.3517375, "task_uuid": "06052643-83ad-4db9-ad60-ca3a12317f6d", "action_type": "GRIDSEARCH_RESULTS", "task_level": [3]}
{"action_status": "started", "timestamp": 1710831783.7868776, "task_uuid": "287d3468-de65-42f2-8711-c43a500d01e0", "action_type": "GRIDSEARCH_RESULTS", "task_level": [1]}
{"optimizer": "BOCA", "best_params": "{'max_depth': 10, 'max_features': 'sqrt', 'min_samples_leaf': 1, 'n_estimators': 200, 'n_jobs': -1}", "best_score": "0.3058367064481609", "timestamp": 1710831783.7875006, "task_uuid": "287d3468-de65-42f2-8711-c43a500d01e0", "task_level": [2], "message_type": "INFO"}
{"action_status": "succeeded", "timestamp": 1710831783.7875934, "task_uuid": "287d3468-de65-42f2-8711-c43a500d01e0", "action_type": "GRIDSEARCH_RESULTS", "task_level": [3]}
{"action_status": "started", "timestamp": 1710831937.0644042, "task_uuid": "50878c3f-0afb-4149-8c16-6aa700ed6907", "action_type": "GRIDSEARCH_RESULTS", "task_level": [1]}
{"optimizer": "BOCA", "best_params": "{'max_depth': 5, 'max_features': 'sqrt', 'min_samples_leaf': 1, 'n_estimators': 10, 'n_jobs': -1}", "best_score": "0.24827835585104086", "timestamp": 1710831937.0651412, "task_uuid": "50878c3f-0afb-4149-8c16-6aa700ed6907", "task_level": [2], "message_type": "INFO"}
{"action_status": "succeeded", "timestamp": 1710831937.0652282, "task_uuid": "50878c3f-0afb-4149-8c16-6aa700ed6907", "action_type": "GRIDSEARCH_RESULTS", "task_level": [3]}
{"action_status": "started", "timestamp": 1710832081.967878, "task_uuid": "e41b5588-8da1-4a29-b594-96041db382df", "action_type": "GRIDSEARCH_RESULTS", "task_level": [1]}
{"optimizer": "BOCA", "best_params": "{'max_depth': 10, 'max_features': 'sqrt', 'min_samples_leaf': 1, 'n_estimators': 10, 'n_jobs': -1}", "best_score": "0.3056440315712175", "timestamp": 1710832081.9689264, "task_uuid": "e41b5588-8da1-4a29-b594-96041db382df", "task_level": [2], "message_type": "INFO"}
{"action_status": "succeeded", "timestamp": 1710832081.969047, "task_uuid": "e41b5588-8da1-4a29-b594-96041db382df", "action_type": "GRIDSEARCH_RESULTS", "task_level": [3]}
{"action_status": "started", "timestamp": 1710832226.2212787, "task_uuid": "77b6d9f7-af4e-4f85-b0b1-24ad38e7280c", "action_type": "GRIDSEARCH_RESULTS", "task_level": [1]}
{"optimizer": "BOCA", "best_params": "{'max_depth': 3, 'max_features': 'sqrt', 'min_samples_leaf': 1, 'n_estimators': 10, 'n_jobs': -1}", "best_score": "0.22019466442133906", "timestamp": 1710832226.2238734, "task_uuid": "77b6d9f7-af4e-4f85-b0b1-24ad38e7280c", "task_level": [2], "message_type": "INFO"}
{"action_status": "succeeded", "timestamp": 1710832226.2240102, "task_uuid": "77b6d9f7-af4e-4f85-b0b1-24ad38e7280c", "action_type": "GRIDSEARCH_RESULTS", "task_level": [3]}
{"action_status": "started", "timestamp": 1710832370.0398598, "task_uuid": "e2e42396-2c05-4214-82d0-1aac87f56d45", "action_type": "GRIDSEARCH_RESULTS", "task_level": [1]}
{"optimizer": "BOCA", "best_params": "{'max_depth': 5, 'max_features': 'sqrt', 'min_samples_leaf': 4, 'n_estimators': 10, 'n_jobs': -1}", "best_score": "0.2192137505879798", "timestamp": 1710832370.0416174, "task_uuid": "e2e42396-2c05-4214-82d0-1aac87f56d45", "task_level": [2], "message_type": "INFO"}
{"action_status": "succeeded", "timestamp": 1710832370.0417457, "task_uuid": "e2e42396-2c05-4214-82d0-1aac87f56d45", "action_type": "GRIDSEARCH_RESULTS", "task_level": [3]}
{"action_status": "started", "timestamp": 1710832514.7395272, "task_uuid": "f2babb12-a05d-4a4e-921d-71b2cee1fa6e", "action_type": "GRIDSEARCH_RESULTS", "task_level": [1]}
{"optimizer": "BOCA", "best_params": "{'max_depth': 5, 'max_features': 'sqrt', 'min_samples_leaf': 1, 'n_estimators': 10, 'n_jobs': -1}", "best_score": "0.427332350317798", "timestamp": 1710832514.740137, "task_uuid": "f2babb12-a05d-4a4e-921d-71b2cee1fa6e", "task_level": [2], "message_type": "INFO"}
{"action_status": "succeeded", "timestamp": 1710832514.7402442, "task_uuid": "f2babb12-a05d-4a4e-921d-71b2cee1fa6e", "action_type": "GRIDSEARCH_RESULTS", "task_level": [3]}
{"action_status": "started", "timestamp": 1710832660.2747328, "task_uuid": "3d3993e5-c7fe-4c82-8d94-3dbbd90b191c", "action_type": "GRIDSEARCH_RESULTS", "task_level": [1]}
{"optimizer": "BOCA", "best_params": "{'max_depth': 5, 'max_features': 'sqrt', 'min_samples_leaf': 1, 'n_estimators': 10, 'n_jobs': -1}", "best_score": "0.292210709477083", "timestamp": 1710832660.2752519, "task_uuid": "3d3993e5-c7fe-4c82-8d94-3dbbd90b191c", "task_level": [2], "message_type": "INFO"}
{"action_status": "succeeded", "timestamp": 1710832660.275389, "task_uuid": "3d3993e5-c7fe-4c82-8d94-3dbbd90b191c", "action_type": "GRIDSEARCH_RESULTS", "task_level": [3]}
{"action_status": "started", "timestamp": 1710832806.8297753, "task_uuid": "55f3a9ec-5aa7-473a-9e56-e7033f6dbd41", "action_type": "GRIDSEARCH_RESULTS", "task_level": [1]}
{"optimizer": "BOCA", "best_params": "{'max_depth': 5, 'max_features': 'sqrt', 'min_samples_leaf': 2, 'n_estimators': 10, 'n_jobs': -1}", "best_score": "0.2716774368600983", "timestamp": 1710832806.830347, "task_uuid": "55f3a9ec-5aa7-473a-9e56-e7033f6dbd41", "task_level": [2], "message_type": "INFO"}
{"action_status": "succeeded", "timestamp": 1710832806.8304667, "task_uuid": "55f3a9ec-5aa7-473a-9e56-e7033f6dbd41", "action_type": "GRIDSEARCH_RESULTS", "task_level": [3]}
{"action_status": "started", "timestamp": 1710832962.414701, "task_uuid": "0c921568-96a7-423f-9086-ec745ae1e0d2", "action_type": "GRIDSEARCH_RESULTS", "task_level": [1]}
{"optimizer": "BOCA", "best_params": "{'max_depth': None, 'max_features': 'sqrt', 'min_samples_leaf': 1, 'n_estimators': 10, 'n_jobs': -1}", "best_score": "0.22055807418568155", "timestamp": 1710832962.4162025, "task_uuid": "0c921568-96a7-423f-9086-ec745ae1e0d2", "task_level": [2], "message_type": "INFO"}
{"action_status": "succeeded", "timestamp": 1710832962.416302, "task_uuid": "0c921568-96a7-423f-9086-ec745ae1e0d2", "action_type": "GRIDSEARCH_RESULTS", "task_level": [3]}
{"action_status": "started", "timestamp": 1710833115.6424682, "task_uuid": "13a52150-4507-4b1e-9991-94ec5ce808c7", "action_type": "GRIDSEARCH_RESULTS", "task_level": [1]}
{"optimizer": "BOCA", "best_params": "{'max_depth': 5, 'max_features': 'sqrt', 'min_samples_leaf': 4, 'n_estimators': 10, 'n_jobs': -1}", "best_score": "0.3164078550026851", "timestamp": 1710833115.6430922, "task_uuid": "13a52150-4507-4b1e-9991-94ec5ce808c7", "task_level": [2], "message_type": "INFO"}
{"action_status": "succeeded", "timestamp": 1710833115.6432014, "task_uuid": "13a52150-4507-4b1e-9991-94ec5ce808c7", "action_type": "GRIDSEARCH_RESULTS", "task_level": [3]}
{"action_status": "started", "timestamp": 1710833267.6461024, "task_uuid": "81a5ef71-ee90-45d5-9dda-43e816dfda5f", "action_type": "GRIDSEARCH_RESULTS", "task_level": [1]}
{"optimizer": "BOCA", "best_params": "{'max_depth': 10, 'max_features': 'sqrt', 'min_samples_leaf': 2, 'n_estimators': 200, 'n_jobs': -1}", "best_score": "0.11129374870304624", "timestamp": 1710833267.646753, "task_uuid": "81a5ef71-ee90-45d5-9dda-43e816dfda5f", "task_level": [2], "message_type": "INFO"}
{"action_status": "succeeded", "timestamp": 1710833267.6468797, "task_uuid": "81a5ef71-ee90-45d5-9dda-43e816dfda5f", "action_type": "GRIDSEARCH_RESULTS", "task_level": [3]}
{"action_status": "started", "timestamp": 1710833420.867634, "task_uuid": "65798323-18df-462e-a704-9210db8f50f1", "action_type": "GRIDSEARCH_RESULTS", "task_level": [1]}
{"optimizer": "BOCA", "best_params": "{'max_depth': 10, 'max_features': 'sqrt', 'min_samples_leaf': 1, 'n_estimators': 250, 'n_jobs': -1}", "best_score": "0.038354330795583036", "timestamp": 1710833420.8682215, "task_uuid": "65798323-18df-462e-a704-9210db8f50f1", "task_level": [2], "message_type": "INFO"}
{"action_status": "succeeded", "timestamp": 1710833420.868315, "task_uuid": "65798323-18df-462e-a704-9210db8f50f1", "action_type": "GRIDSEARCH_RESULTS", "task_level": [3]}
{"action_status": "started", "timestamp": 1710833575.2010896, "task_uuid": "101ca61e-6097-4931-903e-fa1ce399d643", "action_type": "GRIDSEARCH_RESULTS", "task_level": [1]}
{"optimizer": "BOCA", "best_params": "{'max_depth': 3, 'max_features': 'sqrt', 'min_samples_leaf': 2, 'n_estimators': 10, 'n_jobs': -1}", "best_score": "0.10676620273469435", "timestamp": 1710833575.2016683, "task_uuid": "101ca61e-6097-4931-903e-fa1ce399d643", "task_level": [2], "message_type": "INFO"}
{"action_status": "succeeded", "timestamp": 1710833575.2017603, "task_uuid": "101ca61e-6097-4931-903e-fa1ce399d643", "action_type": "GRIDSEARCH_RESULTS", "task_level": [3]}
{"action_status": "started", "timestamp": 1710833733.173848, "task_uuid": "1bdeb7cb-ec3d-4afd-8437-f04e5a030662", "action_type": "GRIDSEARCH_RESULTS", "task_level": [1]}
{"optimizer": "BOCA", "best_params": "{'max_depth': None, 'max_features': 'sqrt', 'min_samples_leaf': 1, 'n_estimators': 10, 'n_jobs': -1}", "best_score": "0.12175483382560837", "timestamp": 1710833733.1743991, "task_uuid": "1bdeb7cb-ec3d-4afd-8437-f04e5a030662", "task_level": [2], "message_type": "INFO"}
{"action_status": "succeeded", "timestamp": 1710833733.1744883, "task_uuid": "1bdeb7cb-ec3d-4afd-8437-f04e5a030662", "action_type": "GRIDSEARCH_RESULTS", "task_level": [3]}
{"action_status": "started", "timestamp": 1710833894.2401319, "task_uuid": "764fdde4-5b80-4506-a7ab-4b5c0c17d908", "action_type": "GRIDSEARCH_RESULTS", "task_level": [1]}
{"optimizer": "BOCA", "best_params": "{'max_depth': 5, 'max_features': 'sqrt', 'min_samples_leaf': 2, 'n_estimators': 10, 'n_jobs': -1}", "best_score": "0.11249532370447175", "timestamp": 1710833894.2407193, "task_uuid": "764fdde4-5b80-4506-a7ab-4b5c0c17d908", "task_level": [2], "message_type": "INFO"}
{"action_status": "succeeded", "timestamp": 1710833894.2408104, "task_uuid": "764fdde4-5b80-4506-a7ab-4b5c0c17d908", "action_type": "GRIDSEARCH_RESULTS", "task_level": [3]}
{"action_status": "started", "timestamp": 1710834051.602069, "task_uuid": "c8178a82-0f58-4b50-be5c-6b9c3facac90", "action_type": "GRIDSEARCH_RESULTS", "task_level": [1]}
{"optimizer": "BOCA", "best_params": "{'max_depth': None, 'max_features': 'sqrt', 'min_samples_leaf': 2, 'n_estimators': 10, 'n_jobs': -1}", "best_score": "0.31961211915696197", "timestamp": 1710834051.602745, "task_uuid": "c8178a82-0f58-4b50-be5c-6b9c3facac90", "task_level": [2], "message_type": "INFO"}
{"action_status": "succeeded", "timestamp": 1710834051.602849, "task_uuid": "c8178a82-0f58-4b50-be5c-6b9c3facac90", "action_type": "GRIDSEARCH_RESULTS", "task_level": [3]}
{"action_status": "started", "timestamp": 1710834205.8291178, "task_uuid": "ae691b1a-d54c-4dfa-940a-f8b6c4abee34", "action_type": "GRIDSEARCH_RESULTS", "task_level": [1]}
{"optimizer": "BOCA", "best_params": "{'max_depth': 3, 'max_features': 'sqrt', 'min_samples_leaf': 1, 'n_estimators': 10, 'n_jobs': -1}", "best_score": "0.21871665441611832", "timestamp": 1710834205.8301687, "task_uuid": "ae691b1a-d54c-4dfa-940a-f8b6c4abee34", "task_level": [2], "message_type": "INFO"}
{"action_status": "succeeded", "timestamp": 1710834205.830299, "task_uuid": "ae691b1a-d54c-4dfa-940a-f8b6c4abee34", "action_type": "GRIDSEARCH_RESULTS", "task_level": [3]}
{"action_status": "started", "timestamp": 1710834362.931892, "task_uuid": "4475c828-ecd6-4b12-97bb-2fb752716283", "action_type": "GRIDSEARCH_RESULTS", "task_level": [1]}
{"optimizer": "BOCA", "best_params": "{'max_depth': None, 'max_features': 'sqrt', 'min_samples_leaf': 1, 'n_estimators': 10, 'n_jobs': -1}", "best_score": "0.26328192736847383", "timestamp": 1710834362.9324014, "task_uuid": "4475c828-ecd6-4b12-97bb-2fb752716283", "task_level": [2], "message_type": "INFO"}
{"action_status": "succeeded", "timestamp": 1710834362.932494, "task_uuid": "4475c828-ecd6-4b12-97bb-2fb752716283", "action_type": "GRIDSEARCH_RESULTS", "task_level": [3]}
{"action_status": "started", "timestamp": 1710834522.779867, "task_uuid": "551bd8fe-eebc-47b9-bfa0-53f64ec70b4e", "action_type": "GRIDSEARCH_RESULTS", "task_level": [1]}
{"optimizer": "BOCA", "best_params": "{'max_depth': 5, 'max_features': 'sqrt', 'min_samples_leaf': 2, 'n_estimators': 100, 'n_jobs': -1}", "best_score": "-0.036232759051655204", "timestamp": 1710834522.7807024, "task_uuid": "551bd8fe-eebc-47b9-bfa0-53f64ec70b4e", "task_level": [2], "message_type": "INFO"}
{"action_status": "succeeded", "timestamp": 1710834522.7807968, "task_uuid": "551bd8fe-eebc-47b9-bfa0-53f64ec70b4e", "action_type": "GRIDSEARCH_RESULTS", "task_level": [3]}
{"action_status": "started", "timestamp": 1710834681.3116539, "task_uuid": "2025619e-4174-4021-8e8b-81e0ecd19bbd", "action_type": "GRIDSEARCH_RESULTS", "task_level": [1]}
{"optimizer": "BOCA", "best_params": "{'max_depth': 5, 'max_features': 'sqrt', 'min_samples_leaf': 1, 'n_estimators': 10, 'n_jobs': -1}", "best_score": "-0.02799443765848812", "timestamp": 1710834681.3123133, "task_uuid": "2025619e-4174-4021-8e8b-81e0ecd19bbd", "task_level": [2], "message_type": "INFO"}
{"action_status": "succeeded", "timestamp": 1710834681.312443, "task_uuid": "2025619e-4174-4021-8e8b-81e0ecd19bbd", "action_type": "GRIDSEARCH_RESULTS", "task_level": [3]}
{"action_status": "started", "timestamp": 1710834842.947509, "task_uuid": "7aa1d0dc-e3d6-4b2c-882b-c6053c26da11", "action_type": "GRIDSEARCH_RESULTS", "task_level": [1]}
{"optimizer": "BOCA", "best_params": "{'max_depth': 5, 'max_features': 'sqrt', 'min_samples_leaf': 2, 'n_estimators': 10, 'n_jobs': -1}", "best_score": "0.10537507163670508", "timestamp": 1710834842.9490836, "task_uuid": "7aa1d0dc-e3d6-4b2c-882b-c6053c26da11", "task_level": [2], "message_type": "INFO"}
{"action_status": "succeeded", "timestamp": 1710834842.949177, "task_uuid": "7aa1d0dc-e3d6-4b2c-882b-c6053c26da11", "action_type": "GRIDSEARCH_RESULTS", "task_level": [3]}
{"action_status": "started", "timestamp": 1710835004.837454, "task_uuid": "bd59cb12-c749-4454-abc2-7daeb839ceff", "action_type": "GRIDSEARCH_RESULTS", "task_level": [1]}
{"optimizer": "BOCA", "best_params": "{'max_depth': 3, 'max_features': 'sqrt', 'min_samples_leaf': 2, 'n_estimators': 10, 'n_jobs': -1}", "best_score": "-0.09673324209997873", "timestamp": 1710835004.8380055, "task_uuid": "bd59cb12-c749-4454-abc2-7daeb839ceff", "task_level": [2], "message_type": "INFO"}
{"action_status": "succeeded", "timestamp": 1710835004.8381956, "task_uuid": "bd59cb12-c749-4454-abc2-7daeb839ceff", "action_type": "GRIDSEARCH_RESULTS", "task_level": [3]}
{"action_status": "started", "timestamp": 1710835166.0782328, "task_uuid": "87047a35-dac3-40a8-87ac-4efed821062f", "action_type": "GRIDSEARCH_RESULTS", "task_level": [1]}
{"optimizer": "BOCA", "best_params": "{'max_depth': 5, 'max_features': 'sqrt', 'min_samples_leaf': 2, 'n_estimators': 100, 'n_jobs': -1}", "best_score": "-0.14018409755876735", "timestamp": 1710835166.0789163, "task_uuid": "87047a35-dac3-40a8-87ac-4efed821062f", "task_level": [2], "message_type": "INFO"}
{"action_status": "succeeded", "timestamp": 1710835166.0790143, "task_uuid": "87047a35-dac3-40a8-87ac-4efed821062f", "action_type": "GRIDSEARCH_RESULTS", "task_level": [3]}
{"action_status": "started", "timestamp": 1710835328.4871974, "task_uuid": "4b1da1a0-a598-4db6-9c38-43a5c5bc545f", "action_type": "GRIDSEARCH_RESULTS", "task_level": [1]}
{"optimizer": "BOCA", "best_params": "{'max_depth': 3, 'max_features': 'sqrt', 'min_samples_leaf': 2, 'n_estimators': 10, 'n_jobs': -1}", "best_score": "-0.149330649654161", "timestamp": 1710835328.4877934, "task_uuid": "4b1da1a0-a598-4db6-9c38-43a5c5bc545f", "task_level": [2], "message_type": "INFO"}
{"action_status": "succeeded", "timestamp": 1710835328.487889, "task_uuid": "4b1da1a0-a598-4db6-9c38-43a5c5bc545f", "action_type": "GRIDSEARCH_RESULTS", "task_level": [3]}
{"action_status": "started", "timestamp": 1710835490.5405633, "task_uuid": "67605b13-c8c5-46cd-b663-86fee06aa83d", "action_type": "GRIDSEARCH_RESULTS", "task_level": [1]}
{"optimizer": "BOCA", "best_params": "{'max_depth': 3, 'max_features': 'sqrt', 'min_samples_leaf': 2, 'n_estimators': 10, 'n_jobs': -1}", "best_score": "-0.2765157313730187", "timestamp": 1710835490.541238, "task_uuid": "67605b13-c8c5-46cd-b663-86fee06aa83d", "task_level": [2], "message_type": "INFO"}
{"action_status": "succeeded", "timestamp": 1710835490.541334, "task_uuid": "67605b13-c8c5-46cd-b663-86fee06aa83d", "action_type": "GRIDSEARCH_RESULTS", "task_level": [3]}
{"action_status": "started", "timestamp": 1710835653.00424, "task_uuid": "9df97ddf-b807-45d1-88a6-d14c7e01bb0f", "action_type": "GRIDSEARCH_RESULTS", "task_level": [1]}
{"optimizer": "BOCA", "best_params": "{'max_depth': 3, 'max_features': 'sqrt', 'min_samples_leaf': 3, 'n_estimators': 10, 'n_jobs': -1}", "best_score": "-0.2581421803321026", "timestamp": 1710835653.0053477, "task_uuid": "9df97ddf-b807-45d1-88a6-d14c7e01bb0f", "task_level": [2], "message_type": "INFO"}
{"action_status": "succeeded", "timestamp": 1710835653.0054743, "task_uuid": "9df97ddf-b807-45d1-88a6-d14c7e01bb0f", "action_type": "GRIDSEARCH_RESULTS", "task_level": [3]}
{"action_status": "started", "timestamp": 1710835817.1438525, "task_uuid": "ee0ce283-2f90-4cc7-b096-426a8596e960", "action_type": "GRIDSEARCH_RESULTS", "task_level": [1]}
{"optimizer": "BOCA", "best_params": "{'max_depth': 5, 'max_features': 'sqrt', 'min_samples_leaf': 3, 'n_estimators': 10, 'n_jobs': -1}", "best_score": "-0.30916802068712373", "timestamp": 1710835817.1448393, "task_uuid": "ee0ce283-2f90-4cc7-b096-426a8596e960", "task_level": [2], "message_type": "INFO"}
{"action_status": "succeeded", "timestamp": 1710835817.1449587, "task_uuid": "ee0ce283-2f90-4cc7-b096-426a8596e960", "action_type": "GRIDSEARCH_RESULTS", "task_level": [3]}
{"action_status": "started", "timestamp": 1710835992.710464, "task_uuid": "08c7549d-e365-4f07-841d-7423ad1c54f3", "action_type": "GRIDSEARCH_RESULTS", "task_level": [1]}
{"optimizer": "BOCA", "best_params": "{'max_depth': 3, 'max_features': 'sqrt', 'min_samples_leaf': 4, 'n_estimators': 100, 'n_jobs': -1}", "best_score": "-0.19198564603335122", "timestamp": 1710835992.7111795, "task_uuid": "08c7549d-e365-4f07-841d-7423ad1c54f3", "task_level": [2], "message_type": "INFO"}
{"action_status": "succeeded", "timestamp": 1710835992.7112792, "task_uuid": "08c7549d-e365-4f07-841d-7423ad1c54f3", "action_type": "GRIDSEARCH_RESULTS", "task_level": [3]}
{"action_status": "started", "timestamp": 1710836044.9462817, "task_uuid": "aab0f820-1c66-4a94-aec8-be8e572cf9c2", "action_type": "LOG_RESULTS", "task_level": [1]}
{"optimizer": "BOCA", "no": "0", "best_result": ["0|15|2|6|5|1|10|8|4|3|7|13|31|21|24|9|17|19|12|22|29|16|26|23|14|30|25|18|28|11|27|20", 0.11862649882452601], "run_allowance": 938, "iterations": 43, "timestamp": 1710836044.9466681, "task_uuid": "aab0f820-1c66-4a94-aec8-be8e572cf9c2", "task_level": [2], "message_type": "INFO"}
{"action_status": "succeeded", "timestamp": 1710836044.9467783, "task_uuid": "aab0f820-1c66-4a94-aec8-be8e572cf9c2", "action_type": "LOG_RESULTS", "task_level": [3]}
