{"test_path": "real/hidden", "test_desc": "PO-PAPER-RIO-RESULTS", "action_status": "started", "timestamp": 1707673908.9191134, "task_uuid": "66f168fd-1b54-4b6f-a280-e276524e3a62", "action_type": "OPTIMIZER_CREATION", "task_level": [1]}
{"action_status": "started", "timestamp": 1707673908.9196148, "task_uuid": "66f168fd-1b54-4b6f-a280-e276524e3a62", "action_type": "LOG_RESULTS", "task_level": [2, 1]}
{"action_status": "succeeded", "timestamp": 1707673908.924907, "task_uuid": "66f168fd-1b54-4b6f-a280-e276524e3a62", "action_type": "OPTIMIZER_CREATION", "task_level": [3]}
{"action_status": "started", "timestamp": 1707674493.0787218, "task_uuid": "71170ede-6c11-4315-b218-0d3931922f3f", "action_type": "LOG_RESULTS", "task_level": [1]}
{"optimizer": "RIO", "no": "0", "best_result": ["0|1|2|3|4|5|6|7|8|9|10|11|12|13|16|18|20|17|22|15|21|19|14", 0.127], "run_allowance": 2250, "iterations": 250, "timestamp": 1707674493.0790172, "task_uuid": "71170ede-6c11-4315-b218-0d3931922f3f", "task_level": [2], "message_type": "INFO"}
{"action_status": "succeeded", "timestamp": 1707674493.0790944, "task_uuid": "71170ede-6c11-4315-b218-0d3931922f3f", "action_type": "LOG_RESULTS", "task_level": [3]}
{"test_path": "real/hidden", "test_desc": "PO-PAPER-RIO-RESULTS", "action_status": "started", "timestamp": 1707692348.5607018, "task_uuid": "1de5f167-97fb-47a2-8e40-97d1a0f5c0de", "action_type": "OPTIMIZER_CREATION", "task_level": [1]}
{"action_status": "started", "timestamp": 1707692348.5611737, "task_uuid": "1de5f167-97fb-47a2-8e40-97d1a0f5c0de", "action_type": "LOG_RESULTS", "task_level": [2, 1]}
{"action_status": "succeeded", "timestamp": 1707692348.5665169, "task_uuid": "1de5f167-97fb-47a2-8e40-97d1a0f5c0de", "action_type": "OPTIMIZER_CREATION", "task_level": [3]}
{"test_path": "real/hidden", "test_desc": "PO-PAPER-RIO-RESULTS", "action_status": "started", "timestamp": 1707692348.5666952, "task_uuid": "dcaa327b-851d-4400-8a94-8c6c11c986d0", "action_type": "OPTIMIZER_CREATION", "task_level": [1]}
{"action_status": "started", "timestamp": 1707692348.5668914, "task_uuid": "dcaa327b-851d-4400-8a94-8c6c11c986d0", "action_type": "LOG_RESULTS", "task_level": [2, 1]}
{"action_status": "started", "timestamp": 1707692348.5668914, "task_uuid": "dcaa327b-851d-4400-8a94-8c6c11c986d0", "action_type": "LOG_RESULTS", "task_level": [2, 1]}
{"action_status": "succeeded", "timestamp": 1707692348.572185, "task_uuid": "dcaa327b-851d-4400-8a94-8c6c11c986d0", "action_type": "OPTIMIZER_CREATION", "task_level": [3]}
{"action_status": "succeeded", "timestamp": 1707692348.572185, "task_uuid": "dcaa327b-851d-4400-8a94-8c6c11c986d0", "action_type": "OPTIMIZER_CREATION", "task_level": [3]}
{"test_path": "real/hidden", "test_desc": "PO-PAPER-RIO-RESULTS", "action_status": "started", "timestamp": 1707692348.5723975, "task_uuid": "83e85cda-f663-4998-9c69-e01fea57f8fe", "action_type": "OPTIMIZER_CREATION", "task_level": [1]}
{"test_path": "real/hidden", "test_desc": "PO-PAPER-RIO-RESULTS", "action_status": "started", "timestamp": 1707692348.5723975, "task_uuid": "83e85cda-f663-4998-9c69-e01fea57f8fe", "action_type": "OPTIMIZER_CREATION", "task_level": [1]}
{"action_status": "started", "timestamp": 1707692348.5726178, "task_uuid": "83e85cda-f663-4998-9c69-e01fea57f8fe", "action_type": "LOG_RESULTS", "task_level": [2, 1]}
{"action_status": "started", "timestamp": 1707692348.5726178, "task_uuid": "83e85cda-f663-4998-9c69-e01fea57f8fe", "action_type": "LOG_RESULTS", "task_level": [2, 1]}
{"action_status": "started", "timestamp": 1707692348.5726178, "task_uuid": "83e85cda-f663-4998-9c69-e01fea57f8fe", "action_type": "LOG_RESULTS", "task_level": [2, 1]}
{"action_status": "succeeded", "timestamp": 1707692348.5779986, "task_uuid": "83e85cda-f663-4998-9c69-e01fea57f8fe", "action_type": "OPTIMIZER_CREATION", "task_level": [3]}
{"action_status": "succeeded", "timestamp": 1707692348.5779986, "task_uuid": "83e85cda-f663-4998-9c69-e01fea57f8fe", "action_type": "OPTIMIZER_CREATION", "task_level": [3]}
{"action_status": "succeeded", "timestamp": 1707692348.5779986, "task_uuid": "83e85cda-f663-4998-9c69-e01fea57f8fe", "action_type": "OPTIMIZER_CREATION", "task_level": [3]}
{"test_path": "real/hidden", "test_desc": "PO-PAPER-RIO-RESULTS", "action_status": "started", "timestamp": 1707692348.5782688, "task_uuid": "9dfa8731-7793-4b8c-a23b-82b89ca4a728", "action_type": "OPTIMIZER_CREATION", "task_level": [1]}
{"test_path": "real/hidden", "test_desc": "PO-PAPER-RIO-RESULTS", "action_status": "started", "timestamp": 1707692348.5782688, "task_uuid": "9dfa8731-7793-4b8c-a23b-82b89ca4a728", "action_type": "OPTIMIZER_CREATION", "task_level": [1]}
{"test_path": "real/hidden", "test_desc": "PO-PAPER-RIO-RESULTS", "action_status": "started", "timestamp": 1707692348.5782688, "task_uuid": "9dfa8731-7793-4b8c-a23b-82b89ca4a728", "action_type": "OPTIMIZER_CREATION", "task_level": [1]}
{"action_status": "started", "timestamp": 1707692348.5785205, "task_uuid": "9dfa8731-7793-4b8c-a23b-82b89ca4a728", "action_type": "LOG_RESULTS", "task_level": [2, 1]}
{"action_status": "started", "timestamp": 1707692348.5785205, "task_uuid": "9dfa8731-7793-4b8c-a23b-82b89ca4a728", "action_type": "LOG_RESULTS", "task_level": [2, 1]}
{"action_status": "started", "timestamp": 1707692348.5785205, "task_uuid": "9dfa8731-7793-4b8c-a23b-82b89ca4a728", "action_type": "LOG_RESULTS", "task_level": [2, 1]}
{"action_status": "started", "timestamp": 1707692348.5785205, "task_uuid": "9dfa8731-7793-4b8c-a23b-82b89ca4a728", "action_type": "LOG_RESULTS", "task_level": [2, 1]}
{"action_status": "succeeded", "timestamp": 1707692348.5839393, "task_uuid": "9dfa8731-7793-4b8c-a23b-82b89ca4a728", "action_type": "OPTIMIZER_CREATION", "task_level": [3]}
{"action_status": "succeeded", "timestamp": 1707692348.5839393, "task_uuid": "9dfa8731-7793-4b8c-a23b-82b89ca4a728", "action_type": "OPTIMIZER_CREATION", "task_level": [3]}
{"action_status": "succeeded", "timestamp": 1707692348.5839393, "task_uuid": "9dfa8731-7793-4b8c-a23b-82b89ca4a728", "action_type": "OPTIMIZER_CREATION", "task_level": [3]}
{"action_status": "succeeded", "timestamp": 1707692348.5839393, "task_uuid": "9dfa8731-7793-4b8c-a23b-82b89ca4a728", "action_type": "OPTIMIZER_CREATION", "task_level": [3]}
{"action_status": "started", "timestamp": 1707692939.9067397, "task_uuid": "0639c7cc-6dab-43a4-8ce3-272b2f5b0f07", "action_type": "LOG_RESULTS", "task_level": [1]}
{"action_status": "started", "timestamp": 1707692939.9067397, "task_uuid": "0639c7cc-6dab-43a4-8ce3-272b2f5b0f07", "action_type": "LOG_RESULTS", "task_level": [1]}
{"action_status": "started", "timestamp": 1707692939.9067397, "task_uuid": "0639c7cc-6dab-43a4-8ce3-272b2f5b0f07", "action_type": "LOG_RESULTS", "task_level": [1]}
{"action_status": "started", "timestamp": 1707692939.9067397, "task_uuid": "0639c7cc-6dab-43a4-8ce3-272b2f5b0f07", "action_type": "LOG_RESULTS", "task_level": [1]}
{"optimizer": "RIO", "no": "0", "best_result": ["0|1|2|3|4|5|6|7|8|9|10|11|12|13|17|20|22|19|18|14|15|21|16", 0.129], "run_allowance": 750, "iterations": 250, "timestamp": 1707692939.9071774, "task_uuid": "0639c7cc-6dab-43a4-8ce3-272b2f5b0f07", "task_level": [2], "message_type": "INFO"}
{"optimizer": "RIO", "no": "0", "best_result": ["0|1|2|3|4|5|6|7|8|9|10|11|12|13|17|20|22|19|18|14|15|21|16", 0.129], "run_allowance": 750, "iterations": 250, "timestamp": 1707692939.9071774, "task_uuid": "0639c7cc-6dab-43a4-8ce3-272b2f5b0f07", "task_level": [2], "message_type": "INFO"}
{"optimizer": "RIO", "no": "0", "best_result": ["0|1|2|3|4|5|6|7|8|9|10|11|12|13|17|20|22|19|18|14|15|21|16", 0.129], "run_allowance": 750, "iterations": 250, "timestamp": 1707692939.9071774, "task_uuid": "0639c7cc-6dab-43a4-8ce3-272b2f5b0f07", "task_level": [2], "message_type": "INFO"}
{"optimizer": "RIO", "no": "0", "best_result": ["0|1|2|3|4|5|6|7|8|9|10|11|12|13|17|20|22|19|18|14|15|21|16", 0.129], "run_allowance": 750, "iterations": 250, "timestamp": 1707692939.9071774, "task_uuid": "0639c7cc-6dab-43a4-8ce3-272b2f5b0f07", "task_level": [2], "message_type": "INFO"}
{"action_status": "succeeded", "timestamp": 1707692939.9073715, "task_uuid": "0639c7cc-6dab-43a4-8ce3-272b2f5b0f07", "action_type": "LOG_RESULTS", "task_level": [3]}
{"action_status": "succeeded", "timestamp": 1707692939.9073715, "task_uuid": "0639c7cc-6dab-43a4-8ce3-272b2f5b0f07", "action_type": "LOG_RESULTS", "task_level": [3]}
{"action_status": "succeeded", "timestamp": 1707692939.9073715, "task_uuid": "0639c7cc-6dab-43a4-8ce3-272b2f5b0f07", "action_type": "LOG_RESULTS", "task_level": [3]}
{"action_status": "succeeded", "timestamp": 1707692939.9073715, "task_uuid": "0639c7cc-6dab-43a4-8ce3-272b2f5b0f07", "action_type": "LOG_RESULTS", "task_level": [3]}
{"action_status": "started", "timestamp": 1707693409.6844625, "task_uuid": "a5af1327-9d2c-45c6-97ca-7d5ed971f707", "action_type": "LOG_RESULTS", "task_level": [1]}
{"action_status": "started", "timestamp": 1707693409.6844625, "task_uuid": "a5af1327-9d2c-45c6-97ca-7d5ed971f707", "action_type": "LOG_RESULTS", "task_level": [1]}
{"action_status": "started", "timestamp": 1707693409.6844625, "task_uuid": "a5af1327-9d2c-45c6-97ca-7d5ed971f707", "action_type": "LOG_RESULTS", "task_level": [1]}
{"action_status": "started", "timestamp": 1707693409.6844625, "task_uuid": "a5af1327-9d2c-45c6-97ca-7d5ed971f707", "action_type": "LOG_RESULTS", "task_level": [1]}
{"optimizer": "RIO", "no": "1", "best_result": ["0|1|2|3|4|5|6|7|8|9|10|11|12|13|17|15|19|18|14|22|16|21|20", 0.131], "run_allowance": 750, "iterations": 250, "timestamp": 1707693409.684908, "task_uuid": "a5af1327-9d2c-45c6-97ca-7d5ed971f707", "task_level": [2], "message_type": "INFO"}
{"optimizer": "RIO", "no": "1", "best_result": ["0|1|2|3|4|5|6|7|8|9|10|11|12|13|17|15|19|18|14|22|16|21|20", 0.131], "run_allowance": 750, "iterations": 250, "timestamp": 1707693409.684908, "task_uuid": "a5af1327-9d2c-45c6-97ca-7d5ed971f707", "task_level": [2], "message_type": "INFO"}
{"optimizer": "RIO", "no": "1", "best_result": ["0|1|2|3|4|5|6|7|8|9|10|11|12|13|17|15|19|18|14|22|16|21|20", 0.131], "run_allowance": 750, "iterations": 250, "timestamp": 1707693409.684908, "task_uuid": "a5af1327-9d2c-45c6-97ca-7d5ed971f707", "task_level": [2], "message_type": "INFO"}
{"optimizer": "RIO", "no": "1", "best_result": ["0|1|2|3|4|5|6|7|8|9|10|11|12|13|17|15|19|18|14|22|16|21|20", 0.131], "run_allowance": 750, "iterations": 250, "timestamp": 1707693409.684908, "task_uuid": "a5af1327-9d2c-45c6-97ca-7d5ed971f707", "task_level": [2], "message_type": "INFO"}
{"action_status": "succeeded", "timestamp": 1707693409.6850824, "task_uuid": "a5af1327-9d2c-45c6-97ca-7d5ed971f707", "action_type": "LOG_RESULTS", "task_level": [3]}
{"action_status": "succeeded", "timestamp": 1707693409.6850824, "task_uuid": "a5af1327-9d2c-45c6-97ca-7d5ed971f707", "action_type": "LOG_RESULTS", "task_level": [3]}
{"action_status": "succeeded", "timestamp": 1707693409.6850824, "task_uuid": "a5af1327-9d2c-45c6-97ca-7d5ed971f707", "action_type": "LOG_RESULTS", "task_level": [3]}
{"action_status": "succeeded", "timestamp": 1707693409.6850824, "task_uuid": "a5af1327-9d2c-45c6-97ca-7d5ed971f707", "action_type": "LOG_RESULTS", "task_level": [3]}
{"action_status": "started", "timestamp": 1707693879.196139, "task_uuid": "f94e329d-f2f0-45a1-8045-0938b4a0a764", "action_type": "LOG_RESULTS", "task_level": [1]}
{"action_status": "started", "timestamp": 1707693879.196139, "task_uuid": "f94e329d-f2f0-45a1-8045-0938b4a0a764", "action_type": "LOG_RESULTS", "task_level": [1]}
{"action_status": "started", "timestamp": 1707693879.196139, "task_uuid": "f94e329d-f2f0-45a1-8045-0938b4a0a764", "action_type": "LOG_RESULTS", "task_level": [1]}
{"action_status": "started", "timestamp": 1707693879.196139, "task_uuid": "f94e329d-f2f0-45a1-8045-0938b4a0a764", "action_type": "LOG_RESULTS", "task_level": [1]}
{"optimizer": "RIO", "no": "2", "best_result": ["0|1|2|3|4|5|6|7|8|9|10|11|12|13|22|15|21|19|18|14|17|20|16", 0.13], "run_allowance": 750, "iterations": 250, "timestamp": 1707693879.1966152, "task_uuid": "f94e329d-f2f0-45a1-8045-0938b4a0a764", "task_level": [2], "message_type": "INFO"}
{"optimizer": "RIO", "no": "2", "best_result": ["0|1|2|3|4|5|6|7|8|9|10|11|12|13|22|15|21|19|18|14|17|20|16", 0.13], "run_allowance": 750, "iterations": 250, "timestamp": 1707693879.1966152, "task_uuid": "f94e329d-f2f0-45a1-8045-0938b4a0a764", "task_level": [2], "message_type": "INFO"}
{"optimizer": "RIO", "no": "2", "best_result": ["0|1|2|3|4|5|6|7|8|9|10|11|12|13|22|15|21|19|18|14|17|20|16", 0.13], "run_allowance": 750, "iterations": 250, "timestamp": 1707693879.1966152, "task_uuid": "f94e329d-f2f0-45a1-8045-0938b4a0a764", "task_level": [2], "message_type": "INFO"}
{"optimizer": "RIO", "no": "2", "best_result": ["0|1|2|3|4|5|6|7|8|9|10|11|12|13|22|15|21|19|18|14|17|20|16", 0.13], "run_allowance": 750, "iterations": 250, "timestamp": 1707693879.1966152, "task_uuid": "f94e329d-f2f0-45a1-8045-0938b4a0a764", "task_level": [2], "message_type": "INFO"}
{"action_status": "succeeded", "timestamp": 1707693879.196813, "task_uuid": "f94e329d-f2f0-45a1-8045-0938b4a0a764", "action_type": "LOG_RESULTS", "task_level": [3]}
{"action_status": "succeeded", "timestamp": 1707693879.196813, "task_uuid": "f94e329d-f2f0-45a1-8045-0938b4a0a764", "action_type": "LOG_RESULTS", "task_level": [3]}
{"action_status": "succeeded", "timestamp": 1707693879.196813, "task_uuid": "f94e329d-f2f0-45a1-8045-0938b4a0a764", "action_type": "LOG_RESULTS", "task_level": [3]}
{"action_status": "succeeded", "timestamp": 1707693879.196813, "task_uuid": "f94e329d-f2f0-45a1-8045-0938b4a0a764", "action_type": "LOG_RESULTS", "task_level": [3]}
{"action_status": "started", "timestamp": 1707694349.1887758, "task_uuid": "26860163-d89c-44fb-b772-9af1fa617f0a", "action_type": "LOG_RESULTS", "task_level": [1]}
{"action_status": "started", "timestamp": 1707694349.1887758, "task_uuid": "26860163-d89c-44fb-b772-9af1fa617f0a", "action_type": "LOG_RESULTS", "task_level": [1]}
{"action_status": "started", "timestamp": 1707694349.1887758, "task_uuid": "26860163-d89c-44fb-b772-9af1fa617f0a", "action_type": "LOG_RESULTS", "task_level": [1]}
{"action_status": "started", "timestamp": 1707694349.1887758, "task_uuid": "26860163-d89c-44fb-b772-9af1fa617f0a", "action_type": "LOG_RESULTS", "task_level": [1]}
{"optimizer": "RIO", "no": "3", "best_result": ["0|1|2|3|4|5|6|7|8|9|10|11|12|13|15|17|22|19|18|20|16|14|21", 0.133], "run_allowance": 750, "iterations": 250, "timestamp": 1707694349.1892223, "task_uuid": "26860163-d89c-44fb-b772-9af1fa617f0a", "task_level": [2], "message_type": "INFO"}
{"optimizer": "RIO", "no": "3", "best_result": ["0|1|2|3|4|5|6|7|8|9|10|11|12|13|15|17|22|19|18|20|16|14|21", 0.133], "run_allowance": 750, "iterations": 250, "timestamp": 1707694349.1892223, "task_uuid": "26860163-d89c-44fb-b772-9af1fa617f0a", "task_level": [2], "message_type": "INFO"}
{"optimizer": "RIO", "no": "3", "best_result": ["0|1|2|3|4|5|6|7|8|9|10|11|12|13|15|17|22|19|18|20|16|14|21", 0.133], "run_allowance": 750, "iterations": 250, "timestamp": 1707694349.1892223, "task_uuid": "26860163-d89c-44fb-b772-9af1fa617f0a", "task_level": [2], "message_type": "INFO"}
{"optimizer": "RIO", "no": "3", "best_result": ["0|1|2|3|4|5|6|7|8|9|10|11|12|13|15|17|22|19|18|20|16|14|21", 0.133], "run_allowance": 750, "iterations": 250, "timestamp": 1707694349.1892223, "task_uuid": "26860163-d89c-44fb-b772-9af1fa617f0a", "task_level": [2], "message_type": "INFO"}
{"action_status": "succeeded", "timestamp": 1707694349.1893868, "task_uuid": "26860163-d89c-44fb-b772-9af1fa617f0a", "action_type": "LOG_RESULTS", "task_level": [3]}
{"action_status": "succeeded", "timestamp": 1707694349.1893868, "task_uuid": "26860163-d89c-44fb-b772-9af1fa617f0a", "action_type": "LOG_RESULTS", "task_level": [3]}
{"action_status": "succeeded", "timestamp": 1707694349.1893868, "task_uuid": "26860163-d89c-44fb-b772-9af1fa617f0a", "action_type": "LOG_RESULTS", "task_level": [3]}
{"action_status": "succeeded", "timestamp": 1707694349.1893868, "task_uuid": "26860163-d89c-44fb-b772-9af1fa617f0a", "action_type": "LOG_RESULTS", "task_level": [3]}
