{"test_path": "real/hidden", "test_desc": "PO-CPROFILE-RIO", "action_status": "started", "timestamp": 1708208167.260606, "task_uuid": "08b6673e-629b-43ab-ac37-079e97a90ae0", "action_type": "OPTIMIZER_CREATION", "task_level": [1]}
{"action_status": "started", "timestamp": 1708208167.2611234, "task_uuid": "08b6673e-629b-43ab-ac37-079e97a90ae0", "action_type": "LOG_RESULTS", "task_level": [2, 1]}
{"action_status": "succeeded", "timestamp": 1708208167.2686565, "task_uuid": "08b6673e-629b-43ab-ac37-079e97a90ae0", "action_type": "OPTIMIZER_CREATION", "task_level": [3]}
{"test_path": "real/hidden", "test_desc": "PO-CPROFILE-RIO", "action_status": "started", "timestamp": 1708208167.2689233, "task_uuid": "21a23f07-d577-4429-a4e4-1b51421c445f", "action_type": "OPTIMIZER_CREATION", "task_level": [1]}
{"action_status": "started", "timestamp": 1708208167.2691376, "task_uuid": "21a23f07-d577-4429-a4e4-1b51421c445f", "action_type": "LOG_RESULTS", "task_level": [2, 1]}
{"action_status": "started", "timestamp": 1708208167.2691376, "task_uuid": "21a23f07-d577-4429-a4e4-1b51421c445f", "action_type": "LOG_RESULTS", "task_level": [2, 1]}
{"action_status": "succeeded", "timestamp": 1708208167.2766573, "task_uuid": "21a23f07-d577-4429-a4e4-1b51421c445f", "action_type": "OPTIMIZER_CREATION", "task_level": [3]}
{"action_status": "succeeded", "timestamp": 1708208167.2766573, "task_uuid": "21a23f07-d577-4429-a4e4-1b51421c445f", "action_type": "OPTIMIZER_CREATION", "task_level": [3]}
{"test_path": "real/hidden", "test_desc": "PO-CPROFILE-RIO", "action_status": "started", "timestamp": 1708208167.2768636, "task_uuid": "5974bb2e-9e35-4036-84e3-f07f1aca9f09", "action_type": "OPTIMIZER_CREATION", "task_level": [1]}
{"test_path": "real/hidden", "test_desc": "PO-CPROFILE-RIO", "action_status": "started", "timestamp": 1708208167.2768636, "task_uuid": "5974bb2e-9e35-4036-84e3-f07f1aca9f09", "action_type": "OPTIMIZER_CREATION", "task_level": [1]}
{"action_status": "started", "timestamp": 1708208167.2771225, "task_uuid": "5974bb2e-9e35-4036-84e3-f07f1aca9f09", "action_type": "LOG_RESULTS", "task_level": [2, 1]}
{"action_status": "started", "timestamp": 1708208167.2771225, "task_uuid": "5974bb2e-9e35-4036-84e3-f07f1aca9f09", "action_type": "LOG_RESULTS", "task_level": [2, 1]}
{"action_status": "started", "timestamp": 1708208167.2771225, "task_uuid": "5974bb2e-9e35-4036-84e3-f07f1aca9f09", "action_type": "LOG_RESULTS", "task_level": [2, 1]}
{"action_status": "succeeded", "timestamp": 1708208167.2847142, "task_uuid": "5974bb2e-9e35-4036-84e3-f07f1aca9f09", "action_type": "OPTIMIZER_CREATION", "task_level": [3]}
{"action_status": "succeeded", "timestamp": 1708208167.2847142, "task_uuid": "5974bb2e-9e35-4036-84e3-f07f1aca9f09", "action_type": "OPTIMIZER_CREATION", "task_level": [3]}
{"action_status": "succeeded", "timestamp": 1708208167.2847142, "task_uuid": "5974bb2e-9e35-4036-84e3-f07f1aca9f09", "action_type": "OPTIMIZER_CREATION", "task_level": [3]}
{"test_path": "real/hidden", "test_desc": "PO-CPROFILE-RIO", "action_status": "started", "timestamp": 1708208167.2850006, "task_uuid": "d1878ee2-091a-463a-ad90-52b1a80c3aef", "action_type": "OPTIMIZER_CREATION", "task_level": [1]}
{"test_path": "real/hidden", "test_desc": "PO-CPROFILE-RIO", "action_status": "started", "timestamp": 1708208167.2850006, "task_uuid": "d1878ee2-091a-463a-ad90-52b1a80c3aef", "action_type": "OPTIMIZER_CREATION", "task_level": [1]}
{"test_path": "real/hidden", "test_desc": "PO-CPROFILE-RIO", "action_status": "started", "timestamp": 1708208167.2850006, "task_uuid": "d1878ee2-091a-463a-ad90-52b1a80c3aef", "action_type": "OPTIMIZER_CREATION", "task_level": [1]}
{"action_status": "started", "timestamp": 1708208167.285291, "task_uuid": "d1878ee2-091a-463a-ad90-52b1a80c3aef", "action_type": "LOG_RESULTS", "task_level": [2, 1]}
{"action_status": "started", "timestamp": 1708208167.285291, "task_uuid": "d1878ee2-091a-463a-ad90-52b1a80c3aef", "action_type": "LOG_RESULTS", "task_level": [2, 1]}
{"action_status": "started", "timestamp": 1708208167.285291, "task_uuid": "d1878ee2-091a-463a-ad90-52b1a80c3aef", "action_type": "LOG_RESULTS", "task_level": [2, 1]}
{"action_status": "started", "timestamp": 1708208167.285291, "task_uuid": "d1878ee2-091a-463a-ad90-52b1a80c3aef", "action_type": "LOG_RESULTS", "task_level": [2, 1]}
{"action_status": "succeeded", "timestamp": 1708208167.2930005, "task_uuid": "d1878ee2-091a-463a-ad90-52b1a80c3aef", "action_type": "OPTIMIZER_CREATION", "task_level": [3]}
{"action_status": "succeeded", "timestamp": 1708208167.2930005, "task_uuid": "d1878ee2-091a-463a-ad90-52b1a80c3aef", "action_type": "OPTIMIZER_CREATION", "task_level": [3]}
{"action_status": "succeeded", "timestamp": 1708208167.2930005, "task_uuid": "d1878ee2-091a-463a-ad90-52b1a80c3aef", "action_type": "OPTIMIZER_CREATION", "task_level": [3]}
{"action_status": "succeeded", "timestamp": 1708208167.2930005, "task_uuid": "d1878ee2-091a-463a-ad90-52b1a80c3aef", "action_type": "OPTIMIZER_CREATION", "task_level": [3]}
{"action_status": "started", "timestamp": 1708208759.6617625, "task_uuid": "4228604e-f5c0-4189-8351-fd3a5d8e26ed", "action_type": "LOG_RESULTS", "task_level": [1]}
{"action_status": "started", "timestamp": 1708208759.6617625, "task_uuid": "4228604e-f5c0-4189-8351-fd3a5d8e26ed", "action_type": "LOG_RESULTS", "task_level": [1]}
{"action_status": "started", "timestamp": 1708208759.6617625, "task_uuid": "4228604e-f5c0-4189-8351-fd3a5d8e26ed", "action_type": "LOG_RESULTS", "task_level": [1]}
{"action_status": "started", "timestamp": 1708208759.6617625, "task_uuid": "4228604e-f5c0-4189-8351-fd3a5d8e26ed", "action_type": "LOG_RESULTS", "task_level": [1]}
{"optimizer": "RIO", "no": "0", "best_result": ["0|1|2|3|4|5|6|7|8|9|10|11|12|19|20|18|17|24|22|25|16|21|13|14|15|23", 0.13], "run_allowance": 750, "iterations": 250, "timestamp": 1708208759.66211, "task_uuid": "4228604e-f5c0-4189-8351-fd3a5d8e26ed", "task_level": [2], "message_type": "INFO"}
{"optimizer": "RIO", "no": "0", "best_result": ["0|1|2|3|4|5|6|7|8|9|10|11|12|19|20|18|17|24|22|25|16|21|13|14|15|23", 0.13], "run_allowance": 750, "iterations": 250, "timestamp": 1708208759.66211, "task_uuid": "4228604e-f5c0-4189-8351-fd3a5d8e26ed", "task_level": [2], "message_type": "INFO"}
{"optimizer": "RIO", "no": "0", "best_result": ["0|1|2|3|4|5|6|7|8|9|10|11|12|19|20|18|17|24|22|25|16|21|13|14|15|23", 0.13], "run_allowance": 750, "iterations": 250, "timestamp": 1708208759.66211, "task_uuid": "4228604e-f5c0-4189-8351-fd3a5d8e26ed", "task_level": [2], "message_type": "INFO"}
{"optimizer": "RIO", "no": "0", "best_result": ["0|1|2|3|4|5|6|7|8|9|10|11|12|19|20|18|17|24|22|25|16|21|13|14|15|23", 0.13], "run_allowance": 750, "iterations": 250, "timestamp": 1708208759.66211, "task_uuid": "4228604e-f5c0-4189-8351-fd3a5d8e26ed", "task_level": [2], "message_type": "INFO"}
{"action_status": "succeeded", "timestamp": 1708208759.6622608, "task_uuid": "4228604e-f5c0-4189-8351-fd3a5d8e26ed", "action_type": "LOG_RESULTS", "task_level": [3]}
{"action_status": "succeeded", "timestamp": 1708208759.6622608, "task_uuid": "4228604e-f5c0-4189-8351-fd3a5d8e26ed", "action_type": "LOG_RESULTS", "task_level": [3]}
{"action_status": "succeeded", "timestamp": 1708208759.6622608, "task_uuid": "4228604e-f5c0-4189-8351-fd3a5d8e26ed", "action_type": "LOG_RESULTS", "task_level": [3]}
{"action_status": "succeeded", "timestamp": 1708208759.6622608, "task_uuid": "4228604e-f5c0-4189-8351-fd3a5d8e26ed", "action_type": "LOG_RESULTS", "task_level": [3]}
{"action_status": "started", "timestamp": 1708209230.405104, "task_uuid": "052ad8a2-ebe6-4461-9406-5b1e51eaa685", "action_type": "LOG_RESULTS", "task_level": [1]}
{"action_status": "started", "timestamp": 1708209230.405104, "task_uuid": "052ad8a2-ebe6-4461-9406-5b1e51eaa685", "action_type": "LOG_RESULTS", "task_level": [1]}
{"action_status": "started", "timestamp": 1708209230.405104, "task_uuid": "052ad8a2-ebe6-4461-9406-5b1e51eaa685", "action_type": "LOG_RESULTS", "task_level": [1]}
{"action_status": "started", "timestamp": 1708209230.405104, "task_uuid": "052ad8a2-ebe6-4461-9406-5b1e51eaa685", "action_type": "LOG_RESULTS", "task_level": [1]}
{"optimizer": "RIO", "no": "1", "best_result": ["0|1|2|3|4|5|6|7|8|9|10|11|12|20|18|14|23|24|16|21|22|25|19|17|15|13", 0.13], "run_allowance": 750, "iterations": 250, "timestamp": 1708209230.4055245, "task_uuid": "052ad8a2-ebe6-4461-9406-5b1e51eaa685", "task_level": [2], "message_type": "INFO"}
{"optimizer": "RIO", "no": "1", "best_result": ["0|1|2|3|4|5|6|7|8|9|10|11|12|20|18|14|23|24|16|21|22|25|19|17|15|13", 0.13], "run_allowance": 750, "iterations": 250, "timestamp": 1708209230.4055245, "task_uuid": "052ad8a2-ebe6-4461-9406-5b1e51eaa685", "task_level": [2], "message_type": "INFO"}
{"optimizer": "RIO", "no": "1", "best_result": ["0|1|2|3|4|5|6|7|8|9|10|11|12|20|18|14|23|24|16|21|22|25|19|17|15|13", 0.13], "run_allowance": 750, "iterations": 250, "timestamp": 1708209230.4055245, "task_uuid": "052ad8a2-ebe6-4461-9406-5b1e51eaa685", "task_level": [2], "message_type": "INFO"}
{"optimizer": "RIO", "no": "1", "best_result": ["0|1|2|3|4|5|6|7|8|9|10|11|12|20|18|14|23|24|16|21|22|25|19|17|15|13", 0.13], "run_allowance": 750, "iterations": 250, "timestamp": 1708209230.4055245, "task_uuid": "052ad8a2-ebe6-4461-9406-5b1e51eaa685", "task_level": [2], "message_type": "INFO"}
{"action_status": "succeeded", "timestamp": 1708209230.4057033, "task_uuid": "052ad8a2-ebe6-4461-9406-5b1e51eaa685", "action_type": "LOG_RESULTS", "task_level": [3]}
{"action_status": "succeeded", "timestamp": 1708209230.4057033, "task_uuid": "052ad8a2-ebe6-4461-9406-5b1e51eaa685", "action_type": "LOG_RESULTS", "task_level": [3]}
{"action_status": "succeeded", "timestamp": 1708209230.4057033, "task_uuid": "052ad8a2-ebe6-4461-9406-5b1e51eaa685", "action_type": "LOG_RESULTS", "task_level": [3]}
{"action_status": "succeeded", "timestamp": 1708209230.4057033, "task_uuid": "052ad8a2-ebe6-4461-9406-5b1e51eaa685", "action_type": "LOG_RESULTS", "task_level": [3]}
{"action_status": "started", "timestamp": 1708209701.7058442, "task_uuid": "7b1c8bd4-e158-4b22-a932-d1ced9064c37", "action_type": "LOG_RESULTS", "task_level": [1]}
{"action_status": "started", "timestamp": 1708209701.7058442, "task_uuid": "7b1c8bd4-e158-4b22-a932-d1ced9064c37", "action_type": "LOG_RESULTS", "task_level": [1]}
{"action_status": "started", "timestamp": 1708209701.7058442, "task_uuid": "7b1c8bd4-e158-4b22-a932-d1ced9064c37", "action_type": "LOG_RESULTS", "task_level": [1]}
{"action_status": "started", "timestamp": 1708209701.7058442, "task_uuid": "7b1c8bd4-e158-4b22-a932-d1ced9064c37", "action_type": "LOG_RESULTS", "task_level": [1]}
{"optimizer": "RIO", "no": "2", "best_result": ["0|1|2|3|4|5|6|7|8|9|10|11|12|21|25|16|18|20|13|14|17|24|19|15|22|23", 0.129], "run_allowance": 750, "iterations": 250, "timestamp": 1708209701.706243, "task_uuid": "7b1c8bd4-e158-4b22-a932-d1ced9064c37", "task_level": [2], "message_type": "INFO"}
{"optimizer": "RIO", "no": "2", "best_result": ["0|1|2|3|4|5|6|7|8|9|10|11|12|21|25|16|18|20|13|14|17|24|19|15|22|23", 0.129], "run_allowance": 750, "iterations": 250, "timestamp": 1708209701.706243, "task_uuid": "7b1c8bd4-e158-4b22-a932-d1ced9064c37", "task_level": [2], "message_type": "INFO"}
{"optimizer": "RIO", "no": "2", "best_result": ["0|1|2|3|4|5|6|7|8|9|10|11|12|21|25|16|18|20|13|14|17|24|19|15|22|23", 0.129], "run_allowance": 750, "iterations": 250, "timestamp": 1708209701.706243, "task_uuid": "7b1c8bd4-e158-4b22-a932-d1ced9064c37", "task_level": [2], "message_type": "INFO"}
{"optimizer": "RIO", "no": "2", "best_result": ["0|1|2|3|4|5|6|7|8|9|10|11|12|21|25|16|18|20|13|14|17|24|19|15|22|23", 0.129], "run_allowance": 750, "iterations": 250, "timestamp": 1708209701.706243, "task_uuid": "7b1c8bd4-e158-4b22-a932-d1ced9064c37", "task_level": [2], "message_type": "INFO"}
{"action_status": "succeeded", "timestamp": 1708209701.706407, "task_uuid": "7b1c8bd4-e158-4b22-a932-d1ced9064c37", "action_type": "LOG_RESULTS", "task_level": [3]}
{"action_status": "succeeded", "timestamp": 1708209701.706407, "task_uuid": "7b1c8bd4-e158-4b22-a932-d1ced9064c37", "action_type": "LOG_RESULTS", "task_level": [3]}
{"action_status": "succeeded", "timestamp": 1708209701.706407, "task_uuid": "7b1c8bd4-e158-4b22-a932-d1ced9064c37", "action_type": "LOG_RESULTS", "task_level": [3]}
{"action_status": "succeeded", "timestamp": 1708209701.706407, "task_uuid": "7b1c8bd4-e158-4b22-a932-d1ced9064c37", "action_type": "LOG_RESULTS", "task_level": [3]}
{"action_status": "started", "timestamp": 1708210172.82745, "task_uuid": "05f68f41-9dee-4424-910f-2329619ed623", "action_type": "LOG_RESULTS", "task_level": [1]}
{"action_status": "started", "timestamp": 1708210172.82745, "task_uuid": "05f68f41-9dee-4424-910f-2329619ed623", "action_type": "LOG_RESULTS", "task_level": [1]}
{"action_status": "started", "timestamp": 1708210172.82745, "task_uuid": "05f68f41-9dee-4424-910f-2329619ed623", "action_type": "LOG_RESULTS", "task_level": [1]}
{"action_status": "started", "timestamp": 1708210172.82745, "task_uuid": "05f68f41-9dee-4424-910f-2329619ed623", "action_type": "LOG_RESULTS", "task_level": [1]}
{"optimizer": "RIO", "no": "3", "best_result": ["0|1|2|3|4|5|6|7|8|9|10|11|12|24|15|18|25|19|21|14|13|22|17|23|16|20", 0.13], "run_allowance": 750, "iterations": 250, "timestamp": 1708210172.8278677, "task_uuid": "05f68f41-9dee-4424-910f-2329619ed623", "task_level": [2], "message_type": "INFO"}
{"optimizer": "RIO", "no": "3", "best_result": ["0|1|2|3|4|5|6|7|8|9|10|11|12|24|15|18|25|19|21|14|13|22|17|23|16|20", 0.13], "run_allowance": 750, "iterations": 250, "timestamp": 1708210172.8278677, "task_uuid": "05f68f41-9dee-4424-910f-2329619ed623", "task_level": [2], "message_type": "INFO"}
{"optimizer": "RIO", "no": "3", "best_result": ["0|1|2|3|4|5|6|7|8|9|10|11|12|24|15|18|25|19|21|14|13|22|17|23|16|20", 0.13], "run_allowance": 750, "iterations": 250, "timestamp": 1708210172.8278677, "task_uuid": "05f68f41-9dee-4424-910f-2329619ed623", "task_level": [2], "message_type": "INFO"}
{"optimizer": "RIO", "no": "3", "best_result": ["0|1|2|3|4|5|6|7|8|9|10|11|12|24|15|18|25|19|21|14|13|22|17|23|16|20", 0.13], "run_allowance": 750, "iterations": 250, "timestamp": 1708210172.8278677, "task_uuid": "05f68f41-9dee-4424-910f-2329619ed623", "task_level": [2], "message_type": "INFO"}
{"action_status": "succeeded", "timestamp": 1708210172.8280327, "task_uuid": "05f68f41-9dee-4424-910f-2329619ed623", "action_type": "LOG_RESULTS", "task_level": [3]}
{"action_status": "succeeded", "timestamp": 1708210172.8280327, "task_uuid": "05f68f41-9dee-4424-910f-2329619ed623", "action_type": "LOG_RESULTS", "task_level": [3]}
{"action_status": "succeeded", "timestamp": 1708210172.8280327, "task_uuid": "05f68f41-9dee-4424-910f-2329619ed623", "action_type": "LOG_RESULTS", "task_level": [3]}
{"action_status": "succeeded", "timestamp": 1708210172.8280327, "task_uuid": "05f68f41-9dee-4424-910f-2329619ed623", "action_type": "LOG_RESULTS", "task_level": [3]}
