{"test_path": "real/hidden", "test_desc": "Norm_DataCollect", "action_status": "started", "timestamp": 1699009116.1445112, "task_uuid": "f6c4dfde-6011-48c2-a2bf-5ee13c87065c", "action_type": "OPTIMIZER_CREATION", "task_level": [1]}
{"action_status": "started", "timestamp": 1699009116.1451695, "task_uuid": "f6c4dfde-6011-48c2-a2bf-5ee13c87065c", "action_type": "LOG_RESULTS", "task_level": [2, 1]}
{"action_status": "succeeded", "timestamp": 1699009116.1486502, "task_uuid": "f6c4dfde-6011-48c2-a2bf-5ee13c87065c", "action_type": "OPTIMIZER_CREATION", "task_level": [3]}
{"action_status": "started", "timestamp": 1699018700.7081187, "task_uuid": "86410cce-5b6b-4a9b-8796-9d31e8642ec0", "action_type": "ERROR_CANDIDATE", "task_level": [1]}
{"optimizer": "BOCA", "message": "No unique candidate found.", "iteration": 194, "all_candidates": [], "timestamp": 1699018700.7083626, "task_uuid": "86410cce-5b6b-4a9b-8796-9d31e8642ec0", "task_level": [2], "message_type": "ERROR"}
{"action_status": "succeeded", "timestamp": 1699018700.708429, "task_uuid": "86410cce-5b6b-4a9b-8796-9d31e8642ec0", "action_type": "ERROR_CANDIDATE", "task_level": [3]}
{"action_status": "started", "timestamp": 1699018704.2046406, "task_uuid": "df9fefe9-d938-4fe4-bd4c-bcaee186d867", "action_type": "ERROR_CANDIDATE", "task_level": [1]}
{"optimizer": "BOCA", "message": "No unique candidate found.", "iteration": 195, "all_candidates": [], "timestamp": 1699018704.204795, "task_uuid": "df9fefe9-d938-4fe4-bd4c-bcaee186d867", "task_level": [2], "message_type": "ERROR"}
{"action_status": "succeeded", "timestamp": 1699018704.2048533, "task_uuid": "df9fefe9-d938-4fe4-bd4c-bcaee186d867", "action_type": "ERROR_CANDIDATE", "task_level": [3]}
{"action_status": "started", "timestamp": 1699018707.628793, "task_uuid": "8bb1d82b-c309-4e30-9509-37d2467d4f49", "action_type": "ERROR_CANDIDATE", "task_level": [1]}
{"optimizer": "BOCA", "message": "No unique candidate found.", "iteration": 196, "all_candidates": [], "timestamp": 1699018707.6289315, "task_uuid": "8bb1d82b-c309-4e30-9509-37d2467d4f49", "task_level": [2], "message_type": "ERROR"}
{"action_status": "succeeded", "timestamp": 1699018707.62899, "task_uuid": "8bb1d82b-c309-4e30-9509-37d2467d4f49", "action_type": "ERROR_CANDIDATE", "task_level": [3]}
{"action_status": "started", "timestamp": 1699018711.1075585, "task_uuid": "f8c41480-8eb8-4c07-8a22-de1233a5f003", "action_type": "ERROR_CANDIDATE", "task_level": [1]}
{"optimizer": "BOCA", "message": "No unique candidate found.", "iteration": 197, "all_candidates": [], "timestamp": 1699018711.1076927, "task_uuid": "f8c41480-8eb8-4c07-8a22-de1233a5f003", "task_level": [2], "message_type": "ERROR"}
{"action_status": "succeeded", "timestamp": 1699018711.1077511, "task_uuid": "f8c41480-8eb8-4c07-8a22-de1233a5f003", "action_type": "ERROR_CANDIDATE", "task_level": [3]}
{"action_status": "started", "timestamp": 1699018714.6145778, "task_uuid": "3b606ee9-7049-4e07-b23b-4a7833025d83", "action_type": "ERROR_CANDIDATE", "task_level": [1]}
{"optimizer": "BOCA", "message": "No unique candidate found.", "iteration": 198, "all_candidates": [], "timestamp": 1699018714.614718, "task_uuid": "3b606ee9-7049-4e07-b23b-4a7833025d83", "task_level": [2], "message_type": "ERROR"}
{"action_status": "succeeded", "timestamp": 1699018714.614777, "task_uuid": "3b606ee9-7049-4e07-b23b-4a7833025d83", "action_type": "ERROR_CANDIDATE", "task_level": [3]}
{"action_status": "started", "timestamp": 1699018718.1359608, "task_uuid": "3e926b5c-faa9-45a6-ad29-c6c8065b2aff", "action_type": "ERROR_CANDIDATE", "task_level": [1]}
{"optimizer": "BOCA", "message": "No unique candidate found.", "iteration": 199, "all_candidates": [], "timestamp": 1699018718.1361084, "task_uuid": "3e926b5c-faa9-45a6-ad29-c6c8065b2aff", "task_level": [2], "message_type": "ERROR"}
{"action_status": "succeeded", "timestamp": 1699018718.1361725, "task_uuid": "3e926b5c-faa9-45a6-ad29-c6c8065b2aff", "action_type": "ERROR_CANDIDATE", "task_level": [3]}
{"action_status": "started", "timestamp": 1699018718.6588461, "task_uuid": "62adc004-b061-471d-8edf-2cc42d719ea4", "action_type": "LOG_RESULTS", "task_level": [1]}
{"optimizer": "BOCA", "no": "0", "best_result": [["-O0", "-fmax-inline-alloc-size=128", "-fcmm-elim-common-blocks", "-fsimplifier-phases=2", "-fstrictness-before=1", "-fliberate-case-threshold=2000", "-fignore-interface-pragmas", "-floopification", "-fno-state-hack", "-fcross-module-specialise", "-fomit-yields", "-fexpose-all-unfoldings", "-fcpr-anal", "-fno-pre-inlining", "-fspec-constr-count=3", "-fvectorise", "-fcse", "-fmax-simplifier-iterations=4", "-fspec-constr", "-fcase-merge", "-fomit-interface-pragmas", "-fmax-inline-memset-insns=32", "-funbox-small-strict-fields", "-O0", "-funfolding-fun-discount=60", "-fworker-wrapper", "-fexcess-precision", "-fstrictness", "-ffull-laziness", "-fdmd-tx-dict-sel", "-flate-dmd-anal", "-fstatic-argument-transformation", "-funfolding-creation-threshold=750", "-fpedantic-bottoms", "-ffloat-in", "-funfolding-use-threshold=60", "-fvectorisation-avoidance", "-ffun-to-thunk"], 8.062], "run_allowance": 4781, "iterations": 0, "timestamp": 1699018718.6589851, "task_uuid": "62adc004-b061-471d-8edf-2cc42d719ea4", "task_level": [2], "message_type": "INFO"}
{"action_status": "succeeded", "timestamp": 1699018718.6590786, "task_uuid": "62adc004-b061-471d-8edf-2cc42d719ea4", "action_type": "LOG_RESULTS", "task_level": [3]}
