{"test_path": "real/hidden", "test_desc": "Thesis_RIO", "action_status": "started", "timestamp": 1714980497.9094932, "task_uuid": "ab6bf36f-8754-4e47-abe7-6e64e69057bc", "action_type": "OPTIMIZER_CREATION", "task_level": [1]}
{"action_status": "started", "timestamp": 1714980497.9099486, "task_uuid": "ab6bf36f-8754-4e47-abe7-6e64e69057bc", "action_type": "LOG_RESULTS", "task_level": [2, 1]}
{"action_status": "succeeded", "timestamp": 1714980497.9222536, "task_uuid": "ab6bf36f-8754-4e47-abe7-6e64e69057bc", "action_type": "OPTIMIZER_CREATION", "task_level": [3]}
{"test_path": "real/hidden", "test_desc": "Thesis_RIO", "action_status": "started", "timestamp": 1714980497.9224162, "task_uuid": "2e69ace3-1fb9-48e0-a535-88b42dee7c29", "action_type": "OPTIMIZER_CREATION", "task_level": [1]}
{"action_status": "started", "timestamp": 1714980497.9225955, "task_uuid": "2e69ace3-1fb9-48e0-a535-88b42dee7c29", "action_type": "LOG_RESULTS", "task_level": [2, 1]}
{"action_status": "started", "timestamp": 1714980497.9225955, "task_uuid": "2e69ace3-1fb9-48e0-a535-88b42dee7c29", "action_type": "LOG_RESULTS", "task_level": [2, 1]}
{"action_status": "succeeded", "timestamp": 1714980497.9350019, "task_uuid": "2e69ace3-1fb9-48e0-a535-88b42dee7c29", "action_type": "OPTIMIZER_CREATION", "task_level": [3]}
{"action_status": "succeeded", "timestamp": 1714980497.9350019, "task_uuid": "2e69ace3-1fb9-48e0-a535-88b42dee7c29", "action_type": "OPTIMIZER_CREATION", "task_level": [3]}
{"test_path": "real/hidden", "test_desc": "Thesis_RIO", "action_status": "started", "timestamp": 1714980497.9352071, "task_uuid": "d5e8d512-0bfb-4e11-98ab-bda53a7b1ec6", "action_type": "OPTIMIZER_CREATION", "task_level": [1]}
{"test_path": "real/hidden", "test_desc": "Thesis_RIO", "action_status": "started", "timestamp": 1714980497.9352071, "task_uuid": "d5e8d512-0bfb-4e11-98ab-bda53a7b1ec6", "action_type": "OPTIMIZER_CREATION", "task_level": [1]}
{"action_status": "started", "timestamp": 1714980497.935417, "task_uuid": "d5e8d512-0bfb-4e11-98ab-bda53a7b1ec6", "action_type": "LOG_RESULTS", "task_level": [2, 1]}
{"action_status": "started", "timestamp": 1714980497.935417, "task_uuid": "d5e8d512-0bfb-4e11-98ab-bda53a7b1ec6", "action_type": "LOG_RESULTS", "task_level": [2, 1]}
{"action_status": "started", "timestamp": 1714980497.935417, "task_uuid": "d5e8d512-0bfb-4e11-98ab-bda53a7b1ec6", "action_type": "LOG_RESULTS", "task_level": [2, 1]}
{"action_status": "succeeded", "timestamp": 1714980497.9476168, "task_uuid": "d5e8d512-0bfb-4e11-98ab-bda53a7b1ec6", "action_type": "OPTIMIZER_CREATION", "task_level": [3]}
{"action_status": "succeeded", "timestamp": 1714980497.9476168, "task_uuid": "d5e8d512-0bfb-4e11-98ab-bda53a7b1ec6", "action_type": "OPTIMIZER_CREATION", "task_level": [3]}
{"action_status": "succeeded", "timestamp": 1714980497.9476168, "task_uuid": "d5e8d512-0bfb-4e11-98ab-bda53a7b1ec6", "action_type": "OPTIMIZER_CREATION", "task_level": [3]}
{"test_path": "real/hidden", "test_desc": "Thesis_RIO", "action_status": "started", "timestamp": 1714980497.9478467, "task_uuid": "cdb3ac5d-14aa-4eee-9228-8073636db3b8", "action_type": "OPTIMIZER_CREATION", "task_level": [1]}
{"test_path": "real/hidden", "test_desc": "Thesis_RIO", "action_status": "started", "timestamp": 1714980497.9478467, "task_uuid": "cdb3ac5d-14aa-4eee-9228-8073636db3b8", "action_type": "OPTIMIZER_CREATION", "task_level": [1]}
{"test_path": "real/hidden", "test_desc": "Thesis_RIO", "action_status": "started", "timestamp": 1714980497.9478467, "task_uuid": "cdb3ac5d-14aa-4eee-9228-8073636db3b8", "action_type": "OPTIMIZER_CREATION", "task_level": [1]}
{"action_status": "started", "timestamp": 1714980497.9480884, "task_uuid": "cdb3ac5d-14aa-4eee-9228-8073636db3b8", "action_type": "LOG_RESULTS", "task_level": [2, 1]}
{"action_status": "started", "timestamp": 1714980497.9480884, "task_uuid": "cdb3ac5d-14aa-4eee-9228-8073636db3b8", "action_type": "LOG_RESULTS", "task_level": [2, 1]}
{"action_status": "started", "timestamp": 1714980497.9480884, "task_uuid": "cdb3ac5d-14aa-4eee-9228-8073636db3b8", "action_type": "LOG_RESULTS", "task_level": [2, 1]}
{"action_status": "started", "timestamp": 1714980497.9480884, "task_uuid": "cdb3ac5d-14aa-4eee-9228-8073636db3b8", "action_type": "LOG_RESULTS", "task_level": [2, 1]}
{"action_status": "succeeded", "timestamp": 1714980497.9596584, "task_uuid": "cdb3ac5d-14aa-4eee-9228-8073636db3b8", "action_type": "OPTIMIZER_CREATION", "task_level": [3]}
{"action_status": "succeeded", "timestamp": 1714980497.9596584, "task_uuid": "cdb3ac5d-14aa-4eee-9228-8073636db3b8", "action_type": "OPTIMIZER_CREATION", "task_level": [3]}
{"action_status": "succeeded", "timestamp": 1714980497.9596584, "task_uuid": "cdb3ac5d-14aa-4eee-9228-8073636db3b8", "action_type": "OPTIMIZER_CREATION", "task_level": [3]}
{"action_status": "succeeded", "timestamp": 1714980497.9596584, "task_uuid": "cdb3ac5d-14aa-4eee-9228-8073636db3b8", "action_type": "OPTIMIZER_CREATION", "task_level": [3]}
{"test_path": "real/hidden", "test_desc": "Thesis_RIO", "action_status": "started", "timestamp": 1714980497.9598954, "task_uuid": "d7d175c6-e23a-494c-8455-c3ada318cd47", "action_type": "OPTIMIZER_CREATION", "task_level": [1]}
{"test_path": "real/hidden", "test_desc": "Thesis_RIO", "action_status": "started", "timestamp": 1714980497.9598954, "task_uuid": "d7d175c6-e23a-494c-8455-c3ada318cd47", "action_type": "OPTIMIZER_CREATION", "task_level": [1]}
{"test_path": "real/hidden", "test_desc": "Thesis_RIO", "action_status": "started", "timestamp": 1714980497.9598954, "task_uuid": "d7d175c6-e23a-494c-8455-c3ada318cd47", "action_type": "OPTIMIZER_CREATION", "task_level": [1]}
{"test_path": "real/hidden", "test_desc": "Thesis_RIO", "action_status": "started", "timestamp": 1714980497.9598954, "task_uuid": "d7d175c6-e23a-494c-8455-c3ada318cd47", "action_type": "OPTIMIZER_CREATION", "task_level": [1]}
{"action_status": "started", "timestamp": 1714980497.9601576, "task_uuid": "d7d175c6-e23a-494c-8455-c3ada318cd47", "action_type": "LOG_RESULTS", "task_level": [2, 1]}
{"action_status": "started", "timestamp": 1714980497.9601576, "task_uuid": "d7d175c6-e23a-494c-8455-c3ada318cd47", "action_type": "LOG_RESULTS", "task_level": [2, 1]}
{"action_status": "started", "timestamp": 1714980497.9601576, "task_uuid": "d7d175c6-e23a-494c-8455-c3ada318cd47", "action_type": "LOG_RESULTS", "task_level": [2, 1]}
{"action_status": "started", "timestamp": 1714980497.9601576, "task_uuid": "d7d175c6-e23a-494c-8455-c3ada318cd47", "action_type": "LOG_RESULTS", "task_level": [2, 1]}
{"action_status": "started", "timestamp": 1714980497.9601576, "task_uuid": "d7d175c6-e23a-494c-8455-c3ada318cd47", "action_type": "LOG_RESULTS", "task_level": [2, 1]}
{"action_status": "succeeded", "timestamp": 1714980497.9717274, "task_uuid": "d7d175c6-e23a-494c-8455-c3ada318cd47", "action_type": "OPTIMIZER_CREATION", "task_level": [3]}
{"action_status": "succeeded", "timestamp": 1714980497.9717274, "task_uuid": "d7d175c6-e23a-494c-8455-c3ada318cd47", "action_type": "OPTIMIZER_CREATION", "task_level": [3]}
{"action_status": "succeeded", "timestamp": 1714980497.9717274, "task_uuid": "d7d175c6-e23a-494c-8455-c3ada318cd47", "action_type": "OPTIMIZER_CREATION", "task_level": [3]}
{"action_status": "succeeded", "timestamp": 1714980497.9717274, "task_uuid": "d7d175c6-e23a-494c-8455-c3ada318cd47", "action_type": "OPTIMIZER_CREATION", "task_level": [3]}
{"action_status": "succeeded", "timestamp": 1714980497.9717274, "task_uuid": "d7d175c6-e23a-494c-8455-c3ada318cd47", "action_type": "OPTIMIZER_CREATION", "task_level": [3]}
{"test_path": "real/hidden", "test_desc": "Thesis_RIO", "action_status": "started", "timestamp": 1714980497.9719856, "task_uuid": "e1f9d38a-313e-464a-81ef-5eba3324813c", "action_type": "OPTIMIZER_CREATION", "task_level": [1]}
{"test_path": "real/hidden", "test_desc": "Thesis_RIO", "action_status": "started", "timestamp": 1714980497.9719856, "task_uuid": "e1f9d38a-313e-464a-81ef-5eba3324813c", "action_type": "OPTIMIZER_CREATION", "task_level": [1]}
{"test_path": "real/hidden", "test_desc": "Thesis_RIO", "action_status": "started", "timestamp": 1714980497.9719856, "task_uuid": "e1f9d38a-313e-464a-81ef-5eba3324813c", "action_type": "OPTIMIZER_CREATION", "task_level": [1]}
{"test_path": "real/hidden", "test_desc": "Thesis_RIO", "action_status": "started", "timestamp": 1714980497.9719856, "task_uuid": "e1f9d38a-313e-464a-81ef-5eba3324813c", "action_type": "OPTIMIZER_CREATION", "task_level": [1]}
{"test_path": "real/hidden", "test_desc": "Thesis_RIO", "action_status": "started", "timestamp": 1714980497.9719856, "task_uuid": "e1f9d38a-313e-464a-81ef-5eba3324813c", "action_type": "OPTIMIZER_CREATION", "task_level": [1]}
{"action_status": "started", "timestamp": 1714980497.9722984, "task_uuid": "e1f9d38a-313e-464a-81ef-5eba3324813c", "action_type": "LOG_RESULTS", "task_level": [2, 1]}
{"action_status": "started", "timestamp": 1714980497.9722984, "task_uuid": "e1f9d38a-313e-464a-81ef-5eba3324813c", "action_type": "LOG_RESULTS", "task_level": [2, 1]}
{"action_status": "started", "timestamp": 1714980497.9722984, "task_uuid": "e1f9d38a-313e-464a-81ef-5eba3324813c", "action_type": "LOG_RESULTS", "task_level": [2, 1]}
{"action_status": "started", "timestamp": 1714980497.9722984, "task_uuid": "e1f9d38a-313e-464a-81ef-5eba3324813c", "action_type": "LOG_RESULTS", "task_level": [2, 1]}
{"action_status": "started", "timestamp": 1714980497.9722984, "task_uuid": "e1f9d38a-313e-464a-81ef-5eba3324813c", "action_type": "LOG_RESULTS", "task_level": [2, 1]}
{"action_status": "started", "timestamp": 1714980497.9722984, "task_uuid": "e1f9d38a-313e-464a-81ef-5eba3324813c", "action_type": "LOG_RESULTS", "task_level": [2, 1]}
{"action_status": "succeeded", "timestamp": 1714980497.9838374, "task_uuid": "e1f9d38a-313e-464a-81ef-5eba3324813c", "action_type": "OPTIMIZER_CREATION", "task_level": [3]}
{"action_status": "succeeded", "timestamp": 1714980497.9838374, "task_uuid": "e1f9d38a-313e-464a-81ef-5eba3324813c", "action_type": "OPTIMIZER_CREATION", "task_level": [3]}
{"action_status": "succeeded", "timestamp": 1714980497.9838374, "task_uuid": "e1f9d38a-313e-464a-81ef-5eba3324813c", "action_type": "OPTIMIZER_CREATION", "task_level": [3]}
{"action_status": "succeeded", "timestamp": 1714980497.9838374, "task_uuid": "e1f9d38a-313e-464a-81ef-5eba3324813c", "action_type": "OPTIMIZER_CREATION", "task_level": [3]}
{"action_status": "succeeded", "timestamp": 1714980497.9838374, "task_uuid": "e1f9d38a-313e-464a-81ef-5eba3324813c", "action_type": "OPTIMIZER_CREATION", "task_level": [3]}
{"action_status": "succeeded", "timestamp": 1714980497.9838374, "task_uuid": "e1f9d38a-313e-464a-81ef-5eba3324813c", "action_type": "OPTIMIZER_CREATION", "task_level": [3]}
{"test_path": "real/hidden", "test_desc": "Thesis_RIO", "action_status": "started", "timestamp": 1714980497.9841568, "task_uuid": "d5caaa80-247a-4a59-92d5-d8a931c807eb", "action_type": "OPTIMIZER_CREATION", "task_level": [1]}
{"test_path": "real/hidden", "test_desc": "Thesis_RIO", "action_status": "started", "timestamp": 1714980497.9841568, "task_uuid": "d5caaa80-247a-4a59-92d5-d8a931c807eb", "action_type": "OPTIMIZER_CREATION", "task_level": [1]}
{"test_path": "real/hidden", "test_desc": "Thesis_RIO", "action_status": "started", "timestamp": 1714980497.9841568, "task_uuid": "d5caaa80-247a-4a59-92d5-d8a931c807eb", "action_type": "OPTIMIZER_CREATION", "task_level": [1]}
{"test_path": "real/hidden", "test_desc": "Thesis_RIO", "action_status": "started", "timestamp": 1714980497.9841568, "task_uuid": "d5caaa80-247a-4a59-92d5-d8a931c807eb", "action_type": "OPTIMIZER_CREATION", "task_level": [1]}
{"test_path": "real/hidden", "test_desc": "Thesis_RIO", "action_status": "started", "timestamp": 1714980497.9841568, "task_uuid": "d5caaa80-247a-4a59-92d5-d8a931c807eb", "action_type": "OPTIMIZER_CREATION", "task_level": [1]}
{"test_path": "real/hidden", "test_desc": "Thesis_RIO", "action_status": "started", "timestamp": 1714980497.9841568, "task_uuid": "d5caaa80-247a-4a59-92d5-d8a931c807eb", "action_type": "OPTIMIZER_CREATION", "task_level": [1]}
{"action_status": "started", "timestamp": 1714980497.9845002, "task_uuid": "d5caaa80-247a-4a59-92d5-d8a931c807eb", "action_type": "LOG_RESULTS", "task_level": [2, 1]}
{"action_status": "started", "timestamp": 1714980497.9845002, "task_uuid": "d5caaa80-247a-4a59-92d5-d8a931c807eb", "action_type": "LOG_RESULTS", "task_level": [2, 1]}
{"action_status": "started", "timestamp": 1714980497.9845002, "task_uuid": "d5caaa80-247a-4a59-92d5-d8a931c807eb", "action_type": "LOG_RESULTS", "task_level": [2, 1]}
{"action_status": "started", "timestamp": 1714980497.9845002, "task_uuid": "d5caaa80-247a-4a59-92d5-d8a931c807eb", "action_type": "LOG_RESULTS", "task_level": [2, 1]}
{"action_status": "started", "timestamp": 1714980497.9845002, "task_uuid": "d5caaa80-247a-4a59-92d5-d8a931c807eb", "action_type": "LOG_RESULTS", "task_level": [2, 1]}
{"action_status": "started", "timestamp": 1714980497.9845002, "task_uuid": "d5caaa80-247a-4a59-92d5-d8a931c807eb", "action_type": "LOG_RESULTS", "task_level": [2, 1]}
{"action_status": "started", "timestamp": 1714980497.9845002, "task_uuid": "d5caaa80-247a-4a59-92d5-d8a931c807eb", "action_type": "LOG_RESULTS", "task_level": [2, 1]}
{"action_status": "succeeded", "timestamp": 1714980497.9961684, "task_uuid": "d5caaa80-247a-4a59-92d5-d8a931c807eb", "action_type": "OPTIMIZER_CREATION", "task_level": [3]}
{"action_status": "succeeded", "timestamp": 1714980497.9961684, "task_uuid": "d5caaa80-247a-4a59-92d5-d8a931c807eb", "action_type": "OPTIMIZER_CREATION", "task_level": [3]}
{"action_status": "succeeded", "timestamp": 1714980497.9961684, "task_uuid": "d5caaa80-247a-4a59-92d5-d8a931c807eb", "action_type": "OPTIMIZER_CREATION", "task_level": [3]}
{"action_status": "succeeded", "timestamp": 1714980497.9961684, "task_uuid": "d5caaa80-247a-4a59-92d5-d8a931c807eb", "action_type": "OPTIMIZER_CREATION", "task_level": [3]}
{"action_status": "succeeded", "timestamp": 1714980497.9961684, "task_uuid": "d5caaa80-247a-4a59-92d5-d8a931c807eb", "action_type": "OPTIMIZER_CREATION", "task_level": [3]}
{"action_status": "succeeded", "timestamp": 1714980497.9961684, "task_uuid": "d5caaa80-247a-4a59-92d5-d8a931c807eb", "action_type": "OPTIMIZER_CREATION", "task_level": [3]}
{"action_status": "succeeded", "timestamp": 1714980497.9961684, "task_uuid": "d5caaa80-247a-4a59-92d5-d8a931c807eb", "action_type": "OPTIMIZER_CREATION", "task_level": [3]}
{"test_path": "real/hidden", "test_desc": "Thesis_RIO", "action_status": "started", "timestamp": 1714980497.9965007, "task_uuid": "1645f3ad-07fe-4f7a-943e-8c37fbce4aa3", "action_type": "OPTIMIZER_CREATION", "task_level": [1]}
{"test_path": "real/hidden", "test_desc": "Thesis_RIO", "action_status": "started", "timestamp": 1714980497.9965007, "task_uuid": "1645f3ad-07fe-4f7a-943e-8c37fbce4aa3", "action_type": "OPTIMIZER_CREATION", "task_level": [1]}
{"test_path": "real/hidden", "test_desc": "Thesis_RIO", "action_status": "started", "timestamp": 1714980497.9965007, "task_uuid": "1645f3ad-07fe-4f7a-943e-8c37fbce4aa3", "action_type": "OPTIMIZER_CREATION", "task_level": [1]}
{"test_path": "real/hidden", "test_desc": "Thesis_RIO", "action_status": "started", "timestamp": 1714980497.9965007, "task_uuid": "1645f3ad-07fe-4f7a-943e-8c37fbce4aa3", "action_type": "OPTIMIZER_CREATION", "task_level": [1]}
{"test_path": "real/hidden", "test_desc": "Thesis_RIO", "action_status": "started", "timestamp": 1714980497.9965007, "task_uuid": "1645f3ad-07fe-4f7a-943e-8c37fbce4aa3", "action_type": "OPTIMIZER_CREATION", "task_level": [1]}
{"test_path": "real/hidden", "test_desc": "Thesis_RIO", "action_status": "started", "timestamp": 1714980497.9965007, "task_uuid": "1645f3ad-07fe-4f7a-943e-8c37fbce4aa3", "action_type": "OPTIMIZER_CREATION", "task_level": [1]}
{"test_path": "real/hidden", "test_desc": "Thesis_RIO", "action_status": "started", "timestamp": 1714980497.9965007, "task_uuid": "1645f3ad-07fe-4f7a-943e-8c37fbce4aa3", "action_type": "OPTIMIZER_CREATION", "task_level": [1]}
{"action_status": "started", "timestamp": 1714980497.996823, "task_uuid": "1645f3ad-07fe-4f7a-943e-8c37fbce4aa3", "action_type": "LOG_RESULTS", "task_level": [2, 1]}
{"action_status": "started", "timestamp": 1714980497.996823, "task_uuid": "1645f3ad-07fe-4f7a-943e-8c37fbce4aa3", "action_type": "LOG_RESULTS", "task_level": [2, 1]}
{"action_status": "started", "timestamp": 1714980497.996823, "task_uuid": "1645f3ad-07fe-4f7a-943e-8c37fbce4aa3", "action_type": "LOG_RESULTS", "task_level": [2, 1]}
{"action_status": "started", "timestamp": 1714980497.996823, "task_uuid": "1645f3ad-07fe-4f7a-943e-8c37fbce4aa3", "action_type": "LOG_RESULTS", "task_level": [2, 1]}
{"action_status": "started", "timestamp": 1714980497.996823, "task_uuid": "1645f3ad-07fe-4f7a-943e-8c37fbce4aa3", "action_type": "LOG_RESULTS", "task_level": [2, 1]}
{"action_status": "started", "timestamp": 1714980497.996823, "task_uuid": "1645f3ad-07fe-4f7a-943e-8c37fbce4aa3", "action_type": "LOG_RESULTS", "task_level": [2, 1]}
{"action_status": "started", "timestamp": 1714980497.996823, "task_uuid": "1645f3ad-07fe-4f7a-943e-8c37fbce4aa3", "action_type": "LOG_RESULTS", "task_level": [2, 1]}
{"action_status": "started", "timestamp": 1714980497.996823, "task_uuid": "1645f3ad-07fe-4f7a-943e-8c37fbce4aa3", "action_type": "LOG_RESULTS", "task_level": [2, 1]}
{"action_status": "succeeded", "timestamp": 1714980498.0084455, "task_uuid": "1645f3ad-07fe-4f7a-943e-8c37fbce4aa3", "action_type": "OPTIMIZER_CREATION", "task_level": [3]}
{"action_status": "succeeded", "timestamp": 1714980498.0084455, "task_uuid": "1645f3ad-07fe-4f7a-943e-8c37fbce4aa3", "action_type": "OPTIMIZER_CREATION", "task_level": [3]}
{"action_status": "succeeded", "timestamp": 1714980498.0084455, "task_uuid": "1645f3ad-07fe-4f7a-943e-8c37fbce4aa3", "action_type": "OPTIMIZER_CREATION", "task_level": [3]}
{"action_status": "succeeded", "timestamp": 1714980498.0084455, "task_uuid": "1645f3ad-07fe-4f7a-943e-8c37fbce4aa3", "action_type": "OPTIMIZER_CREATION", "task_level": [3]}
{"action_status": "succeeded", "timestamp": 1714980498.0084455, "task_uuid": "1645f3ad-07fe-4f7a-943e-8c37fbce4aa3", "action_type": "OPTIMIZER_CREATION", "task_level": [3]}
{"action_status": "succeeded", "timestamp": 1714980498.0084455, "task_uuid": "1645f3ad-07fe-4f7a-943e-8c37fbce4aa3", "action_type": "OPTIMIZER_CREATION", "task_level": [3]}
{"action_status": "succeeded", "timestamp": 1714980498.0084455, "task_uuid": "1645f3ad-07fe-4f7a-943e-8c37fbce4aa3", "action_type": "OPTIMIZER_CREATION", "task_level": [3]}
{"action_status": "succeeded", "timestamp": 1714980498.0084455, "task_uuid": "1645f3ad-07fe-4f7a-943e-8c37fbce4aa3", "action_type": "OPTIMIZER_CREATION", "task_level": [3]}
{"test_path": "real/hidden", "test_desc": "Thesis_RIO", "action_status": "started", "timestamp": 1714980498.008775, "task_uuid": "8f70e753-9309-47b0-8573-ed6344af0cd2", "action_type": "OPTIMIZER_CREATION", "task_level": [1]}
{"test_path": "real/hidden", "test_desc": "Thesis_RIO", "action_status": "started", "timestamp": 1714980498.008775, "task_uuid": "8f70e753-9309-47b0-8573-ed6344af0cd2", "action_type": "OPTIMIZER_CREATION", "task_level": [1]}
{"test_path": "real/hidden", "test_desc": "Thesis_RIO", "action_status": "started", "timestamp": 1714980498.008775, "task_uuid": "8f70e753-9309-47b0-8573-ed6344af0cd2", "action_type": "OPTIMIZER_CREATION", "task_level": [1]}
{"test_path": "real/hidden", "test_desc": "Thesis_RIO", "action_status": "started", "timestamp": 1714980498.008775, "task_uuid": "8f70e753-9309-47b0-8573-ed6344af0cd2", "action_type": "OPTIMIZER_CREATION", "task_level": [1]}
{"test_path": "real/hidden", "test_desc": "Thesis_RIO", "action_status": "started", "timestamp": 1714980498.008775, "task_uuid": "8f70e753-9309-47b0-8573-ed6344af0cd2", "action_type": "OPTIMIZER_CREATION", "task_level": [1]}
{"test_path": "real/hidden", "test_desc": "Thesis_RIO", "action_status": "started", "timestamp": 1714980498.008775, "task_uuid": "8f70e753-9309-47b0-8573-ed6344af0cd2", "action_type": "OPTIMIZER_CREATION", "task_level": [1]}
{"test_path": "real/hidden", "test_desc": "Thesis_RIO", "action_status": "started", "timestamp": 1714980498.008775, "task_uuid": "8f70e753-9309-47b0-8573-ed6344af0cd2", "action_type": "OPTIMIZER_CREATION", "task_level": [1]}
{"test_path": "real/hidden", "test_desc": "Thesis_RIO", "action_status": "started", "timestamp": 1714980498.008775, "task_uuid": "8f70e753-9309-47b0-8573-ed6344af0cd2", "action_type": "OPTIMIZER_CREATION", "task_level": [1]}
{"action_status": "started", "timestamp": 1714980498.0091343, "task_uuid": "8f70e753-9309-47b0-8573-ed6344af0cd2", "action_type": "LOG_RESULTS", "task_level": [2, 1]}
{"action_status": "started", "timestamp": 1714980498.0091343, "task_uuid": "8f70e753-9309-47b0-8573-ed6344af0cd2", "action_type": "LOG_RESULTS", "task_level": [2, 1]}
{"action_status": "started", "timestamp": 1714980498.0091343, "task_uuid": "8f70e753-9309-47b0-8573-ed6344af0cd2", "action_type": "LOG_RESULTS", "task_level": [2, 1]}
{"action_status": "started", "timestamp": 1714980498.0091343, "task_uuid": "8f70e753-9309-47b0-8573-ed6344af0cd2", "action_type": "LOG_RESULTS", "task_level": [2, 1]}
{"action_status": "started", "timestamp": 1714980498.0091343, "task_uuid": "8f70e753-9309-47b0-8573-ed6344af0cd2", "action_type": "LOG_RESULTS", "task_level": [2, 1]}
{"action_status": "started", "timestamp": 1714980498.0091343, "task_uuid": "8f70e753-9309-47b0-8573-ed6344af0cd2", "action_type": "LOG_RESULTS", "task_level": [2, 1]}
{"action_status": "started", "timestamp": 1714980498.0091343, "task_uuid": "8f70e753-9309-47b0-8573-ed6344af0cd2", "action_type": "LOG_RESULTS", "task_level": [2, 1]}
{"action_status": "started", "timestamp": 1714980498.0091343, "task_uuid": "8f70e753-9309-47b0-8573-ed6344af0cd2", "action_type": "LOG_RESULTS", "task_level": [2, 1]}
{"action_status": "started", "timestamp": 1714980498.0091343, "task_uuid": "8f70e753-9309-47b0-8573-ed6344af0cd2", "action_type": "LOG_RESULTS", "task_level": [2, 1]}
{"action_status": "succeeded", "timestamp": 1714980498.0209875, "task_uuid": "8f70e753-9309-47b0-8573-ed6344af0cd2", "action_type": "OPTIMIZER_CREATION", "task_level": [3]}
{"action_status": "succeeded", "timestamp": 1714980498.0209875, "task_uuid": "8f70e753-9309-47b0-8573-ed6344af0cd2", "action_type": "OPTIMIZER_CREATION", "task_level": [3]}
{"action_status": "succeeded", "timestamp": 1714980498.0209875, "task_uuid": "8f70e753-9309-47b0-8573-ed6344af0cd2", "action_type": "OPTIMIZER_CREATION", "task_level": [3]}
{"action_status": "succeeded", "timestamp": 1714980498.0209875, "task_uuid": "8f70e753-9309-47b0-8573-ed6344af0cd2", "action_type": "OPTIMIZER_CREATION", "task_level": [3]}
{"action_status": "succeeded", "timestamp": 1714980498.0209875, "task_uuid": "8f70e753-9309-47b0-8573-ed6344af0cd2", "action_type": "OPTIMIZER_CREATION", "task_level": [3]}
{"action_status": "succeeded", "timestamp": 1714980498.0209875, "task_uuid": "8f70e753-9309-47b0-8573-ed6344af0cd2", "action_type": "OPTIMIZER_CREATION", "task_level": [3]}
{"action_status": "succeeded", "timestamp": 1714980498.0209875, "task_uuid": "8f70e753-9309-47b0-8573-ed6344af0cd2", "action_type": "OPTIMIZER_CREATION", "task_level": [3]}
{"action_status": "succeeded", "timestamp": 1714980498.0209875, "task_uuid": "8f70e753-9309-47b0-8573-ed6344af0cd2", "action_type": "OPTIMIZER_CREATION", "task_level": [3]}
{"action_status": "succeeded", "timestamp": 1714980498.0209875, "task_uuid": "8f70e753-9309-47b0-8573-ed6344af0cd2", "action_type": "OPTIMIZER_CREATION", "task_level": [3]}
{"test_path": "real/hidden", "test_desc": "Thesis_RIO", "action_status": "started", "timestamp": 1714980498.0213723, "task_uuid": "72200210-db20-4650-b724-152e7f0d5044", "action_type": "OPTIMIZER_CREATION", "task_level": [1]}
{"test_path": "real/hidden", "test_desc": "Thesis_RIO", "action_status": "started", "timestamp": 1714980498.0213723, "task_uuid": "72200210-db20-4650-b724-152e7f0d5044", "action_type": "OPTIMIZER_CREATION", "task_level": [1]}
{"test_path": "real/hidden", "test_desc": "Thesis_RIO", "action_status": "started", "timestamp": 1714980498.0213723, "task_uuid": "72200210-db20-4650-b724-152e7f0d5044", "action_type": "OPTIMIZER_CREATION", "task_level": [1]}
{"test_path": "real/hidden", "test_desc": "Thesis_RIO", "action_status": "started", "timestamp": 1714980498.0213723, "task_uuid": "72200210-db20-4650-b724-152e7f0d5044", "action_type": "OPTIMIZER_CREATION", "task_level": [1]}
{"test_path": "real/hidden", "test_desc": "Thesis_RIO", "action_status": "started", "timestamp": 1714980498.0213723, "task_uuid": "72200210-db20-4650-b724-152e7f0d5044", "action_type": "OPTIMIZER_CREATION", "task_level": [1]}
{"test_path": "real/hidden", "test_desc": "Thesis_RIO", "action_status": "started", "timestamp": 1714980498.0213723, "task_uuid": "72200210-db20-4650-b724-152e7f0d5044", "action_type": "OPTIMIZER_CREATION", "task_level": [1]}
{"test_path": "real/hidden", "test_desc": "Thesis_RIO", "action_status": "started", "timestamp": 1714980498.0213723, "task_uuid": "72200210-db20-4650-b724-152e7f0d5044", "action_type": "OPTIMIZER_CREATION", "task_level": [1]}
{"test_path": "real/hidden", "test_desc": "Thesis_RIO", "action_status": "started", "timestamp": 1714980498.0213723, "task_uuid": "72200210-db20-4650-b724-152e7f0d5044", "action_type": "OPTIMIZER_CREATION", "task_level": [1]}
{"test_path": "real/hidden", "test_desc": "Thesis_RIO", "action_status": "started", "timestamp": 1714980498.0213723, "task_uuid": "72200210-db20-4650-b724-152e7f0d5044", "action_type": "OPTIMIZER_CREATION", "task_level": [1]}
{"action_status": "started", "timestamp": 1714980498.021757, "task_uuid": "72200210-db20-4650-b724-152e7f0d5044", "action_type": "LOG_RESULTS", "task_level": [2, 1]}
{"action_status": "started", "timestamp": 1714980498.021757, "task_uuid": "72200210-db20-4650-b724-152e7f0d5044", "action_type": "LOG_RESULTS", "task_level": [2, 1]}
{"action_status": "started", "timestamp": 1714980498.021757, "task_uuid": "72200210-db20-4650-b724-152e7f0d5044", "action_type": "LOG_RESULTS", "task_level": [2, 1]}
{"action_status": "started", "timestamp": 1714980498.021757, "task_uuid": "72200210-db20-4650-b724-152e7f0d5044", "action_type": "LOG_RESULTS", "task_level": [2, 1]}
{"action_status": "started", "timestamp": 1714980498.021757, "task_uuid": "72200210-db20-4650-b724-152e7f0d5044", "action_type": "LOG_RESULTS", "task_level": [2, 1]}
{"action_status": "started", "timestamp": 1714980498.021757, "task_uuid": "72200210-db20-4650-b724-152e7f0d5044", "action_type": "LOG_RESULTS", "task_level": [2, 1]}
{"action_status": "started", "timestamp": 1714980498.021757, "task_uuid": "72200210-db20-4650-b724-152e7f0d5044", "action_type": "LOG_RESULTS", "task_level": [2, 1]}
{"action_status": "started", "timestamp": 1714980498.021757, "task_uuid": "72200210-db20-4650-b724-152e7f0d5044", "action_type": "LOG_RESULTS", "task_level": [2, 1]}
{"action_status": "started", "timestamp": 1714980498.021757, "task_uuid": "72200210-db20-4650-b724-152e7f0d5044", "action_type": "LOG_RESULTS", "task_level": [2, 1]}
{"action_status": "started", "timestamp": 1714980498.021757, "task_uuid": "72200210-db20-4650-b724-152e7f0d5044", "action_type": "LOG_RESULTS", "task_level": [2, 1]}
{"action_status": "succeeded", "timestamp": 1714980498.0334895, "task_uuid": "72200210-db20-4650-b724-152e7f0d5044", "action_type": "OPTIMIZER_CREATION", "task_level": [3]}
{"action_status": "succeeded", "timestamp": 1714980498.0334895, "task_uuid": "72200210-db20-4650-b724-152e7f0d5044", "action_type": "OPTIMIZER_CREATION", "task_level": [3]}
{"action_status": "succeeded", "timestamp": 1714980498.0334895, "task_uuid": "72200210-db20-4650-b724-152e7f0d5044", "action_type": "OPTIMIZER_CREATION", "task_level": [3]}
{"action_status": "succeeded", "timestamp": 1714980498.0334895, "task_uuid": "72200210-db20-4650-b724-152e7f0d5044", "action_type": "OPTIMIZER_CREATION", "task_level": [3]}
{"action_status": "succeeded", "timestamp": 1714980498.0334895, "task_uuid": "72200210-db20-4650-b724-152e7f0d5044", "action_type": "OPTIMIZER_CREATION", "task_level": [3]}
{"action_status": "succeeded", "timestamp": 1714980498.0334895, "task_uuid": "72200210-db20-4650-b724-152e7f0d5044", "action_type": "OPTIMIZER_CREATION", "task_level": [3]}
{"action_status": "succeeded", "timestamp": 1714980498.0334895, "task_uuid": "72200210-db20-4650-b724-152e7f0d5044", "action_type": "OPTIMIZER_CREATION", "task_level": [3]}
{"action_status": "succeeded", "timestamp": 1714980498.0334895, "task_uuid": "72200210-db20-4650-b724-152e7f0d5044", "action_type": "OPTIMIZER_CREATION", "task_level": [3]}
{"action_status": "succeeded", "timestamp": 1714980498.0334895, "task_uuid": "72200210-db20-4650-b724-152e7f0d5044", "action_type": "OPTIMIZER_CREATION", "task_level": [3]}
{"action_status": "succeeded", "timestamp": 1714980498.0334895, "task_uuid": "72200210-db20-4650-b724-152e7f0d5044", "action_type": "OPTIMIZER_CREATION", "task_level": [3]}
{"action_status": "started", "timestamp": 1714981024.5879552, "task_uuid": "edce09f9-94d2-4451-9da9-84e62ef50cd5", "action_type": "LOG_RESULTS", "task_level": [1]}
{"action_status": "started", "timestamp": 1714981024.5879552, "task_uuid": "edce09f9-94d2-4451-9da9-84e62ef50cd5", "action_type": "LOG_RESULTS", "task_level": [1]}
{"action_status": "started", "timestamp": 1714981024.5879552, "task_uuid": "edce09f9-94d2-4451-9da9-84e62ef50cd5", "action_type": "LOG_RESULTS", "task_level": [1]}
{"action_status": "started", "timestamp": 1714981024.5879552, "task_uuid": "edce09f9-94d2-4451-9da9-84e62ef50cd5", "action_type": "LOG_RESULTS", "task_level": [1]}
{"action_status": "started", "timestamp": 1714981024.5879552, "task_uuid": "edce09f9-94d2-4451-9da9-84e62ef50cd5", "action_type": "LOG_RESULTS", "task_level": [1]}
{"action_status": "started", "timestamp": 1714981024.5879552, "task_uuid": "edce09f9-94d2-4451-9da9-84e62ef50cd5", "action_type": "LOG_RESULTS", "task_level": [1]}
{"action_status": "started", "timestamp": 1714981024.5879552, "task_uuid": "edce09f9-94d2-4451-9da9-84e62ef50cd5", "action_type": "LOG_RESULTS", "task_level": [1]}
{"action_status": "started", "timestamp": 1714981024.5879552, "task_uuid": "edce09f9-94d2-4451-9da9-84e62ef50cd5", "action_type": "LOG_RESULTS", "task_level": [1]}
{"action_status": "started", "timestamp": 1714981024.5879552, "task_uuid": "edce09f9-94d2-4451-9da9-84e62ef50cd5", "action_type": "LOG_RESULTS", "task_level": [1]}
{"action_status": "started", "timestamp": 1714981024.5879552, "task_uuid": "edce09f9-94d2-4451-9da9-84e62ef50cd5", "action_type": "LOG_RESULTS", "task_level": [1]}
{"optimizer": "RIO", "no": "0", "best_result": ["0|1|2|3|4|5|6|7|8|9|10|11|12|13|21|22|15|19|23|18|16|17|14|20", 0.125], "run_allowance": 9500, "iterations": 500, "timestamp": 1714981024.588418, "task_uuid": "edce09f9-94d2-4451-9da9-84e62ef50cd5", "task_level": [2], "message_type": "INFO"}
{"optimizer": "RIO", "no": "0", "best_result": ["0|1|2|3|4|5|6|7|8|9|10|11|12|13|21|22|15|19|23|18|16|17|14|20", 0.125], "run_allowance": 9500, "iterations": 500, "timestamp": 1714981024.588418, "task_uuid": "edce09f9-94d2-4451-9da9-84e62ef50cd5", "task_level": [2], "message_type": "INFO"}
{"optimizer": "RIO", "no": "0", "best_result": ["0|1|2|3|4|5|6|7|8|9|10|11|12|13|21|22|15|19|23|18|16|17|14|20", 0.125], "run_allowance": 9500, "iterations": 500, "timestamp": 1714981024.588418, "task_uuid": "edce09f9-94d2-4451-9da9-84e62ef50cd5", "task_level": [2], "message_type": "INFO"}
{"optimizer": "RIO", "no": "0", "best_result": ["0|1|2|3|4|5|6|7|8|9|10|11|12|13|21|22|15|19|23|18|16|17|14|20", 0.125], "run_allowance": 9500, "iterations": 500, "timestamp": 1714981024.588418, "task_uuid": "edce09f9-94d2-4451-9da9-84e62ef50cd5", "task_level": [2], "message_type": "INFO"}
{"optimizer": "RIO", "no": "0", "best_result": ["0|1|2|3|4|5|6|7|8|9|10|11|12|13|21|22|15|19|23|18|16|17|14|20", 0.125], "run_allowance": 9500, "iterations": 500, "timestamp": 1714981024.588418, "task_uuid": "edce09f9-94d2-4451-9da9-84e62ef50cd5", "task_level": [2], "message_type": "INFO"}
{"optimizer": "RIO", "no": "0", "best_result": ["0|1|2|3|4|5|6|7|8|9|10|11|12|13|21|22|15|19|23|18|16|17|14|20", 0.125], "run_allowance": 9500, "iterations": 500, "timestamp": 1714981024.588418, "task_uuid": "edce09f9-94d2-4451-9da9-84e62ef50cd5", "task_level": [2], "message_type": "INFO"}
{"optimizer": "RIO", "no": "0", "best_result": ["0|1|2|3|4|5|6|7|8|9|10|11|12|13|21|22|15|19|23|18|16|17|14|20", 0.125], "run_allowance": 9500, "iterations": 500, "timestamp": 1714981024.588418, "task_uuid": "edce09f9-94d2-4451-9da9-84e62ef50cd5", "task_level": [2], "message_type": "INFO"}
{"optimizer": "RIO", "no": "0", "best_result": ["0|1|2|3|4|5|6|7|8|9|10|11|12|13|21|22|15|19|23|18|16|17|14|20", 0.125], "run_allowance": 9500, "iterations": 500, "timestamp": 1714981024.588418, "task_uuid": "edce09f9-94d2-4451-9da9-84e62ef50cd5", "task_level": [2], "message_type": "INFO"}
{"optimizer": "RIO", "no": "0", "best_result": ["0|1|2|3|4|5|6|7|8|9|10|11|12|13|21|22|15|19|23|18|16|17|14|20", 0.125], "run_allowance": 9500, "iterations": 500, "timestamp": 1714981024.588418, "task_uuid": "edce09f9-94d2-4451-9da9-84e62ef50cd5", "task_level": [2], "message_type": "INFO"}
{"optimizer": "RIO", "no": "0", "best_result": ["0|1|2|3|4|5|6|7|8|9|10|11|12|13|21|22|15|19|23|18|16|17|14|20", 0.125], "run_allowance": 9500, "iterations": 500, "timestamp": 1714981024.588418, "task_uuid": "edce09f9-94d2-4451-9da9-84e62ef50cd5", "task_level": [2], "message_type": "INFO"}
{"action_status": "succeeded", "timestamp": 1714981024.5887399, "task_uuid": "edce09f9-94d2-4451-9da9-84e62ef50cd5", "action_type": "LOG_RESULTS", "task_level": [3]}
{"action_status": "succeeded", "timestamp": 1714981024.5887399, "task_uuid": "edce09f9-94d2-4451-9da9-84e62ef50cd5", "action_type": "LOG_RESULTS", "task_level": [3]}
{"action_status": "succeeded", "timestamp": 1714981024.5887399, "task_uuid": "edce09f9-94d2-4451-9da9-84e62ef50cd5", "action_type": "LOG_RESULTS", "task_level": [3]}
{"action_status": "succeeded", "timestamp": 1714981024.5887399, "task_uuid": "edce09f9-94d2-4451-9da9-84e62ef50cd5", "action_type": "LOG_RESULTS", "task_level": [3]}
{"action_status": "succeeded", "timestamp": 1714981024.5887399, "task_uuid": "edce09f9-94d2-4451-9da9-84e62ef50cd5", "action_type": "LOG_RESULTS", "task_level": [3]}
{"action_status": "succeeded", "timestamp": 1714981024.5887399, "task_uuid": "edce09f9-94d2-4451-9da9-84e62ef50cd5", "action_type": "LOG_RESULTS", "task_level": [3]}
{"action_status": "succeeded", "timestamp": 1714981024.5887399, "task_uuid": "edce09f9-94d2-4451-9da9-84e62ef50cd5", "action_type": "LOG_RESULTS", "task_level": [3]}
{"action_status": "succeeded", "timestamp": 1714981024.5887399, "task_uuid": "edce09f9-94d2-4451-9da9-84e62ef50cd5", "action_type": "LOG_RESULTS", "task_level": [3]}
{"action_status": "succeeded", "timestamp": 1714981024.5887399, "task_uuid": "edce09f9-94d2-4451-9da9-84e62ef50cd5", "action_type": "LOG_RESULTS", "task_level": [3]}
{"action_status": "succeeded", "timestamp": 1714981024.5887399, "task_uuid": "edce09f9-94d2-4451-9da9-84e62ef50cd5", "action_type": "LOG_RESULTS", "task_level": [3]}
{"action_status": "started", "timestamp": 1714982088.2650375, "task_uuid": "8c0ea2a7-fc10-4f19-a714-82667fc63d79", "action_type": "LOG_RESULTS", "task_level": [1]}
{"action_status": "started", "timestamp": 1714982088.2650375, "task_uuid": "8c0ea2a7-fc10-4f19-a714-82667fc63d79", "action_type": "LOG_RESULTS", "task_level": [1]}
{"action_status": "started", "timestamp": 1714982088.2650375, "task_uuid": "8c0ea2a7-fc10-4f19-a714-82667fc63d79", "action_type": "LOG_RESULTS", "task_level": [1]}
{"action_status": "started", "timestamp": 1714982088.2650375, "task_uuid": "8c0ea2a7-fc10-4f19-a714-82667fc63d79", "action_type": "LOG_RESULTS", "task_level": [1]}
{"action_status": "started", "timestamp": 1714982088.2650375, "task_uuid": "8c0ea2a7-fc10-4f19-a714-82667fc63d79", "action_type": "LOG_RESULTS", "task_level": [1]}
{"action_status": "started", "timestamp": 1714982088.2650375, "task_uuid": "8c0ea2a7-fc10-4f19-a714-82667fc63d79", "action_type": "LOG_RESULTS", "task_level": [1]}
{"action_status": "started", "timestamp": 1714982088.2650375, "task_uuid": "8c0ea2a7-fc10-4f19-a714-82667fc63d79", "action_type": "LOG_RESULTS", "task_level": [1]}
{"action_status": "started", "timestamp": 1714982088.2650375, "task_uuid": "8c0ea2a7-fc10-4f19-a714-82667fc63d79", "action_type": "LOG_RESULTS", "task_level": [1]}
{"action_status": "started", "timestamp": 1714982088.2650375, "task_uuid": "8c0ea2a7-fc10-4f19-a714-82667fc63d79", "action_type": "LOG_RESULTS", "task_level": [1]}
{"action_status": "started", "timestamp": 1714982088.2650375, "task_uuid": "8c0ea2a7-fc10-4f19-a714-82667fc63d79", "action_type": "LOG_RESULTS", "task_level": [1]}
{"optimizer": "RIO", "no": "1", "best_result": ["0|1|2|3|4|5|6|7|8|9|10|11|12|13|14|15|16|23|17|22|20|19|21|18", 0.126], "run_allowance": 9500, "iterations": 500, "timestamp": 1714982088.2654576, "task_uuid": "8c0ea2a7-fc10-4f19-a714-82667fc63d79", "task_level": [2], "message_type": "INFO"}
{"optimizer": "RIO", "no": "1", "best_result": ["0|1|2|3|4|5|6|7|8|9|10|11|12|13|14|15|16|23|17|22|20|19|21|18", 0.126], "run_allowance": 9500, "iterations": 500, "timestamp": 1714982088.2654576, "task_uuid": "8c0ea2a7-fc10-4f19-a714-82667fc63d79", "task_level": [2], "message_type": "INFO"}
{"optimizer": "RIO", "no": "1", "best_result": ["0|1|2|3|4|5|6|7|8|9|10|11|12|13|14|15|16|23|17|22|20|19|21|18", 0.126], "run_allowance": 9500, "iterations": 500, "timestamp": 1714982088.2654576, "task_uuid": "8c0ea2a7-fc10-4f19-a714-82667fc63d79", "task_level": [2], "message_type": "INFO"}
{"optimizer": "RIO", "no": "1", "best_result": ["0|1|2|3|4|5|6|7|8|9|10|11|12|13|14|15|16|23|17|22|20|19|21|18", 0.126], "run_allowance": 9500, "iterations": 500, "timestamp": 1714982088.2654576, "task_uuid": "8c0ea2a7-fc10-4f19-a714-82667fc63d79", "task_level": [2], "message_type": "INFO"}
{"optimizer": "RIO", "no": "1", "best_result": ["0|1|2|3|4|5|6|7|8|9|10|11|12|13|14|15|16|23|17|22|20|19|21|18", 0.126], "run_allowance": 9500, "iterations": 500, "timestamp": 1714982088.2654576, "task_uuid": "8c0ea2a7-fc10-4f19-a714-82667fc63d79", "task_level": [2], "message_type": "INFO"}
{"optimizer": "RIO", "no": "1", "best_result": ["0|1|2|3|4|5|6|7|8|9|10|11|12|13|14|15|16|23|17|22|20|19|21|18", 0.126], "run_allowance": 9500, "iterations": 500, "timestamp": 1714982088.2654576, "task_uuid": "8c0ea2a7-fc10-4f19-a714-82667fc63d79", "task_level": [2], "message_type": "INFO"}
{"optimizer": "RIO", "no": "1", "best_result": ["0|1|2|3|4|5|6|7|8|9|10|11|12|13|14|15|16|23|17|22|20|19|21|18", 0.126], "run_allowance": 9500, "iterations": 500, "timestamp": 1714982088.2654576, "task_uuid": "8c0ea2a7-fc10-4f19-a714-82667fc63d79", "task_level": [2], "message_type": "INFO"}
{"optimizer": "RIO", "no": "1", "best_result": ["0|1|2|3|4|5|6|7|8|9|10|11|12|13|14|15|16|23|17|22|20|19|21|18", 0.126], "run_allowance": 9500, "iterations": 500, "timestamp": 1714982088.2654576, "task_uuid": "8c0ea2a7-fc10-4f19-a714-82667fc63d79", "task_level": [2], "message_type": "INFO"}
{"optimizer": "RIO", "no": "1", "best_result": ["0|1|2|3|4|5|6|7|8|9|10|11|12|13|14|15|16|23|17|22|20|19|21|18", 0.126], "run_allowance": 9500, "iterations": 500, "timestamp": 1714982088.2654576, "task_uuid": "8c0ea2a7-fc10-4f19-a714-82667fc63d79", "task_level": [2], "message_type": "INFO"}
{"optimizer": "RIO", "no": "1", "best_result": ["0|1|2|3|4|5|6|7|8|9|10|11|12|13|14|15|16|23|17|22|20|19|21|18", 0.126], "run_allowance": 9500, "iterations": 500, "timestamp": 1714982088.2654576, "task_uuid": "8c0ea2a7-fc10-4f19-a714-82667fc63d79", "task_level": [2], "message_type": "INFO"}
{"action_status": "succeeded", "timestamp": 1714982088.2657473, "task_uuid": "8c0ea2a7-fc10-4f19-a714-82667fc63d79", "action_type": "LOG_RESULTS", "task_level": [3]}
{"action_status": "succeeded", "timestamp": 1714982088.2657473, "task_uuid": "8c0ea2a7-fc10-4f19-a714-82667fc63d79", "action_type": "LOG_RESULTS", "task_level": [3]}
{"action_status": "succeeded", "timestamp": 1714982088.2657473, "task_uuid": "8c0ea2a7-fc10-4f19-a714-82667fc63d79", "action_type": "LOG_RESULTS", "task_level": [3]}
{"action_status": "succeeded", "timestamp": 1714982088.2657473, "task_uuid": "8c0ea2a7-fc10-4f19-a714-82667fc63d79", "action_type": "LOG_RESULTS", "task_level": [3]}
{"action_status": "succeeded", "timestamp": 1714982088.2657473, "task_uuid": "8c0ea2a7-fc10-4f19-a714-82667fc63d79", "action_type": "LOG_RESULTS", "task_level": [3]}
{"action_status": "succeeded", "timestamp": 1714982088.2657473, "task_uuid": "8c0ea2a7-fc10-4f19-a714-82667fc63d79", "action_type": "LOG_RESULTS", "task_level": [3]}
{"action_status": "succeeded", "timestamp": 1714982088.2657473, "task_uuid": "8c0ea2a7-fc10-4f19-a714-82667fc63d79", "action_type": "LOG_RESULTS", "task_level": [3]}
{"action_status": "succeeded", "timestamp": 1714982088.2657473, "task_uuid": "8c0ea2a7-fc10-4f19-a714-82667fc63d79", "action_type": "LOG_RESULTS", "task_level": [3]}
{"action_status": "succeeded", "timestamp": 1714982088.2657473, "task_uuid": "8c0ea2a7-fc10-4f19-a714-82667fc63d79", "action_type": "LOG_RESULTS", "task_level": [3]}
{"action_status": "succeeded", "timestamp": 1714982088.2657473, "task_uuid": "8c0ea2a7-fc10-4f19-a714-82667fc63d79", "action_type": "LOG_RESULTS", "task_level": [3]}
{"action_status": "started", "timestamp": 1714983151.0149255, "task_uuid": "b7ec11bf-f8cb-45b0-ab69-aa3e16ef794d", "action_type": "LOG_RESULTS", "task_level": [1]}
{"action_status": "started", "timestamp": 1714983151.0149255, "task_uuid": "b7ec11bf-f8cb-45b0-ab69-aa3e16ef794d", "action_type": "LOG_RESULTS", "task_level": [1]}
{"action_status": "started", "timestamp": 1714983151.0149255, "task_uuid": "b7ec11bf-f8cb-45b0-ab69-aa3e16ef794d", "action_type": "LOG_RESULTS", "task_level": [1]}
{"action_status": "started", "timestamp": 1714983151.0149255, "task_uuid": "b7ec11bf-f8cb-45b0-ab69-aa3e16ef794d", "action_type": "LOG_RESULTS", "task_level": [1]}
{"action_status": "started", "timestamp": 1714983151.0149255, "task_uuid": "b7ec11bf-f8cb-45b0-ab69-aa3e16ef794d", "action_type": "LOG_RESULTS", "task_level": [1]}
{"action_status": "started", "timestamp": 1714983151.0149255, "task_uuid": "b7ec11bf-f8cb-45b0-ab69-aa3e16ef794d", "action_type": "LOG_RESULTS", "task_level": [1]}
{"action_status": "started", "timestamp": 1714983151.0149255, "task_uuid": "b7ec11bf-f8cb-45b0-ab69-aa3e16ef794d", "action_type": "LOG_RESULTS", "task_level": [1]}
{"action_status": "started", "timestamp": 1714983151.0149255, "task_uuid": "b7ec11bf-f8cb-45b0-ab69-aa3e16ef794d", "action_type": "LOG_RESULTS", "task_level": [1]}
{"action_status": "started", "timestamp": 1714983151.0149255, "task_uuid": "b7ec11bf-f8cb-45b0-ab69-aa3e16ef794d", "action_type": "LOG_RESULTS", "task_level": [1]}
{"action_status": "started", "timestamp": 1714983151.0149255, "task_uuid": "b7ec11bf-f8cb-45b0-ab69-aa3e16ef794d", "action_type": "LOG_RESULTS", "task_level": [1]}
{"optimizer": "RIO", "no": "2", "best_result": ["0|1|2|3|4|5|6|7|8|9|10|11|12|13|20|22|17|18|23|21|16|15|14|19", 0.126], "run_allowance": 9500, "iterations": 500, "timestamp": 1714983151.0152833, "task_uuid": "b7ec11bf-f8cb-45b0-ab69-aa3e16ef794d", "task_level": [2], "message_type": "INFO"}
{"optimizer": "RIO", "no": "2", "best_result": ["0|1|2|3|4|5|6|7|8|9|10|11|12|13|20|22|17|18|23|21|16|15|14|19", 0.126], "run_allowance": 9500, "iterations": 500, "timestamp": 1714983151.0152833, "task_uuid": "b7ec11bf-f8cb-45b0-ab69-aa3e16ef794d", "task_level": [2], "message_type": "INFO"}
{"optimizer": "RIO", "no": "2", "best_result": ["0|1|2|3|4|5|6|7|8|9|10|11|12|13|20|22|17|18|23|21|16|15|14|19", 0.126], "run_allowance": 9500, "iterations": 500, "timestamp": 1714983151.0152833, "task_uuid": "b7ec11bf-f8cb-45b0-ab69-aa3e16ef794d", "task_level": [2], "message_type": "INFO"}
{"optimizer": "RIO", "no": "2", "best_result": ["0|1|2|3|4|5|6|7|8|9|10|11|12|13|20|22|17|18|23|21|16|15|14|19", 0.126], "run_allowance": 9500, "iterations": 500, "timestamp": 1714983151.0152833, "task_uuid": "b7ec11bf-f8cb-45b0-ab69-aa3e16ef794d", "task_level": [2], "message_type": "INFO"}
{"optimizer": "RIO", "no": "2", "best_result": ["0|1|2|3|4|5|6|7|8|9|10|11|12|13|20|22|17|18|23|21|16|15|14|19", 0.126], "run_allowance": 9500, "iterations": 500, "timestamp": 1714983151.0152833, "task_uuid": "b7ec11bf-f8cb-45b0-ab69-aa3e16ef794d", "task_level": [2], "message_type": "INFO"}
{"optimizer": "RIO", "no": "2", "best_result": ["0|1|2|3|4|5|6|7|8|9|10|11|12|13|20|22|17|18|23|21|16|15|14|19", 0.126], "run_allowance": 9500, "iterations": 500, "timestamp": 1714983151.0152833, "task_uuid": "b7ec11bf-f8cb-45b0-ab69-aa3e16ef794d", "task_level": [2], "message_type": "INFO"}
{"optimizer": "RIO", "no": "2", "best_result": ["0|1|2|3|4|5|6|7|8|9|10|11|12|13|20|22|17|18|23|21|16|15|14|19", 0.126], "run_allowance": 9500, "iterations": 500, "timestamp": 1714983151.0152833, "task_uuid": "b7ec11bf-f8cb-45b0-ab69-aa3e16ef794d", "task_level": [2], "message_type": "INFO"}
{"optimizer": "RIO", "no": "2", "best_result": ["0|1|2|3|4|5|6|7|8|9|10|11|12|13|20|22|17|18|23|21|16|15|14|19", 0.126], "run_allowance": 9500, "iterations": 500, "timestamp": 1714983151.0152833, "task_uuid": "b7ec11bf-f8cb-45b0-ab69-aa3e16ef794d", "task_level": [2], "message_type": "INFO"}
{"optimizer": "RIO", "no": "2", "best_result": ["0|1|2|3|4|5|6|7|8|9|10|11|12|13|20|22|17|18|23|21|16|15|14|19", 0.126], "run_allowance": 9500, "iterations": 500, "timestamp": 1714983151.0152833, "task_uuid": "b7ec11bf-f8cb-45b0-ab69-aa3e16ef794d", "task_level": [2], "message_type": "INFO"}
{"optimizer": "RIO", "no": "2", "best_result": ["0|1|2|3|4|5|6|7|8|9|10|11|12|13|20|22|17|18|23|21|16|15|14|19", 0.126], "run_allowance": 9500, "iterations": 500, "timestamp": 1714983151.0152833, "task_uuid": "b7ec11bf-f8cb-45b0-ab69-aa3e16ef794d", "task_level": [2], "message_type": "INFO"}
{"action_status": "succeeded", "timestamp": 1714983151.0155928, "task_uuid": "b7ec11bf-f8cb-45b0-ab69-aa3e16ef794d", "action_type": "LOG_RESULTS", "task_level": [3]}
{"action_status": "succeeded", "timestamp": 1714983151.0155928, "task_uuid": "b7ec11bf-f8cb-45b0-ab69-aa3e16ef794d", "action_type": "LOG_RESULTS", "task_level": [3]}
{"action_status": "succeeded", "timestamp": 1714983151.0155928, "task_uuid": "b7ec11bf-f8cb-45b0-ab69-aa3e16ef794d", "action_type": "LOG_RESULTS", "task_level": [3]}
{"action_status": "succeeded", "timestamp": 1714983151.0155928, "task_uuid": "b7ec11bf-f8cb-45b0-ab69-aa3e16ef794d", "action_type": "LOG_RESULTS", "task_level": [3]}
{"action_status": "succeeded", "timestamp": 1714983151.0155928, "task_uuid": "b7ec11bf-f8cb-45b0-ab69-aa3e16ef794d", "action_type": "LOG_RESULTS", "task_level": [3]}
{"action_status": "succeeded", "timestamp": 1714983151.0155928, "task_uuid": "b7ec11bf-f8cb-45b0-ab69-aa3e16ef794d", "action_type": "LOG_RESULTS", "task_level": [3]}
{"action_status": "succeeded", "timestamp": 1714983151.0155928, "task_uuid": "b7ec11bf-f8cb-45b0-ab69-aa3e16ef794d", "action_type": "LOG_RESULTS", "task_level": [3]}
{"action_status": "succeeded", "timestamp": 1714983151.0155928, "task_uuid": "b7ec11bf-f8cb-45b0-ab69-aa3e16ef794d", "action_type": "LOG_RESULTS", "task_level": [3]}
{"action_status": "succeeded", "timestamp": 1714983151.0155928, "task_uuid": "b7ec11bf-f8cb-45b0-ab69-aa3e16ef794d", "action_type": "LOG_RESULTS", "task_level": [3]}
{"action_status": "succeeded", "timestamp": 1714983151.0155928, "task_uuid": "b7ec11bf-f8cb-45b0-ab69-aa3e16ef794d", "action_type": "LOG_RESULTS", "task_level": [3]}
{"action_status": "started", "timestamp": 1714984195.491963, "task_uuid": "076348b6-77c9-4ad9-b2fe-53065a1ca5ef", "action_type": "LOG_RESULTS", "task_level": [1]}
{"action_status": "started", "timestamp": 1714984195.491963, "task_uuid": "076348b6-77c9-4ad9-b2fe-53065a1ca5ef", "action_type": "LOG_RESULTS", "task_level": [1]}
{"action_status": "started", "timestamp": 1714984195.491963, "task_uuid": "076348b6-77c9-4ad9-b2fe-53065a1ca5ef", "action_type": "LOG_RESULTS", "task_level": [1]}
{"action_status": "started", "timestamp": 1714984195.491963, "task_uuid": "076348b6-77c9-4ad9-b2fe-53065a1ca5ef", "action_type": "LOG_RESULTS", "task_level": [1]}
{"action_status": "started", "timestamp": 1714984195.491963, "task_uuid": "076348b6-77c9-4ad9-b2fe-53065a1ca5ef", "action_type": "LOG_RESULTS", "task_level": [1]}
{"action_status": "started", "timestamp": 1714984195.491963, "task_uuid": "076348b6-77c9-4ad9-b2fe-53065a1ca5ef", "action_type": "LOG_RESULTS", "task_level": [1]}
{"action_status": "started", "timestamp": 1714984195.491963, "task_uuid": "076348b6-77c9-4ad9-b2fe-53065a1ca5ef", "action_type": "LOG_RESULTS", "task_level": [1]}
{"action_status": "started", "timestamp": 1714984195.491963, "task_uuid": "076348b6-77c9-4ad9-b2fe-53065a1ca5ef", "action_type": "LOG_RESULTS", "task_level": [1]}
{"action_status": "started", "timestamp": 1714984195.491963, "task_uuid": "076348b6-77c9-4ad9-b2fe-53065a1ca5ef", "action_type": "LOG_RESULTS", "task_level": [1]}
{"action_status": "started", "timestamp": 1714984195.491963, "task_uuid": "076348b6-77c9-4ad9-b2fe-53065a1ca5ef", "action_type": "LOG_RESULTS", "task_level": [1]}
{"optimizer": "RIO", "no": "3", "best_result": ["0|1|2|3|4|5|6|7|8|9|10|11|12|13|17|14|18|20|15|16|21|22|23|19", 0.125], "run_allowance": 9500, "iterations": 500, "timestamp": 1714984195.492393, "task_uuid": "076348b6-77c9-4ad9-b2fe-53065a1ca5ef", "task_level": [2], "message_type": "INFO"}
{"optimizer": "RIO", "no": "3", "best_result": ["0|1|2|3|4|5|6|7|8|9|10|11|12|13|17|14|18|20|15|16|21|22|23|19", 0.125], "run_allowance": 9500, "iterations": 500, "timestamp": 1714984195.492393, "task_uuid": "076348b6-77c9-4ad9-b2fe-53065a1ca5ef", "task_level": [2], "message_type": "INFO"}
{"optimizer": "RIO", "no": "3", "best_result": ["0|1|2|3|4|5|6|7|8|9|10|11|12|13|17|14|18|20|15|16|21|22|23|19", 0.125], "run_allowance": 9500, "iterations": 500, "timestamp": 1714984195.492393, "task_uuid": "076348b6-77c9-4ad9-b2fe-53065a1ca5ef", "task_level": [2], "message_type": "INFO"}
{"optimizer": "RIO", "no": "3", "best_result": ["0|1|2|3|4|5|6|7|8|9|10|11|12|13|17|14|18|20|15|16|21|22|23|19", 0.125], "run_allowance": 9500, "iterations": 500, "timestamp": 1714984195.492393, "task_uuid": "076348b6-77c9-4ad9-b2fe-53065a1ca5ef", "task_level": [2], "message_type": "INFO"}
{"optimizer": "RIO", "no": "3", "best_result": ["0|1|2|3|4|5|6|7|8|9|10|11|12|13|17|14|18|20|15|16|21|22|23|19", 0.125], "run_allowance": 9500, "iterations": 500, "timestamp": 1714984195.492393, "task_uuid": "076348b6-77c9-4ad9-b2fe-53065a1ca5ef", "task_level": [2], "message_type": "INFO"}
{"optimizer": "RIO", "no": "3", "best_result": ["0|1|2|3|4|5|6|7|8|9|10|11|12|13|17|14|18|20|15|16|21|22|23|19", 0.125], "run_allowance": 9500, "iterations": 500, "timestamp": 1714984195.492393, "task_uuid": "076348b6-77c9-4ad9-b2fe-53065a1ca5ef", "task_level": [2], "message_type": "INFO"}
{"optimizer": "RIO", "no": "3", "best_result": ["0|1|2|3|4|5|6|7|8|9|10|11|12|13|17|14|18|20|15|16|21|22|23|19", 0.125], "run_allowance": 9500, "iterations": 500, "timestamp": 1714984195.492393, "task_uuid": "076348b6-77c9-4ad9-b2fe-53065a1ca5ef", "task_level": [2], "message_type": "INFO"}
{"optimizer": "RIO", "no": "3", "best_result": ["0|1|2|3|4|5|6|7|8|9|10|11|12|13|17|14|18|20|15|16|21|22|23|19", 0.125], "run_allowance": 9500, "iterations": 500, "timestamp": 1714984195.492393, "task_uuid": "076348b6-77c9-4ad9-b2fe-53065a1ca5ef", "task_level": [2], "message_type": "INFO"}
{"optimizer": "RIO", "no": "3", "best_result": ["0|1|2|3|4|5|6|7|8|9|10|11|12|13|17|14|18|20|15|16|21|22|23|19", 0.125], "run_allowance": 9500, "iterations": 500, "timestamp": 1714984195.492393, "task_uuid": "076348b6-77c9-4ad9-b2fe-53065a1ca5ef", "task_level": [2], "message_type": "INFO"}
{"optimizer": "RIO", "no": "3", "best_result": ["0|1|2|3|4|5|6|7|8|9|10|11|12|13|17|14|18|20|15|16|21|22|23|19", 0.125], "run_allowance": 9500, "iterations": 500, "timestamp": 1714984195.492393, "task_uuid": "076348b6-77c9-4ad9-b2fe-53065a1ca5ef", "task_level": [2], "message_type": "INFO"}
{"action_status": "succeeded", "timestamp": 1714984195.4927034, "task_uuid": "076348b6-77c9-4ad9-b2fe-53065a1ca5ef", "action_type": "LOG_RESULTS", "task_level": [3]}
{"action_status": "succeeded", "timestamp": 1714984195.4927034, "task_uuid": "076348b6-77c9-4ad9-b2fe-53065a1ca5ef", "action_type": "LOG_RESULTS", "task_level": [3]}
{"action_status": "succeeded", "timestamp": 1714984195.4927034, "task_uuid": "076348b6-77c9-4ad9-b2fe-53065a1ca5ef", "action_type": "LOG_RESULTS", "task_level": [3]}
{"action_status": "succeeded", "timestamp": 1714984195.4927034, "task_uuid": "076348b6-77c9-4ad9-b2fe-53065a1ca5ef", "action_type": "LOG_RESULTS", "task_level": [3]}
{"action_status": "succeeded", "timestamp": 1714984195.4927034, "task_uuid": "076348b6-77c9-4ad9-b2fe-53065a1ca5ef", "action_type": "LOG_RESULTS", "task_level": [3]}
{"action_status": "succeeded", "timestamp": 1714984195.4927034, "task_uuid": "076348b6-77c9-4ad9-b2fe-53065a1ca5ef", "action_type": "LOG_RESULTS", "task_level": [3]}
{"action_status": "succeeded", "timestamp": 1714984195.4927034, "task_uuid": "076348b6-77c9-4ad9-b2fe-53065a1ca5ef", "action_type": "LOG_RESULTS", "task_level": [3]}
{"action_status": "succeeded", "timestamp": 1714984195.4927034, "task_uuid": "076348b6-77c9-4ad9-b2fe-53065a1ca5ef", "action_type": "LOG_RESULTS", "task_level": [3]}
{"action_status": "succeeded", "timestamp": 1714984195.4927034, "task_uuid": "076348b6-77c9-4ad9-b2fe-53065a1ca5ef", "action_type": "LOG_RESULTS", "task_level": [3]}
{"action_status": "succeeded", "timestamp": 1714984195.4927034, "task_uuid": "076348b6-77c9-4ad9-b2fe-53065a1ca5ef", "action_type": "LOG_RESULTS", "task_level": [3]}
{"action_status": "started", "timestamp": 1714985238.4200954, "task_uuid": "6ab8d6ce-9fe3-4b10-86f2-e30a0c7cced2", "action_type": "LOG_RESULTS", "task_level": [1]}
{"action_status": "started", "timestamp": 1714985238.4200954, "task_uuid": "6ab8d6ce-9fe3-4b10-86f2-e30a0c7cced2", "action_type": "LOG_RESULTS", "task_level": [1]}
{"action_status": "started", "timestamp": 1714985238.4200954, "task_uuid": "6ab8d6ce-9fe3-4b10-86f2-e30a0c7cced2", "action_type": "LOG_RESULTS", "task_level": [1]}
{"action_status": "started", "timestamp": 1714985238.4200954, "task_uuid": "6ab8d6ce-9fe3-4b10-86f2-e30a0c7cced2", "action_type": "LOG_RESULTS", "task_level": [1]}
{"action_status": "started", "timestamp": 1714985238.4200954, "task_uuid": "6ab8d6ce-9fe3-4b10-86f2-e30a0c7cced2", "action_type": "LOG_RESULTS", "task_level": [1]}
{"action_status": "started", "timestamp": 1714985238.4200954, "task_uuid": "6ab8d6ce-9fe3-4b10-86f2-e30a0c7cced2", "action_type": "LOG_RESULTS", "task_level": [1]}
{"action_status": "started", "timestamp": 1714985238.4200954, "task_uuid": "6ab8d6ce-9fe3-4b10-86f2-e30a0c7cced2", "action_type": "LOG_RESULTS", "task_level": [1]}
{"action_status": "started", "timestamp": 1714985238.4200954, "task_uuid": "6ab8d6ce-9fe3-4b10-86f2-e30a0c7cced2", "action_type": "LOG_RESULTS", "task_level": [1]}
{"action_status": "started", "timestamp": 1714985238.4200954, "task_uuid": "6ab8d6ce-9fe3-4b10-86f2-e30a0c7cced2", "action_type": "LOG_RESULTS", "task_level": [1]}
{"action_status": "started", "timestamp": 1714985238.4200954, "task_uuid": "6ab8d6ce-9fe3-4b10-86f2-e30a0c7cced2", "action_type": "LOG_RESULTS", "task_level": [1]}
{"optimizer": "RIO", "no": "4", "best_result": ["0|1|2|3|4|5|6|7|8|9|10|11|12|13|20|21|15|19|23|18|14|16|17|22", 0.126], "run_allowance": 9500, "iterations": 500, "timestamp": 1714985238.4204748, "task_uuid": "6ab8d6ce-9fe3-4b10-86f2-e30a0c7cced2", "task_level": [2], "message_type": "INFO"}
{"optimizer": "RIO", "no": "4", "best_result": ["0|1|2|3|4|5|6|7|8|9|10|11|12|13|20|21|15|19|23|18|14|16|17|22", 0.126], "run_allowance": 9500, "iterations": 500, "timestamp": 1714985238.4204748, "task_uuid": "6ab8d6ce-9fe3-4b10-86f2-e30a0c7cced2", "task_level": [2], "message_type": "INFO"}
{"optimizer": "RIO", "no": "4", "best_result": ["0|1|2|3|4|5|6|7|8|9|10|11|12|13|20|21|15|19|23|18|14|16|17|22", 0.126], "run_allowance": 9500, "iterations": 500, "timestamp": 1714985238.4204748, "task_uuid": "6ab8d6ce-9fe3-4b10-86f2-e30a0c7cced2", "task_level": [2], "message_type": "INFO"}
{"optimizer": "RIO", "no": "4", "best_result": ["0|1|2|3|4|5|6|7|8|9|10|11|12|13|20|21|15|19|23|18|14|16|17|22", 0.126], "run_allowance": 9500, "iterations": 500, "timestamp": 1714985238.4204748, "task_uuid": "6ab8d6ce-9fe3-4b10-86f2-e30a0c7cced2", "task_level": [2], "message_type": "INFO"}
{"optimizer": "RIO", "no": "4", "best_result": ["0|1|2|3|4|5|6|7|8|9|10|11|12|13|20|21|15|19|23|18|14|16|17|22", 0.126], "run_allowance": 9500, "iterations": 500, "timestamp": 1714985238.4204748, "task_uuid": "6ab8d6ce-9fe3-4b10-86f2-e30a0c7cced2", "task_level": [2], "message_type": "INFO"}
{"optimizer": "RIO", "no": "4", "best_result": ["0|1|2|3|4|5|6|7|8|9|10|11|12|13|20|21|15|19|23|18|14|16|17|22", 0.126], "run_allowance": 9500, "iterations": 500, "timestamp": 1714985238.4204748, "task_uuid": "6ab8d6ce-9fe3-4b10-86f2-e30a0c7cced2", "task_level": [2], "message_type": "INFO"}
{"optimizer": "RIO", "no": "4", "best_result": ["0|1|2|3|4|5|6|7|8|9|10|11|12|13|20|21|15|19|23|18|14|16|17|22", 0.126], "run_allowance": 9500, "iterations": 500, "timestamp": 1714985238.4204748, "task_uuid": "6ab8d6ce-9fe3-4b10-86f2-e30a0c7cced2", "task_level": [2], "message_type": "INFO"}
{"optimizer": "RIO", "no": "4", "best_result": ["0|1|2|3|4|5|6|7|8|9|10|11|12|13|20|21|15|19|23|18|14|16|17|22", 0.126], "run_allowance": 9500, "iterations": 500, "timestamp": 1714985238.4204748, "task_uuid": "6ab8d6ce-9fe3-4b10-86f2-e30a0c7cced2", "task_level": [2], "message_type": "INFO"}
{"optimizer": "RIO", "no": "4", "best_result": ["0|1|2|3|4|5|6|7|8|9|10|11|12|13|20|21|15|19|23|18|14|16|17|22", 0.126], "run_allowance": 9500, "iterations": 500, "timestamp": 1714985238.4204748, "task_uuid": "6ab8d6ce-9fe3-4b10-86f2-e30a0c7cced2", "task_level": [2], "message_type": "INFO"}
{"optimizer": "RIO", "no": "4", "best_result": ["0|1|2|3|4|5|6|7|8|9|10|11|12|13|20|21|15|19|23|18|14|16|17|22", 0.126], "run_allowance": 9500, "iterations": 500, "timestamp": 1714985238.4204748, "task_uuid": "6ab8d6ce-9fe3-4b10-86f2-e30a0c7cced2", "task_level": [2], "message_type": "INFO"}
{"action_status": "succeeded", "timestamp": 1714985238.4208088, "task_uuid": "6ab8d6ce-9fe3-4b10-86f2-e30a0c7cced2", "action_type": "LOG_RESULTS", "task_level": [3]}
{"action_status": "succeeded", "timestamp": 1714985238.4208088, "task_uuid": "6ab8d6ce-9fe3-4b10-86f2-e30a0c7cced2", "action_type": "LOG_RESULTS", "task_level": [3]}
{"action_status": "succeeded", "timestamp": 1714985238.4208088, "task_uuid": "6ab8d6ce-9fe3-4b10-86f2-e30a0c7cced2", "action_type": "LOG_RESULTS", "task_level": [3]}
{"action_status": "succeeded", "timestamp": 1714985238.4208088, "task_uuid": "6ab8d6ce-9fe3-4b10-86f2-e30a0c7cced2", "action_type": "LOG_RESULTS", "task_level": [3]}
{"action_status": "succeeded", "timestamp": 1714985238.4208088, "task_uuid": "6ab8d6ce-9fe3-4b10-86f2-e30a0c7cced2", "action_type": "LOG_RESULTS", "task_level": [3]}
{"action_status": "succeeded", "timestamp": 1714985238.4208088, "task_uuid": "6ab8d6ce-9fe3-4b10-86f2-e30a0c7cced2", "action_type": "LOG_RESULTS", "task_level": [3]}
{"action_status": "succeeded", "timestamp": 1714985238.4208088, "task_uuid": "6ab8d6ce-9fe3-4b10-86f2-e30a0c7cced2", "action_type": "LOG_RESULTS", "task_level": [3]}
{"action_status": "succeeded", "timestamp": 1714985238.4208088, "task_uuid": "6ab8d6ce-9fe3-4b10-86f2-e30a0c7cced2", "action_type": "LOG_RESULTS", "task_level": [3]}
{"action_status": "succeeded", "timestamp": 1714985238.4208088, "task_uuid": "6ab8d6ce-9fe3-4b10-86f2-e30a0c7cced2", "action_type": "LOG_RESULTS", "task_level": [3]}
{"action_status": "succeeded", "timestamp": 1714985238.4208088, "task_uuid": "6ab8d6ce-9fe3-4b10-86f2-e30a0c7cced2", "action_type": "LOG_RESULTS", "task_level": [3]}
{"action_status": "started", "timestamp": 1714986305.8618069, "task_uuid": "4dd734a8-67c6-40e1-bb5a-41b414234f7a", "action_type": "LOG_RESULTS", "task_level": [1]}
{"action_status": "started", "timestamp": 1714986305.8618069, "task_uuid": "4dd734a8-67c6-40e1-bb5a-41b414234f7a", "action_type": "LOG_RESULTS", "task_level": [1]}
{"action_status": "started", "timestamp": 1714986305.8618069, "task_uuid": "4dd734a8-67c6-40e1-bb5a-41b414234f7a", "action_type": "LOG_RESULTS", "task_level": [1]}
{"action_status": "started", "timestamp": 1714986305.8618069, "task_uuid": "4dd734a8-67c6-40e1-bb5a-41b414234f7a", "action_type": "LOG_RESULTS", "task_level": [1]}
{"action_status": "started", "timestamp": 1714986305.8618069, "task_uuid": "4dd734a8-67c6-40e1-bb5a-41b414234f7a", "action_type": "LOG_RESULTS", "task_level": [1]}
{"action_status": "started", "timestamp": 1714986305.8618069, "task_uuid": "4dd734a8-67c6-40e1-bb5a-41b414234f7a", "action_type": "LOG_RESULTS", "task_level": [1]}
{"action_status": "started", "timestamp": 1714986305.8618069, "task_uuid": "4dd734a8-67c6-40e1-bb5a-41b414234f7a", "action_type": "LOG_RESULTS", "task_level": [1]}
{"action_status": "started", "timestamp": 1714986305.8618069, "task_uuid": "4dd734a8-67c6-40e1-bb5a-41b414234f7a", "action_type": "LOG_RESULTS", "task_level": [1]}
{"action_status": "started", "timestamp": 1714986305.8618069, "task_uuid": "4dd734a8-67c6-40e1-bb5a-41b414234f7a", "action_type": "LOG_RESULTS", "task_level": [1]}
{"action_status": "started", "timestamp": 1714986305.8618069, "task_uuid": "4dd734a8-67c6-40e1-bb5a-41b414234f7a", "action_type": "LOG_RESULTS", "task_level": [1]}
{"optimizer": "RIO", "no": "5", "best_result": ["0|1|2|3|4|5|6|7|8|9|10|11|12|13|20|16|21|19|23|15|22|18|17|14", 0.125], "run_allowance": 9500, "iterations": 500, "timestamp": 1714986305.8622072, "task_uuid": "4dd734a8-67c6-40e1-bb5a-41b414234f7a", "task_level": [2], "message_type": "INFO"}
{"optimizer": "RIO", "no": "5", "best_result": ["0|1|2|3|4|5|6|7|8|9|10|11|12|13|20|16|21|19|23|15|22|18|17|14", 0.125], "run_allowance": 9500, "iterations": 500, "timestamp": 1714986305.8622072, "task_uuid": "4dd734a8-67c6-40e1-bb5a-41b414234f7a", "task_level": [2], "message_type": "INFO"}
{"optimizer": "RIO", "no": "5", "best_result": ["0|1|2|3|4|5|6|7|8|9|10|11|12|13|20|16|21|19|23|15|22|18|17|14", 0.125], "run_allowance": 9500, "iterations": 500, "timestamp": 1714986305.8622072, "task_uuid": "4dd734a8-67c6-40e1-bb5a-41b414234f7a", "task_level": [2], "message_type": "INFO"}
{"optimizer": "RIO", "no": "5", "best_result": ["0|1|2|3|4|5|6|7|8|9|10|11|12|13|20|16|21|19|23|15|22|18|17|14", 0.125], "run_allowance": 9500, "iterations": 500, "timestamp": 1714986305.8622072, "task_uuid": "4dd734a8-67c6-40e1-bb5a-41b414234f7a", "task_level": [2], "message_type": "INFO"}
{"optimizer": "RIO", "no": "5", "best_result": ["0|1|2|3|4|5|6|7|8|9|10|11|12|13|20|16|21|19|23|15|22|18|17|14", 0.125], "run_allowance": 9500, "iterations": 500, "timestamp": 1714986305.8622072, "task_uuid": "4dd734a8-67c6-40e1-bb5a-41b414234f7a", "task_level": [2], "message_type": "INFO"}
{"optimizer": "RIO", "no": "5", "best_result": ["0|1|2|3|4|5|6|7|8|9|10|11|12|13|20|16|21|19|23|15|22|18|17|14", 0.125], "run_allowance": 9500, "iterations": 500, "timestamp": 1714986305.8622072, "task_uuid": "4dd734a8-67c6-40e1-bb5a-41b414234f7a", "task_level": [2], "message_type": "INFO"}
{"optimizer": "RIO", "no": "5", "best_result": ["0|1|2|3|4|5|6|7|8|9|10|11|12|13|20|16|21|19|23|15|22|18|17|14", 0.125], "run_allowance": 9500, "iterations": 500, "timestamp": 1714986305.8622072, "task_uuid": "4dd734a8-67c6-40e1-bb5a-41b414234f7a", "task_level": [2], "message_type": "INFO"}
{"optimizer": "RIO", "no": "5", "best_result": ["0|1|2|3|4|5|6|7|8|9|10|11|12|13|20|16|21|19|23|15|22|18|17|14", 0.125], "run_allowance": 9500, "iterations": 500, "timestamp": 1714986305.8622072, "task_uuid": "4dd734a8-67c6-40e1-bb5a-41b414234f7a", "task_level": [2], "message_type": "INFO"}
{"optimizer": "RIO", "no": "5", "best_result": ["0|1|2|3|4|5|6|7|8|9|10|11|12|13|20|16|21|19|23|15|22|18|17|14", 0.125], "run_allowance": 9500, "iterations": 500, "timestamp": 1714986305.8622072, "task_uuid": "4dd734a8-67c6-40e1-bb5a-41b414234f7a", "task_level": [2], "message_type": "INFO"}
{"optimizer": "RIO", "no": "5", "best_result": ["0|1|2|3|4|5|6|7|8|9|10|11|12|13|20|16|21|19|23|15|22|18|17|14", 0.125], "run_allowance": 9500, "iterations": 500, "timestamp": 1714986305.8622072, "task_uuid": "4dd734a8-67c6-40e1-bb5a-41b414234f7a", "task_level": [2], "message_type": "INFO"}
{"action_status": "succeeded", "timestamp": 1714986305.8624992, "task_uuid": "4dd734a8-67c6-40e1-bb5a-41b414234f7a", "action_type": "LOG_RESULTS", "task_level": [3]}
{"action_status": "succeeded", "timestamp": 1714986305.8624992, "task_uuid": "4dd734a8-67c6-40e1-bb5a-41b414234f7a", "action_type": "LOG_RESULTS", "task_level": [3]}
{"action_status": "succeeded", "timestamp": 1714986305.8624992, "task_uuid": "4dd734a8-67c6-40e1-bb5a-41b414234f7a", "action_type": "LOG_RESULTS", "task_level": [3]}
{"action_status": "succeeded", "timestamp": 1714986305.8624992, "task_uuid": "4dd734a8-67c6-40e1-bb5a-41b414234f7a", "action_type": "LOG_RESULTS", "task_level": [3]}
{"action_status": "succeeded", "timestamp": 1714986305.8624992, "task_uuid": "4dd734a8-67c6-40e1-bb5a-41b414234f7a", "action_type": "LOG_RESULTS", "task_level": [3]}
{"action_status": "succeeded", "timestamp": 1714986305.8624992, "task_uuid": "4dd734a8-67c6-40e1-bb5a-41b414234f7a", "action_type": "LOG_RESULTS", "task_level": [3]}
{"action_status": "succeeded", "timestamp": 1714986305.8624992, "task_uuid": "4dd734a8-67c6-40e1-bb5a-41b414234f7a", "action_type": "LOG_RESULTS", "task_level": [3]}
{"action_status": "succeeded", "timestamp": 1714986305.8624992, "task_uuid": "4dd734a8-67c6-40e1-bb5a-41b414234f7a", "action_type": "LOG_RESULTS", "task_level": [3]}
{"action_status": "succeeded", "timestamp": 1714986305.8624992, "task_uuid": "4dd734a8-67c6-40e1-bb5a-41b414234f7a", "action_type": "LOG_RESULTS", "task_level": [3]}
{"action_status": "succeeded", "timestamp": 1714986305.8624992, "task_uuid": "4dd734a8-67c6-40e1-bb5a-41b414234f7a", "action_type": "LOG_RESULTS", "task_level": [3]}
{"action_status": "started", "timestamp": 1714987350.7047768, "task_uuid": "4328f799-e98a-401a-ac04-6b8ae82e04fd", "action_type": "LOG_RESULTS", "task_level": [1]}
{"action_status": "started", "timestamp": 1714987350.7047768, "task_uuid": "4328f799-e98a-401a-ac04-6b8ae82e04fd", "action_type": "LOG_RESULTS", "task_level": [1]}
{"action_status": "started", "timestamp": 1714987350.7047768, "task_uuid": "4328f799-e98a-401a-ac04-6b8ae82e04fd", "action_type": "LOG_RESULTS", "task_level": [1]}
{"action_status": "started", "timestamp": 1714987350.7047768, "task_uuid": "4328f799-e98a-401a-ac04-6b8ae82e04fd", "action_type": "LOG_RESULTS", "task_level": [1]}
{"action_status": "started", "timestamp": 1714987350.7047768, "task_uuid": "4328f799-e98a-401a-ac04-6b8ae82e04fd", "action_type": "LOG_RESULTS", "task_level": [1]}
{"action_status": "started", "timestamp": 1714987350.7047768, "task_uuid": "4328f799-e98a-401a-ac04-6b8ae82e04fd", "action_type": "LOG_RESULTS", "task_level": [1]}
{"action_status": "started", "timestamp": 1714987350.7047768, "task_uuid": "4328f799-e98a-401a-ac04-6b8ae82e04fd", "action_type": "LOG_RESULTS", "task_level": [1]}
{"action_status": "started", "timestamp": 1714987350.7047768, "task_uuid": "4328f799-e98a-401a-ac04-6b8ae82e04fd", "action_type": "LOG_RESULTS", "task_level": [1]}
{"action_status": "started", "timestamp": 1714987350.7047768, "task_uuid": "4328f799-e98a-401a-ac04-6b8ae82e04fd", "action_type": "LOG_RESULTS", "task_level": [1]}
{"action_status": "started", "timestamp": 1714987350.7047768, "task_uuid": "4328f799-e98a-401a-ac04-6b8ae82e04fd", "action_type": "LOG_RESULTS", "task_level": [1]}
{"optimizer": "RIO", "no": "6", "best_result": ["0|1|2|3|4|5|6|7|8|9|10|11|12|13|21|14|22|23|18|19|17|16|15|20", 0.126], "run_allowance": 9500, "iterations": 500, "timestamp": 1714987350.7051551, "task_uuid": "4328f799-e98a-401a-ac04-6b8ae82e04fd", "task_level": [2], "message_type": "INFO"}
{"optimizer": "RIO", "no": "6", "best_result": ["0|1|2|3|4|5|6|7|8|9|10|11|12|13|21|14|22|23|18|19|17|16|15|20", 0.126], "run_allowance": 9500, "iterations": 500, "timestamp": 1714987350.7051551, "task_uuid": "4328f799-e98a-401a-ac04-6b8ae82e04fd", "task_level": [2], "message_type": "INFO"}
{"optimizer": "RIO", "no": "6", "best_result": ["0|1|2|3|4|5|6|7|8|9|10|11|12|13|21|14|22|23|18|19|17|16|15|20", 0.126], "run_allowance": 9500, "iterations": 500, "timestamp": 1714987350.7051551, "task_uuid": "4328f799-e98a-401a-ac04-6b8ae82e04fd", "task_level": [2], "message_type": "INFO"}
{"optimizer": "RIO", "no": "6", "best_result": ["0|1|2|3|4|5|6|7|8|9|10|11|12|13|21|14|22|23|18|19|17|16|15|20", 0.126], "run_allowance": 9500, "iterations": 500, "timestamp": 1714987350.7051551, "task_uuid": "4328f799-e98a-401a-ac04-6b8ae82e04fd", "task_level": [2], "message_type": "INFO"}
{"optimizer": "RIO", "no": "6", "best_result": ["0|1|2|3|4|5|6|7|8|9|10|11|12|13|21|14|22|23|18|19|17|16|15|20", 0.126], "run_allowance": 9500, "iterations": 500, "timestamp": 1714987350.7051551, "task_uuid": "4328f799-e98a-401a-ac04-6b8ae82e04fd", "task_level": [2], "message_type": "INFO"}
{"optimizer": "RIO", "no": "6", "best_result": ["0|1|2|3|4|5|6|7|8|9|10|11|12|13|21|14|22|23|18|19|17|16|15|20", 0.126], "run_allowance": 9500, "iterations": 500, "timestamp": 1714987350.7051551, "task_uuid": "4328f799-e98a-401a-ac04-6b8ae82e04fd", "task_level": [2], "message_type": "INFO"}
{"optimizer": "RIO", "no": "6", "best_result": ["0|1|2|3|4|5|6|7|8|9|10|11|12|13|21|14|22|23|18|19|17|16|15|20", 0.126], "run_allowance": 9500, "iterations": 500, "timestamp": 1714987350.7051551, "task_uuid": "4328f799-e98a-401a-ac04-6b8ae82e04fd", "task_level": [2], "message_type": "INFO"}
{"optimizer": "RIO", "no": "6", "best_result": ["0|1|2|3|4|5|6|7|8|9|10|11|12|13|21|14|22|23|18|19|17|16|15|20", 0.126], "run_allowance": 9500, "iterations": 500, "timestamp": 1714987350.7051551, "task_uuid": "4328f799-e98a-401a-ac04-6b8ae82e04fd", "task_level": [2], "message_type": "INFO"}
{"optimizer": "RIO", "no": "6", "best_result": ["0|1|2|3|4|5|6|7|8|9|10|11|12|13|21|14|22|23|18|19|17|16|15|20", 0.126], "run_allowance": 9500, "iterations": 500, "timestamp": 1714987350.7051551, "task_uuid": "4328f799-e98a-401a-ac04-6b8ae82e04fd", "task_level": [2], "message_type": "INFO"}
{"optimizer": "RIO", "no": "6", "best_result": ["0|1|2|3|4|5|6|7|8|9|10|11|12|13|21|14|22|23|18|19|17|16|15|20", 0.126], "run_allowance": 9500, "iterations": 500, "timestamp": 1714987350.7051551, "task_uuid": "4328f799-e98a-401a-ac04-6b8ae82e04fd", "task_level": [2], "message_type": "INFO"}
{"action_status": "succeeded", "timestamp": 1714987350.7054894, "task_uuid": "4328f799-e98a-401a-ac04-6b8ae82e04fd", "action_type": "LOG_RESULTS", "task_level": [3]}
{"action_status": "succeeded", "timestamp": 1714987350.7054894, "task_uuid": "4328f799-e98a-401a-ac04-6b8ae82e04fd", "action_type": "LOG_RESULTS", "task_level": [3]}
{"action_status": "succeeded", "timestamp": 1714987350.7054894, "task_uuid": "4328f799-e98a-401a-ac04-6b8ae82e04fd", "action_type": "LOG_RESULTS", "task_level": [3]}
{"action_status": "succeeded", "timestamp": 1714987350.7054894, "task_uuid": "4328f799-e98a-401a-ac04-6b8ae82e04fd", "action_type": "LOG_RESULTS", "task_level": [3]}
{"action_status": "succeeded", "timestamp": 1714987350.7054894, "task_uuid": "4328f799-e98a-401a-ac04-6b8ae82e04fd", "action_type": "LOG_RESULTS", "task_level": [3]}
{"action_status": "succeeded", "timestamp": 1714987350.7054894, "task_uuid": "4328f799-e98a-401a-ac04-6b8ae82e04fd", "action_type": "LOG_RESULTS", "task_level": [3]}
{"action_status": "succeeded", "timestamp": 1714987350.7054894, "task_uuid": "4328f799-e98a-401a-ac04-6b8ae82e04fd", "action_type": "LOG_RESULTS", "task_level": [3]}
{"action_status": "succeeded", "timestamp": 1714987350.7054894, "task_uuid": "4328f799-e98a-401a-ac04-6b8ae82e04fd", "action_type": "LOG_RESULTS", "task_level": [3]}
{"action_status": "succeeded", "timestamp": 1714987350.7054894, "task_uuid": "4328f799-e98a-401a-ac04-6b8ae82e04fd", "action_type": "LOG_RESULTS", "task_level": [3]}
{"action_status": "succeeded", "timestamp": 1714987350.7054894, "task_uuid": "4328f799-e98a-401a-ac04-6b8ae82e04fd", "action_type": "LOG_RESULTS", "task_level": [3]}
{"action_status": "started", "timestamp": 1714988394.4955363, "task_uuid": "ca230ecb-58b9-4b20-9dc4-39bc325b59dc", "action_type": "LOG_RESULTS", "task_level": [1]}
{"action_status": "started", "timestamp": 1714988394.4955363, "task_uuid": "ca230ecb-58b9-4b20-9dc4-39bc325b59dc", "action_type": "LOG_RESULTS", "task_level": [1]}
{"action_status": "started", "timestamp": 1714988394.4955363, "task_uuid": "ca230ecb-58b9-4b20-9dc4-39bc325b59dc", "action_type": "LOG_RESULTS", "task_level": [1]}
{"action_status": "started", "timestamp": 1714988394.4955363, "task_uuid": "ca230ecb-58b9-4b20-9dc4-39bc325b59dc", "action_type": "LOG_RESULTS", "task_level": [1]}
{"action_status": "started", "timestamp": 1714988394.4955363, "task_uuid": "ca230ecb-58b9-4b20-9dc4-39bc325b59dc", "action_type": "LOG_RESULTS", "task_level": [1]}
{"action_status": "started", "timestamp": 1714988394.4955363, "task_uuid": "ca230ecb-58b9-4b20-9dc4-39bc325b59dc", "action_type": "LOG_RESULTS", "task_level": [1]}
{"action_status": "started", "timestamp": 1714988394.4955363, "task_uuid": "ca230ecb-58b9-4b20-9dc4-39bc325b59dc", "action_type": "LOG_RESULTS", "task_level": [1]}
{"action_status": "started", "timestamp": 1714988394.4955363, "task_uuid": "ca230ecb-58b9-4b20-9dc4-39bc325b59dc", "action_type": "LOG_RESULTS", "task_level": [1]}
{"action_status": "started", "timestamp": 1714988394.4955363, "task_uuid": "ca230ecb-58b9-4b20-9dc4-39bc325b59dc", "action_type": "LOG_RESULTS", "task_level": [1]}
{"action_status": "started", "timestamp": 1714988394.4955363, "task_uuid": "ca230ecb-58b9-4b20-9dc4-39bc325b59dc", "action_type": "LOG_RESULTS", "task_level": [1]}
{"optimizer": "RIO", "no": "7", "best_result": ["0|1|2|3|4|5|6|7|8|9|10|11|12|13|16|14|17|20|18|21|23|22|19|15", 0.126], "run_allowance": 9500, "iterations": 500, "timestamp": 1714988394.4959633, "task_uuid": "ca230ecb-58b9-4b20-9dc4-39bc325b59dc", "task_level": [2], "message_type": "INFO"}
{"optimizer": "RIO", "no": "7", "best_result": ["0|1|2|3|4|5|6|7|8|9|10|11|12|13|16|14|17|20|18|21|23|22|19|15", 0.126], "run_allowance": 9500, "iterations": 500, "timestamp": 1714988394.4959633, "task_uuid": "ca230ecb-58b9-4b20-9dc4-39bc325b59dc", "task_level": [2], "message_type": "INFO"}
{"optimizer": "RIO", "no": "7", "best_result": ["0|1|2|3|4|5|6|7|8|9|10|11|12|13|16|14|17|20|18|21|23|22|19|15", 0.126], "run_allowance": 9500, "iterations": 500, "timestamp": 1714988394.4959633, "task_uuid": "ca230ecb-58b9-4b20-9dc4-39bc325b59dc", "task_level": [2], "message_type": "INFO"}
{"optimizer": "RIO", "no": "7", "best_result": ["0|1|2|3|4|5|6|7|8|9|10|11|12|13|16|14|17|20|18|21|23|22|19|15", 0.126], "run_allowance": 9500, "iterations": 500, "timestamp": 1714988394.4959633, "task_uuid": "ca230ecb-58b9-4b20-9dc4-39bc325b59dc", "task_level": [2], "message_type": "INFO"}
{"optimizer": "RIO", "no": "7", "best_result": ["0|1|2|3|4|5|6|7|8|9|10|11|12|13|16|14|17|20|18|21|23|22|19|15", 0.126], "run_allowance": 9500, "iterations": 500, "timestamp": 1714988394.4959633, "task_uuid": "ca230ecb-58b9-4b20-9dc4-39bc325b59dc", "task_level": [2], "message_type": "INFO"}
{"optimizer": "RIO", "no": "7", "best_result": ["0|1|2|3|4|5|6|7|8|9|10|11|12|13|16|14|17|20|18|21|23|22|19|15", 0.126], "run_allowance": 9500, "iterations": 500, "timestamp": 1714988394.4959633, "task_uuid": "ca230ecb-58b9-4b20-9dc4-39bc325b59dc", "task_level": [2], "message_type": "INFO"}
{"optimizer": "RIO", "no": "7", "best_result": ["0|1|2|3|4|5|6|7|8|9|10|11|12|13|16|14|17|20|18|21|23|22|19|15", 0.126], "run_allowance": 9500, "iterations": 500, "timestamp": 1714988394.4959633, "task_uuid": "ca230ecb-58b9-4b20-9dc4-39bc325b59dc", "task_level": [2], "message_type": "INFO"}
{"optimizer": "RIO", "no": "7", "best_result": ["0|1|2|3|4|5|6|7|8|9|10|11|12|13|16|14|17|20|18|21|23|22|19|15", 0.126], "run_allowance": 9500, "iterations": 500, "timestamp": 1714988394.4959633, "task_uuid": "ca230ecb-58b9-4b20-9dc4-39bc325b59dc", "task_level": [2], "message_type": "INFO"}
{"optimizer": "RIO", "no": "7", "best_result": ["0|1|2|3|4|5|6|7|8|9|10|11|12|13|16|14|17|20|18|21|23|22|19|15", 0.126], "run_allowance": 9500, "iterations": 500, "timestamp": 1714988394.4959633, "task_uuid": "ca230ecb-58b9-4b20-9dc4-39bc325b59dc", "task_level": [2], "message_type": "INFO"}
{"optimizer": "RIO", "no": "7", "best_result": ["0|1|2|3|4|5|6|7|8|9|10|11|12|13|16|14|17|20|18|21|23|22|19|15", 0.126], "run_allowance": 9500, "iterations": 500, "timestamp": 1714988394.4959633, "task_uuid": "ca230ecb-58b9-4b20-9dc4-39bc325b59dc", "task_level": [2], "message_type": "INFO"}
{"action_status": "succeeded", "timestamp": 1714988394.4963026, "task_uuid": "ca230ecb-58b9-4b20-9dc4-39bc325b59dc", "action_type": "LOG_RESULTS", "task_level": [3]}
{"action_status": "succeeded", "timestamp": 1714988394.4963026, "task_uuid": "ca230ecb-58b9-4b20-9dc4-39bc325b59dc", "action_type": "LOG_RESULTS", "task_level": [3]}
{"action_status": "succeeded", "timestamp": 1714988394.4963026, "task_uuid": "ca230ecb-58b9-4b20-9dc4-39bc325b59dc", "action_type": "LOG_RESULTS", "task_level": [3]}
{"action_status": "succeeded", "timestamp": 1714988394.4963026, "task_uuid": "ca230ecb-58b9-4b20-9dc4-39bc325b59dc", "action_type": "LOG_RESULTS", "task_level": [3]}
{"action_status": "succeeded", "timestamp": 1714988394.4963026, "task_uuid": "ca230ecb-58b9-4b20-9dc4-39bc325b59dc", "action_type": "LOG_RESULTS", "task_level": [3]}
{"action_status": "succeeded", "timestamp": 1714988394.4963026, "task_uuid": "ca230ecb-58b9-4b20-9dc4-39bc325b59dc", "action_type": "LOG_RESULTS", "task_level": [3]}
{"action_status": "succeeded", "timestamp": 1714988394.4963026, "task_uuid": "ca230ecb-58b9-4b20-9dc4-39bc325b59dc", "action_type": "LOG_RESULTS", "task_level": [3]}
{"action_status": "succeeded", "timestamp": 1714988394.4963026, "task_uuid": "ca230ecb-58b9-4b20-9dc4-39bc325b59dc", "action_type": "LOG_RESULTS", "task_level": [3]}
{"action_status": "succeeded", "timestamp": 1714988394.4963026, "task_uuid": "ca230ecb-58b9-4b20-9dc4-39bc325b59dc", "action_type": "LOG_RESULTS", "task_level": [3]}
{"action_status": "succeeded", "timestamp": 1714988394.4963026, "task_uuid": "ca230ecb-58b9-4b20-9dc4-39bc325b59dc", "action_type": "LOG_RESULTS", "task_level": [3]}
{"action_status": "started", "timestamp": 1714989464.260619, "task_uuid": "b32cbd27-b5a2-488a-8cff-7c10325b65e3", "action_type": "LOG_RESULTS", "task_level": [1]}
{"action_status": "started", "timestamp": 1714989464.260619, "task_uuid": "b32cbd27-b5a2-488a-8cff-7c10325b65e3", "action_type": "LOG_RESULTS", "task_level": [1]}
{"action_status": "started", "timestamp": 1714989464.260619, "task_uuid": "b32cbd27-b5a2-488a-8cff-7c10325b65e3", "action_type": "LOG_RESULTS", "task_level": [1]}
{"action_status": "started", "timestamp": 1714989464.260619, "task_uuid": "b32cbd27-b5a2-488a-8cff-7c10325b65e3", "action_type": "LOG_RESULTS", "task_level": [1]}
{"action_status": "started", "timestamp": 1714989464.260619, "task_uuid": "b32cbd27-b5a2-488a-8cff-7c10325b65e3", "action_type": "LOG_RESULTS", "task_level": [1]}
{"action_status": "started", "timestamp": 1714989464.260619, "task_uuid": "b32cbd27-b5a2-488a-8cff-7c10325b65e3", "action_type": "LOG_RESULTS", "task_level": [1]}
{"action_status": "started", "timestamp": 1714989464.260619, "task_uuid": "b32cbd27-b5a2-488a-8cff-7c10325b65e3", "action_type": "LOG_RESULTS", "task_level": [1]}
{"action_status": "started", "timestamp": 1714989464.260619, "task_uuid": "b32cbd27-b5a2-488a-8cff-7c10325b65e3", "action_type": "LOG_RESULTS", "task_level": [1]}
{"action_status": "started", "timestamp": 1714989464.260619, "task_uuid": "b32cbd27-b5a2-488a-8cff-7c10325b65e3", "action_type": "LOG_RESULTS", "task_level": [1]}
{"action_status": "started", "timestamp": 1714989464.260619, "task_uuid": "b32cbd27-b5a2-488a-8cff-7c10325b65e3", "action_type": "LOG_RESULTS", "task_level": [1]}
{"optimizer": "RIO", "no": "8", "best_result": ["0|1|2|3|4|5|6|7|8|9|10|11|12|13|20|21|16|18|23|22|14|15|19|17", 0.125], "run_allowance": 9500, "iterations": 500, "timestamp": 1714989464.2610176, "task_uuid": "b32cbd27-b5a2-488a-8cff-7c10325b65e3", "task_level": [2], "message_type": "INFO"}
{"optimizer": "RIO", "no": "8", "best_result": ["0|1|2|3|4|5|6|7|8|9|10|11|12|13|20|21|16|18|23|22|14|15|19|17", 0.125], "run_allowance": 9500, "iterations": 500, "timestamp": 1714989464.2610176, "task_uuid": "b32cbd27-b5a2-488a-8cff-7c10325b65e3", "task_level": [2], "message_type": "INFO"}
{"optimizer": "RIO", "no": "8", "best_result": ["0|1|2|3|4|5|6|7|8|9|10|11|12|13|20|21|16|18|23|22|14|15|19|17", 0.125], "run_allowance": 9500, "iterations": 500, "timestamp": 1714989464.2610176, "task_uuid": "b32cbd27-b5a2-488a-8cff-7c10325b65e3", "task_level": [2], "message_type": "INFO"}
{"optimizer": "RIO", "no": "8", "best_result": ["0|1|2|3|4|5|6|7|8|9|10|11|12|13|20|21|16|18|23|22|14|15|19|17", 0.125], "run_allowance": 9500, "iterations": 500, "timestamp": 1714989464.2610176, "task_uuid": "b32cbd27-b5a2-488a-8cff-7c10325b65e3", "task_level": [2], "message_type": "INFO"}
{"optimizer": "RIO", "no": "8", "best_result": ["0|1|2|3|4|5|6|7|8|9|10|11|12|13|20|21|16|18|23|22|14|15|19|17", 0.125], "run_allowance": 9500, "iterations": 500, "timestamp": 1714989464.2610176, "task_uuid": "b32cbd27-b5a2-488a-8cff-7c10325b65e3", "task_level": [2], "message_type": "INFO"}
{"optimizer": "RIO", "no": "8", "best_result": ["0|1|2|3|4|5|6|7|8|9|10|11|12|13|20|21|16|18|23|22|14|15|19|17", 0.125], "run_allowance": 9500, "iterations": 500, "timestamp": 1714989464.2610176, "task_uuid": "b32cbd27-b5a2-488a-8cff-7c10325b65e3", "task_level": [2], "message_type": "INFO"}
{"optimizer": "RIO", "no": "8", "best_result": ["0|1|2|3|4|5|6|7|8|9|10|11|12|13|20|21|16|18|23|22|14|15|19|17", 0.125], "run_allowance": 9500, "iterations": 500, "timestamp": 1714989464.2610176, "task_uuid": "b32cbd27-b5a2-488a-8cff-7c10325b65e3", "task_level": [2], "message_type": "INFO"}
{"optimizer": "RIO", "no": "8", "best_result": ["0|1|2|3|4|5|6|7|8|9|10|11|12|13|20|21|16|18|23|22|14|15|19|17", 0.125], "run_allowance": 9500, "iterations": 500, "timestamp": 1714989464.2610176, "task_uuid": "b32cbd27-b5a2-488a-8cff-7c10325b65e3", "task_level": [2], "message_type": "INFO"}
{"optimizer": "RIO", "no": "8", "best_result": ["0|1|2|3|4|5|6|7|8|9|10|11|12|13|20|21|16|18|23|22|14|15|19|17", 0.125], "run_allowance": 9500, "iterations": 500, "timestamp": 1714989464.2610176, "task_uuid": "b32cbd27-b5a2-488a-8cff-7c10325b65e3", "task_level": [2], "message_type": "INFO"}
{"optimizer": "RIO", "no": "8", "best_result": ["0|1|2|3|4|5|6|7|8|9|10|11|12|13|20|21|16|18|23|22|14|15|19|17", 0.125], "run_allowance": 9500, "iterations": 500, "timestamp": 1714989464.2610176, "task_uuid": "b32cbd27-b5a2-488a-8cff-7c10325b65e3", "task_level": [2], "message_type": "INFO"}
{"action_status": "succeeded", "timestamp": 1714989464.2613475, "task_uuid": "b32cbd27-b5a2-488a-8cff-7c10325b65e3", "action_type": "LOG_RESULTS", "task_level": [3]}
{"action_status": "succeeded", "timestamp": 1714989464.2613475, "task_uuid": "b32cbd27-b5a2-488a-8cff-7c10325b65e3", "action_type": "LOG_RESULTS", "task_level": [3]}
{"action_status": "succeeded", "timestamp": 1714989464.2613475, "task_uuid": "b32cbd27-b5a2-488a-8cff-7c10325b65e3", "action_type": "LOG_RESULTS", "task_level": [3]}
{"action_status": "succeeded", "timestamp": 1714989464.2613475, "task_uuid": "b32cbd27-b5a2-488a-8cff-7c10325b65e3", "action_type": "LOG_RESULTS", "task_level": [3]}
{"action_status": "succeeded", "timestamp": 1714989464.2613475, "task_uuid": "b32cbd27-b5a2-488a-8cff-7c10325b65e3", "action_type": "LOG_RESULTS", "task_level": [3]}
{"action_status": "succeeded", "timestamp": 1714989464.2613475, "task_uuid": "b32cbd27-b5a2-488a-8cff-7c10325b65e3", "action_type": "LOG_RESULTS", "task_level": [3]}
{"action_status": "succeeded", "timestamp": 1714989464.2613475, "task_uuid": "b32cbd27-b5a2-488a-8cff-7c10325b65e3", "action_type": "LOG_RESULTS", "task_level": [3]}
{"action_status": "succeeded", "timestamp": 1714989464.2613475, "task_uuid": "b32cbd27-b5a2-488a-8cff-7c10325b65e3", "action_type": "LOG_RESULTS", "task_level": [3]}
{"action_status": "succeeded", "timestamp": 1714989464.2613475, "task_uuid": "b32cbd27-b5a2-488a-8cff-7c10325b65e3", "action_type": "LOG_RESULTS", "task_level": [3]}
{"action_status": "succeeded", "timestamp": 1714989464.2613475, "task_uuid": "b32cbd27-b5a2-488a-8cff-7c10325b65e3", "action_type": "LOG_RESULTS", "task_level": [3]}
{"action_status": "started", "timestamp": 1714990509.0455363, "task_uuid": "3609123f-a58c-48d5-9102-a7c51d3575bb", "action_type": "LOG_RESULTS", "task_level": [1]}
{"action_status": "started", "timestamp": 1714990509.0455363, "task_uuid": "3609123f-a58c-48d5-9102-a7c51d3575bb", "action_type": "LOG_RESULTS", "task_level": [1]}
{"action_status": "started", "timestamp": 1714990509.0455363, "task_uuid": "3609123f-a58c-48d5-9102-a7c51d3575bb", "action_type": "LOG_RESULTS", "task_level": [1]}
{"action_status": "started", "timestamp": 1714990509.0455363, "task_uuid": "3609123f-a58c-48d5-9102-a7c51d3575bb", "action_type": "LOG_RESULTS", "task_level": [1]}
{"action_status": "started", "timestamp": 1714990509.0455363, "task_uuid": "3609123f-a58c-48d5-9102-a7c51d3575bb", "action_type": "LOG_RESULTS", "task_level": [1]}
{"action_status": "started", "timestamp": 1714990509.0455363, "task_uuid": "3609123f-a58c-48d5-9102-a7c51d3575bb", "action_type": "LOG_RESULTS", "task_level": [1]}
{"action_status": "started", "timestamp": 1714990509.0455363, "task_uuid": "3609123f-a58c-48d5-9102-a7c51d3575bb", "action_type": "LOG_RESULTS", "task_level": [1]}
{"action_status": "started", "timestamp": 1714990509.0455363, "task_uuid": "3609123f-a58c-48d5-9102-a7c51d3575bb", "action_type": "LOG_RESULTS", "task_level": [1]}
{"action_status": "started", "timestamp": 1714990509.0455363, "task_uuid": "3609123f-a58c-48d5-9102-a7c51d3575bb", "action_type": "LOG_RESULTS", "task_level": [1]}
{"action_status": "started", "timestamp": 1714990509.0455363, "task_uuid": "3609123f-a58c-48d5-9102-a7c51d3575bb", "action_type": "LOG_RESULTS", "task_level": [1]}
{"optimizer": "RIO", "no": "9", "best_result": ["0|1|2|3|4|5|6|7|8|9|10|11|12|13|16|22|20|15|19|23|21|14|18|17", 0.125], "run_allowance": 9500, "iterations": 500, "timestamp": 1714990509.0459669, "task_uuid": "3609123f-a58c-48d5-9102-a7c51d3575bb", "task_level": [2], "message_type": "INFO"}
{"optimizer": "RIO", "no": "9", "best_result": ["0|1|2|3|4|5|6|7|8|9|10|11|12|13|16|22|20|15|19|23|21|14|18|17", 0.125], "run_allowance": 9500, "iterations": 500, "timestamp": 1714990509.0459669, "task_uuid": "3609123f-a58c-48d5-9102-a7c51d3575bb", "task_level": [2], "message_type": "INFO"}
{"optimizer": "RIO", "no": "9", "best_result": ["0|1|2|3|4|5|6|7|8|9|10|11|12|13|16|22|20|15|19|23|21|14|18|17", 0.125], "run_allowance": 9500, "iterations": 500, "timestamp": 1714990509.0459669, "task_uuid": "3609123f-a58c-48d5-9102-a7c51d3575bb", "task_level": [2], "message_type": "INFO"}
{"optimizer": "RIO", "no": "9", "best_result": ["0|1|2|3|4|5|6|7|8|9|10|11|12|13|16|22|20|15|19|23|21|14|18|17", 0.125], "run_allowance": 9500, "iterations": 500, "timestamp": 1714990509.0459669, "task_uuid": "3609123f-a58c-48d5-9102-a7c51d3575bb", "task_level": [2], "message_type": "INFO"}
{"optimizer": "RIO", "no": "9", "best_result": ["0|1|2|3|4|5|6|7|8|9|10|11|12|13|16|22|20|15|19|23|21|14|18|17", 0.125], "run_allowance": 9500, "iterations": 500, "timestamp": 1714990509.0459669, "task_uuid": "3609123f-a58c-48d5-9102-a7c51d3575bb", "task_level": [2], "message_type": "INFO"}
{"optimizer": "RIO", "no": "9", "best_result": ["0|1|2|3|4|5|6|7|8|9|10|11|12|13|16|22|20|15|19|23|21|14|18|17", 0.125], "run_allowance": 9500, "iterations": 500, "timestamp": 1714990509.0459669, "task_uuid": "3609123f-a58c-48d5-9102-a7c51d3575bb", "task_level": [2], "message_type": "INFO"}
{"optimizer": "RIO", "no": "9", "best_result": ["0|1|2|3|4|5|6|7|8|9|10|11|12|13|16|22|20|15|19|23|21|14|18|17", 0.125], "run_allowance": 9500, "iterations": 500, "timestamp": 1714990509.0459669, "task_uuid": "3609123f-a58c-48d5-9102-a7c51d3575bb", "task_level": [2], "message_type": "INFO"}
{"optimizer": "RIO", "no": "9", "best_result": ["0|1|2|3|4|5|6|7|8|9|10|11|12|13|16|22|20|15|19|23|21|14|18|17", 0.125], "run_allowance": 9500, "iterations": 500, "timestamp": 1714990509.0459669, "task_uuid": "3609123f-a58c-48d5-9102-a7c51d3575bb", "task_level": [2], "message_type": "INFO"}
{"optimizer": "RIO", "no": "9", "best_result": ["0|1|2|3|4|5|6|7|8|9|10|11|12|13|16|22|20|15|19|23|21|14|18|17", 0.125], "run_allowance": 9500, "iterations": 500, "timestamp": 1714990509.0459669, "task_uuid": "3609123f-a58c-48d5-9102-a7c51d3575bb", "task_level": [2], "message_type": "INFO"}
{"optimizer": "RIO", "no": "9", "best_result": ["0|1|2|3|4|5|6|7|8|9|10|11|12|13|16|22|20|15|19|23|21|14|18|17", 0.125], "run_allowance": 9500, "iterations": 500, "timestamp": 1714990509.0459669, "task_uuid": "3609123f-a58c-48d5-9102-a7c51d3575bb", "task_level": [2], "message_type": "INFO"}
{"action_status": "succeeded", "timestamp": 1714990509.046298, "task_uuid": "3609123f-a58c-48d5-9102-a7c51d3575bb", "action_type": "LOG_RESULTS", "task_level": [3]}
{"action_status": "succeeded", "timestamp": 1714990509.046298, "task_uuid": "3609123f-a58c-48d5-9102-a7c51d3575bb", "action_type": "LOG_RESULTS", "task_level": [3]}
{"action_status": "succeeded", "timestamp": 1714990509.046298, "task_uuid": "3609123f-a58c-48d5-9102-a7c51d3575bb", "action_type": "LOG_RESULTS", "task_level": [3]}
{"action_status": "succeeded", "timestamp": 1714990509.046298, "task_uuid": "3609123f-a58c-48d5-9102-a7c51d3575bb", "action_type": "LOG_RESULTS", "task_level": [3]}
{"action_status": "succeeded", "timestamp": 1714990509.046298, "task_uuid": "3609123f-a58c-48d5-9102-a7c51d3575bb", "action_type": "LOG_RESULTS", "task_level": [3]}
{"action_status": "succeeded", "timestamp": 1714990509.046298, "task_uuid": "3609123f-a58c-48d5-9102-a7c51d3575bb", "action_type": "LOG_RESULTS", "task_level": [3]}
{"action_status": "succeeded", "timestamp": 1714990509.046298, "task_uuid": "3609123f-a58c-48d5-9102-a7c51d3575bb", "action_type": "LOG_RESULTS", "task_level": [3]}
{"action_status": "succeeded", "timestamp": 1714990509.046298, "task_uuid": "3609123f-a58c-48d5-9102-a7c51d3575bb", "action_type": "LOG_RESULTS", "task_level": [3]}
{"action_status": "succeeded", "timestamp": 1714990509.046298, "task_uuid": "3609123f-a58c-48d5-9102-a7c51d3575bb", "action_type": "LOG_RESULTS", "task_level": [3]}
{"action_status": "succeeded", "timestamp": 1714990509.046298, "task_uuid": "3609123f-a58c-48d5-9102-a7c51d3575bb", "action_type": "LOG_RESULTS", "task_level": [3]}
