{"test_path": "real/hidden", "test_desc": "TryNewProgram", "action_status": "started", "timestamp": 1698874216.0405233, "task_uuid": "5ae427f3-5809-4220-afe4-45cfd25be365", "action_type": "OPTIMIZER_CREATION", "task_level": [1]}
{"action_status": "started", "timestamp": 1698874216.0410209, "task_uuid": "5ae427f3-5809-4220-afe4-45cfd25be365", "action_type": "LOG_RESULTS", "task_level": [2, 1]}
{"action_status": "succeeded", "timestamp": 1698874216.04204, "task_uuid": "5ae427f3-5809-4220-afe4-45cfd25be365", "action_type": "OPTIMIZER_CREATION", "task_level": [3]}
{"action_status": "started", "timestamp": 1698874979.8808084, "task_uuid": "e06537f0-be95-4fda-b4be-b05fddf119a0", "action_type": "ERROR_CANDIDATE", "task_level": [1]}
{"optimizer": "BOCA", "message": "No unique candidate found.", "iteration": 160, "all_candidates": [], "timestamp": 1698874979.8810503, "task_uuid": "e06537f0-be95-4fda-b4be-b05fddf119a0", "task_level": [2], "message_type": "ERROR"}
{"action_status": "succeeded", "timestamp": 1698874979.881124, "task_uuid": "e06537f0-be95-4fda-b4be-b05fddf119a0", "action_type": "ERROR_CANDIDATE", "task_level": [3]}
{"action_status": "started", "timestamp": 1698874982.1195722, "task_uuid": "ff739bb7-e896-4965-910e-200b477fa430", "action_type": "ERROR_CANDIDATE", "task_level": [1]}
{"optimizer": "BOCA", "message": "No unique candidate found.", "iteration": 161, "all_candidates": [], "timestamp": 1698874982.1196918, "task_uuid": "ff739bb7-e896-4965-910e-200b477fa430", "task_level": [2], "message_type": "ERROR"}
{"action_status": "succeeded", "timestamp": 1698874982.1197517, "task_uuid": "ff739bb7-e896-4965-910e-200b477fa430", "action_type": "ERROR_CANDIDATE", "task_level": [3]}
{"action_status": "started", "timestamp": 1698874985.0040936, "task_uuid": "20badede-bc9c-4ef4-bb9e-42b67733d476", "action_type": "ERROR_CANDIDATE", "task_level": [1]}
{"optimizer": "BOCA", "message": "No unique candidate found.", "iteration": 162, "all_candidates": [], "timestamp": 1698874985.0042248, "task_uuid": "20badede-bc9c-4ef4-bb9e-42b67733d476", "task_level": [2], "message_type": "ERROR"}
{"action_status": "succeeded", "timestamp": 1698874985.004699, "task_uuid": "20badede-bc9c-4ef4-bb9e-42b67733d476", "action_type": "ERROR_CANDIDATE", "task_level": [3]}
{"action_status": "started", "timestamp": 1698874987.315001, "task_uuid": "7ee4183d-757b-4353-acca-f8fb90a327dd", "action_type": "ERROR_CANDIDATE", "task_level": [1]}
{"optimizer": "BOCA", "message": "No unique candidate found.", "iteration": 163, "all_candidates": [], "timestamp": 1698874987.3151388, "task_uuid": "7ee4183d-757b-4353-acca-f8fb90a327dd", "task_level": [2], "message_type": "ERROR"}
{"action_status": "succeeded", "timestamp": 1698874987.3151991, "task_uuid": "7ee4183d-757b-4353-acca-f8fb90a327dd", "action_type": "ERROR_CANDIDATE", "task_level": [3]}
{"action_status": "started", "timestamp": 1698874989.622903, "task_uuid": "dc3bbea6-2218-40cc-a6b4-5e302c12ad77", "action_type": "ERROR_CANDIDATE", "task_level": [1]}
{"optimizer": "BOCA", "message": "No unique candidate found.", "iteration": 164, "all_candidates": [], "timestamp": 1698874989.623026, "task_uuid": "dc3bbea6-2218-40cc-a6b4-5e302c12ad77", "task_level": [2], "message_type": "ERROR"}
{"action_status": "succeeded", "timestamp": 1698874989.6230838, "task_uuid": "dc3bbea6-2218-40cc-a6b4-5e302c12ad77", "action_type": "ERROR_CANDIDATE", "task_level": [3]}
{"action_status": "started", "timestamp": 1698874992.6031313, "task_uuid": "6ed16f57-0c1c-4891-a65e-9218c867b9a8", "action_type": "ERROR_CANDIDATE", "task_level": [1]}
{"optimizer": "BOCA", "message": "No unique candidate found.", "iteration": 165, "all_candidates": [], "timestamp": 1698874992.6032603, "task_uuid": "6ed16f57-0c1c-4891-a65e-9218c867b9a8", "task_level": [2], "message_type": "ERROR"}
{"action_status": "succeeded", "timestamp": 1698874992.6033187, "task_uuid": "6ed16f57-0c1c-4891-a65e-9218c867b9a8", "action_type": "ERROR_CANDIDATE", "task_level": [3]}
{"action_status": "started", "timestamp": 1698874995.6142833, "task_uuid": "f66d56da-35fa-415f-89fd-73b99903850a", "action_type": "ERROR_CANDIDATE", "task_level": [1]}
{"optimizer": "BOCA", "message": "No unique candidate found.", "iteration": 166, "all_candidates": [], "timestamp": 1698874995.6144278, "task_uuid": "f66d56da-35fa-415f-89fd-73b99903850a", "task_level": [2], "message_type": "ERROR"}
{"action_status": "succeeded", "timestamp": 1698874995.614489, "task_uuid": "f66d56da-35fa-415f-89fd-73b99903850a", "action_type": "ERROR_CANDIDATE", "task_level": [3]}
{"action_status": "started", "timestamp": 1698874997.843806, "task_uuid": "bb2ca21e-1446-48f6-945d-837ff4e8a468", "action_type": "ERROR_CANDIDATE", "task_level": [1]}
{"optimizer": "BOCA", "message": "No unique candidate found.", "iteration": 167, "all_candidates": [], "timestamp": 1698874997.8439307, "task_uuid": "bb2ca21e-1446-48f6-945d-837ff4e8a468", "task_level": [2], "message_type": "ERROR"}
{"action_status": "succeeded", "timestamp": 1698874997.8439906, "task_uuid": "bb2ca21e-1446-48f6-945d-837ff4e8a468", "action_type": "ERROR_CANDIDATE", "task_level": [3]}
{"action_status": "started", "timestamp": 1698875000.075455, "task_uuid": "508fd8e1-767c-4ebe-b9aa-46aee8a7fadd", "action_type": "ERROR_CANDIDATE", "task_level": [1]}
{"optimizer": "BOCA", "message": "No unique candidate found.", "iteration": 168, "all_candidates": [], "timestamp": 1698875000.0755806, "task_uuid": "508fd8e1-767c-4ebe-b9aa-46aee8a7fadd", "task_level": [2], "message_type": "ERROR"}
{"action_status": "succeeded", "timestamp": 1698875000.0756395, "task_uuid": "508fd8e1-767c-4ebe-b9aa-46aee8a7fadd", "action_type": "ERROR_CANDIDATE", "task_level": [3]}
{"action_status": "started", "timestamp": 1698875002.7167177, "task_uuid": "c96b68b5-09a6-4702-9b9c-3ad438b20e04", "action_type": "ERROR_CANDIDATE", "task_level": [1]}
{"optimizer": "BOCA", "message": "No unique candidate found.", "iteration": 169, "all_candidates": [], "timestamp": 1698875002.716842, "task_uuid": "c96b68b5-09a6-4702-9b9c-3ad438b20e04", "task_level": [2], "message_type": "ERROR"}
{"action_status": "succeeded", "timestamp": 1698875002.716901, "task_uuid": "c96b68b5-09a6-4702-9b9c-3ad438b20e04", "action_type": "ERROR_CANDIDATE", "task_level": [3]}
{"action_status": "started", "timestamp": 1698875003.1150098, "task_uuid": "7292ab99-cb29-4ae9-9c96-95199c95e037", "action_type": "LOG_RESULTS", "task_level": [1]}
{"optimizer": "BOCA", "no": "0", "best_result": [["-O0", "-O0", "-fcase-merge", "-floopification", "-fignore-interface-pragmas", "-fomit-yields", "-fmax-inline-memcpy-insns=32", "-fstrictness", "-fdmd-tx-dict-sel", "-fexcess-precision", "-fstrictness-before=1", "-fmax-inline-memset-insns=32", "-fdo-eta-reduction", "-funfolding-dict-discount=30", "-fvectorise", "-funfolding-fun-discount=60"], 0.508], "run_allowance": 334, "iterations": 0, "timestamp": 1698875003.1151283, "task_uuid": "7292ab99-cb29-4ae9-9c96-95199c95e037", "task_level": [2], "message_type": "INFO"}
{"action_status": "succeeded", "timestamp": 1698875003.1152062, "task_uuid": "7292ab99-cb29-4ae9-9c96-95199c95e037", "action_type": "LOG_RESULTS", "task_level": [3]}
