Main Function Call
Iterative Optimization Selected...
Iterative Optimizer
Apply Preset Task to: real/grep
Configuring baseline... -O0, -O2
Applying command to real/grep
CompletedProcess(args='make -C real/grep EXTRA_HC_OPTS="-O0 "   NoFibRuns=5 mode=fast 2>&1 | tee logs//grep-iterative-O0-fast-nofib-log', returncode=0, stdout="make: Entering directory '/home/pepercr/Documents/pepercr-thesis/nofib/real/grep'\nHC = /usr/bin/ghc\nHC_OPTS = -Wno-tabs -Rghc-timing -H32m -hisuf hi -O0 -rtsopts\nRUNTEST_OPTS = -ghc-timing +RTS -V0 -RTS\n==nofib== grep: size of grep follows...\n   text\t   data\t    bss\t    dec\t    hex\tfilename\n 872135\t  61864\t  16200\t 950199\t  e7fb7\tgrep\n==nofib== grep: time to run grep follows...\n../../runstdtest/runstdtest ./grep -i  grep.faststdin -o1 grep.faststdout -o1 grep.stdout  -ghc-timing +RTS -V0 -RTS    100 .*:..*;   ../../runstdtest/runstdtest ./grep -i  grep.faststdin -o1 grep.faststdout -o1 grep.stdout  -ghc-timing +RTS -V0 -RTS    100 .*:..*;   ../../runstdtest/runstdtest ./grep -i  grep.faststdin -o1 grep.faststdout -o1 grep.stdout  -ghc-timing +RTS -V0 -RTS    100 .*:..*;   ../../runstdtest/runstdtest ./grep -i  grep.faststdin -o1 grep.faststdout -o1 grep.stdout  -ghc-timing +RTS -V0 -RTS    100 .*:..*;   ../../runstdtest/runstdtest ./grep -i  grep.faststdin -o1 grep.faststdout -o1 grep.stdout  -ghc-timing +RTS -V0 -RTS    100 .*:..*;\n0.31user 0.00system 0:00.32elapsed 99%CPU (0avgtext+0avgdata 5888maxresident)k\n0inputs+16outputs (0major+748minor)pagefaults 0swaps\n<<ghc: 1042858944 bytes, 937 GCs (935 + 2), 0/181456 avg/max bytes residency (2 samples), 44958328 bytes GC work, 0M in use, 0.000 INIT (0.000 elapsed), 0.260 MUT (0.260 elapsed), 0.058 GC (0.058 elapsed), 0.056 GC(0) (0.056 elapsed), 0.002 GC(1) (0.002 elapsed), 1 balance :ghc>>\n0.31user 0.00system 0:00.32elapsed 100%CPU (0avgtext+0avgdata 5888maxresident)k\n0inputs+16outputs (0major+749minor)pagefaults 0swaps\n<<ghc: 1042858944 bytes, 937 GCs (935 + 2), 0/181456 avg/max bytes residency (2 samples), 44958328 bytes GC work, 0M in use, 0.000 INIT (0.000 elapsed), 0.261 MUT (0.261 elapsed), 0.058 GC (0.058 elapsed), 0.057 GC(0) (0.057 elapsed), 0.001 GC(1) (0.001 elapsed), 1 balance :ghc>>\n0.29user 0.01system 0:00.31elapsed 99%CPU (0avgtext+0avgdata 5760maxresident)k\n0inputs+16outputs (0major+748minor)pagefaults 0swaps\n<<ghc: 1042858944 bytes, 937 GCs (935 + 2), 0/181456 avg/max bytes residency (2 samples), 44958328 bytes GC work, 0M in use, 0.000 INIT (0.000 elapsed), 0.257 MUT (0.257 elapsed), 0.056 GC (0.056 elapsed), 0.056 GC(0) (0.056 elapsed), 0.000 GC(1) (0.000 elapsed), 1 balance :ghc>>\n0.31user 0.00system 0:00.32elapsed 99%CPU (0avgtext+0avgdata 5760maxresident)k\n0inputs+16outputs (0major+748minor)pagefaults 0swaps\n<<ghc: 1042858944 bytes, 937 GCs (935 + 2), 0/181456 avg/max bytes residency (2 samples), 44958328 bytes GC work, 0M in use, 0.001 INIT (0.001 elapsed), 0.259 MUT (0.260 elapsed), 0.057 GC (0.057 elapsed), 0.057 GC(0) (0.057 elapsed), 0.000 GC(1) (0.000 elapsed), 1 balance :ghc>>\n0.31user 0.00system 0:00.31elapsed 99%CPU (0avgtext+0avgdata 5888maxresident)k\n0inputs+16outputs (0major+746minor)pagefaults 0swaps\n<<ghc: 1042858944 bytes, 937 GCs (935 + 2), 0/181456 avg/max bytes residency (2 samples), 44958328 bytes GC work, 0M in use, 0.000 INIT (0.000 elapsed), 0.259 MUT (0.259 elapsed), 0.056 GC (0.056 elapsed), 0.055 GC(0) (0.055 elapsed), 0.000 GC(1) (0.000 elapsed), 1 balance :ghc>>\nmake: Leaving directory '/home/pepercr/Documents/pepercr-thesis/nofib/real/grep'\n", stderr='')
Applying command to real/grep
CompletedProcess(args='make -C real/grep EXTRA_HC_OPTS="-O2 "   NoFibRuns=5 mode=fast 2>&1 | tee logs//grep-iterative-O2-fast-nofib-log', returncode=0, stdout="make: Entering directory '/home/pepercr/Documents/pepercr-thesis/nofib/real/grep'\nHC = /usr/bin/ghc\nHC_OPTS = -Wno-tabs -Rghc-timing -H32m -hisuf hi -O2 -rtsopts\nRUNTEST_OPTS = -ghc-timing +RTS -V0 -RTS\n==nofib== grep: size of grep follows...\n   text\t   data\t    bss\t    dec\t    hex\tfilename\n 872135\t  61864\t  16200\t 950199\t  e7fb7\tgrep\n==nofib== grep: time to run grep follows...\n../../runstdtest/runstdtest ./grep -i  grep.faststdin -o1 grep.faststdout -o1 grep.stdout  -ghc-timing +RTS -V0 -RTS    100 .*:..*;   ../../runstdtest/runstdtest ./grep -i  grep.faststdin -o1 grep.faststdout -o1 grep.stdout  -ghc-timing +RTS -V0 -RTS    100 .*:..*;   ../../runstdtest/runstdtest ./grep -i  grep.faststdin -o1 grep.faststdout -o1 grep.stdout  -ghc-timing +RTS -V0 -RTS    100 .*:..*;   ../../runstdtest/runstdtest ./grep -i  grep.faststdin -o1 grep.faststdout -o1 grep.stdout  -ghc-timing +RTS -V0 -RTS    100 .*:..*;   ../../runstdtest/runstdtest ./grep -i  grep.faststdin -o1 grep.faststdout -o1 grep.stdout  -ghc-timing +RTS -V0 -RTS    100 .*:..*;\n0.31user 0.00system 0:00.31elapsed 100%CPU (0avgtext+0avgdata 5760maxresident)k\n0inputs+16outputs (0major+745minor)pagefaults 0swaps\n<<ghc: 1042858944 bytes, 937 GCs (935 + 2), 0/181456 avg/max bytes residency (2 samples), 44958328 bytes GC work, 0M in use, 0.000 INIT (0.000 elapsed), 0.260 MUT (0.260 elapsed), 0.057 GC (0.057 elapsed), 0.057 GC(0) (0.057 elapsed), 0.000 GC(1) (0.000 elapsed), 1 balance :ghc>>\n0.31user 0.00system 0:00.31elapsed 100%CPU (0avgtext+0avgdata 5760maxresident)k\n0inputs+16outputs (0major+749minor)pagefaults 0swaps\n<<ghc: 1042858944 bytes, 937 GCs (935 + 2), 0/181456 avg/max bytes residency (2 samples), 44958328 bytes GC work, 0M in use, 0.000 INIT (0.000 elapsed), 0.259 MUT (0.259 elapsed), 0.057 GC (0.057 elapsed), 0.056 GC(0) (0.056 elapsed), 0.000 GC(1) (0.000 elapsed), 1 balance :ghc>>\n0.31user 0.00system 0:00.31elapsed 99%CPU (0avgtext+0avgdata 5760maxresident)k\n0inputs+16outputs (0major+747minor)pagefaults 0swaps\n<<ghc: 1042858944 bytes, 937 GCs (935 + 2), 0/181456 avg/max bytes residency (2 samples), 44958328 bytes GC work, 0M in use, 0.000 INIT (0.000 elapsed), 0.259 MUT (0.259 elapsed), 0.056 GC (0.056 elapsed), 0.056 GC(0) (0.056 elapsed), 0.000 GC(1) (0.000 elapsed), 1 balance :ghc>>\n0.31user 0.00system 0:00.32elapsed 100%CPU (0avgtext+0avgdata 5888maxresident)k\n0inputs+16outputs (0major+750minor)pagefaults 0swaps\n<<ghc: 1042858944 bytes, 937 GCs (935 + 2), 0/181456 avg/max bytes residency (2 samples), 44958328 bytes GC work, 0M in use, 0.000 INIT (0.000 elapsed), 0.263 MUT (0.263 elapsed), 0.058 GC (0.058 elapsed), 0.057 GC(0) (0.057 elapsed), 0.000 GC(1) (0.000 elapsed), 1 balance :ghc>>\n0.31user 0.00system 0:00.32elapsed 100%CPU (0avgtext+0avgdata 5888maxresident)k\n0inputs+16outputs (0major+749minor)pagefaults 0swaps\n<<ghc: 1042858944 bytes, 937 GCs (935 + 2), 0/181456 avg/max bytes residency (2 samples), 44958328 bytes GC work, 0M in use, 0.000 INIT (0.000 elapsed), 0.261 MUT (0.261 elapsed), 0.061 GC (0.061 elapsed), 0.060 GC(0) (0.060 elapsed), 0.000 GC(1) (0.000 elapsed), 1 balance :ghc>>\nmake: Leaving directory '/home/pepercr/Documents/pepercr-thesis/nofib/real/grep'\n", stderr='')
Applying preset 0 command to real/grep

Applying preset 1 command to real/grep

Applying preset 2 command to real/grep

Applying preset 3 command to real/grep

Applying preset 4 command to real/grep

Applying preset 5 command to real/grep

Applying preset 6 command to real/grep

Applying preset 7 command to real/grep

Applying preset 8 command to real/grep

Applying preset 9 command to real/grep

Applying preset 10 command to real/grep

Applying preset 11 command to real/grep

Applying preset 12 command to real/grep

Applying preset 13 command to real/grep

Applying preset 14 command to real/grep

Applying preset 15 command to real/grep

Applying preset 16 command to real/grep

Applying preset 17 command to real/grep

Applying preset 18 command to real/grep

Applying preset 19 command to real/grep

Applying preset 20 command to real/grep

Applying preset 21 command to real/grep

Applying preset 22 command to real/grep

Applying preset 23 command to real/grep

Applying preset 24 command to real/grep

Applying preset 25 command to real/grep

Applying preset 26 command to real/grep

Applying preset 27 command to real/grep

Applying preset 28 command to real/grep

Applying preset 29 command to real/grep

Applying preset 30 command to real/grep

Applying preset 31 command to real/grep

Applying preset 32 command to real/grep

Applying preset 33 command to real/grep

Applying preset 34 command to real/grep

Applying preset 35 command to real/grep

Applying preset 36 command to real/grep

Applying preset 37 command to real/grep

Applying preset 38 command to real/grep

Applying preset 39 command to real/grep

Applying preset 40 command to real/grep

Applying preset 41 command to real/grep

Applying preset 42 command to real/grep

Applying preset 43 command to real/grep

Applying preset 44 command to real/grep

Applying preset 45 command to real/grep

Applying preset 46 command to real/grep

Applying preset 47 command to real/grep

Applying preset 48 command to real/grep

Applying preset 49 command to real/grep

Applying preset 50 command to real/grep

Applying preset 51 command to real/grep

Applying preset 52 command to real/grep

Applying preset 53 command to real/grep

Applying preset 54 command to real/grep

Applying preset 55 command to real/grep

Applying preset 56 command to real/grep

Applying preset 57 command to real/grep

Applying preset 58 command to real/grep

Applying preset 59 command to real/grep

Applying preset 60 command to real/grep

Applying preset 61 command to real/grep

Applying preset 62 command to real/grep

Applying preset 63 command to real/grep

Applying preset 64 command to real/grep

Applying preset 65 command to real/grep

Applying preset 66 command to real/grep

Applying preset 67 command to real/grep

Applying preset 68 command to real/grep

Applying preset 69 command to real/grep

Applying preset 70 command to real/grep

Applying preset 71 command to real/grep

Applying preset 72 command to real/grep

Applying preset 73 command to real/grep

Applying preset 74 command to real/grep

Applying preset 75 command to real/grep

Applying preset 76 command to real/grep

Applying preset 77 command to real/grep

Applying preset 78 command to real/grep

Applying preset 79 command to real/grep

Applying preset 80 command to real/grep

Applying preset 81 command to real/grep

Applying preset 82 command to real/grep

Applying preset 83 command to real/grep

Applying preset 84 command to real/grep

Applying preset 85 command to real/grep

Applying preset 86 command to real/grep

Applying preset 87 command to real/grep

Applying preset 88 command to real/grep

Applying preset 89 command to real/grep

Applying preset 90 command to real/grep

Applying preset 91 command to real/grep

Applying preset 92 command to real/grep

Applying preset 93 command to real/grep

Applying preset 94 command to real/grep

Applying preset 95 command to real/grep

Applying preset 96 command to real/grep

Applying preset 97 command to real/grep

Applying preset 98 command to real/grep

Applying preset 99 command to real/grep

Applying preset 100 command to real/grep

Applying preset 101 command to real/grep

Applying preset 102 command to real/grep

Applying preset 103 command to real/grep

Applying preset 104 command to real/grep

Applying preset 105 command to real/grep

Applying preset 106 command to real/grep

Applying preset 107 command to real/grep

Applying preset 108 command to real/grep

Applying preset 109 command to real/grep

Applying preset 110 command to real/grep

Applying preset 111 command to real/grep

Applying preset 112 command to real/grep

Applying preset 113 command to real/grep

Applying preset 114 command to real/grep

Applying preset 115 command to real/grep

Applying preset 116 command to real/grep

Applying preset 117 command to real/grep

Applying preset 118 command to real/grep

Applying preset 119 command to real/grep

Applying preset 120 command to real/grep

Applying preset 121 command to real/grep

Applying preset 122 command to real/grep

Applying preset 123 command to real/grep

Applying preset 124 command to real/grep

Applying preset 125 command to real/grep

Applying preset 126 command to real/grep

Applying preset 127 command to real/grep

Applying preset 128 command to real/grep

Applying preset 129 command to real/grep

Applying preset 130 command to real/grep

Applying preset 131 command to real/grep

Applying preset 132 command to real/grep

Applying preset 133 command to real/grep

Applying preset 134 command to real/grep

Applying preset 135 command to real/grep

Applying preset 136 command to real/grep

Applying preset 137 command to real/grep

Applying preset 138 command to real/grep

Applying preset 139 command to real/grep

Applying preset 140 command to real/grep

Applying preset 141 command to real/grep

Applying preset 142 command to real/grep

Applying preset 143 command to real/grep

Applying preset 144 command to real/grep

Applying preset 145 command to real/grep

Applying preset 146 command to real/grep

Applying preset 147 command to real/grep

Applying preset 148 command to real/grep

Applying preset 149 command to real/grep

Applying preset 150 command to real/grep

Applying preset 151 command to real/grep

Applying preset 152 command to real/grep

Applying preset 153 command to real/grep

Applying preset 154 command to real/grep

Applying preset 155 command to real/grep

Applying preset 156 command to real/grep

Applying preset 157 command to real/grep

Applying preset 158 command to real/grep

Applying preset 159 command to real/grep

Applying preset 160 command to real/grep

Applying preset 161 command to real/grep

Applying preset 162 command to real/grep

Applying preset 163 command to real/grep

Applying preset 164 command to real/grep

Applying preset 165 command to real/grep

Applying preset 166 command to real/grep

Applying preset 167 command to real/grep

Applying preset 168 command to real/grep

Applying preset 169 command to real/grep

Applying preset 170 command to real/grep

Applying preset 171 command to real/grep

Applying preset 172 command to real/grep

Applying preset 173 command to real/grep

Applying preset 174 command to real/grep

Applying preset 175 command to real/grep

Applying preset 176 command to real/grep

Applying preset 177 command to real/grep

Applying preset 178 command to real/grep

Applying preset 179 command to real/grep

Applying preset 180 command to real/grep

Applying preset 181 command to real/grep

Applying preset 182 command to real/grep

Applying preset 183 command to real/grep

Applying preset 184 command to real/grep

Applying preset 185 command to real/grep

Applying preset 186 command to real/grep

Applying preset 187 command to real/grep

Applying preset 188 command to real/grep

Applying preset 189 command to real/grep

Applying preset 190 command to real/grep

Applying preset 191 command to real/grep

Applying preset 192 command to real/grep

Applying preset 193 command to real/grep

Applying preset 194 command to real/grep

Applying preset 195 command to real/grep

Applying preset 196 command to real/grep

Applying preset 197 command to real/grep

Applying preset 198 command to real/grep

Applying preset 199 command to real/grep

Applying preset 200 command to real/grep

Applying preset 201 command to real/grep

Applying preset 202 command to real/grep

Applying preset 203 command to real/grep

Applying preset 204 command to real/grep

Applying preset 205 command to real/grep

Applying preset 206 command to real/grep

Applying preset 207 command to real/grep

Applying preset 208 command to real/grep

Applying preset 209 command to real/grep

Applying preset 210 command to real/grep

Applying preset 211 command to real/grep

Applying preset 212 command to real/grep

Applying preset 213 command to real/grep

Applying preset 214 command to real/grep

Applying preset 215 command to real/grep

Applying preset 216 command to real/grep

Applying preset 217 command to real/grep

Applying preset 218 command to real/grep

Applying preset 219 command to real/grep

Applying preset 220 command to real/grep

Applying preset 221 command to real/grep

Applying preset 222 command to real/grep

Applying preset 223 command to real/grep

Applying preset 224 command to real/grep

Applying preset 225 command to real/grep

Applying preset 226 command to real/grep

Applying preset 227 command to real/grep

Applying preset 228 command to real/grep

Applying preset 229 command to real/grep

Applying preset 230 command to real/grep

Applying preset 231 command to real/grep

Applying preset 232 command to real/grep

Applying preset 233 command to real/grep

Applying preset 234 command to real/grep

Applying preset 235 command to real/grep

Applying preset 236 command to real/grep

Applying preset 237 command to real/grep

Applying preset 238 command to real/grep

Applying preset 239 command to real/grep

Applying preset 240 command to real/grep

Applying preset 241 command to real/grep

Applying preset 242 command to real/grep

Applying preset 243 command to real/grep

Applying preset 244 command to real/grep

Applying preset 245 command to real/grep

Applying preset 246 command to real/grep

Applying preset 247 command to real/grep

Applying preset 248 command to real/grep

Applying preset 249 command to real/grep

Applying preset 250 command to real/grep

Applying preset 251 command to real/grep

Applying preset 252 command to real/grep

Applying preset 253 command to real/grep

Applying preset 254 command to real/grep

Applying preset 255 command to real/grep

Applying preset 256 command to real/grep

Applying preset 257 command to real/grep

Applying preset 258 command to real/grep

Applying preset 259 command to real/grep

Applying preset 260 command to real/grep

Applying preset 261 command to real/grep

Applying preset 262 command to real/grep

Applying preset 263 command to real/grep

Applying preset 264 command to real/grep

Applying preset 265 command to real/grep

Applying preset 266 command to real/grep

Applying preset 267 command to real/grep

Applying preset 268 command to real/grep

Applying preset 269 command to real/grep

Applying preset 270 command to real/grep

Applying preset 271 command to real/grep

Applying preset 272 command to real/grep

Applying preset 273 command to real/grep

Applying preset 274 command to real/grep

Applying preset 275 command to real/grep

Applying preset 276 command to real/grep

Applying preset 277 command to real/grep

Applying preset 278 command to real/grep

Applying preset 279 command to real/grep

Applying preset 280 command to real/grep

Applying preset 281 command to real/grep

Applying preset 282 command to real/grep

Applying preset 283 command to real/grep

Applying preset 284 command to real/grep

Applying preset 285 command to real/grep

Applying preset 286 command to real/grep

Applying preset 287 command to real/grep

Applying preset 288 command to real/grep

Applying preset 289 command to real/grep

Applying preset 290 command to real/grep

Applying preset 291 command to real/grep

Applying preset 292 command to real/grep

Applying preset 293 command to real/grep

Applying preset 294 command to real/grep

Applying preset 295 command to real/grep

Applying preset 296 command to real/grep

Applying preset 297 command to real/grep

Applying preset 298 command to real/grep

Applying preset 299 command to real/grep

Applying preset 300 command to real/grep

Applying preset 301 command to real/grep

Applying preset 302 command to real/grep

Applying preset 303 command to real/grep

Applying preset 304 command to real/grep

Applying preset 305 command to real/grep

Applying preset 306 command to real/grep

Applying preset 307 command to real/grep

Applying preset 308 command to real/grep

Applying preset 309 command to real/grep

Applying preset 310 command to real/grep

Applying preset 311 command to real/grep

Applying preset 312 command to real/grep

Applying preset 313 command to real/grep

Applying preset 314 command to real/grep

Applying preset 315 command to real/grep

Applying preset 316 command to real/grep

Applying preset 317 command to real/grep

Applying preset 318 command to real/grep

Applying preset 319 command to real/grep

Applying preset 320 command to real/grep

Applying preset 321 command to real/grep

Applying preset 322 command to real/grep

Applying preset 323 command to real/grep

Applying preset 324 command to real/grep

Applying preset 325 command to real/grep

Applying preset 326 command to real/grep

Applying preset 327 command to real/grep

Applying preset 328 command to real/grep

Applying preset 329 command to real/grep

Applying preset 330 command to real/grep

Applying preset 331 command to real/grep

Applying preset 332 command to real/grep

Applying preset 333 command to real/grep

Applying preset 334 command to real/grep

Applying preset 335 command to real/grep

Applying preset 336 command to real/grep

Applying preset 337 command to real/grep

Applying preset 338 command to real/grep

Applying preset 339 command to real/grep

Applying preset 340 command to real/grep

Applying preset 341 command to real/grep

Applying preset 342 command to real/grep

Applying preset 343 command to real/grep

Applying preset 344 command to real/grep

Applying preset 345 command to real/grep

Applying preset 346 command to real/grep

Applying preset 347 command to real/grep

Applying preset 348 command to real/grep

Applying preset 349 command to real/grep

Applying preset 350 command to real/grep

Applying preset 351 command to real/grep

Applying preset 352 command to real/grep

Applying preset 353 command to real/grep

Applying preset 354 command to real/grep

Applying preset 355 command to real/grep

Applying preset 356 command to real/grep

Applying preset 357 command to real/grep

Applying preset 358 command to real/grep

Applying preset 359 command to real/grep

Applying preset 360 command to real/grep

Applying preset 361 command to real/grep

Applying preset 362 command to real/grep

Applying preset 363 command to real/grep

Applying preset 364 command to real/grep

Applying preset 365 command to real/grep

Applying preset 366 command to real/grep

Applying preset 367 command to real/grep

Applying preset 368 command to real/grep

Applying preset 369 command to real/grep

Applying preset 370 command to real/grep

Applying preset 371 command to real/grep

Applying preset 372 command to real/grep

Applying preset 373 command to real/grep

Applying preset 374 command to real/grep

Applying preset 375 command to real/grep

Applying preset 376 command to real/grep

Applying preset 377 command to real/grep

Applying preset 378 command to real/grep

Applying preset 379 command to real/grep

Applying preset 380 command to real/grep

Applying preset 381 command to real/grep

Applying preset 382 command to real/grep

Applying preset 383 command to real/grep

Applying preset 384 command to real/grep

Applying preset 385 command to real/grep

Applying preset 386 command to real/grep

Applying preset 387 command to real/grep

Applying preset 388 command to real/grep

Applying preset 389 command to real/grep

Applying preset 390 command to real/grep

Applying preset 391 command to real/grep

Applying preset 392 command to real/grep

Applying preset 393 command to real/grep

Applying preset 394 command to real/grep

Applying preset 395 command to real/grep

Applying preset 396 command to real/grep

Applying preset 397 command to real/grep

Applying preset 398 command to real/grep

Applying preset 399 command to real/grep

Applying preset 400 command to real/grep

Applying preset 401 command to real/grep

Applying preset 402 command to real/grep

Applying preset 403 command to real/grep

Applying preset 404 command to real/grep

Applying preset 405 command to real/grep

Applying preset 406 command to real/grep

Applying preset 407 command to real/grep

Applying preset 408 command to real/grep

Applying preset 409 command to real/grep

Applying preset 410 command to real/grep

Applying preset 411 command to real/grep

Applying preset 412 command to real/grep

Applying preset 413 command to real/grep

Applying preset 414 command to real/grep

Applying preset 415 command to real/grep

Applying preset 416 command to real/grep

Applying preset 417 command to real/grep

Applying preset 418 command to real/grep

Applying preset 419 command to real/grep

Applying preset 420 command to real/grep

Applying preset 421 command to real/grep

Applying preset 422 command to real/grep

Applying preset 423 command to real/grep

Applying preset 424 command to real/grep

Applying preset 425 command to real/grep

Applying preset 426 command to real/grep

Applying preset 427 command to real/grep

Applying preset 428 command to real/grep

Applying preset 429 command to real/grep

Applying preset 430 command to real/grep

Applying preset 431 command to real/grep

Applying preset 432 command to real/grep

Applying preset 433 command to real/grep

Applying preset 434 command to real/grep

Applying preset 435 command to real/grep

Applying preset 436 command to real/grep

Applying preset 437 command to real/grep

Applying preset 438 command to real/grep

Applying preset 439 command to real/grep

Applying preset 440 command to real/grep

Applying preset 441 command to real/grep

Applying preset 442 command to real/grep

Applying preset 443 command to real/grep

Applying preset 444 command to real/grep

Applying preset 445 command to real/grep

Applying preset 446 command to real/grep

Applying preset 447 command to real/grep

Applying preset 448 command to real/grep

Applying preset 449 command to real/grep

Applying preset 450 command to real/grep

Applying preset 451 command to real/grep

Applying preset 452 command to real/grep

Applying preset 453 command to real/grep

Applying preset 454 command to real/grep

Applying preset 455 command to real/grep

Applying preset 456 command to real/grep

Applying preset 457 command to real/grep

Applying preset 458 command to real/grep

Applying preset 459 command to real/grep

Applying preset 460 command to real/grep

Applying preset 461 command to real/grep

Applying preset 462 command to real/grep

Applying preset 463 command to real/grep

Applying preset 464 command to real/grep

Applying preset 465 command to real/grep

Applying preset 466 command to real/grep

Applying preset 467 command to real/grep

Applying preset 468 command to real/grep

Applying preset 469 command to real/grep

Applying preset 470 command to real/grep

Applying preset 471 command to real/grep

Applying preset 472 command to real/grep

Applying preset 473 command to real/grep

Applying preset 474 command to real/grep

Applying preset 475 command to real/grep

Applying preset 476 command to real/grep

Applying preset 477 command to real/grep

Applying preset 478 command to real/grep

Applying preset 479 command to real/grep

Applying preset 480 command to real/grep

Applying preset 481 command to real/grep

Applying preset 482 command to real/grep

Applying preset 483 command to real/grep

Applying preset 484 command to real/grep

Applying preset 485 command to real/grep

Applying preset 486 command to real/grep

Applying preset 487 command to real/grep

Applying preset 488 command to real/grep

Applying preset 489 command to real/grep

Applying preset 490 command to real/grep

Applying preset 491 command to real/grep

Applying preset 492 command to real/grep

Applying preset 493 command to real/grep

Applying preset 494 command to real/grep

Applying preset 495 command to real/grep

Applying preset 496 command to real/grep

Applying preset 497 command to real/grep

Applying preset 498 command to real/grep

Applying preset 499 command to real/grep

Applying preset 500 command to real/grep

Applying preset 501 command to real/grep

Applying preset 502 command to real/grep

Applying preset 503 command to real/grep

Applying preset 504 command to real/grep

Applying preset 505 command to real/grep

Applying preset 506 command to real/grep

Applying preset 507 command to real/grep

Applying preset 508 command to real/grep

Applying preset 509 command to real/grep

Applying preset 510 command to real/grep

Applying preset 511 command to real/grep

Applying preset 512 command to real/grep

Applying preset 513 command to real/grep

Applying preset 514 command to real/grep

Applying preset 515 command to real/grep

Applying preset 516 command to real/grep

Applying preset 517 command to real/grep

Applying preset 518 command to real/grep

Applying preset 519 command to real/grep

Applying preset 520 command to real/grep

Applying preset 521 command to real/grep

Applying preset 522 command to real/grep

Applying preset 523 command to real/grep

Applying preset 524 command to real/grep

Applying preset 525 command to real/grep

Applying preset 526 command to real/grep

Applying preset 527 command to real/grep

Applying preset 528 command to real/grep

Applying preset 529 command to real/grep

Applying preset 530 command to real/grep

Applying preset 531 command to real/grep

Applying preset 532 command to real/grep

Applying preset 533 command to real/grep

Applying preset 534 command to real/grep

Applying preset 535 command to real/grep

Applying preset 536 command to real/grep

Applying preset 537 command to real/grep

Applying preset 538 command to real/grep

Applying preset 539 command to real/grep

Applying preset 540 command to real/grep

Applying preset 541 command to real/grep

Applying preset 542 command to real/grep

Applying preset 543 command to real/grep

Applying preset 544 command to real/grep

Applying preset 545 command to real/grep

Applying preset 546 command to real/grep

Applying preset 547 command to real/grep

Applying preset 548 command to real/grep

Applying preset 549 command to real/grep

Applying preset 550 command to real/grep

Applying preset 551 command to real/grep

Applying preset 552 command to real/grep

Applying preset 553 command to real/grep

Applying preset 554 command to real/grep

Applying preset 555 command to real/grep

Applying preset 556 command to real/grep

Applying preset 557 command to real/grep

Applying preset 558 command to real/grep

Applying preset 559 command to real/grep

Applying preset 560 command to real/grep

Applying preset 561 command to real/grep

Applying preset 562 command to real/grep

Applying preset 563 command to real/grep

Applying preset 564 command to real/grep

Applying preset 565 command to real/grep

Applying preset 566 command to real/grep

Applying preset 567 command to real/grep

Applying preset 568 command to real/grep

Applying preset 569 command to real/grep

Applying preset 570 command to real/grep

Applying preset 571 command to real/grep

Applying preset 572 command to real/grep

Applying preset 573 command to real/grep

Applying preset 574 command to real/grep

Applying preset 575 command to real/grep

Applying preset 576 command to real/grep

Applying preset 577 command to real/grep

Applying preset 578 command to real/grep

Applying preset 579 command to real/grep

Applying preset 580 command to real/grep

Applying preset 581 command to real/grep

Applying preset 582 command to real/grep

Applying preset 583 command to real/grep

Applying preset 584 command to real/grep

Applying preset 585 command to real/grep

Applying preset 586 command to real/grep

Applying preset 587 command to real/grep

Applying preset 588 command to real/grep

Applying preset 589 command to real/grep

Applying preset 590 command to real/grep

Applying preset 591 command to real/grep

Applying preset 592 command to real/grep

Applying preset 593 command to real/grep

Applying preset 594 command to real/grep

Applying preset 595 command to real/grep

Applying preset 596 command to real/grep

Applying preset 597 command to real/grep

Applying preset 598 command to real/grep

Applying preset 599 command to real/grep

Applying preset 600 command to real/grep

Applying preset 601 command to real/grep

Applying preset 602 command to real/grep

Applying preset 603 command to real/grep

Applying preset 604 command to real/grep

Applying preset 605 command to real/grep

Applying preset 606 command to real/grep

Applying preset 607 command to real/grep

Applying preset 608 command to real/grep

Applying preset 609 command to real/grep

Applying preset 610 command to real/grep

Applying preset 611 command to real/grep

Applying preset 612 command to real/grep

Applying preset 613 command to real/grep

Applying preset 614 command to real/grep

