{"test_path": "real/maillist", "test_desc": "Norm_DataCollect", "action_status": "started", "timestamp": 1699005941.829125, "task_uuid": "219198b4-b44f-4a22-b690-1ca86d3193e0", "action_type": "OPTIMIZER_CREATION", "task_level": [1]}
{"action_status": "started", "timestamp": 1699005941.829553, "task_uuid": "219198b4-b44f-4a22-b690-1ca86d3193e0", "action_type": "LOG_RESULTS", "task_level": [2, 1]}
{"action_status": "succeeded", "timestamp": 1699005941.833235, "task_uuid": "219198b4-b44f-4a22-b690-1ca86d3193e0", "action_type": "OPTIMIZER_CREATION", "task_level": [3]}
{"action_status": "started", "timestamp": 1699009093.7917194, "task_uuid": "24f55384-7f8a-4c9b-a719-8ce1167f7d8e", "action_type": "ERROR_CANDIDATE", "task_level": [1]}
{"optimizer": "BOCA", "message": "No unique candidate found.", "iteration": 194, "all_candidates": [], "timestamp": 1699009093.7919614, "task_uuid": "24f55384-7f8a-4c9b-a719-8ce1167f7d8e", "task_level": [2], "message_type": "ERROR"}
{"action_status": "succeeded", "timestamp": 1699009093.7920344, "task_uuid": "24f55384-7f8a-4c9b-a719-8ce1167f7d8e", "action_type": "ERROR_CANDIDATE", "task_level": [3]}
{"action_status": "started", "timestamp": 1699009097.9074624, "task_uuid": "ece4ac08-bf80-4b54-9da0-a0601eb09ff0", "action_type": "ERROR_CANDIDATE", "task_level": [1]}
{"optimizer": "BOCA", "message": "No unique candidate found.", "iteration": 195, "all_candidates": [], "timestamp": 1699009097.9075847, "task_uuid": "ece4ac08-bf80-4b54-9da0-a0601eb09ff0", "task_level": [2], "message_type": "ERROR"}
{"action_status": "succeeded", "timestamp": 1699009097.907642, "task_uuid": "ece4ac08-bf80-4b54-9da0-a0601eb09ff0", "action_type": "ERROR_CANDIDATE", "task_level": [3]}
{"action_status": "started", "timestamp": 1699009102.045511, "task_uuid": "2b5072e0-ac86-4287-8098-ee15704b5f01", "action_type": "ERROR_CANDIDATE", "task_level": [1]}
{"optimizer": "BOCA", "message": "No unique candidate found.", "iteration": 196, "all_candidates": [], "timestamp": 1699009102.0456533, "task_uuid": "2b5072e0-ac86-4287-8098-ee15704b5f01", "task_level": [2], "message_type": "ERROR"}
{"action_status": "succeeded", "timestamp": 1699009102.0460823, "task_uuid": "2b5072e0-ac86-4287-8098-ee15704b5f01", "action_type": "ERROR_CANDIDATE", "task_level": [3]}
{"action_status": "started", "timestamp": 1699009106.1882038, "task_uuid": "512dff49-b084-4772-a667-bb5b045990f5", "action_type": "ERROR_CANDIDATE", "task_level": [1]}
{"optimizer": "BOCA", "message": "No unique candidate found.", "iteration": 197, "all_candidates": [], "timestamp": 1699009106.1883209, "task_uuid": "512dff49-b084-4772-a667-bb5b045990f5", "task_level": [2], "message_type": "ERROR"}
{"action_status": "succeeded", "timestamp": 1699009106.1883788, "task_uuid": "512dff49-b084-4772-a667-bb5b045990f5", "action_type": "ERROR_CANDIDATE", "task_level": [3]}
{"action_status": "started", "timestamp": 1699009110.316604, "task_uuid": "797a6c97-64f0-43dc-8005-4de6510eacf0", "action_type": "ERROR_CANDIDATE", "task_level": [1]}
{"optimizer": "BOCA", "message": "No unique candidate found.", "iteration": 198, "all_candidates": [], "timestamp": 1699009110.3167264, "task_uuid": "797a6c97-64f0-43dc-8005-4de6510eacf0", "task_level": [2], "message_type": "ERROR"}
{"action_status": "succeeded", "timestamp": 1699009110.3167834, "task_uuid": "797a6c97-64f0-43dc-8005-4de6510eacf0", "action_type": "ERROR_CANDIDATE", "task_level": [3]}
{"action_status": "started", "timestamp": 1699009114.4467828, "task_uuid": "2770e117-5822-4d5b-8ff0-3a0b908ad1ec", "action_type": "ERROR_CANDIDATE", "task_level": [1]}
{"optimizer": "BOCA", "message": "No unique candidate found.", "iteration": 199, "all_candidates": [], "timestamp": 1699009114.4469206, "task_uuid": "2770e117-5822-4d5b-8ff0-3a0b908ad1ec", "task_level": [2], "message_type": "ERROR"}
{"action_status": "succeeded", "timestamp": 1699009114.446981, "task_uuid": "2770e117-5822-4d5b-8ff0-3a0b908ad1ec", "action_type": "ERROR_CANDIDATE", "task_level": [3]}
{"action_status": "started", "timestamp": 1699009114.9510078, "task_uuid": "2a30b87b-6bcc-45d8-bd95-26c654f25fbc", "action_type": "LOG_RESULTS", "task_level": [1]}
{"optimizer": "BOCA", "no": "0", "best_result": [["-O0", "-fsimpl-tick-factor=100", "-funfolding-creation-threshold=750", "-fmax-inline-alloc-size=128", "-funfolding-fun-discount=60", "-foptimal-applicative-do", "-fpedantic-bottoms", "-fexpose-all-unfoldings", "-fcpr-anal", "-fcmm-elim-common-blocks", "-fspecialise", "-fdo-eta-reduction", "-fworker-wrapper", "-fdicts-strict", "-fmax-simplifier-iterations=4", "-fcall-arity", "-fliberate-case-threshold=2000", "-fregs-graph", "-fdmd-tx-dict-sel", "-fspec-constr-threshold=2000", "-fstrictness", "-fdo-lambda-eta-expansion", "-fvectorisation-avoidance", "-O0", "-fspec-constr", "-floopification", "-funfolding-use-threshold=60", "-fno-state-hack", "-fno-pre-inlining", "-fspec-constr-count=3", "-fmax-inline-memcpy-insns=32", "-feager-blackholing", "-funfolding-dict-discount=30", "-fregs-iterative"], 2.242], "run_allowance": 4781, "iterations": 0, "timestamp": 1699009114.9511526, "task_uuid": "2a30b87b-6bcc-45d8-bd95-26c654f25fbc", "task_level": [2], "message_type": "INFO"}
{"action_status": "succeeded", "timestamp": 1699009114.9512422, "task_uuid": "2a30b87b-6bcc-45d8-bd95-26c654f25fbc", "action_type": "LOG_RESULTS", "task_level": [3]}
