{"test_path": "real/maillist", "test_desc": "PO-PAPER-RIO-RESULTS", "action_status": "started", "timestamp": 1707671918.5577257, "task_uuid": "3f52e751-c5bd-49da-9347-0f282153e383", "action_type": "OPTIMIZER_CREATION", "task_level": [1]}
{"action_status": "started", "timestamp": 1707671918.5582213, "task_uuid": "3f52e751-c5bd-49da-9347-0f282153e383", "action_type": "LOG_RESULTS", "task_level": [2, 1]}
{"action_status": "succeeded", "timestamp": 1707671918.5636084, "task_uuid": "3f52e751-c5bd-49da-9347-0f282153e383", "action_type": "OPTIMIZER_CREATION", "task_level": [3]}
{"action_status": "started", "timestamp": 1707673907.4391215, "task_uuid": "15aa0d81-fbbf-4e4e-a362-a1b194f57d61", "action_type": "LOG_RESULTS", "task_level": [1]}
{"optimizer": "RIO", "no": "0", "best_result": ["0|1|2|3|4|5|6|7|8|9|10|11|12|13|16|14|22|19|21|20|18|15|17", 0.685], "run_allowance": 2250, "iterations": 250, "timestamp": 1707673907.4394095, "task_uuid": "15aa0d81-fbbf-4e4e-a362-a1b194f57d61", "task_level": [2], "message_type": "INFO"}
{"action_status": "succeeded", "timestamp": 1707673907.439493, "task_uuid": "15aa0d81-fbbf-4e4e-a362-a1b194f57d61", "action_type": "LOG_RESULTS", "task_level": [3]}
{"test_path": "real/maillist", "test_desc": "PO-PAPER-RIO-RESULTS", "action_status": "started", "timestamp": 1707684681.6883585, "task_uuid": "d97c10e2-bc0f-4c4c-b1cd-ceb394ac9f3b", "action_type": "OPTIMIZER_CREATION", "task_level": [1]}
{"action_status": "started", "timestamp": 1707684681.688794, "task_uuid": "d97c10e2-bc0f-4c4c-b1cd-ceb394ac9f3b", "action_type": "LOG_RESULTS", "task_level": [2, 1]}
{"action_status": "succeeded", "timestamp": 1707684681.6941059, "task_uuid": "d97c10e2-bc0f-4c4c-b1cd-ceb394ac9f3b", "action_type": "OPTIMIZER_CREATION", "task_level": [3]}
{"test_path": "real/maillist", "test_desc": "PO-PAPER-RIO-RESULTS", "action_status": "started", "timestamp": 1707684681.6942756, "task_uuid": "1b455bbc-0faf-4a51-b2ad-fc6fc09ca9df", "action_type": "OPTIMIZER_CREATION", "task_level": [1]}
{"action_status": "started", "timestamp": 1707684681.69446, "task_uuid": "1b455bbc-0faf-4a51-b2ad-fc6fc09ca9df", "action_type": "LOG_RESULTS", "task_level": [2, 1]}
{"action_status": "started", "timestamp": 1707684681.69446, "task_uuid": "1b455bbc-0faf-4a51-b2ad-fc6fc09ca9df", "action_type": "LOG_RESULTS", "task_level": [2, 1]}
{"action_status": "succeeded", "timestamp": 1707684681.6997442, "task_uuid": "1b455bbc-0faf-4a51-b2ad-fc6fc09ca9df", "action_type": "OPTIMIZER_CREATION", "task_level": [3]}
{"action_status": "succeeded", "timestamp": 1707684681.6997442, "task_uuid": "1b455bbc-0faf-4a51-b2ad-fc6fc09ca9df", "action_type": "OPTIMIZER_CREATION", "task_level": [3]}
{"test_path": "real/maillist", "test_desc": "PO-PAPER-RIO-RESULTS", "action_status": "started", "timestamp": 1707684681.6999428, "task_uuid": "435dde42-7ffb-4f69-a957-20601c3d853d", "action_type": "OPTIMIZER_CREATION", "task_level": [1]}
{"test_path": "real/maillist", "test_desc": "PO-PAPER-RIO-RESULTS", "action_status": "started", "timestamp": 1707684681.6999428, "task_uuid": "435dde42-7ffb-4f69-a957-20601c3d853d", "action_type": "OPTIMIZER_CREATION", "task_level": [1]}
{"action_status": "started", "timestamp": 1707684681.7001603, "task_uuid": "435dde42-7ffb-4f69-a957-20601c3d853d", "action_type": "LOG_RESULTS", "task_level": [2, 1]}
{"action_status": "started", "timestamp": 1707684681.7001603, "task_uuid": "435dde42-7ffb-4f69-a957-20601c3d853d", "action_type": "LOG_RESULTS", "task_level": [2, 1]}
{"action_status": "started", "timestamp": 1707684681.7001603, "task_uuid": "435dde42-7ffb-4f69-a957-20601c3d853d", "action_type": "LOG_RESULTS", "task_level": [2, 1]}
{"action_status": "succeeded", "timestamp": 1707684681.7056909, "task_uuid": "435dde42-7ffb-4f69-a957-20601c3d853d", "action_type": "OPTIMIZER_CREATION", "task_level": [3]}
{"action_status": "succeeded", "timestamp": 1707684681.7056909, "task_uuid": "435dde42-7ffb-4f69-a957-20601c3d853d", "action_type": "OPTIMIZER_CREATION", "task_level": [3]}
{"action_status": "succeeded", "timestamp": 1707684681.7056909, "task_uuid": "435dde42-7ffb-4f69-a957-20601c3d853d", "action_type": "OPTIMIZER_CREATION", "task_level": [3]}
{"test_path": "real/maillist", "test_desc": "PO-PAPER-RIO-RESULTS", "action_status": "started", "timestamp": 1707684681.7059507, "task_uuid": "586a4be2-09b0-480c-a9b5-452911a7ac77", "action_type": "OPTIMIZER_CREATION", "task_level": [1]}
{"test_path": "real/maillist", "test_desc": "PO-PAPER-RIO-RESULTS", "action_status": "started", "timestamp": 1707684681.7059507, "task_uuid": "586a4be2-09b0-480c-a9b5-452911a7ac77", "action_type": "OPTIMIZER_CREATION", "task_level": [1]}
{"test_path": "real/maillist", "test_desc": "PO-PAPER-RIO-RESULTS", "action_status": "started", "timestamp": 1707684681.7059507, "task_uuid": "586a4be2-09b0-480c-a9b5-452911a7ac77", "action_type": "OPTIMIZER_CREATION", "task_level": [1]}
{"action_status": "started", "timestamp": 1707684681.7061975, "task_uuid": "586a4be2-09b0-480c-a9b5-452911a7ac77", "action_type": "LOG_RESULTS", "task_level": [2, 1]}
{"action_status": "started", "timestamp": 1707684681.7061975, "task_uuid": "586a4be2-09b0-480c-a9b5-452911a7ac77", "action_type": "LOG_RESULTS", "task_level": [2, 1]}
{"action_status": "started", "timestamp": 1707684681.7061975, "task_uuid": "586a4be2-09b0-480c-a9b5-452911a7ac77", "action_type": "LOG_RESULTS", "task_level": [2, 1]}
{"action_status": "started", "timestamp": 1707684681.7061975, "task_uuid": "586a4be2-09b0-480c-a9b5-452911a7ac77", "action_type": "LOG_RESULTS", "task_level": [2, 1]}
{"action_status": "succeeded", "timestamp": 1707684681.7115672, "task_uuid": "586a4be2-09b0-480c-a9b5-452911a7ac77", "action_type": "OPTIMIZER_CREATION", "task_level": [3]}
{"action_status": "succeeded", "timestamp": 1707684681.7115672, "task_uuid": "586a4be2-09b0-480c-a9b5-452911a7ac77", "action_type": "OPTIMIZER_CREATION", "task_level": [3]}
{"action_status": "succeeded", "timestamp": 1707684681.7115672, "task_uuid": "586a4be2-09b0-480c-a9b5-452911a7ac77", "action_type": "OPTIMIZER_CREATION", "task_level": [3]}
{"action_status": "succeeded", "timestamp": 1707684681.7115672, "task_uuid": "586a4be2-09b0-480c-a9b5-452911a7ac77", "action_type": "OPTIMIZER_CREATION", "task_level": [3]}
{"action_status": "started", "timestamp": 1707686685.1931725, "task_uuid": "65082db5-cb80-4127-95f6-123f94e66ea0", "action_type": "LOG_RESULTS", "task_level": [1]}
{"action_status": "started", "timestamp": 1707686685.1931725, "task_uuid": "65082db5-cb80-4127-95f6-123f94e66ea0", "action_type": "LOG_RESULTS", "task_level": [1]}
{"action_status": "started", "timestamp": 1707686685.1931725, "task_uuid": "65082db5-cb80-4127-95f6-123f94e66ea0", "action_type": "LOG_RESULTS", "task_level": [1]}
{"action_status": "started", "timestamp": 1707686685.1931725, "task_uuid": "65082db5-cb80-4127-95f6-123f94e66ea0", "action_type": "LOG_RESULTS", "task_level": [1]}
{"optimizer": "RIO", "no": "0", "best_result": ["0|1|2|3|4|5|6|7|8|9|10|11|12|13|19|22|20|18|14|15|21|17|16", 0.665], "run_allowance": 750, "iterations": 250, "timestamp": 1707686685.193571, "task_uuid": "65082db5-cb80-4127-95f6-123f94e66ea0", "task_level": [2], "message_type": "INFO"}
{"optimizer": "RIO", "no": "0", "best_result": ["0|1|2|3|4|5|6|7|8|9|10|11|12|13|19|22|20|18|14|15|21|17|16", 0.665], "run_allowance": 750, "iterations": 250, "timestamp": 1707686685.193571, "task_uuid": "65082db5-cb80-4127-95f6-123f94e66ea0", "task_level": [2], "message_type": "INFO"}
{"optimizer": "RIO", "no": "0", "best_result": ["0|1|2|3|4|5|6|7|8|9|10|11|12|13|19|22|20|18|14|15|21|17|16", 0.665], "run_allowance": 750, "iterations": 250, "timestamp": 1707686685.193571, "task_uuid": "65082db5-cb80-4127-95f6-123f94e66ea0", "task_level": [2], "message_type": "INFO"}
{"optimizer": "RIO", "no": "0", "best_result": ["0|1|2|3|4|5|6|7|8|9|10|11|12|13|19|22|20|18|14|15|21|17|16", 0.665], "run_allowance": 750, "iterations": 250, "timestamp": 1707686685.193571, "task_uuid": "65082db5-cb80-4127-95f6-123f94e66ea0", "task_level": [2], "message_type": "INFO"}
{"action_status": "succeeded", "timestamp": 1707686685.1937299, "task_uuid": "65082db5-cb80-4127-95f6-123f94e66ea0", "action_type": "LOG_RESULTS", "task_level": [3]}
{"action_status": "succeeded", "timestamp": 1707686685.1937299, "task_uuid": "65082db5-cb80-4127-95f6-123f94e66ea0", "action_type": "LOG_RESULTS", "task_level": [3]}
{"action_status": "succeeded", "timestamp": 1707686685.1937299, "task_uuid": "65082db5-cb80-4127-95f6-123f94e66ea0", "action_type": "LOG_RESULTS", "task_level": [3]}
{"action_status": "succeeded", "timestamp": 1707686685.1937299, "task_uuid": "65082db5-cb80-4127-95f6-123f94e66ea0", "action_type": "LOG_RESULTS", "task_level": [3]}
{"action_status": "started", "timestamp": 1707688579.094239, "task_uuid": "6de65507-b373-4f7c-826b-bf8094efa41b", "action_type": "LOG_RESULTS", "task_level": [1]}
{"action_status": "started", "timestamp": 1707688579.094239, "task_uuid": "6de65507-b373-4f7c-826b-bf8094efa41b", "action_type": "LOG_RESULTS", "task_level": [1]}
{"action_status": "started", "timestamp": 1707688579.094239, "task_uuid": "6de65507-b373-4f7c-826b-bf8094efa41b", "action_type": "LOG_RESULTS", "task_level": [1]}
{"action_status": "started", "timestamp": 1707688579.094239, "task_uuid": "6de65507-b373-4f7c-826b-bf8094efa41b", "action_type": "LOG_RESULTS", "task_level": [1]}
{"optimizer": "RIO", "no": "1", "best_result": ["0|1|2|3|4|5|6|7|8|9|10|11|12|13|16|19|15|18|20|21|17|22|14", 0.68], "run_allowance": 750, "iterations": 250, "timestamp": 1707688579.0946825, "task_uuid": "6de65507-b373-4f7c-826b-bf8094efa41b", "task_level": [2], "message_type": "INFO"}
{"optimizer": "RIO", "no": "1", "best_result": ["0|1|2|3|4|5|6|7|8|9|10|11|12|13|16|19|15|18|20|21|17|22|14", 0.68], "run_allowance": 750, "iterations": 250, "timestamp": 1707688579.0946825, "task_uuid": "6de65507-b373-4f7c-826b-bf8094efa41b", "task_level": [2], "message_type": "INFO"}
{"optimizer": "RIO", "no": "1", "best_result": ["0|1|2|3|4|5|6|7|8|9|10|11|12|13|16|19|15|18|20|21|17|22|14", 0.68], "run_allowance": 750, "iterations": 250, "timestamp": 1707688579.0946825, "task_uuid": "6de65507-b373-4f7c-826b-bf8094efa41b", "task_level": [2], "message_type": "INFO"}
{"optimizer": "RIO", "no": "1", "best_result": ["0|1|2|3|4|5|6|7|8|9|10|11|12|13|16|19|15|18|20|21|17|22|14", 0.68], "run_allowance": 750, "iterations": 250, "timestamp": 1707688579.0946825, "task_uuid": "6de65507-b373-4f7c-826b-bf8094efa41b", "task_level": [2], "message_type": "INFO"}
{"action_status": "succeeded", "timestamp": 1707688579.0948439, "task_uuid": "6de65507-b373-4f7c-826b-bf8094efa41b", "action_type": "LOG_RESULTS", "task_level": [3]}
{"action_status": "succeeded", "timestamp": 1707688579.0948439, "task_uuid": "6de65507-b373-4f7c-826b-bf8094efa41b", "action_type": "LOG_RESULTS", "task_level": [3]}
{"action_status": "succeeded", "timestamp": 1707688579.0948439, "task_uuid": "6de65507-b373-4f7c-826b-bf8094efa41b", "action_type": "LOG_RESULTS", "task_level": [3]}
{"action_status": "succeeded", "timestamp": 1707688579.0948439, "task_uuid": "6de65507-b373-4f7c-826b-bf8094efa41b", "action_type": "LOG_RESULTS", "task_level": [3]}
{"action_status": "started", "timestamp": 1707690463.8993015, "task_uuid": "332e06de-a966-422b-9644-fe52d2092196", "action_type": "LOG_RESULTS", "task_level": [1]}
{"action_status": "started", "timestamp": 1707690463.8993015, "task_uuid": "332e06de-a966-422b-9644-fe52d2092196", "action_type": "LOG_RESULTS", "task_level": [1]}
{"action_status": "started", "timestamp": 1707690463.8993015, "task_uuid": "332e06de-a966-422b-9644-fe52d2092196", "action_type": "LOG_RESULTS", "task_level": [1]}
{"action_status": "started", "timestamp": 1707690463.8993015, "task_uuid": "332e06de-a966-422b-9644-fe52d2092196", "action_type": "LOG_RESULTS", "task_level": [1]}
{"optimizer": "RIO", "no": "2", "best_result": ["0|1|2|3|4|5|6|7|8|9|10|11|12|13|22|18|21|16|19|14|15|20|17", 0.662], "run_allowance": 750, "iterations": 250, "timestamp": 1707690463.8997838, "task_uuid": "332e06de-a966-422b-9644-fe52d2092196", "task_level": [2], "message_type": "INFO"}
{"optimizer": "RIO", "no": "2", "best_result": ["0|1|2|3|4|5|6|7|8|9|10|11|12|13|22|18|21|16|19|14|15|20|17", 0.662], "run_allowance": 750, "iterations": 250, "timestamp": 1707690463.8997838, "task_uuid": "332e06de-a966-422b-9644-fe52d2092196", "task_level": [2], "message_type": "INFO"}
{"optimizer": "RIO", "no": "2", "best_result": ["0|1|2|3|4|5|6|7|8|9|10|11|12|13|22|18|21|16|19|14|15|20|17", 0.662], "run_allowance": 750, "iterations": 250, "timestamp": 1707690463.8997838, "task_uuid": "332e06de-a966-422b-9644-fe52d2092196", "task_level": [2], "message_type": "INFO"}
{"optimizer": "RIO", "no": "2", "best_result": ["0|1|2|3|4|5|6|7|8|9|10|11|12|13|22|18|21|16|19|14|15|20|17", 0.662], "run_allowance": 750, "iterations": 250, "timestamp": 1707690463.8997838, "task_uuid": "332e06de-a966-422b-9644-fe52d2092196", "task_level": [2], "message_type": "INFO"}
{"action_status": "succeeded", "timestamp": 1707690463.899989, "task_uuid": "332e06de-a966-422b-9644-fe52d2092196", "action_type": "LOG_RESULTS", "task_level": [3]}
{"action_status": "succeeded", "timestamp": 1707690463.899989, "task_uuid": "332e06de-a966-422b-9644-fe52d2092196", "action_type": "LOG_RESULTS", "task_level": [3]}
{"action_status": "succeeded", "timestamp": 1707690463.899989, "task_uuid": "332e06de-a966-422b-9644-fe52d2092196", "action_type": "LOG_RESULTS", "task_level": [3]}
{"action_status": "succeeded", "timestamp": 1707690463.899989, "task_uuid": "332e06de-a966-422b-9644-fe52d2092196", "action_type": "LOG_RESULTS", "task_level": [3]}
{"action_status": "started", "timestamp": 1707692347.0692995, "task_uuid": "02765ded-0638-4290-91bd-97776832fdce", "action_type": "LOG_RESULTS", "task_level": [1]}
{"action_status": "started", "timestamp": 1707692347.0692995, "task_uuid": "02765ded-0638-4290-91bd-97776832fdce", "action_type": "LOG_RESULTS", "task_level": [1]}
{"action_status": "started", "timestamp": 1707692347.0692995, "task_uuid": "02765ded-0638-4290-91bd-97776832fdce", "action_type": "LOG_RESULTS", "task_level": [1]}
{"action_status": "started", "timestamp": 1707692347.0692995, "task_uuid": "02765ded-0638-4290-91bd-97776832fdce", "action_type": "LOG_RESULTS", "task_level": [1]}
{"optimizer": "RIO", "no": "3", "best_result": ["0|1|2|3|4|5|6|7|8|9|10|11|12|13|19|17|18|20|15|21|16|22|14", 0.672], "run_allowance": 750, "iterations": 250, "timestamp": 1707692347.0698626, "task_uuid": "02765ded-0638-4290-91bd-97776832fdce", "task_level": [2], "message_type": "INFO"}
{"optimizer": "RIO", "no": "3", "best_result": ["0|1|2|3|4|5|6|7|8|9|10|11|12|13|19|17|18|20|15|21|16|22|14", 0.672], "run_allowance": 750, "iterations": 250, "timestamp": 1707692347.0698626, "task_uuid": "02765ded-0638-4290-91bd-97776832fdce", "task_level": [2], "message_type": "INFO"}
{"optimizer": "RIO", "no": "3", "best_result": ["0|1|2|3|4|5|6|7|8|9|10|11|12|13|19|17|18|20|15|21|16|22|14", 0.672], "run_allowance": 750, "iterations": 250, "timestamp": 1707692347.0698626, "task_uuid": "02765ded-0638-4290-91bd-97776832fdce", "task_level": [2], "message_type": "INFO"}
{"optimizer": "RIO", "no": "3", "best_result": ["0|1|2|3|4|5|6|7|8|9|10|11|12|13|19|17|18|20|15|21|16|22|14", 0.672], "run_allowance": 750, "iterations": 250, "timestamp": 1707692347.0698626, "task_uuid": "02765ded-0638-4290-91bd-97776832fdce", "task_level": [2], "message_type": "INFO"}
{"action_status": "succeeded", "timestamp": 1707692347.070024, "task_uuid": "02765ded-0638-4290-91bd-97776832fdce", "action_type": "LOG_RESULTS", "task_level": [3]}
{"action_status": "succeeded", "timestamp": 1707692347.070024, "task_uuid": "02765ded-0638-4290-91bd-97776832fdce", "action_type": "LOG_RESULTS", "task_level": [3]}
{"action_status": "succeeded", "timestamp": 1707692347.070024, "task_uuid": "02765ded-0638-4290-91bd-97776832fdce", "action_type": "LOG_RESULTS", "task_level": [3]}
{"action_status": "succeeded", "timestamp": 1707692347.070024, "task_uuid": "02765ded-0638-4290-91bd-97776832fdce", "action_type": "LOG_RESULTS", "task_level": [3]}
