{"test_path": "real/maillist", "test_desc": "Thesis_RIO", "action_status": "started", "timestamp": 1714957987.3198395, "task_uuid": "511b6fc8-96d5-4fcb-a45c-971324819b57", "action_type": "OPTIMIZER_CREATION", "task_level": [1]}
{"action_status": "started", "timestamp": 1714957987.3203337, "task_uuid": "511b6fc8-96d5-4fcb-a45c-971324819b57", "action_type": "LOG_RESULTS", "task_level": [2, 1]}
{"action_status": "succeeded", "timestamp": 1714957987.332863, "task_uuid": "511b6fc8-96d5-4fcb-a45c-971324819b57", "action_type": "OPTIMIZER_CREATION", "task_level": [3]}
{"test_path": "real/maillist", "test_desc": "Thesis_RIO", "action_status": "started", "timestamp": 1714957987.3330472, "task_uuid": "5f0f00f3-b250-4c46-93f6-b8f68ad0ea89", "action_type": "OPTIMIZER_CREATION", "task_level": [1]}
{"action_status": "started", "timestamp": 1714957987.3332386, "task_uuid": "5f0f00f3-b250-4c46-93f6-b8f68ad0ea89", "action_type": "LOG_RESULTS", "task_level": [2, 1]}
{"action_status": "started", "timestamp": 1714957987.3332386, "task_uuid": "5f0f00f3-b250-4c46-93f6-b8f68ad0ea89", "action_type": "LOG_RESULTS", "task_level": [2, 1]}
{"action_status": "succeeded", "timestamp": 1714957987.3459194, "task_uuid": "5f0f00f3-b250-4c46-93f6-b8f68ad0ea89", "action_type": "OPTIMIZER_CREATION", "task_level": [3]}
{"action_status": "succeeded", "timestamp": 1714957987.3459194, "task_uuid": "5f0f00f3-b250-4c46-93f6-b8f68ad0ea89", "action_type": "OPTIMIZER_CREATION", "task_level": [3]}
{"test_path": "real/maillist", "test_desc": "Thesis_RIO", "action_status": "started", "timestamp": 1714957987.3461301, "task_uuid": "66e16e04-db6f-4a82-a097-1035d93c4c2d", "action_type": "OPTIMIZER_CREATION", "task_level": [1]}
{"test_path": "real/maillist", "test_desc": "Thesis_RIO", "action_status": "started", "timestamp": 1714957987.3461301, "task_uuid": "66e16e04-db6f-4a82-a097-1035d93c4c2d", "action_type": "OPTIMIZER_CREATION", "task_level": [1]}
{"action_status": "started", "timestamp": 1714957987.3463528, "task_uuid": "66e16e04-db6f-4a82-a097-1035d93c4c2d", "action_type": "LOG_RESULTS", "task_level": [2, 1]}
{"action_status": "started", "timestamp": 1714957987.3463528, "task_uuid": "66e16e04-db6f-4a82-a097-1035d93c4c2d", "action_type": "LOG_RESULTS", "task_level": [2, 1]}
{"action_status": "started", "timestamp": 1714957987.3463528, "task_uuid": "66e16e04-db6f-4a82-a097-1035d93c4c2d", "action_type": "LOG_RESULTS", "task_level": [2, 1]}
{"action_status": "succeeded", "timestamp": 1714957987.3588424, "task_uuid": "66e16e04-db6f-4a82-a097-1035d93c4c2d", "action_type": "OPTIMIZER_CREATION", "task_level": [3]}
{"action_status": "succeeded", "timestamp": 1714957987.3588424, "task_uuid": "66e16e04-db6f-4a82-a097-1035d93c4c2d", "action_type": "OPTIMIZER_CREATION", "task_level": [3]}
{"action_status": "succeeded", "timestamp": 1714957987.3588424, "task_uuid": "66e16e04-db6f-4a82-a097-1035d93c4c2d", "action_type": "OPTIMIZER_CREATION", "task_level": [3]}
{"test_path": "real/maillist", "test_desc": "Thesis_RIO", "action_status": "started", "timestamp": 1714957987.359091, "task_uuid": "6b0365ec-a37e-437b-820a-1057e8d3d3fe", "action_type": "OPTIMIZER_CREATION", "task_level": [1]}
{"test_path": "real/maillist", "test_desc": "Thesis_RIO", "action_status": "started", "timestamp": 1714957987.359091, "task_uuid": "6b0365ec-a37e-437b-820a-1057e8d3d3fe", "action_type": "OPTIMIZER_CREATION", "task_level": [1]}
{"test_path": "real/maillist", "test_desc": "Thesis_RIO", "action_status": "started", "timestamp": 1714957987.359091, "task_uuid": "6b0365ec-a37e-437b-820a-1057e8d3d3fe", "action_type": "OPTIMIZER_CREATION", "task_level": [1]}
{"action_status": "started", "timestamp": 1714957987.359345, "task_uuid": "6b0365ec-a37e-437b-820a-1057e8d3d3fe", "action_type": "LOG_RESULTS", "task_level": [2, 1]}
{"action_status": "started", "timestamp": 1714957987.359345, "task_uuid": "6b0365ec-a37e-437b-820a-1057e8d3d3fe", "action_type": "LOG_RESULTS", "task_level": [2, 1]}
{"action_status": "started", "timestamp": 1714957987.359345, "task_uuid": "6b0365ec-a37e-437b-820a-1057e8d3d3fe", "action_type": "LOG_RESULTS", "task_level": [2, 1]}
{"action_status": "started", "timestamp": 1714957987.359345, "task_uuid": "6b0365ec-a37e-437b-820a-1057e8d3d3fe", "action_type": "LOG_RESULTS", "task_level": [2, 1]}
{"action_status": "succeeded", "timestamp": 1714957987.3712764, "task_uuid": "6b0365ec-a37e-437b-820a-1057e8d3d3fe", "action_type": "OPTIMIZER_CREATION", "task_level": [3]}
{"action_status": "succeeded", "timestamp": 1714957987.3712764, "task_uuid": "6b0365ec-a37e-437b-820a-1057e8d3d3fe", "action_type": "OPTIMIZER_CREATION", "task_level": [3]}
{"action_status": "succeeded", "timestamp": 1714957987.3712764, "task_uuid": "6b0365ec-a37e-437b-820a-1057e8d3d3fe", "action_type": "OPTIMIZER_CREATION", "task_level": [3]}
{"action_status": "succeeded", "timestamp": 1714957987.3712764, "task_uuid": "6b0365ec-a37e-437b-820a-1057e8d3d3fe", "action_type": "OPTIMIZER_CREATION", "task_level": [3]}
{"test_path": "real/maillist", "test_desc": "Thesis_RIO", "action_status": "started", "timestamp": 1714957987.3715265, "task_uuid": "54480bd1-77cd-4f62-a56b-31167226c50a", "action_type": "OPTIMIZER_CREATION", "task_level": [1]}
{"test_path": "real/maillist", "test_desc": "Thesis_RIO", "action_status": "started", "timestamp": 1714957987.3715265, "task_uuid": "54480bd1-77cd-4f62-a56b-31167226c50a", "action_type": "OPTIMIZER_CREATION", "task_level": [1]}
{"test_path": "real/maillist", "test_desc": "Thesis_RIO", "action_status": "started", "timestamp": 1714957987.3715265, "task_uuid": "54480bd1-77cd-4f62-a56b-31167226c50a", "action_type": "OPTIMIZER_CREATION", "task_level": [1]}
{"test_path": "real/maillist", "test_desc": "Thesis_RIO", "action_status": "started", "timestamp": 1714957987.3715265, "task_uuid": "54480bd1-77cd-4f62-a56b-31167226c50a", "action_type": "OPTIMIZER_CREATION", "task_level": [1]}
{"action_status": "started", "timestamp": 1714957987.3717968, "task_uuid": "54480bd1-77cd-4f62-a56b-31167226c50a", "action_type": "LOG_RESULTS", "task_level": [2, 1]}
{"action_status": "started", "timestamp": 1714957987.3717968, "task_uuid": "54480bd1-77cd-4f62-a56b-31167226c50a", "action_type": "LOG_RESULTS", "task_level": [2, 1]}
{"action_status": "started", "timestamp": 1714957987.3717968, "task_uuid": "54480bd1-77cd-4f62-a56b-31167226c50a", "action_type": "LOG_RESULTS", "task_level": [2, 1]}
{"action_status": "started", "timestamp": 1714957987.3717968, "task_uuid": "54480bd1-77cd-4f62-a56b-31167226c50a", "action_type": "LOG_RESULTS", "task_level": [2, 1]}
{"action_status": "started", "timestamp": 1714957987.3717968, "task_uuid": "54480bd1-77cd-4f62-a56b-31167226c50a", "action_type": "LOG_RESULTS", "task_level": [2, 1]}
{"action_status": "succeeded", "timestamp": 1714957987.3837826, "task_uuid": "54480bd1-77cd-4f62-a56b-31167226c50a", "action_type": "OPTIMIZER_CREATION", "task_level": [3]}
{"action_status": "succeeded", "timestamp": 1714957987.3837826, "task_uuid": "54480bd1-77cd-4f62-a56b-31167226c50a", "action_type": "OPTIMIZER_CREATION", "task_level": [3]}
{"action_status": "succeeded", "timestamp": 1714957987.3837826, "task_uuid": "54480bd1-77cd-4f62-a56b-31167226c50a", "action_type": "OPTIMIZER_CREATION", "task_level": [3]}
{"action_status": "succeeded", "timestamp": 1714957987.3837826, "task_uuid": "54480bd1-77cd-4f62-a56b-31167226c50a", "action_type": "OPTIMIZER_CREATION", "task_level": [3]}
{"action_status": "succeeded", "timestamp": 1714957987.3837826, "task_uuid": "54480bd1-77cd-4f62-a56b-31167226c50a", "action_type": "OPTIMIZER_CREATION", "task_level": [3]}
{"test_path": "real/maillist", "test_desc": "Thesis_RIO", "action_status": "started", "timestamp": 1714957987.3840551, "task_uuid": "da1e2c99-be2c-4a8a-877f-d04a7dd78603", "action_type": "OPTIMIZER_CREATION", "task_level": [1]}
{"test_path": "real/maillist", "test_desc": "Thesis_RIO", "action_status": "started", "timestamp": 1714957987.3840551, "task_uuid": "da1e2c99-be2c-4a8a-877f-d04a7dd78603", "action_type": "OPTIMIZER_CREATION", "task_level": [1]}
{"test_path": "real/maillist", "test_desc": "Thesis_RIO", "action_status": "started", "timestamp": 1714957987.3840551, "task_uuid": "da1e2c99-be2c-4a8a-877f-d04a7dd78603", "action_type": "OPTIMIZER_CREATION", "task_level": [1]}
{"test_path": "real/maillist", "test_desc": "Thesis_RIO", "action_status": "started", "timestamp": 1714957987.3840551, "task_uuid": "da1e2c99-be2c-4a8a-877f-d04a7dd78603", "action_type": "OPTIMIZER_CREATION", "task_level": [1]}
{"test_path": "real/maillist", "test_desc": "Thesis_RIO", "action_status": "started", "timestamp": 1714957987.3840551, "task_uuid": "da1e2c99-be2c-4a8a-877f-d04a7dd78603", "action_type": "OPTIMIZER_CREATION", "task_level": [1]}
{"action_status": "started", "timestamp": 1714957987.3843968, "task_uuid": "da1e2c99-be2c-4a8a-877f-d04a7dd78603", "action_type": "LOG_RESULTS", "task_level": [2, 1]}
{"action_status": "started", "timestamp": 1714957987.3843968, "task_uuid": "da1e2c99-be2c-4a8a-877f-d04a7dd78603", "action_type": "LOG_RESULTS", "task_level": [2, 1]}
{"action_status": "started", "timestamp": 1714957987.3843968, "task_uuid": "da1e2c99-be2c-4a8a-877f-d04a7dd78603", "action_type": "LOG_RESULTS", "task_level": [2, 1]}
{"action_status": "started", "timestamp": 1714957987.3843968, "task_uuid": "da1e2c99-be2c-4a8a-877f-d04a7dd78603", "action_type": "LOG_RESULTS", "task_level": [2, 1]}
{"action_status": "started", "timestamp": 1714957987.3843968, "task_uuid": "da1e2c99-be2c-4a8a-877f-d04a7dd78603", "action_type": "LOG_RESULTS", "task_level": [2, 1]}
{"action_status": "started", "timestamp": 1714957987.3843968, "task_uuid": "da1e2c99-be2c-4a8a-877f-d04a7dd78603", "action_type": "LOG_RESULTS", "task_level": [2, 1]}
{"action_status": "succeeded", "timestamp": 1714957987.3963444, "task_uuid": "da1e2c99-be2c-4a8a-877f-d04a7dd78603", "action_type": "OPTIMIZER_CREATION", "task_level": [3]}
{"action_status": "succeeded", "timestamp": 1714957987.3963444, "task_uuid": "da1e2c99-be2c-4a8a-877f-d04a7dd78603", "action_type": "OPTIMIZER_CREATION", "task_level": [3]}
{"action_status": "succeeded", "timestamp": 1714957987.3963444, "task_uuid": "da1e2c99-be2c-4a8a-877f-d04a7dd78603", "action_type": "OPTIMIZER_CREATION", "task_level": [3]}
{"action_status": "succeeded", "timestamp": 1714957987.3963444, "task_uuid": "da1e2c99-be2c-4a8a-877f-d04a7dd78603", "action_type": "OPTIMIZER_CREATION", "task_level": [3]}
{"action_status": "succeeded", "timestamp": 1714957987.3963444, "task_uuid": "da1e2c99-be2c-4a8a-877f-d04a7dd78603", "action_type": "OPTIMIZER_CREATION", "task_level": [3]}
{"action_status": "succeeded", "timestamp": 1714957987.3963444, "task_uuid": "da1e2c99-be2c-4a8a-877f-d04a7dd78603", "action_type": "OPTIMIZER_CREATION", "task_level": [3]}
{"test_path": "real/maillist", "test_desc": "Thesis_RIO", "action_status": "started", "timestamp": 1714957987.396681, "task_uuid": "fe87020f-4fcc-403c-8465-c80776d4fae5", "action_type": "OPTIMIZER_CREATION", "task_level": [1]}
{"test_path": "real/maillist", "test_desc": "Thesis_RIO", "action_status": "started", "timestamp": 1714957987.396681, "task_uuid": "fe87020f-4fcc-403c-8465-c80776d4fae5", "action_type": "OPTIMIZER_CREATION", "task_level": [1]}
{"test_path": "real/maillist", "test_desc": "Thesis_RIO", "action_status": "started", "timestamp": 1714957987.396681, "task_uuid": "fe87020f-4fcc-403c-8465-c80776d4fae5", "action_type": "OPTIMIZER_CREATION", "task_level": [1]}
{"test_path": "real/maillist", "test_desc": "Thesis_RIO", "action_status": "started", "timestamp": 1714957987.396681, "task_uuid": "fe87020f-4fcc-403c-8465-c80776d4fae5", "action_type": "OPTIMIZER_CREATION", "task_level": [1]}
{"test_path": "real/maillist", "test_desc": "Thesis_RIO", "action_status": "started", "timestamp": 1714957987.396681, "task_uuid": "fe87020f-4fcc-403c-8465-c80776d4fae5", "action_type": "OPTIMIZER_CREATION", "task_level": [1]}
{"test_path": "real/maillist", "test_desc": "Thesis_RIO", "action_status": "started", "timestamp": 1714957987.396681, "task_uuid": "fe87020f-4fcc-403c-8465-c80776d4fae5", "action_type": "OPTIMIZER_CREATION", "task_level": [1]}
{"action_status": "started", "timestamp": 1714957987.3970268, "task_uuid": "fe87020f-4fcc-403c-8465-c80776d4fae5", "action_type": "LOG_RESULTS", "task_level": [2, 1]}
{"action_status": "started", "timestamp": 1714957987.3970268, "task_uuid": "fe87020f-4fcc-403c-8465-c80776d4fae5", "action_type": "LOG_RESULTS", "task_level": [2, 1]}
{"action_status": "started", "timestamp": 1714957987.3970268, "task_uuid": "fe87020f-4fcc-403c-8465-c80776d4fae5", "action_type": "LOG_RESULTS", "task_level": [2, 1]}
{"action_status": "started", "timestamp": 1714957987.3970268, "task_uuid": "fe87020f-4fcc-403c-8465-c80776d4fae5", "action_type": "LOG_RESULTS", "task_level": [2, 1]}
{"action_status": "started", "timestamp": 1714957987.3970268, "task_uuid": "fe87020f-4fcc-403c-8465-c80776d4fae5", "action_type": "LOG_RESULTS", "task_level": [2, 1]}
{"action_status": "started", "timestamp": 1714957987.3970268, "task_uuid": "fe87020f-4fcc-403c-8465-c80776d4fae5", "action_type": "LOG_RESULTS", "task_level": [2, 1]}
{"action_status": "started", "timestamp": 1714957987.3970268, "task_uuid": "fe87020f-4fcc-403c-8465-c80776d4fae5", "action_type": "LOG_RESULTS", "task_level": [2, 1]}
{"action_status": "succeeded", "timestamp": 1714957987.408971, "task_uuid": "fe87020f-4fcc-403c-8465-c80776d4fae5", "action_type": "OPTIMIZER_CREATION", "task_level": [3]}
{"action_status": "succeeded", "timestamp": 1714957987.408971, "task_uuid": "fe87020f-4fcc-403c-8465-c80776d4fae5", "action_type": "OPTIMIZER_CREATION", "task_level": [3]}
{"action_status": "succeeded", "timestamp": 1714957987.408971, "task_uuid": "fe87020f-4fcc-403c-8465-c80776d4fae5", "action_type": "OPTIMIZER_CREATION", "task_level": [3]}
{"action_status": "succeeded", "timestamp": 1714957987.408971, "task_uuid": "fe87020f-4fcc-403c-8465-c80776d4fae5", "action_type": "OPTIMIZER_CREATION", "task_level": [3]}
{"action_status": "succeeded", "timestamp": 1714957987.408971, "task_uuid": "fe87020f-4fcc-403c-8465-c80776d4fae5", "action_type": "OPTIMIZER_CREATION", "task_level": [3]}
{"action_status": "succeeded", "timestamp": 1714957987.408971, "task_uuid": "fe87020f-4fcc-403c-8465-c80776d4fae5", "action_type": "OPTIMIZER_CREATION", "task_level": [3]}
{"action_status": "succeeded", "timestamp": 1714957987.408971, "task_uuid": "fe87020f-4fcc-403c-8465-c80776d4fae5", "action_type": "OPTIMIZER_CREATION", "task_level": [3]}
{"test_path": "real/maillist", "test_desc": "Thesis_RIO", "action_status": "started", "timestamp": 1714957987.4093142, "task_uuid": "7d1d6bcb-dbad-4aff-ae3c-c73d5f03a446", "action_type": "OPTIMIZER_CREATION", "task_level": [1]}
{"test_path": "real/maillist", "test_desc": "Thesis_RIO", "action_status": "started", "timestamp": 1714957987.4093142, "task_uuid": "7d1d6bcb-dbad-4aff-ae3c-c73d5f03a446", "action_type": "OPTIMIZER_CREATION", "task_level": [1]}
{"test_path": "real/maillist", "test_desc": "Thesis_RIO", "action_status": "started", "timestamp": 1714957987.4093142, "task_uuid": "7d1d6bcb-dbad-4aff-ae3c-c73d5f03a446", "action_type": "OPTIMIZER_CREATION", "task_level": [1]}
{"test_path": "real/maillist", "test_desc": "Thesis_RIO", "action_status": "started", "timestamp": 1714957987.4093142, "task_uuid": "7d1d6bcb-dbad-4aff-ae3c-c73d5f03a446", "action_type": "OPTIMIZER_CREATION", "task_level": [1]}
{"test_path": "real/maillist", "test_desc": "Thesis_RIO", "action_status": "started", "timestamp": 1714957987.4093142, "task_uuid": "7d1d6bcb-dbad-4aff-ae3c-c73d5f03a446", "action_type": "OPTIMIZER_CREATION", "task_level": [1]}
{"test_path": "real/maillist", "test_desc": "Thesis_RIO", "action_status": "started", "timestamp": 1714957987.4093142, "task_uuid": "7d1d6bcb-dbad-4aff-ae3c-c73d5f03a446", "action_type": "OPTIMIZER_CREATION", "task_level": [1]}
{"test_path": "real/maillist", "test_desc": "Thesis_RIO", "action_status": "started", "timestamp": 1714957987.4093142, "task_uuid": "7d1d6bcb-dbad-4aff-ae3c-c73d5f03a446", "action_type": "OPTIMIZER_CREATION", "task_level": [1]}
{"action_status": "started", "timestamp": 1714957987.4096677, "task_uuid": "7d1d6bcb-dbad-4aff-ae3c-c73d5f03a446", "action_type": "LOG_RESULTS", "task_level": [2, 1]}
{"action_status": "started", "timestamp": 1714957987.4096677, "task_uuid": "7d1d6bcb-dbad-4aff-ae3c-c73d5f03a446", "action_type": "LOG_RESULTS", "task_level": [2, 1]}
{"action_status": "started", "timestamp": 1714957987.4096677, "task_uuid": "7d1d6bcb-dbad-4aff-ae3c-c73d5f03a446", "action_type": "LOG_RESULTS", "task_level": [2, 1]}
{"action_status": "started", "timestamp": 1714957987.4096677, "task_uuid": "7d1d6bcb-dbad-4aff-ae3c-c73d5f03a446", "action_type": "LOG_RESULTS", "task_level": [2, 1]}
{"action_status": "started", "timestamp": 1714957987.4096677, "task_uuid": "7d1d6bcb-dbad-4aff-ae3c-c73d5f03a446", "action_type": "LOG_RESULTS", "task_level": [2, 1]}
{"action_status": "started", "timestamp": 1714957987.4096677, "task_uuid": "7d1d6bcb-dbad-4aff-ae3c-c73d5f03a446", "action_type": "LOG_RESULTS", "task_level": [2, 1]}
{"action_status": "started", "timestamp": 1714957987.4096677, "task_uuid": "7d1d6bcb-dbad-4aff-ae3c-c73d5f03a446", "action_type": "LOG_RESULTS", "task_level": [2, 1]}
{"action_status": "started", "timestamp": 1714957987.4096677, "task_uuid": "7d1d6bcb-dbad-4aff-ae3c-c73d5f03a446", "action_type": "LOG_RESULTS", "task_level": [2, 1]}
{"action_status": "succeeded", "timestamp": 1714957987.4216685, "task_uuid": "7d1d6bcb-dbad-4aff-ae3c-c73d5f03a446", "action_type": "OPTIMIZER_CREATION", "task_level": [3]}
{"action_status": "succeeded", "timestamp": 1714957987.4216685, "task_uuid": "7d1d6bcb-dbad-4aff-ae3c-c73d5f03a446", "action_type": "OPTIMIZER_CREATION", "task_level": [3]}
{"action_status": "succeeded", "timestamp": 1714957987.4216685, "task_uuid": "7d1d6bcb-dbad-4aff-ae3c-c73d5f03a446", "action_type": "OPTIMIZER_CREATION", "task_level": [3]}
{"action_status": "succeeded", "timestamp": 1714957987.4216685, "task_uuid": "7d1d6bcb-dbad-4aff-ae3c-c73d5f03a446", "action_type": "OPTIMIZER_CREATION", "task_level": [3]}
{"action_status": "succeeded", "timestamp": 1714957987.4216685, "task_uuid": "7d1d6bcb-dbad-4aff-ae3c-c73d5f03a446", "action_type": "OPTIMIZER_CREATION", "task_level": [3]}
{"action_status": "succeeded", "timestamp": 1714957987.4216685, "task_uuid": "7d1d6bcb-dbad-4aff-ae3c-c73d5f03a446", "action_type": "OPTIMIZER_CREATION", "task_level": [3]}
{"action_status": "succeeded", "timestamp": 1714957987.4216685, "task_uuid": "7d1d6bcb-dbad-4aff-ae3c-c73d5f03a446", "action_type": "OPTIMIZER_CREATION", "task_level": [3]}
{"action_status": "succeeded", "timestamp": 1714957987.4216685, "task_uuid": "7d1d6bcb-dbad-4aff-ae3c-c73d5f03a446", "action_type": "OPTIMIZER_CREATION", "task_level": [3]}
{"test_path": "real/maillist", "test_desc": "Thesis_RIO", "action_status": "started", "timestamp": 1714957987.4220185, "task_uuid": "239e3feb-9923-4249-9051-feea0156471d", "action_type": "OPTIMIZER_CREATION", "task_level": [1]}
{"test_path": "real/maillist", "test_desc": "Thesis_RIO", "action_status": "started", "timestamp": 1714957987.4220185, "task_uuid": "239e3feb-9923-4249-9051-feea0156471d", "action_type": "OPTIMIZER_CREATION", "task_level": [1]}
{"test_path": "real/maillist", "test_desc": "Thesis_RIO", "action_status": "started", "timestamp": 1714957987.4220185, "task_uuid": "239e3feb-9923-4249-9051-feea0156471d", "action_type": "OPTIMIZER_CREATION", "task_level": [1]}
{"test_path": "real/maillist", "test_desc": "Thesis_RIO", "action_status": "started", "timestamp": 1714957987.4220185, "task_uuid": "239e3feb-9923-4249-9051-feea0156471d", "action_type": "OPTIMIZER_CREATION", "task_level": [1]}
{"test_path": "real/maillist", "test_desc": "Thesis_RIO", "action_status": "started", "timestamp": 1714957987.4220185, "task_uuid": "239e3feb-9923-4249-9051-feea0156471d", "action_type": "OPTIMIZER_CREATION", "task_level": [1]}
{"test_path": "real/maillist", "test_desc": "Thesis_RIO", "action_status": "started", "timestamp": 1714957987.4220185, "task_uuid": "239e3feb-9923-4249-9051-feea0156471d", "action_type": "OPTIMIZER_CREATION", "task_level": [1]}
{"test_path": "real/maillist", "test_desc": "Thesis_RIO", "action_status": "started", "timestamp": 1714957987.4220185, "task_uuid": "239e3feb-9923-4249-9051-feea0156471d", "action_type": "OPTIMIZER_CREATION", "task_level": [1]}
{"test_path": "real/maillist", "test_desc": "Thesis_RIO", "action_status": "started", "timestamp": 1714957987.4220185, "task_uuid": "239e3feb-9923-4249-9051-feea0156471d", "action_type": "OPTIMIZER_CREATION", "task_level": [1]}
{"action_status": "started", "timestamp": 1714957987.4223976, "task_uuid": "239e3feb-9923-4249-9051-feea0156471d", "action_type": "LOG_RESULTS", "task_level": [2, 1]}
{"action_status": "started", "timestamp": 1714957987.4223976, "task_uuid": "239e3feb-9923-4249-9051-feea0156471d", "action_type": "LOG_RESULTS", "task_level": [2, 1]}
{"action_status": "started", "timestamp": 1714957987.4223976, "task_uuid": "239e3feb-9923-4249-9051-feea0156471d", "action_type": "LOG_RESULTS", "task_level": [2, 1]}
{"action_status": "started", "timestamp": 1714957987.4223976, "task_uuid": "239e3feb-9923-4249-9051-feea0156471d", "action_type": "LOG_RESULTS", "task_level": [2, 1]}
{"action_status": "started", "timestamp": 1714957987.4223976, "task_uuid": "239e3feb-9923-4249-9051-feea0156471d", "action_type": "LOG_RESULTS", "task_level": [2, 1]}
{"action_status": "started", "timestamp": 1714957987.4223976, "task_uuid": "239e3feb-9923-4249-9051-feea0156471d", "action_type": "LOG_RESULTS", "task_level": [2, 1]}
{"action_status": "started", "timestamp": 1714957987.4223976, "task_uuid": "239e3feb-9923-4249-9051-feea0156471d", "action_type": "LOG_RESULTS", "task_level": [2, 1]}
{"action_status": "started", "timestamp": 1714957987.4223976, "task_uuid": "239e3feb-9923-4249-9051-feea0156471d", "action_type": "LOG_RESULTS", "task_level": [2, 1]}
{"action_status": "started", "timestamp": 1714957987.4223976, "task_uuid": "239e3feb-9923-4249-9051-feea0156471d", "action_type": "LOG_RESULTS", "task_level": [2, 1]}
{"action_status": "succeeded", "timestamp": 1714957987.4345906, "task_uuid": "239e3feb-9923-4249-9051-feea0156471d", "action_type": "OPTIMIZER_CREATION", "task_level": [3]}
{"action_status": "succeeded", "timestamp": 1714957987.4345906, "task_uuid": "239e3feb-9923-4249-9051-feea0156471d", "action_type": "OPTIMIZER_CREATION", "task_level": [3]}
{"action_status": "succeeded", "timestamp": 1714957987.4345906, "task_uuid": "239e3feb-9923-4249-9051-feea0156471d", "action_type": "OPTIMIZER_CREATION", "task_level": [3]}
{"action_status": "succeeded", "timestamp": 1714957987.4345906, "task_uuid": "239e3feb-9923-4249-9051-feea0156471d", "action_type": "OPTIMIZER_CREATION", "task_level": [3]}
{"action_status": "succeeded", "timestamp": 1714957987.4345906, "task_uuid": "239e3feb-9923-4249-9051-feea0156471d", "action_type": "OPTIMIZER_CREATION", "task_level": [3]}
{"action_status": "succeeded", "timestamp": 1714957987.4345906, "task_uuid": "239e3feb-9923-4249-9051-feea0156471d", "action_type": "OPTIMIZER_CREATION", "task_level": [3]}
{"action_status": "succeeded", "timestamp": 1714957987.4345906, "task_uuid": "239e3feb-9923-4249-9051-feea0156471d", "action_type": "OPTIMIZER_CREATION", "task_level": [3]}
{"action_status": "succeeded", "timestamp": 1714957987.4345906, "task_uuid": "239e3feb-9923-4249-9051-feea0156471d", "action_type": "OPTIMIZER_CREATION", "task_level": [3]}
{"action_status": "succeeded", "timestamp": 1714957987.4345906, "task_uuid": "239e3feb-9923-4249-9051-feea0156471d", "action_type": "OPTIMIZER_CREATION", "task_level": [3]}
{"test_path": "real/maillist", "test_desc": "Thesis_RIO", "action_status": "started", "timestamp": 1714957987.434976, "task_uuid": "5aacc281-3adb-442c-b4d6-35bb49a8fb15", "action_type": "OPTIMIZER_CREATION", "task_level": [1]}
{"test_path": "real/maillist", "test_desc": "Thesis_RIO", "action_status": "started", "timestamp": 1714957987.434976, "task_uuid": "5aacc281-3adb-442c-b4d6-35bb49a8fb15", "action_type": "OPTIMIZER_CREATION", "task_level": [1]}
{"test_path": "real/maillist", "test_desc": "Thesis_RIO", "action_status": "started", "timestamp": 1714957987.434976, "task_uuid": "5aacc281-3adb-442c-b4d6-35bb49a8fb15", "action_type": "OPTIMIZER_CREATION", "task_level": [1]}
{"test_path": "real/maillist", "test_desc": "Thesis_RIO", "action_status": "started", "timestamp": 1714957987.434976, "task_uuid": "5aacc281-3adb-442c-b4d6-35bb49a8fb15", "action_type": "OPTIMIZER_CREATION", "task_level": [1]}
{"test_path": "real/maillist", "test_desc": "Thesis_RIO", "action_status": "started", "timestamp": 1714957987.434976, "task_uuid": "5aacc281-3adb-442c-b4d6-35bb49a8fb15", "action_type": "OPTIMIZER_CREATION", "task_level": [1]}
{"test_path": "real/maillist", "test_desc": "Thesis_RIO", "action_status": "started", "timestamp": 1714957987.434976, "task_uuid": "5aacc281-3adb-442c-b4d6-35bb49a8fb15", "action_type": "OPTIMIZER_CREATION", "task_level": [1]}
{"test_path": "real/maillist", "test_desc": "Thesis_RIO", "action_status": "started", "timestamp": 1714957987.434976, "task_uuid": "5aacc281-3adb-442c-b4d6-35bb49a8fb15", "action_type": "OPTIMIZER_CREATION", "task_level": [1]}
{"test_path": "real/maillist", "test_desc": "Thesis_RIO", "action_status": "started", "timestamp": 1714957987.434976, "task_uuid": "5aacc281-3adb-442c-b4d6-35bb49a8fb15", "action_type": "OPTIMIZER_CREATION", "task_level": [1]}
{"test_path": "real/maillist", "test_desc": "Thesis_RIO", "action_status": "started", "timestamp": 1714957987.434976, "task_uuid": "5aacc281-3adb-442c-b4d6-35bb49a8fb15", "action_type": "OPTIMIZER_CREATION", "task_level": [1]}
{"action_status": "started", "timestamp": 1714957987.4353826, "task_uuid": "5aacc281-3adb-442c-b4d6-35bb49a8fb15", "action_type": "LOG_RESULTS", "task_level": [2, 1]}
{"action_status": "started", "timestamp": 1714957987.4353826, "task_uuid": "5aacc281-3adb-442c-b4d6-35bb49a8fb15", "action_type": "LOG_RESULTS", "task_level": [2, 1]}
{"action_status": "started", "timestamp": 1714957987.4353826, "task_uuid": "5aacc281-3adb-442c-b4d6-35bb49a8fb15", "action_type": "LOG_RESULTS", "task_level": [2, 1]}
{"action_status": "started", "timestamp": 1714957987.4353826, "task_uuid": "5aacc281-3adb-442c-b4d6-35bb49a8fb15", "action_type": "LOG_RESULTS", "task_level": [2, 1]}
{"action_status": "started", "timestamp": 1714957987.4353826, "task_uuid": "5aacc281-3adb-442c-b4d6-35bb49a8fb15", "action_type": "LOG_RESULTS", "task_level": [2, 1]}
{"action_status": "started", "timestamp": 1714957987.4353826, "task_uuid": "5aacc281-3adb-442c-b4d6-35bb49a8fb15", "action_type": "LOG_RESULTS", "task_level": [2, 1]}
{"action_status": "started", "timestamp": 1714957987.4353826, "task_uuid": "5aacc281-3adb-442c-b4d6-35bb49a8fb15", "action_type": "LOG_RESULTS", "task_level": [2, 1]}
{"action_status": "started", "timestamp": 1714957987.4353826, "task_uuid": "5aacc281-3adb-442c-b4d6-35bb49a8fb15", "action_type": "LOG_RESULTS", "task_level": [2, 1]}
{"action_status": "started", "timestamp": 1714957987.4353826, "task_uuid": "5aacc281-3adb-442c-b4d6-35bb49a8fb15", "action_type": "LOG_RESULTS", "task_level": [2, 1]}
{"action_status": "started", "timestamp": 1714957987.4353826, "task_uuid": "5aacc281-3adb-442c-b4d6-35bb49a8fb15", "action_type": "LOG_RESULTS", "task_level": [2, 1]}
{"action_status": "succeeded", "timestamp": 1714957987.4473653, "task_uuid": "5aacc281-3adb-442c-b4d6-35bb49a8fb15", "action_type": "OPTIMIZER_CREATION", "task_level": [3]}
{"action_status": "succeeded", "timestamp": 1714957987.4473653, "task_uuid": "5aacc281-3adb-442c-b4d6-35bb49a8fb15", "action_type": "OPTIMIZER_CREATION", "task_level": [3]}
{"action_status": "succeeded", "timestamp": 1714957987.4473653, "task_uuid": "5aacc281-3adb-442c-b4d6-35bb49a8fb15", "action_type": "OPTIMIZER_CREATION", "task_level": [3]}
{"action_status": "succeeded", "timestamp": 1714957987.4473653, "task_uuid": "5aacc281-3adb-442c-b4d6-35bb49a8fb15", "action_type": "OPTIMIZER_CREATION", "task_level": [3]}
{"action_status": "succeeded", "timestamp": 1714957987.4473653, "task_uuid": "5aacc281-3adb-442c-b4d6-35bb49a8fb15", "action_type": "OPTIMIZER_CREATION", "task_level": [3]}
{"action_status": "succeeded", "timestamp": 1714957987.4473653, "task_uuid": "5aacc281-3adb-442c-b4d6-35bb49a8fb15", "action_type": "OPTIMIZER_CREATION", "task_level": [3]}
{"action_status": "succeeded", "timestamp": 1714957987.4473653, "task_uuid": "5aacc281-3adb-442c-b4d6-35bb49a8fb15", "action_type": "OPTIMIZER_CREATION", "task_level": [3]}
{"action_status": "succeeded", "timestamp": 1714957987.4473653, "task_uuid": "5aacc281-3adb-442c-b4d6-35bb49a8fb15", "action_type": "OPTIMIZER_CREATION", "task_level": [3]}
{"action_status": "succeeded", "timestamp": 1714957987.4473653, "task_uuid": "5aacc281-3adb-442c-b4d6-35bb49a8fb15", "action_type": "OPTIMIZER_CREATION", "task_level": [3]}
{"action_status": "succeeded", "timestamp": 1714957987.4473653, "task_uuid": "5aacc281-3adb-442c-b4d6-35bb49a8fb15", "action_type": "OPTIMIZER_CREATION", "task_level": [3]}
{"action_status": "started", "timestamp": 1714959697.787839, "task_uuid": "d2a63d4d-1c5e-4a1c-b4cb-0c647c41c936", "action_type": "LOG_RESULTS", "task_level": [1]}
{"action_status": "started", "timestamp": 1714959697.787839, "task_uuid": "d2a63d4d-1c5e-4a1c-b4cb-0c647c41c936", "action_type": "LOG_RESULTS", "task_level": [1]}
{"action_status": "started", "timestamp": 1714959697.787839, "task_uuid": "d2a63d4d-1c5e-4a1c-b4cb-0c647c41c936", "action_type": "LOG_RESULTS", "task_level": [1]}
{"action_status": "started", "timestamp": 1714959697.787839, "task_uuid": "d2a63d4d-1c5e-4a1c-b4cb-0c647c41c936", "action_type": "LOG_RESULTS", "task_level": [1]}
{"action_status": "started", "timestamp": 1714959697.787839, "task_uuid": "d2a63d4d-1c5e-4a1c-b4cb-0c647c41c936", "action_type": "LOG_RESULTS", "task_level": [1]}
{"action_status": "started", "timestamp": 1714959697.787839, "task_uuid": "d2a63d4d-1c5e-4a1c-b4cb-0c647c41c936", "action_type": "LOG_RESULTS", "task_level": [1]}
{"action_status": "started", "timestamp": 1714959697.787839, "task_uuid": "d2a63d4d-1c5e-4a1c-b4cb-0c647c41c936", "action_type": "LOG_RESULTS", "task_level": [1]}
{"action_status": "started", "timestamp": 1714959697.787839, "task_uuid": "d2a63d4d-1c5e-4a1c-b4cb-0c647c41c936", "action_type": "LOG_RESULTS", "task_level": [1]}
{"action_status": "started", "timestamp": 1714959697.787839, "task_uuid": "d2a63d4d-1c5e-4a1c-b4cb-0c647c41c936", "action_type": "LOG_RESULTS", "task_level": [1]}
{"action_status": "started", "timestamp": 1714959697.787839, "task_uuid": "d2a63d4d-1c5e-4a1c-b4cb-0c647c41c936", "action_type": "LOG_RESULTS", "task_level": [1]}
{"optimizer": "RIO", "no": "0", "best_result": ["0|1|2|3|4|5|6|7|8|9|10|11|12|13|18|15|20|14|19|23|21|16|17|22", 0.599], "run_allowance": 9500, "iterations": 500, "timestamp": 1714959697.7881927, "task_uuid": "d2a63d4d-1c5e-4a1c-b4cb-0c647c41c936", "task_level": [2], "message_type": "INFO"}
{"optimizer": "RIO", "no": "0", "best_result": ["0|1|2|3|4|5|6|7|8|9|10|11|12|13|18|15|20|14|19|23|21|16|17|22", 0.599], "run_allowance": 9500, "iterations": 500, "timestamp": 1714959697.7881927, "task_uuid": "d2a63d4d-1c5e-4a1c-b4cb-0c647c41c936", "task_level": [2], "message_type": "INFO"}
{"optimizer": "RIO", "no": "0", "best_result": ["0|1|2|3|4|5|6|7|8|9|10|11|12|13|18|15|20|14|19|23|21|16|17|22", 0.599], "run_allowance": 9500, "iterations": 500, "timestamp": 1714959697.7881927, "task_uuid": "d2a63d4d-1c5e-4a1c-b4cb-0c647c41c936", "task_level": [2], "message_type": "INFO"}
{"optimizer": "RIO", "no": "0", "best_result": ["0|1|2|3|4|5|6|7|8|9|10|11|12|13|18|15|20|14|19|23|21|16|17|22", 0.599], "run_allowance": 9500, "iterations": 500, "timestamp": 1714959697.7881927, "task_uuid": "d2a63d4d-1c5e-4a1c-b4cb-0c647c41c936", "task_level": [2], "message_type": "INFO"}
{"optimizer": "RIO", "no": "0", "best_result": ["0|1|2|3|4|5|6|7|8|9|10|11|12|13|18|15|20|14|19|23|21|16|17|22", 0.599], "run_allowance": 9500, "iterations": 500, "timestamp": 1714959697.7881927, "task_uuid": "d2a63d4d-1c5e-4a1c-b4cb-0c647c41c936", "task_level": [2], "message_type": "INFO"}
{"optimizer": "RIO", "no": "0", "best_result": ["0|1|2|3|4|5|6|7|8|9|10|11|12|13|18|15|20|14|19|23|21|16|17|22", 0.599], "run_allowance": 9500, "iterations": 500, "timestamp": 1714959697.7881927, "task_uuid": "d2a63d4d-1c5e-4a1c-b4cb-0c647c41c936", "task_level": [2], "message_type": "INFO"}
{"optimizer": "RIO", "no": "0", "best_result": ["0|1|2|3|4|5|6|7|8|9|10|11|12|13|18|15|20|14|19|23|21|16|17|22", 0.599], "run_allowance": 9500, "iterations": 500, "timestamp": 1714959697.7881927, "task_uuid": "d2a63d4d-1c5e-4a1c-b4cb-0c647c41c936", "task_level": [2], "message_type": "INFO"}
{"optimizer": "RIO", "no": "0", "best_result": ["0|1|2|3|4|5|6|7|8|9|10|11|12|13|18|15|20|14|19|23|21|16|17|22", 0.599], "run_allowance": 9500, "iterations": 500, "timestamp": 1714959697.7881927, "task_uuid": "d2a63d4d-1c5e-4a1c-b4cb-0c647c41c936", "task_level": [2], "message_type": "INFO"}
{"optimizer": "RIO", "no": "0", "best_result": ["0|1|2|3|4|5|6|7|8|9|10|11|12|13|18|15|20|14|19|23|21|16|17|22", 0.599], "run_allowance": 9500, "iterations": 500, "timestamp": 1714959697.7881927, "task_uuid": "d2a63d4d-1c5e-4a1c-b4cb-0c647c41c936", "task_level": [2], "message_type": "INFO"}
{"optimizer": "RIO", "no": "0", "best_result": ["0|1|2|3|4|5|6|7|8|9|10|11|12|13|18|15|20|14|19|23|21|16|17|22", 0.599], "run_allowance": 9500, "iterations": 500, "timestamp": 1714959697.7881927, "task_uuid": "d2a63d4d-1c5e-4a1c-b4cb-0c647c41c936", "task_level": [2], "message_type": "INFO"}
{"action_status": "succeeded", "timestamp": 1714959697.7885497, "task_uuid": "d2a63d4d-1c5e-4a1c-b4cb-0c647c41c936", "action_type": "LOG_RESULTS", "task_level": [3]}
{"action_status": "succeeded", "timestamp": 1714959697.7885497, "task_uuid": "d2a63d4d-1c5e-4a1c-b4cb-0c647c41c936", "action_type": "LOG_RESULTS", "task_level": [3]}
{"action_status": "succeeded", "timestamp": 1714959697.7885497, "task_uuid": "d2a63d4d-1c5e-4a1c-b4cb-0c647c41c936", "action_type": "LOG_RESULTS", "task_level": [3]}
{"action_status": "succeeded", "timestamp": 1714959697.7885497, "task_uuid": "d2a63d4d-1c5e-4a1c-b4cb-0c647c41c936", "action_type": "LOG_RESULTS", "task_level": [3]}
{"action_status": "succeeded", "timestamp": 1714959697.7885497, "task_uuid": "d2a63d4d-1c5e-4a1c-b4cb-0c647c41c936", "action_type": "LOG_RESULTS", "task_level": [3]}
{"action_status": "succeeded", "timestamp": 1714959697.7885497, "task_uuid": "d2a63d4d-1c5e-4a1c-b4cb-0c647c41c936", "action_type": "LOG_RESULTS", "task_level": [3]}
{"action_status": "succeeded", "timestamp": 1714959697.7885497, "task_uuid": "d2a63d4d-1c5e-4a1c-b4cb-0c647c41c936", "action_type": "LOG_RESULTS", "task_level": [3]}
{"action_status": "succeeded", "timestamp": 1714959697.7885497, "task_uuid": "d2a63d4d-1c5e-4a1c-b4cb-0c647c41c936", "action_type": "LOG_RESULTS", "task_level": [3]}
{"action_status": "succeeded", "timestamp": 1714959697.7885497, "task_uuid": "d2a63d4d-1c5e-4a1c-b4cb-0c647c41c936", "action_type": "LOG_RESULTS", "task_level": [3]}
{"action_status": "succeeded", "timestamp": 1714959697.7885497, "task_uuid": "d2a63d4d-1c5e-4a1c-b4cb-0c647c41c936", "action_type": "LOG_RESULTS", "task_level": [3]}
{"action_status": "started", "timestamp": 1714961931.7987993, "task_uuid": "6f7ed891-8ed4-47c6-9946-0ef7a6cabc93", "action_type": "LOG_RESULTS", "task_level": [1]}
{"action_status": "started", "timestamp": 1714961931.7987993, "task_uuid": "6f7ed891-8ed4-47c6-9946-0ef7a6cabc93", "action_type": "LOG_RESULTS", "task_level": [1]}
{"action_status": "started", "timestamp": 1714961931.7987993, "task_uuid": "6f7ed891-8ed4-47c6-9946-0ef7a6cabc93", "action_type": "LOG_RESULTS", "task_level": [1]}
{"action_status": "started", "timestamp": 1714961931.7987993, "task_uuid": "6f7ed891-8ed4-47c6-9946-0ef7a6cabc93", "action_type": "LOG_RESULTS", "task_level": [1]}
{"action_status": "started", "timestamp": 1714961931.7987993, "task_uuid": "6f7ed891-8ed4-47c6-9946-0ef7a6cabc93", "action_type": "LOG_RESULTS", "task_level": [1]}
{"action_status": "started", "timestamp": 1714961931.7987993, "task_uuid": "6f7ed891-8ed4-47c6-9946-0ef7a6cabc93", "action_type": "LOG_RESULTS", "task_level": [1]}
{"action_status": "started", "timestamp": 1714961931.7987993, "task_uuid": "6f7ed891-8ed4-47c6-9946-0ef7a6cabc93", "action_type": "LOG_RESULTS", "task_level": [1]}
{"action_status": "started", "timestamp": 1714961931.7987993, "task_uuid": "6f7ed891-8ed4-47c6-9946-0ef7a6cabc93", "action_type": "LOG_RESULTS", "task_level": [1]}
{"action_status": "started", "timestamp": 1714961931.7987993, "task_uuid": "6f7ed891-8ed4-47c6-9946-0ef7a6cabc93", "action_type": "LOG_RESULTS", "task_level": [1]}
{"action_status": "started", "timestamp": 1714961931.7987993, "task_uuid": "6f7ed891-8ed4-47c6-9946-0ef7a6cabc93", "action_type": "LOG_RESULTS", "task_level": [1]}
{"optimizer": "RIO", "no": "1", "best_result": ["0|1|2|3|4|5|6|7|8|9|10|11|12|13|22|14|19|18|21|23|17|16|15|20", 0.591], "run_allowance": 9500, "iterations": 500, "timestamp": 1714961931.7991726, "task_uuid": "6f7ed891-8ed4-47c6-9946-0ef7a6cabc93", "task_level": [2], "message_type": "INFO"}
{"optimizer": "RIO", "no": "1", "best_result": ["0|1|2|3|4|5|6|7|8|9|10|11|12|13|22|14|19|18|21|23|17|16|15|20", 0.591], "run_allowance": 9500, "iterations": 500, "timestamp": 1714961931.7991726, "task_uuid": "6f7ed891-8ed4-47c6-9946-0ef7a6cabc93", "task_level": [2], "message_type": "INFO"}
{"optimizer": "RIO", "no": "1", "best_result": ["0|1|2|3|4|5|6|7|8|9|10|11|12|13|22|14|19|18|21|23|17|16|15|20", 0.591], "run_allowance": 9500, "iterations": 500, "timestamp": 1714961931.7991726, "task_uuid": "6f7ed891-8ed4-47c6-9946-0ef7a6cabc93", "task_level": [2], "message_type": "INFO"}
{"optimizer": "RIO", "no": "1", "best_result": ["0|1|2|3|4|5|6|7|8|9|10|11|12|13|22|14|19|18|21|23|17|16|15|20", 0.591], "run_allowance": 9500, "iterations": 500, "timestamp": 1714961931.7991726, "task_uuid": "6f7ed891-8ed4-47c6-9946-0ef7a6cabc93", "task_level": [2], "message_type": "INFO"}
{"optimizer": "RIO", "no": "1", "best_result": ["0|1|2|3|4|5|6|7|8|9|10|11|12|13|22|14|19|18|21|23|17|16|15|20", 0.591], "run_allowance": 9500, "iterations": 500, "timestamp": 1714961931.7991726, "task_uuid": "6f7ed891-8ed4-47c6-9946-0ef7a6cabc93", "task_level": [2], "message_type": "INFO"}
{"optimizer": "RIO", "no": "1", "best_result": ["0|1|2|3|4|5|6|7|8|9|10|11|12|13|22|14|19|18|21|23|17|16|15|20", 0.591], "run_allowance": 9500, "iterations": 500, "timestamp": 1714961931.7991726, "task_uuid": "6f7ed891-8ed4-47c6-9946-0ef7a6cabc93", "task_level": [2], "message_type": "INFO"}
{"optimizer": "RIO", "no": "1", "best_result": ["0|1|2|3|4|5|6|7|8|9|10|11|12|13|22|14|19|18|21|23|17|16|15|20", 0.591], "run_allowance": 9500, "iterations": 500, "timestamp": 1714961931.7991726, "task_uuid": "6f7ed891-8ed4-47c6-9946-0ef7a6cabc93", "task_level": [2], "message_type": "INFO"}
{"optimizer": "RIO", "no": "1", "best_result": ["0|1|2|3|4|5|6|7|8|9|10|11|12|13|22|14|19|18|21|23|17|16|15|20", 0.591], "run_allowance": 9500, "iterations": 500, "timestamp": 1714961931.7991726, "task_uuid": "6f7ed891-8ed4-47c6-9946-0ef7a6cabc93", "task_level": [2], "message_type": "INFO"}
{"optimizer": "RIO", "no": "1", "best_result": ["0|1|2|3|4|5|6|7|8|9|10|11|12|13|22|14|19|18|21|23|17|16|15|20", 0.591], "run_allowance": 9500, "iterations": 500, "timestamp": 1714961931.7991726, "task_uuid": "6f7ed891-8ed4-47c6-9946-0ef7a6cabc93", "task_level": [2], "message_type": "INFO"}
{"optimizer": "RIO", "no": "1", "best_result": ["0|1|2|3|4|5|6|7|8|9|10|11|12|13|22|14|19|18|21|23|17|16|15|20", 0.591], "run_allowance": 9500, "iterations": 500, "timestamp": 1714961931.7991726, "task_uuid": "6f7ed891-8ed4-47c6-9946-0ef7a6cabc93", "task_level": [2], "message_type": "INFO"}
{"action_status": "succeeded", "timestamp": 1714961931.799457, "task_uuid": "6f7ed891-8ed4-47c6-9946-0ef7a6cabc93", "action_type": "LOG_RESULTS", "task_level": [3]}
{"action_status": "succeeded", "timestamp": 1714961931.799457, "task_uuid": "6f7ed891-8ed4-47c6-9946-0ef7a6cabc93", "action_type": "LOG_RESULTS", "task_level": [3]}
{"action_status": "succeeded", "timestamp": 1714961931.799457, "task_uuid": "6f7ed891-8ed4-47c6-9946-0ef7a6cabc93", "action_type": "LOG_RESULTS", "task_level": [3]}
{"action_status": "succeeded", "timestamp": 1714961931.799457, "task_uuid": "6f7ed891-8ed4-47c6-9946-0ef7a6cabc93", "action_type": "LOG_RESULTS", "task_level": [3]}
{"action_status": "succeeded", "timestamp": 1714961931.799457, "task_uuid": "6f7ed891-8ed4-47c6-9946-0ef7a6cabc93", "action_type": "LOG_RESULTS", "task_level": [3]}
{"action_status": "succeeded", "timestamp": 1714961931.799457, "task_uuid": "6f7ed891-8ed4-47c6-9946-0ef7a6cabc93", "action_type": "LOG_RESULTS", "task_level": [3]}
{"action_status": "succeeded", "timestamp": 1714961931.799457, "task_uuid": "6f7ed891-8ed4-47c6-9946-0ef7a6cabc93", "action_type": "LOG_RESULTS", "task_level": [3]}
{"action_status": "succeeded", "timestamp": 1714961931.799457, "task_uuid": "6f7ed891-8ed4-47c6-9946-0ef7a6cabc93", "action_type": "LOG_RESULTS", "task_level": [3]}
{"action_status": "succeeded", "timestamp": 1714961931.799457, "task_uuid": "6f7ed891-8ed4-47c6-9946-0ef7a6cabc93", "action_type": "LOG_RESULTS", "task_level": [3]}
{"action_status": "succeeded", "timestamp": 1714961931.799457, "task_uuid": "6f7ed891-8ed4-47c6-9946-0ef7a6cabc93", "action_type": "LOG_RESULTS", "task_level": [3]}
{"action_status": "started", "timestamp": 1714964160.8869421, "task_uuid": "60e44c29-e4a5-4487-8ecc-4adba30a4d25", "action_type": "LOG_RESULTS", "task_level": [1]}
{"action_status": "started", "timestamp": 1714964160.8869421, "task_uuid": "60e44c29-e4a5-4487-8ecc-4adba30a4d25", "action_type": "LOG_RESULTS", "task_level": [1]}
{"action_status": "started", "timestamp": 1714964160.8869421, "task_uuid": "60e44c29-e4a5-4487-8ecc-4adba30a4d25", "action_type": "LOG_RESULTS", "task_level": [1]}
{"action_status": "started", "timestamp": 1714964160.8869421, "task_uuid": "60e44c29-e4a5-4487-8ecc-4adba30a4d25", "action_type": "LOG_RESULTS", "task_level": [1]}
{"action_status": "started", "timestamp": 1714964160.8869421, "task_uuid": "60e44c29-e4a5-4487-8ecc-4adba30a4d25", "action_type": "LOG_RESULTS", "task_level": [1]}
{"action_status": "started", "timestamp": 1714964160.8869421, "task_uuid": "60e44c29-e4a5-4487-8ecc-4adba30a4d25", "action_type": "LOG_RESULTS", "task_level": [1]}
{"action_status": "started", "timestamp": 1714964160.8869421, "task_uuid": "60e44c29-e4a5-4487-8ecc-4adba30a4d25", "action_type": "LOG_RESULTS", "task_level": [1]}
{"action_status": "started", "timestamp": 1714964160.8869421, "task_uuid": "60e44c29-e4a5-4487-8ecc-4adba30a4d25", "action_type": "LOG_RESULTS", "task_level": [1]}
{"action_status": "started", "timestamp": 1714964160.8869421, "task_uuid": "60e44c29-e4a5-4487-8ecc-4adba30a4d25", "action_type": "LOG_RESULTS", "task_level": [1]}
{"action_status": "started", "timestamp": 1714964160.8869421, "task_uuid": "60e44c29-e4a5-4487-8ecc-4adba30a4d25", "action_type": "LOG_RESULTS", "task_level": [1]}
{"optimizer": "RIO", "no": "2", "best_result": ["0|1|2|3|4|5|6|7|8|9|10|11|12|13|20|14|17|22|21|23|19|18|16|15", 0.591], "run_allowance": 9500, "iterations": 500, "timestamp": 1714964160.8872702, "task_uuid": "60e44c29-e4a5-4487-8ecc-4adba30a4d25", "task_level": [2], "message_type": "INFO"}
{"optimizer": "RIO", "no": "2", "best_result": ["0|1|2|3|4|5|6|7|8|9|10|11|12|13|20|14|17|22|21|23|19|18|16|15", 0.591], "run_allowance": 9500, "iterations": 500, "timestamp": 1714964160.8872702, "task_uuid": "60e44c29-e4a5-4487-8ecc-4adba30a4d25", "task_level": [2], "message_type": "INFO"}
{"optimizer": "RIO", "no": "2", "best_result": ["0|1|2|3|4|5|6|7|8|9|10|11|12|13|20|14|17|22|21|23|19|18|16|15", 0.591], "run_allowance": 9500, "iterations": 500, "timestamp": 1714964160.8872702, "task_uuid": "60e44c29-e4a5-4487-8ecc-4adba30a4d25", "task_level": [2], "message_type": "INFO"}
{"optimizer": "RIO", "no": "2", "best_result": ["0|1|2|3|4|5|6|7|8|9|10|11|12|13|20|14|17|22|21|23|19|18|16|15", 0.591], "run_allowance": 9500, "iterations": 500, "timestamp": 1714964160.8872702, "task_uuid": "60e44c29-e4a5-4487-8ecc-4adba30a4d25", "task_level": [2], "message_type": "INFO"}
{"optimizer": "RIO", "no": "2", "best_result": ["0|1|2|3|4|5|6|7|8|9|10|11|12|13|20|14|17|22|21|23|19|18|16|15", 0.591], "run_allowance": 9500, "iterations": 500, "timestamp": 1714964160.8872702, "task_uuid": "60e44c29-e4a5-4487-8ecc-4adba30a4d25", "task_level": [2], "message_type": "INFO"}
{"optimizer": "RIO", "no": "2", "best_result": ["0|1|2|3|4|5|6|7|8|9|10|11|12|13|20|14|17|22|21|23|19|18|16|15", 0.591], "run_allowance": 9500, "iterations": 500, "timestamp": 1714964160.8872702, "task_uuid": "60e44c29-e4a5-4487-8ecc-4adba30a4d25", "task_level": [2], "message_type": "INFO"}
{"optimizer": "RIO", "no": "2", "best_result": ["0|1|2|3|4|5|6|7|8|9|10|11|12|13|20|14|17|22|21|23|19|18|16|15", 0.591], "run_allowance": 9500, "iterations": 500, "timestamp": 1714964160.8872702, "task_uuid": "60e44c29-e4a5-4487-8ecc-4adba30a4d25", "task_level": [2], "message_type": "INFO"}
{"optimizer": "RIO", "no": "2", "best_result": ["0|1|2|3|4|5|6|7|8|9|10|11|12|13|20|14|17|22|21|23|19|18|16|15", 0.591], "run_allowance": 9500, "iterations": 500, "timestamp": 1714964160.8872702, "task_uuid": "60e44c29-e4a5-4487-8ecc-4adba30a4d25", "task_level": [2], "message_type": "INFO"}
{"optimizer": "RIO", "no": "2", "best_result": ["0|1|2|3|4|5|6|7|8|9|10|11|12|13|20|14|17|22|21|23|19|18|16|15", 0.591], "run_allowance": 9500, "iterations": 500, "timestamp": 1714964160.8872702, "task_uuid": "60e44c29-e4a5-4487-8ecc-4adba30a4d25", "task_level": [2], "message_type": "INFO"}
{"optimizer": "RIO", "no": "2", "best_result": ["0|1|2|3|4|5|6|7|8|9|10|11|12|13|20|14|17|22|21|23|19|18|16|15", 0.591], "run_allowance": 9500, "iterations": 500, "timestamp": 1714964160.8872702, "task_uuid": "60e44c29-e4a5-4487-8ecc-4adba30a4d25", "task_level": [2], "message_type": "INFO"}
{"action_status": "succeeded", "timestamp": 1714964160.8875725, "task_uuid": "60e44c29-e4a5-4487-8ecc-4adba30a4d25", "action_type": "LOG_RESULTS", "task_level": [3]}
{"action_status": "succeeded", "timestamp": 1714964160.8875725, "task_uuid": "60e44c29-e4a5-4487-8ecc-4adba30a4d25", "action_type": "LOG_RESULTS", "task_level": [3]}
{"action_status": "succeeded", "timestamp": 1714964160.8875725, "task_uuid": "60e44c29-e4a5-4487-8ecc-4adba30a4d25", "action_type": "LOG_RESULTS", "task_level": [3]}
{"action_status": "succeeded", "timestamp": 1714964160.8875725, "task_uuid": "60e44c29-e4a5-4487-8ecc-4adba30a4d25", "action_type": "LOG_RESULTS", "task_level": [3]}
{"action_status": "succeeded", "timestamp": 1714964160.8875725, "task_uuid": "60e44c29-e4a5-4487-8ecc-4adba30a4d25", "action_type": "LOG_RESULTS", "task_level": [3]}
{"action_status": "succeeded", "timestamp": 1714964160.8875725, "task_uuid": "60e44c29-e4a5-4487-8ecc-4adba30a4d25", "action_type": "LOG_RESULTS", "task_level": [3]}
{"action_status": "succeeded", "timestamp": 1714964160.8875725, "task_uuid": "60e44c29-e4a5-4487-8ecc-4adba30a4d25", "action_type": "LOG_RESULTS", "task_level": [3]}
{"action_status": "succeeded", "timestamp": 1714964160.8875725, "task_uuid": "60e44c29-e4a5-4487-8ecc-4adba30a4d25", "action_type": "LOG_RESULTS", "task_level": [3]}
{"action_status": "succeeded", "timestamp": 1714964160.8875725, "task_uuid": "60e44c29-e4a5-4487-8ecc-4adba30a4d25", "action_type": "LOG_RESULTS", "task_level": [3]}
{"action_status": "succeeded", "timestamp": 1714964160.8875725, "task_uuid": "60e44c29-e4a5-4487-8ecc-4adba30a4d25", "action_type": "LOG_RESULTS", "task_level": [3]}
{"action_status": "started", "timestamp": 1714966398.714237, "task_uuid": "37413613-ef99-40c2-ae2d-48a29cc1ee11", "action_type": "LOG_RESULTS", "task_level": [1]}
{"action_status": "started", "timestamp": 1714966398.714237, "task_uuid": "37413613-ef99-40c2-ae2d-48a29cc1ee11", "action_type": "LOG_RESULTS", "task_level": [1]}
{"action_status": "started", "timestamp": 1714966398.714237, "task_uuid": "37413613-ef99-40c2-ae2d-48a29cc1ee11", "action_type": "LOG_RESULTS", "task_level": [1]}
{"action_status": "started", "timestamp": 1714966398.714237, "task_uuid": "37413613-ef99-40c2-ae2d-48a29cc1ee11", "action_type": "LOG_RESULTS", "task_level": [1]}
{"action_status": "started", "timestamp": 1714966398.714237, "task_uuid": "37413613-ef99-40c2-ae2d-48a29cc1ee11", "action_type": "LOG_RESULTS", "task_level": [1]}
{"action_status": "started", "timestamp": 1714966398.714237, "task_uuid": "37413613-ef99-40c2-ae2d-48a29cc1ee11", "action_type": "LOG_RESULTS", "task_level": [1]}
{"action_status": "started", "timestamp": 1714966398.714237, "task_uuid": "37413613-ef99-40c2-ae2d-48a29cc1ee11", "action_type": "LOG_RESULTS", "task_level": [1]}
{"action_status": "started", "timestamp": 1714966398.714237, "task_uuid": "37413613-ef99-40c2-ae2d-48a29cc1ee11", "action_type": "LOG_RESULTS", "task_level": [1]}
{"action_status": "started", "timestamp": 1714966398.714237, "task_uuid": "37413613-ef99-40c2-ae2d-48a29cc1ee11", "action_type": "LOG_RESULTS", "task_level": [1]}
{"action_status": "started", "timestamp": 1714966398.714237, "task_uuid": "37413613-ef99-40c2-ae2d-48a29cc1ee11", "action_type": "LOG_RESULTS", "task_level": [1]}
{"optimizer": "RIO", "no": "3", "best_result": ["0|1|2|3|4|5|6|7|8|9|10|11|12|13|17|19|22|21|18|23|15|14|16|20", 0.596], "run_allowance": 9500, "iterations": 500, "timestamp": 1714966398.7146425, "task_uuid": "37413613-ef99-40c2-ae2d-48a29cc1ee11", "task_level": [2], "message_type": "INFO"}
{"optimizer": "RIO", "no": "3", "best_result": ["0|1|2|3|4|5|6|7|8|9|10|11|12|13|17|19|22|21|18|23|15|14|16|20", 0.596], "run_allowance": 9500, "iterations": 500, "timestamp": 1714966398.7146425, "task_uuid": "37413613-ef99-40c2-ae2d-48a29cc1ee11", "task_level": [2], "message_type": "INFO"}
{"optimizer": "RIO", "no": "3", "best_result": ["0|1|2|3|4|5|6|7|8|9|10|11|12|13|17|19|22|21|18|23|15|14|16|20", 0.596], "run_allowance": 9500, "iterations": 500, "timestamp": 1714966398.7146425, "task_uuid": "37413613-ef99-40c2-ae2d-48a29cc1ee11", "task_level": [2], "message_type": "INFO"}
{"optimizer": "RIO", "no": "3", "best_result": ["0|1|2|3|4|5|6|7|8|9|10|11|12|13|17|19|22|21|18|23|15|14|16|20", 0.596], "run_allowance": 9500, "iterations": 500, "timestamp": 1714966398.7146425, "task_uuid": "37413613-ef99-40c2-ae2d-48a29cc1ee11", "task_level": [2], "message_type": "INFO"}
{"optimizer": "RIO", "no": "3", "best_result": ["0|1|2|3|4|5|6|7|8|9|10|11|12|13|17|19|22|21|18|23|15|14|16|20", 0.596], "run_allowance": 9500, "iterations": 500, "timestamp": 1714966398.7146425, "task_uuid": "37413613-ef99-40c2-ae2d-48a29cc1ee11", "task_level": [2], "message_type": "INFO"}
{"optimizer": "RIO", "no": "3", "best_result": ["0|1|2|3|4|5|6|7|8|9|10|11|12|13|17|19|22|21|18|23|15|14|16|20", 0.596], "run_allowance": 9500, "iterations": 500, "timestamp": 1714966398.7146425, "task_uuid": "37413613-ef99-40c2-ae2d-48a29cc1ee11", "task_level": [2], "message_type": "INFO"}
{"optimizer": "RIO", "no": "3", "best_result": ["0|1|2|3|4|5|6|7|8|9|10|11|12|13|17|19|22|21|18|23|15|14|16|20", 0.596], "run_allowance": 9500, "iterations": 500, "timestamp": 1714966398.7146425, "task_uuid": "37413613-ef99-40c2-ae2d-48a29cc1ee11", "task_level": [2], "message_type": "INFO"}
{"optimizer": "RIO", "no": "3", "best_result": ["0|1|2|3|4|5|6|7|8|9|10|11|12|13|17|19|22|21|18|23|15|14|16|20", 0.596], "run_allowance": 9500, "iterations": 500, "timestamp": 1714966398.7146425, "task_uuid": "37413613-ef99-40c2-ae2d-48a29cc1ee11", "task_level": [2], "message_type": "INFO"}
{"optimizer": "RIO", "no": "3", "best_result": ["0|1|2|3|4|5|6|7|8|9|10|11|12|13|17|19|22|21|18|23|15|14|16|20", 0.596], "run_allowance": 9500, "iterations": 500, "timestamp": 1714966398.7146425, "task_uuid": "37413613-ef99-40c2-ae2d-48a29cc1ee11", "task_level": [2], "message_type": "INFO"}
{"optimizer": "RIO", "no": "3", "best_result": ["0|1|2|3|4|5|6|7|8|9|10|11|12|13|17|19|22|21|18|23|15|14|16|20", 0.596], "run_allowance": 9500, "iterations": 500, "timestamp": 1714966398.7146425, "task_uuid": "37413613-ef99-40c2-ae2d-48a29cc1ee11", "task_level": [2], "message_type": "INFO"}
{"action_status": "succeeded", "timestamp": 1714966398.7149436, "task_uuid": "37413613-ef99-40c2-ae2d-48a29cc1ee11", "action_type": "LOG_RESULTS", "task_level": [3]}
{"action_status": "succeeded", "timestamp": 1714966398.7149436, "task_uuid": "37413613-ef99-40c2-ae2d-48a29cc1ee11", "action_type": "LOG_RESULTS", "task_level": [3]}
{"action_status": "succeeded", "timestamp": 1714966398.7149436, "task_uuid": "37413613-ef99-40c2-ae2d-48a29cc1ee11", "action_type": "LOG_RESULTS", "task_level": [3]}
{"action_status": "succeeded", "timestamp": 1714966398.7149436, "task_uuid": "37413613-ef99-40c2-ae2d-48a29cc1ee11", "action_type": "LOG_RESULTS", "task_level": [3]}
{"action_status": "succeeded", "timestamp": 1714966398.7149436, "task_uuid": "37413613-ef99-40c2-ae2d-48a29cc1ee11", "action_type": "LOG_RESULTS", "task_level": [3]}
{"action_status": "succeeded", "timestamp": 1714966398.7149436, "task_uuid": "37413613-ef99-40c2-ae2d-48a29cc1ee11", "action_type": "LOG_RESULTS", "task_level": [3]}
{"action_status": "succeeded", "timestamp": 1714966398.7149436, "task_uuid": "37413613-ef99-40c2-ae2d-48a29cc1ee11", "action_type": "LOG_RESULTS", "task_level": [3]}
{"action_status": "succeeded", "timestamp": 1714966398.7149436, "task_uuid": "37413613-ef99-40c2-ae2d-48a29cc1ee11", "action_type": "LOG_RESULTS", "task_level": [3]}
{"action_status": "succeeded", "timestamp": 1714966398.7149436, "task_uuid": "37413613-ef99-40c2-ae2d-48a29cc1ee11", "action_type": "LOG_RESULTS", "task_level": [3]}
{"action_status": "succeeded", "timestamp": 1714966398.7149436, "task_uuid": "37413613-ef99-40c2-ae2d-48a29cc1ee11", "action_type": "LOG_RESULTS", "task_level": [3]}
{"action_status": "started", "timestamp": 1714968658.7229764, "task_uuid": "8c31c599-2e1f-4c2b-a301-5a822e194b89", "action_type": "LOG_RESULTS", "task_level": [1]}
{"action_status": "started", "timestamp": 1714968658.7229764, "task_uuid": "8c31c599-2e1f-4c2b-a301-5a822e194b89", "action_type": "LOG_RESULTS", "task_level": [1]}
{"action_status": "started", "timestamp": 1714968658.7229764, "task_uuid": "8c31c599-2e1f-4c2b-a301-5a822e194b89", "action_type": "LOG_RESULTS", "task_level": [1]}
{"action_status": "started", "timestamp": 1714968658.7229764, "task_uuid": "8c31c599-2e1f-4c2b-a301-5a822e194b89", "action_type": "LOG_RESULTS", "task_level": [1]}
{"action_status": "started", "timestamp": 1714968658.7229764, "task_uuid": "8c31c599-2e1f-4c2b-a301-5a822e194b89", "action_type": "LOG_RESULTS", "task_level": [1]}
{"action_status": "started", "timestamp": 1714968658.7229764, "task_uuid": "8c31c599-2e1f-4c2b-a301-5a822e194b89", "action_type": "LOG_RESULTS", "task_level": [1]}
{"action_status": "started", "timestamp": 1714968658.7229764, "task_uuid": "8c31c599-2e1f-4c2b-a301-5a822e194b89", "action_type": "LOG_RESULTS", "task_level": [1]}
{"action_status": "started", "timestamp": 1714968658.7229764, "task_uuid": "8c31c599-2e1f-4c2b-a301-5a822e194b89", "action_type": "LOG_RESULTS", "task_level": [1]}
{"action_status": "started", "timestamp": 1714968658.7229764, "task_uuid": "8c31c599-2e1f-4c2b-a301-5a822e194b89", "action_type": "LOG_RESULTS", "task_level": [1]}
{"action_status": "started", "timestamp": 1714968658.7229764, "task_uuid": "8c31c599-2e1f-4c2b-a301-5a822e194b89", "action_type": "LOG_RESULTS", "task_level": [1]}
{"optimizer": "RIO", "no": "4", "best_result": ["0|1|2|3|4|5|6|7|8|9|10|11|12|13|16|19|17|21|20|18|22|14|23|15", 0.593], "run_allowance": 9500, "iterations": 500, "timestamp": 1714968658.7233534, "task_uuid": "8c31c599-2e1f-4c2b-a301-5a822e194b89", "task_level": [2], "message_type": "INFO"}
{"optimizer": "RIO", "no": "4", "best_result": ["0|1|2|3|4|5|6|7|8|9|10|11|12|13|16|19|17|21|20|18|22|14|23|15", 0.593], "run_allowance": 9500, "iterations": 500, "timestamp": 1714968658.7233534, "task_uuid": "8c31c599-2e1f-4c2b-a301-5a822e194b89", "task_level": [2], "message_type": "INFO"}
{"optimizer": "RIO", "no": "4", "best_result": ["0|1|2|3|4|5|6|7|8|9|10|11|12|13|16|19|17|21|20|18|22|14|23|15", 0.593], "run_allowance": 9500, "iterations": 500, "timestamp": 1714968658.7233534, "task_uuid": "8c31c599-2e1f-4c2b-a301-5a822e194b89", "task_level": [2], "message_type": "INFO"}
{"optimizer": "RIO", "no": "4", "best_result": ["0|1|2|3|4|5|6|7|8|9|10|11|12|13|16|19|17|21|20|18|22|14|23|15", 0.593], "run_allowance": 9500, "iterations": 500, "timestamp": 1714968658.7233534, "task_uuid": "8c31c599-2e1f-4c2b-a301-5a822e194b89", "task_level": [2], "message_type": "INFO"}
{"optimizer": "RIO", "no": "4", "best_result": ["0|1|2|3|4|5|6|7|8|9|10|11|12|13|16|19|17|21|20|18|22|14|23|15", 0.593], "run_allowance": 9500, "iterations": 500, "timestamp": 1714968658.7233534, "task_uuid": "8c31c599-2e1f-4c2b-a301-5a822e194b89", "task_level": [2], "message_type": "INFO"}
{"optimizer": "RIO", "no": "4", "best_result": ["0|1|2|3|4|5|6|7|8|9|10|11|12|13|16|19|17|21|20|18|22|14|23|15", 0.593], "run_allowance": 9500, "iterations": 500, "timestamp": 1714968658.7233534, "task_uuid": "8c31c599-2e1f-4c2b-a301-5a822e194b89", "task_level": [2], "message_type": "INFO"}
{"optimizer": "RIO", "no": "4", "best_result": ["0|1|2|3|4|5|6|7|8|9|10|11|12|13|16|19|17|21|20|18|22|14|23|15", 0.593], "run_allowance": 9500, "iterations": 500, "timestamp": 1714968658.7233534, "task_uuid": "8c31c599-2e1f-4c2b-a301-5a822e194b89", "task_level": [2], "message_type": "INFO"}
{"optimizer": "RIO", "no": "4", "best_result": ["0|1|2|3|4|5|6|7|8|9|10|11|12|13|16|19|17|21|20|18|22|14|23|15", 0.593], "run_allowance": 9500, "iterations": 500, "timestamp": 1714968658.7233534, "task_uuid": "8c31c599-2e1f-4c2b-a301-5a822e194b89", "task_level": [2], "message_type": "INFO"}
{"optimizer": "RIO", "no": "4", "best_result": ["0|1|2|3|4|5|6|7|8|9|10|11|12|13|16|19|17|21|20|18|22|14|23|15", 0.593], "run_allowance": 9500, "iterations": 500, "timestamp": 1714968658.7233534, "task_uuid": "8c31c599-2e1f-4c2b-a301-5a822e194b89", "task_level": [2], "message_type": "INFO"}
{"optimizer": "RIO", "no": "4", "best_result": ["0|1|2|3|4|5|6|7|8|9|10|11|12|13|16|19|17|21|20|18|22|14|23|15", 0.593], "run_allowance": 9500, "iterations": 500, "timestamp": 1714968658.7233534, "task_uuid": "8c31c599-2e1f-4c2b-a301-5a822e194b89", "task_level": [2], "message_type": "INFO"}
{"action_status": "succeeded", "timestamp": 1714968658.7236698, "task_uuid": "8c31c599-2e1f-4c2b-a301-5a822e194b89", "action_type": "LOG_RESULTS", "task_level": [3]}
{"action_status": "succeeded", "timestamp": 1714968658.7236698, "task_uuid": "8c31c599-2e1f-4c2b-a301-5a822e194b89", "action_type": "LOG_RESULTS", "task_level": [3]}
{"action_status": "succeeded", "timestamp": 1714968658.7236698, "task_uuid": "8c31c599-2e1f-4c2b-a301-5a822e194b89", "action_type": "LOG_RESULTS", "task_level": [3]}
{"action_status": "succeeded", "timestamp": 1714968658.7236698, "task_uuid": "8c31c599-2e1f-4c2b-a301-5a822e194b89", "action_type": "LOG_RESULTS", "task_level": [3]}
{"action_status": "succeeded", "timestamp": 1714968658.7236698, "task_uuid": "8c31c599-2e1f-4c2b-a301-5a822e194b89", "action_type": "LOG_RESULTS", "task_level": [3]}
{"action_status": "succeeded", "timestamp": 1714968658.7236698, "task_uuid": "8c31c599-2e1f-4c2b-a301-5a822e194b89", "action_type": "LOG_RESULTS", "task_level": [3]}
{"action_status": "succeeded", "timestamp": 1714968658.7236698, "task_uuid": "8c31c599-2e1f-4c2b-a301-5a822e194b89", "action_type": "LOG_RESULTS", "task_level": [3]}
{"action_status": "succeeded", "timestamp": 1714968658.7236698, "task_uuid": "8c31c599-2e1f-4c2b-a301-5a822e194b89", "action_type": "LOG_RESULTS", "task_level": [3]}
{"action_status": "succeeded", "timestamp": 1714968658.7236698, "task_uuid": "8c31c599-2e1f-4c2b-a301-5a822e194b89", "action_type": "LOG_RESULTS", "task_level": [3]}
{"action_status": "succeeded", "timestamp": 1714968658.7236698, "task_uuid": "8c31c599-2e1f-4c2b-a301-5a822e194b89", "action_type": "LOG_RESULTS", "task_level": [3]}
{"action_status": "started", "timestamp": 1714970892.7901042, "task_uuid": "912ce72a-aa76-4bc8-8cd4-105b7f874173", "action_type": "LOG_RESULTS", "task_level": [1]}
{"action_status": "started", "timestamp": 1714970892.7901042, "task_uuid": "912ce72a-aa76-4bc8-8cd4-105b7f874173", "action_type": "LOG_RESULTS", "task_level": [1]}
{"action_status": "started", "timestamp": 1714970892.7901042, "task_uuid": "912ce72a-aa76-4bc8-8cd4-105b7f874173", "action_type": "LOG_RESULTS", "task_level": [1]}
{"action_status": "started", "timestamp": 1714970892.7901042, "task_uuid": "912ce72a-aa76-4bc8-8cd4-105b7f874173", "action_type": "LOG_RESULTS", "task_level": [1]}
{"action_status": "started", "timestamp": 1714970892.7901042, "task_uuid": "912ce72a-aa76-4bc8-8cd4-105b7f874173", "action_type": "LOG_RESULTS", "task_level": [1]}
{"action_status": "started", "timestamp": 1714970892.7901042, "task_uuid": "912ce72a-aa76-4bc8-8cd4-105b7f874173", "action_type": "LOG_RESULTS", "task_level": [1]}
{"action_status": "started", "timestamp": 1714970892.7901042, "task_uuid": "912ce72a-aa76-4bc8-8cd4-105b7f874173", "action_type": "LOG_RESULTS", "task_level": [1]}
{"action_status": "started", "timestamp": 1714970892.7901042, "task_uuid": "912ce72a-aa76-4bc8-8cd4-105b7f874173", "action_type": "LOG_RESULTS", "task_level": [1]}
{"action_status": "started", "timestamp": 1714970892.7901042, "task_uuid": "912ce72a-aa76-4bc8-8cd4-105b7f874173", "action_type": "LOG_RESULTS", "task_level": [1]}
{"action_status": "started", "timestamp": 1714970892.7901042, "task_uuid": "912ce72a-aa76-4bc8-8cd4-105b7f874173", "action_type": "LOG_RESULTS", "task_level": [1]}
{"optimizer": "RIO", "no": "5", "best_result": ["0|1|2|3|4|5|6|7|8|9|10|11|12|13|17|19|20|14|15|23|22|21|18|16", 0.597], "run_allowance": 9500, "iterations": 500, "timestamp": 1714970892.7905092, "task_uuid": "912ce72a-aa76-4bc8-8cd4-105b7f874173", "task_level": [2], "message_type": "INFO"}
{"optimizer": "RIO", "no": "5", "best_result": ["0|1|2|3|4|5|6|7|8|9|10|11|12|13|17|19|20|14|15|23|22|21|18|16", 0.597], "run_allowance": 9500, "iterations": 500, "timestamp": 1714970892.7905092, "task_uuid": "912ce72a-aa76-4bc8-8cd4-105b7f874173", "task_level": [2], "message_type": "INFO"}
{"optimizer": "RIO", "no": "5", "best_result": ["0|1|2|3|4|5|6|7|8|9|10|11|12|13|17|19|20|14|15|23|22|21|18|16", 0.597], "run_allowance": 9500, "iterations": 500, "timestamp": 1714970892.7905092, "task_uuid": "912ce72a-aa76-4bc8-8cd4-105b7f874173", "task_level": [2], "message_type": "INFO"}
{"optimizer": "RIO", "no": "5", "best_result": ["0|1|2|3|4|5|6|7|8|9|10|11|12|13|17|19|20|14|15|23|22|21|18|16", 0.597], "run_allowance": 9500, "iterations": 500, "timestamp": 1714970892.7905092, "task_uuid": "912ce72a-aa76-4bc8-8cd4-105b7f874173", "task_level": [2], "message_type": "INFO"}
{"optimizer": "RIO", "no": "5", "best_result": ["0|1|2|3|4|5|6|7|8|9|10|11|12|13|17|19|20|14|15|23|22|21|18|16", 0.597], "run_allowance": 9500, "iterations": 500, "timestamp": 1714970892.7905092, "task_uuid": "912ce72a-aa76-4bc8-8cd4-105b7f874173", "task_level": [2], "message_type": "INFO"}
{"optimizer": "RIO", "no": "5", "best_result": ["0|1|2|3|4|5|6|7|8|9|10|11|12|13|17|19|20|14|15|23|22|21|18|16", 0.597], "run_allowance": 9500, "iterations": 500, "timestamp": 1714970892.7905092, "task_uuid": "912ce72a-aa76-4bc8-8cd4-105b7f874173", "task_level": [2], "message_type": "INFO"}
{"optimizer": "RIO", "no": "5", "best_result": ["0|1|2|3|4|5|6|7|8|9|10|11|12|13|17|19|20|14|15|23|22|21|18|16", 0.597], "run_allowance": 9500, "iterations": 500, "timestamp": 1714970892.7905092, "task_uuid": "912ce72a-aa76-4bc8-8cd4-105b7f874173", "task_level": [2], "message_type": "INFO"}
{"optimizer": "RIO", "no": "5", "best_result": ["0|1|2|3|4|5|6|7|8|9|10|11|12|13|17|19|20|14|15|23|22|21|18|16", 0.597], "run_allowance": 9500, "iterations": 500, "timestamp": 1714970892.7905092, "task_uuid": "912ce72a-aa76-4bc8-8cd4-105b7f874173", "task_level": [2], "message_type": "INFO"}
{"optimizer": "RIO", "no": "5", "best_result": ["0|1|2|3|4|5|6|7|8|9|10|11|12|13|17|19|20|14|15|23|22|21|18|16", 0.597], "run_allowance": 9500, "iterations": 500, "timestamp": 1714970892.7905092, "task_uuid": "912ce72a-aa76-4bc8-8cd4-105b7f874173", "task_level": [2], "message_type": "INFO"}
{"optimizer": "RIO", "no": "5", "best_result": ["0|1|2|3|4|5|6|7|8|9|10|11|12|13|17|19|20|14|15|23|22|21|18|16", 0.597], "run_allowance": 9500, "iterations": 500, "timestamp": 1714970892.7905092, "task_uuid": "912ce72a-aa76-4bc8-8cd4-105b7f874173", "task_level": [2], "message_type": "INFO"}
{"action_status": "succeeded", "timestamp": 1714970892.7908053, "task_uuid": "912ce72a-aa76-4bc8-8cd4-105b7f874173", "action_type": "LOG_RESULTS", "task_level": [3]}
{"action_status": "succeeded", "timestamp": 1714970892.7908053, "task_uuid": "912ce72a-aa76-4bc8-8cd4-105b7f874173", "action_type": "LOG_RESULTS", "task_level": [3]}
{"action_status": "succeeded", "timestamp": 1714970892.7908053, "task_uuid": "912ce72a-aa76-4bc8-8cd4-105b7f874173", "action_type": "LOG_RESULTS", "task_level": [3]}
{"action_status": "succeeded", "timestamp": 1714970892.7908053, "task_uuid": "912ce72a-aa76-4bc8-8cd4-105b7f874173", "action_type": "LOG_RESULTS", "task_level": [3]}
{"action_status": "succeeded", "timestamp": 1714970892.7908053, "task_uuid": "912ce72a-aa76-4bc8-8cd4-105b7f874173", "action_type": "LOG_RESULTS", "task_level": [3]}
{"action_status": "succeeded", "timestamp": 1714970892.7908053, "task_uuid": "912ce72a-aa76-4bc8-8cd4-105b7f874173", "action_type": "LOG_RESULTS", "task_level": [3]}
{"action_status": "succeeded", "timestamp": 1714970892.7908053, "task_uuid": "912ce72a-aa76-4bc8-8cd4-105b7f874173", "action_type": "LOG_RESULTS", "task_level": [3]}
{"action_status": "succeeded", "timestamp": 1714970892.7908053, "task_uuid": "912ce72a-aa76-4bc8-8cd4-105b7f874173", "action_type": "LOG_RESULTS", "task_level": [3]}
{"action_status": "succeeded", "timestamp": 1714970892.7908053, "task_uuid": "912ce72a-aa76-4bc8-8cd4-105b7f874173", "action_type": "LOG_RESULTS", "task_level": [3]}
{"action_status": "succeeded", "timestamp": 1714970892.7908053, "task_uuid": "912ce72a-aa76-4bc8-8cd4-105b7f874173", "action_type": "LOG_RESULTS", "task_level": [3]}
{"action_status": "started", "timestamp": 1714973131.9715743, "task_uuid": "129fe531-e642-4f17-8827-48947019d2a0", "action_type": "LOG_RESULTS", "task_level": [1]}
{"action_status": "started", "timestamp": 1714973131.9715743, "task_uuid": "129fe531-e642-4f17-8827-48947019d2a0", "action_type": "LOG_RESULTS", "task_level": [1]}
{"action_status": "started", "timestamp": 1714973131.9715743, "task_uuid": "129fe531-e642-4f17-8827-48947019d2a0", "action_type": "LOG_RESULTS", "task_level": [1]}
{"action_status": "started", "timestamp": 1714973131.9715743, "task_uuid": "129fe531-e642-4f17-8827-48947019d2a0", "action_type": "LOG_RESULTS", "task_level": [1]}
{"action_status": "started", "timestamp": 1714973131.9715743, "task_uuid": "129fe531-e642-4f17-8827-48947019d2a0", "action_type": "LOG_RESULTS", "task_level": [1]}
{"action_status": "started", "timestamp": 1714973131.9715743, "task_uuid": "129fe531-e642-4f17-8827-48947019d2a0", "action_type": "LOG_RESULTS", "task_level": [1]}
{"action_status": "started", "timestamp": 1714973131.9715743, "task_uuid": "129fe531-e642-4f17-8827-48947019d2a0", "action_type": "LOG_RESULTS", "task_level": [1]}
{"action_status": "started", "timestamp": 1714973131.9715743, "task_uuid": "129fe531-e642-4f17-8827-48947019d2a0", "action_type": "LOG_RESULTS", "task_level": [1]}
{"action_status": "started", "timestamp": 1714973131.9715743, "task_uuid": "129fe531-e642-4f17-8827-48947019d2a0", "action_type": "LOG_RESULTS", "task_level": [1]}
{"action_status": "started", "timestamp": 1714973131.9715743, "task_uuid": "129fe531-e642-4f17-8827-48947019d2a0", "action_type": "LOG_RESULTS", "task_level": [1]}
{"optimizer": "RIO", "no": "6", "best_result": ["0|1|2|3|4|5|6|7|8|9|10|11|12|13|15|20|14|17|21|16|22|18|19|23", 0.604], "run_allowance": 9500, "iterations": 500, "timestamp": 1714973131.9719796, "task_uuid": "129fe531-e642-4f17-8827-48947019d2a0", "task_level": [2], "message_type": "INFO"}
{"optimizer": "RIO", "no": "6", "best_result": ["0|1|2|3|4|5|6|7|8|9|10|11|12|13|15|20|14|17|21|16|22|18|19|23", 0.604], "run_allowance": 9500, "iterations": 500, "timestamp": 1714973131.9719796, "task_uuid": "129fe531-e642-4f17-8827-48947019d2a0", "task_level": [2], "message_type": "INFO"}
{"optimizer": "RIO", "no": "6", "best_result": ["0|1|2|3|4|5|6|7|8|9|10|11|12|13|15|20|14|17|21|16|22|18|19|23", 0.604], "run_allowance": 9500, "iterations": 500, "timestamp": 1714973131.9719796, "task_uuid": "129fe531-e642-4f17-8827-48947019d2a0", "task_level": [2], "message_type": "INFO"}
{"optimizer": "RIO", "no": "6", "best_result": ["0|1|2|3|4|5|6|7|8|9|10|11|12|13|15|20|14|17|21|16|22|18|19|23", 0.604], "run_allowance": 9500, "iterations": 500, "timestamp": 1714973131.9719796, "task_uuid": "129fe531-e642-4f17-8827-48947019d2a0", "task_level": [2], "message_type": "INFO"}
{"optimizer": "RIO", "no": "6", "best_result": ["0|1|2|3|4|5|6|7|8|9|10|11|12|13|15|20|14|17|21|16|22|18|19|23", 0.604], "run_allowance": 9500, "iterations": 500, "timestamp": 1714973131.9719796, "task_uuid": "129fe531-e642-4f17-8827-48947019d2a0", "task_level": [2], "message_type": "INFO"}
{"optimizer": "RIO", "no": "6", "best_result": ["0|1|2|3|4|5|6|7|8|9|10|11|12|13|15|20|14|17|21|16|22|18|19|23", 0.604], "run_allowance": 9500, "iterations": 500, "timestamp": 1714973131.9719796, "task_uuid": "129fe531-e642-4f17-8827-48947019d2a0", "task_level": [2], "message_type": "INFO"}
{"optimizer": "RIO", "no": "6", "best_result": ["0|1|2|3|4|5|6|7|8|9|10|11|12|13|15|20|14|17|21|16|22|18|19|23", 0.604], "run_allowance": 9500, "iterations": 500, "timestamp": 1714973131.9719796, "task_uuid": "129fe531-e642-4f17-8827-48947019d2a0", "task_level": [2], "message_type": "INFO"}
{"optimizer": "RIO", "no": "6", "best_result": ["0|1|2|3|4|5|6|7|8|9|10|11|12|13|15|20|14|17|21|16|22|18|19|23", 0.604], "run_allowance": 9500, "iterations": 500, "timestamp": 1714973131.9719796, "task_uuid": "129fe531-e642-4f17-8827-48947019d2a0", "task_level": [2], "message_type": "INFO"}
{"optimizer": "RIO", "no": "6", "best_result": ["0|1|2|3|4|5|6|7|8|9|10|11|12|13|15|20|14|17|21|16|22|18|19|23", 0.604], "run_allowance": 9500, "iterations": 500, "timestamp": 1714973131.9719796, "task_uuid": "129fe531-e642-4f17-8827-48947019d2a0", "task_level": [2], "message_type": "INFO"}
{"optimizer": "RIO", "no": "6", "best_result": ["0|1|2|3|4|5|6|7|8|9|10|11|12|13|15|20|14|17|21|16|22|18|19|23", 0.604], "run_allowance": 9500, "iterations": 500, "timestamp": 1714973131.9719796, "task_uuid": "129fe531-e642-4f17-8827-48947019d2a0", "task_level": [2], "message_type": "INFO"}
{"action_status": "succeeded", "timestamp": 1714973131.9723427, "task_uuid": "129fe531-e642-4f17-8827-48947019d2a0", "action_type": "LOG_RESULTS", "task_level": [3]}
{"action_status": "succeeded", "timestamp": 1714973131.9723427, "task_uuid": "129fe531-e642-4f17-8827-48947019d2a0", "action_type": "LOG_RESULTS", "task_level": [3]}
{"action_status": "succeeded", "timestamp": 1714973131.9723427, "task_uuid": "129fe531-e642-4f17-8827-48947019d2a0", "action_type": "LOG_RESULTS", "task_level": [3]}
{"action_status": "succeeded", "timestamp": 1714973131.9723427, "task_uuid": "129fe531-e642-4f17-8827-48947019d2a0", "action_type": "LOG_RESULTS", "task_level": [3]}
{"action_status": "succeeded", "timestamp": 1714973131.9723427, "task_uuid": "129fe531-e642-4f17-8827-48947019d2a0", "action_type": "LOG_RESULTS", "task_level": [3]}
{"action_status": "succeeded", "timestamp": 1714973131.9723427, "task_uuid": "129fe531-e642-4f17-8827-48947019d2a0", "action_type": "LOG_RESULTS", "task_level": [3]}
{"action_status": "succeeded", "timestamp": 1714973131.9723427, "task_uuid": "129fe531-e642-4f17-8827-48947019d2a0", "action_type": "LOG_RESULTS", "task_level": [3]}
{"action_status": "succeeded", "timestamp": 1714973131.9723427, "task_uuid": "129fe531-e642-4f17-8827-48947019d2a0", "action_type": "LOG_RESULTS", "task_level": [3]}
{"action_status": "succeeded", "timestamp": 1714973131.9723427, "task_uuid": "129fe531-e642-4f17-8827-48947019d2a0", "action_type": "LOG_RESULTS", "task_level": [3]}
{"action_status": "succeeded", "timestamp": 1714973131.9723427, "task_uuid": "129fe531-e642-4f17-8827-48947019d2a0", "action_type": "LOG_RESULTS", "task_level": [3]}
{"action_status": "started", "timestamp": 1714975383.998803, "task_uuid": "55248853-f45a-4412-a187-f5a9a8285665", "action_type": "LOG_RESULTS", "task_level": [1]}
{"action_status": "started", "timestamp": 1714975383.998803, "task_uuid": "55248853-f45a-4412-a187-f5a9a8285665", "action_type": "LOG_RESULTS", "task_level": [1]}
{"action_status": "started", "timestamp": 1714975383.998803, "task_uuid": "55248853-f45a-4412-a187-f5a9a8285665", "action_type": "LOG_RESULTS", "task_level": [1]}
{"action_status": "started", "timestamp": 1714975383.998803, "task_uuid": "55248853-f45a-4412-a187-f5a9a8285665", "action_type": "LOG_RESULTS", "task_level": [1]}
{"action_status": "started", "timestamp": 1714975383.998803, "task_uuid": "55248853-f45a-4412-a187-f5a9a8285665", "action_type": "LOG_RESULTS", "task_level": [1]}
{"action_status": "started", "timestamp": 1714975383.998803, "task_uuid": "55248853-f45a-4412-a187-f5a9a8285665", "action_type": "LOG_RESULTS", "task_level": [1]}
{"action_status": "started", "timestamp": 1714975383.998803, "task_uuid": "55248853-f45a-4412-a187-f5a9a8285665", "action_type": "LOG_RESULTS", "task_level": [1]}
{"action_status": "started", "timestamp": 1714975383.998803, "task_uuid": "55248853-f45a-4412-a187-f5a9a8285665", "action_type": "LOG_RESULTS", "task_level": [1]}
{"action_status": "started", "timestamp": 1714975383.998803, "task_uuid": "55248853-f45a-4412-a187-f5a9a8285665", "action_type": "LOG_RESULTS", "task_level": [1]}
{"action_status": "started", "timestamp": 1714975383.998803, "task_uuid": "55248853-f45a-4412-a187-f5a9a8285665", "action_type": "LOG_RESULTS", "task_level": [1]}
{"optimizer": "RIO", "no": "7", "best_result": ["0|1|2|3|4|5|6|7|8|9|10|11|12|13|17|15|23|14|16|20|19|21|18|22", 0.597], "run_allowance": 9500, "iterations": 500, "timestamp": 1714975383.9992278, "task_uuid": "55248853-f45a-4412-a187-f5a9a8285665", "task_level": [2], "message_type": "INFO"}
{"optimizer": "RIO", "no": "7", "best_result": ["0|1|2|3|4|5|6|7|8|9|10|11|12|13|17|15|23|14|16|20|19|21|18|22", 0.597], "run_allowance": 9500, "iterations": 500, "timestamp": 1714975383.9992278, "task_uuid": "55248853-f45a-4412-a187-f5a9a8285665", "task_level": [2], "message_type": "INFO"}
{"optimizer": "RIO", "no": "7", "best_result": ["0|1|2|3|4|5|6|7|8|9|10|11|12|13|17|15|23|14|16|20|19|21|18|22", 0.597], "run_allowance": 9500, "iterations": 500, "timestamp": 1714975383.9992278, "task_uuid": "55248853-f45a-4412-a187-f5a9a8285665", "task_level": [2], "message_type": "INFO"}
{"optimizer": "RIO", "no": "7", "best_result": ["0|1|2|3|4|5|6|7|8|9|10|11|12|13|17|15|23|14|16|20|19|21|18|22", 0.597], "run_allowance": 9500, "iterations": 500, "timestamp": 1714975383.9992278, "task_uuid": "55248853-f45a-4412-a187-f5a9a8285665", "task_level": [2], "message_type": "INFO"}
{"optimizer": "RIO", "no": "7", "best_result": ["0|1|2|3|4|5|6|7|8|9|10|11|12|13|17|15|23|14|16|20|19|21|18|22", 0.597], "run_allowance": 9500, "iterations": 500, "timestamp": 1714975383.9992278, "task_uuid": "55248853-f45a-4412-a187-f5a9a8285665", "task_level": [2], "message_type": "INFO"}
{"optimizer": "RIO", "no": "7", "best_result": ["0|1|2|3|4|5|6|7|8|9|10|11|12|13|17|15|23|14|16|20|19|21|18|22", 0.597], "run_allowance": 9500, "iterations": 500, "timestamp": 1714975383.9992278, "task_uuid": "55248853-f45a-4412-a187-f5a9a8285665", "task_level": [2], "message_type": "INFO"}
{"optimizer": "RIO", "no": "7", "best_result": ["0|1|2|3|4|5|6|7|8|9|10|11|12|13|17|15|23|14|16|20|19|21|18|22", 0.597], "run_allowance": 9500, "iterations": 500, "timestamp": 1714975383.9992278, "task_uuid": "55248853-f45a-4412-a187-f5a9a8285665", "task_level": [2], "message_type": "INFO"}
{"optimizer": "RIO", "no": "7", "best_result": ["0|1|2|3|4|5|6|7|8|9|10|11|12|13|17|15|23|14|16|20|19|21|18|22", 0.597], "run_allowance": 9500, "iterations": 500, "timestamp": 1714975383.9992278, "task_uuid": "55248853-f45a-4412-a187-f5a9a8285665", "task_level": [2], "message_type": "INFO"}
{"optimizer": "RIO", "no": "7", "best_result": ["0|1|2|3|4|5|6|7|8|9|10|11|12|13|17|15|23|14|16|20|19|21|18|22", 0.597], "run_allowance": 9500, "iterations": 500, "timestamp": 1714975383.9992278, "task_uuid": "55248853-f45a-4412-a187-f5a9a8285665", "task_level": [2], "message_type": "INFO"}
{"optimizer": "RIO", "no": "7", "best_result": ["0|1|2|3|4|5|6|7|8|9|10|11|12|13|17|15|23|14|16|20|19|21|18|22", 0.597], "run_allowance": 9500, "iterations": 500, "timestamp": 1714975383.9992278, "task_uuid": "55248853-f45a-4412-a187-f5a9a8285665", "task_level": [2], "message_type": "INFO"}
{"action_status": "succeeded", "timestamp": 1714975383.999527, "task_uuid": "55248853-f45a-4412-a187-f5a9a8285665", "action_type": "LOG_RESULTS", "task_level": [3]}
{"action_status": "succeeded", "timestamp": 1714975383.999527, "task_uuid": "55248853-f45a-4412-a187-f5a9a8285665", "action_type": "LOG_RESULTS", "task_level": [3]}
{"action_status": "succeeded", "timestamp": 1714975383.999527, "task_uuid": "55248853-f45a-4412-a187-f5a9a8285665", "action_type": "LOG_RESULTS", "task_level": [3]}
{"action_status": "succeeded", "timestamp": 1714975383.999527, "task_uuid": "55248853-f45a-4412-a187-f5a9a8285665", "action_type": "LOG_RESULTS", "task_level": [3]}
{"action_status": "succeeded", "timestamp": 1714975383.999527, "task_uuid": "55248853-f45a-4412-a187-f5a9a8285665", "action_type": "LOG_RESULTS", "task_level": [3]}
{"action_status": "succeeded", "timestamp": 1714975383.999527, "task_uuid": "55248853-f45a-4412-a187-f5a9a8285665", "action_type": "LOG_RESULTS", "task_level": [3]}
{"action_status": "succeeded", "timestamp": 1714975383.999527, "task_uuid": "55248853-f45a-4412-a187-f5a9a8285665", "action_type": "LOG_RESULTS", "task_level": [3]}
{"action_status": "succeeded", "timestamp": 1714975383.999527, "task_uuid": "55248853-f45a-4412-a187-f5a9a8285665", "action_type": "LOG_RESULTS", "task_level": [3]}
{"action_status": "succeeded", "timestamp": 1714975383.999527, "task_uuid": "55248853-f45a-4412-a187-f5a9a8285665", "action_type": "LOG_RESULTS", "task_level": [3]}
{"action_status": "succeeded", "timestamp": 1714975383.999527, "task_uuid": "55248853-f45a-4412-a187-f5a9a8285665", "action_type": "LOG_RESULTS", "task_level": [3]}
{"action_status": "started", "timestamp": 1714977747.730133, "task_uuid": "5d8958e3-d6d6-4856-a2cd-263dce469111", "action_type": "LOG_RESULTS", "task_level": [1]}
{"action_status": "started", "timestamp": 1714977747.730133, "task_uuid": "5d8958e3-d6d6-4856-a2cd-263dce469111", "action_type": "LOG_RESULTS", "task_level": [1]}
{"action_status": "started", "timestamp": 1714977747.730133, "task_uuid": "5d8958e3-d6d6-4856-a2cd-263dce469111", "action_type": "LOG_RESULTS", "task_level": [1]}
{"action_status": "started", "timestamp": 1714977747.730133, "task_uuid": "5d8958e3-d6d6-4856-a2cd-263dce469111", "action_type": "LOG_RESULTS", "task_level": [1]}
{"action_status": "started", "timestamp": 1714977747.730133, "task_uuid": "5d8958e3-d6d6-4856-a2cd-263dce469111", "action_type": "LOG_RESULTS", "task_level": [1]}
{"action_status": "started", "timestamp": 1714977747.730133, "task_uuid": "5d8958e3-d6d6-4856-a2cd-263dce469111", "action_type": "LOG_RESULTS", "task_level": [1]}
{"action_status": "started", "timestamp": 1714977747.730133, "task_uuid": "5d8958e3-d6d6-4856-a2cd-263dce469111", "action_type": "LOG_RESULTS", "task_level": [1]}
{"action_status": "started", "timestamp": 1714977747.730133, "task_uuid": "5d8958e3-d6d6-4856-a2cd-263dce469111", "action_type": "LOG_RESULTS", "task_level": [1]}
{"action_status": "started", "timestamp": 1714977747.730133, "task_uuid": "5d8958e3-d6d6-4856-a2cd-263dce469111", "action_type": "LOG_RESULTS", "task_level": [1]}
{"action_status": "started", "timestamp": 1714977747.730133, "task_uuid": "5d8958e3-d6d6-4856-a2cd-263dce469111", "action_type": "LOG_RESULTS", "task_level": [1]}
{"optimizer": "RIO", "no": "8", "best_result": ["0|1|2|3|4|5|6|7|8|9|10|11|12|13|20|23|16|19|14|22|15|18|21|17", 0.593], "run_allowance": 9500, "iterations": 500, "timestamp": 1714977747.7305093, "task_uuid": "5d8958e3-d6d6-4856-a2cd-263dce469111", "task_level": [2], "message_type": "INFO"}
{"optimizer": "RIO", "no": "8", "best_result": ["0|1|2|3|4|5|6|7|8|9|10|11|12|13|20|23|16|19|14|22|15|18|21|17", 0.593], "run_allowance": 9500, "iterations": 500, "timestamp": 1714977747.7305093, "task_uuid": "5d8958e3-d6d6-4856-a2cd-263dce469111", "task_level": [2], "message_type": "INFO"}
{"optimizer": "RIO", "no": "8", "best_result": ["0|1|2|3|4|5|6|7|8|9|10|11|12|13|20|23|16|19|14|22|15|18|21|17", 0.593], "run_allowance": 9500, "iterations": 500, "timestamp": 1714977747.7305093, "task_uuid": "5d8958e3-d6d6-4856-a2cd-263dce469111", "task_level": [2], "message_type": "INFO"}
{"optimizer": "RIO", "no": "8", "best_result": ["0|1|2|3|4|5|6|7|8|9|10|11|12|13|20|23|16|19|14|22|15|18|21|17", 0.593], "run_allowance": 9500, "iterations": 500, "timestamp": 1714977747.7305093, "task_uuid": "5d8958e3-d6d6-4856-a2cd-263dce469111", "task_level": [2], "message_type": "INFO"}
{"optimizer": "RIO", "no": "8", "best_result": ["0|1|2|3|4|5|6|7|8|9|10|11|12|13|20|23|16|19|14|22|15|18|21|17", 0.593], "run_allowance": 9500, "iterations": 500, "timestamp": 1714977747.7305093, "task_uuid": "5d8958e3-d6d6-4856-a2cd-263dce469111", "task_level": [2], "message_type": "INFO"}
{"optimizer": "RIO", "no": "8", "best_result": ["0|1|2|3|4|5|6|7|8|9|10|11|12|13|20|23|16|19|14|22|15|18|21|17", 0.593], "run_allowance": 9500, "iterations": 500, "timestamp": 1714977747.7305093, "task_uuid": "5d8958e3-d6d6-4856-a2cd-263dce469111", "task_level": [2], "message_type": "INFO"}
{"optimizer": "RIO", "no": "8", "best_result": ["0|1|2|3|4|5|6|7|8|9|10|11|12|13|20|23|16|19|14|22|15|18|21|17", 0.593], "run_allowance": 9500, "iterations": 500, "timestamp": 1714977747.7305093, "task_uuid": "5d8958e3-d6d6-4856-a2cd-263dce469111", "task_level": [2], "message_type": "INFO"}
{"optimizer": "RIO", "no": "8", "best_result": ["0|1|2|3|4|5|6|7|8|9|10|11|12|13|20|23|16|19|14|22|15|18|21|17", 0.593], "run_allowance": 9500, "iterations": 500, "timestamp": 1714977747.7305093, "task_uuid": "5d8958e3-d6d6-4856-a2cd-263dce469111", "task_level": [2], "message_type": "INFO"}
{"optimizer": "RIO", "no": "8", "best_result": ["0|1|2|3|4|5|6|7|8|9|10|11|12|13|20|23|16|19|14|22|15|18|21|17", 0.593], "run_allowance": 9500, "iterations": 500, "timestamp": 1714977747.7305093, "task_uuid": "5d8958e3-d6d6-4856-a2cd-263dce469111", "task_level": [2], "message_type": "INFO"}
{"optimizer": "RIO", "no": "8", "best_result": ["0|1|2|3|4|5|6|7|8|9|10|11|12|13|20|23|16|19|14|22|15|18|21|17", 0.593], "run_allowance": 9500, "iterations": 500, "timestamp": 1714977747.7305093, "task_uuid": "5d8958e3-d6d6-4856-a2cd-263dce469111", "task_level": [2], "message_type": "INFO"}
{"action_status": "succeeded", "timestamp": 1714977747.7308464, "task_uuid": "5d8958e3-d6d6-4856-a2cd-263dce469111", "action_type": "LOG_RESULTS", "task_level": [3]}
{"action_status": "succeeded", "timestamp": 1714977747.7308464, "task_uuid": "5d8958e3-d6d6-4856-a2cd-263dce469111", "action_type": "LOG_RESULTS", "task_level": [3]}
{"action_status": "succeeded", "timestamp": 1714977747.7308464, "task_uuid": "5d8958e3-d6d6-4856-a2cd-263dce469111", "action_type": "LOG_RESULTS", "task_level": [3]}
{"action_status": "succeeded", "timestamp": 1714977747.7308464, "task_uuid": "5d8958e3-d6d6-4856-a2cd-263dce469111", "action_type": "LOG_RESULTS", "task_level": [3]}
{"action_status": "succeeded", "timestamp": 1714977747.7308464, "task_uuid": "5d8958e3-d6d6-4856-a2cd-263dce469111", "action_type": "LOG_RESULTS", "task_level": [3]}
{"action_status": "succeeded", "timestamp": 1714977747.7308464, "task_uuid": "5d8958e3-d6d6-4856-a2cd-263dce469111", "action_type": "LOG_RESULTS", "task_level": [3]}
{"action_status": "succeeded", "timestamp": 1714977747.7308464, "task_uuid": "5d8958e3-d6d6-4856-a2cd-263dce469111", "action_type": "LOG_RESULTS", "task_level": [3]}
{"action_status": "succeeded", "timestamp": 1714977747.7308464, "task_uuid": "5d8958e3-d6d6-4856-a2cd-263dce469111", "action_type": "LOG_RESULTS", "task_level": [3]}
{"action_status": "succeeded", "timestamp": 1714977747.7308464, "task_uuid": "5d8958e3-d6d6-4856-a2cd-263dce469111", "action_type": "LOG_RESULTS", "task_level": [3]}
{"action_status": "succeeded", "timestamp": 1714977747.7308464, "task_uuid": "5d8958e3-d6d6-4856-a2cd-263dce469111", "action_type": "LOG_RESULTS", "task_level": [3]}
{"action_status": "started", "timestamp": 1714979977.6042337, "task_uuid": "24232753-0054-453e-86ce-f13eba5a5e89", "action_type": "LOG_RESULTS", "task_level": [1]}
{"action_status": "started", "timestamp": 1714979977.6042337, "task_uuid": "24232753-0054-453e-86ce-f13eba5a5e89", "action_type": "LOG_RESULTS", "task_level": [1]}
{"action_status": "started", "timestamp": 1714979977.6042337, "task_uuid": "24232753-0054-453e-86ce-f13eba5a5e89", "action_type": "LOG_RESULTS", "task_level": [1]}
{"action_status": "started", "timestamp": 1714979977.6042337, "task_uuid": "24232753-0054-453e-86ce-f13eba5a5e89", "action_type": "LOG_RESULTS", "task_level": [1]}
{"action_status": "started", "timestamp": 1714979977.6042337, "task_uuid": "24232753-0054-453e-86ce-f13eba5a5e89", "action_type": "LOG_RESULTS", "task_level": [1]}
{"action_status": "started", "timestamp": 1714979977.6042337, "task_uuid": "24232753-0054-453e-86ce-f13eba5a5e89", "action_type": "LOG_RESULTS", "task_level": [1]}
{"action_status": "started", "timestamp": 1714979977.6042337, "task_uuid": "24232753-0054-453e-86ce-f13eba5a5e89", "action_type": "LOG_RESULTS", "task_level": [1]}
{"action_status": "started", "timestamp": 1714979977.6042337, "task_uuid": "24232753-0054-453e-86ce-f13eba5a5e89", "action_type": "LOG_RESULTS", "task_level": [1]}
{"action_status": "started", "timestamp": 1714979977.6042337, "task_uuid": "24232753-0054-453e-86ce-f13eba5a5e89", "action_type": "LOG_RESULTS", "task_level": [1]}
{"action_status": "started", "timestamp": 1714979977.6042337, "task_uuid": "24232753-0054-453e-86ce-f13eba5a5e89", "action_type": "LOG_RESULTS", "task_level": [1]}
{"optimizer": "RIO", "no": "9", "best_result": ["0|1|2|3|4|5|6|7|8|9|10|11|12|13|20|21|14|23|18|16|17|19|22|15", 0.597], "run_allowance": 9500, "iterations": 500, "timestamp": 1714979977.6046534, "task_uuid": "24232753-0054-453e-86ce-f13eba5a5e89", "task_level": [2], "message_type": "INFO"}
{"optimizer": "RIO", "no": "9", "best_result": ["0|1|2|3|4|5|6|7|8|9|10|11|12|13|20|21|14|23|18|16|17|19|22|15", 0.597], "run_allowance": 9500, "iterations": 500, "timestamp": 1714979977.6046534, "task_uuid": "24232753-0054-453e-86ce-f13eba5a5e89", "task_level": [2], "message_type": "INFO"}
{"optimizer": "RIO", "no": "9", "best_result": ["0|1|2|3|4|5|6|7|8|9|10|11|12|13|20|21|14|23|18|16|17|19|22|15", 0.597], "run_allowance": 9500, "iterations": 500, "timestamp": 1714979977.6046534, "task_uuid": "24232753-0054-453e-86ce-f13eba5a5e89", "task_level": [2], "message_type": "INFO"}
{"optimizer": "RIO", "no": "9", "best_result": ["0|1|2|3|4|5|6|7|8|9|10|11|12|13|20|21|14|23|18|16|17|19|22|15", 0.597], "run_allowance": 9500, "iterations": 500, "timestamp": 1714979977.6046534, "task_uuid": "24232753-0054-453e-86ce-f13eba5a5e89", "task_level": [2], "message_type": "INFO"}
{"optimizer": "RIO", "no": "9", "best_result": ["0|1|2|3|4|5|6|7|8|9|10|11|12|13|20|21|14|23|18|16|17|19|22|15", 0.597], "run_allowance": 9500, "iterations": 500, "timestamp": 1714979977.6046534, "task_uuid": "24232753-0054-453e-86ce-f13eba5a5e89", "task_level": [2], "message_type": "INFO"}
{"optimizer": "RIO", "no": "9", "best_result": ["0|1|2|3|4|5|6|7|8|9|10|11|12|13|20|21|14|23|18|16|17|19|22|15", 0.597], "run_allowance": 9500, "iterations": 500, "timestamp": 1714979977.6046534, "task_uuid": "24232753-0054-453e-86ce-f13eba5a5e89", "task_level": [2], "message_type": "INFO"}
{"optimizer": "RIO", "no": "9", "best_result": ["0|1|2|3|4|5|6|7|8|9|10|11|12|13|20|21|14|23|18|16|17|19|22|15", 0.597], "run_allowance": 9500, "iterations": 500, "timestamp": 1714979977.6046534, "task_uuid": "24232753-0054-453e-86ce-f13eba5a5e89", "task_level": [2], "message_type": "INFO"}
{"optimizer": "RIO", "no": "9", "best_result": ["0|1|2|3|4|5|6|7|8|9|10|11|12|13|20|21|14|23|18|16|17|19|22|15", 0.597], "run_allowance": 9500, "iterations": 500, "timestamp": 1714979977.6046534, "task_uuid": "24232753-0054-453e-86ce-f13eba5a5e89", "task_level": [2], "message_type": "INFO"}
{"optimizer": "RIO", "no": "9", "best_result": ["0|1|2|3|4|5|6|7|8|9|10|11|12|13|20|21|14|23|18|16|17|19|22|15", 0.597], "run_allowance": 9500, "iterations": 500, "timestamp": 1714979977.6046534, "task_uuid": "24232753-0054-453e-86ce-f13eba5a5e89", "task_level": [2], "message_type": "INFO"}
{"optimizer": "RIO", "no": "9", "best_result": ["0|1|2|3|4|5|6|7|8|9|10|11|12|13|20|21|14|23|18|16|17|19|22|15", 0.597], "run_allowance": 9500, "iterations": 500, "timestamp": 1714979977.6046534, "task_uuid": "24232753-0054-453e-86ce-f13eba5a5e89", "task_level": [2], "message_type": "INFO"}
{"action_status": "succeeded", "timestamp": 1714979977.6049452, "task_uuid": "24232753-0054-453e-86ce-f13eba5a5e89", "action_type": "LOG_RESULTS", "task_level": [3]}
{"action_status": "succeeded", "timestamp": 1714979977.6049452, "task_uuid": "24232753-0054-453e-86ce-f13eba5a5e89", "action_type": "LOG_RESULTS", "task_level": [3]}
{"action_status": "succeeded", "timestamp": 1714979977.6049452, "task_uuid": "24232753-0054-453e-86ce-f13eba5a5e89", "action_type": "LOG_RESULTS", "task_level": [3]}
{"action_status": "succeeded", "timestamp": 1714979977.6049452, "task_uuid": "24232753-0054-453e-86ce-f13eba5a5e89", "action_type": "LOG_RESULTS", "task_level": [3]}
{"action_status": "succeeded", "timestamp": 1714979977.6049452, "task_uuid": "24232753-0054-453e-86ce-f13eba5a5e89", "action_type": "LOG_RESULTS", "task_level": [3]}
{"action_status": "succeeded", "timestamp": 1714979977.6049452, "task_uuid": "24232753-0054-453e-86ce-f13eba5a5e89", "action_type": "LOG_RESULTS", "task_level": [3]}
{"action_status": "succeeded", "timestamp": 1714979977.6049452, "task_uuid": "24232753-0054-453e-86ce-f13eba5a5e89", "action_type": "LOG_RESULTS", "task_level": [3]}
{"action_status": "succeeded", "timestamp": 1714979977.6049452, "task_uuid": "24232753-0054-453e-86ce-f13eba5a5e89", "action_type": "LOG_RESULTS", "task_level": [3]}
{"action_status": "succeeded", "timestamp": 1714979977.6049452, "task_uuid": "24232753-0054-453e-86ce-f13eba5a5e89", "action_type": "LOG_RESULTS", "task_level": [3]}
{"action_status": "succeeded", "timestamp": 1714979977.6049452, "task_uuid": "24232753-0054-453e-86ce-f13eba5a5e89", "action_type": "LOG_RESULTS", "task_level": [3]}
