{"test_path": "real/maillist", "test_desc": "TryNewProgram", "action_status": "started", "timestamp": 1698873426.537827, "task_uuid": "228def54-a87a-4d46-b458-c9b23136e619", "action_type": "OPTIMIZER_CREATION", "task_level": [1]}
{"action_status": "started", "timestamp": 1698873426.5386622, "task_uuid": "228def54-a87a-4d46-b458-c9b23136e619", "action_type": "LOG_RESULTS", "task_level": [2, 1]}
{"action_status": "succeeded", "timestamp": 1698873426.5397596, "task_uuid": "228def54-a87a-4d46-b458-c9b23136e619", "action_type": "OPTIMIZER_CREATION", "task_level": [3]}
{"action_status": "started", "timestamp": 1698874189.600982, "task_uuid": "c7f9d4d3-6784-4c5d-ba9e-f035c4d2db57", "action_type": "ERROR_CANDIDATE", "task_level": [1]}
{"optimizer": "BOCA", "message": "No unique candidate found.", "iteration": 160, "all_candidates": [], "timestamp": 1698874189.601221, "task_uuid": "c7f9d4d3-6784-4c5d-ba9e-f035c4d2db57", "task_level": [2], "message_type": "ERROR"}
{"action_status": "succeeded", "timestamp": 1698874189.601282, "task_uuid": "c7f9d4d3-6784-4c5d-ba9e-f035c4d2db57", "action_type": "ERROR_CANDIDATE", "task_level": [3]}
{"action_status": "started", "timestamp": 1698874192.3859425, "task_uuid": "ac052f30-a1b0-444a-8bae-4f6ba00f43c8", "action_type": "ERROR_CANDIDATE", "task_level": [1]}
{"optimizer": "BOCA", "message": "No unique candidate found.", "iteration": 161, "all_candidates": [], "timestamp": 1698874192.3860881, "task_uuid": "ac052f30-a1b0-444a-8bae-4f6ba00f43c8", "task_level": [2], "message_type": "ERROR"}
{"action_status": "succeeded", "timestamp": 1698874192.3861763, "task_uuid": "ac052f30-a1b0-444a-8bae-4f6ba00f43c8", "action_type": "ERROR_CANDIDATE", "task_level": [3]}
{"action_status": "started", "timestamp": 1698874195.15269, "task_uuid": "285a2cef-8fe6-444f-ae9a-0e4e2894f7c1", "action_type": "ERROR_CANDIDATE", "task_level": [1]}
{"optimizer": "BOCA", "message": "No unique candidate found.", "iteration": 162, "all_candidates": [], "timestamp": 1698874195.152813, "task_uuid": "285a2cef-8fe6-444f-ae9a-0e4e2894f7c1", "task_level": [2], "message_type": "ERROR"}
{"action_status": "succeeded", "timestamp": 1698874195.1528714, "task_uuid": "285a2cef-8fe6-444f-ae9a-0e4e2894f7c1", "action_type": "ERROR_CANDIDATE", "task_level": [3]}
{"action_status": "started", "timestamp": 1698874197.9016225, "task_uuid": "e4797a79-195c-4be7-a110-1fde061872bd", "action_type": "ERROR_CANDIDATE", "task_level": [1]}
{"optimizer": "BOCA", "message": "No unique candidate found.", "iteration": 163, "all_candidates": [], "timestamp": 1698874197.9017515, "task_uuid": "e4797a79-195c-4be7-a110-1fde061872bd", "task_level": [2], "message_type": "ERROR"}
{"action_status": "succeeded", "timestamp": 1698874197.9020844, "task_uuid": "e4797a79-195c-4be7-a110-1fde061872bd", "action_type": "ERROR_CANDIDATE", "task_level": [3]}
{"action_status": "started", "timestamp": 1698874200.613015, "task_uuid": "4dce95fe-cf21-4500-aaba-2d017792fc57", "action_type": "ERROR_CANDIDATE", "task_level": [1]}
{"optimizer": "BOCA", "message": "No unique candidate found.", "iteration": 164, "all_candidates": [], "timestamp": 1698874200.6131353, "task_uuid": "4dce95fe-cf21-4500-aaba-2d017792fc57", "task_level": [2], "message_type": "ERROR"}
{"action_status": "succeeded", "timestamp": 1698874200.6131914, "task_uuid": "4dce95fe-cf21-4500-aaba-2d017792fc57", "action_type": "ERROR_CANDIDATE", "task_level": [3]}
{"action_status": "started", "timestamp": 1698874203.3562496, "task_uuid": "866129c3-27f2-49ef-9967-96f518fb7e21", "action_type": "ERROR_CANDIDATE", "task_level": [1]}
{"optimizer": "BOCA", "message": "No unique candidate found.", "iteration": 165, "all_candidates": [], "timestamp": 1698874203.3563697, "task_uuid": "866129c3-27f2-49ef-9967-96f518fb7e21", "task_level": [2], "message_type": "ERROR"}
{"action_status": "succeeded", "timestamp": 1698874203.3564265, "task_uuid": "866129c3-27f2-49ef-9967-96f518fb7e21", "action_type": "ERROR_CANDIDATE", "task_level": [3]}
{"action_status": "started", "timestamp": 1698874206.1275837, "task_uuid": "1289470d-fde6-4af3-a7ed-2e02e67cf659", "action_type": "ERROR_CANDIDATE", "task_level": [1]}
{"optimizer": "BOCA", "message": "No unique candidate found.", "iteration": 166, "all_candidates": [], "timestamp": 1698874206.1277235, "task_uuid": "1289470d-fde6-4af3-a7ed-2e02e67cf659", "task_level": [2], "message_type": "ERROR"}
{"action_status": "succeeded", "timestamp": 1698874206.1277802, "task_uuid": "1289470d-fde6-4af3-a7ed-2e02e67cf659", "action_type": "ERROR_CANDIDATE", "task_level": [3]}
{"action_status": "started", "timestamp": 1698874208.8498228, "task_uuid": "c337970a-3ff2-4b1a-9d5f-ab1c319e53c4", "action_type": "ERROR_CANDIDATE", "task_level": [1]}
{"optimizer": "BOCA", "message": "No unique candidate found.", "iteration": 167, "all_candidates": [], "timestamp": 1698874208.8499405, "task_uuid": "c337970a-3ff2-4b1a-9d5f-ab1c319e53c4", "task_level": [2], "message_type": "ERROR"}
{"action_status": "succeeded", "timestamp": 1698874208.8499975, "task_uuid": "c337970a-3ff2-4b1a-9d5f-ab1c319e53c4", "action_type": "ERROR_CANDIDATE", "task_level": [3]}
{"action_status": "started", "timestamp": 1698874211.713048, "task_uuid": "4a989698-7a86-4e45-b9a7-65e0acaeac83", "action_type": "ERROR_CANDIDATE", "task_level": [1]}
{"optimizer": "BOCA", "message": "No unique candidate found.", "iteration": 168, "all_candidates": [], "timestamp": 1698874211.7131684, "task_uuid": "4a989698-7a86-4e45-b9a7-65e0acaeac83", "task_level": [2], "message_type": "ERROR"}
{"action_status": "succeeded", "timestamp": 1698874211.7132254, "task_uuid": "4a989698-7a86-4e45-b9a7-65e0acaeac83", "action_type": "ERROR_CANDIDATE", "task_level": [3]}
{"action_status": "started", "timestamp": 1698874214.4318292, "task_uuid": "302222dc-7457-4c3d-9467-027927991e11", "action_type": "ERROR_CANDIDATE", "task_level": [1]}
{"optimizer": "BOCA", "message": "No unique candidate found.", "iteration": 169, "all_candidates": [], "timestamp": 1698874214.4319685, "task_uuid": "302222dc-7457-4c3d-9467-027927991e11", "task_level": [2], "message_type": "ERROR"}
{"action_status": "succeeded", "timestamp": 1698874214.432027, "task_uuid": "302222dc-7457-4c3d-9467-027927991e11", "action_type": "ERROR_CANDIDATE", "task_level": [3]}
{"action_status": "started", "timestamp": 1698874214.8379772, "task_uuid": "e215e19b-85d1-4ff6-a7d0-dcd9b3e2963e", "action_type": "LOG_RESULTS", "task_level": [1]}
{"optimizer": "BOCA", "no": "0", "best_result": [["-O0", "-fenable-rewrite-rules", "-funfolding-dict-discount=30", "-funbox-small-strict-fields", "-fno-state-hack", "-fmax-inline-memcpy-insns=32", "-fstrictness", "-fsimplifier-phases=2", "-fomit-yields", "-fignore-asserts", "-fspec-constr", "-fexpose-all-unfoldings", "-fcse", "-fpedantic-bottoms", "-fmax-worker-args=10", "-fno-pre-inlining", "-funfolding-keeness-factor=1.5", "-fdicts-strict", "-ffloat-in", "-fdo-lambda-eta-expansion", "-floopification", "-fdmd-tx-dict-sel", "-fspec-constr-threshold=2000", "-O0", "-fmax-relevant-binds=6", "-fcmm-elim-common-blocks", "-fstrictness-before=1", "-fspecialise", "-fmax-simplifier-iterations=4", "-fregs-iterative"], 0.507], "run_allowance": 334, "iterations": 0, "timestamp": 1698874214.8380756, "task_uuid": "e215e19b-85d1-4ff6-a7d0-dcd9b3e2963e", "task_level": [2], "message_type": "INFO"}
{"action_status": "succeeded", "timestamp": 1698874214.838179, "task_uuid": "e215e19b-85d1-4ff6-a7d0-dcd9b3e2963e", "action_type": "LOG_RESULTS", "task_level": [3]}
