{"test_path": "real/maillist", "test_desc": "PO-GRID-STUFF", "action_status": "started", "timestamp": 1710821837.8444655, "task_uuid": "b7826917-ba59-42d6-ac5c-beb912210a60", "action_type": "OPTIMIZER_CREATION", "task_level": [1]}
{"action_status": "started", "timestamp": 1710821837.8449893, "task_uuid": "b7826917-ba59-42d6-ac5c-beb912210a60", "action_type": "LOG_RESULTS", "task_level": [2, 1]}
{"action_status": "succeeded", "timestamp": 1710821837.8494473, "task_uuid": "b7826917-ba59-42d6-ac5c-beb912210a60", "action_type": "OPTIMIZER_CREATION", "task_level": [3]}
{"action_status": "started", "timestamp": 1710822223.520485, "task_uuid": "6d807dee-f803-4634-ab52-a908629c420a", "action_type": "GRIDSEARCH_RESULTS", "task_level": [1]}
{"optimizer": "BOCA", "best_params": "{'max_depth': 3, 'max_features': 'sqrt', 'min_samples_leaf': 1, 'n_estimators': 10, 'n_jobs': -1}", "best_score": "-0.01245047420880585", "timestamp": 1710822223.521237, "task_uuid": "6d807dee-f803-4634-ab52-a908629c420a", "task_level": [2], "message_type": "INFO"}
{"action_status": "succeeded", "timestamp": 1710822223.5213325, "task_uuid": "6d807dee-f803-4634-ab52-a908629c420a", "action_type": "GRIDSEARCH_RESULTS", "task_level": [3]}
{"action_status": "started", "timestamp": 1710822356.0639157, "task_uuid": "c5c154de-f2e5-43c0-929d-93ef861257f3", "action_type": "GRIDSEARCH_RESULTS", "task_level": [1]}
{"optimizer": "BOCA", "best_params": "{'max_depth': 3, 'max_features': 'sqrt', 'min_samples_leaf': 2, 'n_estimators': 10, 'n_jobs': -1}", "best_score": "0.05809041146694497", "timestamp": 1710822356.0643985, "task_uuid": "c5c154de-f2e5-43c0-929d-93ef861257f3", "task_level": [2], "message_type": "INFO"}
{"action_status": "succeeded", "timestamp": 1710822356.064491, "task_uuid": "c5c154de-f2e5-43c0-929d-93ef861257f3", "action_type": "GRIDSEARCH_RESULTS", "task_level": [3]}
{"action_status": "started", "timestamp": 1710822492.6775298, "task_uuid": "f8e1e515-2738-4e4c-af04-fe7272bea72e", "action_type": "GRIDSEARCH_RESULTS", "task_level": [1]}
{"optimizer": "BOCA", "best_params": "{'max_depth': None, 'max_features': 'sqrt', 'min_samples_leaf': 3, 'n_estimators': 10, 'n_jobs': -1}", "best_score": "-0.35300585227344233", "timestamp": 1710822492.6780229, "task_uuid": "f8e1e515-2738-4e4c-af04-fe7272bea72e", "task_level": [2], "message_type": "INFO"}
{"action_status": "succeeded", "timestamp": 1710822492.6781151, "task_uuid": "f8e1e515-2738-4e4c-af04-fe7272bea72e", "action_type": "GRIDSEARCH_RESULTS", "task_level": [3]}
{"action_status": "started", "timestamp": 1710822628.61494, "task_uuid": "791c5e35-6e5f-45de-a062-c7fd2885cb07", "action_type": "GRIDSEARCH_RESULTS", "task_level": [1]}
{"optimizer": "BOCA", "best_params": "{'max_depth': 5, 'max_features': 'sqrt', 'min_samples_leaf': 1, 'n_estimators': 10, 'n_jobs': -1}", "best_score": "-0.4146197079358768", "timestamp": 1710822628.6154168, "task_uuid": "791c5e35-6e5f-45de-a062-c7fd2885cb07", "task_level": [2], "message_type": "INFO"}
{"action_status": "succeeded", "timestamp": 1710822628.6155086, "task_uuid": "791c5e35-6e5f-45de-a062-c7fd2885cb07", "action_type": "GRIDSEARCH_RESULTS", "task_level": [3]}
{"action_status": "started", "timestamp": 1710822768.1748621, "task_uuid": "c6a221b2-c42c-42ed-a674-8f8185d8f5c3", "action_type": "GRIDSEARCH_RESULTS", "task_level": [1]}
{"optimizer": "BOCA", "best_params": "{'max_depth': 5, 'max_features': 'sqrt', 'min_samples_leaf': 1, 'n_estimators': 10, 'n_jobs': -1}", "best_score": "0.07660600724236173", "timestamp": 1710822768.175518, "task_uuid": "c6a221b2-c42c-42ed-a674-8f8185d8f5c3", "task_level": [2], "message_type": "INFO"}
{"action_status": "succeeded", "timestamp": 1710822768.1756237, "task_uuid": "c6a221b2-c42c-42ed-a674-8f8185d8f5c3", "action_type": "GRIDSEARCH_RESULTS", "task_level": [3]}
{"action_status": "started", "timestamp": 1710822909.9969513, "task_uuid": "95fef16c-b36d-44f5-9330-ec4762145ffc", "action_type": "GRIDSEARCH_RESULTS", "task_level": [1]}
{"optimizer": "BOCA", "best_params": "{'max_depth': 10, 'max_features': 'log2', 'min_samples_leaf': 3, 'n_estimators': 10, 'n_jobs': -1}", "best_score": "-0.04877068656541798", "timestamp": 1710822909.9976783, "task_uuid": "95fef16c-b36d-44f5-9330-ec4762145ffc", "task_level": [2], "message_type": "INFO"}
{"action_status": "succeeded", "timestamp": 1710822909.9978516, "task_uuid": "95fef16c-b36d-44f5-9330-ec4762145ffc", "action_type": "GRIDSEARCH_RESULTS", "task_level": [3]}
{"action_status": "started", "timestamp": 1710823050.2947557, "task_uuid": "2adceab7-7b15-4686-9060-e811967ec31c", "action_type": "GRIDSEARCH_RESULTS", "task_level": [1]}
{"optimizer": "BOCA", "best_params": "{'max_depth': 10, 'max_features': 'sqrt', 'min_samples_leaf': 2, 'n_estimators': 10, 'n_jobs': -1}", "best_score": "0.029309082032560146", "timestamp": 1710823050.2953994, "task_uuid": "2adceab7-7b15-4686-9060-e811967ec31c", "task_level": [2], "message_type": "INFO"}
{"action_status": "succeeded", "timestamp": 1710823050.2955081, "task_uuid": "2adceab7-7b15-4686-9060-e811967ec31c", "action_type": "GRIDSEARCH_RESULTS", "task_level": [3]}
{"action_status": "started", "timestamp": 1710823190.8505511, "task_uuid": "9c1d1cac-4cce-4c84-96fa-fffebe2877de", "action_type": "GRIDSEARCH_RESULTS", "task_level": [1]}
{"optimizer": "BOCA", "best_params": "{'max_depth': None, 'max_features': 'sqrt', 'min_samples_leaf': 1, 'n_estimators': 250, 'n_jobs': -1}", "best_score": "0.2242015990408287", "timestamp": 1710823190.8520672, "task_uuid": "9c1d1cac-4cce-4c84-96fa-fffebe2877de", "task_level": [2], "message_type": "INFO"}
{"action_status": "succeeded", "timestamp": 1710823190.8521922, "task_uuid": "9c1d1cac-4cce-4c84-96fa-fffebe2877de", "action_type": "GRIDSEARCH_RESULTS", "task_level": [3]}
{"action_status": "started", "timestamp": 1710823328.9368582, "task_uuid": "26533951-696b-479c-9220-775e21926e45", "action_type": "GRIDSEARCH_RESULTS", "task_level": [1]}
{"optimizer": "BOCA", "best_params": "{'max_depth': 10, 'max_features': 'log2', 'min_samples_leaf': 1, 'n_estimators': 10, 'n_jobs': -1}", "best_score": "0.2609533351669873", "timestamp": 1710823328.9386475, "task_uuid": "26533951-696b-479c-9220-775e21926e45", "task_level": [2], "message_type": "INFO"}
{"action_status": "succeeded", "timestamp": 1710823328.9387531, "task_uuid": "26533951-696b-479c-9220-775e21926e45", "action_type": "GRIDSEARCH_RESULTS", "task_level": [3]}
{"action_status": "started", "timestamp": 1710823468.6492686, "task_uuid": "9807a297-e222-4513-ad00-0ee564838068", "action_type": "GRIDSEARCH_RESULTS", "task_level": [1]}
{"optimizer": "BOCA", "best_params": "{'max_depth': 1, 'max_features': 'sqrt', 'min_samples_leaf': 2, 'n_estimators': 10, 'n_jobs': -1}", "best_score": "0.11990966626712048", "timestamp": 1710823468.649889, "task_uuid": "9807a297-e222-4513-ad00-0ee564838068", "task_level": [2], "message_type": "INFO"}
{"action_status": "succeeded", "timestamp": 1710823468.649988, "task_uuid": "9807a297-e222-4513-ad00-0ee564838068", "action_type": "GRIDSEARCH_RESULTS", "task_level": [3]}
{"action_status": "started", "timestamp": 1710823608.772171, "task_uuid": "86c9ef32-e7a0-455b-b0b7-cb3d683d512f", "action_type": "GRIDSEARCH_RESULTS", "task_level": [1]}
{"optimizer": "BOCA", "best_params": "{'max_depth': 3, 'max_features': 3, 'min_samples_leaf': 1, 'n_estimators': 10, 'n_jobs': -1}", "best_score": "0.1470689629229878", "timestamp": 1710823608.773119, "task_uuid": "86c9ef32-e7a0-455b-b0b7-cb3d683d512f", "task_level": [2], "message_type": "INFO"}
{"action_status": "succeeded", "timestamp": 1710823608.7732215, "task_uuid": "86c9ef32-e7a0-455b-b0b7-cb3d683d512f", "action_type": "GRIDSEARCH_RESULTS", "task_level": [3]}
{"action_status": "started", "timestamp": 1710823749.8275664, "task_uuid": "e07adacc-4efd-4e32-9ccf-ac27bbbad76a", "action_type": "GRIDSEARCH_RESULTS", "task_level": [1]}
{"optimizer": "BOCA", "best_params": "{'max_depth': 5, 'max_features': 7, 'min_samples_leaf': 1, 'n_estimators': 10, 'n_jobs': -1}", "best_score": "0.10602034758412815", "timestamp": 1710823749.8283792, "task_uuid": "e07adacc-4efd-4e32-9ccf-ac27bbbad76a", "task_level": [2], "message_type": "INFO"}
{"action_status": "succeeded", "timestamp": 1710823749.8285046, "task_uuid": "e07adacc-4efd-4e32-9ccf-ac27bbbad76a", "action_type": "GRIDSEARCH_RESULTS", "task_level": [3]}
{"action_status": "started", "timestamp": 1710823891.2506359, "task_uuid": "e696a5d6-7cb8-462f-b0b2-b8a1d864bfaa", "action_type": "GRIDSEARCH_RESULTS", "task_level": [1]}
{"optimizer": "BOCA", "best_params": "{'max_depth': None, 'max_features': 'sqrt', 'min_samples_leaf': 1, 'n_estimators': 100, 'n_jobs': -1}", "best_score": "-0.5283207225485423", "timestamp": 1710823891.2512274, "task_uuid": "e696a5d6-7cb8-462f-b0b2-b8a1d864bfaa", "task_level": [2], "message_type": "INFO"}
{"action_status": "succeeded", "timestamp": 1710823891.2513223, "task_uuid": "e696a5d6-7cb8-462f-b0b2-b8a1d864bfaa", "action_type": "GRIDSEARCH_RESULTS", "task_level": [3]}
{"action_status": "started", "timestamp": 1710824033.6581717, "task_uuid": "c4029d06-fe72-40d0-8b22-130dd4eec8c6", "action_type": "GRIDSEARCH_RESULTS", "task_level": [1]}
{"optimizer": "BOCA", "best_params": "{'max_depth': 5, 'max_features': 3, 'min_samples_leaf': 1, 'n_estimators': 10, 'n_jobs': -1}", "best_score": "-0.5227253491771425", "timestamp": 1710824033.658732, "task_uuid": "c4029d06-fe72-40d0-8b22-130dd4eec8c6", "task_level": [2], "message_type": "INFO"}
{"action_status": "succeeded", "timestamp": 1710824033.6588173, "task_uuid": "c4029d06-fe72-40d0-8b22-130dd4eec8c6", "action_type": "GRIDSEARCH_RESULTS", "task_level": [3]}
{"action_status": "started", "timestamp": 1710824177.0068188, "task_uuid": "40b0b218-1433-4a1d-ac16-cb189a1eec98", "action_type": "GRIDSEARCH_RESULTS", "task_level": [1]}
{"optimizer": "BOCA", "best_params": "{'max_depth': 3, 'max_features': 'sqrt', 'min_samples_leaf': 1, 'n_estimators': 10, 'n_jobs': -1}", "best_score": "-1.1741520173050863", "timestamp": 1710824177.0074167, "task_uuid": "40b0b218-1433-4a1d-ac16-cb189a1eec98", "task_level": [2], "message_type": "INFO"}
{"action_status": "succeeded", "timestamp": 1710824177.0075097, "task_uuid": "40b0b218-1433-4a1d-ac16-cb189a1eec98", "action_type": "GRIDSEARCH_RESULTS", "task_level": [3]}
{"action_status": "started", "timestamp": 1710824323.1419113, "task_uuid": "180f45bd-1072-422b-bffe-d90b0f00ce90", "action_type": "GRIDSEARCH_RESULTS", "task_level": [1]}
{"optimizer": "BOCA", "best_params": "{'max_depth': 3, 'max_features': 5, 'min_samples_leaf': 2, 'n_estimators': 10, 'n_jobs': -1}", "best_score": "-1.1801470228218196", "timestamp": 1710824323.1431189, "task_uuid": "180f45bd-1072-422b-bffe-d90b0f00ce90", "task_level": [2], "message_type": "INFO"}
{"action_status": "succeeded", "timestamp": 1710824323.1432357, "task_uuid": "180f45bd-1072-422b-bffe-d90b0f00ce90", "action_type": "GRIDSEARCH_RESULTS", "task_level": [3]}
{"action_status": "started", "timestamp": 1710824470.6814368, "task_uuid": "e0d56b01-1d71-4080-b117-b8441774629f", "action_type": "GRIDSEARCH_RESULTS", "task_level": [1]}
{"optimizer": "BOCA", "best_params": "{'max_depth': None, 'max_features': 3, 'min_samples_leaf': 1, 'n_estimators': 10, 'n_jobs': -1}", "best_score": "-1.2443277656781762", "timestamp": 1710824470.6819117, "task_uuid": "e0d56b01-1d71-4080-b117-b8441774629f", "task_level": [2], "message_type": "INFO"}
{"action_status": "succeeded", "timestamp": 1710824470.681998, "task_uuid": "e0d56b01-1d71-4080-b117-b8441774629f", "action_type": "GRIDSEARCH_RESULTS", "task_level": [3]}
{"action_status": "started", "timestamp": 1710824623.678211, "task_uuid": "2337391e-996c-400a-aaba-48456a0daef9", "action_type": "GRIDSEARCH_RESULTS", "task_level": [1]}
{"optimizer": "BOCA", "best_params": "{'max_depth': 1, 'max_features': 'sqrt', 'min_samples_leaf': 1, 'n_estimators': 10, 'n_jobs': -1}", "best_score": "-2.4998992012849572", "timestamp": 1710824623.6788197, "task_uuid": "2337391e-996c-400a-aaba-48456a0daef9", "task_level": [2], "message_type": "INFO"}
{"action_status": "succeeded", "timestamp": 1710824623.6789176, "task_uuid": "2337391e-996c-400a-aaba-48456a0daef9", "action_type": "GRIDSEARCH_RESULTS", "task_level": [3]}
{"action_status": "started", "timestamp": 1710824782.9643147, "task_uuid": "43fee500-f502-4df3-ae26-676327cc5d72", "action_type": "GRIDSEARCH_RESULTS", "task_level": [1]}
{"optimizer": "BOCA", "best_params": "{'max_depth': 5, 'max_features': 5, 'min_samples_leaf': 1, 'n_estimators': 100, 'n_jobs': -1}", "best_score": "-1.9111309543257746", "timestamp": 1710824782.965367, "task_uuid": "43fee500-f502-4df3-ae26-676327cc5d72", "task_level": [2], "message_type": "INFO"}
{"action_status": "succeeded", "timestamp": 1710824782.965482, "task_uuid": "43fee500-f502-4df3-ae26-676327cc5d72", "action_type": "GRIDSEARCH_RESULTS", "task_level": [3]}
{"action_status": "started", "timestamp": 1710824940.8488848, "task_uuid": "f3f2ab7d-772e-42bc-9d2a-b084961d459d", "action_type": "GRIDSEARCH_RESULTS", "task_level": [1]}
{"optimizer": "BOCA", "best_params": "{'max_depth': None, 'max_features': 7, 'min_samples_leaf': 1, 'n_estimators': 10, 'n_jobs': -1}", "best_score": "-1.9467537561237185", "timestamp": 1710824940.8494759, "task_uuid": "f3f2ab7d-772e-42bc-9d2a-b084961d459d", "task_level": [2], "message_type": "INFO"}
{"action_status": "succeeded", "timestamp": 1710824940.8495603, "task_uuid": "f3f2ab7d-772e-42bc-9d2a-b084961d459d", "action_type": "GRIDSEARCH_RESULTS", "task_level": [3]}
{"action_status": "started", "timestamp": 1710825092.954716, "task_uuid": "8af3c3a9-2def-4095-aa88-4ed25dcc2017", "action_type": "GRIDSEARCH_RESULTS", "task_level": [1]}
{"optimizer": "BOCA", "best_params": "{'max_depth': None, 'max_features': 7, 'min_samples_leaf': 4, 'n_estimators': 10, 'n_jobs': -1}", "best_score": "-1.6172014340151997", "timestamp": 1710825092.9555635, "task_uuid": "8af3c3a9-2def-4095-aa88-4ed25dcc2017", "task_level": [2], "message_type": "INFO"}
{"action_status": "succeeded", "timestamp": 1710825092.9556937, "task_uuid": "8af3c3a9-2def-4095-aa88-4ed25dcc2017", "action_type": "GRIDSEARCH_RESULTS", "task_level": [3]}
{"action_status": "started", "timestamp": 1710825245.5360012, "task_uuid": "50f2904e-542e-49a3-8495-154183848268", "action_type": "GRIDSEARCH_RESULTS", "task_level": [1]}
{"optimizer": "BOCA", "best_params": "{'max_depth': None, 'max_features': 1, 'min_samples_leaf': 1, 'n_estimators': 10, 'n_jobs': -1}", "best_score": "-1.367602027215649", "timestamp": 1710825245.5366156, "task_uuid": "50f2904e-542e-49a3-8495-154183848268", "task_level": [2], "message_type": "INFO"}
{"action_status": "succeeded", "timestamp": 1710825245.5367305, "task_uuid": "50f2904e-542e-49a3-8495-154183848268", "action_type": "GRIDSEARCH_RESULTS", "task_level": [3]}
{"action_status": "started", "timestamp": 1710825399.8230476, "task_uuid": "63d548f0-3560-48d4-aa3f-a7a9d4ead4b1", "action_type": "GRIDSEARCH_RESULTS", "task_level": [1]}
{"optimizer": "BOCA", "best_params": "{'max_depth': 5, 'max_features': 'sqrt', 'min_samples_leaf': 2, 'n_estimators': 10, 'n_jobs': -1}", "best_score": "-1.592116650719605", "timestamp": 1710825399.8238478, "task_uuid": "63d548f0-3560-48d4-aa3f-a7a9d4ead4b1", "task_level": [2], "message_type": "INFO"}
{"action_status": "succeeded", "timestamp": 1710825399.8239517, "task_uuid": "63d548f0-3560-48d4-aa3f-a7a9d4ead4b1", "action_type": "GRIDSEARCH_RESULTS", "task_level": [3]}
{"action_status": "started", "timestamp": 1710825555.7022893, "task_uuid": "904ac72a-1ae9-4c31-9c78-71379246782d", "action_type": "GRIDSEARCH_RESULTS", "task_level": [1]}
{"optimizer": "BOCA", "best_params": "{'max_depth': 10, 'max_features': 7, 'min_samples_leaf': 1, 'n_estimators': 200, 'n_jobs': -1}", "best_score": "-1.220325430096686", "timestamp": 1710825555.7029598, "task_uuid": "904ac72a-1ae9-4c31-9c78-71379246782d", "task_level": [2], "message_type": "INFO"}
{"action_status": "succeeded", "timestamp": 1710825555.7030625, "task_uuid": "904ac72a-1ae9-4c31-9c78-71379246782d", "action_type": "GRIDSEARCH_RESULTS", "task_level": [3]}
{"action_status": "started", "timestamp": 1710825712.862688, "task_uuid": "33f10c99-1c72-4b96-8429-fa20e4ae674c", "action_type": "GRIDSEARCH_RESULTS", "task_level": [1]}
{"optimizer": "BOCA", "best_params": "{'max_depth': 5, 'max_features': 7, 'min_samples_leaf': 1, 'n_estimators': 10, 'n_jobs': -1}", "best_score": "-0.9459242360661079", "timestamp": 1710825712.863246, "task_uuid": "33f10c99-1c72-4b96-8429-fa20e4ae674c", "task_level": [2], "message_type": "INFO"}
{"action_status": "succeeded", "timestamp": 1710825712.8634074, "task_uuid": "33f10c99-1c72-4b96-8429-fa20e4ae674c", "action_type": "GRIDSEARCH_RESULTS", "task_level": [3]}
{"action_status": "started", "timestamp": 1710825866.9287472, "task_uuid": "1e254739-d358-4b3e-aa11-eb00be869402", "action_type": "GRIDSEARCH_RESULTS", "task_level": [1]}
{"optimizer": "BOCA", "best_params": "{'max_depth': 10, 'max_features': 5, 'min_samples_leaf': 1, 'n_estimators': 10, 'n_jobs': -1}", "best_score": "-1.0777645964107498", "timestamp": 1710825866.9294136, "task_uuid": "1e254739-d358-4b3e-aa11-eb00be869402", "task_level": [2], "message_type": "INFO"}
{"action_status": "succeeded", "timestamp": 1710825866.9295213, "task_uuid": "1e254739-d358-4b3e-aa11-eb00be869402", "action_type": "GRIDSEARCH_RESULTS", "task_level": [3]}
{"action_status": "started", "timestamp": 1710826020.4565015, "task_uuid": "d0f40b17-1889-4c35-adbf-03eb5cf27bfb", "action_type": "GRIDSEARCH_RESULTS", "task_level": [1]}
{"optimizer": "BOCA", "best_params": "{'max_depth': 5, 'max_features': 3, 'min_samples_leaf': 1, 'n_estimators': 10, 'n_jobs': -1}", "best_score": "-0.6507624189145571", "timestamp": 1710826020.4570222, "task_uuid": "d0f40b17-1889-4c35-adbf-03eb5cf27bfb", "task_level": [2], "message_type": "INFO"}
{"action_status": "succeeded", "timestamp": 1710826020.457113, "task_uuid": "d0f40b17-1889-4c35-adbf-03eb5cf27bfb", "action_type": "GRIDSEARCH_RESULTS", "task_level": [3]}
{"action_status": "started", "timestamp": 1710826176.9017012, "task_uuid": "40c3588f-c7d8-4676-b64c-3555a5208983", "action_type": "GRIDSEARCH_RESULTS", "task_level": [1]}
{"optimizer": "BOCA", "best_params": "{'max_depth': 10, 'max_features': 'sqrt', 'min_samples_leaf': 1, 'n_estimators': 10, 'n_jobs': -1}", "best_score": "-0.7368725636307465", "timestamp": 1710826176.9027767, "task_uuid": "40c3588f-c7d8-4676-b64c-3555a5208983", "task_level": [2], "message_type": "INFO"}
{"action_status": "succeeded", "timestamp": 1710826176.9028747, "task_uuid": "40c3588f-c7d8-4676-b64c-3555a5208983", "action_type": "GRIDSEARCH_RESULTS", "task_level": [3]}
{"action_status": "started", "timestamp": 1710826336.0279083, "task_uuid": "a37077b4-ece2-4530-b436-68609b7aed7a", "action_type": "GRIDSEARCH_RESULTS", "task_level": [1]}
{"optimizer": "BOCA", "best_params": "{'max_depth': 10, 'max_features': 5, 'min_samples_leaf': 1, 'n_estimators': 100, 'n_jobs': -1}", "best_score": "-0.6556041802839689", "timestamp": 1710826336.0285065, "task_uuid": "a37077b4-ece2-4530-b436-68609b7aed7a", "task_level": [2], "message_type": "INFO"}
{"action_status": "succeeded", "timestamp": 1710826336.0286086, "task_uuid": "a37077b4-ece2-4530-b436-68609b7aed7a", "action_type": "GRIDSEARCH_RESULTS", "task_level": [3]}
{"action_status": "started", "timestamp": 1710826496.9650476, "task_uuid": "c74ff62b-5e48-4314-8875-c7de8a15bf98", "action_type": "GRIDSEARCH_RESULTS", "task_level": [1]}
{"optimizer": "BOCA", "best_params": "{'max_depth': 5, 'max_features': 3, 'min_samples_leaf': 1, 'n_estimators': 250, 'n_jobs': -1}", "best_score": "-0.5530187953345985", "timestamp": 1710826496.9656343, "task_uuid": "c74ff62b-5e48-4314-8875-c7de8a15bf98", "task_level": [2], "message_type": "INFO"}
{"action_status": "succeeded", "timestamp": 1710826496.9657354, "task_uuid": "c74ff62b-5e48-4314-8875-c7de8a15bf98", "action_type": "GRIDSEARCH_RESULTS", "task_level": [3]}
{"action_status": "started", "timestamp": 1710826661.4479792, "task_uuid": "68b76af3-c435-4fc4-a549-4cdac203abbb", "action_type": "GRIDSEARCH_RESULTS", "task_level": [1]}
{"optimizer": "BOCA", "best_params": "{'max_depth': 5, 'max_features': 7, 'min_samples_leaf': 1, 'n_estimators': 10, 'n_jobs': -1}", "best_score": "-0.2610169762142941", "timestamp": 1710826661.4485292, "task_uuid": "68b76af3-c435-4fc4-a549-4cdac203abbb", "task_level": [2], "message_type": "INFO"}
{"action_status": "succeeded", "timestamp": 1710826661.4486394, "task_uuid": "68b76af3-c435-4fc4-a549-4cdac203abbb", "action_type": "GRIDSEARCH_RESULTS", "task_level": [3]}
{"action_status": "started", "timestamp": 1710826823.2920256, "task_uuid": "debee582-7444-431d-abb0-c939e3f40473", "action_type": "GRIDSEARCH_RESULTS", "task_level": [1]}
{"optimizer": "BOCA", "best_params": "{'max_depth': None, 'max_features': 7, 'min_samples_leaf': 1, 'n_estimators': 200, 'n_jobs': -1}", "best_score": "-0.16117926786308634", "timestamp": 1710826823.2934756, "task_uuid": "debee582-7444-431d-abb0-c939e3f40473", "task_level": [2], "message_type": "INFO"}
{"action_status": "succeeded", "timestamp": 1710826823.2935643, "task_uuid": "debee582-7444-431d-abb0-c939e3f40473", "action_type": "GRIDSEARCH_RESULTS", "task_level": [3]}
{"action_status": "started", "timestamp": 1710826985.476092, "task_uuid": "a0b66b26-eff0-4af2-b41b-c6b20455169b", "action_type": "GRIDSEARCH_RESULTS", "task_level": [1]}
{"optimizer": "BOCA", "best_params": "{'max_depth': 5, 'max_features': 'log2', 'min_samples_leaf': 1, 'n_estimators': 200, 'n_jobs': -1}", "best_score": "-0.07407335010079019", "timestamp": 1710826985.4766614, "task_uuid": "a0b66b26-eff0-4af2-b41b-c6b20455169b", "task_level": [2], "message_type": "INFO"}
{"action_status": "succeeded", "timestamp": 1710826985.4767876, "task_uuid": "a0b66b26-eff0-4af2-b41b-c6b20455169b", "action_type": "GRIDSEARCH_RESULTS", "task_level": [3]}
{"action_status": "started", "timestamp": 1710827149.2889397, "task_uuid": "8b73aa70-9c55-4e68-aaae-687ff5f35d1f", "action_type": "GRIDSEARCH_RESULTS", "task_level": [1]}
{"optimizer": "BOCA", "best_params": "{'max_depth': 5, 'max_features': 3, 'min_samples_leaf': 1, 'n_estimators': 10, 'n_jobs': -1}", "best_score": "-0.014808259947856062", "timestamp": 1710827149.2895386, "task_uuid": "8b73aa70-9c55-4e68-aaae-687ff5f35d1f", "task_level": [2], "message_type": "INFO"}
{"action_status": "succeeded", "timestamp": 1710827149.2896395, "task_uuid": "8b73aa70-9c55-4e68-aaae-687ff5f35d1f", "action_type": "GRIDSEARCH_RESULTS", "task_level": [3]}
{"action_status": "started", "timestamp": 1710827319.078665, "task_uuid": "42b5301e-4fee-4257-ac7a-04fbeab24583", "action_type": "GRIDSEARCH_RESULTS", "task_level": [1]}
{"optimizer": "BOCA", "best_params": "{'max_depth': 10, 'max_features': 'log2', 'min_samples_leaf': 1, 'n_estimators': 100, 'n_jobs': -1}", "best_score": "0.031042007453094267", "timestamp": 1710827319.0792868, "task_uuid": "42b5301e-4fee-4257-ac7a-04fbeab24583", "task_level": [2], "message_type": "INFO"}
{"action_status": "succeeded", "timestamp": 1710827319.079426, "task_uuid": "42b5301e-4fee-4257-ac7a-04fbeab24583", "action_type": "GRIDSEARCH_RESULTS", "task_level": [3]}
{"action_status": "started", "timestamp": 1710827493.13452, "task_uuid": "f4212f80-183a-40dd-be92-7784da6e69fd", "action_type": "GRIDSEARCH_RESULTS", "task_level": [1]}
{"optimizer": "BOCA", "best_params": "{'max_depth': None, 'max_features': 5, 'min_samples_leaf': 1, 'n_estimators': 250, 'n_jobs': -1}", "best_score": "-0.18894632144196885", "timestamp": 1710827493.1350553, "task_uuid": "f4212f80-183a-40dd-be92-7784da6e69fd", "task_level": [2], "message_type": "INFO"}
{"action_status": "succeeded", "timestamp": 1710827493.1351416, "task_uuid": "f4212f80-183a-40dd-be92-7784da6e69fd", "action_type": "GRIDSEARCH_RESULTS", "task_level": [3]}
{"action_status": "started", "timestamp": 1710827658.1245568, "task_uuid": "fd0e1362-9e76-47cb-9e15-c708579b5998", "action_type": "GRIDSEARCH_RESULTS", "task_level": [1]}
{"optimizer": "BOCA", "best_params": "{'max_depth': 5, 'max_features': 7, 'min_samples_leaf': 2, 'n_estimators': 10, 'n_jobs': -1}", "best_score": "-0.2152410212739244", "timestamp": 1710827658.125317, "task_uuid": "fd0e1362-9e76-47cb-9e15-c708579b5998", "task_level": [2], "message_type": "INFO"}
{"action_status": "succeeded", "timestamp": 1710827658.125428, "task_uuid": "fd0e1362-9e76-47cb-9e15-c708579b5998", "action_type": "GRIDSEARCH_RESULTS", "task_level": [3]}
{"action_status": "started", "timestamp": 1710827822.9768357, "task_uuid": "caca686d-a3c1-49f7-9f13-263d549a2b61", "action_type": "GRIDSEARCH_RESULTS", "task_level": [1]}
{"optimizer": "BOCA", "best_params": "{'max_depth': None, 'max_features': 7, 'min_samples_leaf': 1, 'n_estimators': 250, 'n_jobs': -1}", "best_score": "-0.11770441229335626", "timestamp": 1710827822.9778857, "task_uuid": "caca686d-a3c1-49f7-9f13-263d549a2b61", "task_level": [2], "message_type": "INFO"}
{"action_status": "succeeded", "timestamp": 1710827822.9779932, "task_uuid": "caca686d-a3c1-49f7-9f13-263d549a2b61", "action_type": "GRIDSEARCH_RESULTS", "task_level": [3]}
{"action_status": "started", "timestamp": 1710827987.5148695, "task_uuid": "2c8090e6-eb4d-442d-a92e-86818f147582", "action_type": "GRIDSEARCH_RESULTS", "task_level": [1]}
{"optimizer": "BOCA", "best_params": "{'max_depth': 10, 'max_features': 7, 'min_samples_leaf': 2, 'n_estimators': 10, 'n_jobs': -1}", "best_score": "-0.3776416221518351", "timestamp": 1710827987.515472, "task_uuid": "2c8090e6-eb4d-442d-a92e-86818f147582", "task_level": [2], "message_type": "INFO"}
{"action_status": "succeeded", "timestamp": 1710827987.5155716, "task_uuid": "2c8090e6-eb4d-442d-a92e-86818f147582", "action_type": "GRIDSEARCH_RESULTS", "task_level": [3]}
{"action_status": "started", "timestamp": 1710828155.6168633, "task_uuid": "0b44fa1a-4afa-419e-8012-ed18190b60c3", "action_type": "GRIDSEARCH_RESULTS", "task_level": [1]}
{"optimizer": "BOCA", "best_params": "{'max_depth': None, 'max_features': 'log2', 'min_samples_leaf': 2, 'n_estimators': 10, 'n_jobs': -1}", "best_score": "-0.36524127760628083", "timestamp": 1710828155.6180158, "task_uuid": "0b44fa1a-4afa-419e-8012-ed18190b60c3", "task_level": [2], "message_type": "INFO"}
{"action_status": "succeeded", "timestamp": 1710828155.6181328, "task_uuid": "0b44fa1a-4afa-419e-8012-ed18190b60c3", "action_type": "GRIDSEARCH_RESULTS", "task_level": [3]}
{"action_status": "started", "timestamp": 1710828322.8299608, "task_uuid": "4bbc8066-4a0d-498e-b643-4e3d8d561adb", "action_type": "GRIDSEARCH_RESULTS", "task_level": [1]}
{"optimizer": "BOCA", "best_params": "{'max_depth': 5, 'max_features': 7, 'min_samples_leaf': 2, 'n_estimators': 10, 'n_jobs': -1}", "best_score": "-0.42638181582463025", "timestamp": 1710828322.830955, "task_uuid": "4bbc8066-4a0d-498e-b643-4e3d8d561adb", "task_level": [2], "message_type": "INFO"}
{"action_status": "succeeded", "timestamp": 1710828322.8310742, "task_uuid": "4bbc8066-4a0d-498e-b643-4e3d8d561adb", "action_type": "GRIDSEARCH_RESULTS", "task_level": [3]}
{"action_status": "started", "timestamp": 1710828490.3679907, "task_uuid": "ee092dd1-b4d7-4a27-933f-8108648c735b", "action_type": "GRIDSEARCH_RESULTS", "task_level": [1]}
{"optimizer": "BOCA", "best_params": "{'max_depth': 5, 'max_features': 5, 'min_samples_leaf': 1, 'n_estimators': 10, 'n_jobs': -1}", "best_score": "-0.29305182587059647", "timestamp": 1710828490.3685122, "task_uuid": "ee092dd1-b4d7-4a27-933f-8108648c735b", "task_level": [2], "message_type": "INFO"}
{"action_status": "succeeded", "timestamp": 1710828490.3686068, "task_uuid": "ee092dd1-b4d7-4a27-933f-8108648c735b", "action_type": "GRIDSEARCH_RESULTS", "task_level": [3]}
{"action_status": "started", "timestamp": 1710828660.5639575, "task_uuid": "8c00c2aa-9f50-46b7-ac1c-9d5a2c875511", "action_type": "GRIDSEARCH_RESULTS", "task_level": [1]}
{"optimizer": "BOCA", "best_params": "{'max_depth': 10, 'max_features': 'log2', 'min_samples_leaf': 2, 'n_estimators': 10, 'n_jobs': -1}", "best_score": "-0.3816989379956956", "timestamp": 1710828660.5647614, "task_uuid": "8c00c2aa-9f50-46b7-ac1c-9d5a2c875511", "task_level": [2], "message_type": "INFO"}
{"action_status": "succeeded", "timestamp": 1710828660.5648696, "task_uuid": "8c00c2aa-9f50-46b7-ac1c-9d5a2c875511", "action_type": "GRIDSEARCH_RESULTS", "task_level": [3]}
{"action_status": "started", "timestamp": 1710828829.024302, "task_uuid": "2008dd92-b0c9-488e-8ad2-cef7250d7ac7", "action_type": "GRIDSEARCH_RESULTS", "task_level": [1]}
{"optimizer": "BOCA", "best_params": "{'max_depth': None, 'max_features': 'log2', 'min_samples_leaf': 1, 'n_estimators': 10, 'n_jobs': -1}", "best_score": "-0.24067880787998241", "timestamp": 1710828829.0248435, "task_uuid": "2008dd92-b0c9-488e-8ad2-cef7250d7ac7", "task_level": [2], "message_type": "INFO"}
{"action_status": "succeeded", "timestamp": 1710828829.0250008, "task_uuid": "2008dd92-b0c9-488e-8ad2-cef7250d7ac7", "action_type": "GRIDSEARCH_RESULTS", "task_level": [3]}
{"action_status": "started", "timestamp": 1710828999.7322085, "task_uuid": "b6af9c75-38fd-4c01-95ab-8e23996371f1", "action_type": "GRIDSEARCH_RESULTS", "task_level": [1]}
{"optimizer": "BOCA", "best_params": "{'max_depth': 10, 'max_features': 5, 'min_samples_leaf': 3, 'n_estimators': 10, 'n_jobs': -1}", "best_score": "-0.8699904490195628", "timestamp": 1710828999.732877, "task_uuid": "b6af9c75-38fd-4c01-95ab-8e23996371f1", "task_level": [2], "message_type": "INFO"}
{"action_status": "succeeded", "timestamp": 1710828999.7329907, "task_uuid": "b6af9c75-38fd-4c01-95ab-8e23996371f1", "action_type": "GRIDSEARCH_RESULTS", "task_level": [3]}
{"action_status": "started", "timestamp": 1710829174.0640097, "task_uuid": "553c212a-fbc7-4ee0-8b2a-41ddf16c7999", "action_type": "GRIDSEARCH_RESULTS", "task_level": [1]}
{"optimizer": "BOCA", "best_params": "{'max_depth': 5, 'max_features': 3, 'min_samples_leaf': 3, 'n_estimators': 10, 'n_jobs': -1}", "best_score": "-0.9010976480326848", "timestamp": 1710829174.0646791, "task_uuid": "553c212a-fbc7-4ee0-8b2a-41ddf16c7999", "task_level": [2], "message_type": "INFO"}
{"action_status": "succeeded", "timestamp": 1710829174.064797, "task_uuid": "553c212a-fbc7-4ee0-8b2a-41ddf16c7999", "action_type": "GRIDSEARCH_RESULTS", "task_level": [3]}
{"action_status": "started", "timestamp": 1710829348.8273206, "task_uuid": "66ea07fb-feec-45e2-a5f3-2df9f80a19ad", "action_type": "GRIDSEARCH_RESULTS", "task_level": [1]}
{"optimizer": "BOCA", "best_params": "{'max_depth': 5, 'max_features': 'log2', 'min_samples_leaf': 1, 'n_estimators': 10, 'n_jobs': -1}", "best_score": "-0.8953857823219128", "timestamp": 1710829348.8286192, "task_uuid": "66ea07fb-feec-45e2-a5f3-2df9f80a19ad", "task_level": [2], "message_type": "INFO"}
{"action_status": "succeeded", "timestamp": 1710829348.8287432, "task_uuid": "66ea07fb-feec-45e2-a5f3-2df9f80a19ad", "action_type": "GRIDSEARCH_RESULTS", "task_level": [3]}
{"action_status": "started", "timestamp": 1710829521.7440712, "task_uuid": "95842bd8-e2c2-47c9-b055-63591ef2d380", "action_type": "GRIDSEARCH_RESULTS", "task_level": [1]}
{"optimizer": "BOCA", "best_params": "{'max_depth': None, 'max_features': 'sqrt', 'min_samples_leaf': 3, 'n_estimators': 10, 'n_jobs': -1}", "best_score": "-1.0903401169102667", "timestamp": 1710829521.7445807, "task_uuid": "95842bd8-e2c2-47c9-b055-63591ef2d380", "task_level": [2], "message_type": "INFO"}
{"action_status": "succeeded", "timestamp": 1710829521.7446623, "task_uuid": "95842bd8-e2c2-47c9-b055-63591ef2d380", "action_type": "GRIDSEARCH_RESULTS", "task_level": [3]}
{"action_status": "started", "timestamp": 1710829583.9062963, "task_uuid": "2c0257db-523e-4214-b546-a1478ce7fde7", "action_type": "LOG_RESULTS", "task_level": [1]}
{"optimizer": "BOCA", "no": "0", "best_result": ["26|29|22|4|3|7|12|28|24|10|25|20|31|16|14|17|23|0|18|15|19|5|27|30|1|13|21|6|11|9|8|2", 0.6034887757660409], "run_allowance": 932, "iterations": 49, "timestamp": 1710829583.9065742, "task_uuid": "2c0257db-523e-4214-b546-a1478ce7fde7", "task_level": [2], "message_type": "INFO"}
{"action_status": "succeeded", "timestamp": 1710829583.9066436, "task_uuid": "2c0257db-523e-4214-b546-a1478ce7fde7", "action_type": "LOG_RESULTS", "task_level": [3]}
