{"action_status": "started", "timestamp": 1713743387.578186, "task_uuid": "c8d19f04-0d31-4da4-8ded-b242d04e6efe", "action_type": "LOG_RESULTS", "task_level": [2, 1]}
{"action_status": "succeeded", "timestamp": 1713743387.5820398, "task_uuid": "c8d19f04-0d31-4da4-8ded-b242d04e6efe", "action_type": "OPTIMIZER_CREATION", "task_level": [3]}
{"test_path": "spectral/sphere", "test_desc": "More_RIO_Worked_Results", "action_status": "started", "timestamp": 1713743387.5828342, "task_uuid": "2d40c487-91d2-49ff-bd8d-abff0670ccc1", "action_type": "OPTIMIZER_CREATION", "task_level": [1]}
{"action_status": "started", "timestamp": 1713743387.5836854, "task_uuid": "2d40c487-91d2-49ff-bd8d-abff0670ccc1", "action_type": "LOG_RESULTS", "task_level": [2, 1]}
{"action_status": "succeeded", "timestamp": 1713743387.5876565, "task_uuid": "2d40c487-91d2-49ff-bd8d-abff0670ccc1", "action_type": "OPTIMIZER_CREATION", "task_level": [3]}
{"test_path": "shootout/binary-trees", "test_desc": "More_RIO_Worked_Results", "action_status": "started", "timestamp": 1713743387.5885074, "task_uuid": "5b707eee-23d1-49dc-85f2-9eae89f55a6a", "action_type": "OPTIMIZER_CREATION", "task_level": [1]}
{"action_status": "started", "timestamp": 1713743387.5894337, "task_uuid": "5b707eee-23d1-49dc-85f2-9eae89f55a6a", "action_type": "LOG_RESULTS", "task_level": [2, 1]}
{"action_status": "succeeded", "timestamp": 1713743387.5934293, "task_uuid": "5b707eee-23d1-49dc-85f2-9eae89f55a6a", "action_type": "OPTIMIZER_CREATION", "task_level": [3]}
{"action_status": "started", "timestamp": 1713743587.0494668, "task_uuid": "f5d39a32-7907-4248-9c6e-50d9ff92b514", "action_type": "ERROR_CANDIDATE", "task_level": [1]}
{"optimizer": "BOCA", "message": "No unique candidate found.", "iteration": 1, "all_candidates": [], "timestamp": 1713743587.0512297, "task_uuid": "f5d39a32-7907-4248-9c6e-50d9ff92b514", "task_level": [2], "message_type": "ERROR"}
{"action_status": "succeeded", "timestamp": 1713743587.0520542, "task_uuid": "f5d39a32-7907-4248-9c6e-50d9ff92b514", "action_type": "ERROR_CANDIDATE", "task_level": [3]}
{"action_status": "started", "timestamp": 1713743757.1975365, "task_uuid": "05cbbe3e-0309-4b22-ae8e-7ed644b3f552", "action_type": "ERROR_CANDIDATE", "task_level": [1]}
{"optimizer": "BOCA", "message": "No unique candidate found.", "iteration": 1, "all_candidates": [], "timestamp": 1713743757.199231, "task_uuid": "05cbbe3e-0309-4b22-ae8e-7ed644b3f552", "task_level": [2], "message_type": "ERROR"}
{"action_status": "succeeded", "timestamp": 1713743757.2000637, "task_uuid": "05cbbe3e-0309-4b22-ae8e-7ed644b3f552", "action_type": "ERROR_CANDIDATE", "task_level": [3]}
{"action_status": "started", "timestamp": 1713744001.4317513, "task_uuid": "5ed58fd5-7d10-46f5-be32-9c90517cb0e4", "action_type": "ERROR_CANDIDATE", "task_level": [1]}
{"optimizer": "BOCA", "message": "No unique candidate found.", "iteration": 2, "all_candidates": [], "timestamp": 1713744001.4341972, "task_uuid": "5ed58fd5-7d10-46f5-be32-9c90517cb0e4", "task_level": [2], "message_type": "ERROR"}
{"action_status": "succeeded", "timestamp": 1713744001.4352515, "task_uuid": "5ed58fd5-7d10-46f5-be32-9c90517cb0e4", "action_type": "ERROR_CANDIDATE", "task_level": [3]}
{"action_status": "started", "timestamp": 1713744126.2812006, "task_uuid": "5d5da4e7-aee0-46e5-9c92-6348a696e00a", "action_type": "ERROR_CANDIDATE", "task_level": [1]}
{"optimizer": "BOCA", "message": "No unique candidate found.", "iteration": 7, "all_candidates": [], "timestamp": 1713744126.2825627, "task_uuid": "5d5da4e7-aee0-46e5-9c92-6348a696e00a", "task_level": [2], "message_type": "ERROR"}
{"action_status": "succeeded", "timestamp": 1713744126.2833986, "task_uuid": "5d5da4e7-aee0-46e5-9c92-6348a696e00a", "action_type": "ERROR_CANDIDATE", "task_level": [3]}
{"action_status": "started", "timestamp": 1713744195.419438, "task_uuid": "f0bdc734-ebdd-4c9d-a79c-54ddff09e1c8", "action_type": "ERROR_CANDIDATE", "task_level": [1]}
{"optimizer": "BOCA", "message": "No unique candidate found.", "iteration": 10, "all_candidates": [], "timestamp": 1713744195.4203484, "task_uuid": "f0bdc734-ebdd-4c9d-a79c-54ddff09e1c8", "task_level": [2], "message_type": "ERROR"}
{"action_status": "succeeded", "timestamp": 1713744195.421165, "task_uuid": "f0bdc734-ebdd-4c9d-a79c-54ddff09e1c8", "action_type": "ERROR_CANDIDATE", "task_level": [3]}
