{"test_path": "parallel/parfib", "test_desc": "Boca_Rerun_2", "action_status": "started", "timestamp": 1698722484.6472476, "task_uuid": "fefb4791-35f4-44ec-94e0-e520be8a51a8", "action_type": "OPTIMIZER_CREATION", "task_level": [1]}
{"action_status": "started", "timestamp": 1698722484.6476734, "task_uuid": "fefb4791-35f4-44ec-94e0-e520be8a51a8", "action_type": "LOG_RESULTS", "task_level": [2, 1]}
{"action_status": "succeeded", "timestamp": 1698722484.6487808, "task_uuid": "fefb4791-35f4-44ec-94e0-e520be8a51a8", "action_type": "OPTIMIZER_CREATION", "task_level": [3]}
{"action_status": "started", "timestamp": 1698723153.9378889, "task_uuid": "0714e0b3-6596-48be-940d-018a7643654f", "action_type": "ERROR_CANDIDATE", "task_level": [1]}
{"optimizer": "BOCA", "message": "No unique candidate found.", "iteration": 28, "all_candidates": [], "timestamp": 1698723153.938082, "task_uuid": "0714e0b3-6596-48be-940d-018a7643654f", "task_level": [2], "message_type": "ERROR"}
{"action_status": "succeeded", "timestamp": 1698723153.9381647, "task_uuid": "0714e0b3-6596-48be-940d-018a7643654f", "action_type": "ERROR_CANDIDATE", "task_level": [3]}
{"action_status": "started", "timestamp": 1698723155.00068, "task_uuid": "b66bc2f9-1698-4309-84cb-222403db96ae", "action_type": "ERROR_CANDIDATE", "task_level": [1]}
{"optimizer": "BOCA", "message": "No unique candidate found.", "iteration": 29, "all_candidates": [], "timestamp": 1698723155.0008118, "task_uuid": "b66bc2f9-1698-4309-84cb-222403db96ae", "task_level": [2], "message_type": "ERROR"}
{"action_status": "succeeded", "timestamp": 1698723155.0008826, "task_uuid": "b66bc2f9-1698-4309-84cb-222403db96ae", "action_type": "ERROR_CANDIDATE", "task_level": [3]}
{"action_status": "started", "timestamp": 1698723156.04804, "task_uuid": "7129f5ba-ae7e-4fed-9484-6a6077cffed2", "action_type": "ERROR_CANDIDATE", "task_level": [1]}
{"optimizer": "BOCA", "message": "No unique candidate found.", "iteration": 30, "all_candidates": [], "timestamp": 1698723156.048157, "task_uuid": "7129f5ba-ae7e-4fed-9484-6a6077cffed2", "task_level": [2], "message_type": "ERROR"}
{"action_status": "succeeded", "timestamp": 1698723156.0482168, "task_uuid": "7129f5ba-ae7e-4fed-9484-6a6077cffed2", "action_type": "ERROR_CANDIDATE", "task_level": [3]}
{"action_status": "started", "timestamp": 1698723157.0963595, "task_uuid": "754bef60-d6ef-43c0-9848-4c401a28368d", "action_type": "ERROR_CANDIDATE", "task_level": [1]}
{"optimizer": "BOCA", "message": "No unique candidate found.", "iteration": 31, "all_candidates": [], "timestamp": 1698723157.0965679, "task_uuid": "754bef60-d6ef-43c0-9848-4c401a28368d", "task_level": [2], "message_type": "ERROR"}
{"action_status": "succeeded", "timestamp": 1698723157.0966682, "task_uuid": "754bef60-d6ef-43c0-9848-4c401a28368d", "action_type": "ERROR_CANDIDATE", "task_level": [3]}
{"action_status": "started", "timestamp": 1698723158.1818645, "task_uuid": "bf516c02-29e2-4285-8e9d-4e24f4031db9", "action_type": "ERROR_CANDIDATE", "task_level": [1]}
{"optimizer": "BOCA", "message": "No unique candidate found.", "iteration": 32, "all_candidates": [], "timestamp": 1698723158.1820095, "task_uuid": "bf516c02-29e2-4285-8e9d-4e24f4031db9", "task_level": [2], "message_type": "ERROR"}
{"action_status": "succeeded", "timestamp": 1698723158.1820846, "task_uuid": "bf516c02-29e2-4285-8e9d-4e24f4031db9", "action_type": "ERROR_CANDIDATE", "task_level": [3]}
{"action_status": "started", "timestamp": 1698723159.245618, "task_uuid": "a29f7881-646b-468f-bb72-8425d7d5ab2b", "action_type": "ERROR_CANDIDATE", "task_level": [1]}
{"optimizer": "BOCA", "message": "No unique candidate found.", "iteration": 33, "all_candidates": [], "timestamp": 1698723159.2457354, "task_uuid": "a29f7881-646b-468f-bb72-8425d7d5ab2b", "task_level": [2], "message_type": "ERROR"}
{"action_status": "succeeded", "timestamp": 1698723159.245794, "task_uuid": "a29f7881-646b-468f-bb72-8425d7d5ab2b", "action_type": "ERROR_CANDIDATE", "task_level": [3]}
{"action_status": "started", "timestamp": 1698723160.335236, "task_uuid": "289d016c-ff66-443f-b753-8d69f248861a", "action_type": "ERROR_CANDIDATE", "task_level": [1]}
{"optimizer": "BOCA", "message": "No unique candidate found.", "iteration": 34, "all_candidates": [], "timestamp": 1698723160.3354068, "task_uuid": "289d016c-ff66-443f-b753-8d69f248861a", "task_level": [2], "message_type": "ERROR"}
{"action_status": "succeeded", "timestamp": 1698723160.3354716, "task_uuid": "289d016c-ff66-443f-b753-8d69f248861a", "action_type": "ERROR_CANDIDATE", "task_level": [3]}
{"action_status": "started", "timestamp": 1698723161.3660405, "task_uuid": "b12a9cd5-ac0a-4160-856c-2d0a65f8f8be", "action_type": "ERROR_CANDIDATE", "task_level": [1]}
{"optimizer": "BOCA", "message": "No unique candidate found.", "iteration": 35, "all_candidates": [], "timestamp": 1698723161.3661778, "task_uuid": "b12a9cd5-ac0a-4160-856c-2d0a65f8f8be", "task_level": [2], "message_type": "ERROR"}
{"action_status": "succeeded", "timestamp": 1698723161.3662379, "task_uuid": "b12a9cd5-ac0a-4160-856c-2d0a65f8f8be", "action_type": "ERROR_CANDIDATE", "task_level": [3]}
{"action_status": "started", "timestamp": 1698723162.4269547, "task_uuid": "368e8cdb-4e46-410c-bff1-499913c9b673", "action_type": "ERROR_CANDIDATE", "task_level": [1]}
{"optimizer": "BOCA", "message": "No unique candidate found.", "iteration": 36, "all_candidates": [], "timestamp": 1698723162.4270713, "task_uuid": "368e8cdb-4e46-410c-bff1-499913c9b673", "task_level": [2], "message_type": "ERROR"}
{"action_status": "succeeded", "timestamp": 1698723162.4271307, "task_uuid": "368e8cdb-4e46-410c-bff1-499913c9b673", "action_type": "ERROR_CANDIDATE", "task_level": [3]}
{"action_status": "started", "timestamp": 1698723163.4606047, "task_uuid": "ffe9f2fd-2ed2-4882-84ae-64cbb8a27c83", "action_type": "ERROR_CANDIDATE", "task_level": [1]}
{"optimizer": "BOCA", "message": "No unique candidate found.", "iteration": 37, "all_candidates": [], "timestamp": 1698723163.4607215, "task_uuid": "ffe9f2fd-2ed2-4882-84ae-64cbb8a27c83", "task_level": [2], "message_type": "ERROR"}
{"action_status": "succeeded", "timestamp": 1698723163.4607842, "task_uuid": "ffe9f2fd-2ed2-4882-84ae-64cbb8a27c83", "action_type": "ERROR_CANDIDATE", "task_level": [3]}
{"action_status": "started", "timestamp": 1698723163.5889375, "task_uuid": "57306af1-3a6f-4254-b05e-3235c2338004", "action_type": "LOG_RESULTS", "task_level": [1]}
{"optimizer": "BOCA", "no": "0", "best_result": [["-O0", "-fcmm-elim-common-blocks", "-fignore-interface-pragmas", "-funfolding-dict-discount=30", "-fdo-lambda-eta-expansion", "-floopification", "-fstatic-argument-transformation", "-O0", "-fenable-rewrite-rules", "-fdicts-cheap", "-fcse", "-fcross-module-specialise", "-fspecialise", "-fmax-inline-alloc-size=128", "-fvectorise", "-fliberate-case", "-fsimplifier-phases=2", "-fdo-eta-reduction", "-fomit-yields", "-fcase-merge", "-fspec-constr-threshold=2000", "-foptimal-applicative-do", "-fcmm-sink", "-ffloat-in", "-fexpose-all-unfoldings", "-fno-pre-inlining", "-feager-blackholing", "-fignore-asserts", "-funbox-small-strict-fields", "-fmax-relevant-binds=6", "-fvectorisation-avoidance"], 3.494], "run_allowance": 466, "iterations": 0, "timestamp": 1698723163.589017, "task_uuid": "57306af1-3a6f-4254-b05e-3235c2338004", "task_level": [2], "message_type": "INFO"}
{"action_status": "succeeded", "timestamp": 1698723163.5890985, "task_uuid": "57306af1-3a6f-4254-b05e-3235c2338004", "action_type": "LOG_RESULTS", "task_level": [3]}
{"test_path": "parallel/parfib", "test_desc": "Boca_Rerun_2", "action_status": "started", "timestamp": 1698723354.7988968, "task_uuid": "beb2dd2e-53f0-4119-8b90-67095b806354", "action_type": "OPTIMIZER_CREATION", "task_level": [1]}
{"action_status": "started", "timestamp": 1698723354.7992744, "task_uuid": "beb2dd2e-53f0-4119-8b90-67095b806354", "action_type": "LOG_RESULTS", "task_level": [2, 1]}
{"action_status": "succeeded", "timestamp": 1698723354.8003032, "task_uuid": "beb2dd2e-53f0-4119-8b90-67095b806354", "action_type": "OPTIMIZER_CREATION", "task_level": [3]}
