{"test_path": "parallel/parfib", "test_desc": "Boca_Rerun_3", "action_status": "started", "timestamp": 1698723363.556663, "task_uuid": "d26b8673-53d7-4be5-8644-ac9ebd23869f", "action_type": "OPTIMIZER_CREATION", "task_level": [1]}
{"action_status": "started", "timestamp": 1698723363.557113, "task_uuid": "d26b8673-53d7-4be5-8644-ac9ebd23869f", "action_type": "LOG_RESULTS", "task_level": [2, 1]}
{"action_status": "succeeded", "timestamp": 1698723363.5582604, "task_uuid": "d26b8673-53d7-4be5-8644-ac9ebd23869f", "action_type": "OPTIMIZER_CREATION", "task_level": [3]}
{"test_path": "parallel/parfib", "test_desc": "Boca_Rerun_3", "action_status": "started", "timestamp": 1698723425.012252, "task_uuid": "1cd63c62-c9b7-4152-bd40-8ba87efd005d", "action_type": "OPTIMIZER_CREATION", "task_level": [1]}
{"action_status": "started", "timestamp": 1698723425.0126948, "task_uuid": "1cd63c62-c9b7-4152-bd40-8ba87efd005d", "action_type": "LOG_RESULTS", "task_level": [2, 1]}
{"action_status": "succeeded", "timestamp": 1698723425.0138655, "task_uuid": "1cd63c62-c9b7-4152-bd40-8ba87efd005d", "action_type": "OPTIMIZER_CREATION", "task_level": [3]}
{"action_status": "started", "timestamp": 1698726713.7130983, "task_uuid": "f421e204-d40b-405c-8a23-41836eea1831", "action_type": "ERROR_CANDIDATE", "task_level": [1]}
{"optimizer": "BOCA", "message": "No unique candidate found.", "iteration": 160, "all_candidates": [], "timestamp": 1698726713.7133272, "task_uuid": "f421e204-d40b-405c-8a23-41836eea1831", "task_level": [2], "message_type": "ERROR"}
{"action_status": "succeeded", "timestamp": 1698726713.7133906, "task_uuid": "f421e204-d40b-405c-8a23-41836eea1831", "action_type": "ERROR_CANDIDATE", "task_level": [3]}
{"action_status": "started", "timestamp": 1698726716.6689131, "task_uuid": "2ffc8071-a633-4f27-a196-2bf8b50308fb", "action_type": "ERROR_CANDIDATE", "task_level": [1]}
{"optimizer": "BOCA", "message": "No unique candidate found.", "iteration": 161, "all_candidates": [], "timestamp": 1698726716.6690264, "task_uuid": "2ffc8071-a633-4f27-a196-2bf8b50308fb", "task_level": [2], "message_type": "ERROR"}
{"action_status": "succeeded", "timestamp": 1698726716.6690829, "task_uuid": "2ffc8071-a633-4f27-a196-2bf8b50308fb", "action_type": "ERROR_CANDIDATE", "task_level": [3]}
{"action_status": "started", "timestamp": 1698726719.641785, "task_uuid": "505e0a12-e333-4981-a492-a58e623df2e3", "action_type": "ERROR_CANDIDATE", "task_level": [1]}
{"optimizer": "BOCA", "message": "No unique candidate found.", "iteration": 162, "all_candidates": [], "timestamp": 1698726719.6419008, "task_uuid": "505e0a12-e333-4981-a492-a58e623df2e3", "task_level": [2], "message_type": "ERROR"}
{"action_status": "succeeded", "timestamp": 1698726719.6419587, "task_uuid": "505e0a12-e333-4981-a492-a58e623df2e3", "action_type": "ERROR_CANDIDATE", "task_level": [3]}
{"action_status": "started", "timestamp": 1698726722.5757837, "task_uuid": "c63c41e5-18f2-44dc-86e4-d815de6321c4", "action_type": "ERROR_CANDIDATE", "task_level": [1]}
{"optimizer": "BOCA", "message": "No unique candidate found.", "iteration": 163, "all_candidates": [], "timestamp": 1698726722.575908, "task_uuid": "c63c41e5-18f2-44dc-86e4-d815de6321c4", "task_level": [2], "message_type": "ERROR"}
{"action_status": "succeeded", "timestamp": 1698726722.5759678, "task_uuid": "c63c41e5-18f2-44dc-86e4-d815de6321c4", "action_type": "ERROR_CANDIDATE", "task_level": [3]}
{"action_status": "started", "timestamp": 1698726725.5323126, "task_uuid": "312c1f3c-30d4-4365-9515-f13daa4de387", "action_type": "ERROR_CANDIDATE", "task_level": [1]}
{"optimizer": "BOCA", "message": "No unique candidate found.", "iteration": 164, "all_candidates": [], "timestamp": 1698726725.5333004, "task_uuid": "312c1f3c-30d4-4365-9515-f13daa4de387", "task_level": [2], "message_type": "ERROR"}
{"action_status": "succeeded", "timestamp": 1698726725.5333605, "task_uuid": "312c1f3c-30d4-4365-9515-f13daa4de387", "action_type": "ERROR_CANDIDATE", "task_level": [3]}
{"action_status": "started", "timestamp": 1698726728.4803805, "task_uuid": "afa00897-0034-47bf-962b-86fc75482a0e", "action_type": "ERROR_CANDIDATE", "task_level": [1]}
{"optimizer": "BOCA", "message": "No unique candidate found.", "iteration": 165, "all_candidates": [], "timestamp": 1698726728.4805167, "task_uuid": "afa00897-0034-47bf-962b-86fc75482a0e", "task_level": [2], "message_type": "ERROR"}
{"action_status": "succeeded", "timestamp": 1698726728.4805744, "task_uuid": "afa00897-0034-47bf-962b-86fc75482a0e", "action_type": "ERROR_CANDIDATE", "task_level": [3]}
{"action_status": "started", "timestamp": 1698726731.4450445, "task_uuid": "a2aa750f-2373-4c48-9547-dd519a47ec9f", "action_type": "ERROR_CANDIDATE", "task_level": [1]}
{"optimizer": "BOCA", "message": "No unique candidate found.", "iteration": 166, "all_candidates": [], "timestamp": 1698726731.44516, "task_uuid": "a2aa750f-2373-4c48-9547-dd519a47ec9f", "task_level": [2], "message_type": "ERROR"}
{"action_status": "succeeded", "timestamp": 1698726731.4452183, "task_uuid": "a2aa750f-2373-4c48-9547-dd519a47ec9f", "action_type": "ERROR_CANDIDATE", "task_level": [3]}
{"action_status": "started", "timestamp": 1698726734.3806863, "task_uuid": "1e79baec-33e5-4e85-bf2a-0217354e0f37", "action_type": "ERROR_CANDIDATE", "task_level": [1]}
{"optimizer": "BOCA", "message": "No unique candidate found.", "iteration": 167, "all_candidates": [], "timestamp": 1698726734.3808112, "task_uuid": "1e79baec-33e5-4e85-bf2a-0217354e0f37", "task_level": [2], "message_type": "ERROR"}
{"action_status": "succeeded", "timestamp": 1698726734.3811548, "task_uuid": "1e79baec-33e5-4e85-bf2a-0217354e0f37", "action_type": "ERROR_CANDIDATE", "task_level": [3]}
{"action_status": "started", "timestamp": 1698726737.3071136, "task_uuid": "16286dfa-69ce-430f-b706-223b285ce127", "action_type": "ERROR_CANDIDATE", "task_level": [1]}
{"optimizer": "BOCA", "message": "No unique candidate found.", "iteration": 168, "all_candidates": [], "timestamp": 1698726737.3072479, "task_uuid": "16286dfa-69ce-430f-b706-223b285ce127", "task_level": [2], "message_type": "ERROR"}
{"action_status": "succeeded", "timestamp": 1698726737.3073165, "task_uuid": "16286dfa-69ce-430f-b706-223b285ce127", "action_type": "ERROR_CANDIDATE", "task_level": [3]}
{"action_status": "started", "timestamp": 1698726740.2529576, "task_uuid": "34fc8e2d-0eba-4daa-8ba2-7bbd82fb6d18", "action_type": "ERROR_CANDIDATE", "task_level": [1]}
{"optimizer": "BOCA", "message": "No unique candidate found.", "iteration": 169, "all_candidates": [], "timestamp": 1698726740.2531004, "task_uuid": "34fc8e2d-0eba-4daa-8ba2-7bbd82fb6d18", "task_level": [2], "message_type": "ERROR"}
{"action_status": "succeeded", "timestamp": 1698726740.2534869, "task_uuid": "34fc8e2d-0eba-4daa-8ba2-7bbd82fb6d18", "action_type": "ERROR_CANDIDATE", "task_level": [3]}
{"action_status": "started", "timestamp": 1698726740.6473513, "task_uuid": "4d9be154-9d0a-4e91-bb9f-69c1c591d458", "action_type": "LOG_RESULTS", "task_level": [1]}
{"optimizer": "BOCA", "no": "0", "best_result": [["-O0", "-fliberate-case-threshold=2000", "-fexcess-precision", "-fmax-worker-args=10", "-fstrictness-before=1", "-fvectorisation-avoidance", "-fenable-rewrite-rules", "-fcross-module-specialise", "-fcall-arity", "-funfolding-creation-threshold=750", "-fworker-wrapper", "-fsimplifier-phases=2", "-fpedantic-bottoms", "-funfolding-keeness-factor=1.5", "-fspecialise", "-feager-blackholing", "-fdmd-tx-dict-sel", "-fmax-inline-memset-insns=32", "-fcpr-anal", "-fcmm-elim-common-blocks", "-fspec-constr-count=3", "-fmax-inline-memcpy-insns=32", "-ffun-to-thunk", "-fvectorise", "-O0", "-flate-dmd-anal", "-fno-pre-inlining", "-fmax-relevant-binds=6", "-fmax-inline-alloc-size=128", "-funfolding-fun-discount=60", "-fspec-constr-threshold=2000", "-fstrictness"], 3.49], "run_allowance": 334, "iterations": 0, "timestamp": 1698726740.6474607, "task_uuid": "4d9be154-9d0a-4e91-bb9f-69c1c591d458", "task_level": [2], "message_type": "INFO"}
{"action_status": "succeeded", "timestamp": 1698726740.6475422, "task_uuid": "4d9be154-9d0a-4e91-bb9f-69c1c591d458", "action_type": "LOG_RESULTS", "task_level": [3]}
