{"test_path": "real/reptile", "test_desc": "TryNewProgram", "action_status": "started", "timestamp": 1698872598.3935783, "task_uuid": "54a6e458-ea24-47e7-ba25-e2f3febcb09a", "action_type": "OPTIMIZER_CREATION", "task_level": [1]}
{"action_status": "started", "timestamp": 1698872598.393993, "task_uuid": "54a6e458-ea24-47e7-ba25-e2f3febcb09a", "action_type": "LOG_RESULTS", "task_level": [2, 1]}
{"action_status": "succeeded", "timestamp": 1698872598.3950405, "task_uuid": "54a6e458-ea24-47e7-ba25-e2f3febcb09a", "action_type": "OPTIMIZER_CREATION", "task_level": [3]}
{"action_status": "started", "timestamp": 1698873399.5772965, "task_uuid": "eba60bb1-3e8b-40a2-a236-2702f84b472a", "action_type": "ERROR_CANDIDATE", "task_level": [1]}
{"optimizer": "BOCA", "message": "No unique candidate found.", "iteration": 160, "all_candidates": [], "timestamp": 1698873399.577548, "task_uuid": "eba60bb1-3e8b-40a2-a236-2702f84b472a", "task_level": [2], "message_type": "ERROR"}
{"action_status": "succeeded", "timestamp": 1698873399.5776162, "task_uuid": "eba60bb1-3e8b-40a2-a236-2702f84b472a", "action_type": "ERROR_CANDIDATE", "task_level": [3]}
{"action_status": "started", "timestamp": 1698873402.4761548, "task_uuid": "4752946b-0e48-4bde-aa38-c23c2f02ff40", "action_type": "ERROR_CANDIDATE", "task_level": [1]}
{"optimizer": "BOCA", "message": "No unique candidate found.", "iteration": 161, "all_candidates": [], "timestamp": 1698873402.476272, "task_uuid": "4752946b-0e48-4bde-aa38-c23c2f02ff40", "task_level": [2], "message_type": "ERROR"}
{"action_status": "succeeded", "timestamp": 1698873402.47633, "task_uuid": "4752946b-0e48-4bde-aa38-c23c2f02ff40", "action_type": "ERROR_CANDIDATE", "task_level": [3]}
{"action_status": "started", "timestamp": 1698873405.331451, "task_uuid": "206618bd-9f1e-4932-8c6a-df6cb1b96fd1", "action_type": "ERROR_CANDIDATE", "task_level": [1]}
{"optimizer": "BOCA", "message": "No unique candidate found.", "iteration": 162, "all_candidates": [], "timestamp": 1698873405.33161, "task_uuid": "206618bd-9f1e-4932-8c6a-df6cb1b96fd1", "task_level": [2], "message_type": "ERROR"}
{"action_status": "succeeded", "timestamp": 1698873405.331668, "task_uuid": "206618bd-9f1e-4932-8c6a-df6cb1b96fd1", "action_type": "ERROR_CANDIDATE", "task_level": [3]}
{"action_status": "started", "timestamp": 1698873408.1909733, "task_uuid": "8412f9ec-dcb3-4631-809f-ef74b2120508", "action_type": "ERROR_CANDIDATE", "task_level": [1]}
{"optimizer": "BOCA", "message": "No unique candidate found.", "iteration": 163, "all_candidates": [], "timestamp": 1698873408.1911306, "task_uuid": "8412f9ec-dcb3-4631-809f-ef74b2120508", "task_level": [2], "message_type": "ERROR"}
{"action_status": "succeeded", "timestamp": 1698873408.1915066, "task_uuid": "8412f9ec-dcb3-4631-809f-ef74b2120508", "action_type": "ERROR_CANDIDATE", "task_level": [3]}
{"action_status": "started", "timestamp": 1698873410.9906087, "task_uuid": "0752dbd9-f8c2-41cf-8604-0b2d4540ff86", "action_type": "ERROR_CANDIDATE", "task_level": [1]}
{"optimizer": "BOCA", "message": "No unique candidate found.", "iteration": 164, "all_candidates": [], "timestamp": 1698873410.9907382, "task_uuid": "0752dbd9-f8c2-41cf-8604-0b2d4540ff86", "task_level": [2], "message_type": "ERROR"}
{"action_status": "succeeded", "timestamp": 1698873410.9908018, "task_uuid": "0752dbd9-f8c2-41cf-8604-0b2d4540ff86", "action_type": "ERROR_CANDIDATE", "task_level": [3]}
{"action_status": "started", "timestamp": 1698873413.7196949, "task_uuid": "65a87739-b561-4115-b250-f5b9ea995c69", "action_type": "ERROR_CANDIDATE", "task_level": [1]}
{"optimizer": "BOCA", "message": "No unique candidate found.", "iteration": 165, "all_candidates": [], "timestamp": 1698873413.7198315, "task_uuid": "65a87739-b561-4115-b250-f5b9ea995c69", "task_level": [2], "message_type": "ERROR"}
{"action_status": "succeeded", "timestamp": 1698873413.7198923, "task_uuid": "65a87739-b561-4115-b250-f5b9ea995c69", "action_type": "ERROR_CANDIDATE", "task_level": [3]}
{"action_status": "started", "timestamp": 1698873416.4852924, "task_uuid": "161fbc09-8379-4ecd-913e-aac80049ea01", "action_type": "ERROR_CANDIDATE", "task_level": [1]}
{"optimizer": "BOCA", "message": "No unique candidate found.", "iteration": 166, "all_candidates": [], "timestamp": 1698873416.4854515, "task_uuid": "161fbc09-8379-4ecd-913e-aac80049ea01", "task_level": [2], "message_type": "ERROR"}
{"action_status": "succeeded", "timestamp": 1698873416.4855134, "task_uuid": "161fbc09-8379-4ecd-913e-aac80049ea01", "action_type": "ERROR_CANDIDATE", "task_level": [3]}
{"action_status": "started", "timestamp": 1698873419.2843359, "task_uuid": "646746db-3a99-4567-b164-30110de7e992", "action_type": "ERROR_CANDIDATE", "task_level": [1]}
{"optimizer": "BOCA", "message": "No unique candidate found.", "iteration": 167, "all_candidates": [], "timestamp": 1698873419.2844777, "task_uuid": "646746db-3a99-4567-b164-30110de7e992", "task_level": [2], "message_type": "ERROR"}
{"action_status": "succeeded", "timestamp": 1698873419.2845366, "task_uuid": "646746db-3a99-4567-b164-30110de7e992", "action_type": "ERROR_CANDIDATE", "task_level": [3]}
{"action_status": "started", "timestamp": 1698873422.019345, "task_uuid": "2fa184ed-121e-4d43-bb1b-1288a0a14a7b", "action_type": "ERROR_CANDIDATE", "task_level": [1]}
{"optimizer": "BOCA", "message": "No unique candidate found.", "iteration": 168, "all_candidates": [], "timestamp": 1698873422.019477, "task_uuid": "2fa184ed-121e-4d43-bb1b-1288a0a14a7b", "task_level": [2], "message_type": "ERROR"}
{"action_status": "succeeded", "timestamp": 1698873422.0195367, "task_uuid": "2fa184ed-121e-4d43-bb1b-1288a0a14a7b", "action_type": "ERROR_CANDIDATE", "task_level": [3]}
{"action_status": "started", "timestamp": 1698873424.922167, "task_uuid": "e764f46f-3bdc-45a0-94c7-0c41d8677e2a", "action_type": "ERROR_CANDIDATE", "task_level": [1]}
{"optimizer": "BOCA", "message": "No unique candidate found.", "iteration": 169, "all_candidates": [], "timestamp": 1698873424.9223042, "task_uuid": "e764f46f-3bdc-45a0-94c7-0c41d8677e2a", "task_level": [2], "message_type": "ERROR"}
{"action_status": "succeeded", "timestamp": 1698873424.9223652, "task_uuid": "e764f46f-3bdc-45a0-94c7-0c41d8677e2a", "action_type": "ERROR_CANDIDATE", "task_level": [3]}
{"action_status": "started", "timestamp": 1698873425.315693, "task_uuid": "1ffa7f75-f231-47b5-9158-996d4f9edf1c", "action_type": "LOG_RESULTS", "task_level": [1]}
{"optimizer": "BOCA", "no": "0", "best_result": [["-O0", "-fomit-yields", "-fcmm-sink", "-fworker-wrapper", "-fenable-rewrite-rules", "-fcross-module-specialise", "-fignore-asserts", "-fno-opt-coercion", "-O0", "-fstatic-argument-transformation", "-floopification", "-fstrictness-before=1", "-fsimpl-tick-factor=100", "-fstrictness", "-fcmm-elim-common-blocks", "-funbox-strict-fields", "-fliberate-case", "-ffun-to-thunk", "-fdicts-strict", "-fomit-interface-pragmas", "-fmax-simplifier-iterations=4", "-funfolding-dict-discount=30", "-fregs-graph", "-fno-pre-inlining", "-fdmd-tx-dict-sel", "-funfolding-fun-discount=60", "-funbox-small-strict-fields", "-fsimplifier-phases=2", "-foptimal-applicative-do", "-fdicts-cheap", "-fvectorise", "-fignore-interface-pragmas", "-fmax-worker-args=10", "-fmax-relevant-binds=6", "-funfolding-keeness-factor=1.5", "-fexcess-precision"], 0.557], "run_allowance": 334, "iterations": 0, "timestamp": 1698873425.315794, "task_uuid": "1ffa7f75-f231-47b5-9158-996d4f9edf1c", "task_level": [2], "message_type": "INFO"}
{"action_status": "succeeded", "timestamp": 1698873425.3159122, "task_uuid": "1ffa7f75-f231-47b5-9158-996d4f9edf1c", "action_type": "LOG_RESULTS", "task_level": [3]}
