{"test_path": "spectral/sorting", "test_desc": "PO-GRID-STUFF", "action_status": "started", "timestamp": 1710815508.1262357, "task_uuid": "d069bb8e-2e2e-4cbe-92f4-3f11893db458", "action_type": "OPTIMIZER_CREATION", "task_level": [1]}
{"action_status": "started", "timestamp": 1710815508.1268444, "task_uuid": "d069bb8e-2e2e-4cbe-92f4-3f11893db458", "action_type": "LOG_RESULTS", "task_level": [2, 1]}
{"action_status": "succeeded", "timestamp": 1710815508.1311607, "task_uuid": "d069bb8e-2e2e-4cbe-92f4-3f11893db458", "action_type": "OPTIMIZER_CREATION", "task_level": [3]}
{"action_status": "started", "timestamp": 1710815783.774991, "task_uuid": "bb8a08df-7698-4efd-ae3a-eed3a1af90a4", "action_type": "GRIDSEARCH_RESULTS", "task_level": [1]}
{"optimizer": "BOCA", "best_params": "{'max_depth': None, 'max_features': 'sqrt', 'min_samples_leaf': 3, 'n_estimators': 10, 'n_jobs': -1}", "best_score": "-1.0758581854285785", "timestamp": 1710815783.775903, "task_uuid": "bb8a08df-7698-4efd-ae3a-eed3a1af90a4", "task_level": [2], "message_type": "INFO"}
{"action_status": "succeeded", "timestamp": 1710815783.7759964, "task_uuid": "bb8a08df-7698-4efd-ae3a-eed3a1af90a4", "action_type": "GRIDSEARCH_RESULTS", "task_level": [3]}
{"action_status": "started", "timestamp": 1710815912.002612, "task_uuid": "600f7c97-758d-4be6-81a3-328d1cf97bea", "action_type": "GRIDSEARCH_RESULTS", "task_level": [1]}
{"optimizer": "BOCA", "best_params": "{'max_depth': 10, 'max_features': 'sqrt', 'min_samples_leaf': 1, 'n_estimators': 10, 'n_jobs': -1}", "best_score": "-1.3950937191591606", "timestamp": 1710815912.004439, "task_uuid": "600f7c97-758d-4be6-81a3-328d1cf97bea", "task_level": [2], "message_type": "INFO"}
{"action_status": "succeeded", "timestamp": 1710815912.0045645, "task_uuid": "600f7c97-758d-4be6-81a3-328d1cf97bea", "action_type": "GRIDSEARCH_RESULTS", "task_level": [3]}
{"action_status": "started", "timestamp": 1710816040.2220838, "task_uuid": "f0f51b16-2597-4d12-adfc-7cc1210140b2", "action_type": "GRIDSEARCH_RESULTS", "task_level": [1]}
{"optimizer": "BOCA", "best_params": "{'max_depth': 10, 'max_features': 'sqrt', 'min_samples_leaf': 2, 'n_estimators': 10, 'n_jobs': -1}", "best_score": "-0.6753250224878381", "timestamp": 1710816040.2227113, "task_uuid": "f0f51b16-2597-4d12-adfc-7cc1210140b2", "task_level": [2], "message_type": "INFO"}
{"action_status": "succeeded", "timestamp": 1710816040.222801, "task_uuid": "f0f51b16-2597-4d12-adfc-7cc1210140b2", "action_type": "GRIDSEARCH_RESULTS", "task_level": [3]}
{"action_status": "started", "timestamp": 1710816169.4058695, "task_uuid": "1b0e615b-261d-42f8-a829-963277a597f9", "action_type": "GRIDSEARCH_RESULTS", "task_level": [1]}
{"optimizer": "BOCA", "best_params": "{'max_depth': None, 'max_features': 'sqrt', 'min_samples_leaf': 1, 'n_estimators': 10, 'n_jobs': -1}", "best_score": "-0.44968817810968115", "timestamp": 1710816169.4064593, "task_uuid": "1b0e615b-261d-42f8-a829-963277a597f9", "task_level": [2], "message_type": "INFO"}
{"action_status": "succeeded", "timestamp": 1710816169.4065564, "task_uuid": "1b0e615b-261d-42f8-a829-963277a597f9", "action_type": "GRIDSEARCH_RESULTS", "task_level": [3]}
{"action_status": "started", "timestamp": 1710816299.359311, "task_uuid": "a49ca8dc-403f-42d6-bcfb-b4aecb52db3b", "action_type": "GRIDSEARCH_RESULTS", "task_level": [1]}
{"optimizer": "BOCA", "best_params": "{'max_depth': None, 'max_features': 'sqrt', 'min_samples_leaf': 1, 'n_estimators': 10, 'n_jobs': -1}", "best_score": "-0.1754821215971709", "timestamp": 1710816299.360038, "task_uuid": "a49ca8dc-403f-42d6-bcfb-b4aecb52db3b", "task_level": [2], "message_type": "INFO"}
{"action_status": "succeeded", "timestamp": 1710816299.360131, "task_uuid": "a49ca8dc-403f-42d6-bcfb-b4aecb52db3b", "action_type": "GRIDSEARCH_RESULTS", "task_level": [3]}
{"action_status": "started", "timestamp": 1710816431.113194, "task_uuid": "2e14d53b-aeae-4d2f-980b-cc77cf95e5bd", "action_type": "GRIDSEARCH_RESULTS", "task_level": [1]}
{"optimizer": "BOCA", "best_params": "{'max_depth': 10, 'max_features': 'sqrt', 'min_samples_leaf': 1, 'n_estimators': 10, 'n_jobs': -1}", "best_score": "-0.031514986643756994", "timestamp": 1710816431.1138606, "task_uuid": "2e14d53b-aeae-4d2f-980b-cc77cf95e5bd", "task_level": [2], "message_type": "INFO"}
{"action_status": "succeeded", "timestamp": 1710816431.1140306, "task_uuid": "2e14d53b-aeae-4d2f-980b-cc77cf95e5bd", "action_type": "GRIDSEARCH_RESULTS", "task_level": [3]}
{"action_status": "started", "timestamp": 1710816563.8236442, "task_uuid": "afc5d361-17d1-4d01-9568-64e076928456", "action_type": "GRIDSEARCH_RESULTS", "task_level": [1]}
{"optimizer": "BOCA", "best_params": "{'max_depth': 10, 'max_features': 'sqrt', 'min_samples_leaf': 1, 'n_estimators': 10, 'n_jobs': -1}", "best_score": "-0.006922187611561714", "timestamp": 1710816563.8241823, "task_uuid": "afc5d361-17d1-4d01-9568-64e076928456", "task_level": [2], "message_type": "INFO"}
{"action_status": "succeeded", "timestamp": 1710816563.8242867, "task_uuid": "afc5d361-17d1-4d01-9568-64e076928456", "action_type": "GRIDSEARCH_RESULTS", "task_level": [3]}
{"action_status": "started", "timestamp": 1710816697.5375674, "task_uuid": "dfa1501d-d251-490d-92da-bd2d259c4f8b", "action_type": "GRIDSEARCH_RESULTS", "task_level": [1]}
{"optimizer": "BOCA", "best_params": "{'max_depth': None, 'max_features': 'sqrt', 'min_samples_leaf': 2, 'n_estimators': 10, 'n_jobs': -1}", "best_score": "-0.009146818247197578", "timestamp": 1710816697.5381143, "task_uuid": "dfa1501d-d251-490d-92da-bd2d259c4f8b", "task_level": [2], "message_type": "INFO"}
{"action_status": "succeeded", "timestamp": 1710816697.538208, "task_uuid": "dfa1501d-d251-490d-92da-bd2d259c4f8b", "action_type": "GRIDSEARCH_RESULTS", "task_level": [3]}
{"action_status": "started", "timestamp": 1710816833.1186812, "task_uuid": "8c55e1d3-4d9a-4a7b-833c-687e57b38832", "action_type": "GRIDSEARCH_RESULTS", "task_level": [1]}
{"optimizer": "BOCA", "best_params": "{'max_depth': 10, 'max_features': 'sqrt', 'min_samples_leaf': 1, 'n_estimators': 100, 'n_jobs': -1}", "best_score": "-0.1888833740743454", "timestamp": 1710816833.1192658, "task_uuid": "8c55e1d3-4d9a-4a7b-833c-687e57b38832", "task_level": [2], "message_type": "INFO"}
{"action_status": "succeeded", "timestamp": 1710816833.1194084, "task_uuid": "8c55e1d3-4d9a-4a7b-833c-687e57b38832", "action_type": "GRIDSEARCH_RESULTS", "task_level": [3]}
{"action_status": "started", "timestamp": 1710816974.6244256, "task_uuid": "9290885e-1c38-4530-b904-296c547a4f33", "action_type": "GRIDSEARCH_RESULTS", "task_level": [1]}
{"optimizer": "BOCA", "best_params": "{'max_depth': None, 'max_features': 'sqrt', 'min_samples_leaf': 1, 'n_estimators': 10, 'n_jobs': -1}", "best_score": "0.02141478889456742", "timestamp": 1710816974.6250422, "task_uuid": "9290885e-1c38-4530-b904-296c547a4f33", "task_level": [2], "message_type": "INFO"}
{"action_status": "succeeded", "timestamp": 1710816974.6251395, "task_uuid": "9290885e-1c38-4530-b904-296c547a4f33", "action_type": "GRIDSEARCH_RESULTS", "task_level": [3]}
{"action_status": "started", "timestamp": 1710817120.5867894, "task_uuid": "5ed53cbe-a054-417e-b817-436ecb1e8089", "action_type": "GRIDSEARCH_RESULTS", "task_level": [1]}
{"optimizer": "BOCA", "best_params": "{'max_depth': 3, 'max_features': 'sqrt', 'min_samples_leaf': 1, 'n_estimators': 10, 'n_jobs': -1}", "best_score": "-0.06190191746837592", "timestamp": 1710817120.5873199, "task_uuid": "5ed53cbe-a054-417e-b817-436ecb1e8089", "task_level": [2], "message_type": "INFO"}
{"action_status": "succeeded", "timestamp": 1710817120.5874414, "task_uuid": "5ed53cbe-a054-417e-b817-436ecb1e8089", "action_type": "GRIDSEARCH_RESULTS", "task_level": [3]}
{"action_status": "started", "timestamp": 1710817260.3782303, "task_uuid": "d661f508-9559-410e-90a0-834cc2eb8d21", "action_type": "GRIDSEARCH_RESULTS", "task_level": [1]}
{"optimizer": "BOCA", "best_params": "{'max_depth': 5, 'max_features': 'sqrt', 'min_samples_leaf': 1, 'n_estimators': 250, 'n_jobs': -1}", "best_score": "-0.19768420725872285", "timestamp": 1710817260.3787699, "task_uuid": "d661f508-9559-410e-90a0-834cc2eb8d21", "task_level": [2], "message_type": "INFO"}
{"action_status": "succeeded", "timestamp": 1710817260.3789265, "task_uuid": "d661f508-9559-410e-90a0-834cc2eb8d21", "action_type": "GRIDSEARCH_RESULTS", "task_level": [3]}
{"action_status": "started", "timestamp": 1710817398.8404646, "task_uuid": "abb73bc2-daa5-4d90-946b-9fbbf56cbb14", "action_type": "GRIDSEARCH_RESULTS", "task_level": [1]}
{"optimizer": "BOCA", "best_params": "{'max_depth': None, 'max_features': 'sqrt', 'min_samples_leaf': 1, 'n_estimators': 10, 'n_jobs': -1}", "best_score": "0.04122093776985073", "timestamp": 1710817398.8428214, "task_uuid": "abb73bc2-daa5-4d90-946b-9fbbf56cbb14", "task_level": [2], "message_type": "INFO"}
{"action_status": "succeeded", "timestamp": 1710817398.8429291, "task_uuid": "abb73bc2-daa5-4d90-946b-9fbbf56cbb14", "action_type": "GRIDSEARCH_RESULTS", "task_level": [3]}
{"action_status": "started", "timestamp": 1710817539.9352825, "task_uuid": "7d03a52b-5bb3-44d8-a088-ddd3501c2e20", "action_type": "GRIDSEARCH_RESULTS", "task_level": [1]}
{"optimizer": "BOCA", "best_params": "{'max_depth': 3, 'max_features': 'sqrt', 'min_samples_leaf': 1, 'n_estimators': 200, 'n_jobs': -1}", "best_score": "-0.10092874551429132", "timestamp": 1710817539.9360254, "task_uuid": "7d03a52b-5bb3-44d8-a088-ddd3501c2e20", "task_level": [2], "message_type": "INFO"}
{"action_status": "succeeded", "timestamp": 1710817539.9361224, "task_uuid": "7d03a52b-5bb3-44d8-a088-ddd3501c2e20", "action_type": "GRIDSEARCH_RESULTS", "task_level": [3]}
{"action_status": "started", "timestamp": 1710817681.8222494, "task_uuid": "8e19acbc-979c-419d-b8b6-2642bf8f23da", "action_type": "GRIDSEARCH_RESULTS", "task_level": [1]}
{"optimizer": "BOCA", "best_params": "{'max_depth': 5, 'max_features': 'sqrt', 'min_samples_leaf': 1, 'n_estimators': 200, 'n_jobs': -1}", "best_score": "-0.08728869767548537", "timestamp": 1710817681.8245785, "task_uuid": "8e19acbc-979c-419d-b8b6-2642bf8f23da", "task_level": [2], "message_type": "INFO"}
{"action_status": "succeeded", "timestamp": 1710817681.824679, "task_uuid": "8e19acbc-979c-419d-b8b6-2642bf8f23da", "action_type": "GRIDSEARCH_RESULTS", "task_level": [3]}
{"action_status": "started", "timestamp": 1710817822.7295668, "task_uuid": "d6a8a8b7-a134-465d-8035-086f82111c4d", "action_type": "GRIDSEARCH_RESULTS", "task_level": [1]}
{"optimizer": "BOCA", "best_params": "{'max_depth': 3, 'max_features': 'sqrt', 'min_samples_leaf': 1, 'n_estimators': 10, 'n_jobs': -1}", "best_score": "-0.024576322243955857", "timestamp": 1710817822.730688, "task_uuid": "d6a8a8b7-a134-465d-8035-086f82111c4d", "task_level": [2], "message_type": "INFO"}
{"action_status": "succeeded", "timestamp": 1710817822.7308207, "task_uuid": "d6a8a8b7-a134-465d-8035-086f82111c4d", "action_type": "GRIDSEARCH_RESULTS", "task_level": [3]}
{"action_status": "started", "timestamp": 1710817968.190312, "task_uuid": "8050628d-a820-4e16-88c5-c121c3d04e63", "action_type": "GRIDSEARCH_RESULTS", "task_level": [1]}
{"optimizer": "BOCA", "best_params": "{'max_depth': 3, 'max_features': 'sqrt', 'min_samples_leaf': 2, 'n_estimators': 10, 'n_jobs': -1}", "best_score": "-0.024041919637077653", "timestamp": 1710817968.1908934, "task_uuid": "8050628d-a820-4e16-88c5-c121c3d04e63", "task_level": [2], "message_type": "INFO"}
{"action_status": "succeeded", "timestamp": 1710817968.1909897, "task_uuid": "8050628d-a820-4e16-88c5-c121c3d04e63", "action_type": "GRIDSEARCH_RESULTS", "task_level": [3]}
{"action_status": "started", "timestamp": 1710818117.9848514, "task_uuid": "45a74e8a-149b-4484-afd3-0b789e4fabaa", "action_type": "GRIDSEARCH_RESULTS", "task_level": [1]}
{"optimizer": "BOCA", "best_params": "{'max_depth': 3, 'max_features': 'sqrt', 'min_samples_leaf': 2, 'n_estimators': 10, 'n_jobs': -1}", "best_score": "-0.16843406160267657", "timestamp": 1710818117.9858642, "task_uuid": "45a74e8a-149b-4484-afd3-0b789e4fabaa", "task_level": [2], "message_type": "INFO"}
{"action_status": "succeeded", "timestamp": 1710818117.9859908, "task_uuid": "45a74e8a-149b-4484-afd3-0b789e4fabaa", "action_type": "GRIDSEARCH_RESULTS", "task_level": [3]}
{"action_status": "started", "timestamp": 1710818263.3491251, "task_uuid": "722179f8-a9f2-43eb-8ce3-e5cb38c3c956", "action_type": "GRIDSEARCH_RESULTS", "task_level": [1]}
{"optimizer": "BOCA", "best_params": "{'max_depth': 10, 'max_features': 'sqrt', 'min_samples_leaf': 1, 'n_estimators': 100, 'n_jobs': -1}", "best_score": "-0.3113984847932008", "timestamp": 1710818263.3497448, "task_uuid": "722179f8-a9f2-43eb-8ce3-e5cb38c3c956", "task_level": [2], "message_type": "INFO"}
{"action_status": "succeeded", "timestamp": 1710818263.349841, "task_uuid": "722179f8-a9f2-43eb-8ce3-e5cb38c3c956", "action_type": "GRIDSEARCH_RESULTS", "task_level": [3]}
{"action_status": "started", "timestamp": 1710818408.6660807, "task_uuid": "c92d131d-7900-4c9a-87b1-5a26fa1dc750", "action_type": "GRIDSEARCH_RESULTS", "task_level": [1]}
{"optimizer": "BOCA", "best_params": "{'max_depth': None, 'max_features': 'sqrt', 'min_samples_leaf': 1, 'n_estimators': 10, 'n_jobs': -1}", "best_score": "-0.30824544455933905", "timestamp": 1710818408.666992, "task_uuid": "c92d131d-7900-4c9a-87b1-5a26fa1dc750", "task_level": [2], "message_type": "INFO"}
{"action_status": "succeeded", "timestamp": 1710818408.6670976, "task_uuid": "c92d131d-7900-4c9a-87b1-5a26fa1dc750", "action_type": "GRIDSEARCH_RESULTS", "task_level": [3]}
{"action_status": "started", "timestamp": 1710818555.6470423, "task_uuid": "0e4e7453-543e-41c3-b06d-d0e410256950", "action_type": "GRIDSEARCH_RESULTS", "task_level": [1]}
{"optimizer": "BOCA", "best_params": "{'max_depth': 5, 'max_features': 'sqrt', 'min_samples_leaf': 1, 'n_estimators': 10, 'n_jobs': -1}", "best_score": "-0.6619532670482161", "timestamp": 1710818555.6477277, "task_uuid": "0e4e7453-543e-41c3-b06d-d0e410256950", "task_level": [2], "message_type": "INFO"}
{"action_status": "succeeded", "timestamp": 1710818555.647831, "task_uuid": "0e4e7453-543e-41c3-b06d-d0e410256950", "action_type": "GRIDSEARCH_RESULTS", "task_level": [3]}
{"action_status": "started", "timestamp": 1710818704.3653693, "task_uuid": "abac4671-eef9-4796-ab5a-3cd33604e952", "action_type": "GRIDSEARCH_RESULTS", "task_level": [1]}
{"optimizer": "BOCA", "best_params": "{'max_depth': 10, 'max_features': 'sqrt', 'min_samples_leaf': 1, 'n_estimators': 10, 'n_jobs': -1}", "best_score": "-0.30617239918524614", "timestamp": 1710818704.3682272, "task_uuid": "abac4671-eef9-4796-ab5a-3cd33604e952", "task_level": [2], "message_type": "INFO"}
{"action_status": "succeeded", "timestamp": 1710818704.3683465, "task_uuid": "abac4671-eef9-4796-ab5a-3cd33604e952", "action_type": "GRIDSEARCH_RESULTS", "task_level": [3]}
{"action_status": "started", "timestamp": 1710818855.6382756, "task_uuid": "b92f4d33-e79e-487a-9c66-6e073236f2c0", "action_type": "GRIDSEARCH_RESULTS", "task_level": [1]}
{"optimizer": "BOCA", "best_params": "{'max_depth': 5, 'max_features': 'sqrt', 'min_samples_leaf': 2, 'n_estimators': 10, 'n_jobs': -1}", "best_score": "-0.51343801064723", "timestamp": 1710818855.6388202, "task_uuid": "b92f4d33-e79e-487a-9c66-6e073236f2c0", "task_level": [2], "message_type": "INFO"}
{"action_status": "succeeded", "timestamp": 1710818855.638913, "task_uuid": "b92f4d33-e79e-487a-9c66-6e073236f2c0", "action_type": "GRIDSEARCH_RESULTS", "task_level": [3]}
{"action_status": "started", "timestamp": 1710819007.1560125, "task_uuid": "1563a93f-54e1-460d-a1f9-31e871a89894", "action_type": "GRIDSEARCH_RESULTS", "task_level": [1]}
{"optimizer": "BOCA", "best_params": "{'max_depth': 5, 'max_features': 'sqrt', 'min_samples_leaf': 1, 'n_estimators': 100, 'n_jobs': -1}", "best_score": "-0.3313292149544303", "timestamp": 1710819007.1570864, "task_uuid": "1563a93f-54e1-460d-a1f9-31e871a89894", "task_level": [2], "message_type": "INFO"}
{"action_status": "succeeded", "timestamp": 1710819007.1572237, "task_uuid": "1563a93f-54e1-460d-a1f9-31e871a89894", "action_type": "GRIDSEARCH_RESULTS", "task_level": [3]}
{"action_status": "started", "timestamp": 1710819158.7000954, "task_uuid": "f7f673d2-186d-49e6-a0a2-cfeefee1c2fb", "action_type": "GRIDSEARCH_RESULTS", "task_level": [1]}
{"optimizer": "BOCA", "best_params": "{'max_depth': None, 'max_features': 'sqrt', 'min_samples_leaf': 2, 'n_estimators': 10, 'n_jobs': -1}", "best_score": "-0.23925695091425045", "timestamp": 1710819158.7008858, "task_uuid": "f7f673d2-186d-49e6-a0a2-cfeefee1c2fb", "task_level": [2], "message_type": "INFO"}
{"action_status": "succeeded", "timestamp": 1710819158.7010634, "task_uuid": "f7f673d2-186d-49e6-a0a2-cfeefee1c2fb", "action_type": "GRIDSEARCH_RESULTS", "task_level": [3]}
{"action_status": "started", "timestamp": 1710819312.9895613, "task_uuid": "70fbfff4-d396-41fb-a310-7e92de95dbd5", "action_type": "GRIDSEARCH_RESULTS", "task_level": [1]}
{"optimizer": "BOCA", "best_params": "{'max_depth': 3, 'max_features': 'sqrt', 'min_samples_leaf': 1, 'n_estimators': 10, 'n_jobs': -1}", "best_score": "-0.2464353968323307", "timestamp": 1710819312.9901526, "task_uuid": "70fbfff4-d396-41fb-a310-7e92de95dbd5", "task_level": [2], "message_type": "INFO"}
{"action_status": "succeeded", "timestamp": 1710819312.9902573, "task_uuid": "70fbfff4-d396-41fb-a310-7e92de95dbd5", "action_type": "GRIDSEARCH_RESULTS", "task_level": [3]}
{"action_status": "started", "timestamp": 1710819469.423528, "task_uuid": "2859fd9f-9852-4cd1-be98-4c66fe2d363a", "action_type": "GRIDSEARCH_RESULTS", "task_level": [1]}
{"optimizer": "BOCA", "best_params": "{'max_depth': 5, 'max_features': 'sqrt', 'min_samples_leaf': 1, 'n_estimators': 100, 'n_jobs': -1}", "best_score": "-0.05424427694000097", "timestamp": 1710819469.4241066, "task_uuid": "2859fd9f-9852-4cd1-be98-4c66fe2d363a", "task_level": [2], "message_type": "INFO"}
{"action_status": "succeeded", "timestamp": 1710819469.4242222, "task_uuid": "2859fd9f-9852-4cd1-be98-4c66fe2d363a", "action_type": "GRIDSEARCH_RESULTS", "task_level": [3]}
{"action_status": "started", "timestamp": 1710819625.208446, "task_uuid": "47238b20-5c62-4305-a1fe-54d01aac5a3a", "action_type": "GRIDSEARCH_RESULTS", "task_level": [1]}
{"optimizer": "BOCA", "best_params": "{'max_depth': None, 'max_features': 'sqrt', 'min_samples_leaf': 1, 'n_estimators': 250, 'n_jobs': -1}", "best_score": "-0.02893882016520984", "timestamp": 1710819625.210215, "task_uuid": "47238b20-5c62-4305-a1fe-54d01aac5a3a", "task_level": [2], "message_type": "INFO"}
{"action_status": "succeeded", "timestamp": 1710819625.2103193, "task_uuid": "47238b20-5c62-4305-a1fe-54d01aac5a3a", "action_type": "GRIDSEARCH_RESULTS", "task_level": [3]}
{"action_status": "started", "timestamp": 1710819779.321014, "task_uuid": "47b9103e-2cf3-422e-acf5-51b65e06b1bb", "action_type": "GRIDSEARCH_RESULTS", "task_level": [1]}
{"optimizer": "BOCA", "best_params": "{'max_depth': None, 'max_features': 'sqrt', 'min_samples_leaf': 1, 'n_estimators': 10, 'n_jobs': -1}", "best_score": "0.11475727069157031", "timestamp": 1710819779.3216982, "task_uuid": "47b9103e-2cf3-422e-acf5-51b65e06b1bb", "task_level": [2], "message_type": "INFO"}
{"action_status": "succeeded", "timestamp": 1710819779.321805, "task_uuid": "47b9103e-2cf3-422e-acf5-51b65e06b1bb", "action_type": "GRIDSEARCH_RESULTS", "task_level": [3]}
{"action_status": "started", "timestamp": 1710819934.889275, "task_uuid": "e433aaf8-f744-454d-88cf-0d7a6f0e3b6a", "action_type": "GRIDSEARCH_RESULTS", "task_level": [1]}
{"optimizer": "BOCA", "best_params": "{'max_depth': None, 'max_features': 'sqrt', 'min_samples_leaf': 3, 'n_estimators': 10, 'n_jobs': -1}", "best_score": "-0.43891838996037547", "timestamp": 1710819934.8903475, "task_uuid": "e433aaf8-f744-454d-88cf-0d7a6f0e3b6a", "task_level": [2], "message_type": "INFO"}
{"action_status": "succeeded", "timestamp": 1710819934.8904665, "task_uuid": "e433aaf8-f744-454d-88cf-0d7a6f0e3b6a", "action_type": "GRIDSEARCH_RESULTS", "task_level": [3]}
{"action_status": "started", "timestamp": 1710820091.9879036, "task_uuid": "61b2d3ba-7772-41f4-bad0-f456415e4275", "action_type": "GRIDSEARCH_RESULTS", "task_level": [1]}
{"optimizer": "BOCA", "best_params": "{'max_depth': 5, 'max_features': 'sqrt', 'min_samples_leaf': 2, 'n_estimators': 10, 'n_jobs': -1}", "best_score": "-0.3337457136788123", "timestamp": 1710820091.9886189, "task_uuid": "61b2d3ba-7772-41f4-bad0-f456415e4275", "task_level": [2], "message_type": "INFO"}
{"action_status": "succeeded", "timestamp": 1710820091.9887664, "task_uuid": "61b2d3ba-7772-41f4-bad0-f456415e4275", "action_type": "GRIDSEARCH_RESULTS", "task_level": [3]}
{"action_status": "started", "timestamp": 1710820248.6306422, "task_uuid": "2a9b51f0-e3eb-41d6-99ff-f14a4e58cdd6", "action_type": "GRIDSEARCH_RESULTS", "task_level": [1]}
{"optimizer": "BOCA", "best_params": "{'max_depth': 10, 'max_features': 'sqrt', 'min_samples_leaf': 1, 'n_estimators': 250, 'n_jobs': -1}", "best_score": "-0.37482718665519066", "timestamp": 1710820248.631263, "task_uuid": "2a9b51f0-e3eb-41d6-99ff-f14a4e58cdd6", "task_level": [2], "message_type": "INFO"}
{"action_status": "succeeded", "timestamp": 1710820248.6314106, "task_uuid": "2a9b51f0-e3eb-41d6-99ff-f14a4e58cdd6", "action_type": "GRIDSEARCH_RESULTS", "task_level": [3]}
{"action_status": "started", "timestamp": 1710820408.3030424, "task_uuid": "48445c19-069f-4a84-a0e5-3750f131a5a5", "action_type": "GRIDSEARCH_RESULTS", "task_level": [1]}
{"optimizer": "BOCA", "best_params": "{'max_depth': None, 'max_features': 'sqrt', 'min_samples_leaf': 2, 'n_estimators': 10, 'n_jobs': -1}", "best_score": "-0.14912658741270637", "timestamp": 1710820408.3040884, "task_uuid": "48445c19-069f-4a84-a0e5-3750f131a5a5", "task_level": [2], "message_type": "INFO"}
{"action_status": "succeeded", "timestamp": 1710820408.3042092, "task_uuid": "48445c19-069f-4a84-a0e5-3750f131a5a5", "action_type": "GRIDSEARCH_RESULTS", "task_level": [3]}
{"action_status": "started", "timestamp": 1710820570.7995589, "task_uuid": "bad19591-cb13-4598-b81c-dd9101f3402b", "action_type": "GRIDSEARCH_RESULTS", "task_level": [1]}
{"optimizer": "BOCA", "best_params": "{'max_depth': None, 'max_features': 'sqrt', 'min_samples_leaf': 1, 'n_estimators': 200, 'n_jobs': -1}", "best_score": "-0.2612491382443069", "timestamp": 1710820570.8002708, "task_uuid": "bad19591-cb13-4598-b81c-dd9101f3402b", "task_level": [2], "message_type": "INFO"}
{"action_status": "succeeded", "timestamp": 1710820570.8003793, "task_uuid": "bad19591-cb13-4598-b81c-dd9101f3402b", "action_type": "GRIDSEARCH_RESULTS", "task_level": [3]}
{"action_status": "started", "timestamp": 1710820732.7337673, "task_uuid": "06f6a367-0d9d-4af1-a2ed-025a4326d530", "action_type": "GRIDSEARCH_RESULTS", "task_level": [1]}
{"optimizer": "BOCA", "best_params": "{'max_depth': 3, 'max_features': 'sqrt', 'min_samples_leaf': 2, 'n_estimators': 10, 'n_jobs': -1}", "best_score": "-0.1117884742790124", "timestamp": 1710820732.7343056, "task_uuid": "06f6a367-0d9d-4af1-a2ed-025a4326d530", "task_level": [2], "message_type": "INFO"}
{"action_status": "succeeded", "timestamp": 1710820732.734401, "task_uuid": "06f6a367-0d9d-4af1-a2ed-025a4326d530", "action_type": "GRIDSEARCH_RESULTS", "task_level": [3]}
{"action_status": "started", "timestamp": 1710820947.906813, "task_uuid": "dcaa2ce9-45b1-4445-bb9e-9a90c3deef45", "action_type": "GRIDSEARCH_RESULTS", "task_level": [1]}
{"optimizer": "BOCA", "best_params": "{'max_depth': 3, 'max_features': 'sqrt', 'min_samples_leaf': 1, 'n_estimators': 10, 'n_jobs': -1}", "best_score": "-0.1822028372736352", "timestamp": 1710820947.9077826, "task_uuid": "dcaa2ce9-45b1-4445-bb9e-9a90c3deef45", "task_level": [2], "message_type": "INFO"}
{"action_status": "succeeded", "timestamp": 1710820947.9079173, "task_uuid": "dcaa2ce9-45b1-4445-bb9e-9a90c3deef45", "action_type": "GRIDSEARCH_RESULTS", "task_level": [3]}
{"action_status": "started", "timestamp": 1710821111.3016386, "task_uuid": "a217a188-20e4-4dcb-87aa-4b7ce1107eff", "action_type": "GRIDSEARCH_RESULTS", "task_level": [1]}
{"optimizer": "BOCA", "best_params": "{'max_depth': 5, 'max_features': 'sqrt', 'min_samples_leaf': 2, 'n_estimators': 10, 'n_jobs': -1}", "best_score": "-0.13510190054492918", "timestamp": 1710821111.3021832, "task_uuid": "a217a188-20e4-4dcb-87aa-4b7ce1107eff", "task_level": [2], "message_type": "INFO"}
{"action_status": "succeeded", "timestamp": 1710821111.3022747, "task_uuid": "a217a188-20e4-4dcb-87aa-4b7ce1107eff", "action_type": "GRIDSEARCH_RESULTS", "task_level": [3]}
{"action_status": "started", "timestamp": 1710821273.2594697, "task_uuid": "643c3fcd-93c8-45c0-a814-2f08a6898e1b", "action_type": "GRIDSEARCH_RESULTS", "task_level": [1]}
{"optimizer": "BOCA", "best_params": "{'max_depth': 10, 'max_features': 'sqrt', 'min_samples_leaf': 1, 'n_estimators': 10, 'n_jobs': -1}", "best_score": "-0.2525711590451905", "timestamp": 1710821273.2600083, "task_uuid": "643c3fcd-93c8-45c0-a814-2f08a6898e1b", "task_level": [2], "message_type": "INFO"}
{"action_status": "succeeded", "timestamp": 1710821273.2600946, "task_uuid": "643c3fcd-93c8-45c0-a814-2f08a6898e1b", "action_type": "GRIDSEARCH_RESULTS", "task_level": [3]}
{"action_status": "started", "timestamp": 1710821438.8320827, "task_uuid": "ec3f6094-e751-4fb9-a710-130401e62622", "action_type": "GRIDSEARCH_RESULTS", "task_level": [1]}
{"optimizer": "BOCA", "best_params": "{'max_depth': None, 'max_features': 'sqrt', 'min_samples_leaf': 1, 'n_estimators': 10, 'n_jobs': -1}", "best_score": "-0.16429711332835029", "timestamp": 1710821438.8327644, "task_uuid": "ec3f6094-e751-4fb9-a710-130401e62622", "task_level": [2], "message_type": "INFO"}
{"action_status": "succeeded", "timestamp": 1710821438.832853, "task_uuid": "ec3f6094-e751-4fb9-a710-130401e62622", "action_type": "GRIDSEARCH_RESULTS", "task_level": [3]}
{"action_status": "started", "timestamp": 1710821610.0838876, "task_uuid": "d4d048fd-9b0e-4263-a9b1-a6ebb4dbfd8b", "action_type": "GRIDSEARCH_RESULTS", "task_level": [1]}
{"optimizer": "BOCA", "best_params": "{'max_depth': 5, 'max_features': 'sqrt', 'min_samples_leaf': 1, 'n_estimators': 10, 'n_jobs': -1}", "best_score": "-0.22294969214967283", "timestamp": 1710821610.0844297, "task_uuid": "d4d048fd-9b0e-4263-a9b1-a6ebb4dbfd8b", "task_level": [2], "message_type": "INFO"}
{"action_status": "succeeded", "timestamp": 1710821610.0845313, "task_uuid": "d4d048fd-9b0e-4263-a9b1-a6ebb4dbfd8b", "action_type": "GRIDSEARCH_RESULTS", "task_level": [3]}
{"action_status": "started", "timestamp": 1710821781.49271, "task_uuid": "f11683cb-1e68-479f-a306-f79564687267", "action_type": "GRIDSEARCH_RESULTS", "task_level": [1]}
{"optimizer": "BOCA", "best_params": "{'max_depth': 10, 'max_features': 'sqrt', 'min_samples_leaf': 1, 'n_estimators': 10, 'n_jobs': -1}", "best_score": "-0.15941392227285434", "timestamp": 1710821781.4932578, "task_uuid": "f11683cb-1e68-479f-a306-f79564687267", "task_level": [2], "message_type": "INFO"}
{"action_status": "succeeded", "timestamp": 1710821781.4934206, "task_uuid": "f11683cb-1e68-479f-a306-f79564687267", "action_type": "GRIDSEARCH_RESULTS", "task_level": [3]}
{"action_status": "started", "timestamp": 1710821835.9333363, "task_uuid": "c3d1cff8-7cdc-4e84-a516-8350d1551817", "action_type": "LOG_RESULTS", "task_level": [1]}
{"optimizer": "BOCA", "no": "0", "best_result": ["5|3|0|4|11|7|2|15|6|19|12|28|26|16|8|20|14|29|9|23|22|25|31|17|24|30|27|1|18|13|10|21", 0.13463166136434299], "run_allowance": 939, "iterations": 42, "timestamp": 1710821835.9336216, "task_uuid": "c3d1cff8-7cdc-4e84-a516-8350d1551817", "task_level": [2], "message_type": "INFO"}
{"action_status": "succeeded", "timestamp": 1710821835.9337027, "task_uuid": "c3d1cff8-7cdc-4e84-a516-8350d1551817", "action_type": "LOG_RESULTS", "task_level": [3]}
