{"test_path": "spectral/sorting", "test_desc": "Final_DataCollect", "action_status": "started", "timestamp": 1699138538.0504875, "task_uuid": "b0d65dbc-960e-438f-9100-ec809245b61b", "action_type": "OPTIMIZER_CREATION", "task_level": [1]}
{"action_status": "started", "timestamp": 1699138538.05109, "task_uuid": "b0d65dbc-960e-438f-9100-ec809245b61b", "action_type": "LOG_RESULTS", "task_level": [2, 1]}
{"action_status": "succeeded", "timestamp": 1699138538.057823, "task_uuid": "b0d65dbc-960e-438f-9100-ec809245b61b", "action_type": "OPTIMIZER_CREATION", "task_level": [3]}
{"action_status": "started", "timestamp": 1699138615.559403, "task_uuid": "2dd75840-2dbf-4d82-98da-dd0637495e13", "action_type": "ERROR_CANDIDATE", "task_level": [1]}
{"optimizer": "BOCA", "message": "No unique candidate found.", "iteration": 0, "all_candidates": [], "timestamp": 1699138615.5595977, "task_uuid": "2dd75840-2dbf-4d82-98da-dd0637495e13", "task_level": [2], "message_type": "ERROR"}
{"action_status": "succeeded", "timestamp": 1699138615.5596547, "task_uuid": "2dd75840-2dbf-4d82-98da-dd0637495e13", "action_type": "ERROR_CANDIDATE", "task_level": [3]}
{"action_status": "started", "timestamp": 1699138616.835288, "task_uuid": "a1584d43-f1e6-4c1c-9237-e7eccbaa1327", "action_type": "ERROR_CANDIDATE", "task_level": [1]}
{"optimizer": "BOCA", "message": "No unique candidate found.", "iteration": 1, "all_candidates": [], "timestamp": 1699138616.8354018, "task_uuid": "a1584d43-f1e6-4c1c-9237-e7eccbaa1327", "task_level": [2], "message_type": "ERROR"}
{"action_status": "succeeded", "timestamp": 1699138616.8354692, "task_uuid": "a1584d43-f1e6-4c1c-9237-e7eccbaa1327", "action_type": "ERROR_CANDIDATE", "task_level": [3]}
{"action_status": "started", "timestamp": 1699138618.0824416, "task_uuid": "da5a01f7-4ce8-4bad-980a-bc6ffe7bde50", "action_type": "ERROR_CANDIDATE", "task_level": [1]}
{"optimizer": "BOCA", "message": "No unique candidate found.", "iteration": 2, "all_candidates": [], "timestamp": 1699138618.0826278, "task_uuid": "da5a01f7-4ce8-4bad-980a-bc6ffe7bde50", "task_level": [2], "message_type": "ERROR"}
{"action_status": "succeeded", "timestamp": 1699138618.0826843, "task_uuid": "da5a01f7-4ce8-4bad-980a-bc6ffe7bde50", "action_type": "ERROR_CANDIDATE", "task_level": [3]}
{"action_status": "started", "timestamp": 1699138619.3821754, "task_uuid": "500f1364-becf-42bc-b876-e136e2075f06", "action_type": "ERROR_CANDIDATE", "task_level": [1]}
{"optimizer": "BOCA", "message": "No unique candidate found.", "iteration": 3, "all_candidates": [], "timestamp": 1699138619.3822963, "task_uuid": "500f1364-becf-42bc-b876-e136e2075f06", "task_level": [2], "message_type": "ERROR"}
{"action_status": "succeeded", "timestamp": 1699138619.3823507, "task_uuid": "500f1364-becf-42bc-b876-e136e2075f06", "action_type": "ERROR_CANDIDATE", "task_level": [3]}
{"action_status": "started", "timestamp": 1699138620.6635756, "task_uuid": "9b414506-0941-4c58-8473-b2c89f022482", "action_type": "ERROR_CANDIDATE", "task_level": [1]}
{"optimizer": "BOCA", "message": "No unique candidate found.", "iteration": 4, "all_candidates": [], "timestamp": 1699138620.6637027, "task_uuid": "9b414506-0941-4c58-8473-b2c89f022482", "task_level": [2], "message_type": "ERROR"}
{"action_status": "succeeded", "timestamp": 1699138620.6637585, "task_uuid": "9b414506-0941-4c58-8473-b2c89f022482", "action_type": "ERROR_CANDIDATE", "task_level": [3]}
{"action_status": "started", "timestamp": 1699138621.922465, "task_uuid": "2e487b82-7c0a-4f88-ab84-bc07044960ad", "action_type": "ERROR_CANDIDATE", "task_level": [1]}
{"optimizer": "BOCA", "message": "No unique candidate found.", "iteration": 5, "all_candidates": [], "timestamp": 1699138621.922611, "task_uuid": "2e487b82-7c0a-4f88-ab84-bc07044960ad", "task_level": [2], "message_type": "ERROR"}
{"action_status": "succeeded", "timestamp": 1699138621.9226763, "task_uuid": "2e487b82-7c0a-4f88-ab84-bc07044960ad", "action_type": "ERROR_CANDIDATE", "task_level": [3]}
{"action_status": "started", "timestamp": 1699138623.325947, "task_uuid": "edac29a4-4b8c-44a1-b07b-4e38dcf8a4a1", "action_type": "ERROR_CANDIDATE", "task_level": [1]}
{"optimizer": "BOCA", "message": "No unique candidate found.", "iteration": 6, "all_candidates": [], "timestamp": 1699138623.3261125, "task_uuid": "edac29a4-4b8c-44a1-b07b-4e38dcf8a4a1", "task_level": [2], "message_type": "ERROR"}
{"action_status": "succeeded", "timestamp": 1699138623.3262098, "task_uuid": "edac29a4-4b8c-44a1-b07b-4e38dcf8a4a1", "action_type": "ERROR_CANDIDATE", "task_level": [3]}
{"action_status": "started", "timestamp": 1699138624.7313004, "task_uuid": "a8d5cf1b-6d09-422a-98c4-ed2743d32b9d", "action_type": "ERROR_CANDIDATE", "task_level": [1]}
{"optimizer": "BOCA", "message": "No unique candidate found.", "iteration": 7, "all_candidates": [], "timestamp": 1699138624.731481, "task_uuid": "a8d5cf1b-6d09-422a-98c4-ed2743d32b9d", "task_level": [2], "message_type": "ERROR"}
{"action_status": "succeeded", "timestamp": 1699138624.7318983, "task_uuid": "a8d5cf1b-6d09-422a-98c4-ed2743d32b9d", "action_type": "ERROR_CANDIDATE", "task_level": [3]}
{"action_status": "started", "timestamp": 1699138626.1535707, "task_uuid": "df2a5a1f-9a5c-4b7e-85eb-c221174e2098", "action_type": "ERROR_CANDIDATE", "task_level": [1]}
{"optimizer": "BOCA", "message": "No unique candidate found.", "iteration": 8, "all_candidates": [], "timestamp": 1699138626.1537216, "task_uuid": "df2a5a1f-9a5c-4b7e-85eb-c221174e2098", "task_level": [2], "message_type": "ERROR"}
{"action_status": "succeeded", "timestamp": 1699138626.153785, "task_uuid": "df2a5a1f-9a5c-4b7e-85eb-c221174e2098", "action_type": "ERROR_CANDIDATE", "task_level": [3]}
{"action_status": "started", "timestamp": 1699138627.573321, "task_uuid": "d9606542-a845-44f0-8e54-d81b90b07397", "action_type": "ERROR_CANDIDATE", "task_level": [1]}
{"optimizer": "BOCA", "message": "No unique candidate found.", "iteration": 9, "all_candidates": [], "timestamp": 1699138627.5734575, "task_uuid": "d9606542-a845-44f0-8e54-d81b90b07397", "task_level": [2], "message_type": "ERROR"}
{"action_status": "succeeded", "timestamp": 1699138627.5735216, "task_uuid": "d9606542-a845-44f0-8e54-d81b90b07397", "action_type": "ERROR_CANDIDATE", "task_level": [3]}
{"action_status": "started", "timestamp": 1699138628.9606977, "task_uuid": "6f282a4f-b25c-45f0-aad3-eb0dae4b1086", "action_type": "ERROR_CANDIDATE", "task_level": [1]}
{"optimizer": "BOCA", "message": "No unique candidate found.", "iteration": 10, "all_candidates": [], "timestamp": 1699138628.9608343, "task_uuid": "6f282a4f-b25c-45f0-aad3-eb0dae4b1086", "task_level": [2], "message_type": "ERROR"}
{"action_status": "succeeded", "timestamp": 1699138628.9609172, "task_uuid": "6f282a4f-b25c-45f0-aad3-eb0dae4b1086", "action_type": "ERROR_CANDIDATE", "task_level": [3]}
{"action_status": "started", "timestamp": 1699138630.3556738, "task_uuid": "2f978f7e-db4a-484c-b08f-4ebaeee1c586", "action_type": "ERROR_CANDIDATE", "task_level": [1]}
{"optimizer": "BOCA", "message": "No unique candidate found.", "iteration": 11, "all_candidates": [], "timestamp": 1699138630.3558125, "task_uuid": "2f978f7e-db4a-484c-b08f-4ebaeee1c586", "task_level": [2], "message_type": "ERROR"}
{"action_status": "succeeded", "timestamp": 1699138630.3558767, "task_uuid": "2f978f7e-db4a-484c-b08f-4ebaeee1c586", "action_type": "ERROR_CANDIDATE", "task_level": [3]}
{"action_status": "started", "timestamp": 1699138631.7165802, "task_uuid": "037c82de-7dcd-414e-aa06-a10deab20ae6", "action_type": "ERROR_CANDIDATE", "task_level": [1]}
{"optimizer": "BOCA", "message": "No unique candidate found.", "iteration": 12, "all_candidates": [], "timestamp": 1699138631.7167094, "task_uuid": "037c82de-7dcd-414e-aa06-a10deab20ae6", "task_level": [2], "message_type": "ERROR"}
{"action_status": "succeeded", "timestamp": 1699138631.716772, "task_uuid": "037c82de-7dcd-414e-aa06-a10deab20ae6", "action_type": "ERROR_CANDIDATE", "task_level": [3]}
{"action_status": "started", "timestamp": 1699138633.0251458, "task_uuid": "482cb583-483f-4252-899e-e587217a63cc", "action_type": "ERROR_CANDIDATE", "task_level": [1]}
{"optimizer": "BOCA", "message": "No unique candidate found.", "iteration": 13, "all_candidates": [], "timestamp": 1699138633.0252614, "task_uuid": "482cb583-483f-4252-899e-e587217a63cc", "task_level": [2], "message_type": "ERROR"}
{"action_status": "succeeded", "timestamp": 1699138633.0253344, "task_uuid": "482cb583-483f-4252-899e-e587217a63cc", "action_type": "ERROR_CANDIDATE", "task_level": [3]}
{"action_status": "started", "timestamp": 1699138634.240878, "task_uuid": "1a4ee472-482e-452f-95f9-e72860c0dab3", "action_type": "ERROR_CANDIDATE", "task_level": [1]}
{"optimizer": "BOCA", "message": "No unique candidate found.", "iteration": 14, "all_candidates": [], "timestamp": 1699138634.2409942, "task_uuid": "1a4ee472-482e-452f-95f9-e72860c0dab3", "task_level": [2], "message_type": "ERROR"}
{"action_status": "succeeded", "timestamp": 1699138634.2410486, "task_uuid": "1a4ee472-482e-452f-95f9-e72860c0dab3", "action_type": "ERROR_CANDIDATE", "task_level": [3]}
{"action_status": "started", "timestamp": 1699138635.456101, "task_uuid": "5efa55a4-3fbc-4866-87d9-d77554c9ca9a", "action_type": "ERROR_CANDIDATE", "task_level": [1]}
{"optimizer": "BOCA", "message": "No unique candidate found.", "iteration": 15, "all_candidates": [], "timestamp": 1699138635.4562333, "task_uuid": "5efa55a4-3fbc-4866-87d9-d77554c9ca9a", "task_level": [2], "message_type": "ERROR"}
{"action_status": "succeeded", "timestamp": 1699138635.4567177, "task_uuid": "5efa55a4-3fbc-4866-87d9-d77554c9ca9a", "action_type": "ERROR_CANDIDATE", "task_level": [3]}
{"action_status": "started", "timestamp": 1699138636.6637578, "task_uuid": "e414e1f9-8406-4b65-bb85-76be796239d5", "action_type": "ERROR_CANDIDATE", "task_level": [1]}
{"optimizer": "BOCA", "message": "No unique candidate found.", "iteration": 16, "all_candidates": [], "timestamp": 1699138636.663866, "task_uuid": "e414e1f9-8406-4b65-bb85-76be796239d5", "task_level": [2], "message_type": "ERROR"}
{"action_status": "succeeded", "timestamp": 1699138636.6639202, "task_uuid": "e414e1f9-8406-4b65-bb85-76be796239d5", "action_type": "ERROR_CANDIDATE", "task_level": [3]}
{"action_status": "started", "timestamp": 1699138637.8716128, "task_uuid": "14fcbcc3-cdff-4dcb-b815-e31175e025b2", "action_type": "ERROR_CANDIDATE", "task_level": [1]}
{"optimizer": "BOCA", "message": "No unique candidate found.", "iteration": 17, "all_candidates": [], "timestamp": 1699138637.8717263, "task_uuid": "14fcbcc3-cdff-4dcb-b815-e31175e025b2", "task_level": [2], "message_type": "ERROR"}
{"action_status": "succeeded", "timestamp": 1699138637.8717797, "task_uuid": "14fcbcc3-cdff-4dcb-b815-e31175e025b2", "action_type": "ERROR_CANDIDATE", "task_level": [3]}
{"action_status": "started", "timestamp": 1699138639.0957432, "task_uuid": "34d85e78-e1b4-4ace-846f-6008904e00d7", "action_type": "ERROR_CANDIDATE", "task_level": [1]}
{"optimizer": "BOCA", "message": "No unique candidate found.", "iteration": 18, "all_candidates": [], "timestamp": 1699138639.0958545, "task_uuid": "34d85e78-e1b4-4ace-846f-6008904e00d7", "task_level": [2], "message_type": "ERROR"}
{"action_status": "succeeded", "timestamp": 1699138639.0959086, "task_uuid": "34d85e78-e1b4-4ace-846f-6008904e00d7", "action_type": "ERROR_CANDIDATE", "task_level": [3]}
{"action_status": "started", "timestamp": 1699138640.3224018, "task_uuid": "f02bf16b-1b1f-423d-b26e-9200736b9037", "action_type": "ERROR_CANDIDATE", "task_level": [1]}
{"optimizer": "BOCA", "message": "No unique candidate found.", "iteration": 19, "all_candidates": [], "timestamp": 1699138640.3225193, "task_uuid": "f02bf16b-1b1f-423d-b26e-9200736b9037", "task_level": [2], "message_type": "ERROR"}
{"action_status": "succeeded", "timestamp": 1699138640.3225737, "task_uuid": "f02bf16b-1b1f-423d-b26e-9200736b9037", "action_type": "ERROR_CANDIDATE", "task_level": [3]}
{"action_status": "started", "timestamp": 1699138641.5619338, "task_uuid": "04eb9bd0-9759-4766-9179-c819ee00491a", "action_type": "ERROR_CANDIDATE", "task_level": [1]}
{"optimizer": "BOCA", "message": "No unique candidate found.", "iteration": 20, "all_candidates": [], "timestamp": 1699138641.5620518, "task_uuid": "04eb9bd0-9759-4766-9179-c819ee00491a", "task_level": [2], "message_type": "ERROR"}
{"action_status": "succeeded", "timestamp": 1699138641.5621397, "task_uuid": "04eb9bd0-9759-4766-9179-c819ee00491a", "action_type": "ERROR_CANDIDATE", "task_level": [3]}
{"action_status": "started", "timestamp": 1699138642.7571526, "task_uuid": "5c8ade12-5e5e-4a57-9323-ec3f0405d438", "action_type": "ERROR_CANDIDATE", "task_level": [1]}
{"optimizer": "BOCA", "message": "No unique candidate found.", "iteration": 21, "all_candidates": [], "timestamp": 1699138642.7572675, "task_uuid": "5c8ade12-5e5e-4a57-9323-ec3f0405d438", "task_level": [2], "message_type": "ERROR"}
{"action_status": "succeeded", "timestamp": 1699138642.7573225, "task_uuid": "5c8ade12-5e5e-4a57-9323-ec3f0405d438", "action_type": "ERROR_CANDIDATE", "task_level": [3]}
{"action_status": "started", "timestamp": 1699138643.9796238, "task_uuid": "89135e5f-76b7-4b57-8e8f-9c182c5ce425", "action_type": "ERROR_CANDIDATE", "task_level": [1]}
{"optimizer": "BOCA", "message": "No unique candidate found.", "iteration": 22, "all_candidates": [], "timestamp": 1699138643.9797425, "task_uuid": "89135e5f-76b7-4b57-8e8f-9c182c5ce425", "task_level": [2], "message_type": "ERROR"}
{"action_status": "succeeded", "timestamp": 1699138643.979798, "task_uuid": "89135e5f-76b7-4b57-8e8f-9c182c5ce425", "action_type": "ERROR_CANDIDATE", "task_level": [3]}
{"action_status": "started", "timestamp": 1699138645.2133975, "task_uuid": "6d2816f6-823d-401a-ba2d-314d5fe4fbec", "action_type": "ERROR_CANDIDATE", "task_level": [1]}
{"optimizer": "BOCA", "message": "No unique candidate found.", "iteration": 23, "all_candidates": [], "timestamp": 1699138645.2135088, "task_uuid": "6d2816f6-823d-401a-ba2d-314d5fe4fbec", "task_level": [2], "message_type": "ERROR"}
{"action_status": "succeeded", "timestamp": 1699138645.2135637, "task_uuid": "6d2816f6-823d-401a-ba2d-314d5fe4fbec", "action_type": "ERROR_CANDIDATE", "task_level": [3]}
{"action_status": "started", "timestamp": 1699138646.439915, "task_uuid": "c7c68edc-85bc-41f7-9204-427064f59d7f", "action_type": "ERROR_CANDIDATE", "task_level": [1]}
{"optimizer": "BOCA", "message": "No unique candidate found.", "iteration": 24, "all_candidates": [], "timestamp": 1699138646.4400396, "task_uuid": "c7c68edc-85bc-41f7-9204-427064f59d7f", "task_level": [2], "message_type": "ERROR"}
{"action_status": "succeeded", "timestamp": 1699138646.440095, "task_uuid": "c7c68edc-85bc-41f7-9204-427064f59d7f", "action_type": "ERROR_CANDIDATE", "task_level": [3]}
{"action_status": "started", "timestamp": 1699138647.6335268, "task_uuid": "378de906-f43a-442a-84a4-2948eeafb2c4", "action_type": "ERROR_CANDIDATE", "task_level": [1]}
{"optimizer": "BOCA", "message": "No unique candidate found.", "iteration": 25, "all_candidates": [], "timestamp": 1699138647.6336436, "task_uuid": "378de906-f43a-442a-84a4-2948eeafb2c4", "task_level": [2], "message_type": "ERROR"}
{"action_status": "succeeded", "timestamp": 1699138647.63371, "task_uuid": "378de906-f43a-442a-84a4-2948eeafb2c4", "action_type": "ERROR_CANDIDATE", "task_level": [3]}
{"action_status": "started", "timestamp": 1699138648.8540711, "task_uuid": "34f4ed58-08cc-4da4-b9f2-76723931a8d7", "action_type": "ERROR_CANDIDATE", "task_level": [1]}
{"optimizer": "BOCA", "message": "No unique candidate found.", "iteration": 26, "all_candidates": [], "timestamp": 1699138648.854205, "task_uuid": "34f4ed58-08cc-4da4-b9f2-76723931a8d7", "task_level": [2], "message_type": "ERROR"}
{"action_status": "succeeded", "timestamp": 1699138648.854259, "task_uuid": "34f4ed58-08cc-4da4-b9f2-76723931a8d7", "action_type": "ERROR_CANDIDATE", "task_level": [3]}
{"action_status": "started", "timestamp": 1699138650.0804446, "task_uuid": "3b83892e-3850-4fa7-8303-b514eb312dad", "action_type": "ERROR_CANDIDATE", "task_level": [1]}
{"optimizer": "BOCA", "message": "No unique candidate found.", "iteration": 27, "all_candidates": [], "timestamp": 1699138650.0805757, "task_uuid": "3b83892e-3850-4fa7-8303-b514eb312dad", "task_level": [2], "message_type": "ERROR"}
{"action_status": "succeeded", "timestamp": 1699138650.0806332, "task_uuid": "3b83892e-3850-4fa7-8303-b514eb312dad", "action_type": "ERROR_CANDIDATE", "task_level": [3]}
{"action_status": "started", "timestamp": 1699138651.317393, "task_uuid": "4d649325-a7b4-492c-95ba-b0c097313a51", "action_type": "ERROR_CANDIDATE", "task_level": [1]}
{"optimizer": "BOCA", "message": "No unique candidate found.", "iteration": 28, "all_candidates": [], "timestamp": 1699138651.3175094, "task_uuid": "4d649325-a7b4-492c-95ba-b0c097313a51", "task_level": [2], "message_type": "ERROR"}
{"action_status": "succeeded", "timestamp": 1699138651.3175633, "task_uuid": "4d649325-a7b4-492c-95ba-b0c097313a51", "action_type": "ERROR_CANDIDATE", "task_level": [3]}
{"action_status": "started", "timestamp": 1699138652.523621, "task_uuid": "c8b53066-289e-41f8-9b83-693a6413d983", "action_type": "ERROR_CANDIDATE", "task_level": [1]}
{"optimizer": "BOCA", "message": "No unique candidate found.", "iteration": 29, "all_candidates": [], "timestamp": 1699138652.523741, "task_uuid": "c8b53066-289e-41f8-9b83-693a6413d983", "task_level": [2], "message_type": "ERROR"}
{"action_status": "succeeded", "timestamp": 1699138652.5237951, "task_uuid": "c8b53066-289e-41f8-9b83-693a6413d983", "action_type": "ERROR_CANDIDATE", "task_level": [3]}
{"action_status": "started", "timestamp": 1699138653.819211, "task_uuid": "1ef60574-fa36-4011-a334-638c94f623cd", "action_type": "ERROR_CANDIDATE", "task_level": [1]}
{"optimizer": "BOCA", "message": "No unique candidate found.", "iteration": 30, "all_candidates": [], "timestamp": 1699138653.8193285, "task_uuid": "1ef60574-fa36-4011-a334-638c94f623cd", "task_level": [2], "message_type": "ERROR"}
{"action_status": "succeeded", "timestamp": 1699138653.8193839, "task_uuid": "1ef60574-fa36-4011-a334-638c94f623cd", "action_type": "ERROR_CANDIDATE", "task_level": [3]}
{"action_status": "started", "timestamp": 1699138655.053179, "task_uuid": "2f395842-8a66-4a6f-a38f-06be0c681004", "action_type": "ERROR_CANDIDATE", "task_level": [1]}
{"optimizer": "BOCA", "message": "No unique candidate found.", "iteration": 31, "all_candidates": [], "timestamp": 1699138655.053322, "task_uuid": "2f395842-8a66-4a6f-a38f-06be0c681004", "task_level": [2], "message_type": "ERROR"}
{"action_status": "succeeded", "timestamp": 1699138655.053378, "task_uuid": "2f395842-8a66-4a6f-a38f-06be0c681004", "action_type": "ERROR_CANDIDATE", "task_level": [3]}
{"action_status": "started", "timestamp": 1699138656.3020668, "task_uuid": "3fc2cfc4-2e1c-4fa4-9acb-47e41a37e04a", "action_type": "ERROR_CANDIDATE", "task_level": [1]}
{"optimizer": "BOCA", "message": "No unique candidate found.", "iteration": 32, "all_candidates": [], "timestamp": 1699138656.3022099, "task_uuid": "3fc2cfc4-2e1c-4fa4-9acb-47e41a37e04a", "task_level": [2], "message_type": "ERROR"}
{"action_status": "succeeded", "timestamp": 1699138656.302267, "task_uuid": "3fc2cfc4-2e1c-4fa4-9acb-47e41a37e04a", "action_type": "ERROR_CANDIDATE", "task_level": [3]}
{"action_status": "started", "timestamp": 1699138656.4712522, "task_uuid": "952ea22a-3c8a-4224-a776-47f756cae330", "action_type": "LOG_RESULTS", "task_level": [1]}
{"optimizer": "BOCA", "no": "0", "best_result": [["-O0", "-feager-blackholing", "-fexcess-precision", "-fmax-inline-memset-insns=32", "-fomit-interface-pragmas", "-fcmm-elim-common-blocks", "-fspecialise", "-fmax-worker-args=10", "-funfolding-fun-discount=60", "-fpedantic-bottoms", "-ffull-laziness", "-fcross-module-specialise"], 0.209], "run_allowance": 9950, "iterations": 33, "timestamp": 1699138656.4713387, "task_uuid": "952ea22a-3c8a-4224-a776-47f756cae330", "task_level": [2], "message_type": "INFO"}
{"action_status": "succeeded", "timestamp": 1699138656.47141, "task_uuid": "952ea22a-3c8a-4224-a776-47f756cae330", "action_type": "LOG_RESULTS", "task_level": [3]}
{"test_path": "spectral/sorting", "test_desc": "Final_DataCollect", "action_status": "started", "timestamp": 1699141499.643071, "task_uuid": "15da6af2-f442-42b7-85d6-b1312fa546ac", "action_type": "OPTIMIZER_CREATION", "task_level": [1]}
{"action_status": "started", "timestamp": 1699141499.6434655, "task_uuid": "15da6af2-f442-42b7-85d6-b1312fa546ac", "action_type": "LOG_RESULTS", "task_level": [2, 1]}
{"action_status": "succeeded", "timestamp": 1699141499.6502476, "task_uuid": "15da6af2-f442-42b7-85d6-b1312fa546ac", "action_type": "OPTIMIZER_CREATION", "task_level": [3]}
{"test_path": "spectral/sorting", "test_desc": "Final_DataCollect", "action_status": "started", "timestamp": 1699141999.5481758, "task_uuid": "b227ec80-7076-4fc8-9984-a0976831717b", "action_type": "OPTIMIZER_CREATION", "task_level": [1]}
{"action_status": "started", "timestamp": 1699141999.548581, "task_uuid": "b227ec80-7076-4fc8-9984-a0976831717b", "action_type": "LOG_RESULTS", "task_level": [2, 1]}
{"action_status": "succeeded", "timestamp": 1699141999.5553381, "task_uuid": "b227ec80-7076-4fc8-9984-a0976831717b", "action_type": "OPTIMIZER_CREATION", "task_level": [3]}
{"test_path": "spectral/sorting", "test_desc": "Final_DataCollect", "action_status": "started", "timestamp": 1699144762.8760707, "task_uuid": "72c21bf8-9fdf-44b0-8c0d-4adc6a8a4333", "action_type": "OPTIMIZER_CREATION", "task_level": [1]}
{"action_status": "started", "timestamp": 1699144762.876448, "task_uuid": "72c21bf8-9fdf-44b0-8c0d-4adc6a8a4333", "action_type": "LOG_RESULTS", "task_level": [2, 1]}
{"action_status": "succeeded", "timestamp": 1699144762.883115, "task_uuid": "72c21bf8-9fdf-44b0-8c0d-4adc6a8a4333", "action_type": "OPTIMIZER_CREATION", "task_level": [3]}
{"action_status": "started", "timestamp": 1699145998.2574549, "task_uuid": "27aecebb-41fa-4a90-b518-63e5cfb01660", "action_type": "LOG_RESULTS", "task_level": [1]}
{"optimizer": "BOCA", "no": "0", "best_result": [["-O0", "-fregs-graph", "-fdicts-cheap", "-fdicts-strict", "-fspec-constr-count=3", "-fvectorisation-avoidance", "-fmax-inline-memcpy-insns=32", "-fspec-constr-threshold=2000", "-fvectorise", "-funfolding-keeness-factor=1.5", "-foptimal-applicative-do", "-fmax-inline-memset-insns=32", "-fspecialise", "-fno-pre-inlining", "-fmax-worker-args=10", "-fno-state-hack", "-fliberate-case", "-ffull-laziness", "-funbox-strict-fields", "-fdmd-tx-dict-sel", "-fliberate-case-threshold=2000", "-fexcess-precision", "-fmax-inline-alloc-size=128", "-fdo-lambda-eta-expansion", "-fno-opt-coercion", "-funbox-small-strict-fields", "-funfolding-fun-discount=60", "-fregs-iterative", "-fpedantic-bottoms", "-fstrictness-before=1", "-fenable-rewrite-rules", "-fspec-constr", "-ffun-to-thunk", "-fcall-arity", "-fcmm-elim-common-blocks", "-O0", "-funfolding-use-threshold=60", "-fsimpl-tick-factor=100"], 0.206], "run_allowance": 9697, "iterations": 253, "timestamp": 1699145998.2576091, "task_uuid": "27aecebb-41fa-4a90-b518-63e5cfb01660", "task_level": [2], "message_type": "INFO"}
{"action_status": "succeeded", "timestamp": 1699145998.2577088, "task_uuid": "27aecebb-41fa-4a90-b518-63e5cfb01660", "action_type": "LOG_RESULTS", "task_level": [3]}
{"test_path": "spectral/sorting", "test_desc": "Final_DataCollect", "action_status": "started", "timestamp": 1699155882.6106122, "task_uuid": "47382e65-2696-4b0d-8c67-01748442e44d", "action_type": "OPTIMIZER_CREATION", "task_level": [1]}
{"action_status": "started", "timestamp": 1699155882.6109724, "task_uuid": "47382e65-2696-4b0d-8c67-01748442e44d", "action_type": "LOG_RESULTS", "task_level": [2, 1]}
{"action_status": "succeeded", "timestamp": 1699155882.6502671, "task_uuid": "47382e65-2696-4b0d-8c67-01748442e44d", "action_type": "OPTIMIZER_CREATION", "task_level": [3]}
{"action_status": "started", "timestamp": 1699159429.645305, "task_uuid": "c516179a-e930-43ab-9f8d-518bcf75a036", "action_type": "LOG_RESULTS", "task_level": [1]}
{"optimizer": "GA", "no": "0", "best_result": [["-fcall-arity", "-fcase-merge", "-fcmm-elim-common-blocks", "-fcmm-sink", "-fcpr-anal", "-fcse", "-fdicts-cheap", "-fdicts-strict", "-fdmd-tx-dict-sel", "-fdo-eta-reduction", "-fdo-lambda-eta-expansion", "-feager-blackholing", "-fenable-rewrite-rules", "-fexcess-precision", "-fexpose-all-unfoldings", "-ffloat-in", "-ffull-laziness", "-ffun-to-thunk", "-fignore-asserts", "-fignore-interface-pragmas", "-flate-dmd-anal", "-fliberate-case", "-fliberate-case-threshold=2000", "-floopification", "-fmax-inline-alloc-size=128", "-fmax-inline-memcpy-insns=32", "-fmax-inline-memset-insns=32", "-fmax-relevant-binds=6", "-fmax-simplifier-iterations=4", "-fmax-worker-args=10", "-fno-opt-coercion", "-fno-pre-inlining", "-fno-state-hack", "-fomit-interface-pragmas", "-fomit-yields", "-foptimal-applicative-do", "-fpedantic-bottoms", "-fregs-graph", "-fregs-iterative", "-fsimplifier-phases=2", "-fsimpl-tick-factor=100", "-fspec-constr", "-fspec-constr-count=3", "-fspec-constr-threshold=2000", "-fspecialise", "-fcross-module-specialise", "-fstatic-argument-transformation", "-fstrictness", "-fstrictness-before=1", "-funbox-small-strict-fields", "-funbox-strict-fields", "-funfolding-creation-threshold=750", "-funfolding-dict-discount=30", "-funfolding-fun-discount=60", "-funfolding-keeness-factor=1.5", "-funfolding-use-threshold=60", "-fvectorisation-avoidance", "-fvectorise", "-fworker-wrapper"], 0.218], "run_allowance": 7569, "iterations": 46, "timestamp": 1699159429.645556, "task_uuid": "c516179a-e930-43ab-9f8d-518bcf75a036", "task_level": [2], "message_type": "INFO"}
{"action_status": "succeeded", "timestamp": 1699159429.6456788, "task_uuid": "c516179a-e930-43ab-9f8d-518bcf75a036", "action_type": "LOG_RESULTS", "task_level": [3]}
