{"test_path": "spectral/sorting", "test_desc": "TryNewProgram", "action_status": "started", "timestamp": 1698863402.8580441, "task_uuid": "dc70b5cf-9c5a-4d97-907e-4f129edf40b7", "action_type": "OPTIMIZER_CREATION", "task_level": [1]}
{"action_status": "started", "timestamp": 1698863402.858505, "task_uuid": "dc70b5cf-9c5a-4d97-907e-4f129edf40b7", "action_type": "LOG_RESULTS", "task_level": [2, 1]}
{"action_status": "succeeded", "timestamp": 1698863402.8596966, "task_uuid": "dc70b5cf-9c5a-4d97-907e-4f129edf40b7", "action_type": "OPTIMIZER_CREATION", "task_level": [3]}
{"test_path": "spectral/sorting", "test_desc": "TryNewProgram", "action_status": "started", "timestamp": 1698864063.090261, "task_uuid": "4676f8d2-a058-477b-a995-7cb015238453", "action_type": "OPTIMIZER_CREATION", "task_level": [1]}
{"action_status": "started", "timestamp": 1698864063.0906422, "task_uuid": "4676f8d2-a058-477b-a995-7cb015238453", "action_type": "LOG_RESULTS", "task_level": [2, 1]}
{"action_status": "succeeded", "timestamp": 1698864063.0921447, "task_uuid": "4676f8d2-a058-477b-a995-7cb015238453", "action_type": "OPTIMIZER_CREATION", "task_level": [3]}
{"action_status": "started", "timestamp": 1698864592.986041, "task_uuid": "ee7663e0-5366-4ac7-8425-20d1dc4487a7", "action_type": "ERROR_CANDIDATE", "task_level": [1]}
{"optimizer": "BOCA", "message": "No unique candidate found.", "iteration": 160, "all_candidates": [], "timestamp": 1698864592.9863315, "task_uuid": "ee7663e0-5366-4ac7-8425-20d1dc4487a7", "task_level": [2], "message_type": "ERROR"}
{"action_status": "succeeded", "timestamp": 1698864592.9864016, "task_uuid": "ee7663e0-5366-4ac7-8425-20d1dc4487a7", "action_type": "ERROR_CANDIDATE", "task_level": [3]}
{"action_status": "started", "timestamp": 1698864595.9898796, "task_uuid": "b8305755-15cb-40a8-ac3a-07e307f4d6ad", "action_type": "ERROR_CANDIDATE", "task_level": [1]}
{"optimizer": "BOCA", "message": "No unique candidate found.", "iteration": 161, "all_candidates": [], "timestamp": 1698864595.9899957, "task_uuid": "b8305755-15cb-40a8-ac3a-07e307f4d6ad", "task_level": [2], "message_type": "ERROR"}
{"action_status": "succeeded", "timestamp": 1698864595.9900553, "task_uuid": "b8305755-15cb-40a8-ac3a-07e307f4d6ad", "action_type": "ERROR_CANDIDATE", "task_level": [3]}
{"action_status": "started", "timestamp": 1698864599.0224712, "task_uuid": "1beeb23b-951b-4eca-b5ec-ff40bba67117", "action_type": "ERROR_CANDIDATE", "task_level": [1]}
{"optimizer": "BOCA", "message": "No unique candidate found.", "iteration": 162, "all_candidates": [], "timestamp": 1698864599.0235157, "task_uuid": "1beeb23b-951b-4eca-b5ec-ff40bba67117", "task_level": [2], "message_type": "ERROR"}
{"action_status": "succeeded", "timestamp": 1698864599.0236037, "task_uuid": "1beeb23b-951b-4eca-b5ec-ff40bba67117", "action_type": "ERROR_CANDIDATE", "task_level": [3]}
{"action_status": "started", "timestamp": 1698864601.9702513, "task_uuid": "a3358fa1-186f-4eca-96bc-727f88c20b77", "action_type": "ERROR_CANDIDATE", "task_level": [1]}
{"optimizer": "BOCA", "message": "No unique candidate found.", "iteration": 163, "all_candidates": [], "timestamp": 1698864601.9704084, "task_uuid": "a3358fa1-186f-4eca-96bc-727f88c20b77", "task_level": [2], "message_type": "ERROR"}
{"action_status": "succeeded", "timestamp": 1698864601.9704711, "task_uuid": "a3358fa1-186f-4eca-96bc-727f88c20b77", "action_type": "ERROR_CANDIDATE", "task_level": [3]}
{"action_status": "started", "timestamp": 1698864604.9124181, "task_uuid": "89282df3-cb51-41c6-8897-91eff96fa85b", "action_type": "ERROR_CANDIDATE", "task_level": [1]}
{"optimizer": "BOCA", "message": "No unique candidate found.", "iteration": 164, "all_candidates": [], "timestamp": 1698864604.912553, "task_uuid": "89282df3-cb51-41c6-8897-91eff96fa85b", "task_level": [2], "message_type": "ERROR"}
{"action_status": "succeeded", "timestamp": 1698864604.9126122, "task_uuid": "89282df3-cb51-41c6-8897-91eff96fa85b", "action_type": "ERROR_CANDIDATE", "task_level": [3]}
{"action_status": "started", "timestamp": 1698864607.904828, "task_uuid": "d561a1ae-9006-4d3c-ae78-dff8a09502fe", "action_type": "ERROR_CANDIDATE", "task_level": [1]}
{"optimizer": "BOCA", "message": "No unique candidate found.", "iteration": 165, "all_candidates": [], "timestamp": 1698864607.9049911, "task_uuid": "d561a1ae-9006-4d3c-ae78-dff8a09502fe", "task_level": [2], "message_type": "ERROR"}
{"action_status": "succeeded", "timestamp": 1698864607.9050531, "task_uuid": "d561a1ae-9006-4d3c-ae78-dff8a09502fe", "action_type": "ERROR_CANDIDATE", "task_level": [3]}
{"action_status": "started", "timestamp": 1698864610.8838518, "task_uuid": "eb4654fb-35af-4338-876c-52493e56a7ef", "action_type": "ERROR_CANDIDATE", "task_level": [1]}
{"optimizer": "BOCA", "message": "No unique candidate found.", "iteration": 166, "all_candidates": [], "timestamp": 1698864610.8839781, "task_uuid": "eb4654fb-35af-4338-876c-52493e56a7ef", "task_level": [2], "message_type": "ERROR"}
{"action_status": "succeeded", "timestamp": 1698864610.884037, "task_uuid": "eb4654fb-35af-4338-876c-52493e56a7ef", "action_type": "ERROR_CANDIDATE", "task_level": [3]}
{"action_status": "started", "timestamp": 1698864613.8241367, "task_uuid": "fd8ab042-7cfd-4717-b588-0c8416afc489", "action_type": "ERROR_CANDIDATE", "task_level": [1]}
{"optimizer": "BOCA", "message": "No unique candidate found.", "iteration": 167, "all_candidates": [], "timestamp": 1698864613.8242683, "task_uuid": "fd8ab042-7cfd-4717-b588-0c8416afc489", "task_level": [2], "message_type": "ERROR"}
{"action_status": "succeeded", "timestamp": 1698864613.8243275, "task_uuid": "fd8ab042-7cfd-4717-b588-0c8416afc489", "action_type": "ERROR_CANDIDATE", "task_level": [3]}
{"action_status": "started", "timestamp": 1698864616.7696967, "task_uuid": "00767090-d452-4d41-8dd1-5421f14032d0", "action_type": "ERROR_CANDIDATE", "task_level": [1]}
{"optimizer": "BOCA", "message": "No unique candidate found.", "iteration": 168, "all_candidates": [], "timestamp": 1698864616.7698243, "task_uuid": "00767090-d452-4d41-8dd1-5421f14032d0", "task_level": [2], "message_type": "ERROR"}
{"action_status": "succeeded", "timestamp": 1698864616.7698846, "task_uuid": "00767090-d452-4d41-8dd1-5421f14032d0", "action_type": "ERROR_CANDIDATE", "task_level": [3]}
{"action_status": "started", "timestamp": 1698864619.7156804, "task_uuid": "a1fc7f8c-113d-4d00-ad23-a0800b730df7", "action_type": "ERROR_CANDIDATE", "task_level": [1]}
{"optimizer": "BOCA", "message": "No unique candidate found.", "iteration": 169, "all_candidates": [], "timestamp": 1698864619.7158108, "task_uuid": "a1fc7f8c-113d-4d00-ad23-a0800b730df7", "task_level": [2], "message_type": "ERROR"}
{"action_status": "succeeded", "timestamp": 1698864619.7158706, "task_uuid": "a1fc7f8c-113d-4d00-ad23-a0800b730df7", "action_type": "ERROR_CANDIDATE", "task_level": [3]}
{"action_status": "started", "timestamp": 1698864620.1029978, "task_uuid": "5be5b366-edaa-4aa5-8590-c06e317ee5e9", "action_type": "LOG_RESULTS", "task_level": [1]}
{"optimizer": "BOCA", "no": "0", "best_result": [["-O0", "-funbox-strict-fields", "-fstatic-argument-transformation", "-ffull-laziness", "-fcse", "-foptimal-applicative-do", "-fomit-interface-pragmas", "-fdo-eta-reduction", "-fspec-constr-count=3", "-ffloat-in", "-fvectorisation-avoidance", "-fregs-graph", "-fomit-yields", "-fspecialise", "-funbox-small-strict-fields", "-fenable-rewrite-rules", "-floopification", "-fstrictness-before=1", "-fdmd-tx-dict-sel", "-fmax-inline-alloc-size=128", "-fsimpl-tick-factor=100", "-fliberate-case-threshold=2000", "-funfolding-fun-discount=60", "-fdicts-strict", "-fcase-merge", "-fvectorise", "-fignore-asserts", "-feager-blackholing", "-fexpose-all-unfoldings", "-fcmm-elim-common-blocks", "-fpedantic-bottoms", "-fcall-arity", "-fdo-lambda-eta-expansion", "-fliberate-case", "-fmax-worker-args=10", "-fstrictness", "-fspec-constr-threshold=2000", "-funfolding-keeness-factor=1.5", "-fmax-inline-memset-insns=32", "-fmax-simplifier-iterations=4", "-O0"], 0.209], "run_allowance": 334, "iterations": 0, "timestamp": 1698864620.1031134, "task_uuid": "5be5b366-edaa-4aa5-8590-c06e317ee5e9", "task_level": [2], "message_type": "INFO"}
{"action_status": "succeeded", "timestamp": 1698864620.1032078, "task_uuid": "5be5b366-edaa-4aa5-8590-c06e317ee5e9", "action_type": "LOG_RESULTS", "task_level": [3]}
{"test_path": "spectral/sorting", "test_desc": "TryNewProgram", "action_status": "started", "timestamp": 1698875526.05403, "task_uuid": "0f69e07d-31be-4a1b-96e6-a68b9354f341", "action_type": "OPTIMIZER_CREATION", "task_level": [1]}
{"action_status": "started", "timestamp": 1698875526.0544422, "task_uuid": "0f69e07d-31be-4a1b-96e6-a68b9354f341", "action_type": "LOG_RESULTS", "task_level": [2, 1]}
{"action_status": "succeeded", "timestamp": 1698875526.1233788, "task_uuid": "0f69e07d-31be-4a1b-96e6-a68b9354f341", "action_type": "OPTIMIZER_CREATION", "task_level": [3]}
{"action_status": "started", "timestamp": 1698876300.581127, "task_uuid": "3609b457-2db1-4936-8afa-8132edb796c7", "action_type": "LOG_RESULTS", "task_level": [1]}
{"optimizer": "GA", "no": "0", "best_result": [["-fcall-arity", "-fcase-merge", "-fcmm-elim-common-blocks", "-fcmm-sink", "-fcpr-anal", "-fcse", "-fdicts-cheap", "-fdicts-strict", "-fdmd-tx-dict-sel", "-fdo-eta-reduction", "-fdo-lambda-eta-expansion", "-feager-blackholing", "-fenable-rewrite-rules", "-fexcess-precision", "-fexpose-all-unfoldings", "-ffloat-in", "-ffull-laziness", "-ffun-to-thunk", "-fignore-asserts", "-fignore-interface-pragmas", "-flate-dmd-anal", "-fliberate-case", "-fliberate-case-threshold=2000", "-floopification", "-fmax-inline-alloc-size=128", "-fmax-inline-memcpy-insns=32", "-fmax-inline-memset-insns=32", "-fmax-relevant-binds=6", "-fmax-simplifier-iterations=4", "-fmax-worker-args=10", "-fno-opt-coercion", "-fno-pre-inlining", "-fno-state-hack", "-fomit-interface-pragmas", "-fomit-yields", "-foptimal-applicative-do", "-fpedantic-bottoms", "-fregs-graph", "-fregs-iterative", "-fsimplifier-phases=2", "-fsimpl-tick-factor=100", "-fspec-constr", "-fspec-constr-count=3", "-fspec-constr-threshold=2000", "-fspecialise", "-fcross-module-specialise", "-fstatic-argument-transformation", "-fstrictness", "-fstrictness-before=1", "-funbox-small-strict-fields", "-funbox-strict-fields", "-funfolding-creation-threshold=750", "-funfolding-dict-discount=30", "-funfolding-fun-discount=60", "-funfolding-keeness-factor=1.5", "-funfolding-use-threshold=60", "-fvectorisation-avoidance", "-fvectorise", "-fworker-wrapper"], 0.215], "run_allowance": -32, "iterations": 0, "timestamp": 1698876300.581343, "task_uuid": "3609b457-2db1-4936-8afa-8132edb796c7", "task_level": [2], "message_type": "INFO"}
{"action_status": "succeeded", "timestamp": 1698876300.581441, "task_uuid": "3609b457-2db1-4936-8afa-8132edb796c7", "action_type": "LOG_RESULTS", "task_level": [3]}
