{"test_path": "spectral/sorting", "test_desc": "Boca_rerun", "action_status": "started", "timestamp": 1698710897.4274955, "task_uuid": "07993d1f-0c8d-4aa7-ab0a-8a4b60d064c8", "action_type": "OPTIMIZER_CREATION", "task_level": [1]}
{"action_status": "started", "timestamp": 1698710897.4279134, "task_uuid": "07993d1f-0c8d-4aa7-ab0a-8a4b60d064c8", "action_type": "LOG_RESULTS", "task_level": [2, 1]}
{"action_status": "succeeded", "timestamp": 1698710897.429469, "task_uuid": "07993d1f-0c8d-4aa7-ab0a-8a4b60d064c8", "action_type": "OPTIMIZER_CREATION", "task_level": [3]}
{"test_path": "spectral/sorting", "test_desc": "Boca_rerun", "action_status": "started", "timestamp": 1698710897.4296286, "task_uuid": "29a8433a-3f4f-4a69-927b-320253462a83", "action_type": "OPTIMIZER_CREATION", "task_level": [1]}
{"action_status": "started", "timestamp": 1698710897.4298067, "task_uuid": "29a8433a-3f4f-4a69-927b-320253462a83", "action_type": "LOG_RESULTS", "task_level": [2, 1]}
{"action_status": "started", "timestamp": 1698710897.4298067, "task_uuid": "29a8433a-3f4f-4a69-927b-320253462a83", "action_type": "LOG_RESULTS", "task_level": [2, 1]}
{"action_status": "succeeded", "timestamp": 1698710897.43133, "task_uuid": "29a8433a-3f4f-4a69-927b-320253462a83", "action_type": "OPTIMIZER_CREATION", "task_level": [3]}
{"action_status": "succeeded", "timestamp": 1698710897.43133, "task_uuid": "29a8433a-3f4f-4a69-927b-320253462a83", "action_type": "OPTIMIZER_CREATION", "task_level": [3]}
{"test_path": "spectral/sorting", "test_desc": "Boca_rerun", "action_status": "started", "timestamp": 1698710897.4315193, "task_uuid": "4568162c-121e-4ee0-8760-663b08deac0d", "action_type": "OPTIMIZER_CREATION", "task_level": [1]}
{"test_path": "spectral/sorting", "test_desc": "Boca_rerun", "action_status": "started", "timestamp": 1698710897.4315193, "task_uuid": "4568162c-121e-4ee0-8760-663b08deac0d", "action_type": "OPTIMIZER_CREATION", "task_level": [1]}
{"action_status": "started", "timestamp": 1698710897.4317462, "task_uuid": "4568162c-121e-4ee0-8760-663b08deac0d", "action_type": "LOG_RESULTS", "task_level": [2, 1]}
{"action_status": "started", "timestamp": 1698710897.4317462, "task_uuid": "4568162c-121e-4ee0-8760-663b08deac0d", "action_type": "LOG_RESULTS", "task_level": [2, 1]}
{"action_status": "started", "timestamp": 1698710897.4317462, "task_uuid": "4568162c-121e-4ee0-8760-663b08deac0d", "action_type": "LOG_RESULTS", "task_level": [2, 1]}
{"action_status": "succeeded", "timestamp": 1698710897.4330926, "task_uuid": "4568162c-121e-4ee0-8760-663b08deac0d", "action_type": "OPTIMIZER_CREATION", "task_level": [3]}
{"action_status": "succeeded", "timestamp": 1698710897.4330926, "task_uuid": "4568162c-121e-4ee0-8760-663b08deac0d", "action_type": "OPTIMIZER_CREATION", "task_level": [3]}
{"action_status": "succeeded", "timestamp": 1698710897.4330926, "task_uuid": "4568162c-121e-4ee0-8760-663b08deac0d", "action_type": "OPTIMIZER_CREATION", "task_level": [3]}
{"test_path": "spectral/sorting", "test_desc": "Boca_rerun", "action_status": "started", "timestamp": 1698710897.4333043, "task_uuid": "ecbddd85-7704-42b7-9d28-74f0b9cccbeb", "action_type": "OPTIMIZER_CREATION", "task_level": [1]}
{"test_path": "spectral/sorting", "test_desc": "Boca_rerun", "action_status": "started", "timestamp": 1698710897.4333043, "task_uuid": "ecbddd85-7704-42b7-9d28-74f0b9cccbeb", "action_type": "OPTIMIZER_CREATION", "task_level": [1]}
{"test_path": "spectral/sorting", "test_desc": "Boca_rerun", "action_status": "started", "timestamp": 1698710897.4333043, "task_uuid": "ecbddd85-7704-42b7-9d28-74f0b9cccbeb", "action_type": "OPTIMIZER_CREATION", "task_level": [1]}
{"action_status": "started", "timestamp": 1698710897.4335284, "task_uuid": "ecbddd85-7704-42b7-9d28-74f0b9cccbeb", "action_type": "LOG_RESULTS", "task_level": [2, 1]}
{"action_status": "started", "timestamp": 1698710897.4335284, "task_uuid": "ecbddd85-7704-42b7-9d28-74f0b9cccbeb", "action_type": "LOG_RESULTS", "task_level": [2, 1]}
{"action_status": "started", "timestamp": 1698710897.4335284, "task_uuid": "ecbddd85-7704-42b7-9d28-74f0b9cccbeb", "action_type": "LOG_RESULTS", "task_level": [2, 1]}
{"action_status": "started", "timestamp": 1698710897.4335284, "task_uuid": "ecbddd85-7704-42b7-9d28-74f0b9cccbeb", "action_type": "LOG_RESULTS", "task_level": [2, 1]}
{"action_status": "succeeded", "timestamp": 1698710897.43505, "task_uuid": "ecbddd85-7704-42b7-9d28-74f0b9cccbeb", "action_type": "OPTIMIZER_CREATION", "task_level": [3]}
{"action_status": "succeeded", "timestamp": 1698710897.43505, "task_uuid": "ecbddd85-7704-42b7-9d28-74f0b9cccbeb", "action_type": "OPTIMIZER_CREATION", "task_level": [3]}
{"action_status": "succeeded", "timestamp": 1698710897.43505, "task_uuid": "ecbddd85-7704-42b7-9d28-74f0b9cccbeb", "action_type": "OPTIMIZER_CREATION", "task_level": [3]}
{"action_status": "succeeded", "timestamp": 1698710897.43505, "task_uuid": "ecbddd85-7704-42b7-9d28-74f0b9cccbeb", "action_type": "OPTIMIZER_CREATION", "task_level": [3]}
{"test_path": "spectral/sorting", "test_desc": "Boca_rerun", "action_status": "started", "timestamp": 1698710897.4352863, "task_uuid": "efd6898e-ebe0-4d8b-ab0e-ebdc6c6f49df", "action_type": "OPTIMIZER_CREATION", "task_level": [1]}
{"test_path": "spectral/sorting", "test_desc": "Boca_rerun", "action_status": "started", "timestamp": 1698710897.4352863, "task_uuid": "efd6898e-ebe0-4d8b-ab0e-ebdc6c6f49df", "action_type": "OPTIMIZER_CREATION", "task_level": [1]}
{"test_path": "spectral/sorting", "test_desc": "Boca_rerun", "action_status": "started", "timestamp": 1698710897.4352863, "task_uuid": "efd6898e-ebe0-4d8b-ab0e-ebdc6c6f49df", "action_type": "OPTIMIZER_CREATION", "task_level": [1]}
{"test_path": "spectral/sorting", "test_desc": "Boca_rerun", "action_status": "started", "timestamp": 1698710897.4352863, "task_uuid": "efd6898e-ebe0-4d8b-ab0e-ebdc6c6f49df", "action_type": "OPTIMIZER_CREATION", "task_level": [1]}
{"action_status": "started", "timestamp": 1698710897.435533, "task_uuid": "efd6898e-ebe0-4d8b-ab0e-ebdc6c6f49df", "action_type": "LOG_RESULTS", "task_level": [2, 1]}
{"action_status": "started", "timestamp": 1698710897.435533, "task_uuid": "efd6898e-ebe0-4d8b-ab0e-ebdc6c6f49df", "action_type": "LOG_RESULTS", "task_level": [2, 1]}
{"action_status": "started", "timestamp": 1698710897.435533, "task_uuid": "efd6898e-ebe0-4d8b-ab0e-ebdc6c6f49df", "action_type": "LOG_RESULTS", "task_level": [2, 1]}
{"action_status": "started", "timestamp": 1698710897.435533, "task_uuid": "efd6898e-ebe0-4d8b-ab0e-ebdc6c6f49df", "action_type": "LOG_RESULTS", "task_level": [2, 1]}
{"action_status": "started", "timestamp": 1698710897.435533, "task_uuid": "efd6898e-ebe0-4d8b-ab0e-ebdc6c6f49df", "action_type": "LOG_RESULTS", "task_level": [2, 1]}
{"action_status": "succeeded", "timestamp": 1698710897.437069, "task_uuid": "efd6898e-ebe0-4d8b-ab0e-ebdc6c6f49df", "action_type": "OPTIMIZER_CREATION", "task_level": [3]}
{"action_status": "succeeded", "timestamp": 1698710897.437069, "task_uuid": "efd6898e-ebe0-4d8b-ab0e-ebdc6c6f49df", "action_type": "OPTIMIZER_CREATION", "task_level": [3]}
{"action_status": "succeeded", "timestamp": 1698710897.437069, "task_uuid": "efd6898e-ebe0-4d8b-ab0e-ebdc6c6f49df", "action_type": "OPTIMIZER_CREATION", "task_level": [3]}
{"action_status": "succeeded", "timestamp": 1698710897.437069, "task_uuid": "efd6898e-ebe0-4d8b-ab0e-ebdc6c6f49df", "action_type": "OPTIMIZER_CREATION", "task_level": [3]}
{"action_status": "succeeded", "timestamp": 1698710897.437069, "task_uuid": "efd6898e-ebe0-4d8b-ab0e-ebdc6c6f49df", "action_type": "OPTIMIZER_CREATION", "task_level": [3]}
{"test_path": "spectral/sorting", "test_desc": "Boca_rerun", "action_status": "started", "timestamp": 1698710897.4373236, "task_uuid": "351067ed-2b8f-40f3-8083-c97b28927e8c", "action_type": "OPTIMIZER_CREATION", "task_level": [1]}
{"test_path": "spectral/sorting", "test_desc": "Boca_rerun", "action_status": "started", "timestamp": 1698710897.4373236, "task_uuid": "351067ed-2b8f-40f3-8083-c97b28927e8c", "action_type": "OPTIMIZER_CREATION", "task_level": [1]}
{"test_path": "spectral/sorting", "test_desc": "Boca_rerun", "action_status": "started", "timestamp": 1698710897.4373236, "task_uuid": "351067ed-2b8f-40f3-8083-c97b28927e8c", "action_type": "OPTIMIZER_CREATION", "task_level": [1]}
{"test_path": "spectral/sorting", "test_desc": "Boca_rerun", "action_status": "started", "timestamp": 1698710897.4373236, "task_uuid": "351067ed-2b8f-40f3-8083-c97b28927e8c", "action_type": "OPTIMIZER_CREATION", "task_level": [1]}
{"test_path": "spectral/sorting", "test_desc": "Boca_rerun", "action_status": "started", "timestamp": 1698710897.4373236, "task_uuid": "351067ed-2b8f-40f3-8083-c97b28927e8c", "action_type": "OPTIMIZER_CREATION", "task_level": [1]}
{"action_status": "started", "timestamp": 1698710897.437608, "task_uuid": "351067ed-2b8f-40f3-8083-c97b28927e8c", "action_type": "LOG_RESULTS", "task_level": [2, 1]}
{"action_status": "started", "timestamp": 1698710897.437608, "task_uuid": "351067ed-2b8f-40f3-8083-c97b28927e8c", "action_type": "LOG_RESULTS", "task_level": [2, 1]}
{"action_status": "started", "timestamp": 1698710897.437608, "task_uuid": "351067ed-2b8f-40f3-8083-c97b28927e8c", "action_type": "LOG_RESULTS", "task_level": [2, 1]}
{"action_status": "started", "timestamp": 1698710897.437608, "task_uuid": "351067ed-2b8f-40f3-8083-c97b28927e8c", "action_type": "LOG_RESULTS", "task_level": [2, 1]}
{"action_status": "started", "timestamp": 1698710897.437608, "task_uuid": "351067ed-2b8f-40f3-8083-c97b28927e8c", "action_type": "LOG_RESULTS", "task_level": [2, 1]}
{"action_status": "started", "timestamp": 1698710897.437608, "task_uuid": "351067ed-2b8f-40f3-8083-c97b28927e8c", "action_type": "LOG_RESULTS", "task_level": [2, 1]}
{"action_status": "succeeded", "timestamp": 1698710897.439297, "task_uuid": "351067ed-2b8f-40f3-8083-c97b28927e8c", "action_type": "OPTIMIZER_CREATION", "task_level": [3]}
{"action_status": "succeeded", "timestamp": 1698710897.439297, "task_uuid": "351067ed-2b8f-40f3-8083-c97b28927e8c", "action_type": "OPTIMIZER_CREATION", "task_level": [3]}
{"action_status": "succeeded", "timestamp": 1698710897.439297, "task_uuid": "351067ed-2b8f-40f3-8083-c97b28927e8c", "action_type": "OPTIMIZER_CREATION", "task_level": [3]}
{"action_status": "succeeded", "timestamp": 1698710897.439297, "task_uuid": "351067ed-2b8f-40f3-8083-c97b28927e8c", "action_type": "OPTIMIZER_CREATION", "task_level": [3]}
{"action_status": "succeeded", "timestamp": 1698710897.439297, "task_uuid": "351067ed-2b8f-40f3-8083-c97b28927e8c", "action_type": "OPTIMIZER_CREATION", "task_level": [3]}
{"action_status": "succeeded", "timestamp": 1698710897.439297, "task_uuid": "351067ed-2b8f-40f3-8083-c97b28927e8c", "action_type": "OPTIMIZER_CREATION", "task_level": [3]}
{"test_path": "spectral/sorting", "test_desc": "Boca_rerun", "action_status": "started", "timestamp": 1698710897.439591, "task_uuid": "5dceb3e5-bfb8-4d62-ac6d-00b0918d0f91", "action_type": "OPTIMIZER_CREATION", "task_level": [1]}
{"test_path": "spectral/sorting", "test_desc": "Boca_rerun", "action_status": "started", "timestamp": 1698710897.439591, "task_uuid": "5dceb3e5-bfb8-4d62-ac6d-00b0918d0f91", "action_type": "OPTIMIZER_CREATION", "task_level": [1]}
{"test_path": "spectral/sorting", "test_desc": "Boca_rerun", "action_status": "started", "timestamp": 1698710897.439591, "task_uuid": "5dceb3e5-bfb8-4d62-ac6d-00b0918d0f91", "action_type": "OPTIMIZER_CREATION", "task_level": [1]}
{"test_path": "spectral/sorting", "test_desc": "Boca_rerun", "action_status": "started", "timestamp": 1698710897.439591, "task_uuid": "5dceb3e5-bfb8-4d62-ac6d-00b0918d0f91", "action_type": "OPTIMIZER_CREATION", "task_level": [1]}
{"test_path": "spectral/sorting", "test_desc": "Boca_rerun", "action_status": "started", "timestamp": 1698710897.439591, "task_uuid": "5dceb3e5-bfb8-4d62-ac6d-00b0918d0f91", "action_type": "OPTIMIZER_CREATION", "task_level": [1]}
{"test_path": "spectral/sorting", "test_desc": "Boca_rerun", "action_status": "started", "timestamp": 1698710897.439591, "task_uuid": "5dceb3e5-bfb8-4d62-ac6d-00b0918d0f91", "action_type": "OPTIMIZER_CREATION", "task_level": [1]}
{"action_status": "started", "timestamp": 1698710897.4399002, "task_uuid": "5dceb3e5-bfb8-4d62-ac6d-00b0918d0f91", "action_type": "LOG_RESULTS", "task_level": [2, 1]}
{"action_status": "started", "timestamp": 1698710897.4399002, "task_uuid": "5dceb3e5-bfb8-4d62-ac6d-00b0918d0f91", "action_type": "LOG_RESULTS", "task_level": [2, 1]}
{"action_status": "started", "timestamp": 1698710897.4399002, "task_uuid": "5dceb3e5-bfb8-4d62-ac6d-00b0918d0f91", "action_type": "LOG_RESULTS", "task_level": [2, 1]}
{"action_status": "started", "timestamp": 1698710897.4399002, "task_uuid": "5dceb3e5-bfb8-4d62-ac6d-00b0918d0f91", "action_type": "LOG_RESULTS", "task_level": [2, 1]}
{"action_status": "started", "timestamp": 1698710897.4399002, "task_uuid": "5dceb3e5-bfb8-4d62-ac6d-00b0918d0f91", "action_type": "LOG_RESULTS", "task_level": [2, 1]}
{"action_status": "started", "timestamp": 1698710897.4399002, "task_uuid": "5dceb3e5-bfb8-4d62-ac6d-00b0918d0f91", "action_type": "LOG_RESULTS", "task_level": [2, 1]}
{"action_status": "started", "timestamp": 1698710897.4399002, "task_uuid": "5dceb3e5-bfb8-4d62-ac6d-00b0918d0f91", "action_type": "LOG_RESULTS", "task_level": [2, 1]}
{"action_status": "succeeded", "timestamp": 1698710897.4416013, "task_uuid": "5dceb3e5-bfb8-4d62-ac6d-00b0918d0f91", "action_type": "OPTIMIZER_CREATION", "task_level": [3]}
{"action_status": "succeeded", "timestamp": 1698710897.4416013, "task_uuid": "5dceb3e5-bfb8-4d62-ac6d-00b0918d0f91", "action_type": "OPTIMIZER_CREATION", "task_level": [3]}
{"action_status": "succeeded", "timestamp": 1698710897.4416013, "task_uuid": "5dceb3e5-bfb8-4d62-ac6d-00b0918d0f91", "action_type": "OPTIMIZER_CREATION", "task_level": [3]}
{"action_status": "succeeded", "timestamp": 1698710897.4416013, "task_uuid": "5dceb3e5-bfb8-4d62-ac6d-00b0918d0f91", "action_type": "OPTIMIZER_CREATION", "task_level": [3]}
{"action_status": "succeeded", "timestamp": 1698710897.4416013, "task_uuid": "5dceb3e5-bfb8-4d62-ac6d-00b0918d0f91", "action_type": "OPTIMIZER_CREATION", "task_level": [3]}
{"action_status": "succeeded", "timestamp": 1698710897.4416013, "task_uuid": "5dceb3e5-bfb8-4d62-ac6d-00b0918d0f91", "action_type": "OPTIMIZER_CREATION", "task_level": [3]}
{"action_status": "succeeded", "timestamp": 1698710897.4416013, "task_uuid": "5dceb3e5-bfb8-4d62-ac6d-00b0918d0f91", "action_type": "OPTIMIZER_CREATION", "task_level": [3]}
{"test_path": "spectral/sorting", "test_desc": "Boca_rerun", "action_status": "started", "timestamp": 1698710897.441904, "task_uuid": "367dbaa7-cf52-4b1f-9ec6-6650e7715598", "action_type": "OPTIMIZER_CREATION", "task_level": [1]}
{"test_path": "spectral/sorting", "test_desc": "Boca_rerun", "action_status": "started", "timestamp": 1698710897.441904, "task_uuid": "367dbaa7-cf52-4b1f-9ec6-6650e7715598", "action_type": "OPTIMIZER_CREATION", "task_level": [1]}
{"test_path": "spectral/sorting", "test_desc": "Boca_rerun", "action_status": "started", "timestamp": 1698710897.441904, "task_uuid": "367dbaa7-cf52-4b1f-9ec6-6650e7715598", "action_type": "OPTIMIZER_CREATION", "task_level": [1]}
{"test_path": "spectral/sorting", "test_desc": "Boca_rerun", "action_status": "started", "timestamp": 1698710897.441904, "task_uuid": "367dbaa7-cf52-4b1f-9ec6-6650e7715598", "action_type": "OPTIMIZER_CREATION", "task_level": [1]}
{"test_path": "spectral/sorting", "test_desc": "Boca_rerun", "action_status": "started", "timestamp": 1698710897.441904, "task_uuid": "367dbaa7-cf52-4b1f-9ec6-6650e7715598", "action_type": "OPTIMIZER_CREATION", "task_level": [1]}
{"test_path": "spectral/sorting", "test_desc": "Boca_rerun", "action_status": "started", "timestamp": 1698710897.441904, "task_uuid": "367dbaa7-cf52-4b1f-9ec6-6650e7715598", "action_type": "OPTIMIZER_CREATION", "task_level": [1]}
{"test_path": "spectral/sorting", "test_desc": "Boca_rerun", "action_status": "started", "timestamp": 1698710897.441904, "task_uuid": "367dbaa7-cf52-4b1f-9ec6-6650e7715598", "action_type": "OPTIMIZER_CREATION", "task_level": [1]}
{"action_status": "started", "timestamp": 1698710897.4422536, "task_uuid": "367dbaa7-cf52-4b1f-9ec6-6650e7715598", "action_type": "LOG_RESULTS", "task_level": [2, 1]}
{"action_status": "started", "timestamp": 1698710897.4422536, "task_uuid": "367dbaa7-cf52-4b1f-9ec6-6650e7715598", "action_type": "LOG_RESULTS", "task_level": [2, 1]}
{"action_status": "started", "timestamp": 1698710897.4422536, "task_uuid": "367dbaa7-cf52-4b1f-9ec6-6650e7715598", "action_type": "LOG_RESULTS", "task_level": [2, 1]}
{"action_status": "started", "timestamp": 1698710897.4422536, "task_uuid": "367dbaa7-cf52-4b1f-9ec6-6650e7715598", "action_type": "LOG_RESULTS", "task_level": [2, 1]}
{"action_status": "started", "timestamp": 1698710897.4422536, "task_uuid": "367dbaa7-cf52-4b1f-9ec6-6650e7715598", "action_type": "LOG_RESULTS", "task_level": [2, 1]}
{"action_status": "started", "timestamp": 1698710897.4422536, "task_uuid": "367dbaa7-cf52-4b1f-9ec6-6650e7715598", "action_type": "LOG_RESULTS", "task_level": [2, 1]}
{"action_status": "started", "timestamp": 1698710897.4422536, "task_uuid": "367dbaa7-cf52-4b1f-9ec6-6650e7715598", "action_type": "LOG_RESULTS", "task_level": [2, 1]}
{"action_status": "started", "timestamp": 1698710897.4422536, "task_uuid": "367dbaa7-cf52-4b1f-9ec6-6650e7715598", "action_type": "LOG_RESULTS", "task_level": [2, 1]}
{"action_status": "succeeded", "timestamp": 1698710897.443964, "task_uuid": "367dbaa7-cf52-4b1f-9ec6-6650e7715598", "action_type": "OPTIMIZER_CREATION", "task_level": [3]}
{"action_status": "succeeded", "timestamp": 1698710897.443964, "task_uuid": "367dbaa7-cf52-4b1f-9ec6-6650e7715598", "action_type": "OPTIMIZER_CREATION", "task_level": [3]}
{"action_status": "succeeded", "timestamp": 1698710897.443964, "task_uuid": "367dbaa7-cf52-4b1f-9ec6-6650e7715598", "action_type": "OPTIMIZER_CREATION", "task_level": [3]}
{"action_status": "succeeded", "timestamp": 1698710897.443964, "task_uuid": "367dbaa7-cf52-4b1f-9ec6-6650e7715598", "action_type": "OPTIMIZER_CREATION", "task_level": [3]}
{"action_status": "succeeded", "timestamp": 1698710897.443964, "task_uuid": "367dbaa7-cf52-4b1f-9ec6-6650e7715598", "action_type": "OPTIMIZER_CREATION", "task_level": [3]}
{"action_status": "succeeded", "timestamp": 1698710897.443964, "task_uuid": "367dbaa7-cf52-4b1f-9ec6-6650e7715598", "action_type": "OPTIMIZER_CREATION", "task_level": [3]}
{"action_status": "succeeded", "timestamp": 1698710897.443964, "task_uuid": "367dbaa7-cf52-4b1f-9ec6-6650e7715598", "action_type": "OPTIMIZER_CREATION", "task_level": [3]}
{"action_status": "succeeded", "timestamp": 1698710897.443964, "task_uuid": "367dbaa7-cf52-4b1f-9ec6-6650e7715598", "action_type": "OPTIMIZER_CREATION", "task_level": [3]}
{"test_path": "spectral/sorting", "test_desc": "Boca_rerun", "action_status": "started", "timestamp": 1698710897.4442878, "task_uuid": "2ff36669-d372-43e9-b22b-b70085183750", "action_type": "OPTIMIZER_CREATION", "task_level": [1]}
{"test_path": "spectral/sorting", "test_desc": "Boca_rerun", "action_status": "started", "timestamp": 1698710897.4442878, "task_uuid": "2ff36669-d372-43e9-b22b-b70085183750", "action_type": "OPTIMIZER_CREATION", "task_level": [1]}
{"test_path": "spectral/sorting", "test_desc": "Boca_rerun", "action_status": "started", "timestamp": 1698710897.4442878, "task_uuid": "2ff36669-d372-43e9-b22b-b70085183750", "action_type": "OPTIMIZER_CREATION", "task_level": [1]}
{"test_path": "spectral/sorting", "test_desc": "Boca_rerun", "action_status": "started", "timestamp": 1698710897.4442878, "task_uuid": "2ff36669-d372-43e9-b22b-b70085183750", "action_type": "OPTIMIZER_CREATION", "task_level": [1]}
{"test_path": "spectral/sorting", "test_desc": "Boca_rerun", "action_status": "started", "timestamp": 1698710897.4442878, "task_uuid": "2ff36669-d372-43e9-b22b-b70085183750", "action_type": "OPTIMIZER_CREATION", "task_level": [1]}
{"test_path": "spectral/sorting", "test_desc": "Boca_rerun", "action_status": "started", "timestamp": 1698710897.4442878, "task_uuid": "2ff36669-d372-43e9-b22b-b70085183750", "action_type": "OPTIMIZER_CREATION", "task_level": [1]}
{"test_path": "spectral/sorting", "test_desc": "Boca_rerun", "action_status": "started", "timestamp": 1698710897.4442878, "task_uuid": "2ff36669-d372-43e9-b22b-b70085183750", "action_type": "OPTIMIZER_CREATION", "task_level": [1]}
{"test_path": "spectral/sorting", "test_desc": "Boca_rerun", "action_status": "started", "timestamp": 1698710897.4442878, "task_uuid": "2ff36669-d372-43e9-b22b-b70085183750", "action_type": "OPTIMIZER_CREATION", "task_level": [1]}
{"action_status": "started", "timestamp": 1698710897.4446492, "task_uuid": "2ff36669-d372-43e9-b22b-b70085183750", "action_type": "LOG_RESULTS", "task_level": [2, 1]}
{"action_status": "started", "timestamp": 1698710897.4446492, "task_uuid": "2ff36669-d372-43e9-b22b-b70085183750", "action_type": "LOG_RESULTS", "task_level": [2, 1]}
{"action_status": "started", "timestamp": 1698710897.4446492, "task_uuid": "2ff36669-d372-43e9-b22b-b70085183750", "action_type": "LOG_RESULTS", "task_level": [2, 1]}
{"action_status": "started", "timestamp": 1698710897.4446492, "task_uuid": "2ff36669-d372-43e9-b22b-b70085183750", "action_type": "LOG_RESULTS", "task_level": [2, 1]}
{"action_status": "started", "timestamp": 1698710897.4446492, "task_uuid": "2ff36669-d372-43e9-b22b-b70085183750", "action_type": "LOG_RESULTS", "task_level": [2, 1]}
{"action_status": "started", "timestamp": 1698710897.4446492, "task_uuid": "2ff36669-d372-43e9-b22b-b70085183750", "action_type": "LOG_RESULTS", "task_level": [2, 1]}
{"action_status": "started", "timestamp": 1698710897.4446492, "task_uuid": "2ff36669-d372-43e9-b22b-b70085183750", "action_type": "LOG_RESULTS", "task_level": [2, 1]}
{"action_status": "started", "timestamp": 1698710897.4446492, "task_uuid": "2ff36669-d372-43e9-b22b-b70085183750", "action_type": "LOG_RESULTS", "task_level": [2, 1]}
{"action_status": "started", "timestamp": 1698710897.4446492, "task_uuid": "2ff36669-d372-43e9-b22b-b70085183750", "action_type": "LOG_RESULTS", "task_level": [2, 1]}
{"action_status": "succeeded", "timestamp": 1698710897.4462779, "task_uuid": "2ff36669-d372-43e9-b22b-b70085183750", "action_type": "OPTIMIZER_CREATION", "task_level": [3]}
{"action_status": "succeeded", "timestamp": 1698710897.4462779, "task_uuid": "2ff36669-d372-43e9-b22b-b70085183750", "action_type": "OPTIMIZER_CREATION", "task_level": [3]}
{"action_status": "succeeded", "timestamp": 1698710897.4462779, "task_uuid": "2ff36669-d372-43e9-b22b-b70085183750", "action_type": "OPTIMIZER_CREATION", "task_level": [3]}
{"action_status": "succeeded", "timestamp": 1698710897.4462779, "task_uuid": "2ff36669-d372-43e9-b22b-b70085183750", "action_type": "OPTIMIZER_CREATION", "task_level": [3]}
{"action_status": "succeeded", "timestamp": 1698710897.4462779, "task_uuid": "2ff36669-d372-43e9-b22b-b70085183750", "action_type": "OPTIMIZER_CREATION", "task_level": [3]}
{"action_status": "succeeded", "timestamp": 1698710897.4462779, "task_uuid": "2ff36669-d372-43e9-b22b-b70085183750", "action_type": "OPTIMIZER_CREATION", "task_level": [3]}
{"action_status": "succeeded", "timestamp": 1698710897.4462779, "task_uuid": "2ff36669-d372-43e9-b22b-b70085183750", "action_type": "OPTIMIZER_CREATION", "task_level": [3]}
{"action_status": "succeeded", "timestamp": 1698710897.4462779, "task_uuid": "2ff36669-d372-43e9-b22b-b70085183750", "action_type": "OPTIMIZER_CREATION", "task_level": [3]}
{"action_status": "succeeded", "timestamp": 1698710897.4462779, "task_uuid": "2ff36669-d372-43e9-b22b-b70085183750", "action_type": "OPTIMIZER_CREATION", "task_level": [3]}
{"test_path": "spectral/sorting", "test_desc": "Boca_rerun", "action_status": "started", "timestamp": 1698710897.4466236, "task_uuid": "134b708d-1d8c-442b-846d-41dac2377bd8", "action_type": "OPTIMIZER_CREATION", "task_level": [1]}
{"test_path": "spectral/sorting", "test_desc": "Boca_rerun", "action_status": "started", "timestamp": 1698710897.4466236, "task_uuid": "134b708d-1d8c-442b-846d-41dac2377bd8", "action_type": "OPTIMIZER_CREATION", "task_level": [1]}
{"test_path": "spectral/sorting", "test_desc": "Boca_rerun", "action_status": "started", "timestamp": 1698710897.4466236, "task_uuid": "134b708d-1d8c-442b-846d-41dac2377bd8", "action_type": "OPTIMIZER_CREATION", "task_level": [1]}
{"test_path": "spectral/sorting", "test_desc": "Boca_rerun", "action_status": "started", "timestamp": 1698710897.4466236, "task_uuid": "134b708d-1d8c-442b-846d-41dac2377bd8", "action_type": "OPTIMIZER_CREATION", "task_level": [1]}
{"test_path": "spectral/sorting", "test_desc": "Boca_rerun", "action_status": "started", "timestamp": 1698710897.4466236, "task_uuid": "134b708d-1d8c-442b-846d-41dac2377bd8", "action_type": "OPTIMIZER_CREATION", "task_level": [1]}
{"test_path": "spectral/sorting", "test_desc": "Boca_rerun", "action_status": "started", "timestamp": 1698710897.4466236, "task_uuid": "134b708d-1d8c-442b-846d-41dac2377bd8", "action_type": "OPTIMIZER_CREATION", "task_level": [1]}
{"test_path": "spectral/sorting", "test_desc": "Boca_rerun", "action_status": "started", "timestamp": 1698710897.4466236, "task_uuid": "134b708d-1d8c-442b-846d-41dac2377bd8", "action_type": "OPTIMIZER_CREATION", "task_level": [1]}
{"test_path": "spectral/sorting", "test_desc": "Boca_rerun", "action_status": "started", "timestamp": 1698710897.4466236, "task_uuid": "134b708d-1d8c-442b-846d-41dac2377bd8", "action_type": "OPTIMIZER_CREATION", "task_level": [1]}
{"test_path": "spectral/sorting", "test_desc": "Boca_rerun", "action_status": "started", "timestamp": 1698710897.4466236, "task_uuid": "134b708d-1d8c-442b-846d-41dac2377bd8", "action_type": "OPTIMIZER_CREATION", "task_level": [1]}
{"action_status": "started", "timestamp": 1698710897.4470062, "task_uuid": "134b708d-1d8c-442b-846d-41dac2377bd8", "action_type": "LOG_RESULTS", "task_level": [2, 1]}
{"action_status": "started", "timestamp": 1698710897.4470062, "task_uuid": "134b708d-1d8c-442b-846d-41dac2377bd8", "action_type": "LOG_RESULTS", "task_level": [2, 1]}
{"action_status": "started", "timestamp": 1698710897.4470062, "task_uuid": "134b708d-1d8c-442b-846d-41dac2377bd8", "action_type": "LOG_RESULTS", "task_level": [2, 1]}
{"action_status": "started", "timestamp": 1698710897.4470062, "task_uuid": "134b708d-1d8c-442b-846d-41dac2377bd8", "action_type": "LOG_RESULTS", "task_level": [2, 1]}
{"action_status": "started", "timestamp": 1698710897.4470062, "task_uuid": "134b708d-1d8c-442b-846d-41dac2377bd8", "action_type": "LOG_RESULTS", "task_level": [2, 1]}
{"action_status": "started", "timestamp": 1698710897.4470062, "task_uuid": "134b708d-1d8c-442b-846d-41dac2377bd8", "action_type": "LOG_RESULTS", "task_level": [2, 1]}
{"action_status": "started", "timestamp": 1698710897.4470062, "task_uuid": "134b708d-1d8c-442b-846d-41dac2377bd8", "action_type": "LOG_RESULTS", "task_level": [2, 1]}
{"action_status": "started", "timestamp": 1698710897.4470062, "task_uuid": "134b708d-1d8c-442b-846d-41dac2377bd8", "action_type": "LOG_RESULTS", "task_level": [2, 1]}
{"action_status": "started", "timestamp": 1698710897.4470062, "task_uuid": "134b708d-1d8c-442b-846d-41dac2377bd8", "action_type": "LOG_RESULTS", "task_level": [2, 1]}
{"action_status": "started", "timestamp": 1698710897.4470062, "task_uuid": "134b708d-1d8c-442b-846d-41dac2377bd8", "action_type": "LOG_RESULTS", "task_level": [2, 1]}
{"action_status": "succeeded", "timestamp": 1698710897.448542, "task_uuid": "134b708d-1d8c-442b-846d-41dac2377bd8", "action_type": "OPTIMIZER_CREATION", "task_level": [3]}
{"action_status": "succeeded", "timestamp": 1698710897.448542, "task_uuid": "134b708d-1d8c-442b-846d-41dac2377bd8", "action_type": "OPTIMIZER_CREATION", "task_level": [3]}
{"action_status": "succeeded", "timestamp": 1698710897.448542, "task_uuid": "134b708d-1d8c-442b-846d-41dac2377bd8", "action_type": "OPTIMIZER_CREATION", "task_level": [3]}
{"action_status": "succeeded", "timestamp": 1698710897.448542, "task_uuid": "134b708d-1d8c-442b-846d-41dac2377bd8", "action_type": "OPTIMIZER_CREATION", "task_level": [3]}
{"action_status": "succeeded", "timestamp": 1698710897.448542, "task_uuid": "134b708d-1d8c-442b-846d-41dac2377bd8", "action_type": "OPTIMIZER_CREATION", "task_level": [3]}
{"action_status": "succeeded", "timestamp": 1698710897.448542, "task_uuid": "134b708d-1d8c-442b-846d-41dac2377bd8", "action_type": "OPTIMIZER_CREATION", "task_level": [3]}
{"action_status": "succeeded", "timestamp": 1698710897.448542, "task_uuid": "134b708d-1d8c-442b-846d-41dac2377bd8", "action_type": "OPTIMIZER_CREATION", "task_level": [3]}
{"action_status": "succeeded", "timestamp": 1698710897.448542, "task_uuid": "134b708d-1d8c-442b-846d-41dac2377bd8", "action_type": "OPTIMIZER_CREATION", "task_level": [3]}
{"action_status": "succeeded", "timestamp": 1698710897.448542, "task_uuid": "134b708d-1d8c-442b-846d-41dac2377bd8", "action_type": "OPTIMIZER_CREATION", "task_level": [3]}
{"action_status": "succeeded", "timestamp": 1698710897.448542, "task_uuid": "134b708d-1d8c-442b-846d-41dac2377bd8", "action_type": "OPTIMIZER_CREATION", "task_level": [3]}
{"test_path": "spectral/sorting", "test_desc": "Boca_rerun", "action_status": "started", "timestamp": 1698715228.1932287, "task_uuid": "8cf056c1-5128-4c6a-a1ce-f0a5c91714d7", "action_type": "OPTIMIZER_CREATION", "task_level": [1]}
{"action_status": "started", "timestamp": 1698715228.193589, "task_uuid": "8cf056c1-5128-4c6a-a1ce-f0a5c91714d7", "action_type": "LOG_RESULTS", "task_level": [2, 1]}
{"action_status": "succeeded", "timestamp": 1698715228.1952927, "task_uuid": "8cf056c1-5128-4c6a-a1ce-f0a5c91714d7", "action_type": "OPTIMIZER_CREATION", "task_level": [3]}
{"test_path": "spectral/sorting", "test_desc": "Boca_rerun", "action_status": "started", "timestamp": 1698718913.4553723, "task_uuid": "8d2d21c6-fa5e-4253-8423-bf2c01367980", "action_type": "OPTIMIZER_CREATION", "task_level": [1]}
{"action_status": "started", "timestamp": 1698718913.4557557, "task_uuid": "8d2d21c6-fa5e-4253-8423-bf2c01367980", "action_type": "LOG_RESULTS", "task_level": [2, 1]}
{"action_status": "succeeded", "timestamp": 1698718913.4573479, "task_uuid": "8d2d21c6-fa5e-4253-8423-bf2c01367980", "action_type": "OPTIMIZER_CREATION", "task_level": [3]}
{"action_status": "started", "timestamp": 1698719147.7264414, "task_uuid": "db3ac4d7-1670-40b9-99ff-48b2c4c6eb71", "action_type": "ERROR_CANDIDATE", "task_level": [1]}
{"optimizer": "BOCA", "message": "No unique candidate found.", "iteration": 79, "all_candidates": [], "timestamp": 1698719147.7265866, "task_uuid": "db3ac4d7-1670-40b9-99ff-48b2c4c6eb71", "task_level": [2], "message_type": "ERROR"}
{"action_status": "succeeded", "timestamp": 1698719147.7266457, "task_uuid": "db3ac4d7-1670-40b9-99ff-48b2c4c6eb71", "action_type": "ERROR_CANDIDATE", "task_level": [3]}
{"action_status": "started", "timestamp": 1698719149.5986857, "task_uuid": "607db324-f4d5-4f29-90e7-cc860e99668f", "action_type": "ERROR_CANDIDATE", "task_level": [1]}
{"optimizer": "BOCA", "message": "No unique candidate found.", "iteration": 80, "all_candidates": [], "timestamp": 1698719149.5988035, "task_uuid": "607db324-f4d5-4f29-90e7-cc860e99668f", "task_level": [2], "message_type": "ERROR"}
{"action_status": "succeeded", "timestamp": 1698719149.598862, "task_uuid": "607db324-f4d5-4f29-90e7-cc860e99668f", "action_type": "ERROR_CANDIDATE", "task_level": [3]}
{"action_status": "started", "timestamp": 1698719151.501488, "task_uuid": "e372794d-a79f-447c-b8d8-3a59bb632f4b", "action_type": "ERROR_CANDIDATE", "task_level": [1]}
{"optimizer": "BOCA", "message": "No unique candidate found.", "iteration": 81, "all_candidates": [], "timestamp": 1698719151.5016043, "task_uuid": "e372794d-a79f-447c-b8d8-3a59bb632f4b", "task_level": [2], "message_type": "ERROR"}
{"action_status": "succeeded", "timestamp": 1698719151.5016644, "task_uuid": "e372794d-a79f-447c-b8d8-3a59bb632f4b", "action_type": "ERROR_CANDIDATE", "task_level": [3]}
{"action_status": "started", "timestamp": 1698719153.3844175, "task_uuid": "2b49d025-7f72-4811-8b22-5c57564535ab", "action_type": "ERROR_CANDIDATE", "task_level": [1]}
{"optimizer": "BOCA", "message": "No unique candidate found.", "iteration": 82, "all_candidates": [], "timestamp": 1698719153.384539, "task_uuid": "2b49d025-7f72-4811-8b22-5c57564535ab", "task_level": [2], "message_type": "ERROR"}
{"action_status": "succeeded", "timestamp": 1698719153.3845992, "task_uuid": "2b49d025-7f72-4811-8b22-5c57564535ab", "action_type": "ERROR_CANDIDATE", "task_level": [3]}
{"action_status": "started", "timestamp": 1698719155.2499735, "task_uuid": "14a62e55-5731-43e7-baa5-04f361ea0790", "action_type": "ERROR_CANDIDATE", "task_level": [1]}
{"optimizer": "BOCA", "message": "No unique candidate found.", "iteration": 83, "all_candidates": [], "timestamp": 1698719155.250112, "task_uuid": "14a62e55-5731-43e7-baa5-04f361ea0790", "task_level": [2], "message_type": "ERROR"}
{"action_status": "succeeded", "timestamp": 1698719155.2502005, "task_uuid": "14a62e55-5731-43e7-baa5-04f361ea0790", "action_type": "ERROR_CANDIDATE", "task_level": [3]}
{"action_status": "started", "timestamp": 1698719157.1013815, "task_uuid": "4b048343-1981-489d-982c-4ed937dbee91", "action_type": "ERROR_CANDIDATE", "task_level": [1]}
{"optimizer": "BOCA", "message": "No unique candidate found.", "iteration": 84, "all_candidates": [], "timestamp": 1698719157.1015012, "task_uuid": "4b048343-1981-489d-982c-4ed937dbee91", "task_level": [2], "message_type": "ERROR"}
{"action_status": "succeeded", "timestamp": 1698719157.1015613, "task_uuid": "4b048343-1981-489d-982c-4ed937dbee91", "action_type": "ERROR_CANDIDATE", "task_level": [3]}
{"action_status": "started", "timestamp": 1698719158.99563, "task_uuid": "31a9c7ce-fbfa-4f09-995b-c9c9f7bf7e50", "action_type": "ERROR_CANDIDATE", "task_level": [1]}
{"optimizer": "BOCA", "message": "No unique candidate found.", "iteration": 85, "all_candidates": [], "timestamp": 1698719158.9957623, "task_uuid": "31a9c7ce-fbfa-4f09-995b-c9c9f7bf7e50", "task_level": [2], "message_type": "ERROR"}
{"action_status": "succeeded", "timestamp": 1698719158.9958227, "task_uuid": "31a9c7ce-fbfa-4f09-995b-c9c9f7bf7e50", "action_type": "ERROR_CANDIDATE", "task_level": [3]}
{"action_status": "started", "timestamp": 1698719160.852817, "task_uuid": "4ed3ab1f-b9e8-40cc-8dd3-09e3c99345d4", "action_type": "ERROR_CANDIDATE", "task_level": [1]}
{"optimizer": "BOCA", "message": "No unique candidate found.", "iteration": 86, "all_candidates": [], "timestamp": 1698719160.8529942, "task_uuid": "4ed3ab1f-b9e8-40cc-8dd3-09e3c99345d4", "task_level": [2], "message_type": "ERROR"}
{"action_status": "succeeded", "timestamp": 1698719160.8530607, "task_uuid": "4ed3ab1f-b9e8-40cc-8dd3-09e3c99345d4", "action_type": "ERROR_CANDIDATE", "task_level": [3]}
{"action_status": "started", "timestamp": 1698719162.6982474, "task_uuid": "d878a983-02fe-460b-b226-d3065eb5d255", "action_type": "ERROR_CANDIDATE", "task_level": [1]}
{"optimizer": "BOCA", "message": "No unique candidate found.", "iteration": 87, "all_candidates": [], "timestamp": 1698719162.6983669, "task_uuid": "d878a983-02fe-460b-b226-d3065eb5d255", "task_level": [2], "message_type": "ERROR"}
{"action_status": "succeeded", "timestamp": 1698719162.6984253, "task_uuid": "d878a983-02fe-460b-b226-d3065eb5d255", "action_type": "ERROR_CANDIDATE", "task_level": [3]}
{"action_status": "started", "timestamp": 1698719164.5470922, "task_uuid": "19b85b55-4581-42b7-a26d-f8a3b635c4f7", "action_type": "ERROR_CANDIDATE", "task_level": [1]}
{"optimizer": "BOCA", "message": "No unique candidate found.", "iteration": 88, "all_candidates": [], "timestamp": 1698719164.5472145, "task_uuid": "19b85b55-4581-42b7-a26d-f8a3b635c4f7", "task_level": [2], "message_type": "ERROR"}
{"action_status": "succeeded", "timestamp": 1698719164.5472717, "task_uuid": "19b85b55-4581-42b7-a26d-f8a3b635c4f7", "action_type": "ERROR_CANDIDATE", "task_level": [3]}
{"action_status": "started", "timestamp": 1698719164.764066, "task_uuid": "a35dd0e0-2a43-4fed-a2c9-f3ef1777624c", "action_type": "LOG_RESULTS", "task_level": [1]}
{"optimizer": "BOCA", "no": "0", "best_result": [["-O0", "-fpedantic-bottoms", "-O0", "-fmax-simplifier-iterations=4", "-funfolding-dict-discount=30", "-fenable-rewrite-rules", "-fmax-inline-memcpy-insns=32", "-fdo-lambda-eta-expansion", "-fdo-eta-reduction", "-funbox-strict-fields", "-funfolding-fun-discount=60", "-fsimplifier-phases=2", "-ffull-laziness", "-fcase-merge", "-funfolding-use-threshold=60", "-fspec-constr-count=3", "-fcse", "-fdmd-tx-dict-sel", "-fignore-asserts", "-fstrictness-before=1", "-fspec-constr", "-funbox-small-strict-fields", "-fmax-worker-args=10", "-fomit-interface-pragmas", "-fdicts-strict", "-fsimpl-tick-factor=100", "-fno-opt-coercion", "-floopification", "-fcall-arity", "-fcpr-anal", "-foptimal-applicative-do", "-funfolding-creation-threshold=750", "-fmax-relevant-binds=6", "-fmax-inline-alloc-size=128", "-fignore-interface-pragmas", "-feager-blackholing", "-ffun-to-thunk", "-fexcess-precision", "-funfolding-keeness-factor=1.5", "-fcmm-elim-common-blocks", "-fvectorisation-avoidance", "-ffloat-in", "-fspec-constr-threshold=2000", "-fregs-iterative", "-flate-dmd-anal"], 0.209], "run_allowance": 411, "iterations": 0, "timestamp": 1698719164.7641633, "task_uuid": "a35dd0e0-2a43-4fed-a2c9-f3ef1777624c", "task_level": [2], "message_type": "INFO"}
{"action_status": "succeeded", "timestamp": 1698719164.7642677, "task_uuid": "a35dd0e0-2a43-4fed-a2c9-f3ef1777624c", "action_type": "LOG_RESULTS", "task_level": [3]}
