{"action_status": "started", "timestamp": 1714228221.8237665, "task_uuid": "0577c1b6-d6ee-416c-ad9c-7c807ec5edd9", "action_type": "LOG_RESULTS", "task_level": [2, 1]}
{"action_status": "succeeded", "timestamp": 1714228221.8271067, "task_uuid": "0577c1b6-d6ee-416c-ad9c-7c807ec5edd9", "action_type": "OPTIMIZER_CREATION", "task_level": [3]}
{"test_path": "real/hidden", "test_desc": "Special-Rule-Thesis-10p", "action_status": "started", "timestamp": 1714228221.827326, "task_uuid": "4f7d547b-476e-4ebe-8d96-1dd57bc9e5cc", "action_type": "OPTIMIZER_CREATION", "task_level": [1]}
{"action_status": "started", "timestamp": 1714228221.8275945, "task_uuid": "4f7d547b-476e-4ebe-8d96-1dd57bc9e5cc", "action_type": "LOG_RESULTS", "task_level": [2, 1]}
{"action_status": "succeeded", "timestamp": 1714228221.8309412, "task_uuid": "4f7d547b-476e-4ebe-8d96-1dd57bc9e5cc", "action_type": "OPTIMIZER_CREATION", "task_level": [3]}
{"test_path": "real/cacheprof", "test_desc": "Special-Rule-Thesis-10p", "action_status": "started", "timestamp": 1714228221.8311996, "task_uuid": "3633785b-0f0b-40ea-b824-4434dedabca7", "action_type": "OPTIMIZER_CREATION", "task_level": [1]}
{"action_status": "started", "timestamp": 1714228221.8314872, "task_uuid": "3633785b-0f0b-40ea-b824-4434dedabca7", "action_type": "LOG_RESULTS", "task_level": [2, 1]}
{"action_status": "succeeded", "timestamp": 1714228221.8348675, "task_uuid": "3633785b-0f0b-40ea-b824-4434dedabca7", "action_type": "OPTIMIZER_CREATION", "task_level": [3]}
{"test_path": "real/maillist", "test_desc": "Special-Rule-Thesis-10p", "action_status": "started", "timestamp": 1714228221.8351529, "task_uuid": "562ff577-1fa3-437c-b002-530eb06ba71a", "action_type": "OPTIMIZER_CREATION", "task_level": [1]}
{"action_status": "started", "timestamp": 1714228221.8355322, "task_uuid": "562ff577-1fa3-437c-b002-530eb06ba71a", "action_type": "LOG_RESULTS", "task_level": [2, 1]}
{"action_status": "succeeded", "timestamp": 1714228221.838831, "task_uuid": "562ff577-1fa3-437c-b002-530eb06ba71a", "action_type": "OPTIMIZER_CREATION", "task_level": [3]}
{"action_status": "started", "timestamp": 1714234031.4579268, "task_uuid": "a19606c7-f887-41f3-b486-23a640a9ccdc", "action_type": "LOG_RESULTS", "task_level": [1]}
{"optimizer": "BOCA", "no": "0", "best_result": ["0|1|2|3|4|5|6|7|8|9|10|11|12|13|17|22|21|23|18|14|16|15|19|20", 0.14], "run_allowance": 725, "iterations": 251, "timestamp": 1714234031.4583163, "task_uuid": "a19606c7-f887-41f3-b486-23a640a9ccdc", "task_level": [2], "message_type": "INFO"}
{"action_status": "succeeded", "timestamp": 1714234031.4585044, "task_uuid": "a19606c7-f887-41f3-b486-23a640a9ccdc", "action_type": "LOG_RESULTS", "task_level": [3]}
{"action_status": "started", "timestamp": 1714234942.2178674, "task_uuid": "46b72ae5-8cfe-40b8-8af4-44376ac4e470", "action_type": "LOG_RESULTS", "task_level": [1]}
{"optimizer": "BOCA", "no": "0", "best_result": ["0|1|2|3|4|5|6|7|8|9|10|11|12|13|17|15|14|23|21|16|22|19|20|18", 0.123], "run_allowance": 724, "iterations": 252, "timestamp": 1714234942.2218795, "task_uuid": "46b72ae5-8cfe-40b8-8af4-44376ac4e470", "task_level": [2], "message_type": "INFO"}
{"action_status": "succeeded", "timestamp": 1714234942.2220953, "task_uuid": "46b72ae5-8cfe-40b8-8af4-44376ac4e470", "action_type": "LOG_RESULTS", "task_level": [3]}
{"action_status": "started", "timestamp": 1714235487.6525123, "task_uuid": "edeb458e-23d1-4c82-9b90-f93af5924916", "action_type": "LOG_RESULTS", "task_level": [1]}
{"optimizer": "BOCA", "no": "0", "best_result": ["0|1|2|3|4|5|6|7|8|9|10|11|12|13|14|15|18|23|20|16|21|22|17|19", 0.114], "run_allowance": 724, "iterations": 252, "timestamp": 1714235487.6562552, "task_uuid": "edeb458e-23d1-4c82-9b90-f93af5924916", "task_level": [2], "message_type": "INFO"}
{"action_status": "succeeded", "timestamp": 1714235487.656463, "task_uuid": "edeb458e-23d1-4c82-9b90-f93af5924916", "action_type": "LOG_RESULTS", "task_level": [3]}
{"action_status": "started", "timestamp": 1714236148.9706655, "task_uuid": "76f6069a-98b2-424c-aa5d-9ad2ef8678a2", "action_type": "LOG_RESULTS", "task_level": [1]}
{"optimizer": "BOCA", "no": "0", "best_result": ["0|1|2|3|4|5|6|7|8|9|10|11|12|13|16|14|18|20|15|22|19|23|17|21", 0.646], "run_allowance": 720, "iterations": 256, "timestamp": 1714236148.9750757, "task_uuid": "76f6069a-98b2-424c-aa5d-9ad2ef8678a2", "task_level": [2], "message_type": "INFO"}
{"action_status": "succeeded", "timestamp": 1714236148.9753244, "task_uuid": "76f6069a-98b2-424c-aa5d-9ad2ef8678a2", "action_type": "LOG_RESULTS", "task_level": [3]}
{"action_status": "started", "timestamp": 1714238790.0307686, "task_uuid": "876b5e4c-ad2d-4b64-ad74-3c5bee261d1d", "action_type": "LOG_RESULTS", "task_level": [2, 1]}
{"action_status": "succeeded", "timestamp": 1714238790.0346491, "task_uuid": "876b5e4c-ad2d-4b64-ad74-3c5bee261d1d", "action_type": "OPTIMIZER_CREATION", "task_level": [3]}
{"test_path": "real/hidden", "test_desc": "Special-Rule-Thesis-10p", "action_status": "started", "timestamp": 1714238790.034874, "task_uuid": "6ca287a3-3231-48f7-9610-63c566a94e59", "action_type": "OPTIMIZER_CREATION", "task_level": [1]}
{"action_status": "started", "timestamp": 1714238790.0351038, "task_uuid": "6ca287a3-3231-48f7-9610-63c566a94e59", "action_type": "LOG_RESULTS", "task_level": [2, 1]}
{"action_status": "succeeded", "timestamp": 1714238790.0390358, "task_uuid": "6ca287a3-3231-48f7-9610-63c566a94e59", "action_type": "OPTIMIZER_CREATION", "task_level": [3]}
{"test_path": "real/cacheprof", "test_desc": "Special-Rule-Thesis-10p", "action_status": "started", "timestamp": 1714238790.039295, "task_uuid": "9e859808-2b8c-4400-9ba3-bbabbc423b71", "action_type": "OPTIMIZER_CREATION", "task_level": [1]}
{"action_status": "started", "timestamp": 1714238790.0395555, "task_uuid": "9e859808-2b8c-4400-9ba3-bbabbc423b71", "action_type": "LOG_RESULTS", "task_level": [2, 1]}
{"action_status": "succeeded", "timestamp": 1714238790.043596, "task_uuid": "9e859808-2b8c-4400-9ba3-bbabbc423b71", "action_type": "OPTIMIZER_CREATION", "task_level": [3]}
{"test_path": "real/maillist", "test_desc": "Special-Rule-Thesis-10p", "action_status": "started", "timestamp": 1714238790.0438793, "task_uuid": "8cc2e6bc-3fab-4efe-99c3-3068656bdee6", "action_type": "OPTIMIZER_CREATION", "task_level": [1]}
{"action_status": "started", "timestamp": 1714238790.0441735, "task_uuid": "8cc2e6bc-3fab-4efe-99c3-3068656bdee6", "action_type": "LOG_RESULTS", "task_level": [2, 1]}
{"action_status": "succeeded", "timestamp": 1714238790.0480812, "task_uuid": "8cc2e6bc-3fab-4efe-99c3-3068656bdee6", "action_type": "OPTIMIZER_CREATION", "task_level": [3]}
{"action_status": "started", "timestamp": 1714239283.3130648, "task_uuid": "247f1222-2234-4646-a38c-6fb8d11024f2", "action_type": "LOG_RESULTS", "task_level": [2, 1]}
{"action_status": "succeeded", "timestamp": 1714239283.3168156, "task_uuid": "247f1222-2234-4646-a38c-6fb8d11024f2", "action_type": "OPTIMIZER_CREATION", "task_level": [3]}
{"test_path": "real/hidden", "test_desc": "Special-Rule-Thesis-10p", "action_status": "started", "timestamp": 1714239283.3170698, "task_uuid": "afe53f33-d8bc-4ca7-b015-4f116c6b085f", "action_type": "OPTIMIZER_CREATION", "task_level": [1]}
{"action_status": "started", "timestamp": 1714239283.3173163, "task_uuid": "afe53f33-d8bc-4ca7-b015-4f116c6b085f", "action_type": "LOG_RESULTS", "task_level": [2, 1]}
{"action_status": "succeeded", "timestamp": 1714239283.3211257, "task_uuid": "afe53f33-d8bc-4ca7-b015-4f116c6b085f", "action_type": "OPTIMIZER_CREATION", "task_level": [3]}
{"test_path": "real/cacheprof", "test_desc": "Special-Rule-Thesis-10p", "action_status": "started", "timestamp": 1714239283.3213913, "task_uuid": "f19fb6bb-58e3-4678-a7e2-b3cf2dd1607c", "action_type": "OPTIMIZER_CREATION", "task_level": [1]}
{"action_status": "started", "timestamp": 1714239283.3216426, "task_uuid": "f19fb6bb-58e3-4678-a7e2-b3cf2dd1607c", "action_type": "LOG_RESULTS", "task_level": [2, 1]}
{"action_status": "succeeded", "timestamp": 1714239283.325522, "task_uuid": "f19fb6bb-58e3-4678-a7e2-b3cf2dd1607c", "action_type": "OPTIMIZER_CREATION", "task_level": [3]}
{"test_path": "real/maillist", "test_desc": "Special-Rule-Thesis-10p", "action_status": "started", "timestamp": 1714239283.3258057, "task_uuid": "7e075022-f056-4df1-b3a9-f57219986fc7", "action_type": "OPTIMIZER_CREATION", "task_level": [1]}
{"action_status": "started", "timestamp": 1714239283.3261123, "task_uuid": "7e075022-f056-4df1-b3a9-f57219986fc7", "action_type": "LOG_RESULTS", "task_level": [2, 1]}
{"action_status": "succeeded", "timestamp": 1714239283.329944, "task_uuid": "7e075022-f056-4df1-b3a9-f57219986fc7", "action_type": "OPTIMIZER_CREATION", "task_level": [3]}
{"action_status": "started", "timestamp": 1714245715.323095, "task_uuid": "2b2c4150-d5c2-48af-bcd8-362d765736e6", "action_type": "LOG_RESULTS", "task_level": [1]}
{"optimizer": "BOCA", "no": "0", "best_result": ["0|1|2|3|4|5|6|7|8|9|10|11|12|13|15|19|16|17|24|25|22|14|26|21|18|20|23", 0.1116], "run_allowance": 724, "iterations": 252, "timestamp": 1714245715.323505, "task_uuid": "2b2c4150-d5c2-48af-bcd8-362d765736e6", "task_level": [2], "message_type": "INFO"}
{"action_status": "succeeded", "timestamp": 1714245715.3236902, "task_uuid": "2b2c4150-d5c2-48af-bcd8-362d765736e6", "action_type": "LOG_RESULTS", "task_level": [3]}
{"action_status": "started", "timestamp": 1714246243.9027023, "task_uuid": "83f59d3e-da1f-4232-9482-49e4ffdcf5cf", "action_type": "LOG_RESULTS", "task_level": [1]}
{"optimizer": "BOCA", "no": "0", "best_result": ["0|1|2|3|4|5|6|7|8|9|10|11|12|13|18|20|17|21|19|14|26|23|16|24|15|22|25", 0.12689999999999999], "run_allowance": 723, "iterations": 253, "timestamp": 1714246243.9052768, "task_uuid": "83f59d3e-da1f-4232-9482-49e4ffdcf5cf", "task_level": [2], "message_type": "INFO"}
{"action_status": "succeeded", "timestamp": 1714246243.9054832, "task_uuid": "83f59d3e-da1f-4232-9482-49e4ffdcf5cf", "action_type": "LOG_RESULTS", "task_level": [3]}
{"action_status": "started", "timestamp": 1714246775.8990986, "task_uuid": "dff0083d-a7cf-46fa-a733-cc3b320ca185", "action_type": "LOG_RESULTS", "task_level": [1]}
{"optimizer": "BOCA", "no": "0", "best_result": ["0|1|2|3|4|5|6|7|8|9|10|11|12|13|14|22|16|17|20|15|24|25|23|26|18|19|21", 0.0999], "run_allowance": 723, "iterations": 253, "timestamp": 1714246775.9040759, "task_uuid": "dff0083d-a7cf-46fa-a733-cc3b320ca185", "task_level": [2], "message_type": "INFO"}
{"action_status": "succeeded", "timestamp": 1714246775.9042838, "task_uuid": "dff0083d-a7cf-46fa-a733-cc3b320ca185", "action_type": "LOG_RESULTS", "task_level": [3]}
{"action_status": "started", "timestamp": 1714247475.123679, "task_uuid": "881ba707-e5c8-4875-a4da-a229437d443e", "action_type": "LOG_RESULTS", "task_level": [1]}
{"optimizer": "BOCA", "no": "0", "best_result": ["0|1|2|3|4|5|6|7|8|9|10|11|12|13|15|24|25|14|20|21|22|19|26|17|16|18|23", 0.5958], "run_allowance": 718, "iterations": 258, "timestamp": 1714247475.1277258, "task_uuid": "881ba707-e5c8-4875-a4da-a229437d443e", "task_level": [2], "message_type": "INFO"}
{"action_status": "succeeded", "timestamp": 1714247475.1279352, "task_uuid": "881ba707-e5c8-4875-a4da-a229437d443e", "action_type": "LOG_RESULTS", "task_level": [3]}
