{"test_path": "spectral/sorting", "test_desc": "Boca_Rerun_3", "action_status": "started", "timestamp": 1698726741.8819966, "task_uuid": "dbd1985b-6d47-4da5-9fe2-bcc7b5f9476c", "action_type": "OPTIMIZER_CREATION", "task_level": [1]}
{"action_status": "started", "timestamp": 1698726741.8824346, "task_uuid": "dbd1985b-6d47-4da5-9fe2-bcc7b5f9476c", "action_type": "LOG_RESULTS", "task_level": [2, 1]}
{"action_status": "succeeded", "timestamp": 1698726741.8834598, "task_uuid": "dbd1985b-6d47-4da5-9fe2-bcc7b5f9476c", "action_type": "OPTIMIZER_CREATION", "task_level": [3]}
{"action_status": "started", "timestamp": 1698727251.8737807, "task_uuid": "2ba9b94a-d913-445e-a141-dcb6b5ad8c18", "action_type": "ERROR_CANDIDATE", "task_level": [1]}
{"optimizer": "BOCA", "message": "No unique candidate found.", "iteration": 160, "all_candidates": [], "timestamp": 1698727251.8740706, "task_uuid": "2ba9b94a-d913-445e-a141-dcb6b5ad8c18", "task_level": [2], "message_type": "ERROR"}
{"action_status": "succeeded", "timestamp": 1698727251.8741736, "task_uuid": "2ba9b94a-d913-445e-a141-dcb6b5ad8c18", "action_type": "ERROR_CANDIDATE", "task_level": [3]}
{"action_status": "started", "timestamp": 1698727253.787864, "task_uuid": "16e640a9-ae39-4860-b7db-c7a8d650ed54", "action_type": "ERROR_CANDIDATE", "task_level": [1]}
{"optimizer": "BOCA", "message": "No unique candidate found.", "iteration": 161, "all_candidates": [], "timestamp": 1698727253.787978, "task_uuid": "16e640a9-ae39-4860-b7db-c7a8d650ed54", "task_level": [2], "message_type": "ERROR"}
{"action_status": "succeeded", "timestamp": 1698727253.7880359, "task_uuid": "16e640a9-ae39-4860-b7db-c7a8d650ed54", "action_type": "ERROR_CANDIDATE", "task_level": [3]}
{"action_status": "started", "timestamp": 1698727256.4128547, "task_uuid": "1e714e7c-aad2-477c-93e8-5fec9b82083c", "action_type": "ERROR_CANDIDATE", "task_level": [1]}
{"optimizer": "BOCA", "message": "No unique candidate found.", "iteration": 162, "all_candidates": [], "timestamp": 1698727256.4129875, "task_uuid": "1e714e7c-aad2-477c-93e8-5fec9b82083c", "task_level": [2], "message_type": "ERROR"}
{"action_status": "succeeded", "timestamp": 1698727256.4130442, "task_uuid": "1e714e7c-aad2-477c-93e8-5fec9b82083c", "action_type": "ERROR_CANDIDATE", "task_level": [3]}
{"action_status": "started", "timestamp": 1698727259.1293683, "task_uuid": "9f4979be-8381-4bdf-99ca-8ad439e2f64f", "action_type": "ERROR_CANDIDATE", "task_level": [1]}
{"optimizer": "BOCA", "message": "No unique candidate found.", "iteration": 163, "all_candidates": [], "timestamp": 1698727259.1294901, "task_uuid": "9f4979be-8381-4bdf-99ca-8ad439e2f64f", "task_level": [2], "message_type": "ERROR"}
{"action_status": "succeeded", "timestamp": 1698727259.129549, "task_uuid": "9f4979be-8381-4bdf-99ca-8ad439e2f64f", "action_type": "ERROR_CANDIDATE", "task_level": [3]}
{"action_status": "started", "timestamp": 1698727261.761566, "task_uuid": "82b65ecf-898e-4462-85cc-ce8a03ed63fb", "action_type": "ERROR_CANDIDATE", "task_level": [1]}
{"optimizer": "BOCA", "message": "No unique candidate found.", "iteration": 164, "all_candidates": [], "timestamp": 1698727261.7616835, "task_uuid": "82b65ecf-898e-4462-85cc-ce8a03ed63fb", "task_level": [2], "message_type": "ERROR"}
{"action_status": "succeeded", "timestamp": 1698727261.7617414, "task_uuid": "82b65ecf-898e-4462-85cc-ce8a03ed63fb", "action_type": "ERROR_CANDIDATE", "task_level": [3]}
{"action_status": "started", "timestamp": 1698727264.4934533, "task_uuid": "8c0efa37-3ea9-4774-94e1-0ed03a0d7147", "action_type": "ERROR_CANDIDATE", "task_level": [1]}
{"optimizer": "BOCA", "message": "No unique candidate found.", "iteration": 165, "all_candidates": [], "timestamp": 1698727264.4935753, "task_uuid": "8c0efa37-3ea9-4774-94e1-0ed03a0d7147", "task_level": [2], "message_type": "ERROR"}
{"action_status": "succeeded", "timestamp": 1698727264.4936347, "task_uuid": "8c0efa37-3ea9-4774-94e1-0ed03a0d7147", "action_type": "ERROR_CANDIDATE", "task_level": [3]}
{"action_status": "started", "timestamp": 1698727267.1720002, "task_uuid": "f5b2f9dc-f920-417e-83ca-63a26041de3d", "action_type": "ERROR_CANDIDATE", "task_level": [1]}
{"optimizer": "BOCA", "message": "No unique candidate found.", "iteration": 166, "all_candidates": [], "timestamp": 1698727267.172142, "task_uuid": "f5b2f9dc-f920-417e-83ca-63a26041de3d", "task_level": [2], "message_type": "ERROR"}
{"action_status": "succeeded", "timestamp": 1698727267.1722047, "task_uuid": "f5b2f9dc-f920-417e-83ca-63a26041de3d", "action_type": "ERROR_CANDIDATE", "task_level": [3]}
{"action_status": "started", "timestamp": 1698727269.9735863, "task_uuid": "81a2227e-19df-4bf8-833c-a878f20787b8", "action_type": "ERROR_CANDIDATE", "task_level": [1]}
{"optimizer": "BOCA", "message": "No unique candidate found.", "iteration": 167, "all_candidates": [], "timestamp": 1698727269.973711, "task_uuid": "81a2227e-19df-4bf8-833c-a878f20787b8", "task_level": [2], "message_type": "ERROR"}
{"action_status": "succeeded", "timestamp": 1698727269.9737723, "task_uuid": "81a2227e-19df-4bf8-833c-a878f20787b8", "action_type": "ERROR_CANDIDATE", "task_level": [3]}
{"action_status": "started", "timestamp": 1698727272.7924023, "task_uuid": "18fccbcb-5c40-477e-a5af-4b3678e72908", "action_type": "ERROR_CANDIDATE", "task_level": [1]}
{"optimizer": "BOCA", "message": "No unique candidate found.", "iteration": 168, "all_candidates": [], "timestamp": 1698727272.792532, "task_uuid": "18fccbcb-5c40-477e-a5af-4b3678e72908", "task_level": [2], "message_type": "ERROR"}
{"action_status": "succeeded", "timestamp": 1698727272.7925916, "task_uuid": "18fccbcb-5c40-477e-a5af-4b3678e72908", "action_type": "ERROR_CANDIDATE", "task_level": [3]}
{"action_status": "started", "timestamp": 1698727275.5817378, "task_uuid": "12123a7d-ea20-448b-83af-3f21e503982d", "action_type": "ERROR_CANDIDATE", "task_level": [1]}
{"optimizer": "BOCA", "message": "No unique candidate found.", "iteration": 169, "all_candidates": [], "timestamp": 1698727275.581863, "task_uuid": "12123a7d-ea20-448b-83af-3f21e503982d", "task_level": [2], "message_type": "ERROR"}
{"action_status": "succeeded", "timestamp": 1698727275.5819232, "task_uuid": "12123a7d-ea20-448b-83af-3f21e503982d", "action_type": "ERROR_CANDIDATE", "task_level": [3]}
{"action_status": "started", "timestamp": 1698727275.9728043, "task_uuid": "0a33a1ed-1032-4a0f-9635-674bea07e18e", "action_type": "LOG_RESULTS", "task_level": [1]}
{"optimizer": "BOCA", "no": "0", "best_result": [["-O0", "-fregs-graph", "-fdicts-strict", "-fmax-inline-alloc-size=128", "-fmax-simplifier-iterations=4", "-funfolding-keeness-factor=1.5", "-fregs-iterative", "-fstrictness-before=1", "-fstatic-argument-transformation", "-fmax-inline-memset-insns=32", "-fenable-rewrite-rules", "-funfolding-use-threshold=60", "-fcase-merge", "-fsimpl-tick-factor=100", "-fstrictness", "-fignore-interface-pragmas", "-ffull-laziness", "-fspecialise", "-fcmm-sink", "-fexpose-all-unfoldings", "-fexcess-precision", "-fvectorisation-avoidance", "-fno-state-hack", "-funfolding-dict-discount=30", "-fno-pre-inlining", "-funfolding-creation-threshold=750", "-fomit-interface-pragmas", "-fdo-lambda-eta-expansion", "-ffun-to-thunk", "-fliberate-case-threshold=2000", "-foptimal-applicative-do", "-fmax-inline-memcpy-insns=32", "-fdo-eta-reduction", "-fsimplifier-phases=2", "-fdicts-cheap", "-fmax-worker-args=10", "-fworker-wrapper", "-fcmm-elim-common-blocks", "-fdmd-tx-dict-sel", "-ffloat-in", "-fpedantic-bottoms", "-fspec-constr-count=3", "-fno-opt-coercion", "-fspec-constr-threshold=2000", "-floopification", "-fmax-relevant-binds=6", "-fomit-yields", "-fliberate-case", "-fspec-constr", "-fcse", "-feager-blackholing"], 0.209], "run_allowance": 334, "iterations": 0, "timestamp": 1698727275.9729102, "task_uuid": "0a33a1ed-1032-4a0f-9635-674bea07e18e", "task_level": [2], "message_type": "INFO"}
{"action_status": "succeeded", "timestamp": 1698727275.9730017, "task_uuid": "0a33a1ed-1032-4a0f-9635-674bea07e18e", "action_type": "LOG_RESULTS", "task_level": [3]}
