{"test_path": "spectral/sorting", "test_desc": "Thesis_RIO", "action_status": "started", "timestamp": 1714936993.3794858, "task_uuid": "8e16f809-c6be-40c9-950b-db11143c94ad", "action_type": "OPTIMIZER_CREATION", "task_level": [1]}
{"action_status": "started", "timestamp": 1714936993.3800712, "task_uuid": "8e16f809-c6be-40c9-950b-db11143c94ad", "action_type": "LOG_RESULTS", "task_level": [2, 1]}
{"action_status": "succeeded", "timestamp": 1714936993.3920302, "task_uuid": "8e16f809-c6be-40c9-950b-db11143c94ad", "action_type": "OPTIMIZER_CREATION", "task_level": [3]}
{"test_path": "spectral/sorting", "test_desc": "Thesis_RIO", "action_status": "started", "timestamp": 1714936993.3922155, "task_uuid": "d5a69a15-1ff6-4d1e-aac7-0ca593eb699a", "action_type": "OPTIMIZER_CREATION", "task_level": [1]}
{"action_status": "started", "timestamp": 1714936993.3924165, "task_uuid": "d5a69a15-1ff6-4d1e-aac7-0ca593eb699a", "action_type": "LOG_RESULTS", "task_level": [2, 1]}
{"action_status": "started", "timestamp": 1714936993.3924165, "task_uuid": "d5a69a15-1ff6-4d1e-aac7-0ca593eb699a", "action_type": "LOG_RESULTS", "task_level": [2, 1]}
{"action_status": "succeeded", "timestamp": 1714936993.4046884, "task_uuid": "d5a69a15-1ff6-4d1e-aac7-0ca593eb699a", "action_type": "OPTIMIZER_CREATION", "task_level": [3]}
{"action_status": "succeeded", "timestamp": 1714936993.4046884, "task_uuid": "d5a69a15-1ff6-4d1e-aac7-0ca593eb699a", "action_type": "OPTIMIZER_CREATION", "task_level": [3]}
{"test_path": "spectral/sorting", "test_desc": "Thesis_RIO", "action_status": "started", "timestamp": 1714936993.4048905, "task_uuid": "b81f4c37-19d8-419f-9d5e-0f83e726244d", "action_type": "OPTIMIZER_CREATION", "task_level": [1]}
{"test_path": "spectral/sorting", "test_desc": "Thesis_RIO", "action_status": "started", "timestamp": 1714936993.4048905, "task_uuid": "b81f4c37-19d8-419f-9d5e-0f83e726244d", "action_type": "OPTIMIZER_CREATION", "task_level": [1]}
{"action_status": "started", "timestamp": 1714936993.4051118, "task_uuid": "b81f4c37-19d8-419f-9d5e-0f83e726244d", "action_type": "LOG_RESULTS", "task_level": [2, 1]}
{"action_status": "started", "timestamp": 1714936993.4051118, "task_uuid": "b81f4c37-19d8-419f-9d5e-0f83e726244d", "action_type": "LOG_RESULTS", "task_level": [2, 1]}
{"action_status": "started", "timestamp": 1714936993.4051118, "task_uuid": "b81f4c37-19d8-419f-9d5e-0f83e726244d", "action_type": "LOG_RESULTS", "task_level": [2, 1]}
{"action_status": "succeeded", "timestamp": 1714936993.4170566, "task_uuid": "b81f4c37-19d8-419f-9d5e-0f83e726244d", "action_type": "OPTIMIZER_CREATION", "task_level": [3]}
{"action_status": "succeeded", "timestamp": 1714936993.4170566, "task_uuid": "b81f4c37-19d8-419f-9d5e-0f83e726244d", "action_type": "OPTIMIZER_CREATION", "task_level": [3]}
{"action_status": "succeeded", "timestamp": 1714936993.4170566, "task_uuid": "b81f4c37-19d8-419f-9d5e-0f83e726244d", "action_type": "OPTIMIZER_CREATION", "task_level": [3]}
{"test_path": "spectral/sorting", "test_desc": "Thesis_RIO", "action_status": "started", "timestamp": 1714936993.4172897, "task_uuid": "6137b8f4-f6dd-4965-80bb-e53058814382", "action_type": "OPTIMIZER_CREATION", "task_level": [1]}
{"test_path": "spectral/sorting", "test_desc": "Thesis_RIO", "action_status": "started", "timestamp": 1714936993.4172897, "task_uuid": "6137b8f4-f6dd-4965-80bb-e53058814382", "action_type": "OPTIMIZER_CREATION", "task_level": [1]}
{"test_path": "spectral/sorting", "test_desc": "Thesis_RIO", "action_status": "started", "timestamp": 1714936993.4172897, "task_uuid": "6137b8f4-f6dd-4965-80bb-e53058814382", "action_type": "OPTIMIZER_CREATION", "task_level": [1]}
{"action_status": "started", "timestamp": 1714936993.4175375, "task_uuid": "6137b8f4-f6dd-4965-80bb-e53058814382", "action_type": "LOG_RESULTS", "task_level": [2, 1]}
{"action_status": "started", "timestamp": 1714936993.4175375, "task_uuid": "6137b8f4-f6dd-4965-80bb-e53058814382", "action_type": "LOG_RESULTS", "task_level": [2, 1]}
{"action_status": "started", "timestamp": 1714936993.4175375, "task_uuid": "6137b8f4-f6dd-4965-80bb-e53058814382", "action_type": "LOG_RESULTS", "task_level": [2, 1]}
{"action_status": "started", "timestamp": 1714936993.4175375, "task_uuid": "6137b8f4-f6dd-4965-80bb-e53058814382", "action_type": "LOG_RESULTS", "task_level": [2, 1]}
{"action_status": "succeeded", "timestamp": 1714936993.4291232, "task_uuid": "6137b8f4-f6dd-4965-80bb-e53058814382", "action_type": "OPTIMIZER_CREATION", "task_level": [3]}
{"action_status": "succeeded", "timestamp": 1714936993.4291232, "task_uuid": "6137b8f4-f6dd-4965-80bb-e53058814382", "action_type": "OPTIMIZER_CREATION", "task_level": [3]}
{"action_status": "succeeded", "timestamp": 1714936993.4291232, "task_uuid": "6137b8f4-f6dd-4965-80bb-e53058814382", "action_type": "OPTIMIZER_CREATION", "task_level": [3]}
{"action_status": "succeeded", "timestamp": 1714936993.4291232, "task_uuid": "6137b8f4-f6dd-4965-80bb-e53058814382", "action_type": "OPTIMIZER_CREATION", "task_level": [3]}
{"test_path": "spectral/sorting", "test_desc": "Thesis_RIO", "action_status": "started", "timestamp": 1714936993.4293802, "task_uuid": "1e359396-4ac2-4cb7-aef4-9d5a4ec1fceb", "action_type": "OPTIMIZER_CREATION", "task_level": [1]}
{"test_path": "spectral/sorting", "test_desc": "Thesis_RIO", "action_status": "started", "timestamp": 1714936993.4293802, "task_uuid": "1e359396-4ac2-4cb7-aef4-9d5a4ec1fceb", "action_type": "OPTIMIZER_CREATION", "task_level": [1]}
{"test_path": "spectral/sorting", "test_desc": "Thesis_RIO", "action_status": "started", "timestamp": 1714936993.4293802, "task_uuid": "1e359396-4ac2-4cb7-aef4-9d5a4ec1fceb", "action_type": "OPTIMIZER_CREATION", "task_level": [1]}
{"test_path": "spectral/sorting", "test_desc": "Thesis_RIO", "action_status": "started", "timestamp": 1714936993.4293802, "task_uuid": "1e359396-4ac2-4cb7-aef4-9d5a4ec1fceb", "action_type": "OPTIMIZER_CREATION", "task_level": [1]}
{"action_status": "started", "timestamp": 1714936993.4296432, "task_uuid": "1e359396-4ac2-4cb7-aef4-9d5a4ec1fceb", "action_type": "LOG_RESULTS", "task_level": [2, 1]}
{"action_status": "started", "timestamp": 1714936993.4296432, "task_uuid": "1e359396-4ac2-4cb7-aef4-9d5a4ec1fceb", "action_type": "LOG_RESULTS", "task_level": [2, 1]}
{"action_status": "started", "timestamp": 1714936993.4296432, "task_uuid": "1e359396-4ac2-4cb7-aef4-9d5a4ec1fceb", "action_type": "LOG_RESULTS", "task_level": [2, 1]}
{"action_status": "started", "timestamp": 1714936993.4296432, "task_uuid": "1e359396-4ac2-4cb7-aef4-9d5a4ec1fceb", "action_type": "LOG_RESULTS", "task_level": [2, 1]}
{"action_status": "started", "timestamp": 1714936993.4296432, "task_uuid": "1e359396-4ac2-4cb7-aef4-9d5a4ec1fceb", "action_type": "LOG_RESULTS", "task_level": [2, 1]}
{"action_status": "succeeded", "timestamp": 1714936993.4410114, "task_uuid": "1e359396-4ac2-4cb7-aef4-9d5a4ec1fceb", "action_type": "OPTIMIZER_CREATION", "task_level": [3]}
{"action_status": "succeeded", "timestamp": 1714936993.4410114, "task_uuid": "1e359396-4ac2-4cb7-aef4-9d5a4ec1fceb", "action_type": "OPTIMIZER_CREATION", "task_level": [3]}
{"action_status": "succeeded", "timestamp": 1714936993.4410114, "task_uuid": "1e359396-4ac2-4cb7-aef4-9d5a4ec1fceb", "action_type": "OPTIMIZER_CREATION", "task_level": [3]}
{"action_status": "succeeded", "timestamp": 1714936993.4410114, "task_uuid": "1e359396-4ac2-4cb7-aef4-9d5a4ec1fceb", "action_type": "OPTIMIZER_CREATION", "task_level": [3]}
{"action_status": "succeeded", "timestamp": 1714936993.4410114, "task_uuid": "1e359396-4ac2-4cb7-aef4-9d5a4ec1fceb", "action_type": "OPTIMIZER_CREATION", "task_level": [3]}
{"test_path": "spectral/sorting", "test_desc": "Thesis_RIO", "action_status": "started", "timestamp": 1714936993.4412825, "task_uuid": "a7d7e062-f37a-40e3-9c9b-a2399e8c5f2e", "action_type": "OPTIMIZER_CREATION", "task_level": [1]}
{"test_path": "spectral/sorting", "test_desc": "Thesis_RIO", "action_status": "started", "timestamp": 1714936993.4412825, "task_uuid": "a7d7e062-f37a-40e3-9c9b-a2399e8c5f2e", "action_type": "OPTIMIZER_CREATION", "task_level": [1]}
{"test_path": "spectral/sorting", "test_desc": "Thesis_RIO", "action_status": "started", "timestamp": 1714936993.4412825, "task_uuid": "a7d7e062-f37a-40e3-9c9b-a2399e8c5f2e", "action_type": "OPTIMIZER_CREATION", "task_level": [1]}
{"test_path": "spectral/sorting", "test_desc": "Thesis_RIO", "action_status": "started", "timestamp": 1714936993.4412825, "task_uuid": "a7d7e062-f37a-40e3-9c9b-a2399e8c5f2e", "action_type": "OPTIMIZER_CREATION", "task_level": [1]}
{"test_path": "spectral/sorting", "test_desc": "Thesis_RIO", "action_status": "started", "timestamp": 1714936993.4412825, "task_uuid": "a7d7e062-f37a-40e3-9c9b-a2399e8c5f2e", "action_type": "OPTIMIZER_CREATION", "task_level": [1]}
{"action_status": "started", "timestamp": 1714936993.4416103, "task_uuid": "a7d7e062-f37a-40e3-9c9b-a2399e8c5f2e", "action_type": "LOG_RESULTS", "task_level": [2, 1]}
{"action_status": "started", "timestamp": 1714936993.4416103, "task_uuid": "a7d7e062-f37a-40e3-9c9b-a2399e8c5f2e", "action_type": "LOG_RESULTS", "task_level": [2, 1]}
{"action_status": "started", "timestamp": 1714936993.4416103, "task_uuid": "a7d7e062-f37a-40e3-9c9b-a2399e8c5f2e", "action_type": "LOG_RESULTS", "task_level": [2, 1]}
{"action_status": "started", "timestamp": 1714936993.4416103, "task_uuid": "a7d7e062-f37a-40e3-9c9b-a2399e8c5f2e", "action_type": "LOG_RESULTS", "task_level": [2, 1]}
{"action_status": "started", "timestamp": 1714936993.4416103, "task_uuid": "a7d7e062-f37a-40e3-9c9b-a2399e8c5f2e", "action_type": "LOG_RESULTS", "task_level": [2, 1]}
{"action_status": "started", "timestamp": 1714936993.4416103, "task_uuid": "a7d7e062-f37a-40e3-9c9b-a2399e8c5f2e", "action_type": "LOG_RESULTS", "task_level": [2, 1]}
{"action_status": "succeeded", "timestamp": 1714936993.4530458, "task_uuid": "a7d7e062-f37a-40e3-9c9b-a2399e8c5f2e", "action_type": "OPTIMIZER_CREATION", "task_level": [3]}
{"action_status": "succeeded", "timestamp": 1714936993.4530458, "task_uuid": "a7d7e062-f37a-40e3-9c9b-a2399e8c5f2e", "action_type": "OPTIMIZER_CREATION", "task_level": [3]}
{"action_status": "succeeded", "timestamp": 1714936993.4530458, "task_uuid": "a7d7e062-f37a-40e3-9c9b-a2399e8c5f2e", "action_type": "OPTIMIZER_CREATION", "task_level": [3]}
{"action_status": "succeeded", "timestamp": 1714936993.4530458, "task_uuid": "a7d7e062-f37a-40e3-9c9b-a2399e8c5f2e", "action_type": "OPTIMIZER_CREATION", "task_level": [3]}
{"action_status": "succeeded", "timestamp": 1714936993.4530458, "task_uuid": "a7d7e062-f37a-40e3-9c9b-a2399e8c5f2e", "action_type": "OPTIMIZER_CREATION", "task_level": [3]}
{"action_status": "succeeded", "timestamp": 1714936993.4530458, "task_uuid": "a7d7e062-f37a-40e3-9c9b-a2399e8c5f2e", "action_type": "OPTIMIZER_CREATION", "task_level": [3]}
{"test_path": "spectral/sorting", "test_desc": "Thesis_RIO", "action_status": "started", "timestamp": 1714936993.4533966, "task_uuid": "ae6464e4-aac1-4dd6-9b3d-2878284e5e4d", "action_type": "OPTIMIZER_CREATION", "task_level": [1]}
{"test_path": "spectral/sorting", "test_desc": "Thesis_RIO", "action_status": "started", "timestamp": 1714936993.4533966, "task_uuid": "ae6464e4-aac1-4dd6-9b3d-2878284e5e4d", "action_type": "OPTIMIZER_CREATION", "task_level": [1]}
{"test_path": "spectral/sorting", "test_desc": "Thesis_RIO", "action_status": "started", "timestamp": 1714936993.4533966, "task_uuid": "ae6464e4-aac1-4dd6-9b3d-2878284e5e4d", "action_type": "OPTIMIZER_CREATION", "task_level": [1]}
{"test_path": "spectral/sorting", "test_desc": "Thesis_RIO", "action_status": "started", "timestamp": 1714936993.4533966, "task_uuid": "ae6464e4-aac1-4dd6-9b3d-2878284e5e4d", "action_type": "OPTIMIZER_CREATION", "task_level": [1]}
{"test_path": "spectral/sorting", "test_desc": "Thesis_RIO", "action_status": "started", "timestamp": 1714936993.4533966, "task_uuid": "ae6464e4-aac1-4dd6-9b3d-2878284e5e4d", "action_type": "OPTIMIZER_CREATION", "task_level": [1]}
{"test_path": "spectral/sorting", "test_desc": "Thesis_RIO", "action_status": "started", "timestamp": 1714936993.4533966, "task_uuid": "ae6464e4-aac1-4dd6-9b3d-2878284e5e4d", "action_type": "OPTIMIZER_CREATION", "task_level": [1]}
{"action_status": "started", "timestamp": 1714936993.4537418, "task_uuid": "ae6464e4-aac1-4dd6-9b3d-2878284e5e4d", "action_type": "LOG_RESULTS", "task_level": [2, 1]}
{"action_status": "started", "timestamp": 1714936993.4537418, "task_uuid": "ae6464e4-aac1-4dd6-9b3d-2878284e5e4d", "action_type": "LOG_RESULTS", "task_level": [2, 1]}
{"action_status": "started", "timestamp": 1714936993.4537418, "task_uuid": "ae6464e4-aac1-4dd6-9b3d-2878284e5e4d", "action_type": "LOG_RESULTS", "task_level": [2, 1]}
{"action_status": "started", "timestamp": 1714936993.4537418, "task_uuid": "ae6464e4-aac1-4dd6-9b3d-2878284e5e4d", "action_type": "LOG_RESULTS", "task_level": [2, 1]}
{"action_status": "started", "timestamp": 1714936993.4537418, "task_uuid": "ae6464e4-aac1-4dd6-9b3d-2878284e5e4d", "action_type": "LOG_RESULTS", "task_level": [2, 1]}
{"action_status": "started", "timestamp": 1714936993.4537418, "task_uuid": "ae6464e4-aac1-4dd6-9b3d-2878284e5e4d", "action_type": "LOG_RESULTS", "task_level": [2, 1]}
{"action_status": "started", "timestamp": 1714936993.4537418, "task_uuid": "ae6464e4-aac1-4dd6-9b3d-2878284e5e4d", "action_type": "LOG_RESULTS", "task_level": [2, 1]}
{"action_status": "succeeded", "timestamp": 1714936993.4653144, "task_uuid": "ae6464e4-aac1-4dd6-9b3d-2878284e5e4d", "action_type": "OPTIMIZER_CREATION", "task_level": [3]}
{"action_status": "succeeded", "timestamp": 1714936993.4653144, "task_uuid": "ae6464e4-aac1-4dd6-9b3d-2878284e5e4d", "action_type": "OPTIMIZER_CREATION", "task_level": [3]}
{"action_status": "succeeded", "timestamp": 1714936993.4653144, "task_uuid": "ae6464e4-aac1-4dd6-9b3d-2878284e5e4d", "action_type": "OPTIMIZER_CREATION", "task_level": [3]}
{"action_status": "succeeded", "timestamp": 1714936993.4653144, "task_uuid": "ae6464e4-aac1-4dd6-9b3d-2878284e5e4d", "action_type": "OPTIMIZER_CREATION", "task_level": [3]}
{"action_status": "succeeded", "timestamp": 1714936993.4653144, "task_uuid": "ae6464e4-aac1-4dd6-9b3d-2878284e5e4d", "action_type": "OPTIMIZER_CREATION", "task_level": [3]}
{"action_status": "succeeded", "timestamp": 1714936993.4653144, "task_uuid": "ae6464e4-aac1-4dd6-9b3d-2878284e5e4d", "action_type": "OPTIMIZER_CREATION", "task_level": [3]}
{"action_status": "succeeded", "timestamp": 1714936993.4653144, "task_uuid": "ae6464e4-aac1-4dd6-9b3d-2878284e5e4d", "action_type": "OPTIMIZER_CREATION", "task_level": [3]}
{"test_path": "spectral/sorting", "test_desc": "Thesis_RIO", "action_status": "started", "timestamp": 1714936993.4656827, "task_uuid": "9bf4f72d-f96a-4bd2-a22d-c8959c8acf3b", "action_type": "OPTIMIZER_CREATION", "task_level": [1]}
{"test_path": "spectral/sorting", "test_desc": "Thesis_RIO", "action_status": "started", "timestamp": 1714936993.4656827, "task_uuid": "9bf4f72d-f96a-4bd2-a22d-c8959c8acf3b", "action_type": "OPTIMIZER_CREATION", "task_level": [1]}
{"test_path": "spectral/sorting", "test_desc": "Thesis_RIO", "action_status": "started", "timestamp": 1714936993.4656827, "task_uuid": "9bf4f72d-f96a-4bd2-a22d-c8959c8acf3b", "action_type": "OPTIMIZER_CREATION", "task_level": [1]}
{"test_path": "spectral/sorting", "test_desc": "Thesis_RIO", "action_status": "started", "timestamp": 1714936993.4656827, "task_uuid": "9bf4f72d-f96a-4bd2-a22d-c8959c8acf3b", "action_type": "OPTIMIZER_CREATION", "task_level": [1]}
{"test_path": "spectral/sorting", "test_desc": "Thesis_RIO", "action_status": "started", "timestamp": 1714936993.4656827, "task_uuid": "9bf4f72d-f96a-4bd2-a22d-c8959c8acf3b", "action_type": "OPTIMIZER_CREATION", "task_level": [1]}
{"test_path": "spectral/sorting", "test_desc": "Thesis_RIO", "action_status": "started", "timestamp": 1714936993.4656827, "task_uuid": "9bf4f72d-f96a-4bd2-a22d-c8959c8acf3b", "action_type": "OPTIMIZER_CREATION", "task_level": [1]}
{"test_path": "spectral/sorting", "test_desc": "Thesis_RIO", "action_status": "started", "timestamp": 1714936993.4656827, "task_uuid": "9bf4f72d-f96a-4bd2-a22d-c8959c8acf3b", "action_type": "OPTIMIZER_CREATION", "task_level": [1]}
{"action_status": "started", "timestamp": 1714936993.4660306, "task_uuid": "9bf4f72d-f96a-4bd2-a22d-c8959c8acf3b", "action_type": "LOG_RESULTS", "task_level": [2, 1]}
{"action_status": "started", "timestamp": 1714936993.4660306, "task_uuid": "9bf4f72d-f96a-4bd2-a22d-c8959c8acf3b", "action_type": "LOG_RESULTS", "task_level": [2, 1]}
{"action_status": "started", "timestamp": 1714936993.4660306, "task_uuid": "9bf4f72d-f96a-4bd2-a22d-c8959c8acf3b", "action_type": "LOG_RESULTS", "task_level": [2, 1]}
{"action_status": "started", "timestamp": 1714936993.4660306, "task_uuid": "9bf4f72d-f96a-4bd2-a22d-c8959c8acf3b", "action_type": "LOG_RESULTS", "task_level": [2, 1]}
{"action_status": "started", "timestamp": 1714936993.4660306, "task_uuid": "9bf4f72d-f96a-4bd2-a22d-c8959c8acf3b", "action_type": "LOG_RESULTS", "task_level": [2, 1]}
{"action_status": "started", "timestamp": 1714936993.4660306, "task_uuid": "9bf4f72d-f96a-4bd2-a22d-c8959c8acf3b", "action_type": "LOG_RESULTS", "task_level": [2, 1]}
{"action_status": "started", "timestamp": 1714936993.4660306, "task_uuid": "9bf4f72d-f96a-4bd2-a22d-c8959c8acf3b", "action_type": "LOG_RESULTS", "task_level": [2, 1]}
{"action_status": "started", "timestamp": 1714936993.4660306, "task_uuid": "9bf4f72d-f96a-4bd2-a22d-c8959c8acf3b", "action_type": "LOG_RESULTS", "task_level": [2, 1]}
{"action_status": "succeeded", "timestamp": 1714936993.4774218, "task_uuid": "9bf4f72d-f96a-4bd2-a22d-c8959c8acf3b", "action_type": "OPTIMIZER_CREATION", "task_level": [3]}
{"action_status": "succeeded", "timestamp": 1714936993.4774218, "task_uuid": "9bf4f72d-f96a-4bd2-a22d-c8959c8acf3b", "action_type": "OPTIMIZER_CREATION", "task_level": [3]}
{"action_status": "succeeded", "timestamp": 1714936993.4774218, "task_uuid": "9bf4f72d-f96a-4bd2-a22d-c8959c8acf3b", "action_type": "OPTIMIZER_CREATION", "task_level": [3]}
{"action_status": "succeeded", "timestamp": 1714936993.4774218, "task_uuid": "9bf4f72d-f96a-4bd2-a22d-c8959c8acf3b", "action_type": "OPTIMIZER_CREATION", "task_level": [3]}
{"action_status": "succeeded", "timestamp": 1714936993.4774218, "task_uuid": "9bf4f72d-f96a-4bd2-a22d-c8959c8acf3b", "action_type": "OPTIMIZER_CREATION", "task_level": [3]}
{"action_status": "succeeded", "timestamp": 1714936993.4774218, "task_uuid": "9bf4f72d-f96a-4bd2-a22d-c8959c8acf3b", "action_type": "OPTIMIZER_CREATION", "task_level": [3]}
{"action_status": "succeeded", "timestamp": 1714936993.4774218, "task_uuid": "9bf4f72d-f96a-4bd2-a22d-c8959c8acf3b", "action_type": "OPTIMIZER_CREATION", "task_level": [3]}
{"action_status": "succeeded", "timestamp": 1714936993.4774218, "task_uuid": "9bf4f72d-f96a-4bd2-a22d-c8959c8acf3b", "action_type": "OPTIMIZER_CREATION", "task_level": [3]}
{"test_path": "spectral/sorting", "test_desc": "Thesis_RIO", "action_status": "started", "timestamp": 1714936993.4777832, "task_uuid": "6c3db699-f034-473d-b8b2-1b84a241d694", "action_type": "OPTIMIZER_CREATION", "task_level": [1]}
{"test_path": "spectral/sorting", "test_desc": "Thesis_RIO", "action_status": "started", "timestamp": 1714936993.4777832, "task_uuid": "6c3db699-f034-473d-b8b2-1b84a241d694", "action_type": "OPTIMIZER_CREATION", "task_level": [1]}
{"test_path": "spectral/sorting", "test_desc": "Thesis_RIO", "action_status": "started", "timestamp": 1714936993.4777832, "task_uuid": "6c3db699-f034-473d-b8b2-1b84a241d694", "action_type": "OPTIMIZER_CREATION", "task_level": [1]}
{"test_path": "spectral/sorting", "test_desc": "Thesis_RIO", "action_status": "started", "timestamp": 1714936993.4777832, "task_uuid": "6c3db699-f034-473d-b8b2-1b84a241d694", "action_type": "OPTIMIZER_CREATION", "task_level": [1]}
{"test_path": "spectral/sorting", "test_desc": "Thesis_RIO", "action_status": "started", "timestamp": 1714936993.4777832, "task_uuid": "6c3db699-f034-473d-b8b2-1b84a241d694", "action_type": "OPTIMIZER_CREATION", "task_level": [1]}
{"test_path": "spectral/sorting", "test_desc": "Thesis_RIO", "action_status": "started", "timestamp": 1714936993.4777832, "task_uuid": "6c3db699-f034-473d-b8b2-1b84a241d694", "action_type": "OPTIMIZER_CREATION", "task_level": [1]}
{"test_path": "spectral/sorting", "test_desc": "Thesis_RIO", "action_status": "started", "timestamp": 1714936993.4777832, "task_uuid": "6c3db699-f034-473d-b8b2-1b84a241d694", "action_type": "OPTIMIZER_CREATION", "task_level": [1]}
{"test_path": "spectral/sorting", "test_desc": "Thesis_RIO", "action_status": "started", "timestamp": 1714936993.4777832, "task_uuid": "6c3db699-f034-473d-b8b2-1b84a241d694", "action_type": "OPTIMIZER_CREATION", "task_level": [1]}
{"action_status": "started", "timestamp": 1714936993.4781642, "task_uuid": "6c3db699-f034-473d-b8b2-1b84a241d694", "action_type": "LOG_RESULTS", "task_level": [2, 1]}
{"action_status": "started", "timestamp": 1714936993.4781642, "task_uuid": "6c3db699-f034-473d-b8b2-1b84a241d694", "action_type": "LOG_RESULTS", "task_level": [2, 1]}
{"action_status": "started", "timestamp": 1714936993.4781642, "task_uuid": "6c3db699-f034-473d-b8b2-1b84a241d694", "action_type": "LOG_RESULTS", "task_level": [2, 1]}
{"action_status": "started", "timestamp": 1714936993.4781642, "task_uuid": "6c3db699-f034-473d-b8b2-1b84a241d694", "action_type": "LOG_RESULTS", "task_level": [2, 1]}
{"action_status": "started", "timestamp": 1714936993.4781642, "task_uuid": "6c3db699-f034-473d-b8b2-1b84a241d694", "action_type": "LOG_RESULTS", "task_level": [2, 1]}
{"action_status": "started", "timestamp": 1714936993.4781642, "task_uuid": "6c3db699-f034-473d-b8b2-1b84a241d694", "action_type": "LOG_RESULTS", "task_level": [2, 1]}
{"action_status": "started", "timestamp": 1714936993.4781642, "task_uuid": "6c3db699-f034-473d-b8b2-1b84a241d694", "action_type": "LOG_RESULTS", "task_level": [2, 1]}
{"action_status": "started", "timestamp": 1714936993.4781642, "task_uuid": "6c3db699-f034-473d-b8b2-1b84a241d694", "action_type": "LOG_RESULTS", "task_level": [2, 1]}
{"action_status": "started", "timestamp": 1714936993.4781642, "task_uuid": "6c3db699-f034-473d-b8b2-1b84a241d694", "action_type": "LOG_RESULTS", "task_level": [2, 1]}
{"action_status": "succeeded", "timestamp": 1714936993.4895918, "task_uuid": "6c3db699-f034-473d-b8b2-1b84a241d694", "action_type": "OPTIMIZER_CREATION", "task_level": [3]}
{"action_status": "succeeded", "timestamp": 1714936993.4895918, "task_uuid": "6c3db699-f034-473d-b8b2-1b84a241d694", "action_type": "OPTIMIZER_CREATION", "task_level": [3]}
{"action_status": "succeeded", "timestamp": 1714936993.4895918, "task_uuid": "6c3db699-f034-473d-b8b2-1b84a241d694", "action_type": "OPTIMIZER_CREATION", "task_level": [3]}
{"action_status": "succeeded", "timestamp": 1714936993.4895918, "task_uuid": "6c3db699-f034-473d-b8b2-1b84a241d694", "action_type": "OPTIMIZER_CREATION", "task_level": [3]}
{"action_status": "succeeded", "timestamp": 1714936993.4895918, "task_uuid": "6c3db699-f034-473d-b8b2-1b84a241d694", "action_type": "OPTIMIZER_CREATION", "task_level": [3]}
{"action_status": "succeeded", "timestamp": 1714936993.4895918, "task_uuid": "6c3db699-f034-473d-b8b2-1b84a241d694", "action_type": "OPTIMIZER_CREATION", "task_level": [3]}
{"action_status": "succeeded", "timestamp": 1714936993.4895918, "task_uuid": "6c3db699-f034-473d-b8b2-1b84a241d694", "action_type": "OPTIMIZER_CREATION", "task_level": [3]}
{"action_status": "succeeded", "timestamp": 1714936993.4895918, "task_uuid": "6c3db699-f034-473d-b8b2-1b84a241d694", "action_type": "OPTIMIZER_CREATION", "task_level": [3]}
{"action_status": "succeeded", "timestamp": 1714936993.4895918, "task_uuid": "6c3db699-f034-473d-b8b2-1b84a241d694", "action_type": "OPTIMIZER_CREATION", "task_level": [3]}
{"test_path": "spectral/sorting", "test_desc": "Thesis_RIO", "action_status": "started", "timestamp": 1714936993.4899843, "task_uuid": "8c58f14c-1fc7-4b6b-9cc8-0dc369be3174", "action_type": "OPTIMIZER_CREATION", "task_level": [1]}
{"test_path": "spectral/sorting", "test_desc": "Thesis_RIO", "action_status": "started", "timestamp": 1714936993.4899843, "task_uuid": "8c58f14c-1fc7-4b6b-9cc8-0dc369be3174", "action_type": "OPTIMIZER_CREATION", "task_level": [1]}
{"test_path": "spectral/sorting", "test_desc": "Thesis_RIO", "action_status": "started", "timestamp": 1714936993.4899843, "task_uuid": "8c58f14c-1fc7-4b6b-9cc8-0dc369be3174", "action_type": "OPTIMIZER_CREATION", "task_level": [1]}
{"test_path": "spectral/sorting", "test_desc": "Thesis_RIO", "action_status": "started", "timestamp": 1714936993.4899843, "task_uuid": "8c58f14c-1fc7-4b6b-9cc8-0dc369be3174", "action_type": "OPTIMIZER_CREATION", "task_level": [1]}
{"test_path": "spectral/sorting", "test_desc": "Thesis_RIO", "action_status": "started", "timestamp": 1714936993.4899843, "task_uuid": "8c58f14c-1fc7-4b6b-9cc8-0dc369be3174", "action_type": "OPTIMIZER_CREATION", "task_level": [1]}
{"test_path": "spectral/sorting", "test_desc": "Thesis_RIO", "action_status": "started", "timestamp": 1714936993.4899843, "task_uuid": "8c58f14c-1fc7-4b6b-9cc8-0dc369be3174", "action_type": "OPTIMIZER_CREATION", "task_level": [1]}
{"test_path": "spectral/sorting", "test_desc": "Thesis_RIO", "action_status": "started", "timestamp": 1714936993.4899843, "task_uuid": "8c58f14c-1fc7-4b6b-9cc8-0dc369be3174", "action_type": "OPTIMIZER_CREATION", "task_level": [1]}
{"test_path": "spectral/sorting", "test_desc": "Thesis_RIO", "action_status": "started", "timestamp": 1714936993.4899843, "task_uuid": "8c58f14c-1fc7-4b6b-9cc8-0dc369be3174", "action_type": "OPTIMIZER_CREATION", "task_level": [1]}
{"test_path": "spectral/sorting", "test_desc": "Thesis_RIO", "action_status": "started", "timestamp": 1714936993.4899843, "task_uuid": "8c58f14c-1fc7-4b6b-9cc8-0dc369be3174", "action_type": "OPTIMIZER_CREATION", "task_level": [1]}
{"action_status": "started", "timestamp": 1714936993.4903936, "task_uuid": "8c58f14c-1fc7-4b6b-9cc8-0dc369be3174", "action_type": "LOG_RESULTS", "task_level": [2, 1]}
{"action_status": "started", "timestamp": 1714936993.4903936, "task_uuid": "8c58f14c-1fc7-4b6b-9cc8-0dc369be3174", "action_type": "LOG_RESULTS", "task_level": [2, 1]}
{"action_status": "started", "timestamp": 1714936993.4903936, "task_uuid": "8c58f14c-1fc7-4b6b-9cc8-0dc369be3174", "action_type": "LOG_RESULTS", "task_level": [2, 1]}
{"action_status": "started", "timestamp": 1714936993.4903936, "task_uuid": "8c58f14c-1fc7-4b6b-9cc8-0dc369be3174", "action_type": "LOG_RESULTS", "task_level": [2, 1]}
{"action_status": "started", "timestamp": 1714936993.4903936, "task_uuid": "8c58f14c-1fc7-4b6b-9cc8-0dc369be3174", "action_type": "LOG_RESULTS", "task_level": [2, 1]}
{"action_status": "started", "timestamp": 1714936993.4903936, "task_uuid": "8c58f14c-1fc7-4b6b-9cc8-0dc369be3174", "action_type": "LOG_RESULTS", "task_level": [2, 1]}
{"action_status": "started", "timestamp": 1714936993.4903936, "task_uuid": "8c58f14c-1fc7-4b6b-9cc8-0dc369be3174", "action_type": "LOG_RESULTS", "task_level": [2, 1]}
{"action_status": "started", "timestamp": 1714936993.4903936, "task_uuid": "8c58f14c-1fc7-4b6b-9cc8-0dc369be3174", "action_type": "LOG_RESULTS", "task_level": [2, 1]}
{"action_status": "started", "timestamp": 1714936993.4903936, "task_uuid": "8c58f14c-1fc7-4b6b-9cc8-0dc369be3174", "action_type": "LOG_RESULTS", "task_level": [2, 1]}
{"action_status": "started", "timestamp": 1714936993.4903936, "task_uuid": "8c58f14c-1fc7-4b6b-9cc8-0dc369be3174", "action_type": "LOG_RESULTS", "task_level": [2, 1]}
{"action_status": "succeeded", "timestamp": 1714936993.5018766, "task_uuid": "8c58f14c-1fc7-4b6b-9cc8-0dc369be3174", "action_type": "OPTIMIZER_CREATION", "task_level": [3]}
{"action_status": "succeeded", "timestamp": 1714936993.5018766, "task_uuid": "8c58f14c-1fc7-4b6b-9cc8-0dc369be3174", "action_type": "OPTIMIZER_CREATION", "task_level": [3]}
{"action_status": "succeeded", "timestamp": 1714936993.5018766, "task_uuid": "8c58f14c-1fc7-4b6b-9cc8-0dc369be3174", "action_type": "OPTIMIZER_CREATION", "task_level": [3]}
{"action_status": "succeeded", "timestamp": 1714936993.5018766, "task_uuid": "8c58f14c-1fc7-4b6b-9cc8-0dc369be3174", "action_type": "OPTIMIZER_CREATION", "task_level": [3]}
{"action_status": "succeeded", "timestamp": 1714936993.5018766, "task_uuid": "8c58f14c-1fc7-4b6b-9cc8-0dc369be3174", "action_type": "OPTIMIZER_CREATION", "task_level": [3]}
{"action_status": "succeeded", "timestamp": 1714936993.5018766, "task_uuid": "8c58f14c-1fc7-4b6b-9cc8-0dc369be3174", "action_type": "OPTIMIZER_CREATION", "task_level": [3]}
{"action_status": "succeeded", "timestamp": 1714936993.5018766, "task_uuid": "8c58f14c-1fc7-4b6b-9cc8-0dc369be3174", "action_type": "OPTIMIZER_CREATION", "task_level": [3]}
{"action_status": "succeeded", "timestamp": 1714936993.5018766, "task_uuid": "8c58f14c-1fc7-4b6b-9cc8-0dc369be3174", "action_type": "OPTIMIZER_CREATION", "task_level": [3]}
{"action_status": "succeeded", "timestamp": 1714936993.5018766, "task_uuid": "8c58f14c-1fc7-4b6b-9cc8-0dc369be3174", "action_type": "OPTIMIZER_CREATION", "task_level": [3]}
{"action_status": "succeeded", "timestamp": 1714936993.5018766, "task_uuid": "8c58f14c-1fc7-4b6b-9cc8-0dc369be3174", "action_type": "OPTIMIZER_CREATION", "task_level": [3]}
{"action_status": "started", "timestamp": 1714937550.0550354, "task_uuid": "c843c0de-d913-44df-a83b-5dd7a6000f44", "action_type": "LOG_RESULTS", "task_level": [1]}
{"action_status": "started", "timestamp": 1714937550.0550354, "task_uuid": "c843c0de-d913-44df-a83b-5dd7a6000f44", "action_type": "LOG_RESULTS", "task_level": [1]}
{"action_status": "started", "timestamp": 1714937550.0550354, "task_uuid": "c843c0de-d913-44df-a83b-5dd7a6000f44", "action_type": "LOG_RESULTS", "task_level": [1]}
{"action_status": "started", "timestamp": 1714937550.0550354, "task_uuid": "c843c0de-d913-44df-a83b-5dd7a6000f44", "action_type": "LOG_RESULTS", "task_level": [1]}
{"action_status": "started", "timestamp": 1714937550.0550354, "task_uuid": "c843c0de-d913-44df-a83b-5dd7a6000f44", "action_type": "LOG_RESULTS", "task_level": [1]}
{"action_status": "started", "timestamp": 1714937550.0550354, "task_uuid": "c843c0de-d913-44df-a83b-5dd7a6000f44", "action_type": "LOG_RESULTS", "task_level": [1]}
{"action_status": "started", "timestamp": 1714937550.0550354, "task_uuid": "c843c0de-d913-44df-a83b-5dd7a6000f44", "action_type": "LOG_RESULTS", "task_level": [1]}
{"action_status": "started", "timestamp": 1714937550.0550354, "task_uuid": "c843c0de-d913-44df-a83b-5dd7a6000f44", "action_type": "LOG_RESULTS", "task_level": [1]}
{"action_status": "started", "timestamp": 1714937550.0550354, "task_uuid": "c843c0de-d913-44df-a83b-5dd7a6000f44", "action_type": "LOG_RESULTS", "task_level": [1]}
{"action_status": "started", "timestamp": 1714937550.0550354, "task_uuid": "c843c0de-d913-44df-a83b-5dd7a6000f44", "action_type": "LOG_RESULTS", "task_level": [1]}
{"optimizer": "RIO", "no": "0", "best_result": ["0|1|2|3|4|5|6|7|8|9|10|11|12|13|15|17|23|19|18|21|16|14|20|22", 0.139], "run_allowance": 9500, "iterations": 500, "timestamp": 1714937550.0554125, "task_uuid": "c843c0de-d913-44df-a83b-5dd7a6000f44", "task_level": [2], "message_type": "INFO"}
{"optimizer": "RIO", "no": "0", "best_result": ["0|1|2|3|4|5|6|7|8|9|10|11|12|13|15|17|23|19|18|21|16|14|20|22", 0.139], "run_allowance": 9500, "iterations": 500, "timestamp": 1714937550.0554125, "task_uuid": "c843c0de-d913-44df-a83b-5dd7a6000f44", "task_level": [2], "message_type": "INFO"}
{"optimizer": "RIO", "no": "0", "best_result": ["0|1|2|3|4|5|6|7|8|9|10|11|12|13|15|17|23|19|18|21|16|14|20|22", 0.139], "run_allowance": 9500, "iterations": 500, "timestamp": 1714937550.0554125, "task_uuid": "c843c0de-d913-44df-a83b-5dd7a6000f44", "task_level": [2], "message_type": "INFO"}
{"optimizer": "RIO", "no": "0", "best_result": ["0|1|2|3|4|5|6|7|8|9|10|11|12|13|15|17|23|19|18|21|16|14|20|22", 0.139], "run_allowance": 9500, "iterations": 500, "timestamp": 1714937550.0554125, "task_uuid": "c843c0de-d913-44df-a83b-5dd7a6000f44", "task_level": [2], "message_type": "INFO"}
{"optimizer": "RIO", "no": "0", "best_result": ["0|1|2|3|4|5|6|7|8|9|10|11|12|13|15|17|23|19|18|21|16|14|20|22", 0.139], "run_allowance": 9500, "iterations": 500, "timestamp": 1714937550.0554125, "task_uuid": "c843c0de-d913-44df-a83b-5dd7a6000f44", "task_level": [2], "message_type": "INFO"}
{"optimizer": "RIO", "no": "0", "best_result": ["0|1|2|3|4|5|6|7|8|9|10|11|12|13|15|17|23|19|18|21|16|14|20|22", 0.139], "run_allowance": 9500, "iterations": 500, "timestamp": 1714937550.0554125, "task_uuid": "c843c0de-d913-44df-a83b-5dd7a6000f44", "task_level": [2], "message_type": "INFO"}
{"optimizer": "RIO", "no": "0", "best_result": ["0|1|2|3|4|5|6|7|8|9|10|11|12|13|15|17|23|19|18|21|16|14|20|22", 0.139], "run_allowance": 9500, "iterations": 500, "timestamp": 1714937550.0554125, "task_uuid": "c843c0de-d913-44df-a83b-5dd7a6000f44", "task_level": [2], "message_type": "INFO"}
{"optimizer": "RIO", "no": "0", "best_result": ["0|1|2|3|4|5|6|7|8|9|10|11|12|13|15|17|23|19|18|21|16|14|20|22", 0.139], "run_allowance": 9500, "iterations": 500, "timestamp": 1714937550.0554125, "task_uuid": "c843c0de-d913-44df-a83b-5dd7a6000f44", "task_level": [2], "message_type": "INFO"}
{"optimizer": "RIO", "no": "0", "best_result": ["0|1|2|3|4|5|6|7|8|9|10|11|12|13|15|17|23|19|18|21|16|14|20|22", 0.139], "run_allowance": 9500, "iterations": 500, "timestamp": 1714937550.0554125, "task_uuid": "c843c0de-d913-44df-a83b-5dd7a6000f44", "task_level": [2], "message_type": "INFO"}
{"optimizer": "RIO", "no": "0", "best_result": ["0|1|2|3|4|5|6|7|8|9|10|11|12|13|15|17|23|19|18|21|16|14|20|22", 0.139], "run_allowance": 9500, "iterations": 500, "timestamp": 1714937550.0554125, "task_uuid": "c843c0de-d913-44df-a83b-5dd7a6000f44", "task_level": [2], "message_type": "INFO"}
{"action_status": "succeeded", "timestamp": 1714937550.055755, "task_uuid": "c843c0de-d913-44df-a83b-5dd7a6000f44", "action_type": "LOG_RESULTS", "task_level": [3]}
{"action_status": "succeeded", "timestamp": 1714937550.055755, "task_uuid": "c843c0de-d913-44df-a83b-5dd7a6000f44", "action_type": "LOG_RESULTS", "task_level": [3]}
{"action_status": "succeeded", "timestamp": 1714937550.055755, "task_uuid": "c843c0de-d913-44df-a83b-5dd7a6000f44", "action_type": "LOG_RESULTS", "task_level": [3]}
{"action_status": "succeeded", "timestamp": 1714937550.055755, "task_uuid": "c843c0de-d913-44df-a83b-5dd7a6000f44", "action_type": "LOG_RESULTS", "task_level": [3]}
{"action_status": "succeeded", "timestamp": 1714937550.055755, "task_uuid": "c843c0de-d913-44df-a83b-5dd7a6000f44", "action_type": "LOG_RESULTS", "task_level": [3]}
{"action_status": "succeeded", "timestamp": 1714937550.055755, "task_uuid": "c843c0de-d913-44df-a83b-5dd7a6000f44", "action_type": "LOG_RESULTS", "task_level": [3]}
{"action_status": "succeeded", "timestamp": 1714937550.055755, "task_uuid": "c843c0de-d913-44df-a83b-5dd7a6000f44", "action_type": "LOG_RESULTS", "task_level": [3]}
{"action_status": "succeeded", "timestamp": 1714937550.055755, "task_uuid": "c843c0de-d913-44df-a83b-5dd7a6000f44", "action_type": "LOG_RESULTS", "task_level": [3]}
{"action_status": "succeeded", "timestamp": 1714937550.055755, "task_uuid": "c843c0de-d913-44df-a83b-5dd7a6000f44", "action_type": "LOG_RESULTS", "task_level": [3]}
{"action_status": "succeeded", "timestamp": 1714937550.055755, "task_uuid": "c843c0de-d913-44df-a83b-5dd7a6000f44", "action_type": "LOG_RESULTS", "task_level": [3]}
{"action_status": "started", "timestamp": 1714938628.9731035, "task_uuid": "286a37f3-1dd6-4e54-af8e-ee84fdcdbe55", "action_type": "LOG_RESULTS", "task_level": [1]}
{"action_status": "started", "timestamp": 1714938628.9731035, "task_uuid": "286a37f3-1dd6-4e54-af8e-ee84fdcdbe55", "action_type": "LOG_RESULTS", "task_level": [1]}
{"action_status": "started", "timestamp": 1714938628.9731035, "task_uuid": "286a37f3-1dd6-4e54-af8e-ee84fdcdbe55", "action_type": "LOG_RESULTS", "task_level": [1]}
{"action_status": "started", "timestamp": 1714938628.9731035, "task_uuid": "286a37f3-1dd6-4e54-af8e-ee84fdcdbe55", "action_type": "LOG_RESULTS", "task_level": [1]}
{"action_status": "started", "timestamp": 1714938628.9731035, "task_uuid": "286a37f3-1dd6-4e54-af8e-ee84fdcdbe55", "action_type": "LOG_RESULTS", "task_level": [1]}
{"action_status": "started", "timestamp": 1714938628.9731035, "task_uuid": "286a37f3-1dd6-4e54-af8e-ee84fdcdbe55", "action_type": "LOG_RESULTS", "task_level": [1]}
{"action_status": "started", "timestamp": 1714938628.9731035, "task_uuid": "286a37f3-1dd6-4e54-af8e-ee84fdcdbe55", "action_type": "LOG_RESULTS", "task_level": [1]}
{"action_status": "started", "timestamp": 1714938628.9731035, "task_uuid": "286a37f3-1dd6-4e54-af8e-ee84fdcdbe55", "action_type": "LOG_RESULTS", "task_level": [1]}
{"action_status": "started", "timestamp": 1714938628.9731035, "task_uuid": "286a37f3-1dd6-4e54-af8e-ee84fdcdbe55", "action_type": "LOG_RESULTS", "task_level": [1]}
{"action_status": "started", "timestamp": 1714938628.9731035, "task_uuid": "286a37f3-1dd6-4e54-af8e-ee84fdcdbe55", "action_type": "LOG_RESULTS", "task_level": [1]}
{"optimizer": "RIO", "no": "1", "best_result": ["0|1|2|3|4|5|6|7|8|9|10|11|12|13|15|22|19|20|23|21|16|14|18|17", 0.143], "run_allowance": 9500, "iterations": 500, "timestamp": 1714938628.9736218, "task_uuid": "286a37f3-1dd6-4e54-af8e-ee84fdcdbe55", "task_level": [2], "message_type": "INFO"}
{"optimizer": "RIO", "no": "1", "best_result": ["0|1|2|3|4|5|6|7|8|9|10|11|12|13|15|22|19|20|23|21|16|14|18|17", 0.143], "run_allowance": 9500, "iterations": 500, "timestamp": 1714938628.9736218, "task_uuid": "286a37f3-1dd6-4e54-af8e-ee84fdcdbe55", "task_level": [2], "message_type": "INFO"}
{"optimizer": "RIO", "no": "1", "best_result": ["0|1|2|3|4|5|6|7|8|9|10|11|12|13|15|22|19|20|23|21|16|14|18|17", 0.143], "run_allowance": 9500, "iterations": 500, "timestamp": 1714938628.9736218, "task_uuid": "286a37f3-1dd6-4e54-af8e-ee84fdcdbe55", "task_level": [2], "message_type": "INFO"}
{"optimizer": "RIO", "no": "1", "best_result": ["0|1|2|3|4|5|6|7|8|9|10|11|12|13|15|22|19|20|23|21|16|14|18|17", 0.143], "run_allowance": 9500, "iterations": 500, "timestamp": 1714938628.9736218, "task_uuid": "286a37f3-1dd6-4e54-af8e-ee84fdcdbe55", "task_level": [2], "message_type": "INFO"}
{"optimizer": "RIO", "no": "1", "best_result": ["0|1|2|3|4|5|6|7|8|9|10|11|12|13|15|22|19|20|23|21|16|14|18|17", 0.143], "run_allowance": 9500, "iterations": 500, "timestamp": 1714938628.9736218, "task_uuid": "286a37f3-1dd6-4e54-af8e-ee84fdcdbe55", "task_level": [2], "message_type": "INFO"}
{"optimizer": "RIO", "no": "1", "best_result": ["0|1|2|3|4|5|6|7|8|9|10|11|12|13|15|22|19|20|23|21|16|14|18|17", 0.143], "run_allowance": 9500, "iterations": 500, "timestamp": 1714938628.9736218, "task_uuid": "286a37f3-1dd6-4e54-af8e-ee84fdcdbe55", "task_level": [2], "message_type": "INFO"}
{"optimizer": "RIO", "no": "1", "best_result": ["0|1|2|3|4|5|6|7|8|9|10|11|12|13|15|22|19|20|23|21|16|14|18|17", 0.143], "run_allowance": 9500, "iterations": 500, "timestamp": 1714938628.9736218, "task_uuid": "286a37f3-1dd6-4e54-af8e-ee84fdcdbe55", "task_level": [2], "message_type": "INFO"}
{"optimizer": "RIO", "no": "1", "best_result": ["0|1|2|3|4|5|6|7|8|9|10|11|12|13|15|22|19|20|23|21|16|14|18|17", 0.143], "run_allowance": 9500, "iterations": 500, "timestamp": 1714938628.9736218, "task_uuid": "286a37f3-1dd6-4e54-af8e-ee84fdcdbe55", "task_level": [2], "message_type": "INFO"}
{"optimizer": "RIO", "no": "1", "best_result": ["0|1|2|3|4|5|6|7|8|9|10|11|12|13|15|22|19|20|23|21|16|14|18|17", 0.143], "run_allowance": 9500, "iterations": 500, "timestamp": 1714938628.9736218, "task_uuid": "286a37f3-1dd6-4e54-af8e-ee84fdcdbe55", "task_level": [2], "message_type": "INFO"}
{"optimizer": "RIO", "no": "1", "best_result": ["0|1|2|3|4|5|6|7|8|9|10|11|12|13|15|22|19|20|23|21|16|14|18|17", 0.143], "run_allowance": 9500, "iterations": 500, "timestamp": 1714938628.9736218, "task_uuid": "286a37f3-1dd6-4e54-af8e-ee84fdcdbe55", "task_level": [2], "message_type": "INFO"}
{"action_status": "succeeded", "timestamp": 1714938628.9739525, "task_uuid": "286a37f3-1dd6-4e54-af8e-ee84fdcdbe55", "action_type": "LOG_RESULTS", "task_level": [3]}
{"action_status": "succeeded", "timestamp": 1714938628.9739525, "task_uuid": "286a37f3-1dd6-4e54-af8e-ee84fdcdbe55", "action_type": "LOG_RESULTS", "task_level": [3]}
{"action_status": "succeeded", "timestamp": 1714938628.9739525, "task_uuid": "286a37f3-1dd6-4e54-af8e-ee84fdcdbe55", "action_type": "LOG_RESULTS", "task_level": [3]}
{"action_status": "succeeded", "timestamp": 1714938628.9739525, "task_uuid": "286a37f3-1dd6-4e54-af8e-ee84fdcdbe55", "action_type": "LOG_RESULTS", "task_level": [3]}
{"action_status": "succeeded", "timestamp": 1714938628.9739525, "task_uuid": "286a37f3-1dd6-4e54-af8e-ee84fdcdbe55", "action_type": "LOG_RESULTS", "task_level": [3]}
{"action_status": "succeeded", "timestamp": 1714938628.9739525, "task_uuid": "286a37f3-1dd6-4e54-af8e-ee84fdcdbe55", "action_type": "LOG_RESULTS", "task_level": [3]}
{"action_status": "succeeded", "timestamp": 1714938628.9739525, "task_uuid": "286a37f3-1dd6-4e54-af8e-ee84fdcdbe55", "action_type": "LOG_RESULTS", "task_level": [3]}
{"action_status": "succeeded", "timestamp": 1714938628.9739525, "task_uuid": "286a37f3-1dd6-4e54-af8e-ee84fdcdbe55", "action_type": "LOG_RESULTS", "task_level": [3]}
{"action_status": "succeeded", "timestamp": 1714938628.9739525, "task_uuid": "286a37f3-1dd6-4e54-af8e-ee84fdcdbe55", "action_type": "LOG_RESULTS", "task_level": [3]}
{"action_status": "succeeded", "timestamp": 1714938628.9739525, "task_uuid": "286a37f3-1dd6-4e54-af8e-ee84fdcdbe55", "action_type": "LOG_RESULTS", "task_level": [3]}
{"action_status": "started", "timestamp": 1714939710.4965324, "task_uuid": "42b0bb9a-bd50-45c2-bb10-e754e32e7779", "action_type": "LOG_RESULTS", "task_level": [1]}
{"action_status": "started", "timestamp": 1714939710.4965324, "task_uuid": "42b0bb9a-bd50-45c2-bb10-e754e32e7779", "action_type": "LOG_RESULTS", "task_level": [1]}
{"action_status": "started", "timestamp": 1714939710.4965324, "task_uuid": "42b0bb9a-bd50-45c2-bb10-e754e32e7779", "action_type": "LOG_RESULTS", "task_level": [1]}
{"action_status": "started", "timestamp": 1714939710.4965324, "task_uuid": "42b0bb9a-bd50-45c2-bb10-e754e32e7779", "action_type": "LOG_RESULTS", "task_level": [1]}
{"action_status": "started", "timestamp": 1714939710.4965324, "task_uuid": "42b0bb9a-bd50-45c2-bb10-e754e32e7779", "action_type": "LOG_RESULTS", "task_level": [1]}
{"action_status": "started", "timestamp": 1714939710.4965324, "task_uuid": "42b0bb9a-bd50-45c2-bb10-e754e32e7779", "action_type": "LOG_RESULTS", "task_level": [1]}
{"action_status": "started", "timestamp": 1714939710.4965324, "task_uuid": "42b0bb9a-bd50-45c2-bb10-e754e32e7779", "action_type": "LOG_RESULTS", "task_level": [1]}
{"action_status": "started", "timestamp": 1714939710.4965324, "task_uuid": "42b0bb9a-bd50-45c2-bb10-e754e32e7779", "action_type": "LOG_RESULTS", "task_level": [1]}
{"action_status": "started", "timestamp": 1714939710.4965324, "task_uuid": "42b0bb9a-bd50-45c2-bb10-e754e32e7779", "action_type": "LOG_RESULTS", "task_level": [1]}
{"action_status": "started", "timestamp": 1714939710.4965324, "task_uuid": "42b0bb9a-bd50-45c2-bb10-e754e32e7779", "action_type": "LOG_RESULTS", "task_level": [1]}
{"optimizer": "RIO", "no": "2", "best_result": ["0|1|2|3|4|5|6|7|8|9|10|11|12|13|20|16|17|14|18|23|22|21|15|19", 0.141], "run_allowance": 9500, "iterations": 500, "timestamp": 1714939710.4969277, "task_uuid": "42b0bb9a-bd50-45c2-bb10-e754e32e7779", "task_level": [2], "message_type": "INFO"}
{"optimizer": "RIO", "no": "2", "best_result": ["0|1|2|3|4|5|6|7|8|9|10|11|12|13|20|16|17|14|18|23|22|21|15|19", 0.141], "run_allowance": 9500, "iterations": 500, "timestamp": 1714939710.4969277, "task_uuid": "42b0bb9a-bd50-45c2-bb10-e754e32e7779", "task_level": [2], "message_type": "INFO"}
{"optimizer": "RIO", "no": "2", "best_result": ["0|1|2|3|4|5|6|7|8|9|10|11|12|13|20|16|17|14|18|23|22|21|15|19", 0.141], "run_allowance": 9500, "iterations": 500, "timestamp": 1714939710.4969277, "task_uuid": "42b0bb9a-bd50-45c2-bb10-e754e32e7779", "task_level": [2], "message_type": "INFO"}
{"optimizer": "RIO", "no": "2", "best_result": ["0|1|2|3|4|5|6|7|8|9|10|11|12|13|20|16|17|14|18|23|22|21|15|19", 0.141], "run_allowance": 9500, "iterations": 500, "timestamp": 1714939710.4969277, "task_uuid": "42b0bb9a-bd50-45c2-bb10-e754e32e7779", "task_level": [2], "message_type": "INFO"}
{"optimizer": "RIO", "no": "2", "best_result": ["0|1|2|3|4|5|6|7|8|9|10|11|12|13|20|16|17|14|18|23|22|21|15|19", 0.141], "run_allowance": 9500, "iterations": 500, "timestamp": 1714939710.4969277, "task_uuid": "42b0bb9a-bd50-45c2-bb10-e754e32e7779", "task_level": [2], "message_type": "INFO"}
{"optimizer": "RIO", "no": "2", "best_result": ["0|1|2|3|4|5|6|7|8|9|10|11|12|13|20|16|17|14|18|23|22|21|15|19", 0.141], "run_allowance": 9500, "iterations": 500, "timestamp": 1714939710.4969277, "task_uuid": "42b0bb9a-bd50-45c2-bb10-e754e32e7779", "task_level": [2], "message_type": "INFO"}
{"optimizer": "RIO", "no": "2", "best_result": ["0|1|2|3|4|5|6|7|8|9|10|11|12|13|20|16|17|14|18|23|22|21|15|19", 0.141], "run_allowance": 9500, "iterations": 500, "timestamp": 1714939710.4969277, "task_uuid": "42b0bb9a-bd50-45c2-bb10-e754e32e7779", "task_level": [2], "message_type": "INFO"}
{"optimizer": "RIO", "no": "2", "best_result": ["0|1|2|3|4|5|6|7|8|9|10|11|12|13|20|16|17|14|18|23|22|21|15|19", 0.141], "run_allowance": 9500, "iterations": 500, "timestamp": 1714939710.4969277, "task_uuid": "42b0bb9a-bd50-45c2-bb10-e754e32e7779", "task_level": [2], "message_type": "INFO"}
{"optimizer": "RIO", "no": "2", "best_result": ["0|1|2|3|4|5|6|7|8|9|10|11|12|13|20|16|17|14|18|23|22|21|15|19", 0.141], "run_allowance": 9500, "iterations": 500, "timestamp": 1714939710.4969277, "task_uuid": "42b0bb9a-bd50-45c2-bb10-e754e32e7779", "task_level": [2], "message_type": "INFO"}
{"optimizer": "RIO", "no": "2", "best_result": ["0|1|2|3|4|5|6|7|8|9|10|11|12|13|20|16|17|14|18|23|22|21|15|19", 0.141], "run_allowance": 9500, "iterations": 500, "timestamp": 1714939710.4969277, "task_uuid": "42b0bb9a-bd50-45c2-bb10-e754e32e7779", "task_level": [2], "message_type": "INFO"}
{"action_status": "succeeded", "timestamp": 1714939710.4973066, "task_uuid": "42b0bb9a-bd50-45c2-bb10-e754e32e7779", "action_type": "LOG_RESULTS", "task_level": [3]}
{"action_status": "succeeded", "timestamp": 1714939710.4973066, "task_uuid": "42b0bb9a-bd50-45c2-bb10-e754e32e7779", "action_type": "LOG_RESULTS", "task_level": [3]}
{"action_status": "succeeded", "timestamp": 1714939710.4973066, "task_uuid": "42b0bb9a-bd50-45c2-bb10-e754e32e7779", "action_type": "LOG_RESULTS", "task_level": [3]}
{"action_status": "succeeded", "timestamp": 1714939710.4973066, "task_uuid": "42b0bb9a-bd50-45c2-bb10-e754e32e7779", "action_type": "LOG_RESULTS", "task_level": [3]}
{"action_status": "succeeded", "timestamp": 1714939710.4973066, "task_uuid": "42b0bb9a-bd50-45c2-bb10-e754e32e7779", "action_type": "LOG_RESULTS", "task_level": [3]}
{"action_status": "succeeded", "timestamp": 1714939710.4973066, "task_uuid": "42b0bb9a-bd50-45c2-bb10-e754e32e7779", "action_type": "LOG_RESULTS", "task_level": [3]}
{"action_status": "succeeded", "timestamp": 1714939710.4973066, "task_uuid": "42b0bb9a-bd50-45c2-bb10-e754e32e7779", "action_type": "LOG_RESULTS", "task_level": [3]}
{"action_status": "succeeded", "timestamp": 1714939710.4973066, "task_uuid": "42b0bb9a-bd50-45c2-bb10-e754e32e7779", "action_type": "LOG_RESULTS", "task_level": [3]}
{"action_status": "succeeded", "timestamp": 1714939710.4973066, "task_uuid": "42b0bb9a-bd50-45c2-bb10-e754e32e7779", "action_type": "LOG_RESULTS", "task_level": [3]}
{"action_status": "succeeded", "timestamp": 1714939710.4973066, "task_uuid": "42b0bb9a-bd50-45c2-bb10-e754e32e7779", "action_type": "LOG_RESULTS", "task_level": [3]}
{"action_status": "started", "timestamp": 1714940802.2851043, "task_uuid": "8f900153-67f4-45f4-b6ef-5671ad6a4ad4", "action_type": "LOG_RESULTS", "task_level": [1]}
{"action_status": "started", "timestamp": 1714940802.2851043, "task_uuid": "8f900153-67f4-45f4-b6ef-5671ad6a4ad4", "action_type": "LOG_RESULTS", "task_level": [1]}
{"action_status": "started", "timestamp": 1714940802.2851043, "task_uuid": "8f900153-67f4-45f4-b6ef-5671ad6a4ad4", "action_type": "LOG_RESULTS", "task_level": [1]}
{"action_status": "started", "timestamp": 1714940802.2851043, "task_uuid": "8f900153-67f4-45f4-b6ef-5671ad6a4ad4", "action_type": "LOG_RESULTS", "task_level": [1]}
{"action_status": "started", "timestamp": 1714940802.2851043, "task_uuid": "8f900153-67f4-45f4-b6ef-5671ad6a4ad4", "action_type": "LOG_RESULTS", "task_level": [1]}
{"action_status": "started", "timestamp": 1714940802.2851043, "task_uuid": "8f900153-67f4-45f4-b6ef-5671ad6a4ad4", "action_type": "LOG_RESULTS", "task_level": [1]}
{"action_status": "started", "timestamp": 1714940802.2851043, "task_uuid": "8f900153-67f4-45f4-b6ef-5671ad6a4ad4", "action_type": "LOG_RESULTS", "task_level": [1]}
{"action_status": "started", "timestamp": 1714940802.2851043, "task_uuid": "8f900153-67f4-45f4-b6ef-5671ad6a4ad4", "action_type": "LOG_RESULTS", "task_level": [1]}
{"action_status": "started", "timestamp": 1714940802.2851043, "task_uuid": "8f900153-67f4-45f4-b6ef-5671ad6a4ad4", "action_type": "LOG_RESULTS", "task_level": [1]}
{"action_status": "started", "timestamp": 1714940802.2851043, "task_uuid": "8f900153-67f4-45f4-b6ef-5671ad6a4ad4", "action_type": "LOG_RESULTS", "task_level": [1]}
{"optimizer": "RIO", "no": "3", "best_result": ["0|1|2|3|4|5|6|7|8|9|10|11|12|13|20|14|16|17|22|18|15|23|19|21", 0.14], "run_allowance": 9500, "iterations": 500, "timestamp": 1714940802.28558, "task_uuid": "8f900153-67f4-45f4-b6ef-5671ad6a4ad4", "task_level": [2], "message_type": "INFO"}
{"optimizer": "RIO", "no": "3", "best_result": ["0|1|2|3|4|5|6|7|8|9|10|11|12|13|20|14|16|17|22|18|15|23|19|21", 0.14], "run_allowance": 9500, "iterations": 500, "timestamp": 1714940802.28558, "task_uuid": "8f900153-67f4-45f4-b6ef-5671ad6a4ad4", "task_level": [2], "message_type": "INFO"}
{"optimizer": "RIO", "no": "3", "best_result": ["0|1|2|3|4|5|6|7|8|9|10|11|12|13|20|14|16|17|22|18|15|23|19|21", 0.14], "run_allowance": 9500, "iterations": 500, "timestamp": 1714940802.28558, "task_uuid": "8f900153-67f4-45f4-b6ef-5671ad6a4ad4", "task_level": [2], "message_type": "INFO"}
{"optimizer": "RIO", "no": "3", "best_result": ["0|1|2|3|4|5|6|7|8|9|10|11|12|13|20|14|16|17|22|18|15|23|19|21", 0.14], "run_allowance": 9500, "iterations": 500, "timestamp": 1714940802.28558, "task_uuid": "8f900153-67f4-45f4-b6ef-5671ad6a4ad4", "task_level": [2], "message_type": "INFO"}
{"optimizer": "RIO", "no": "3", "best_result": ["0|1|2|3|4|5|6|7|8|9|10|11|12|13|20|14|16|17|22|18|15|23|19|21", 0.14], "run_allowance": 9500, "iterations": 500, "timestamp": 1714940802.28558, "task_uuid": "8f900153-67f4-45f4-b6ef-5671ad6a4ad4", "task_level": [2], "message_type": "INFO"}
{"optimizer": "RIO", "no": "3", "best_result": ["0|1|2|3|4|5|6|7|8|9|10|11|12|13|20|14|16|17|22|18|15|23|19|21", 0.14], "run_allowance": 9500, "iterations": 500, "timestamp": 1714940802.28558, "task_uuid": "8f900153-67f4-45f4-b6ef-5671ad6a4ad4", "task_level": [2], "message_type": "INFO"}
{"optimizer": "RIO", "no": "3", "best_result": ["0|1|2|3|4|5|6|7|8|9|10|11|12|13|20|14|16|17|22|18|15|23|19|21", 0.14], "run_allowance": 9500, "iterations": 500, "timestamp": 1714940802.28558, "task_uuid": "8f900153-67f4-45f4-b6ef-5671ad6a4ad4", "task_level": [2], "message_type": "INFO"}
{"optimizer": "RIO", "no": "3", "best_result": ["0|1|2|3|4|5|6|7|8|9|10|11|12|13|20|14|16|17|22|18|15|23|19|21", 0.14], "run_allowance": 9500, "iterations": 500, "timestamp": 1714940802.28558, "task_uuid": "8f900153-67f4-45f4-b6ef-5671ad6a4ad4", "task_level": [2], "message_type": "INFO"}
{"optimizer": "RIO", "no": "3", "best_result": ["0|1|2|3|4|5|6|7|8|9|10|11|12|13|20|14|16|17|22|18|15|23|19|21", 0.14], "run_allowance": 9500, "iterations": 500, "timestamp": 1714940802.28558, "task_uuid": "8f900153-67f4-45f4-b6ef-5671ad6a4ad4", "task_level": [2], "message_type": "INFO"}
{"optimizer": "RIO", "no": "3", "best_result": ["0|1|2|3|4|5|6|7|8|9|10|11|12|13|20|14|16|17|22|18|15|23|19|21", 0.14], "run_allowance": 9500, "iterations": 500, "timestamp": 1714940802.28558, "task_uuid": "8f900153-67f4-45f4-b6ef-5671ad6a4ad4", "task_level": [2], "message_type": "INFO"}
{"action_status": "succeeded", "timestamp": 1714940802.285895, "task_uuid": "8f900153-67f4-45f4-b6ef-5671ad6a4ad4", "action_type": "LOG_RESULTS", "task_level": [3]}
{"action_status": "succeeded", "timestamp": 1714940802.285895, "task_uuid": "8f900153-67f4-45f4-b6ef-5671ad6a4ad4", "action_type": "LOG_RESULTS", "task_level": [3]}
{"action_status": "succeeded", "timestamp": 1714940802.285895, "task_uuid": "8f900153-67f4-45f4-b6ef-5671ad6a4ad4", "action_type": "LOG_RESULTS", "task_level": [3]}
{"action_status": "succeeded", "timestamp": 1714940802.285895, "task_uuid": "8f900153-67f4-45f4-b6ef-5671ad6a4ad4", "action_type": "LOG_RESULTS", "task_level": [3]}
{"action_status": "succeeded", "timestamp": 1714940802.285895, "task_uuid": "8f900153-67f4-45f4-b6ef-5671ad6a4ad4", "action_type": "LOG_RESULTS", "task_level": [3]}
{"action_status": "succeeded", "timestamp": 1714940802.285895, "task_uuid": "8f900153-67f4-45f4-b6ef-5671ad6a4ad4", "action_type": "LOG_RESULTS", "task_level": [3]}
{"action_status": "succeeded", "timestamp": 1714940802.285895, "task_uuid": "8f900153-67f4-45f4-b6ef-5671ad6a4ad4", "action_type": "LOG_RESULTS", "task_level": [3]}
{"action_status": "succeeded", "timestamp": 1714940802.285895, "task_uuid": "8f900153-67f4-45f4-b6ef-5671ad6a4ad4", "action_type": "LOG_RESULTS", "task_level": [3]}
{"action_status": "succeeded", "timestamp": 1714940802.285895, "task_uuid": "8f900153-67f4-45f4-b6ef-5671ad6a4ad4", "action_type": "LOG_RESULTS", "task_level": [3]}
{"action_status": "succeeded", "timestamp": 1714940802.285895, "task_uuid": "8f900153-67f4-45f4-b6ef-5671ad6a4ad4", "action_type": "LOG_RESULTS", "task_level": [3]}
{"action_status": "started", "timestamp": 1714941879.0652947, "task_uuid": "a7fe3609-8c2a-4c56-826d-5f2d31f154f1", "action_type": "LOG_RESULTS", "task_level": [1]}
{"action_status": "started", "timestamp": 1714941879.0652947, "task_uuid": "a7fe3609-8c2a-4c56-826d-5f2d31f154f1", "action_type": "LOG_RESULTS", "task_level": [1]}
{"action_status": "started", "timestamp": 1714941879.0652947, "task_uuid": "a7fe3609-8c2a-4c56-826d-5f2d31f154f1", "action_type": "LOG_RESULTS", "task_level": [1]}
{"action_status": "started", "timestamp": 1714941879.0652947, "task_uuid": "a7fe3609-8c2a-4c56-826d-5f2d31f154f1", "action_type": "LOG_RESULTS", "task_level": [1]}
{"action_status": "started", "timestamp": 1714941879.0652947, "task_uuid": "a7fe3609-8c2a-4c56-826d-5f2d31f154f1", "action_type": "LOG_RESULTS", "task_level": [1]}
{"action_status": "started", "timestamp": 1714941879.0652947, "task_uuid": "a7fe3609-8c2a-4c56-826d-5f2d31f154f1", "action_type": "LOG_RESULTS", "task_level": [1]}
{"action_status": "started", "timestamp": 1714941879.0652947, "task_uuid": "a7fe3609-8c2a-4c56-826d-5f2d31f154f1", "action_type": "LOG_RESULTS", "task_level": [1]}
{"action_status": "started", "timestamp": 1714941879.0652947, "task_uuid": "a7fe3609-8c2a-4c56-826d-5f2d31f154f1", "action_type": "LOG_RESULTS", "task_level": [1]}
{"action_status": "started", "timestamp": 1714941879.0652947, "task_uuid": "a7fe3609-8c2a-4c56-826d-5f2d31f154f1", "action_type": "LOG_RESULTS", "task_level": [1]}
{"action_status": "started", "timestamp": 1714941879.0652947, "task_uuid": "a7fe3609-8c2a-4c56-826d-5f2d31f154f1", "action_type": "LOG_RESULTS", "task_level": [1]}
{"optimizer": "RIO", "no": "4", "best_result": ["0|1|2|3|4|5|6|7|8|9|10|11|12|13|17|22|20|14|21|19|16|18|23|15", 0.141], "run_allowance": 9500, "iterations": 500, "timestamp": 1714941879.0657318, "task_uuid": "a7fe3609-8c2a-4c56-826d-5f2d31f154f1", "task_level": [2], "message_type": "INFO"}
{"optimizer": "RIO", "no": "4", "best_result": ["0|1|2|3|4|5|6|7|8|9|10|11|12|13|17|22|20|14|21|19|16|18|23|15", 0.141], "run_allowance": 9500, "iterations": 500, "timestamp": 1714941879.0657318, "task_uuid": "a7fe3609-8c2a-4c56-826d-5f2d31f154f1", "task_level": [2], "message_type": "INFO"}
{"optimizer": "RIO", "no": "4", "best_result": ["0|1|2|3|4|5|6|7|8|9|10|11|12|13|17|22|20|14|21|19|16|18|23|15", 0.141], "run_allowance": 9500, "iterations": 500, "timestamp": 1714941879.0657318, "task_uuid": "a7fe3609-8c2a-4c56-826d-5f2d31f154f1", "task_level": [2], "message_type": "INFO"}
{"optimizer": "RIO", "no": "4", "best_result": ["0|1|2|3|4|5|6|7|8|9|10|11|12|13|17|22|20|14|21|19|16|18|23|15", 0.141], "run_allowance": 9500, "iterations": 500, "timestamp": 1714941879.0657318, "task_uuid": "a7fe3609-8c2a-4c56-826d-5f2d31f154f1", "task_level": [2], "message_type": "INFO"}
{"optimizer": "RIO", "no": "4", "best_result": ["0|1|2|3|4|5|6|7|8|9|10|11|12|13|17|22|20|14|21|19|16|18|23|15", 0.141], "run_allowance": 9500, "iterations": 500, "timestamp": 1714941879.0657318, "task_uuid": "a7fe3609-8c2a-4c56-826d-5f2d31f154f1", "task_level": [2], "message_type": "INFO"}
{"optimizer": "RIO", "no": "4", "best_result": ["0|1|2|3|4|5|6|7|8|9|10|11|12|13|17|22|20|14|21|19|16|18|23|15", 0.141], "run_allowance": 9500, "iterations": 500, "timestamp": 1714941879.0657318, "task_uuid": "a7fe3609-8c2a-4c56-826d-5f2d31f154f1", "task_level": [2], "message_type": "INFO"}
{"optimizer": "RIO", "no": "4", "best_result": ["0|1|2|3|4|5|6|7|8|9|10|11|12|13|17|22|20|14|21|19|16|18|23|15", 0.141], "run_allowance": 9500, "iterations": 500, "timestamp": 1714941879.0657318, "task_uuid": "a7fe3609-8c2a-4c56-826d-5f2d31f154f1", "task_level": [2], "message_type": "INFO"}
{"optimizer": "RIO", "no": "4", "best_result": ["0|1|2|3|4|5|6|7|8|9|10|11|12|13|17|22|20|14|21|19|16|18|23|15", 0.141], "run_allowance": 9500, "iterations": 500, "timestamp": 1714941879.0657318, "task_uuid": "a7fe3609-8c2a-4c56-826d-5f2d31f154f1", "task_level": [2], "message_type": "INFO"}
{"optimizer": "RIO", "no": "4", "best_result": ["0|1|2|3|4|5|6|7|8|9|10|11|12|13|17|22|20|14|21|19|16|18|23|15", 0.141], "run_allowance": 9500, "iterations": 500, "timestamp": 1714941879.0657318, "task_uuid": "a7fe3609-8c2a-4c56-826d-5f2d31f154f1", "task_level": [2], "message_type": "INFO"}
{"optimizer": "RIO", "no": "4", "best_result": ["0|1|2|3|4|5|6|7|8|9|10|11|12|13|17|22|20|14|21|19|16|18|23|15", 0.141], "run_allowance": 9500, "iterations": 500, "timestamp": 1714941879.0657318, "task_uuid": "a7fe3609-8c2a-4c56-826d-5f2d31f154f1", "task_level": [2], "message_type": "INFO"}
{"action_status": "succeeded", "timestamp": 1714941879.0661042, "task_uuid": "a7fe3609-8c2a-4c56-826d-5f2d31f154f1", "action_type": "LOG_RESULTS", "task_level": [3]}
{"action_status": "succeeded", "timestamp": 1714941879.0661042, "task_uuid": "a7fe3609-8c2a-4c56-826d-5f2d31f154f1", "action_type": "LOG_RESULTS", "task_level": [3]}
{"action_status": "succeeded", "timestamp": 1714941879.0661042, "task_uuid": "a7fe3609-8c2a-4c56-826d-5f2d31f154f1", "action_type": "LOG_RESULTS", "task_level": [3]}
{"action_status": "succeeded", "timestamp": 1714941879.0661042, "task_uuid": "a7fe3609-8c2a-4c56-826d-5f2d31f154f1", "action_type": "LOG_RESULTS", "task_level": [3]}
{"action_status": "succeeded", "timestamp": 1714941879.0661042, "task_uuid": "a7fe3609-8c2a-4c56-826d-5f2d31f154f1", "action_type": "LOG_RESULTS", "task_level": [3]}
{"action_status": "succeeded", "timestamp": 1714941879.0661042, "task_uuid": "a7fe3609-8c2a-4c56-826d-5f2d31f154f1", "action_type": "LOG_RESULTS", "task_level": [3]}
{"action_status": "succeeded", "timestamp": 1714941879.0661042, "task_uuid": "a7fe3609-8c2a-4c56-826d-5f2d31f154f1", "action_type": "LOG_RESULTS", "task_level": [3]}
{"action_status": "succeeded", "timestamp": 1714941879.0661042, "task_uuid": "a7fe3609-8c2a-4c56-826d-5f2d31f154f1", "action_type": "LOG_RESULTS", "task_level": [3]}
{"action_status": "succeeded", "timestamp": 1714941879.0661042, "task_uuid": "a7fe3609-8c2a-4c56-826d-5f2d31f154f1", "action_type": "LOG_RESULTS", "task_level": [3]}
{"action_status": "succeeded", "timestamp": 1714941879.0661042, "task_uuid": "a7fe3609-8c2a-4c56-826d-5f2d31f154f1", "action_type": "LOG_RESULTS", "task_level": [3]}
{"action_status": "started", "timestamp": 1714943102.6974185, "task_uuid": "0ad402c8-e27b-49cb-9dfa-d0f7f213204b", "action_type": "LOG_RESULTS", "task_level": [1]}
{"action_status": "started", "timestamp": 1714943102.6974185, "task_uuid": "0ad402c8-e27b-49cb-9dfa-d0f7f213204b", "action_type": "LOG_RESULTS", "task_level": [1]}
{"action_status": "started", "timestamp": 1714943102.6974185, "task_uuid": "0ad402c8-e27b-49cb-9dfa-d0f7f213204b", "action_type": "LOG_RESULTS", "task_level": [1]}
{"action_status": "started", "timestamp": 1714943102.6974185, "task_uuid": "0ad402c8-e27b-49cb-9dfa-d0f7f213204b", "action_type": "LOG_RESULTS", "task_level": [1]}
{"action_status": "started", "timestamp": 1714943102.6974185, "task_uuid": "0ad402c8-e27b-49cb-9dfa-d0f7f213204b", "action_type": "LOG_RESULTS", "task_level": [1]}
{"action_status": "started", "timestamp": 1714943102.6974185, "task_uuid": "0ad402c8-e27b-49cb-9dfa-d0f7f213204b", "action_type": "LOG_RESULTS", "task_level": [1]}
{"action_status": "started", "timestamp": 1714943102.6974185, "task_uuid": "0ad402c8-e27b-49cb-9dfa-d0f7f213204b", "action_type": "LOG_RESULTS", "task_level": [1]}
{"action_status": "started", "timestamp": 1714943102.6974185, "task_uuid": "0ad402c8-e27b-49cb-9dfa-d0f7f213204b", "action_type": "LOG_RESULTS", "task_level": [1]}
{"action_status": "started", "timestamp": 1714943102.6974185, "task_uuid": "0ad402c8-e27b-49cb-9dfa-d0f7f213204b", "action_type": "LOG_RESULTS", "task_level": [1]}
{"action_status": "started", "timestamp": 1714943102.6974185, "task_uuid": "0ad402c8-e27b-49cb-9dfa-d0f7f213204b", "action_type": "LOG_RESULTS", "task_level": [1]}
{"optimizer": "RIO", "no": "5", "best_result": ["0|1|2|3|4|5|6|7|8|9|10|11|12|13|20|21|22|17|19|18|23|16|15|14", 0.141], "run_allowance": 9500, "iterations": 500, "timestamp": 1714943102.6979039, "task_uuid": "0ad402c8-e27b-49cb-9dfa-d0f7f213204b", "task_level": [2], "message_type": "INFO"}
{"optimizer": "RIO", "no": "5", "best_result": ["0|1|2|3|4|5|6|7|8|9|10|11|12|13|20|21|22|17|19|18|23|16|15|14", 0.141], "run_allowance": 9500, "iterations": 500, "timestamp": 1714943102.6979039, "task_uuid": "0ad402c8-e27b-49cb-9dfa-d0f7f213204b", "task_level": [2], "message_type": "INFO"}
{"optimizer": "RIO", "no": "5", "best_result": ["0|1|2|3|4|5|6|7|8|9|10|11|12|13|20|21|22|17|19|18|23|16|15|14", 0.141], "run_allowance": 9500, "iterations": 500, "timestamp": 1714943102.6979039, "task_uuid": "0ad402c8-e27b-49cb-9dfa-d0f7f213204b", "task_level": [2], "message_type": "INFO"}
{"optimizer": "RIO", "no": "5", "best_result": ["0|1|2|3|4|5|6|7|8|9|10|11|12|13|20|21|22|17|19|18|23|16|15|14", 0.141], "run_allowance": 9500, "iterations": 500, "timestamp": 1714943102.6979039, "task_uuid": "0ad402c8-e27b-49cb-9dfa-d0f7f213204b", "task_level": [2], "message_type": "INFO"}
{"optimizer": "RIO", "no": "5", "best_result": ["0|1|2|3|4|5|6|7|8|9|10|11|12|13|20|21|22|17|19|18|23|16|15|14", 0.141], "run_allowance": 9500, "iterations": 500, "timestamp": 1714943102.6979039, "task_uuid": "0ad402c8-e27b-49cb-9dfa-d0f7f213204b", "task_level": [2], "message_type": "INFO"}
{"optimizer": "RIO", "no": "5", "best_result": ["0|1|2|3|4|5|6|7|8|9|10|11|12|13|20|21|22|17|19|18|23|16|15|14", 0.141], "run_allowance": 9500, "iterations": 500, "timestamp": 1714943102.6979039, "task_uuid": "0ad402c8-e27b-49cb-9dfa-d0f7f213204b", "task_level": [2], "message_type": "INFO"}
{"optimizer": "RIO", "no": "5", "best_result": ["0|1|2|3|4|5|6|7|8|9|10|11|12|13|20|21|22|17|19|18|23|16|15|14", 0.141], "run_allowance": 9500, "iterations": 500, "timestamp": 1714943102.6979039, "task_uuid": "0ad402c8-e27b-49cb-9dfa-d0f7f213204b", "task_level": [2], "message_type": "INFO"}
{"optimizer": "RIO", "no": "5", "best_result": ["0|1|2|3|4|5|6|7|8|9|10|11|12|13|20|21|22|17|19|18|23|16|15|14", 0.141], "run_allowance": 9500, "iterations": 500, "timestamp": 1714943102.6979039, "task_uuid": "0ad402c8-e27b-49cb-9dfa-d0f7f213204b", "task_level": [2], "message_type": "INFO"}
{"optimizer": "RIO", "no": "5", "best_result": ["0|1|2|3|4|5|6|7|8|9|10|11|12|13|20|21|22|17|19|18|23|16|15|14", 0.141], "run_allowance": 9500, "iterations": 500, "timestamp": 1714943102.6979039, "task_uuid": "0ad402c8-e27b-49cb-9dfa-d0f7f213204b", "task_level": [2], "message_type": "INFO"}
{"optimizer": "RIO", "no": "5", "best_result": ["0|1|2|3|4|5|6|7|8|9|10|11|12|13|20|21|22|17|19|18|23|16|15|14", 0.141], "run_allowance": 9500, "iterations": 500, "timestamp": 1714943102.6979039, "task_uuid": "0ad402c8-e27b-49cb-9dfa-d0f7f213204b", "task_level": [2], "message_type": "INFO"}
{"action_status": "succeeded", "timestamp": 1714943102.6982267, "task_uuid": "0ad402c8-e27b-49cb-9dfa-d0f7f213204b", "action_type": "LOG_RESULTS", "task_level": [3]}
{"action_status": "succeeded", "timestamp": 1714943102.6982267, "task_uuid": "0ad402c8-e27b-49cb-9dfa-d0f7f213204b", "action_type": "LOG_RESULTS", "task_level": [3]}
{"action_status": "succeeded", "timestamp": 1714943102.6982267, "task_uuid": "0ad402c8-e27b-49cb-9dfa-d0f7f213204b", "action_type": "LOG_RESULTS", "task_level": [3]}
{"action_status": "succeeded", "timestamp": 1714943102.6982267, "task_uuid": "0ad402c8-e27b-49cb-9dfa-d0f7f213204b", "action_type": "LOG_RESULTS", "task_level": [3]}
{"action_status": "succeeded", "timestamp": 1714943102.6982267, "task_uuid": "0ad402c8-e27b-49cb-9dfa-d0f7f213204b", "action_type": "LOG_RESULTS", "task_level": [3]}
{"action_status": "succeeded", "timestamp": 1714943102.6982267, "task_uuid": "0ad402c8-e27b-49cb-9dfa-d0f7f213204b", "action_type": "LOG_RESULTS", "task_level": [3]}
{"action_status": "succeeded", "timestamp": 1714943102.6982267, "task_uuid": "0ad402c8-e27b-49cb-9dfa-d0f7f213204b", "action_type": "LOG_RESULTS", "task_level": [3]}
{"action_status": "succeeded", "timestamp": 1714943102.6982267, "task_uuid": "0ad402c8-e27b-49cb-9dfa-d0f7f213204b", "action_type": "LOG_RESULTS", "task_level": [3]}
{"action_status": "succeeded", "timestamp": 1714943102.6982267, "task_uuid": "0ad402c8-e27b-49cb-9dfa-d0f7f213204b", "action_type": "LOG_RESULTS", "task_level": [3]}
{"action_status": "succeeded", "timestamp": 1714943102.6982267, "task_uuid": "0ad402c8-e27b-49cb-9dfa-d0f7f213204b", "action_type": "LOG_RESULTS", "task_level": [3]}
{"action_status": "started", "timestamp": 1714944176.9003258, "task_uuid": "d18f7e0e-b285-438a-ab68-35f243b3a707", "action_type": "LOG_RESULTS", "task_level": [1]}
{"action_status": "started", "timestamp": 1714944176.9003258, "task_uuid": "d18f7e0e-b285-438a-ab68-35f243b3a707", "action_type": "LOG_RESULTS", "task_level": [1]}
{"action_status": "started", "timestamp": 1714944176.9003258, "task_uuid": "d18f7e0e-b285-438a-ab68-35f243b3a707", "action_type": "LOG_RESULTS", "task_level": [1]}
{"action_status": "started", "timestamp": 1714944176.9003258, "task_uuid": "d18f7e0e-b285-438a-ab68-35f243b3a707", "action_type": "LOG_RESULTS", "task_level": [1]}
{"action_status": "started", "timestamp": 1714944176.9003258, "task_uuid": "d18f7e0e-b285-438a-ab68-35f243b3a707", "action_type": "LOG_RESULTS", "task_level": [1]}
{"action_status": "started", "timestamp": 1714944176.9003258, "task_uuid": "d18f7e0e-b285-438a-ab68-35f243b3a707", "action_type": "LOG_RESULTS", "task_level": [1]}
{"action_status": "started", "timestamp": 1714944176.9003258, "task_uuid": "d18f7e0e-b285-438a-ab68-35f243b3a707", "action_type": "LOG_RESULTS", "task_level": [1]}
{"action_status": "started", "timestamp": 1714944176.9003258, "task_uuid": "d18f7e0e-b285-438a-ab68-35f243b3a707", "action_type": "LOG_RESULTS", "task_level": [1]}
{"action_status": "started", "timestamp": 1714944176.9003258, "task_uuid": "d18f7e0e-b285-438a-ab68-35f243b3a707", "action_type": "LOG_RESULTS", "task_level": [1]}
{"action_status": "started", "timestamp": 1714944176.9003258, "task_uuid": "d18f7e0e-b285-438a-ab68-35f243b3a707", "action_type": "LOG_RESULTS", "task_level": [1]}
{"optimizer": "RIO", "no": "6", "best_result": ["0|1|2|3|4|5|6|7|8|9|10|11|12|13|22|14|21|19|23|15|16|17|18|20", 0.14], "run_allowance": 9500, "iterations": 500, "timestamp": 1714944176.9007537, "task_uuid": "d18f7e0e-b285-438a-ab68-35f243b3a707", "task_level": [2], "message_type": "INFO"}
{"optimizer": "RIO", "no": "6", "best_result": ["0|1|2|3|4|5|6|7|8|9|10|11|12|13|22|14|21|19|23|15|16|17|18|20", 0.14], "run_allowance": 9500, "iterations": 500, "timestamp": 1714944176.9007537, "task_uuid": "d18f7e0e-b285-438a-ab68-35f243b3a707", "task_level": [2], "message_type": "INFO"}
{"optimizer": "RIO", "no": "6", "best_result": ["0|1|2|3|4|5|6|7|8|9|10|11|12|13|22|14|21|19|23|15|16|17|18|20", 0.14], "run_allowance": 9500, "iterations": 500, "timestamp": 1714944176.9007537, "task_uuid": "d18f7e0e-b285-438a-ab68-35f243b3a707", "task_level": [2], "message_type": "INFO"}
{"optimizer": "RIO", "no": "6", "best_result": ["0|1|2|3|4|5|6|7|8|9|10|11|12|13|22|14|21|19|23|15|16|17|18|20", 0.14], "run_allowance": 9500, "iterations": 500, "timestamp": 1714944176.9007537, "task_uuid": "d18f7e0e-b285-438a-ab68-35f243b3a707", "task_level": [2], "message_type": "INFO"}
{"optimizer": "RIO", "no": "6", "best_result": ["0|1|2|3|4|5|6|7|8|9|10|11|12|13|22|14|21|19|23|15|16|17|18|20", 0.14], "run_allowance": 9500, "iterations": 500, "timestamp": 1714944176.9007537, "task_uuid": "d18f7e0e-b285-438a-ab68-35f243b3a707", "task_level": [2], "message_type": "INFO"}
{"optimizer": "RIO", "no": "6", "best_result": ["0|1|2|3|4|5|6|7|8|9|10|11|12|13|22|14|21|19|23|15|16|17|18|20", 0.14], "run_allowance": 9500, "iterations": 500, "timestamp": 1714944176.9007537, "task_uuid": "d18f7e0e-b285-438a-ab68-35f243b3a707", "task_level": [2], "message_type": "INFO"}
{"optimizer": "RIO", "no": "6", "best_result": ["0|1|2|3|4|5|6|7|8|9|10|11|12|13|22|14|21|19|23|15|16|17|18|20", 0.14], "run_allowance": 9500, "iterations": 500, "timestamp": 1714944176.9007537, "task_uuid": "d18f7e0e-b285-438a-ab68-35f243b3a707", "task_level": [2], "message_type": "INFO"}
{"optimizer": "RIO", "no": "6", "best_result": ["0|1|2|3|4|5|6|7|8|9|10|11|12|13|22|14|21|19|23|15|16|17|18|20", 0.14], "run_allowance": 9500, "iterations": 500, "timestamp": 1714944176.9007537, "task_uuid": "d18f7e0e-b285-438a-ab68-35f243b3a707", "task_level": [2], "message_type": "INFO"}
{"optimizer": "RIO", "no": "6", "best_result": ["0|1|2|3|4|5|6|7|8|9|10|11|12|13|22|14|21|19|23|15|16|17|18|20", 0.14], "run_allowance": 9500, "iterations": 500, "timestamp": 1714944176.9007537, "task_uuid": "d18f7e0e-b285-438a-ab68-35f243b3a707", "task_level": [2], "message_type": "INFO"}
{"optimizer": "RIO", "no": "6", "best_result": ["0|1|2|3|4|5|6|7|8|9|10|11|12|13|22|14|21|19|23|15|16|17|18|20", 0.14], "run_allowance": 9500, "iterations": 500, "timestamp": 1714944176.9007537, "task_uuid": "d18f7e0e-b285-438a-ab68-35f243b3a707", "task_level": [2], "message_type": "INFO"}
{"action_status": "succeeded", "timestamp": 1714944176.9011233, "task_uuid": "d18f7e0e-b285-438a-ab68-35f243b3a707", "action_type": "LOG_RESULTS", "task_level": [3]}
{"action_status": "succeeded", "timestamp": 1714944176.9011233, "task_uuid": "d18f7e0e-b285-438a-ab68-35f243b3a707", "action_type": "LOG_RESULTS", "task_level": [3]}
{"action_status": "succeeded", "timestamp": 1714944176.9011233, "task_uuid": "d18f7e0e-b285-438a-ab68-35f243b3a707", "action_type": "LOG_RESULTS", "task_level": [3]}
{"action_status": "succeeded", "timestamp": 1714944176.9011233, "task_uuid": "d18f7e0e-b285-438a-ab68-35f243b3a707", "action_type": "LOG_RESULTS", "task_level": [3]}
{"action_status": "succeeded", "timestamp": 1714944176.9011233, "task_uuid": "d18f7e0e-b285-438a-ab68-35f243b3a707", "action_type": "LOG_RESULTS", "task_level": [3]}
{"action_status": "succeeded", "timestamp": 1714944176.9011233, "task_uuid": "d18f7e0e-b285-438a-ab68-35f243b3a707", "action_type": "LOG_RESULTS", "task_level": [3]}
{"action_status": "succeeded", "timestamp": 1714944176.9011233, "task_uuid": "d18f7e0e-b285-438a-ab68-35f243b3a707", "action_type": "LOG_RESULTS", "task_level": [3]}
{"action_status": "succeeded", "timestamp": 1714944176.9011233, "task_uuid": "d18f7e0e-b285-438a-ab68-35f243b3a707", "action_type": "LOG_RESULTS", "task_level": [3]}
{"action_status": "succeeded", "timestamp": 1714944176.9011233, "task_uuid": "d18f7e0e-b285-438a-ab68-35f243b3a707", "action_type": "LOG_RESULTS", "task_level": [3]}
{"action_status": "succeeded", "timestamp": 1714944176.9011233, "task_uuid": "d18f7e0e-b285-438a-ab68-35f243b3a707", "action_type": "LOG_RESULTS", "task_level": [3]}
{"action_status": "started", "timestamp": 1714945254.2425983, "task_uuid": "799bbaf0-0baf-4f8b-b57f-2d917c333ce5", "action_type": "LOG_RESULTS", "task_level": [1]}
{"action_status": "started", "timestamp": 1714945254.2425983, "task_uuid": "799bbaf0-0baf-4f8b-b57f-2d917c333ce5", "action_type": "LOG_RESULTS", "task_level": [1]}
{"action_status": "started", "timestamp": 1714945254.2425983, "task_uuid": "799bbaf0-0baf-4f8b-b57f-2d917c333ce5", "action_type": "LOG_RESULTS", "task_level": [1]}
{"action_status": "started", "timestamp": 1714945254.2425983, "task_uuid": "799bbaf0-0baf-4f8b-b57f-2d917c333ce5", "action_type": "LOG_RESULTS", "task_level": [1]}
{"action_status": "started", "timestamp": 1714945254.2425983, "task_uuid": "799bbaf0-0baf-4f8b-b57f-2d917c333ce5", "action_type": "LOG_RESULTS", "task_level": [1]}
{"action_status": "started", "timestamp": 1714945254.2425983, "task_uuid": "799bbaf0-0baf-4f8b-b57f-2d917c333ce5", "action_type": "LOG_RESULTS", "task_level": [1]}
{"action_status": "started", "timestamp": 1714945254.2425983, "task_uuid": "799bbaf0-0baf-4f8b-b57f-2d917c333ce5", "action_type": "LOG_RESULTS", "task_level": [1]}
{"action_status": "started", "timestamp": 1714945254.2425983, "task_uuid": "799bbaf0-0baf-4f8b-b57f-2d917c333ce5", "action_type": "LOG_RESULTS", "task_level": [1]}
{"action_status": "started", "timestamp": 1714945254.2425983, "task_uuid": "799bbaf0-0baf-4f8b-b57f-2d917c333ce5", "action_type": "LOG_RESULTS", "task_level": [1]}
{"action_status": "started", "timestamp": 1714945254.2425983, "task_uuid": "799bbaf0-0baf-4f8b-b57f-2d917c333ce5", "action_type": "LOG_RESULTS", "task_level": [1]}
{"optimizer": "RIO", "no": "7", "best_result": ["0|1|2|3|4|5|6|7|8|9|10|11|12|13|20|22|19|17|16|18|23|14|21|15", 0.14], "run_allowance": 9500, "iterations": 500, "timestamp": 1714945254.24305, "task_uuid": "799bbaf0-0baf-4f8b-b57f-2d917c333ce5", "task_level": [2], "message_type": "INFO"}
{"optimizer": "RIO", "no": "7", "best_result": ["0|1|2|3|4|5|6|7|8|9|10|11|12|13|20|22|19|17|16|18|23|14|21|15", 0.14], "run_allowance": 9500, "iterations": 500, "timestamp": 1714945254.24305, "task_uuid": "799bbaf0-0baf-4f8b-b57f-2d917c333ce5", "task_level": [2], "message_type": "INFO"}
{"optimizer": "RIO", "no": "7", "best_result": ["0|1|2|3|4|5|6|7|8|9|10|11|12|13|20|22|19|17|16|18|23|14|21|15", 0.14], "run_allowance": 9500, "iterations": 500, "timestamp": 1714945254.24305, "task_uuid": "799bbaf0-0baf-4f8b-b57f-2d917c333ce5", "task_level": [2], "message_type": "INFO"}
{"optimizer": "RIO", "no": "7", "best_result": ["0|1|2|3|4|5|6|7|8|9|10|11|12|13|20|22|19|17|16|18|23|14|21|15", 0.14], "run_allowance": 9500, "iterations": 500, "timestamp": 1714945254.24305, "task_uuid": "799bbaf0-0baf-4f8b-b57f-2d917c333ce5", "task_level": [2], "message_type": "INFO"}
{"optimizer": "RIO", "no": "7", "best_result": ["0|1|2|3|4|5|6|7|8|9|10|11|12|13|20|22|19|17|16|18|23|14|21|15", 0.14], "run_allowance": 9500, "iterations": 500, "timestamp": 1714945254.24305, "task_uuid": "799bbaf0-0baf-4f8b-b57f-2d917c333ce5", "task_level": [2], "message_type": "INFO"}
{"optimizer": "RIO", "no": "7", "best_result": ["0|1|2|3|4|5|6|7|8|9|10|11|12|13|20|22|19|17|16|18|23|14|21|15", 0.14], "run_allowance": 9500, "iterations": 500, "timestamp": 1714945254.24305, "task_uuid": "799bbaf0-0baf-4f8b-b57f-2d917c333ce5", "task_level": [2], "message_type": "INFO"}
{"optimizer": "RIO", "no": "7", "best_result": ["0|1|2|3|4|5|6|7|8|9|10|11|12|13|20|22|19|17|16|18|23|14|21|15", 0.14], "run_allowance": 9500, "iterations": 500, "timestamp": 1714945254.24305, "task_uuid": "799bbaf0-0baf-4f8b-b57f-2d917c333ce5", "task_level": [2], "message_type": "INFO"}
{"optimizer": "RIO", "no": "7", "best_result": ["0|1|2|3|4|5|6|7|8|9|10|11|12|13|20|22|19|17|16|18|23|14|21|15", 0.14], "run_allowance": 9500, "iterations": 500, "timestamp": 1714945254.24305, "task_uuid": "799bbaf0-0baf-4f8b-b57f-2d917c333ce5", "task_level": [2], "message_type": "INFO"}
{"optimizer": "RIO", "no": "7", "best_result": ["0|1|2|3|4|5|6|7|8|9|10|11|12|13|20|22|19|17|16|18|23|14|21|15", 0.14], "run_allowance": 9500, "iterations": 500, "timestamp": 1714945254.24305, "task_uuid": "799bbaf0-0baf-4f8b-b57f-2d917c333ce5", "task_level": [2], "message_type": "INFO"}
{"optimizer": "RIO", "no": "7", "best_result": ["0|1|2|3|4|5|6|7|8|9|10|11|12|13|20|22|19|17|16|18|23|14|21|15", 0.14], "run_allowance": 9500, "iterations": 500, "timestamp": 1714945254.24305, "task_uuid": "799bbaf0-0baf-4f8b-b57f-2d917c333ce5", "task_level": [2], "message_type": "INFO"}
{"action_status": "succeeded", "timestamp": 1714945254.2434022, "task_uuid": "799bbaf0-0baf-4f8b-b57f-2d917c333ce5", "action_type": "LOG_RESULTS", "task_level": [3]}
{"action_status": "succeeded", "timestamp": 1714945254.2434022, "task_uuid": "799bbaf0-0baf-4f8b-b57f-2d917c333ce5", "action_type": "LOG_RESULTS", "task_level": [3]}
{"action_status": "succeeded", "timestamp": 1714945254.2434022, "task_uuid": "799bbaf0-0baf-4f8b-b57f-2d917c333ce5", "action_type": "LOG_RESULTS", "task_level": [3]}
{"action_status": "succeeded", "timestamp": 1714945254.2434022, "task_uuid": "799bbaf0-0baf-4f8b-b57f-2d917c333ce5", "action_type": "LOG_RESULTS", "task_level": [3]}
{"action_status": "succeeded", "timestamp": 1714945254.2434022, "task_uuid": "799bbaf0-0baf-4f8b-b57f-2d917c333ce5", "action_type": "LOG_RESULTS", "task_level": [3]}
{"action_status": "succeeded", "timestamp": 1714945254.2434022, "task_uuid": "799bbaf0-0baf-4f8b-b57f-2d917c333ce5", "action_type": "LOG_RESULTS", "task_level": [3]}
{"action_status": "succeeded", "timestamp": 1714945254.2434022, "task_uuid": "799bbaf0-0baf-4f8b-b57f-2d917c333ce5", "action_type": "LOG_RESULTS", "task_level": [3]}
{"action_status": "succeeded", "timestamp": 1714945254.2434022, "task_uuid": "799bbaf0-0baf-4f8b-b57f-2d917c333ce5", "action_type": "LOG_RESULTS", "task_level": [3]}
{"action_status": "succeeded", "timestamp": 1714945254.2434022, "task_uuid": "799bbaf0-0baf-4f8b-b57f-2d917c333ce5", "action_type": "LOG_RESULTS", "task_level": [3]}
{"action_status": "succeeded", "timestamp": 1714945254.2434022, "task_uuid": "799bbaf0-0baf-4f8b-b57f-2d917c333ce5", "action_type": "LOG_RESULTS", "task_level": [3]}
{"action_status": "started", "timestamp": 1714946337.0155213, "task_uuid": "3787a434-03cd-4913-8c29-d17f64311a26", "action_type": "LOG_RESULTS", "task_level": [1]}
{"action_status": "started", "timestamp": 1714946337.0155213, "task_uuid": "3787a434-03cd-4913-8c29-d17f64311a26", "action_type": "LOG_RESULTS", "task_level": [1]}
{"action_status": "started", "timestamp": 1714946337.0155213, "task_uuid": "3787a434-03cd-4913-8c29-d17f64311a26", "action_type": "LOG_RESULTS", "task_level": [1]}
{"action_status": "started", "timestamp": 1714946337.0155213, "task_uuid": "3787a434-03cd-4913-8c29-d17f64311a26", "action_type": "LOG_RESULTS", "task_level": [1]}
{"action_status": "started", "timestamp": 1714946337.0155213, "task_uuid": "3787a434-03cd-4913-8c29-d17f64311a26", "action_type": "LOG_RESULTS", "task_level": [1]}
{"action_status": "started", "timestamp": 1714946337.0155213, "task_uuid": "3787a434-03cd-4913-8c29-d17f64311a26", "action_type": "LOG_RESULTS", "task_level": [1]}
{"action_status": "started", "timestamp": 1714946337.0155213, "task_uuid": "3787a434-03cd-4913-8c29-d17f64311a26", "action_type": "LOG_RESULTS", "task_level": [1]}
{"action_status": "started", "timestamp": 1714946337.0155213, "task_uuid": "3787a434-03cd-4913-8c29-d17f64311a26", "action_type": "LOG_RESULTS", "task_level": [1]}
{"action_status": "started", "timestamp": 1714946337.0155213, "task_uuid": "3787a434-03cd-4913-8c29-d17f64311a26", "action_type": "LOG_RESULTS", "task_level": [1]}
{"action_status": "started", "timestamp": 1714946337.0155213, "task_uuid": "3787a434-03cd-4913-8c29-d17f64311a26", "action_type": "LOG_RESULTS", "task_level": [1]}
{"optimizer": "RIO", "no": "8", "best_result": ["0|1|2|3|4|5|6|7|8|9|10|11|12|13|17|19|16|21|23|15|20|22|18|14", 0.141], "run_allowance": 9500, "iterations": 500, "timestamp": 1714946337.0159478, "task_uuid": "3787a434-03cd-4913-8c29-d17f64311a26", "task_level": [2], "message_type": "INFO"}
{"optimizer": "RIO", "no": "8", "best_result": ["0|1|2|3|4|5|6|7|8|9|10|11|12|13|17|19|16|21|23|15|20|22|18|14", 0.141], "run_allowance": 9500, "iterations": 500, "timestamp": 1714946337.0159478, "task_uuid": "3787a434-03cd-4913-8c29-d17f64311a26", "task_level": [2], "message_type": "INFO"}
{"optimizer": "RIO", "no": "8", "best_result": ["0|1|2|3|4|5|6|7|8|9|10|11|12|13|17|19|16|21|23|15|20|22|18|14", 0.141], "run_allowance": 9500, "iterations": 500, "timestamp": 1714946337.0159478, "task_uuid": "3787a434-03cd-4913-8c29-d17f64311a26", "task_level": [2], "message_type": "INFO"}
{"optimizer": "RIO", "no": "8", "best_result": ["0|1|2|3|4|5|6|7|8|9|10|11|12|13|17|19|16|21|23|15|20|22|18|14", 0.141], "run_allowance": 9500, "iterations": 500, "timestamp": 1714946337.0159478, "task_uuid": "3787a434-03cd-4913-8c29-d17f64311a26", "task_level": [2], "message_type": "INFO"}
{"optimizer": "RIO", "no": "8", "best_result": ["0|1|2|3|4|5|6|7|8|9|10|11|12|13|17|19|16|21|23|15|20|22|18|14", 0.141], "run_allowance": 9500, "iterations": 500, "timestamp": 1714946337.0159478, "task_uuid": "3787a434-03cd-4913-8c29-d17f64311a26", "task_level": [2], "message_type": "INFO"}
{"optimizer": "RIO", "no": "8", "best_result": ["0|1|2|3|4|5|6|7|8|9|10|11|12|13|17|19|16|21|23|15|20|22|18|14", 0.141], "run_allowance": 9500, "iterations": 500, "timestamp": 1714946337.0159478, "task_uuid": "3787a434-03cd-4913-8c29-d17f64311a26", "task_level": [2], "message_type": "INFO"}
{"optimizer": "RIO", "no": "8", "best_result": ["0|1|2|3|4|5|6|7|8|9|10|11|12|13|17|19|16|21|23|15|20|22|18|14", 0.141], "run_allowance": 9500, "iterations": 500, "timestamp": 1714946337.0159478, "task_uuid": "3787a434-03cd-4913-8c29-d17f64311a26", "task_level": [2], "message_type": "INFO"}
{"optimizer": "RIO", "no": "8", "best_result": ["0|1|2|3|4|5|6|7|8|9|10|11|12|13|17|19|16|21|23|15|20|22|18|14", 0.141], "run_allowance": 9500, "iterations": 500, "timestamp": 1714946337.0159478, "task_uuid": "3787a434-03cd-4913-8c29-d17f64311a26", "task_level": [2], "message_type": "INFO"}
{"optimizer": "RIO", "no": "8", "best_result": ["0|1|2|3|4|5|6|7|8|9|10|11|12|13|17|19|16|21|23|15|20|22|18|14", 0.141], "run_allowance": 9500, "iterations": 500, "timestamp": 1714946337.0159478, "task_uuid": "3787a434-03cd-4913-8c29-d17f64311a26", "task_level": [2], "message_type": "INFO"}
{"optimizer": "RIO", "no": "8", "best_result": ["0|1|2|3|4|5|6|7|8|9|10|11|12|13|17|19|16|21|23|15|20|22|18|14", 0.141], "run_allowance": 9500, "iterations": 500, "timestamp": 1714946337.0159478, "task_uuid": "3787a434-03cd-4913-8c29-d17f64311a26", "task_level": [2], "message_type": "INFO"}
{"action_status": "succeeded", "timestamp": 1714946337.016336, "task_uuid": "3787a434-03cd-4913-8c29-d17f64311a26", "action_type": "LOG_RESULTS", "task_level": [3]}
{"action_status": "succeeded", "timestamp": 1714946337.016336, "task_uuid": "3787a434-03cd-4913-8c29-d17f64311a26", "action_type": "LOG_RESULTS", "task_level": [3]}
{"action_status": "succeeded", "timestamp": 1714946337.016336, "task_uuid": "3787a434-03cd-4913-8c29-d17f64311a26", "action_type": "LOG_RESULTS", "task_level": [3]}
{"action_status": "succeeded", "timestamp": 1714946337.016336, "task_uuid": "3787a434-03cd-4913-8c29-d17f64311a26", "action_type": "LOG_RESULTS", "task_level": [3]}
{"action_status": "succeeded", "timestamp": 1714946337.016336, "task_uuid": "3787a434-03cd-4913-8c29-d17f64311a26", "action_type": "LOG_RESULTS", "task_level": [3]}
{"action_status": "succeeded", "timestamp": 1714946337.016336, "task_uuid": "3787a434-03cd-4913-8c29-d17f64311a26", "action_type": "LOG_RESULTS", "task_level": [3]}
{"action_status": "succeeded", "timestamp": 1714946337.016336, "task_uuid": "3787a434-03cd-4913-8c29-d17f64311a26", "action_type": "LOG_RESULTS", "task_level": [3]}
{"action_status": "succeeded", "timestamp": 1714946337.016336, "task_uuid": "3787a434-03cd-4913-8c29-d17f64311a26", "action_type": "LOG_RESULTS", "task_level": [3]}
{"action_status": "succeeded", "timestamp": 1714946337.016336, "task_uuid": "3787a434-03cd-4913-8c29-d17f64311a26", "action_type": "LOG_RESULTS", "task_level": [3]}
{"action_status": "succeeded", "timestamp": 1714946337.016336, "task_uuid": "3787a434-03cd-4913-8c29-d17f64311a26", "action_type": "LOG_RESULTS", "task_level": [3]}
{"action_status": "started", "timestamp": 1714947413.0020542, "task_uuid": "d7e262fa-4413-4ee9-a0f3-0896f7550873", "action_type": "LOG_RESULTS", "task_level": [1]}
{"action_status": "started", "timestamp": 1714947413.0020542, "task_uuid": "d7e262fa-4413-4ee9-a0f3-0896f7550873", "action_type": "LOG_RESULTS", "task_level": [1]}
{"action_status": "started", "timestamp": 1714947413.0020542, "task_uuid": "d7e262fa-4413-4ee9-a0f3-0896f7550873", "action_type": "LOG_RESULTS", "task_level": [1]}
{"action_status": "started", "timestamp": 1714947413.0020542, "task_uuid": "d7e262fa-4413-4ee9-a0f3-0896f7550873", "action_type": "LOG_RESULTS", "task_level": [1]}
{"action_status": "started", "timestamp": 1714947413.0020542, "task_uuid": "d7e262fa-4413-4ee9-a0f3-0896f7550873", "action_type": "LOG_RESULTS", "task_level": [1]}
{"action_status": "started", "timestamp": 1714947413.0020542, "task_uuid": "d7e262fa-4413-4ee9-a0f3-0896f7550873", "action_type": "LOG_RESULTS", "task_level": [1]}
{"action_status": "started", "timestamp": 1714947413.0020542, "task_uuid": "d7e262fa-4413-4ee9-a0f3-0896f7550873", "action_type": "LOG_RESULTS", "task_level": [1]}
{"action_status": "started", "timestamp": 1714947413.0020542, "task_uuid": "d7e262fa-4413-4ee9-a0f3-0896f7550873", "action_type": "LOG_RESULTS", "task_level": [1]}
{"action_status": "started", "timestamp": 1714947413.0020542, "task_uuid": "d7e262fa-4413-4ee9-a0f3-0896f7550873", "action_type": "LOG_RESULTS", "task_level": [1]}
{"action_status": "started", "timestamp": 1714947413.0020542, "task_uuid": "d7e262fa-4413-4ee9-a0f3-0896f7550873", "action_type": "LOG_RESULTS", "task_level": [1]}
{"optimizer": "RIO", "no": "9", "best_result": ["0|1|2|3|4|5|6|7|8|9|10|11|12|13|16|22|15|21|17|20|18|19|14|23", 0.141], "run_allowance": 9500, "iterations": 500, "timestamp": 1714947413.0025034, "task_uuid": "d7e262fa-4413-4ee9-a0f3-0896f7550873", "task_level": [2], "message_type": "INFO"}
{"optimizer": "RIO", "no": "9", "best_result": ["0|1|2|3|4|5|6|7|8|9|10|11|12|13|16|22|15|21|17|20|18|19|14|23", 0.141], "run_allowance": 9500, "iterations": 500, "timestamp": 1714947413.0025034, "task_uuid": "d7e262fa-4413-4ee9-a0f3-0896f7550873", "task_level": [2], "message_type": "INFO"}
{"optimizer": "RIO", "no": "9", "best_result": ["0|1|2|3|4|5|6|7|8|9|10|11|12|13|16|22|15|21|17|20|18|19|14|23", 0.141], "run_allowance": 9500, "iterations": 500, "timestamp": 1714947413.0025034, "task_uuid": "d7e262fa-4413-4ee9-a0f3-0896f7550873", "task_level": [2], "message_type": "INFO"}
{"optimizer": "RIO", "no": "9", "best_result": ["0|1|2|3|4|5|6|7|8|9|10|11|12|13|16|22|15|21|17|20|18|19|14|23", 0.141], "run_allowance": 9500, "iterations": 500, "timestamp": 1714947413.0025034, "task_uuid": "d7e262fa-4413-4ee9-a0f3-0896f7550873", "task_level": [2], "message_type": "INFO"}
{"optimizer": "RIO", "no": "9", "best_result": ["0|1|2|3|4|5|6|7|8|9|10|11|12|13|16|22|15|21|17|20|18|19|14|23", 0.141], "run_allowance": 9500, "iterations": 500, "timestamp": 1714947413.0025034, "task_uuid": "d7e262fa-4413-4ee9-a0f3-0896f7550873", "task_level": [2], "message_type": "INFO"}
{"optimizer": "RIO", "no": "9", "best_result": ["0|1|2|3|4|5|6|7|8|9|10|11|12|13|16|22|15|21|17|20|18|19|14|23", 0.141], "run_allowance": 9500, "iterations": 500, "timestamp": 1714947413.0025034, "task_uuid": "d7e262fa-4413-4ee9-a0f3-0896f7550873", "task_level": [2], "message_type": "INFO"}
{"optimizer": "RIO", "no": "9", "best_result": ["0|1|2|3|4|5|6|7|8|9|10|11|12|13|16|22|15|21|17|20|18|19|14|23", 0.141], "run_allowance": 9500, "iterations": 500, "timestamp": 1714947413.0025034, "task_uuid": "d7e262fa-4413-4ee9-a0f3-0896f7550873", "task_level": [2], "message_type": "INFO"}
{"optimizer": "RIO", "no": "9", "best_result": ["0|1|2|3|4|5|6|7|8|9|10|11|12|13|16|22|15|21|17|20|18|19|14|23", 0.141], "run_allowance": 9500, "iterations": 500, "timestamp": 1714947413.0025034, "task_uuid": "d7e262fa-4413-4ee9-a0f3-0896f7550873", "task_level": [2], "message_type": "INFO"}
{"optimizer": "RIO", "no": "9", "best_result": ["0|1|2|3|4|5|6|7|8|9|10|11|12|13|16|22|15|21|17|20|18|19|14|23", 0.141], "run_allowance": 9500, "iterations": 500, "timestamp": 1714947413.0025034, "task_uuid": "d7e262fa-4413-4ee9-a0f3-0896f7550873", "task_level": [2], "message_type": "INFO"}
{"optimizer": "RIO", "no": "9", "best_result": ["0|1|2|3|4|5|6|7|8|9|10|11|12|13|16|22|15|21|17|20|18|19|14|23", 0.141], "run_allowance": 9500, "iterations": 500, "timestamp": 1714947413.0025034, "task_uuid": "d7e262fa-4413-4ee9-a0f3-0896f7550873", "task_level": [2], "message_type": "INFO"}
{"action_status": "succeeded", "timestamp": 1714947413.0028393, "task_uuid": "d7e262fa-4413-4ee9-a0f3-0896f7550873", "action_type": "LOG_RESULTS", "task_level": [3]}
{"action_status": "succeeded", "timestamp": 1714947413.0028393, "task_uuid": "d7e262fa-4413-4ee9-a0f3-0896f7550873", "action_type": "LOG_RESULTS", "task_level": [3]}
{"action_status": "succeeded", "timestamp": 1714947413.0028393, "task_uuid": "d7e262fa-4413-4ee9-a0f3-0896f7550873", "action_type": "LOG_RESULTS", "task_level": [3]}
{"action_status": "succeeded", "timestamp": 1714947413.0028393, "task_uuid": "d7e262fa-4413-4ee9-a0f3-0896f7550873", "action_type": "LOG_RESULTS", "task_level": [3]}
{"action_status": "succeeded", "timestamp": 1714947413.0028393, "task_uuid": "d7e262fa-4413-4ee9-a0f3-0896f7550873", "action_type": "LOG_RESULTS", "task_level": [3]}
{"action_status": "succeeded", "timestamp": 1714947413.0028393, "task_uuid": "d7e262fa-4413-4ee9-a0f3-0896f7550873", "action_type": "LOG_RESULTS", "task_level": [3]}
{"action_status": "succeeded", "timestamp": 1714947413.0028393, "task_uuid": "d7e262fa-4413-4ee9-a0f3-0896f7550873", "action_type": "LOG_RESULTS", "task_level": [3]}
{"action_status": "succeeded", "timestamp": 1714947413.0028393, "task_uuid": "d7e262fa-4413-4ee9-a0f3-0896f7550873", "action_type": "LOG_RESULTS", "task_level": [3]}
{"action_status": "succeeded", "timestamp": 1714947413.0028393, "task_uuid": "d7e262fa-4413-4ee9-a0f3-0896f7550873", "action_type": "LOG_RESULTS", "task_level": [3]}
{"action_status": "succeeded", "timestamp": 1714947413.0028393, "task_uuid": "d7e262fa-4413-4ee9-a0f3-0896f7550873", "action_type": "LOG_RESULTS", "task_level": [3]}
