{"test_path": "spectral/sorting", "test_desc": "Thesis_BOCPA", "action_status": "started", "timestamp": 1715013584.0583372, "task_uuid": "ce1e2cca-d783-453b-ad8c-a908dd88f43f", "action_type": "OPTIMIZER_CREATION", "task_level": [1]}
{"action_status": "started", "timestamp": 1715013584.0588217, "task_uuid": "ce1e2cca-d783-453b-ad8c-a908dd88f43f", "action_type": "LOG_RESULTS", "task_level": [2, 1]}
{"action_status": "succeeded", "timestamp": 1715013584.0624385, "task_uuid": "ce1e2cca-d783-453b-ad8c-a908dd88f43f", "action_type": "OPTIMIZER_CREATION", "task_level": [3]}
{"test_path": "spectral/sorting", "test_desc": "Thesis_BOCPA", "action_status": "started", "timestamp": 1715013584.0626132, "task_uuid": "4232cfe3-08ef-4eb2-8d1c-5b30272c486c", "action_type": "OPTIMIZER_CREATION", "task_level": [1]}
{"action_status": "started", "timestamp": 1715013584.0628068, "task_uuid": "4232cfe3-08ef-4eb2-8d1c-5b30272c486c", "action_type": "LOG_RESULTS", "task_level": [2, 1]}
{"action_status": "started", "timestamp": 1715013584.0628068, "task_uuid": "4232cfe3-08ef-4eb2-8d1c-5b30272c486c", "action_type": "LOG_RESULTS", "task_level": [2, 1]}
{"action_status": "succeeded", "timestamp": 1715013584.0660062, "task_uuid": "4232cfe3-08ef-4eb2-8d1c-5b30272c486c", "action_type": "OPTIMIZER_CREATION", "task_level": [3]}
{"action_status": "succeeded", "timestamp": 1715013584.0660062, "task_uuid": "4232cfe3-08ef-4eb2-8d1c-5b30272c486c", "action_type": "OPTIMIZER_CREATION", "task_level": [3]}
{"test_path": "spectral/sorting", "test_desc": "Thesis_BOCPA", "action_status": "started", "timestamp": 1715013584.0661952, "task_uuid": "6bce4db3-5acc-49a7-b44f-876a5aac6e06", "action_type": "OPTIMIZER_CREATION", "task_level": [1]}
{"test_path": "spectral/sorting", "test_desc": "Thesis_BOCPA", "action_status": "started", "timestamp": 1715013584.0661952, "task_uuid": "6bce4db3-5acc-49a7-b44f-876a5aac6e06", "action_type": "OPTIMIZER_CREATION", "task_level": [1]}
{"action_status": "started", "timestamp": 1715013584.0664315, "task_uuid": "6bce4db3-5acc-49a7-b44f-876a5aac6e06", "action_type": "LOG_RESULTS", "task_level": [2, 1]}
{"action_status": "started", "timestamp": 1715013584.0664315, "task_uuid": "6bce4db3-5acc-49a7-b44f-876a5aac6e06", "action_type": "LOG_RESULTS", "task_level": [2, 1]}
{"action_status": "started", "timestamp": 1715013584.0664315, "task_uuid": "6bce4db3-5acc-49a7-b44f-876a5aac6e06", "action_type": "LOG_RESULTS", "task_level": [2, 1]}
{"action_status": "succeeded", "timestamp": 1715013584.0696614, "task_uuid": "6bce4db3-5acc-49a7-b44f-876a5aac6e06", "action_type": "OPTIMIZER_CREATION", "task_level": [3]}
{"action_status": "succeeded", "timestamp": 1715013584.0696614, "task_uuid": "6bce4db3-5acc-49a7-b44f-876a5aac6e06", "action_type": "OPTIMIZER_CREATION", "task_level": [3]}
{"action_status": "succeeded", "timestamp": 1715013584.0696614, "task_uuid": "6bce4db3-5acc-49a7-b44f-876a5aac6e06", "action_type": "OPTIMIZER_CREATION", "task_level": [3]}
{"test_path": "spectral/sorting", "test_desc": "Thesis_BOCPA", "action_status": "started", "timestamp": 1715013584.0698943, "task_uuid": "d8fd2f0a-ae05-4295-8337-b28d9ef5c7f5", "action_type": "OPTIMIZER_CREATION", "task_level": [1]}
{"test_path": "spectral/sorting", "test_desc": "Thesis_BOCPA", "action_status": "started", "timestamp": 1715013584.0698943, "task_uuid": "d8fd2f0a-ae05-4295-8337-b28d9ef5c7f5", "action_type": "OPTIMIZER_CREATION", "task_level": [1]}
{"test_path": "spectral/sorting", "test_desc": "Thesis_BOCPA", "action_status": "started", "timestamp": 1715013584.0698943, "task_uuid": "d8fd2f0a-ae05-4295-8337-b28d9ef5c7f5", "action_type": "OPTIMIZER_CREATION", "task_level": [1]}
{"action_status": "started", "timestamp": 1715013584.0701497, "task_uuid": "d8fd2f0a-ae05-4295-8337-b28d9ef5c7f5", "action_type": "LOG_RESULTS", "task_level": [2, 1]}
{"action_status": "started", "timestamp": 1715013584.0701497, "task_uuid": "d8fd2f0a-ae05-4295-8337-b28d9ef5c7f5", "action_type": "LOG_RESULTS", "task_level": [2, 1]}
{"action_status": "started", "timestamp": 1715013584.0701497, "task_uuid": "d8fd2f0a-ae05-4295-8337-b28d9ef5c7f5", "action_type": "LOG_RESULTS", "task_level": [2, 1]}
{"action_status": "started", "timestamp": 1715013584.0701497, "task_uuid": "d8fd2f0a-ae05-4295-8337-b28d9ef5c7f5", "action_type": "LOG_RESULTS", "task_level": [2, 1]}
{"action_status": "succeeded", "timestamp": 1715013584.0733843, "task_uuid": "d8fd2f0a-ae05-4295-8337-b28d9ef5c7f5", "action_type": "OPTIMIZER_CREATION", "task_level": [3]}
{"action_status": "succeeded", "timestamp": 1715013584.0733843, "task_uuid": "d8fd2f0a-ae05-4295-8337-b28d9ef5c7f5", "action_type": "OPTIMIZER_CREATION", "task_level": [3]}
{"action_status": "succeeded", "timestamp": 1715013584.0733843, "task_uuid": "d8fd2f0a-ae05-4295-8337-b28d9ef5c7f5", "action_type": "OPTIMIZER_CREATION", "task_level": [3]}
{"action_status": "succeeded", "timestamp": 1715013584.0733843, "task_uuid": "d8fd2f0a-ae05-4295-8337-b28d9ef5c7f5", "action_type": "OPTIMIZER_CREATION", "task_level": [3]}
{"test_path": "spectral/sorting", "test_desc": "Thesis_BOCPA", "action_status": "started", "timestamp": 1715013584.07363, "task_uuid": "c1a6a1ab-f1aa-42e2-ac5e-cacbad4eac27", "action_type": "OPTIMIZER_CREATION", "task_level": [1]}
{"test_path": "spectral/sorting", "test_desc": "Thesis_BOCPA", "action_status": "started", "timestamp": 1715013584.07363, "task_uuid": "c1a6a1ab-f1aa-42e2-ac5e-cacbad4eac27", "action_type": "OPTIMIZER_CREATION", "task_level": [1]}
{"test_path": "spectral/sorting", "test_desc": "Thesis_BOCPA", "action_status": "started", "timestamp": 1715013584.07363, "task_uuid": "c1a6a1ab-f1aa-42e2-ac5e-cacbad4eac27", "action_type": "OPTIMIZER_CREATION", "task_level": [1]}
{"test_path": "spectral/sorting", "test_desc": "Thesis_BOCPA", "action_status": "started", "timestamp": 1715013584.07363, "task_uuid": "c1a6a1ab-f1aa-42e2-ac5e-cacbad4eac27", "action_type": "OPTIMIZER_CREATION", "task_level": [1]}
{"action_status": "started", "timestamp": 1715013584.0739074, "task_uuid": "c1a6a1ab-f1aa-42e2-ac5e-cacbad4eac27", "action_type": "LOG_RESULTS", "task_level": [2, 1]}
{"action_status": "started", "timestamp": 1715013584.0739074, "task_uuid": "c1a6a1ab-f1aa-42e2-ac5e-cacbad4eac27", "action_type": "LOG_RESULTS", "task_level": [2, 1]}
{"action_status": "started", "timestamp": 1715013584.0739074, "task_uuid": "c1a6a1ab-f1aa-42e2-ac5e-cacbad4eac27", "action_type": "LOG_RESULTS", "task_level": [2, 1]}
{"action_status": "started", "timestamp": 1715013584.0739074, "task_uuid": "c1a6a1ab-f1aa-42e2-ac5e-cacbad4eac27", "action_type": "LOG_RESULTS", "task_level": [2, 1]}
{"action_status": "started", "timestamp": 1715013584.0739074, "task_uuid": "c1a6a1ab-f1aa-42e2-ac5e-cacbad4eac27", "action_type": "LOG_RESULTS", "task_level": [2, 1]}
{"action_status": "succeeded", "timestamp": 1715013584.077064, "task_uuid": "c1a6a1ab-f1aa-42e2-ac5e-cacbad4eac27", "action_type": "OPTIMIZER_CREATION", "task_level": [3]}
{"action_status": "succeeded", "timestamp": 1715013584.077064, "task_uuid": "c1a6a1ab-f1aa-42e2-ac5e-cacbad4eac27", "action_type": "OPTIMIZER_CREATION", "task_level": [3]}
{"action_status": "succeeded", "timestamp": 1715013584.077064, "task_uuid": "c1a6a1ab-f1aa-42e2-ac5e-cacbad4eac27", "action_type": "OPTIMIZER_CREATION", "task_level": [3]}
{"action_status": "succeeded", "timestamp": 1715013584.077064, "task_uuid": "c1a6a1ab-f1aa-42e2-ac5e-cacbad4eac27", "action_type": "OPTIMIZER_CREATION", "task_level": [3]}
{"action_status": "succeeded", "timestamp": 1715013584.077064, "task_uuid": "c1a6a1ab-f1aa-42e2-ac5e-cacbad4eac27", "action_type": "OPTIMIZER_CREATION", "task_level": [3]}
{"test_path": "spectral/sorting", "test_desc": "Thesis_BOCPA", "action_status": "started", "timestamp": 1715013584.0773368, "task_uuid": "7783b003-c910-4370-b2e9-15a9c18794a4", "action_type": "OPTIMIZER_CREATION", "task_level": [1]}
{"test_path": "spectral/sorting", "test_desc": "Thesis_BOCPA", "action_status": "started", "timestamp": 1715013584.0773368, "task_uuid": "7783b003-c910-4370-b2e9-15a9c18794a4", "action_type": "OPTIMIZER_CREATION", "task_level": [1]}
{"test_path": "spectral/sorting", "test_desc": "Thesis_BOCPA", "action_status": "started", "timestamp": 1715013584.0773368, "task_uuid": "7783b003-c910-4370-b2e9-15a9c18794a4", "action_type": "OPTIMIZER_CREATION", "task_level": [1]}
{"test_path": "spectral/sorting", "test_desc": "Thesis_BOCPA", "action_status": "started", "timestamp": 1715013584.0773368, "task_uuid": "7783b003-c910-4370-b2e9-15a9c18794a4", "action_type": "OPTIMIZER_CREATION", "task_level": [1]}
{"test_path": "spectral/sorting", "test_desc": "Thesis_BOCPA", "action_status": "started", "timestamp": 1715013584.0773368, "task_uuid": "7783b003-c910-4370-b2e9-15a9c18794a4", "action_type": "OPTIMIZER_CREATION", "task_level": [1]}
{"action_status": "started", "timestamp": 1715013584.0776422, "task_uuid": "7783b003-c910-4370-b2e9-15a9c18794a4", "action_type": "LOG_RESULTS", "task_level": [2, 1]}
{"action_status": "started", "timestamp": 1715013584.0776422, "task_uuid": "7783b003-c910-4370-b2e9-15a9c18794a4", "action_type": "LOG_RESULTS", "task_level": [2, 1]}
{"action_status": "started", "timestamp": 1715013584.0776422, "task_uuid": "7783b003-c910-4370-b2e9-15a9c18794a4", "action_type": "LOG_RESULTS", "task_level": [2, 1]}
{"action_status": "started", "timestamp": 1715013584.0776422, "task_uuid": "7783b003-c910-4370-b2e9-15a9c18794a4", "action_type": "LOG_RESULTS", "task_level": [2, 1]}
{"action_status": "started", "timestamp": 1715013584.0776422, "task_uuid": "7783b003-c910-4370-b2e9-15a9c18794a4", "action_type": "LOG_RESULTS", "task_level": [2, 1]}
{"action_status": "started", "timestamp": 1715013584.0776422, "task_uuid": "7783b003-c910-4370-b2e9-15a9c18794a4", "action_type": "LOG_RESULTS", "task_level": [2, 1]}
{"action_status": "succeeded", "timestamp": 1715013584.0809488, "task_uuid": "7783b003-c910-4370-b2e9-15a9c18794a4", "action_type": "OPTIMIZER_CREATION", "task_level": [3]}
{"action_status": "succeeded", "timestamp": 1715013584.0809488, "task_uuid": "7783b003-c910-4370-b2e9-15a9c18794a4", "action_type": "OPTIMIZER_CREATION", "task_level": [3]}
{"action_status": "succeeded", "timestamp": 1715013584.0809488, "task_uuid": "7783b003-c910-4370-b2e9-15a9c18794a4", "action_type": "OPTIMIZER_CREATION", "task_level": [3]}
{"action_status": "succeeded", "timestamp": 1715013584.0809488, "task_uuid": "7783b003-c910-4370-b2e9-15a9c18794a4", "action_type": "OPTIMIZER_CREATION", "task_level": [3]}
{"action_status": "succeeded", "timestamp": 1715013584.0809488, "task_uuid": "7783b003-c910-4370-b2e9-15a9c18794a4", "action_type": "OPTIMIZER_CREATION", "task_level": [3]}
{"action_status": "succeeded", "timestamp": 1715013584.0809488, "task_uuid": "7783b003-c910-4370-b2e9-15a9c18794a4", "action_type": "OPTIMIZER_CREATION", "task_level": [3]}
{"test_path": "spectral/sorting", "test_desc": "Thesis_BOCPA", "action_status": "started", "timestamp": 1715013584.0812445, "task_uuid": "ebf9a5be-070e-4725-88c4-6ea62a694432", "action_type": "OPTIMIZER_CREATION", "task_level": [1]}
{"test_path": "spectral/sorting", "test_desc": "Thesis_BOCPA", "action_status": "started", "timestamp": 1715013584.0812445, "task_uuid": "ebf9a5be-070e-4725-88c4-6ea62a694432", "action_type": "OPTIMIZER_CREATION", "task_level": [1]}
{"test_path": "spectral/sorting", "test_desc": "Thesis_BOCPA", "action_status": "started", "timestamp": 1715013584.0812445, "task_uuid": "ebf9a5be-070e-4725-88c4-6ea62a694432", "action_type": "OPTIMIZER_CREATION", "task_level": [1]}
{"test_path": "spectral/sorting", "test_desc": "Thesis_BOCPA", "action_status": "started", "timestamp": 1715013584.0812445, "task_uuid": "ebf9a5be-070e-4725-88c4-6ea62a694432", "action_type": "OPTIMIZER_CREATION", "task_level": [1]}
{"test_path": "spectral/sorting", "test_desc": "Thesis_BOCPA", "action_status": "started", "timestamp": 1715013584.0812445, "task_uuid": "ebf9a5be-070e-4725-88c4-6ea62a694432", "action_type": "OPTIMIZER_CREATION", "task_level": [1]}
{"test_path": "spectral/sorting", "test_desc": "Thesis_BOCPA", "action_status": "started", "timestamp": 1715013584.0812445, "task_uuid": "ebf9a5be-070e-4725-88c4-6ea62a694432", "action_type": "OPTIMIZER_CREATION", "task_level": [1]}
{"action_status": "started", "timestamp": 1715013584.0815551, "task_uuid": "ebf9a5be-070e-4725-88c4-6ea62a694432", "action_type": "LOG_RESULTS", "task_level": [2, 1]}
{"action_status": "started", "timestamp": 1715013584.0815551, "task_uuid": "ebf9a5be-070e-4725-88c4-6ea62a694432", "action_type": "LOG_RESULTS", "task_level": [2, 1]}
{"action_status": "started", "timestamp": 1715013584.0815551, "task_uuid": "ebf9a5be-070e-4725-88c4-6ea62a694432", "action_type": "LOG_RESULTS", "task_level": [2, 1]}
{"action_status": "started", "timestamp": 1715013584.0815551, "task_uuid": "ebf9a5be-070e-4725-88c4-6ea62a694432", "action_type": "LOG_RESULTS", "task_level": [2, 1]}
{"action_status": "started", "timestamp": 1715013584.0815551, "task_uuid": "ebf9a5be-070e-4725-88c4-6ea62a694432", "action_type": "LOG_RESULTS", "task_level": [2, 1]}
{"action_status": "started", "timestamp": 1715013584.0815551, "task_uuid": "ebf9a5be-070e-4725-88c4-6ea62a694432", "action_type": "LOG_RESULTS", "task_level": [2, 1]}
{"action_status": "started", "timestamp": 1715013584.0815551, "task_uuid": "ebf9a5be-070e-4725-88c4-6ea62a694432", "action_type": "LOG_RESULTS", "task_level": [2, 1]}
{"action_status": "succeeded", "timestamp": 1715013584.1279366, "task_uuid": "ebf9a5be-070e-4725-88c4-6ea62a694432", "action_type": "OPTIMIZER_CREATION", "task_level": [3]}
{"action_status": "succeeded", "timestamp": 1715013584.1279366, "task_uuid": "ebf9a5be-070e-4725-88c4-6ea62a694432", "action_type": "OPTIMIZER_CREATION", "task_level": [3]}
{"action_status": "succeeded", "timestamp": 1715013584.1279366, "task_uuid": "ebf9a5be-070e-4725-88c4-6ea62a694432", "action_type": "OPTIMIZER_CREATION", "task_level": [3]}
{"action_status": "succeeded", "timestamp": 1715013584.1279366, "task_uuid": "ebf9a5be-070e-4725-88c4-6ea62a694432", "action_type": "OPTIMIZER_CREATION", "task_level": [3]}
{"action_status": "succeeded", "timestamp": 1715013584.1279366, "task_uuid": "ebf9a5be-070e-4725-88c4-6ea62a694432", "action_type": "OPTIMIZER_CREATION", "task_level": [3]}
{"action_status": "succeeded", "timestamp": 1715013584.1279366, "task_uuid": "ebf9a5be-070e-4725-88c4-6ea62a694432", "action_type": "OPTIMIZER_CREATION", "task_level": [3]}
{"action_status": "succeeded", "timestamp": 1715013584.1279366, "task_uuid": "ebf9a5be-070e-4725-88c4-6ea62a694432", "action_type": "OPTIMIZER_CREATION", "task_level": [3]}
{"test_path": "spectral/sorting", "test_desc": "Thesis_BOCPA", "action_status": "started", "timestamp": 1715013584.1284204, "task_uuid": "6c2f5070-4e85-4a31-ae1f-7379c2a5d8f7", "action_type": "OPTIMIZER_CREATION", "task_level": [1]}
{"test_path": "spectral/sorting", "test_desc": "Thesis_BOCPA", "action_status": "started", "timestamp": 1715013584.1284204, "task_uuid": "6c2f5070-4e85-4a31-ae1f-7379c2a5d8f7", "action_type": "OPTIMIZER_CREATION", "task_level": [1]}
{"test_path": "spectral/sorting", "test_desc": "Thesis_BOCPA", "action_status": "started", "timestamp": 1715013584.1284204, "task_uuid": "6c2f5070-4e85-4a31-ae1f-7379c2a5d8f7", "action_type": "OPTIMIZER_CREATION", "task_level": [1]}
{"test_path": "spectral/sorting", "test_desc": "Thesis_BOCPA", "action_status": "started", "timestamp": 1715013584.1284204, "task_uuid": "6c2f5070-4e85-4a31-ae1f-7379c2a5d8f7", "action_type": "OPTIMIZER_CREATION", "task_level": [1]}
{"test_path": "spectral/sorting", "test_desc": "Thesis_BOCPA", "action_status": "started", "timestamp": 1715013584.1284204, "task_uuid": "6c2f5070-4e85-4a31-ae1f-7379c2a5d8f7", "action_type": "OPTIMIZER_CREATION", "task_level": [1]}
{"test_path": "spectral/sorting", "test_desc": "Thesis_BOCPA", "action_status": "started", "timestamp": 1715013584.1284204, "task_uuid": "6c2f5070-4e85-4a31-ae1f-7379c2a5d8f7", "action_type": "OPTIMIZER_CREATION", "task_level": [1]}
{"test_path": "spectral/sorting", "test_desc": "Thesis_BOCPA", "action_status": "started", "timestamp": 1715013584.1284204, "task_uuid": "6c2f5070-4e85-4a31-ae1f-7379c2a5d8f7", "action_type": "OPTIMIZER_CREATION", "task_level": [1]}
{"action_status": "started", "timestamp": 1715013584.128844, "task_uuid": "6c2f5070-4e85-4a31-ae1f-7379c2a5d8f7", "action_type": "LOG_RESULTS", "task_level": [2, 1]}
{"action_status": "started", "timestamp": 1715013584.128844, "task_uuid": "6c2f5070-4e85-4a31-ae1f-7379c2a5d8f7", "action_type": "LOG_RESULTS", "task_level": [2, 1]}
{"action_status": "started", "timestamp": 1715013584.128844, "task_uuid": "6c2f5070-4e85-4a31-ae1f-7379c2a5d8f7", "action_type": "LOG_RESULTS", "task_level": [2, 1]}
{"action_status": "started", "timestamp": 1715013584.128844, "task_uuid": "6c2f5070-4e85-4a31-ae1f-7379c2a5d8f7", "action_type": "LOG_RESULTS", "task_level": [2, 1]}
{"action_status": "started", "timestamp": 1715013584.128844, "task_uuid": "6c2f5070-4e85-4a31-ae1f-7379c2a5d8f7", "action_type": "LOG_RESULTS", "task_level": [2, 1]}
{"action_status": "started", "timestamp": 1715013584.128844, "task_uuid": "6c2f5070-4e85-4a31-ae1f-7379c2a5d8f7", "action_type": "LOG_RESULTS", "task_level": [2, 1]}
{"action_status": "started", "timestamp": 1715013584.128844, "task_uuid": "6c2f5070-4e85-4a31-ae1f-7379c2a5d8f7", "action_type": "LOG_RESULTS", "task_level": [2, 1]}
{"action_status": "started", "timestamp": 1715013584.128844, "task_uuid": "6c2f5070-4e85-4a31-ae1f-7379c2a5d8f7", "action_type": "LOG_RESULTS", "task_level": [2, 1]}
{"action_status": "succeeded", "timestamp": 1715013584.1321676, "task_uuid": "6c2f5070-4e85-4a31-ae1f-7379c2a5d8f7", "action_type": "OPTIMIZER_CREATION", "task_level": [3]}
{"action_status": "succeeded", "timestamp": 1715013584.1321676, "task_uuid": "6c2f5070-4e85-4a31-ae1f-7379c2a5d8f7", "action_type": "OPTIMIZER_CREATION", "task_level": [3]}
{"action_status": "succeeded", "timestamp": 1715013584.1321676, "task_uuid": "6c2f5070-4e85-4a31-ae1f-7379c2a5d8f7", "action_type": "OPTIMIZER_CREATION", "task_level": [3]}
{"action_status": "succeeded", "timestamp": 1715013584.1321676, "task_uuid": "6c2f5070-4e85-4a31-ae1f-7379c2a5d8f7", "action_type": "OPTIMIZER_CREATION", "task_level": [3]}
{"action_status": "succeeded", "timestamp": 1715013584.1321676, "task_uuid": "6c2f5070-4e85-4a31-ae1f-7379c2a5d8f7", "action_type": "OPTIMIZER_CREATION", "task_level": [3]}
{"action_status": "succeeded", "timestamp": 1715013584.1321676, "task_uuid": "6c2f5070-4e85-4a31-ae1f-7379c2a5d8f7", "action_type": "OPTIMIZER_CREATION", "task_level": [3]}
{"action_status": "succeeded", "timestamp": 1715013584.1321676, "task_uuid": "6c2f5070-4e85-4a31-ae1f-7379c2a5d8f7", "action_type": "OPTIMIZER_CREATION", "task_level": [3]}
{"action_status": "succeeded", "timestamp": 1715013584.1321676, "task_uuid": "6c2f5070-4e85-4a31-ae1f-7379c2a5d8f7", "action_type": "OPTIMIZER_CREATION", "task_level": [3]}
{"test_path": "spectral/sorting", "test_desc": "Thesis_BOCPA", "action_status": "started", "timestamp": 1715013584.1325243, "task_uuid": "0054ba76-75e8-4694-bcac-df4ccb1e086e", "action_type": "OPTIMIZER_CREATION", "task_level": [1]}
{"test_path": "spectral/sorting", "test_desc": "Thesis_BOCPA", "action_status": "started", "timestamp": 1715013584.1325243, "task_uuid": "0054ba76-75e8-4694-bcac-df4ccb1e086e", "action_type": "OPTIMIZER_CREATION", "task_level": [1]}
{"test_path": "spectral/sorting", "test_desc": "Thesis_BOCPA", "action_status": "started", "timestamp": 1715013584.1325243, "task_uuid": "0054ba76-75e8-4694-bcac-df4ccb1e086e", "action_type": "OPTIMIZER_CREATION", "task_level": [1]}
{"test_path": "spectral/sorting", "test_desc": "Thesis_BOCPA", "action_status": "started", "timestamp": 1715013584.1325243, "task_uuid": "0054ba76-75e8-4694-bcac-df4ccb1e086e", "action_type": "OPTIMIZER_CREATION", "task_level": [1]}
{"test_path": "spectral/sorting", "test_desc": "Thesis_BOCPA", "action_status": "started", "timestamp": 1715013584.1325243, "task_uuid": "0054ba76-75e8-4694-bcac-df4ccb1e086e", "action_type": "OPTIMIZER_CREATION", "task_level": [1]}
{"test_path": "spectral/sorting", "test_desc": "Thesis_BOCPA", "action_status": "started", "timestamp": 1715013584.1325243, "task_uuid": "0054ba76-75e8-4694-bcac-df4ccb1e086e", "action_type": "OPTIMIZER_CREATION", "task_level": [1]}
{"test_path": "spectral/sorting", "test_desc": "Thesis_BOCPA", "action_status": "started", "timestamp": 1715013584.1325243, "task_uuid": "0054ba76-75e8-4694-bcac-df4ccb1e086e", "action_type": "OPTIMIZER_CREATION", "task_level": [1]}
{"test_path": "spectral/sorting", "test_desc": "Thesis_BOCPA", "action_status": "started", "timestamp": 1715013584.1325243, "task_uuid": "0054ba76-75e8-4694-bcac-df4ccb1e086e", "action_type": "OPTIMIZER_CREATION", "task_level": [1]}
{"action_status": "started", "timestamp": 1715013584.132892, "task_uuid": "0054ba76-75e8-4694-bcac-df4ccb1e086e", "action_type": "LOG_RESULTS", "task_level": [2, 1]}
{"action_status": "started", "timestamp": 1715013584.132892, "task_uuid": "0054ba76-75e8-4694-bcac-df4ccb1e086e", "action_type": "LOG_RESULTS", "task_level": [2, 1]}
{"action_status": "started", "timestamp": 1715013584.132892, "task_uuid": "0054ba76-75e8-4694-bcac-df4ccb1e086e", "action_type": "LOG_RESULTS", "task_level": [2, 1]}
{"action_status": "started", "timestamp": 1715013584.132892, "task_uuid": "0054ba76-75e8-4694-bcac-df4ccb1e086e", "action_type": "LOG_RESULTS", "task_level": [2, 1]}
{"action_status": "started", "timestamp": 1715013584.132892, "task_uuid": "0054ba76-75e8-4694-bcac-df4ccb1e086e", "action_type": "LOG_RESULTS", "task_level": [2, 1]}
{"action_status": "started", "timestamp": 1715013584.132892, "task_uuid": "0054ba76-75e8-4694-bcac-df4ccb1e086e", "action_type": "LOG_RESULTS", "task_level": [2, 1]}
{"action_status": "started", "timestamp": 1715013584.132892, "task_uuid": "0054ba76-75e8-4694-bcac-df4ccb1e086e", "action_type": "LOG_RESULTS", "task_level": [2, 1]}
{"action_status": "started", "timestamp": 1715013584.132892, "task_uuid": "0054ba76-75e8-4694-bcac-df4ccb1e086e", "action_type": "LOG_RESULTS", "task_level": [2, 1]}
{"action_status": "started", "timestamp": 1715013584.132892, "task_uuid": "0054ba76-75e8-4694-bcac-df4ccb1e086e", "action_type": "LOG_RESULTS", "task_level": [2, 1]}
{"action_status": "succeeded", "timestamp": 1715013584.1362543, "task_uuid": "0054ba76-75e8-4694-bcac-df4ccb1e086e", "action_type": "OPTIMIZER_CREATION", "task_level": [3]}
{"action_status": "succeeded", "timestamp": 1715013584.1362543, "task_uuid": "0054ba76-75e8-4694-bcac-df4ccb1e086e", "action_type": "OPTIMIZER_CREATION", "task_level": [3]}
{"action_status": "succeeded", "timestamp": 1715013584.1362543, "task_uuid": "0054ba76-75e8-4694-bcac-df4ccb1e086e", "action_type": "OPTIMIZER_CREATION", "task_level": [3]}
{"action_status": "succeeded", "timestamp": 1715013584.1362543, "task_uuid": "0054ba76-75e8-4694-bcac-df4ccb1e086e", "action_type": "OPTIMIZER_CREATION", "task_level": [3]}
{"action_status": "succeeded", "timestamp": 1715013584.1362543, "task_uuid": "0054ba76-75e8-4694-bcac-df4ccb1e086e", "action_type": "OPTIMIZER_CREATION", "task_level": [3]}
{"action_status": "succeeded", "timestamp": 1715013584.1362543, "task_uuid": "0054ba76-75e8-4694-bcac-df4ccb1e086e", "action_type": "OPTIMIZER_CREATION", "task_level": [3]}
{"action_status": "succeeded", "timestamp": 1715013584.1362543, "task_uuid": "0054ba76-75e8-4694-bcac-df4ccb1e086e", "action_type": "OPTIMIZER_CREATION", "task_level": [3]}
{"action_status": "succeeded", "timestamp": 1715013584.1362543, "task_uuid": "0054ba76-75e8-4694-bcac-df4ccb1e086e", "action_type": "OPTIMIZER_CREATION", "task_level": [3]}
{"action_status": "succeeded", "timestamp": 1715013584.1362543, "task_uuid": "0054ba76-75e8-4694-bcac-df4ccb1e086e", "action_type": "OPTIMIZER_CREATION", "task_level": [3]}
{"test_path": "spectral/sorting", "test_desc": "Thesis_BOCPA", "action_status": "started", "timestamp": 1715013584.1366189, "task_uuid": "8d1f28d1-ec88-4764-a25e-bcbb47233790", "action_type": "OPTIMIZER_CREATION", "task_level": [1]}
{"test_path": "spectral/sorting", "test_desc": "Thesis_BOCPA", "action_status": "started", "timestamp": 1715013584.1366189, "task_uuid": "8d1f28d1-ec88-4764-a25e-bcbb47233790", "action_type": "OPTIMIZER_CREATION", "task_level": [1]}
{"test_path": "spectral/sorting", "test_desc": "Thesis_BOCPA", "action_status": "started", "timestamp": 1715013584.1366189, "task_uuid": "8d1f28d1-ec88-4764-a25e-bcbb47233790", "action_type": "OPTIMIZER_CREATION", "task_level": [1]}
{"test_path": "spectral/sorting", "test_desc": "Thesis_BOCPA", "action_status": "started", "timestamp": 1715013584.1366189, "task_uuid": "8d1f28d1-ec88-4764-a25e-bcbb47233790", "action_type": "OPTIMIZER_CREATION", "task_level": [1]}
{"test_path": "spectral/sorting", "test_desc": "Thesis_BOCPA", "action_status": "started", "timestamp": 1715013584.1366189, "task_uuid": "8d1f28d1-ec88-4764-a25e-bcbb47233790", "action_type": "OPTIMIZER_CREATION", "task_level": [1]}
{"test_path": "spectral/sorting", "test_desc": "Thesis_BOCPA", "action_status": "started", "timestamp": 1715013584.1366189, "task_uuid": "8d1f28d1-ec88-4764-a25e-bcbb47233790", "action_type": "OPTIMIZER_CREATION", "task_level": [1]}
{"test_path": "spectral/sorting", "test_desc": "Thesis_BOCPA", "action_status": "started", "timestamp": 1715013584.1366189, "task_uuid": "8d1f28d1-ec88-4764-a25e-bcbb47233790", "action_type": "OPTIMIZER_CREATION", "task_level": [1]}
{"test_path": "spectral/sorting", "test_desc": "Thesis_BOCPA", "action_status": "started", "timestamp": 1715013584.1366189, "task_uuid": "8d1f28d1-ec88-4764-a25e-bcbb47233790", "action_type": "OPTIMIZER_CREATION", "task_level": [1]}
{"test_path": "spectral/sorting", "test_desc": "Thesis_BOCPA", "action_status": "started", "timestamp": 1715013584.1366189, "task_uuid": "8d1f28d1-ec88-4764-a25e-bcbb47233790", "action_type": "OPTIMIZER_CREATION", "task_level": [1]}
{"action_status": "started", "timestamp": 1715013584.1370168, "task_uuid": "8d1f28d1-ec88-4764-a25e-bcbb47233790", "action_type": "LOG_RESULTS", "task_level": [2, 1]}
{"action_status": "started", "timestamp": 1715013584.1370168, "task_uuid": "8d1f28d1-ec88-4764-a25e-bcbb47233790", "action_type": "LOG_RESULTS", "task_level": [2, 1]}
{"action_status": "started", "timestamp": 1715013584.1370168, "task_uuid": "8d1f28d1-ec88-4764-a25e-bcbb47233790", "action_type": "LOG_RESULTS", "task_level": [2, 1]}
{"action_status": "started", "timestamp": 1715013584.1370168, "task_uuid": "8d1f28d1-ec88-4764-a25e-bcbb47233790", "action_type": "LOG_RESULTS", "task_level": [2, 1]}
{"action_status": "started", "timestamp": 1715013584.1370168, "task_uuid": "8d1f28d1-ec88-4764-a25e-bcbb47233790", "action_type": "LOG_RESULTS", "task_level": [2, 1]}
{"action_status": "started", "timestamp": 1715013584.1370168, "task_uuid": "8d1f28d1-ec88-4764-a25e-bcbb47233790", "action_type": "LOG_RESULTS", "task_level": [2, 1]}
{"action_status": "started", "timestamp": 1715013584.1370168, "task_uuid": "8d1f28d1-ec88-4764-a25e-bcbb47233790", "action_type": "LOG_RESULTS", "task_level": [2, 1]}
{"action_status": "started", "timestamp": 1715013584.1370168, "task_uuid": "8d1f28d1-ec88-4764-a25e-bcbb47233790", "action_type": "LOG_RESULTS", "task_level": [2, 1]}
{"action_status": "started", "timestamp": 1715013584.1370168, "task_uuid": "8d1f28d1-ec88-4764-a25e-bcbb47233790", "action_type": "LOG_RESULTS", "task_level": [2, 1]}
{"action_status": "started", "timestamp": 1715013584.1370168, "task_uuid": "8d1f28d1-ec88-4764-a25e-bcbb47233790", "action_type": "LOG_RESULTS", "task_level": [2, 1]}
{"action_status": "succeeded", "timestamp": 1715013584.1403759, "task_uuid": "8d1f28d1-ec88-4764-a25e-bcbb47233790", "action_type": "OPTIMIZER_CREATION", "task_level": [3]}
{"action_status": "succeeded", "timestamp": 1715013584.1403759, "task_uuid": "8d1f28d1-ec88-4764-a25e-bcbb47233790", "action_type": "OPTIMIZER_CREATION", "task_level": [3]}
{"action_status": "succeeded", "timestamp": 1715013584.1403759, "task_uuid": "8d1f28d1-ec88-4764-a25e-bcbb47233790", "action_type": "OPTIMIZER_CREATION", "task_level": [3]}
{"action_status": "succeeded", "timestamp": 1715013584.1403759, "task_uuid": "8d1f28d1-ec88-4764-a25e-bcbb47233790", "action_type": "OPTIMIZER_CREATION", "task_level": [3]}
{"action_status": "succeeded", "timestamp": 1715013584.1403759, "task_uuid": "8d1f28d1-ec88-4764-a25e-bcbb47233790", "action_type": "OPTIMIZER_CREATION", "task_level": [3]}
{"action_status": "succeeded", "timestamp": 1715013584.1403759, "task_uuid": "8d1f28d1-ec88-4764-a25e-bcbb47233790", "action_type": "OPTIMIZER_CREATION", "task_level": [3]}
{"action_status": "succeeded", "timestamp": 1715013584.1403759, "task_uuid": "8d1f28d1-ec88-4764-a25e-bcbb47233790", "action_type": "OPTIMIZER_CREATION", "task_level": [3]}
{"action_status": "succeeded", "timestamp": 1715013584.1403759, "task_uuid": "8d1f28d1-ec88-4764-a25e-bcbb47233790", "action_type": "OPTIMIZER_CREATION", "task_level": [3]}
{"action_status": "succeeded", "timestamp": 1715013584.1403759, "task_uuid": "8d1f28d1-ec88-4764-a25e-bcbb47233790", "action_type": "OPTIMIZER_CREATION", "task_level": [3]}
{"action_status": "succeeded", "timestamp": 1715013584.1403759, "task_uuid": "8d1f28d1-ec88-4764-a25e-bcbb47233790", "action_type": "OPTIMIZER_CREATION", "task_level": [3]}
{"test_path": "spectral/sorting", "test_desc": "Thesis_BOCPA", "action_status": "started", "timestamp": 1715013623.0868483, "task_uuid": "bff9d793-055d-4cd8-ab00-63e41c2de543", "action_type": "OPTIMIZER_CREATION", "task_level": [1]}
{"action_status": "started", "timestamp": 1715013623.0872533, "task_uuid": "bff9d793-055d-4cd8-ab00-63e41c2de543", "action_type": "LOG_RESULTS", "task_level": [2, 1]}
{"action_status": "succeeded", "timestamp": 1715013623.09072, "task_uuid": "bff9d793-055d-4cd8-ab00-63e41c2de543", "action_type": "OPTIMIZER_CREATION", "task_level": [3]}
