{"test_path": "spectral/sorting", "test_desc": "ImprovedDataCollection", "action_status": "started", "timestamp": 1698639741.927951, "task_uuid": "e1c9234e-28ba-45ce-aa27-3c79de221e22", "action_type": "OPTIMIZER_CREATION", "task_level": [1]}
{"action_status": "started", "timestamp": 1698639741.9283774, "task_uuid": "e1c9234e-28ba-45ce-aa27-3c79de221e22", "action_type": "LOG_RESULTS", "task_level": [2, 1]}
{"action_status": "succeeded", "timestamp": 1698639741.9955812, "task_uuid": "e1c9234e-28ba-45ce-aa27-3c79de221e22", "action_type": "OPTIMIZER_CREATION", "task_level": [3]}
{"action_status": "started", "timestamp": 1698645732.9685655, "task_uuid": "f88c7c24-cc11-4683-862b-cc7fe4c04272", "action_type": "LOG_RESULTS", "task_level": [1]}
{"optimizer": "GA", "no": "0", "best_result": [["-fcall-arity", "-fcase-merge", "-fcmm-elim-common-blocks", "-fcmm-sink", "-fcpr-anal", "-fcse", "-fdicts-cheap", "-fdicts-strict", "-fdmd-tx-dict-sel", "-fdo-eta-reduction", "-fdo-lambda-eta-expansion", "-feager-blackholing", "-fenable-rewrite-rules", "-fexcess-precision", "-fexpose-all-unfoldings", "-ffloat-in", "-ffull-laziness", "-ffun-to-thunk", "-fignore-asserts", "-fignore-interface-pragmas", "-flate-dmd-anal", "-fliberate-case", "-fliberate-case-threshold=2000", "-floopification", "-fmax-inline-alloc-size=128", "-fmax-inline-memcpy-insns=32", "-fmax-inline-memset-insns=32", "-fmax-relevant-binds=6", "-fmax-simplifier-iterations=4", "-fmax-worker-args=10", "-fno-opt-coercion", "-fno-pre-inlining", "-fno-state-hack", "-fomit-interface-pragmas", "-fomit-yields", "-foptimal-applicative-do", "-fpedantic-bottoms", "-fregs-graph", "-fregs-iterative", "-fsimplifier-phases=2", "-fsimpl-tick-factor=100", "-fspec-constr", "-fspec-constr-count=3", "-fspec-constr-threshold=2000", "-fspecialise", "-fcross-module-specialise", "-fstatic-argument-transformation", "-fstrictness", "-fstrictness-before=1", "-funbox-small-strict-fields", "-funbox-strict-fields", "-funfolding-creation-threshold=750", "-funfolding-dict-discount=30", "-funfolding-fun-discount=60", "-funfolding-keeness-factor=1.5", "-funfolding-use-threshold=60", "-fvectorisation-avoidance", "-fvectorise", "-fworker-wrapper"], 0.214], "run_allowance": 905, "iterations": 0, "timestamp": 1698645732.9687743, "task_uuid": "f88c7c24-cc11-4683-862b-cc7fe4c04272", "task_level": [2], "message_type": "INFO"}
{"action_status": "succeeded", "timestamp": 1698645732.9692614, "task_uuid": "f88c7c24-cc11-4683-862b-cc7fe4c04272", "action_type": "LOG_RESULTS", "task_level": [3]}
{"test_path": "spectral/sorting", "test_desc": "ImprovedDataCollection", "action_status": "started", "timestamp": 1698672495.579284, "task_uuid": "e9c69c81-5e3b-41bd-84e8-90ca9883885d", "action_type": "OPTIMIZER_CREATION", "task_level": [1]}
{"action_status": "started", "timestamp": 1698672495.579705, "task_uuid": "e9c69c81-5e3b-41bd-84e8-90ca9883885d", "action_type": "LOG_RESULTS", "task_level": [2, 1]}
{"action_status": "succeeded", "timestamp": 1698672495.6283813, "task_uuid": "e9c69c81-5e3b-41bd-84e8-90ca9883885d", "action_type": "OPTIMIZER_CREATION", "task_level": [3]}
{"test_path": "spectral/sorting", "test_desc": "ImprovedDataCollection", "action_status": "started", "timestamp": 1698672495.6285558, "task_uuid": "f9b4f206-3690-44ae-8b58-9b37ae048b72", "action_type": "OPTIMIZER_CREATION", "task_level": [1]}
{"action_status": "started", "timestamp": 1698672495.628749, "task_uuid": "f9b4f206-3690-44ae-8b58-9b37ae048b72", "action_type": "LOG_RESULTS", "task_level": [2, 1]}
{"action_status": "started", "timestamp": 1698672495.628749, "task_uuid": "f9b4f206-3690-44ae-8b58-9b37ae048b72", "action_type": "LOG_RESULTS", "task_level": [2, 1]}
{"action_status": "succeeded", "timestamp": 1698672495.6631608, "task_uuid": "f9b4f206-3690-44ae-8b58-9b37ae048b72", "action_type": "OPTIMIZER_CREATION", "task_level": [3]}
{"action_status": "succeeded", "timestamp": 1698672495.6631608, "task_uuid": "f9b4f206-3690-44ae-8b58-9b37ae048b72", "action_type": "OPTIMIZER_CREATION", "task_level": [3]}
{"test_path": "spectral/sorting", "test_desc": "ImprovedDataCollection", "action_status": "started", "timestamp": 1698672495.6633723, "task_uuid": "a7edb0c8-1e68-47f3-bb7b-c65fd5137aec", "action_type": "OPTIMIZER_CREATION", "task_level": [1]}
{"test_path": "spectral/sorting", "test_desc": "ImprovedDataCollection", "action_status": "started", "timestamp": 1698672495.6633723, "task_uuid": "a7edb0c8-1e68-47f3-bb7b-c65fd5137aec", "action_type": "OPTIMIZER_CREATION", "task_level": [1]}
{"action_status": "started", "timestamp": 1698672495.6636093, "task_uuid": "a7edb0c8-1e68-47f3-bb7b-c65fd5137aec", "action_type": "LOG_RESULTS", "task_level": [2, 1]}
{"action_status": "started", "timestamp": 1698672495.6636093, "task_uuid": "a7edb0c8-1e68-47f3-bb7b-c65fd5137aec", "action_type": "LOG_RESULTS", "task_level": [2, 1]}
{"action_status": "started", "timestamp": 1698672495.6636093, "task_uuid": "a7edb0c8-1e68-47f3-bb7b-c65fd5137aec", "action_type": "LOG_RESULTS", "task_level": [2, 1]}
{"action_status": "succeeded", "timestamp": 1698672495.7055936, "task_uuid": "a7edb0c8-1e68-47f3-bb7b-c65fd5137aec", "action_type": "OPTIMIZER_CREATION", "task_level": [3]}
{"action_status": "succeeded", "timestamp": 1698672495.7055936, "task_uuid": "a7edb0c8-1e68-47f3-bb7b-c65fd5137aec", "action_type": "OPTIMIZER_CREATION", "task_level": [3]}
{"action_status": "succeeded", "timestamp": 1698672495.7055936, "task_uuid": "a7edb0c8-1e68-47f3-bb7b-c65fd5137aec", "action_type": "OPTIMIZER_CREATION", "task_level": [3]}
{"test_path": "spectral/sorting", "test_desc": "ImprovedDataCollection", "action_status": "started", "timestamp": 1698672495.705828, "task_uuid": "1ade6f14-0449-41dc-8cb4-b8ff299892c7", "action_type": "OPTIMIZER_CREATION", "task_level": [1]}
{"test_path": "spectral/sorting", "test_desc": "ImprovedDataCollection", "action_status": "started", "timestamp": 1698672495.705828, "task_uuid": "1ade6f14-0449-41dc-8cb4-b8ff299892c7", "action_type": "OPTIMIZER_CREATION", "task_level": [1]}
{"test_path": "spectral/sorting", "test_desc": "ImprovedDataCollection", "action_status": "started", "timestamp": 1698672495.705828, "task_uuid": "1ade6f14-0449-41dc-8cb4-b8ff299892c7", "action_type": "OPTIMIZER_CREATION", "task_level": [1]}
{"action_status": "started", "timestamp": 1698672495.7060769, "task_uuid": "1ade6f14-0449-41dc-8cb4-b8ff299892c7", "action_type": "LOG_RESULTS", "task_level": [2, 1]}
{"action_status": "started", "timestamp": 1698672495.7060769, "task_uuid": "1ade6f14-0449-41dc-8cb4-b8ff299892c7", "action_type": "LOG_RESULTS", "task_level": [2, 1]}
{"action_status": "started", "timestamp": 1698672495.7060769, "task_uuid": "1ade6f14-0449-41dc-8cb4-b8ff299892c7", "action_type": "LOG_RESULTS", "task_level": [2, 1]}
{"action_status": "started", "timestamp": 1698672495.7060769, "task_uuid": "1ade6f14-0449-41dc-8cb4-b8ff299892c7", "action_type": "LOG_RESULTS", "task_level": [2, 1]}
{"action_status": "succeeded", "timestamp": 1698672495.746513, "task_uuid": "1ade6f14-0449-41dc-8cb4-b8ff299892c7", "action_type": "OPTIMIZER_CREATION", "task_level": [3]}
{"action_status": "succeeded", "timestamp": 1698672495.746513, "task_uuid": "1ade6f14-0449-41dc-8cb4-b8ff299892c7", "action_type": "OPTIMIZER_CREATION", "task_level": [3]}
{"action_status": "succeeded", "timestamp": 1698672495.746513, "task_uuid": "1ade6f14-0449-41dc-8cb4-b8ff299892c7", "action_type": "OPTIMIZER_CREATION", "task_level": [3]}
{"action_status": "succeeded", "timestamp": 1698672495.746513, "task_uuid": "1ade6f14-0449-41dc-8cb4-b8ff299892c7", "action_type": "OPTIMIZER_CREATION", "task_level": [3]}
{"test_path": "spectral/sorting", "test_desc": "ImprovedDataCollection", "action_status": "started", "timestamp": 1698672495.7467604, "task_uuid": "f33b515a-07a5-44e7-aa99-2e17b268b214", "action_type": "OPTIMIZER_CREATION", "task_level": [1]}
{"test_path": "spectral/sorting", "test_desc": "ImprovedDataCollection", "action_status": "started", "timestamp": 1698672495.7467604, "task_uuid": "f33b515a-07a5-44e7-aa99-2e17b268b214", "action_type": "OPTIMIZER_CREATION", "task_level": [1]}
{"test_path": "spectral/sorting", "test_desc": "ImprovedDataCollection", "action_status": "started", "timestamp": 1698672495.7467604, "task_uuid": "f33b515a-07a5-44e7-aa99-2e17b268b214", "action_type": "OPTIMIZER_CREATION", "task_level": [1]}
{"test_path": "spectral/sorting", "test_desc": "ImprovedDataCollection", "action_status": "started", "timestamp": 1698672495.7467604, "task_uuid": "f33b515a-07a5-44e7-aa99-2e17b268b214", "action_type": "OPTIMIZER_CREATION", "task_level": [1]}
{"action_status": "started", "timestamp": 1698672495.7470345, "task_uuid": "f33b515a-07a5-44e7-aa99-2e17b268b214", "action_type": "LOG_RESULTS", "task_level": [2, 1]}
{"action_status": "started", "timestamp": 1698672495.7470345, "task_uuid": "f33b515a-07a5-44e7-aa99-2e17b268b214", "action_type": "LOG_RESULTS", "task_level": [2, 1]}
{"action_status": "started", "timestamp": 1698672495.7470345, "task_uuid": "f33b515a-07a5-44e7-aa99-2e17b268b214", "action_type": "LOG_RESULTS", "task_level": [2, 1]}
{"action_status": "started", "timestamp": 1698672495.7470345, "task_uuid": "f33b515a-07a5-44e7-aa99-2e17b268b214", "action_type": "LOG_RESULTS", "task_level": [2, 1]}
{"action_status": "started", "timestamp": 1698672495.7470345, "task_uuid": "f33b515a-07a5-44e7-aa99-2e17b268b214", "action_type": "LOG_RESULTS", "task_level": [2, 1]}
{"action_status": "succeeded", "timestamp": 1698672495.7953136, "task_uuid": "f33b515a-07a5-44e7-aa99-2e17b268b214", "action_type": "OPTIMIZER_CREATION", "task_level": [3]}
{"action_status": "succeeded", "timestamp": 1698672495.7953136, "task_uuid": "f33b515a-07a5-44e7-aa99-2e17b268b214", "action_type": "OPTIMIZER_CREATION", "task_level": [3]}
{"action_status": "succeeded", "timestamp": 1698672495.7953136, "task_uuid": "f33b515a-07a5-44e7-aa99-2e17b268b214", "action_type": "OPTIMIZER_CREATION", "task_level": [3]}
{"action_status": "succeeded", "timestamp": 1698672495.7953136, "task_uuid": "f33b515a-07a5-44e7-aa99-2e17b268b214", "action_type": "OPTIMIZER_CREATION", "task_level": [3]}
{"action_status": "succeeded", "timestamp": 1698672495.7953136, "task_uuid": "f33b515a-07a5-44e7-aa99-2e17b268b214", "action_type": "OPTIMIZER_CREATION", "task_level": [3]}
{"test_path": "spectral/sorting", "test_desc": "ImprovedDataCollection", "action_status": "started", "timestamp": 1698672495.7955928, "task_uuid": "af0447a3-6fa3-433c-906f-a085dbc5352e", "action_type": "OPTIMIZER_CREATION", "task_level": [1]}
{"test_path": "spectral/sorting", "test_desc": "ImprovedDataCollection", "action_status": "started", "timestamp": 1698672495.7955928, "task_uuid": "af0447a3-6fa3-433c-906f-a085dbc5352e", "action_type": "OPTIMIZER_CREATION", "task_level": [1]}
{"test_path": "spectral/sorting", "test_desc": "ImprovedDataCollection", "action_status": "started", "timestamp": 1698672495.7955928, "task_uuid": "af0447a3-6fa3-433c-906f-a085dbc5352e", "action_type": "OPTIMIZER_CREATION", "task_level": [1]}
{"test_path": "spectral/sorting", "test_desc": "ImprovedDataCollection", "action_status": "started", "timestamp": 1698672495.7955928, "task_uuid": "af0447a3-6fa3-433c-906f-a085dbc5352e", "action_type": "OPTIMIZER_CREATION", "task_level": [1]}
{"test_path": "spectral/sorting", "test_desc": "ImprovedDataCollection", "action_status": "started", "timestamp": 1698672495.7955928, "task_uuid": "af0447a3-6fa3-433c-906f-a085dbc5352e", "action_type": "OPTIMIZER_CREATION", "task_level": [1]}
{"action_status": "started", "timestamp": 1698672495.7958944, "task_uuid": "af0447a3-6fa3-433c-906f-a085dbc5352e", "action_type": "LOG_RESULTS", "task_level": [2, 1]}
{"action_status": "started", "timestamp": 1698672495.7958944, "task_uuid": "af0447a3-6fa3-433c-906f-a085dbc5352e", "action_type": "LOG_RESULTS", "task_level": [2, 1]}
{"action_status": "started", "timestamp": 1698672495.7958944, "task_uuid": "af0447a3-6fa3-433c-906f-a085dbc5352e", "action_type": "LOG_RESULTS", "task_level": [2, 1]}
{"action_status": "started", "timestamp": 1698672495.7958944, "task_uuid": "af0447a3-6fa3-433c-906f-a085dbc5352e", "action_type": "LOG_RESULTS", "task_level": [2, 1]}
{"action_status": "started", "timestamp": 1698672495.7958944, "task_uuid": "af0447a3-6fa3-433c-906f-a085dbc5352e", "action_type": "LOG_RESULTS", "task_level": [2, 1]}
{"action_status": "started", "timestamp": 1698672495.7958944, "task_uuid": "af0447a3-6fa3-433c-906f-a085dbc5352e", "action_type": "LOG_RESULTS", "task_level": [2, 1]}
{"action_status": "succeeded", "timestamp": 1698672495.8424177, "task_uuid": "af0447a3-6fa3-433c-906f-a085dbc5352e", "action_type": "OPTIMIZER_CREATION", "task_level": [3]}
{"action_status": "succeeded", "timestamp": 1698672495.8424177, "task_uuid": "af0447a3-6fa3-433c-906f-a085dbc5352e", "action_type": "OPTIMIZER_CREATION", "task_level": [3]}
{"action_status": "succeeded", "timestamp": 1698672495.8424177, "task_uuid": "af0447a3-6fa3-433c-906f-a085dbc5352e", "action_type": "OPTIMIZER_CREATION", "task_level": [3]}
{"action_status": "succeeded", "timestamp": 1698672495.8424177, "task_uuid": "af0447a3-6fa3-433c-906f-a085dbc5352e", "action_type": "OPTIMIZER_CREATION", "task_level": [3]}
{"action_status": "succeeded", "timestamp": 1698672495.8424177, "task_uuid": "af0447a3-6fa3-433c-906f-a085dbc5352e", "action_type": "OPTIMIZER_CREATION", "task_level": [3]}
{"action_status": "succeeded", "timestamp": 1698672495.8424177, "task_uuid": "af0447a3-6fa3-433c-906f-a085dbc5352e", "action_type": "OPTIMIZER_CREATION", "task_level": [3]}
{"test_path": "spectral/sorting", "test_desc": "ImprovedDataCollection", "action_status": "started", "timestamp": 1698672495.8427246, "task_uuid": "584f9196-a877-4d27-98c7-7a366678fbe5", "action_type": "OPTIMIZER_CREATION", "task_level": [1]}
{"test_path": "spectral/sorting", "test_desc": "ImprovedDataCollection", "action_status": "started", "timestamp": 1698672495.8427246, "task_uuid": "584f9196-a877-4d27-98c7-7a366678fbe5", "action_type": "OPTIMIZER_CREATION", "task_level": [1]}
{"test_path": "spectral/sorting", "test_desc": "ImprovedDataCollection", "action_status": "started", "timestamp": 1698672495.8427246, "task_uuid": "584f9196-a877-4d27-98c7-7a366678fbe5", "action_type": "OPTIMIZER_CREATION", "task_level": [1]}
{"test_path": "spectral/sorting", "test_desc": "ImprovedDataCollection", "action_status": "started", "timestamp": 1698672495.8427246, "task_uuid": "584f9196-a877-4d27-98c7-7a366678fbe5", "action_type": "OPTIMIZER_CREATION", "task_level": [1]}
{"test_path": "spectral/sorting", "test_desc": "ImprovedDataCollection", "action_status": "started", "timestamp": 1698672495.8427246, "task_uuid": "584f9196-a877-4d27-98c7-7a366678fbe5", "action_type": "OPTIMIZER_CREATION", "task_level": [1]}
{"test_path": "spectral/sorting", "test_desc": "ImprovedDataCollection", "action_status": "started", "timestamp": 1698672495.8427246, "task_uuid": "584f9196-a877-4d27-98c7-7a366678fbe5", "action_type": "OPTIMIZER_CREATION", "task_level": [1]}
{"action_status": "started", "timestamp": 1698672495.843033, "task_uuid": "584f9196-a877-4d27-98c7-7a366678fbe5", "action_type": "LOG_RESULTS", "task_level": [2, 1]}
{"action_status": "started", "timestamp": 1698672495.843033, "task_uuid": "584f9196-a877-4d27-98c7-7a366678fbe5", "action_type": "LOG_RESULTS", "task_level": [2, 1]}
{"action_status": "started", "timestamp": 1698672495.843033, "task_uuid": "584f9196-a877-4d27-98c7-7a366678fbe5", "action_type": "LOG_RESULTS", "task_level": [2, 1]}
{"action_status": "started", "timestamp": 1698672495.843033, "task_uuid": "584f9196-a877-4d27-98c7-7a366678fbe5", "action_type": "LOG_RESULTS", "task_level": [2, 1]}
{"action_status": "started", "timestamp": 1698672495.843033, "task_uuid": "584f9196-a877-4d27-98c7-7a366678fbe5", "action_type": "LOG_RESULTS", "task_level": [2, 1]}
{"action_status": "started", "timestamp": 1698672495.843033, "task_uuid": "584f9196-a877-4d27-98c7-7a366678fbe5", "action_type": "LOG_RESULTS", "task_level": [2, 1]}
{"action_status": "started", "timestamp": 1698672495.843033, "task_uuid": "584f9196-a877-4d27-98c7-7a366678fbe5", "action_type": "LOG_RESULTS", "task_level": [2, 1]}
{"action_status": "succeeded", "timestamp": 1698672495.883727, "task_uuid": "584f9196-a877-4d27-98c7-7a366678fbe5", "action_type": "OPTIMIZER_CREATION", "task_level": [3]}
{"action_status": "succeeded", "timestamp": 1698672495.883727, "task_uuid": "584f9196-a877-4d27-98c7-7a366678fbe5", "action_type": "OPTIMIZER_CREATION", "task_level": [3]}
{"action_status": "succeeded", "timestamp": 1698672495.883727, "task_uuid": "584f9196-a877-4d27-98c7-7a366678fbe5", "action_type": "OPTIMIZER_CREATION", "task_level": [3]}
{"action_status": "succeeded", "timestamp": 1698672495.883727, "task_uuid": "584f9196-a877-4d27-98c7-7a366678fbe5", "action_type": "OPTIMIZER_CREATION", "task_level": [3]}
{"action_status": "succeeded", "timestamp": 1698672495.883727, "task_uuid": "584f9196-a877-4d27-98c7-7a366678fbe5", "action_type": "OPTIMIZER_CREATION", "task_level": [3]}
{"action_status": "succeeded", "timestamp": 1698672495.883727, "task_uuid": "584f9196-a877-4d27-98c7-7a366678fbe5", "action_type": "OPTIMIZER_CREATION", "task_level": [3]}
{"action_status": "succeeded", "timestamp": 1698672495.883727, "task_uuid": "584f9196-a877-4d27-98c7-7a366678fbe5", "action_type": "OPTIMIZER_CREATION", "task_level": [3]}
{"test_path": "spectral/sorting", "test_desc": "ImprovedDataCollection", "action_status": "started", "timestamp": 1698672495.8840752, "task_uuid": "c850e1b3-d674-4398-9cdf-e1cb23db5e22", "action_type": "OPTIMIZER_CREATION", "task_level": [1]}
{"test_path": "spectral/sorting", "test_desc": "ImprovedDataCollection", "action_status": "started", "timestamp": 1698672495.8840752, "task_uuid": "c850e1b3-d674-4398-9cdf-e1cb23db5e22", "action_type": "OPTIMIZER_CREATION", "task_level": [1]}
{"test_path": "spectral/sorting", "test_desc": "ImprovedDataCollection", "action_status": "started", "timestamp": 1698672495.8840752, "task_uuid": "c850e1b3-d674-4398-9cdf-e1cb23db5e22", "action_type": "OPTIMIZER_CREATION", "task_level": [1]}
{"test_path": "spectral/sorting", "test_desc": "ImprovedDataCollection", "action_status": "started", "timestamp": 1698672495.8840752, "task_uuid": "c850e1b3-d674-4398-9cdf-e1cb23db5e22", "action_type": "OPTIMIZER_CREATION", "task_level": [1]}
{"test_path": "spectral/sorting", "test_desc": "ImprovedDataCollection", "action_status": "started", "timestamp": 1698672495.8840752, "task_uuid": "c850e1b3-d674-4398-9cdf-e1cb23db5e22", "action_type": "OPTIMIZER_CREATION", "task_level": [1]}
{"test_path": "spectral/sorting", "test_desc": "ImprovedDataCollection", "action_status": "started", "timestamp": 1698672495.8840752, "task_uuid": "c850e1b3-d674-4398-9cdf-e1cb23db5e22", "action_type": "OPTIMIZER_CREATION", "task_level": [1]}
{"test_path": "spectral/sorting", "test_desc": "ImprovedDataCollection", "action_status": "started", "timestamp": 1698672495.8840752, "task_uuid": "c850e1b3-d674-4398-9cdf-e1cb23db5e22", "action_type": "OPTIMIZER_CREATION", "task_level": [1]}
{"action_status": "started", "timestamp": 1698672495.8844273, "task_uuid": "c850e1b3-d674-4398-9cdf-e1cb23db5e22", "action_type": "LOG_RESULTS", "task_level": [2, 1]}
{"action_status": "started", "timestamp": 1698672495.8844273, "task_uuid": "c850e1b3-d674-4398-9cdf-e1cb23db5e22", "action_type": "LOG_RESULTS", "task_level": [2, 1]}
{"action_status": "started", "timestamp": 1698672495.8844273, "task_uuid": "c850e1b3-d674-4398-9cdf-e1cb23db5e22", "action_type": "LOG_RESULTS", "task_level": [2, 1]}
{"action_status": "started", "timestamp": 1698672495.8844273, "task_uuid": "c850e1b3-d674-4398-9cdf-e1cb23db5e22", "action_type": "LOG_RESULTS", "task_level": [2, 1]}
{"action_status": "started", "timestamp": 1698672495.8844273, "task_uuid": "c850e1b3-d674-4398-9cdf-e1cb23db5e22", "action_type": "LOG_RESULTS", "task_level": [2, 1]}
{"action_status": "started", "timestamp": 1698672495.8844273, "task_uuid": "c850e1b3-d674-4398-9cdf-e1cb23db5e22", "action_type": "LOG_RESULTS", "task_level": [2, 1]}
{"action_status": "started", "timestamp": 1698672495.8844273, "task_uuid": "c850e1b3-d674-4398-9cdf-e1cb23db5e22", "action_type": "LOG_RESULTS", "task_level": [2, 1]}
{"action_status": "started", "timestamp": 1698672495.8844273, "task_uuid": "c850e1b3-d674-4398-9cdf-e1cb23db5e22", "action_type": "LOG_RESULTS", "task_level": [2, 1]}
{"action_status": "succeeded", "timestamp": 1698672495.9255483, "task_uuid": "c850e1b3-d674-4398-9cdf-e1cb23db5e22", "action_type": "OPTIMIZER_CREATION", "task_level": [3]}
{"action_status": "succeeded", "timestamp": 1698672495.9255483, "task_uuid": "c850e1b3-d674-4398-9cdf-e1cb23db5e22", "action_type": "OPTIMIZER_CREATION", "task_level": [3]}
{"action_status": "succeeded", "timestamp": 1698672495.9255483, "task_uuid": "c850e1b3-d674-4398-9cdf-e1cb23db5e22", "action_type": "OPTIMIZER_CREATION", "task_level": [3]}
{"action_status": "succeeded", "timestamp": 1698672495.9255483, "task_uuid": "c850e1b3-d674-4398-9cdf-e1cb23db5e22", "action_type": "OPTIMIZER_CREATION", "task_level": [3]}
{"action_status": "succeeded", "timestamp": 1698672495.9255483, "task_uuid": "c850e1b3-d674-4398-9cdf-e1cb23db5e22", "action_type": "OPTIMIZER_CREATION", "task_level": [3]}
{"action_status": "succeeded", "timestamp": 1698672495.9255483, "task_uuid": "c850e1b3-d674-4398-9cdf-e1cb23db5e22", "action_type": "OPTIMIZER_CREATION", "task_level": [3]}
{"action_status": "succeeded", "timestamp": 1698672495.9255483, "task_uuid": "c850e1b3-d674-4398-9cdf-e1cb23db5e22", "action_type": "OPTIMIZER_CREATION", "task_level": [3]}
{"action_status": "succeeded", "timestamp": 1698672495.9255483, "task_uuid": "c850e1b3-d674-4398-9cdf-e1cb23db5e22", "action_type": "OPTIMIZER_CREATION", "task_level": [3]}
{"test_path": "spectral/sorting", "test_desc": "ImprovedDataCollection", "action_status": "started", "timestamp": 1698672495.9259038, "task_uuid": "ef413bda-9ee7-4d52-ac32-a81153e40a7e", "action_type": "OPTIMIZER_CREATION", "task_level": [1]}
{"test_path": "spectral/sorting", "test_desc": "ImprovedDataCollection", "action_status": "started", "timestamp": 1698672495.9259038, "task_uuid": "ef413bda-9ee7-4d52-ac32-a81153e40a7e", "action_type": "OPTIMIZER_CREATION", "task_level": [1]}
{"test_path": "spectral/sorting", "test_desc": "ImprovedDataCollection", "action_status": "started", "timestamp": 1698672495.9259038, "task_uuid": "ef413bda-9ee7-4d52-ac32-a81153e40a7e", "action_type": "OPTIMIZER_CREATION", "task_level": [1]}
{"test_path": "spectral/sorting", "test_desc": "ImprovedDataCollection", "action_status": "started", "timestamp": 1698672495.9259038, "task_uuid": "ef413bda-9ee7-4d52-ac32-a81153e40a7e", "action_type": "OPTIMIZER_CREATION", "task_level": [1]}
{"test_path": "spectral/sorting", "test_desc": "ImprovedDataCollection", "action_status": "started", "timestamp": 1698672495.9259038, "task_uuid": "ef413bda-9ee7-4d52-ac32-a81153e40a7e", "action_type": "OPTIMIZER_CREATION", "task_level": [1]}
{"test_path": "spectral/sorting", "test_desc": "ImprovedDataCollection", "action_status": "started", "timestamp": 1698672495.9259038, "task_uuid": "ef413bda-9ee7-4d52-ac32-a81153e40a7e", "action_type": "OPTIMIZER_CREATION", "task_level": [1]}
{"test_path": "spectral/sorting", "test_desc": "ImprovedDataCollection", "action_status": "started", "timestamp": 1698672495.9259038, "task_uuid": "ef413bda-9ee7-4d52-ac32-a81153e40a7e", "action_type": "OPTIMIZER_CREATION", "task_level": [1]}
{"test_path": "spectral/sorting", "test_desc": "ImprovedDataCollection", "action_status": "started", "timestamp": 1698672495.9259038, "task_uuid": "ef413bda-9ee7-4d52-ac32-a81153e40a7e", "action_type": "OPTIMIZER_CREATION", "task_level": [1]}
{"action_status": "started", "timestamp": 1698672495.9262846, "task_uuid": "ef413bda-9ee7-4d52-ac32-a81153e40a7e", "action_type": "LOG_RESULTS", "task_level": [2, 1]}
{"action_status": "started", "timestamp": 1698672495.9262846, "task_uuid": "ef413bda-9ee7-4d52-ac32-a81153e40a7e", "action_type": "LOG_RESULTS", "task_level": [2, 1]}
{"action_status": "started", "timestamp": 1698672495.9262846, "task_uuid": "ef413bda-9ee7-4d52-ac32-a81153e40a7e", "action_type": "LOG_RESULTS", "task_level": [2, 1]}
{"action_status": "started", "timestamp": 1698672495.9262846, "task_uuid": "ef413bda-9ee7-4d52-ac32-a81153e40a7e", "action_type": "LOG_RESULTS", "task_level": [2, 1]}
{"action_status": "started", "timestamp": 1698672495.9262846, "task_uuid": "ef413bda-9ee7-4d52-ac32-a81153e40a7e", "action_type": "LOG_RESULTS", "task_level": [2, 1]}
{"action_status": "started", "timestamp": 1698672495.9262846, "task_uuid": "ef413bda-9ee7-4d52-ac32-a81153e40a7e", "action_type": "LOG_RESULTS", "task_level": [2, 1]}
{"action_status": "started", "timestamp": 1698672495.9262846, "task_uuid": "ef413bda-9ee7-4d52-ac32-a81153e40a7e", "action_type": "LOG_RESULTS", "task_level": [2, 1]}
{"action_status": "started", "timestamp": 1698672495.9262846, "task_uuid": "ef413bda-9ee7-4d52-ac32-a81153e40a7e", "action_type": "LOG_RESULTS", "task_level": [2, 1]}
{"action_status": "started", "timestamp": 1698672495.9262846, "task_uuid": "ef413bda-9ee7-4d52-ac32-a81153e40a7e", "action_type": "LOG_RESULTS", "task_level": [2, 1]}
{"action_status": "succeeded", "timestamp": 1698672495.9672012, "task_uuid": "ef413bda-9ee7-4d52-ac32-a81153e40a7e", "action_type": "OPTIMIZER_CREATION", "task_level": [3]}
{"action_status": "succeeded", "timestamp": 1698672495.9672012, "task_uuid": "ef413bda-9ee7-4d52-ac32-a81153e40a7e", "action_type": "OPTIMIZER_CREATION", "task_level": [3]}
{"action_status": "succeeded", "timestamp": 1698672495.9672012, "task_uuid": "ef413bda-9ee7-4d52-ac32-a81153e40a7e", "action_type": "OPTIMIZER_CREATION", "task_level": [3]}
{"action_status": "succeeded", "timestamp": 1698672495.9672012, "task_uuid": "ef413bda-9ee7-4d52-ac32-a81153e40a7e", "action_type": "OPTIMIZER_CREATION", "task_level": [3]}
{"action_status": "succeeded", "timestamp": 1698672495.9672012, "task_uuid": "ef413bda-9ee7-4d52-ac32-a81153e40a7e", "action_type": "OPTIMIZER_CREATION", "task_level": [3]}
{"action_status": "succeeded", "timestamp": 1698672495.9672012, "task_uuid": "ef413bda-9ee7-4d52-ac32-a81153e40a7e", "action_type": "OPTIMIZER_CREATION", "task_level": [3]}
{"action_status": "succeeded", "timestamp": 1698672495.9672012, "task_uuid": "ef413bda-9ee7-4d52-ac32-a81153e40a7e", "action_type": "OPTIMIZER_CREATION", "task_level": [3]}
{"action_status": "succeeded", "timestamp": 1698672495.9672012, "task_uuid": "ef413bda-9ee7-4d52-ac32-a81153e40a7e", "action_type": "OPTIMIZER_CREATION", "task_level": [3]}
{"action_status": "succeeded", "timestamp": 1698672495.9672012, "task_uuid": "ef413bda-9ee7-4d52-ac32-a81153e40a7e", "action_type": "OPTIMIZER_CREATION", "task_level": [3]}
{"test_path": "spectral/sorting", "test_desc": "ImprovedDataCollection", "action_status": "started", "timestamp": 1698672495.9675674, "task_uuid": "d57d8cd7-74a8-4ab5-8047-19d2b87b0443", "action_type": "OPTIMIZER_CREATION", "task_level": [1]}
{"test_path": "spectral/sorting", "test_desc": "ImprovedDataCollection", "action_status": "started", "timestamp": 1698672495.9675674, "task_uuid": "d57d8cd7-74a8-4ab5-8047-19d2b87b0443", "action_type": "OPTIMIZER_CREATION", "task_level": [1]}
{"test_path": "spectral/sorting", "test_desc": "ImprovedDataCollection", "action_status": "started", "timestamp": 1698672495.9675674, "task_uuid": "d57d8cd7-74a8-4ab5-8047-19d2b87b0443", "action_type": "OPTIMIZER_CREATION", "task_level": [1]}
{"test_path": "spectral/sorting", "test_desc": "ImprovedDataCollection", "action_status": "started", "timestamp": 1698672495.9675674, "task_uuid": "d57d8cd7-74a8-4ab5-8047-19d2b87b0443", "action_type": "OPTIMIZER_CREATION", "task_level": [1]}
{"test_path": "spectral/sorting", "test_desc": "ImprovedDataCollection", "action_status": "started", "timestamp": 1698672495.9675674, "task_uuid": "d57d8cd7-74a8-4ab5-8047-19d2b87b0443", "action_type": "OPTIMIZER_CREATION", "task_level": [1]}
{"test_path": "spectral/sorting", "test_desc": "ImprovedDataCollection", "action_status": "started", "timestamp": 1698672495.9675674, "task_uuid": "d57d8cd7-74a8-4ab5-8047-19d2b87b0443", "action_type": "OPTIMIZER_CREATION", "task_level": [1]}
{"test_path": "spectral/sorting", "test_desc": "ImprovedDataCollection", "action_status": "started", "timestamp": 1698672495.9675674, "task_uuid": "d57d8cd7-74a8-4ab5-8047-19d2b87b0443", "action_type": "OPTIMIZER_CREATION", "task_level": [1]}
{"test_path": "spectral/sorting", "test_desc": "ImprovedDataCollection", "action_status": "started", "timestamp": 1698672495.9675674, "task_uuid": "d57d8cd7-74a8-4ab5-8047-19d2b87b0443", "action_type": "OPTIMIZER_CREATION", "task_level": [1]}
{"test_path": "spectral/sorting", "test_desc": "ImprovedDataCollection", "action_status": "started", "timestamp": 1698672495.9675674, "task_uuid": "d57d8cd7-74a8-4ab5-8047-19d2b87b0443", "action_type": "OPTIMIZER_CREATION", "task_level": [1]}
{"action_status": "started", "timestamp": 1698672495.9679945, "task_uuid": "d57d8cd7-74a8-4ab5-8047-19d2b87b0443", "action_type": "LOG_RESULTS", "task_level": [2, 1]}
{"action_status": "started", "timestamp": 1698672495.9679945, "task_uuid": "d57d8cd7-74a8-4ab5-8047-19d2b87b0443", "action_type": "LOG_RESULTS", "task_level": [2, 1]}
{"action_status": "started", "timestamp": 1698672495.9679945, "task_uuid": "d57d8cd7-74a8-4ab5-8047-19d2b87b0443", "action_type": "LOG_RESULTS", "task_level": [2, 1]}
{"action_status": "started", "timestamp": 1698672495.9679945, "task_uuid": "d57d8cd7-74a8-4ab5-8047-19d2b87b0443", "action_type": "LOG_RESULTS", "task_level": [2, 1]}
{"action_status": "started", "timestamp": 1698672495.9679945, "task_uuid": "d57d8cd7-74a8-4ab5-8047-19d2b87b0443", "action_type": "LOG_RESULTS", "task_level": [2, 1]}
{"action_status": "started", "timestamp": 1698672495.9679945, "task_uuid": "d57d8cd7-74a8-4ab5-8047-19d2b87b0443", "action_type": "LOG_RESULTS", "task_level": [2, 1]}
{"action_status": "started", "timestamp": 1698672495.9679945, "task_uuid": "d57d8cd7-74a8-4ab5-8047-19d2b87b0443", "action_type": "LOG_RESULTS", "task_level": [2, 1]}
{"action_status": "started", "timestamp": 1698672495.9679945, "task_uuid": "d57d8cd7-74a8-4ab5-8047-19d2b87b0443", "action_type": "LOG_RESULTS", "task_level": [2, 1]}
{"action_status": "started", "timestamp": 1698672495.9679945, "task_uuid": "d57d8cd7-74a8-4ab5-8047-19d2b87b0443", "action_type": "LOG_RESULTS", "task_level": [2, 1]}
{"action_status": "started", "timestamp": 1698672495.9679945, "task_uuid": "d57d8cd7-74a8-4ab5-8047-19d2b87b0443", "action_type": "LOG_RESULTS", "task_level": [2, 1]}
{"action_status": "succeeded", "timestamp": 1698672496.005216, "task_uuid": "d57d8cd7-74a8-4ab5-8047-19d2b87b0443", "action_type": "OPTIMIZER_CREATION", "task_level": [3]}
{"action_status": "succeeded", "timestamp": 1698672496.005216, "task_uuid": "d57d8cd7-74a8-4ab5-8047-19d2b87b0443", "action_type": "OPTIMIZER_CREATION", "task_level": [3]}
{"action_status": "succeeded", "timestamp": 1698672496.005216, "task_uuid": "d57d8cd7-74a8-4ab5-8047-19d2b87b0443", "action_type": "OPTIMIZER_CREATION", "task_level": [3]}
{"action_status": "succeeded", "timestamp": 1698672496.005216, "task_uuid": "d57d8cd7-74a8-4ab5-8047-19d2b87b0443", "action_type": "OPTIMIZER_CREATION", "task_level": [3]}
{"action_status": "succeeded", "timestamp": 1698672496.005216, "task_uuid": "d57d8cd7-74a8-4ab5-8047-19d2b87b0443", "action_type": "OPTIMIZER_CREATION", "task_level": [3]}
{"action_status": "succeeded", "timestamp": 1698672496.005216, "task_uuid": "d57d8cd7-74a8-4ab5-8047-19d2b87b0443", "action_type": "OPTIMIZER_CREATION", "task_level": [3]}
{"action_status": "succeeded", "timestamp": 1698672496.005216, "task_uuid": "d57d8cd7-74a8-4ab5-8047-19d2b87b0443", "action_type": "OPTIMIZER_CREATION", "task_level": [3]}
{"action_status": "succeeded", "timestamp": 1698672496.005216, "task_uuid": "d57d8cd7-74a8-4ab5-8047-19d2b87b0443", "action_type": "OPTIMIZER_CREATION", "task_level": [3]}
{"action_status": "succeeded", "timestamp": 1698672496.005216, "task_uuid": "d57d8cd7-74a8-4ab5-8047-19d2b87b0443", "action_type": "OPTIMIZER_CREATION", "task_level": [3]}
{"action_status": "succeeded", "timestamp": 1698672496.005216, "task_uuid": "d57d8cd7-74a8-4ab5-8047-19d2b87b0443", "action_type": "OPTIMIZER_CREATION", "task_level": [3]}
{"action_status": "started", "timestamp": 1698673224.6613889, "task_uuid": "d8fd8e83-dcb6-47b5-b937-6d2ece9c7bd8", "action_type": "LOG_RESULTS", "task_level": [1]}
{"action_status": "started", "timestamp": 1698673224.6613889, "task_uuid": "d8fd8e83-dcb6-47b5-b937-6d2ece9c7bd8", "action_type": "LOG_RESULTS", "task_level": [1]}
{"action_status": "started", "timestamp": 1698673224.6613889, "task_uuid": "d8fd8e83-dcb6-47b5-b937-6d2ece9c7bd8", "action_type": "LOG_RESULTS", "task_level": [1]}
{"action_status": "started", "timestamp": 1698673224.6613889, "task_uuid": "d8fd8e83-dcb6-47b5-b937-6d2ece9c7bd8", "action_type": "LOG_RESULTS", "task_level": [1]}
{"action_status": "started", "timestamp": 1698673224.6613889, "task_uuid": "d8fd8e83-dcb6-47b5-b937-6d2ece9c7bd8", "action_type": "LOG_RESULTS", "task_level": [1]}
{"action_status": "started", "timestamp": 1698673224.6613889, "task_uuid": "d8fd8e83-dcb6-47b5-b937-6d2ece9c7bd8", "action_type": "LOG_RESULTS", "task_level": [1]}
{"action_status": "started", "timestamp": 1698673224.6613889, "task_uuid": "d8fd8e83-dcb6-47b5-b937-6d2ece9c7bd8", "action_type": "LOG_RESULTS", "task_level": [1]}
{"action_status": "started", "timestamp": 1698673224.6613889, "task_uuid": "d8fd8e83-dcb6-47b5-b937-6d2ece9c7bd8", "action_type": "LOG_RESULTS", "task_level": [1]}
{"action_status": "started", "timestamp": 1698673224.6613889, "task_uuid": "d8fd8e83-dcb6-47b5-b937-6d2ece9c7bd8", "action_type": "LOG_RESULTS", "task_level": [1]}
{"action_status": "started", "timestamp": 1698673224.6613889, "task_uuid": "d8fd8e83-dcb6-47b5-b937-6d2ece9c7bd8", "action_type": "LOG_RESULTS", "task_level": [1]}
{"optimizer": "RIO", "no": "0", "best_result": [["-O0"], 0.212], "run_allowance": 0, "iterations": 500, "timestamp": 1698673224.6619215, "task_uuid": "d8fd8e83-dcb6-47b5-b937-6d2ece9c7bd8", "task_level": [2], "message_type": "INFO"}
{"optimizer": "RIO", "no": "0", "best_result": [["-O0"], 0.212], "run_allowance": 0, "iterations": 500, "timestamp": 1698673224.6619215, "task_uuid": "d8fd8e83-dcb6-47b5-b937-6d2ece9c7bd8", "task_level": [2], "message_type": "INFO"}
{"optimizer": "RIO", "no": "0", "best_result": [["-O0"], 0.212], "run_allowance": 0, "iterations": 500, "timestamp": 1698673224.6619215, "task_uuid": "d8fd8e83-dcb6-47b5-b937-6d2ece9c7bd8", "task_level": [2], "message_type": "INFO"}
{"optimizer": "RIO", "no": "0", "best_result": [["-O0"], 0.212], "run_allowance": 0, "iterations": 500, "timestamp": 1698673224.6619215, "task_uuid": "d8fd8e83-dcb6-47b5-b937-6d2ece9c7bd8", "task_level": [2], "message_type": "INFO"}
{"optimizer": "RIO", "no": "0", "best_result": [["-O0"], 0.212], "run_allowance": 0, "iterations": 500, "timestamp": 1698673224.6619215, "task_uuid": "d8fd8e83-dcb6-47b5-b937-6d2ece9c7bd8", "task_level": [2], "message_type": "INFO"}
{"optimizer": "RIO", "no": "0", "best_result": [["-O0"], 0.212], "run_allowance": 0, "iterations": 500, "timestamp": 1698673224.6619215, "task_uuid": "d8fd8e83-dcb6-47b5-b937-6d2ece9c7bd8", "task_level": [2], "message_type": "INFO"}
{"optimizer": "RIO", "no": "0", "best_result": [["-O0"], 0.212], "run_allowance": 0, "iterations": 500, "timestamp": 1698673224.6619215, "task_uuid": "d8fd8e83-dcb6-47b5-b937-6d2ece9c7bd8", "task_level": [2], "message_type": "INFO"}
{"optimizer": "RIO", "no": "0", "best_result": [["-O0"], 0.212], "run_allowance": 0, "iterations": 500, "timestamp": 1698673224.6619215, "task_uuid": "d8fd8e83-dcb6-47b5-b937-6d2ece9c7bd8", "task_level": [2], "message_type": "INFO"}
{"optimizer": "RIO", "no": "0", "best_result": [["-O0"], 0.212], "run_allowance": 0, "iterations": 500, "timestamp": 1698673224.6619215, "task_uuid": "d8fd8e83-dcb6-47b5-b937-6d2ece9c7bd8", "task_level": [2], "message_type": "INFO"}
{"optimizer": "RIO", "no": "0", "best_result": [["-O0"], 0.212], "run_allowance": 0, "iterations": 500, "timestamp": 1698673224.6619215, "task_uuid": "d8fd8e83-dcb6-47b5-b937-6d2ece9c7bd8", "task_level": [2], "message_type": "INFO"}
{"action_status": "succeeded", "timestamp": 1698673224.6622577, "task_uuid": "d8fd8e83-dcb6-47b5-b937-6d2ece9c7bd8", "action_type": "LOG_RESULTS", "task_level": [3]}
{"action_status": "succeeded", "timestamp": 1698673224.6622577, "task_uuid": "d8fd8e83-dcb6-47b5-b937-6d2ece9c7bd8", "action_type": "LOG_RESULTS", "task_level": [3]}
{"action_status": "succeeded", "timestamp": 1698673224.6622577, "task_uuid": "d8fd8e83-dcb6-47b5-b937-6d2ece9c7bd8", "action_type": "LOG_RESULTS", "task_level": [3]}
{"action_status": "succeeded", "timestamp": 1698673224.6622577, "task_uuid": "d8fd8e83-dcb6-47b5-b937-6d2ece9c7bd8", "action_type": "LOG_RESULTS", "task_level": [3]}
{"action_status": "succeeded", "timestamp": 1698673224.6622577, "task_uuid": "d8fd8e83-dcb6-47b5-b937-6d2ece9c7bd8", "action_type": "LOG_RESULTS", "task_level": [3]}
{"action_status": "succeeded", "timestamp": 1698673224.6622577, "task_uuid": "d8fd8e83-dcb6-47b5-b937-6d2ece9c7bd8", "action_type": "LOG_RESULTS", "task_level": [3]}
{"action_status": "succeeded", "timestamp": 1698673224.6622577, "task_uuid": "d8fd8e83-dcb6-47b5-b937-6d2ece9c7bd8", "action_type": "LOG_RESULTS", "task_level": [3]}
{"action_status": "succeeded", "timestamp": 1698673224.6622577, "task_uuid": "d8fd8e83-dcb6-47b5-b937-6d2ece9c7bd8", "action_type": "LOG_RESULTS", "task_level": [3]}
{"action_status": "succeeded", "timestamp": 1698673224.6622577, "task_uuid": "d8fd8e83-dcb6-47b5-b937-6d2ece9c7bd8", "action_type": "LOG_RESULTS", "task_level": [3]}
{"action_status": "succeeded", "timestamp": 1698673224.6622577, "task_uuid": "d8fd8e83-dcb6-47b5-b937-6d2ece9c7bd8", "action_type": "LOG_RESULTS", "task_level": [3]}
{"action_status": "started", "timestamp": 1698673950.291482, "task_uuid": "50a48c8c-b7f2-407c-9913-40ce26d46433", "action_type": "LOG_RESULTS", "task_level": [1]}
{"action_status": "started", "timestamp": 1698673950.291482, "task_uuid": "50a48c8c-b7f2-407c-9913-40ce26d46433", "action_type": "LOG_RESULTS", "task_level": [1]}
{"action_status": "started", "timestamp": 1698673950.291482, "task_uuid": "50a48c8c-b7f2-407c-9913-40ce26d46433", "action_type": "LOG_RESULTS", "task_level": [1]}
{"action_status": "started", "timestamp": 1698673950.291482, "task_uuid": "50a48c8c-b7f2-407c-9913-40ce26d46433", "action_type": "LOG_RESULTS", "task_level": [1]}
{"action_status": "started", "timestamp": 1698673950.291482, "task_uuid": "50a48c8c-b7f2-407c-9913-40ce26d46433", "action_type": "LOG_RESULTS", "task_level": [1]}
{"action_status": "started", "timestamp": 1698673950.291482, "task_uuid": "50a48c8c-b7f2-407c-9913-40ce26d46433", "action_type": "LOG_RESULTS", "task_level": [1]}
{"action_status": "started", "timestamp": 1698673950.291482, "task_uuid": "50a48c8c-b7f2-407c-9913-40ce26d46433", "action_type": "LOG_RESULTS", "task_level": [1]}
{"action_status": "started", "timestamp": 1698673950.291482, "task_uuid": "50a48c8c-b7f2-407c-9913-40ce26d46433", "action_type": "LOG_RESULTS", "task_level": [1]}
{"action_status": "started", "timestamp": 1698673950.291482, "task_uuid": "50a48c8c-b7f2-407c-9913-40ce26d46433", "action_type": "LOG_RESULTS", "task_level": [1]}
{"action_status": "started", "timestamp": 1698673950.291482, "task_uuid": "50a48c8c-b7f2-407c-9913-40ce26d46433", "action_type": "LOG_RESULTS", "task_level": [1]}
{"optimizer": "RIO", "no": "1", "best_result": [["-O0"], 0.211], "run_allowance": 0, "iterations": 500, "timestamp": 1698673950.2920494, "task_uuid": "50a48c8c-b7f2-407c-9913-40ce26d46433", "task_level": [2], "message_type": "INFO"}
{"optimizer": "RIO", "no": "1", "best_result": [["-O0"], 0.211], "run_allowance": 0, "iterations": 500, "timestamp": 1698673950.2920494, "task_uuid": "50a48c8c-b7f2-407c-9913-40ce26d46433", "task_level": [2], "message_type": "INFO"}
{"optimizer": "RIO", "no": "1", "best_result": [["-O0"], 0.211], "run_allowance": 0, "iterations": 500, "timestamp": 1698673950.2920494, "task_uuid": "50a48c8c-b7f2-407c-9913-40ce26d46433", "task_level": [2], "message_type": "INFO"}
{"optimizer": "RIO", "no": "1", "best_result": [["-O0"], 0.211], "run_allowance": 0, "iterations": 500, "timestamp": 1698673950.2920494, "task_uuid": "50a48c8c-b7f2-407c-9913-40ce26d46433", "task_level": [2], "message_type": "INFO"}
{"optimizer": "RIO", "no": "1", "best_result": [["-O0"], 0.211], "run_allowance": 0, "iterations": 500, "timestamp": 1698673950.2920494, "task_uuid": "50a48c8c-b7f2-407c-9913-40ce26d46433", "task_level": [2], "message_type": "INFO"}
{"optimizer": "RIO", "no": "1", "best_result": [["-O0"], 0.211], "run_allowance": 0, "iterations": 500, "timestamp": 1698673950.2920494, "task_uuid": "50a48c8c-b7f2-407c-9913-40ce26d46433", "task_level": [2], "message_type": "INFO"}
{"optimizer": "RIO", "no": "1", "best_result": [["-O0"], 0.211], "run_allowance": 0, "iterations": 500, "timestamp": 1698673950.2920494, "task_uuid": "50a48c8c-b7f2-407c-9913-40ce26d46433", "task_level": [2], "message_type": "INFO"}
{"optimizer": "RIO", "no": "1", "best_result": [["-O0"], 0.211], "run_allowance": 0, "iterations": 500, "timestamp": 1698673950.2920494, "task_uuid": "50a48c8c-b7f2-407c-9913-40ce26d46433", "task_level": [2], "message_type": "INFO"}
{"optimizer": "RIO", "no": "1", "best_result": [["-O0"], 0.211], "run_allowance": 0, "iterations": 500, "timestamp": 1698673950.2920494, "task_uuid": "50a48c8c-b7f2-407c-9913-40ce26d46433", "task_level": [2], "message_type": "INFO"}
{"optimizer": "RIO", "no": "1", "best_result": [["-O0"], 0.211], "run_allowance": 0, "iterations": 500, "timestamp": 1698673950.2920494, "task_uuid": "50a48c8c-b7f2-407c-9913-40ce26d46433", "task_level": [2], "message_type": "INFO"}
{"action_status": "succeeded", "timestamp": 1698673950.2923758, "task_uuid": "50a48c8c-b7f2-407c-9913-40ce26d46433", "action_type": "LOG_RESULTS", "task_level": [3]}
{"action_status": "succeeded", "timestamp": 1698673950.2923758, "task_uuid": "50a48c8c-b7f2-407c-9913-40ce26d46433", "action_type": "LOG_RESULTS", "task_level": [3]}
{"action_status": "succeeded", "timestamp": 1698673950.2923758, "task_uuid": "50a48c8c-b7f2-407c-9913-40ce26d46433", "action_type": "LOG_RESULTS", "task_level": [3]}
{"action_status": "succeeded", "timestamp": 1698673950.2923758, "task_uuid": "50a48c8c-b7f2-407c-9913-40ce26d46433", "action_type": "LOG_RESULTS", "task_level": [3]}
{"action_status": "succeeded", "timestamp": 1698673950.2923758, "task_uuid": "50a48c8c-b7f2-407c-9913-40ce26d46433", "action_type": "LOG_RESULTS", "task_level": [3]}
{"action_status": "succeeded", "timestamp": 1698673950.2923758, "task_uuid": "50a48c8c-b7f2-407c-9913-40ce26d46433", "action_type": "LOG_RESULTS", "task_level": [3]}
{"action_status": "succeeded", "timestamp": 1698673950.2923758, "task_uuid": "50a48c8c-b7f2-407c-9913-40ce26d46433", "action_type": "LOG_RESULTS", "task_level": [3]}
{"action_status": "succeeded", "timestamp": 1698673950.2923758, "task_uuid": "50a48c8c-b7f2-407c-9913-40ce26d46433", "action_type": "LOG_RESULTS", "task_level": [3]}
{"action_status": "succeeded", "timestamp": 1698673950.2923758, "task_uuid": "50a48c8c-b7f2-407c-9913-40ce26d46433", "action_type": "LOG_RESULTS", "task_level": [3]}
{"action_status": "succeeded", "timestamp": 1698673950.2923758, "task_uuid": "50a48c8c-b7f2-407c-9913-40ce26d46433", "action_type": "LOG_RESULTS", "task_level": [3]}
{"action_status": "started", "timestamp": 1698674681.9942956, "task_uuid": "da555432-7293-436d-9383-f1a3710e5727", "action_type": "LOG_RESULTS", "task_level": [1]}
{"action_status": "started", "timestamp": 1698674681.9942956, "task_uuid": "da555432-7293-436d-9383-f1a3710e5727", "action_type": "LOG_RESULTS", "task_level": [1]}
{"action_status": "started", "timestamp": 1698674681.9942956, "task_uuid": "da555432-7293-436d-9383-f1a3710e5727", "action_type": "LOG_RESULTS", "task_level": [1]}
{"action_status": "started", "timestamp": 1698674681.9942956, "task_uuid": "da555432-7293-436d-9383-f1a3710e5727", "action_type": "LOG_RESULTS", "task_level": [1]}
{"action_status": "started", "timestamp": 1698674681.9942956, "task_uuid": "da555432-7293-436d-9383-f1a3710e5727", "action_type": "LOG_RESULTS", "task_level": [1]}
{"action_status": "started", "timestamp": 1698674681.9942956, "task_uuid": "da555432-7293-436d-9383-f1a3710e5727", "action_type": "LOG_RESULTS", "task_level": [1]}
{"action_status": "started", "timestamp": 1698674681.9942956, "task_uuid": "da555432-7293-436d-9383-f1a3710e5727", "action_type": "LOG_RESULTS", "task_level": [1]}
{"action_status": "started", "timestamp": 1698674681.9942956, "task_uuid": "da555432-7293-436d-9383-f1a3710e5727", "action_type": "LOG_RESULTS", "task_level": [1]}
{"action_status": "started", "timestamp": 1698674681.9942956, "task_uuid": "da555432-7293-436d-9383-f1a3710e5727", "action_type": "LOG_RESULTS", "task_level": [1]}
{"action_status": "started", "timestamp": 1698674681.9942956, "task_uuid": "da555432-7293-436d-9383-f1a3710e5727", "action_type": "LOG_RESULTS", "task_level": [1]}
{"optimizer": "RIO", "no": "2", "best_result": [["-O0"], 0.215], "run_allowance": 0, "iterations": 500, "timestamp": 1698674681.9948244, "task_uuid": "da555432-7293-436d-9383-f1a3710e5727", "task_level": [2], "message_type": "INFO"}
{"optimizer": "RIO", "no": "2", "best_result": [["-O0"], 0.215], "run_allowance": 0, "iterations": 500, "timestamp": 1698674681.9948244, "task_uuid": "da555432-7293-436d-9383-f1a3710e5727", "task_level": [2], "message_type": "INFO"}
{"optimizer": "RIO", "no": "2", "best_result": [["-O0"], 0.215], "run_allowance": 0, "iterations": 500, "timestamp": 1698674681.9948244, "task_uuid": "da555432-7293-436d-9383-f1a3710e5727", "task_level": [2], "message_type": "INFO"}
{"optimizer": "RIO", "no": "2", "best_result": [["-O0"], 0.215], "run_allowance": 0, "iterations": 500, "timestamp": 1698674681.9948244, "task_uuid": "da555432-7293-436d-9383-f1a3710e5727", "task_level": [2], "message_type": "INFO"}
{"optimizer": "RIO", "no": "2", "best_result": [["-O0"], 0.215], "run_allowance": 0, "iterations": 500, "timestamp": 1698674681.9948244, "task_uuid": "da555432-7293-436d-9383-f1a3710e5727", "task_level": [2], "message_type": "INFO"}
{"optimizer": "RIO", "no": "2", "best_result": [["-O0"], 0.215], "run_allowance": 0, "iterations": 500, "timestamp": 1698674681.9948244, "task_uuid": "da555432-7293-436d-9383-f1a3710e5727", "task_level": [2], "message_type": "INFO"}
{"optimizer": "RIO", "no": "2", "best_result": [["-O0"], 0.215], "run_allowance": 0, "iterations": 500, "timestamp": 1698674681.9948244, "task_uuid": "da555432-7293-436d-9383-f1a3710e5727", "task_level": [2], "message_type": "INFO"}
{"optimizer": "RIO", "no": "2", "best_result": [["-O0"], 0.215], "run_allowance": 0, "iterations": 500, "timestamp": 1698674681.9948244, "task_uuid": "da555432-7293-436d-9383-f1a3710e5727", "task_level": [2], "message_type": "INFO"}
{"optimizer": "RIO", "no": "2", "best_result": [["-O0"], 0.215], "run_allowance": 0, "iterations": 500, "timestamp": 1698674681.9948244, "task_uuid": "da555432-7293-436d-9383-f1a3710e5727", "task_level": [2], "message_type": "INFO"}
{"optimizer": "RIO", "no": "2", "best_result": [["-O0"], 0.215], "run_allowance": 0, "iterations": 500, "timestamp": 1698674681.9948244, "task_uuid": "da555432-7293-436d-9383-f1a3710e5727", "task_level": [2], "message_type": "INFO"}
{"action_status": "succeeded", "timestamp": 1698674681.995132, "task_uuid": "da555432-7293-436d-9383-f1a3710e5727", "action_type": "LOG_RESULTS", "task_level": [3]}
{"action_status": "succeeded", "timestamp": 1698674681.995132, "task_uuid": "da555432-7293-436d-9383-f1a3710e5727", "action_type": "LOG_RESULTS", "task_level": [3]}
{"action_status": "succeeded", "timestamp": 1698674681.995132, "task_uuid": "da555432-7293-436d-9383-f1a3710e5727", "action_type": "LOG_RESULTS", "task_level": [3]}
{"action_status": "succeeded", "timestamp": 1698674681.995132, "task_uuid": "da555432-7293-436d-9383-f1a3710e5727", "action_type": "LOG_RESULTS", "task_level": [3]}
{"action_status": "succeeded", "timestamp": 1698674681.995132, "task_uuid": "da555432-7293-436d-9383-f1a3710e5727", "action_type": "LOG_RESULTS", "task_level": [3]}
{"action_status": "succeeded", "timestamp": 1698674681.995132, "task_uuid": "da555432-7293-436d-9383-f1a3710e5727", "action_type": "LOG_RESULTS", "task_level": [3]}
{"action_status": "succeeded", "timestamp": 1698674681.995132, "task_uuid": "da555432-7293-436d-9383-f1a3710e5727", "action_type": "LOG_RESULTS", "task_level": [3]}
{"action_status": "succeeded", "timestamp": 1698674681.995132, "task_uuid": "da555432-7293-436d-9383-f1a3710e5727", "action_type": "LOG_RESULTS", "task_level": [3]}
{"action_status": "succeeded", "timestamp": 1698674681.995132, "task_uuid": "da555432-7293-436d-9383-f1a3710e5727", "action_type": "LOG_RESULTS", "task_level": [3]}
{"action_status": "succeeded", "timestamp": 1698674681.995132, "task_uuid": "da555432-7293-436d-9383-f1a3710e5727", "action_type": "LOG_RESULTS", "task_level": [3]}
{"action_status": "started", "timestamp": 1698675415.0709863, "task_uuid": "7e28a604-dd38-4110-82fd-bcd2d7d97ee8", "action_type": "LOG_RESULTS", "task_level": [1]}
{"action_status": "started", "timestamp": 1698675415.0709863, "task_uuid": "7e28a604-dd38-4110-82fd-bcd2d7d97ee8", "action_type": "LOG_RESULTS", "task_level": [1]}
{"action_status": "started", "timestamp": 1698675415.0709863, "task_uuid": "7e28a604-dd38-4110-82fd-bcd2d7d97ee8", "action_type": "LOG_RESULTS", "task_level": [1]}
{"action_status": "started", "timestamp": 1698675415.0709863, "task_uuid": "7e28a604-dd38-4110-82fd-bcd2d7d97ee8", "action_type": "LOG_RESULTS", "task_level": [1]}
{"action_status": "started", "timestamp": 1698675415.0709863, "task_uuid": "7e28a604-dd38-4110-82fd-bcd2d7d97ee8", "action_type": "LOG_RESULTS", "task_level": [1]}
{"action_status": "started", "timestamp": 1698675415.0709863, "task_uuid": "7e28a604-dd38-4110-82fd-bcd2d7d97ee8", "action_type": "LOG_RESULTS", "task_level": [1]}
{"action_status": "started", "timestamp": 1698675415.0709863, "task_uuid": "7e28a604-dd38-4110-82fd-bcd2d7d97ee8", "action_type": "LOG_RESULTS", "task_level": [1]}
{"action_status": "started", "timestamp": 1698675415.0709863, "task_uuid": "7e28a604-dd38-4110-82fd-bcd2d7d97ee8", "action_type": "LOG_RESULTS", "task_level": [1]}
{"action_status": "started", "timestamp": 1698675415.0709863, "task_uuid": "7e28a604-dd38-4110-82fd-bcd2d7d97ee8", "action_type": "LOG_RESULTS", "task_level": [1]}
{"action_status": "started", "timestamp": 1698675415.0709863, "task_uuid": "7e28a604-dd38-4110-82fd-bcd2d7d97ee8", "action_type": "LOG_RESULTS", "task_level": [1]}
{"optimizer": "RIO", "no": "3", "best_result": [["-O0"], 0.211], "run_allowance": 0, "iterations": 500, "timestamp": 1698675415.0715475, "task_uuid": "7e28a604-dd38-4110-82fd-bcd2d7d97ee8", "task_level": [2], "message_type": "INFO"}
{"optimizer": "RIO", "no": "3", "best_result": [["-O0"], 0.211], "run_allowance": 0, "iterations": 500, "timestamp": 1698675415.0715475, "task_uuid": "7e28a604-dd38-4110-82fd-bcd2d7d97ee8", "task_level": [2], "message_type": "INFO"}
{"optimizer": "RIO", "no": "3", "best_result": [["-O0"], 0.211], "run_allowance": 0, "iterations": 500, "timestamp": 1698675415.0715475, "task_uuid": "7e28a604-dd38-4110-82fd-bcd2d7d97ee8", "task_level": [2], "message_type": "INFO"}
{"optimizer": "RIO", "no": "3", "best_result": [["-O0"], 0.211], "run_allowance": 0, "iterations": 500, "timestamp": 1698675415.0715475, "task_uuid": "7e28a604-dd38-4110-82fd-bcd2d7d97ee8", "task_level": [2], "message_type": "INFO"}
{"optimizer": "RIO", "no": "3", "best_result": [["-O0"], 0.211], "run_allowance": 0, "iterations": 500, "timestamp": 1698675415.0715475, "task_uuid": "7e28a604-dd38-4110-82fd-bcd2d7d97ee8", "task_level": [2], "message_type": "INFO"}
{"optimizer": "RIO", "no": "3", "best_result": [["-O0"], 0.211], "run_allowance": 0, "iterations": 500, "timestamp": 1698675415.0715475, "task_uuid": "7e28a604-dd38-4110-82fd-bcd2d7d97ee8", "task_level": [2], "message_type": "INFO"}
{"optimizer": "RIO", "no": "3", "best_result": [["-O0"], 0.211], "run_allowance": 0, "iterations": 500, "timestamp": 1698675415.0715475, "task_uuid": "7e28a604-dd38-4110-82fd-bcd2d7d97ee8", "task_level": [2], "message_type": "INFO"}
{"optimizer": "RIO", "no": "3", "best_result": [["-O0"], 0.211], "run_allowance": 0, "iterations": 500, "timestamp": 1698675415.0715475, "task_uuid": "7e28a604-dd38-4110-82fd-bcd2d7d97ee8", "task_level": [2], "message_type": "INFO"}
{"optimizer": "RIO", "no": "3", "best_result": [["-O0"], 0.211], "run_allowance": 0, "iterations": 500, "timestamp": 1698675415.0715475, "task_uuid": "7e28a604-dd38-4110-82fd-bcd2d7d97ee8", "task_level": [2], "message_type": "INFO"}
{"optimizer": "RIO", "no": "3", "best_result": [["-O0"], 0.211], "run_allowance": 0, "iterations": 500, "timestamp": 1698675415.0715475, "task_uuid": "7e28a604-dd38-4110-82fd-bcd2d7d97ee8", "task_level": [2], "message_type": "INFO"}
{"action_status": "succeeded", "timestamp": 1698675415.071876, "task_uuid": "7e28a604-dd38-4110-82fd-bcd2d7d97ee8", "action_type": "LOG_RESULTS", "task_level": [3]}
{"action_status": "succeeded", "timestamp": 1698675415.071876, "task_uuid": "7e28a604-dd38-4110-82fd-bcd2d7d97ee8", "action_type": "LOG_RESULTS", "task_level": [3]}
{"action_status": "succeeded", "timestamp": 1698675415.071876, "task_uuid": "7e28a604-dd38-4110-82fd-bcd2d7d97ee8", "action_type": "LOG_RESULTS", "task_level": [3]}
{"action_status": "succeeded", "timestamp": 1698675415.071876, "task_uuid": "7e28a604-dd38-4110-82fd-bcd2d7d97ee8", "action_type": "LOG_RESULTS", "task_level": [3]}
{"action_status": "succeeded", "timestamp": 1698675415.071876, "task_uuid": "7e28a604-dd38-4110-82fd-bcd2d7d97ee8", "action_type": "LOG_RESULTS", "task_level": [3]}
{"action_status": "succeeded", "timestamp": 1698675415.071876, "task_uuid": "7e28a604-dd38-4110-82fd-bcd2d7d97ee8", "action_type": "LOG_RESULTS", "task_level": [3]}
{"action_status": "succeeded", "timestamp": 1698675415.071876, "task_uuid": "7e28a604-dd38-4110-82fd-bcd2d7d97ee8", "action_type": "LOG_RESULTS", "task_level": [3]}
{"action_status": "succeeded", "timestamp": 1698675415.071876, "task_uuid": "7e28a604-dd38-4110-82fd-bcd2d7d97ee8", "action_type": "LOG_RESULTS", "task_level": [3]}
{"action_status": "succeeded", "timestamp": 1698675415.071876, "task_uuid": "7e28a604-dd38-4110-82fd-bcd2d7d97ee8", "action_type": "LOG_RESULTS", "task_level": [3]}
{"action_status": "succeeded", "timestamp": 1698675415.071876, "task_uuid": "7e28a604-dd38-4110-82fd-bcd2d7d97ee8", "action_type": "LOG_RESULTS", "task_level": [3]}
{"action_status": "started", "timestamp": 1698676143.3595762, "task_uuid": "7cec90ad-4d16-4d54-bebe-f45a174cacd0", "action_type": "LOG_RESULTS", "task_level": [1]}
{"action_status": "started", "timestamp": 1698676143.3595762, "task_uuid": "7cec90ad-4d16-4d54-bebe-f45a174cacd0", "action_type": "LOG_RESULTS", "task_level": [1]}
{"action_status": "started", "timestamp": 1698676143.3595762, "task_uuid": "7cec90ad-4d16-4d54-bebe-f45a174cacd0", "action_type": "LOG_RESULTS", "task_level": [1]}
{"action_status": "started", "timestamp": 1698676143.3595762, "task_uuid": "7cec90ad-4d16-4d54-bebe-f45a174cacd0", "action_type": "LOG_RESULTS", "task_level": [1]}
{"action_status": "started", "timestamp": 1698676143.3595762, "task_uuid": "7cec90ad-4d16-4d54-bebe-f45a174cacd0", "action_type": "LOG_RESULTS", "task_level": [1]}
{"action_status": "started", "timestamp": 1698676143.3595762, "task_uuid": "7cec90ad-4d16-4d54-bebe-f45a174cacd0", "action_type": "LOG_RESULTS", "task_level": [1]}
{"action_status": "started", "timestamp": 1698676143.3595762, "task_uuid": "7cec90ad-4d16-4d54-bebe-f45a174cacd0", "action_type": "LOG_RESULTS", "task_level": [1]}
{"action_status": "started", "timestamp": 1698676143.3595762, "task_uuid": "7cec90ad-4d16-4d54-bebe-f45a174cacd0", "action_type": "LOG_RESULTS", "task_level": [1]}
{"action_status": "started", "timestamp": 1698676143.3595762, "task_uuid": "7cec90ad-4d16-4d54-bebe-f45a174cacd0", "action_type": "LOG_RESULTS", "task_level": [1]}
{"action_status": "started", "timestamp": 1698676143.3595762, "task_uuid": "7cec90ad-4d16-4d54-bebe-f45a174cacd0", "action_type": "LOG_RESULTS", "task_level": [1]}
{"optimizer": "RIO", "no": "4", "best_result": [["-O0"], 0.213], "run_allowance": 0, "iterations": 500, "timestamp": 1698676143.3600926, "task_uuid": "7cec90ad-4d16-4d54-bebe-f45a174cacd0", "task_level": [2], "message_type": "INFO"}
{"optimizer": "RIO", "no": "4", "best_result": [["-O0"], 0.213], "run_allowance": 0, "iterations": 500, "timestamp": 1698676143.3600926, "task_uuid": "7cec90ad-4d16-4d54-bebe-f45a174cacd0", "task_level": [2], "message_type": "INFO"}
{"optimizer": "RIO", "no": "4", "best_result": [["-O0"], 0.213], "run_allowance": 0, "iterations": 500, "timestamp": 1698676143.3600926, "task_uuid": "7cec90ad-4d16-4d54-bebe-f45a174cacd0", "task_level": [2], "message_type": "INFO"}
{"optimizer": "RIO", "no": "4", "best_result": [["-O0"], 0.213], "run_allowance": 0, "iterations": 500, "timestamp": 1698676143.3600926, "task_uuid": "7cec90ad-4d16-4d54-bebe-f45a174cacd0", "task_level": [2], "message_type": "INFO"}
{"optimizer": "RIO", "no": "4", "best_result": [["-O0"], 0.213], "run_allowance": 0, "iterations": 500, "timestamp": 1698676143.3600926, "task_uuid": "7cec90ad-4d16-4d54-bebe-f45a174cacd0", "task_level": [2], "message_type": "INFO"}
{"optimizer": "RIO", "no": "4", "best_result": [["-O0"], 0.213], "run_allowance": 0, "iterations": 500, "timestamp": 1698676143.3600926, "task_uuid": "7cec90ad-4d16-4d54-bebe-f45a174cacd0", "task_level": [2], "message_type": "INFO"}
{"optimizer": "RIO", "no": "4", "best_result": [["-O0"], 0.213], "run_allowance": 0, "iterations": 500, "timestamp": 1698676143.3600926, "task_uuid": "7cec90ad-4d16-4d54-bebe-f45a174cacd0", "task_level": [2], "message_type": "INFO"}
{"optimizer": "RIO", "no": "4", "best_result": [["-O0"], 0.213], "run_allowance": 0, "iterations": 500, "timestamp": 1698676143.3600926, "task_uuid": "7cec90ad-4d16-4d54-bebe-f45a174cacd0", "task_level": [2], "message_type": "INFO"}
{"optimizer": "RIO", "no": "4", "best_result": [["-O0"], 0.213], "run_allowance": 0, "iterations": 500, "timestamp": 1698676143.3600926, "task_uuid": "7cec90ad-4d16-4d54-bebe-f45a174cacd0", "task_level": [2], "message_type": "INFO"}
{"optimizer": "RIO", "no": "4", "best_result": [["-O0"], 0.213], "run_allowance": 0, "iterations": 500, "timestamp": 1698676143.3600926, "task_uuid": "7cec90ad-4d16-4d54-bebe-f45a174cacd0", "task_level": [2], "message_type": "INFO"}
{"action_status": "succeeded", "timestamp": 1698676143.3604083, "task_uuid": "7cec90ad-4d16-4d54-bebe-f45a174cacd0", "action_type": "LOG_RESULTS", "task_level": [3]}
{"action_status": "succeeded", "timestamp": 1698676143.3604083, "task_uuid": "7cec90ad-4d16-4d54-bebe-f45a174cacd0", "action_type": "LOG_RESULTS", "task_level": [3]}
{"action_status": "succeeded", "timestamp": 1698676143.3604083, "task_uuid": "7cec90ad-4d16-4d54-bebe-f45a174cacd0", "action_type": "LOG_RESULTS", "task_level": [3]}
{"action_status": "succeeded", "timestamp": 1698676143.3604083, "task_uuid": "7cec90ad-4d16-4d54-bebe-f45a174cacd0", "action_type": "LOG_RESULTS", "task_level": [3]}
{"action_status": "succeeded", "timestamp": 1698676143.3604083, "task_uuid": "7cec90ad-4d16-4d54-bebe-f45a174cacd0", "action_type": "LOG_RESULTS", "task_level": [3]}
{"action_status": "succeeded", "timestamp": 1698676143.3604083, "task_uuid": "7cec90ad-4d16-4d54-bebe-f45a174cacd0", "action_type": "LOG_RESULTS", "task_level": [3]}
{"action_status": "succeeded", "timestamp": 1698676143.3604083, "task_uuid": "7cec90ad-4d16-4d54-bebe-f45a174cacd0", "action_type": "LOG_RESULTS", "task_level": [3]}
{"action_status": "succeeded", "timestamp": 1698676143.3604083, "task_uuid": "7cec90ad-4d16-4d54-bebe-f45a174cacd0", "action_type": "LOG_RESULTS", "task_level": [3]}
{"action_status": "succeeded", "timestamp": 1698676143.3604083, "task_uuid": "7cec90ad-4d16-4d54-bebe-f45a174cacd0", "action_type": "LOG_RESULTS", "task_level": [3]}
{"action_status": "succeeded", "timestamp": 1698676143.3604083, "task_uuid": "7cec90ad-4d16-4d54-bebe-f45a174cacd0", "action_type": "LOG_RESULTS", "task_level": [3]}
{"action_status": "started", "timestamp": 1698676871.396427, "task_uuid": "80c457ea-19ea-43ed-b41f-8ee3fd4cded1", "action_type": "LOG_RESULTS", "task_level": [1]}
{"action_status": "started", "timestamp": 1698676871.396427, "task_uuid": "80c457ea-19ea-43ed-b41f-8ee3fd4cded1", "action_type": "LOG_RESULTS", "task_level": [1]}
{"action_status": "started", "timestamp": 1698676871.396427, "task_uuid": "80c457ea-19ea-43ed-b41f-8ee3fd4cded1", "action_type": "LOG_RESULTS", "task_level": [1]}
{"action_status": "started", "timestamp": 1698676871.396427, "task_uuid": "80c457ea-19ea-43ed-b41f-8ee3fd4cded1", "action_type": "LOG_RESULTS", "task_level": [1]}
{"action_status": "started", "timestamp": 1698676871.396427, "task_uuid": "80c457ea-19ea-43ed-b41f-8ee3fd4cded1", "action_type": "LOG_RESULTS", "task_level": [1]}
{"action_status": "started", "timestamp": 1698676871.396427, "task_uuid": "80c457ea-19ea-43ed-b41f-8ee3fd4cded1", "action_type": "LOG_RESULTS", "task_level": [1]}
{"action_status": "started", "timestamp": 1698676871.396427, "task_uuid": "80c457ea-19ea-43ed-b41f-8ee3fd4cded1", "action_type": "LOG_RESULTS", "task_level": [1]}
{"action_status": "started", "timestamp": 1698676871.396427, "task_uuid": "80c457ea-19ea-43ed-b41f-8ee3fd4cded1", "action_type": "LOG_RESULTS", "task_level": [1]}
{"action_status": "started", "timestamp": 1698676871.396427, "task_uuid": "80c457ea-19ea-43ed-b41f-8ee3fd4cded1", "action_type": "LOG_RESULTS", "task_level": [1]}
{"action_status": "started", "timestamp": 1698676871.396427, "task_uuid": "80c457ea-19ea-43ed-b41f-8ee3fd4cded1", "action_type": "LOG_RESULTS", "task_level": [1]}
{"optimizer": "RIO", "no": "5", "best_result": [["-O0"], 0.212], "run_allowance": 0, "iterations": 500, "timestamp": 1698676871.396945, "task_uuid": "80c457ea-19ea-43ed-b41f-8ee3fd4cded1", "task_level": [2], "message_type": "INFO"}
{"optimizer": "RIO", "no": "5", "best_result": [["-O0"], 0.212], "run_allowance": 0, "iterations": 500, "timestamp": 1698676871.396945, "task_uuid": "80c457ea-19ea-43ed-b41f-8ee3fd4cded1", "task_level": [2], "message_type": "INFO"}
{"optimizer": "RIO", "no": "5", "best_result": [["-O0"], 0.212], "run_allowance": 0, "iterations": 500, "timestamp": 1698676871.396945, "task_uuid": "80c457ea-19ea-43ed-b41f-8ee3fd4cded1", "task_level": [2], "message_type": "INFO"}
{"optimizer": "RIO", "no": "5", "best_result": [["-O0"], 0.212], "run_allowance": 0, "iterations": 500, "timestamp": 1698676871.396945, "task_uuid": "80c457ea-19ea-43ed-b41f-8ee3fd4cded1", "task_level": [2], "message_type": "INFO"}
{"optimizer": "RIO", "no": "5", "best_result": [["-O0"], 0.212], "run_allowance": 0, "iterations": 500, "timestamp": 1698676871.396945, "task_uuid": "80c457ea-19ea-43ed-b41f-8ee3fd4cded1", "task_level": [2], "message_type": "INFO"}
{"optimizer": "RIO", "no": "5", "best_result": [["-O0"], 0.212], "run_allowance": 0, "iterations": 500, "timestamp": 1698676871.396945, "task_uuid": "80c457ea-19ea-43ed-b41f-8ee3fd4cded1", "task_level": [2], "message_type": "INFO"}
{"optimizer": "RIO", "no": "5", "best_result": [["-O0"], 0.212], "run_allowance": 0, "iterations": 500, "timestamp": 1698676871.396945, "task_uuid": "80c457ea-19ea-43ed-b41f-8ee3fd4cded1", "task_level": [2], "message_type": "INFO"}
{"optimizer": "RIO", "no": "5", "best_result": [["-O0"], 0.212], "run_allowance": 0, "iterations": 500, "timestamp": 1698676871.396945, "task_uuid": "80c457ea-19ea-43ed-b41f-8ee3fd4cded1", "task_level": [2], "message_type": "INFO"}
{"optimizer": "RIO", "no": "5", "best_result": [["-O0"], 0.212], "run_allowance": 0, "iterations": 500, "timestamp": 1698676871.396945, "task_uuid": "80c457ea-19ea-43ed-b41f-8ee3fd4cded1", "task_level": [2], "message_type": "INFO"}
{"optimizer": "RIO", "no": "5", "best_result": [["-O0"], 0.212], "run_allowance": 0, "iterations": 500, "timestamp": 1698676871.396945, "task_uuid": "80c457ea-19ea-43ed-b41f-8ee3fd4cded1", "task_level": [2], "message_type": "INFO"}
{"action_status": "succeeded", "timestamp": 1698676871.3972414, "task_uuid": "80c457ea-19ea-43ed-b41f-8ee3fd4cded1", "action_type": "LOG_RESULTS", "task_level": [3]}
{"action_status": "succeeded", "timestamp": 1698676871.3972414, "task_uuid": "80c457ea-19ea-43ed-b41f-8ee3fd4cded1", "action_type": "LOG_RESULTS", "task_level": [3]}
{"action_status": "succeeded", "timestamp": 1698676871.3972414, "task_uuid": "80c457ea-19ea-43ed-b41f-8ee3fd4cded1", "action_type": "LOG_RESULTS", "task_level": [3]}
{"action_status": "succeeded", "timestamp": 1698676871.3972414, "task_uuid": "80c457ea-19ea-43ed-b41f-8ee3fd4cded1", "action_type": "LOG_RESULTS", "task_level": [3]}
{"action_status": "succeeded", "timestamp": 1698676871.3972414, "task_uuid": "80c457ea-19ea-43ed-b41f-8ee3fd4cded1", "action_type": "LOG_RESULTS", "task_level": [3]}
{"action_status": "succeeded", "timestamp": 1698676871.3972414, "task_uuid": "80c457ea-19ea-43ed-b41f-8ee3fd4cded1", "action_type": "LOG_RESULTS", "task_level": [3]}
{"action_status": "succeeded", "timestamp": 1698676871.3972414, "task_uuid": "80c457ea-19ea-43ed-b41f-8ee3fd4cded1", "action_type": "LOG_RESULTS", "task_level": [3]}
{"action_status": "succeeded", "timestamp": 1698676871.3972414, "task_uuid": "80c457ea-19ea-43ed-b41f-8ee3fd4cded1", "action_type": "LOG_RESULTS", "task_level": [3]}
{"action_status": "succeeded", "timestamp": 1698676871.3972414, "task_uuid": "80c457ea-19ea-43ed-b41f-8ee3fd4cded1", "action_type": "LOG_RESULTS", "task_level": [3]}
{"action_status": "succeeded", "timestamp": 1698676871.3972414, "task_uuid": "80c457ea-19ea-43ed-b41f-8ee3fd4cded1", "action_type": "LOG_RESULTS", "task_level": [3]}
{"action_status": "started", "timestamp": 1698677597.9972706, "task_uuid": "df94be2e-55c8-4273-b1d6-dd7b4e0dd784", "action_type": "LOG_RESULTS", "task_level": [1]}
{"action_status": "started", "timestamp": 1698677597.9972706, "task_uuid": "df94be2e-55c8-4273-b1d6-dd7b4e0dd784", "action_type": "LOG_RESULTS", "task_level": [1]}
{"action_status": "started", "timestamp": 1698677597.9972706, "task_uuid": "df94be2e-55c8-4273-b1d6-dd7b4e0dd784", "action_type": "LOG_RESULTS", "task_level": [1]}
{"action_status": "started", "timestamp": 1698677597.9972706, "task_uuid": "df94be2e-55c8-4273-b1d6-dd7b4e0dd784", "action_type": "LOG_RESULTS", "task_level": [1]}
{"action_status": "started", "timestamp": 1698677597.9972706, "task_uuid": "df94be2e-55c8-4273-b1d6-dd7b4e0dd784", "action_type": "LOG_RESULTS", "task_level": [1]}
{"action_status": "started", "timestamp": 1698677597.9972706, "task_uuid": "df94be2e-55c8-4273-b1d6-dd7b4e0dd784", "action_type": "LOG_RESULTS", "task_level": [1]}
{"action_status": "started", "timestamp": 1698677597.9972706, "task_uuid": "df94be2e-55c8-4273-b1d6-dd7b4e0dd784", "action_type": "LOG_RESULTS", "task_level": [1]}
{"action_status": "started", "timestamp": 1698677597.9972706, "task_uuid": "df94be2e-55c8-4273-b1d6-dd7b4e0dd784", "action_type": "LOG_RESULTS", "task_level": [1]}
{"action_status": "started", "timestamp": 1698677597.9972706, "task_uuid": "df94be2e-55c8-4273-b1d6-dd7b4e0dd784", "action_type": "LOG_RESULTS", "task_level": [1]}
{"action_status": "started", "timestamp": 1698677597.9972706, "task_uuid": "df94be2e-55c8-4273-b1d6-dd7b4e0dd784", "action_type": "LOG_RESULTS", "task_level": [1]}
{"optimizer": "RIO", "no": "6", "best_result": [["-O0"], 0.212], "run_allowance": 0, "iterations": 500, "timestamp": 1698677597.9976857, "task_uuid": "df94be2e-55c8-4273-b1d6-dd7b4e0dd784", "task_level": [2], "message_type": "INFO"}
{"optimizer": "RIO", "no": "6", "best_result": [["-O0"], 0.212], "run_allowance": 0, "iterations": 500, "timestamp": 1698677597.9976857, "task_uuid": "df94be2e-55c8-4273-b1d6-dd7b4e0dd784", "task_level": [2], "message_type": "INFO"}
{"optimizer": "RIO", "no": "6", "best_result": [["-O0"], 0.212], "run_allowance": 0, "iterations": 500, "timestamp": 1698677597.9976857, "task_uuid": "df94be2e-55c8-4273-b1d6-dd7b4e0dd784", "task_level": [2], "message_type": "INFO"}
{"optimizer": "RIO", "no": "6", "best_result": [["-O0"], 0.212], "run_allowance": 0, "iterations": 500, "timestamp": 1698677597.9976857, "task_uuid": "df94be2e-55c8-4273-b1d6-dd7b4e0dd784", "task_level": [2], "message_type": "INFO"}
{"optimizer": "RIO", "no": "6", "best_result": [["-O0"], 0.212], "run_allowance": 0, "iterations": 500, "timestamp": 1698677597.9976857, "task_uuid": "df94be2e-55c8-4273-b1d6-dd7b4e0dd784", "task_level": [2], "message_type": "INFO"}
{"optimizer": "RIO", "no": "6", "best_result": [["-O0"], 0.212], "run_allowance": 0, "iterations": 500, "timestamp": 1698677597.9976857, "task_uuid": "df94be2e-55c8-4273-b1d6-dd7b4e0dd784", "task_level": [2], "message_type": "INFO"}
{"optimizer": "RIO", "no": "6", "best_result": [["-O0"], 0.212], "run_allowance": 0, "iterations": 500, "timestamp": 1698677597.9976857, "task_uuid": "df94be2e-55c8-4273-b1d6-dd7b4e0dd784", "task_level": [2], "message_type": "INFO"}
{"optimizer": "RIO", "no": "6", "best_result": [["-O0"], 0.212], "run_allowance": 0, "iterations": 500, "timestamp": 1698677597.9976857, "task_uuid": "df94be2e-55c8-4273-b1d6-dd7b4e0dd784", "task_level": [2], "message_type": "INFO"}
{"optimizer": "RIO", "no": "6", "best_result": [["-O0"], 0.212], "run_allowance": 0, "iterations": 500, "timestamp": 1698677597.9976857, "task_uuid": "df94be2e-55c8-4273-b1d6-dd7b4e0dd784", "task_level": [2], "message_type": "INFO"}
{"optimizer": "RIO", "no": "6", "best_result": [["-O0"], 0.212], "run_allowance": 0, "iterations": 500, "timestamp": 1698677597.9976857, "task_uuid": "df94be2e-55c8-4273-b1d6-dd7b4e0dd784", "task_level": [2], "message_type": "INFO"}
{"action_status": "succeeded", "timestamp": 1698677597.998014, "task_uuid": "df94be2e-55c8-4273-b1d6-dd7b4e0dd784", "action_type": "LOG_RESULTS", "task_level": [3]}
{"action_status": "succeeded", "timestamp": 1698677597.998014, "task_uuid": "df94be2e-55c8-4273-b1d6-dd7b4e0dd784", "action_type": "LOG_RESULTS", "task_level": [3]}
{"action_status": "succeeded", "timestamp": 1698677597.998014, "task_uuid": "df94be2e-55c8-4273-b1d6-dd7b4e0dd784", "action_type": "LOG_RESULTS", "task_level": [3]}
{"action_status": "succeeded", "timestamp": 1698677597.998014, "task_uuid": "df94be2e-55c8-4273-b1d6-dd7b4e0dd784", "action_type": "LOG_RESULTS", "task_level": [3]}
{"action_status": "succeeded", "timestamp": 1698677597.998014, "task_uuid": "df94be2e-55c8-4273-b1d6-dd7b4e0dd784", "action_type": "LOG_RESULTS", "task_level": [3]}
{"action_status": "succeeded", "timestamp": 1698677597.998014, "task_uuid": "df94be2e-55c8-4273-b1d6-dd7b4e0dd784", "action_type": "LOG_RESULTS", "task_level": [3]}
{"action_status": "succeeded", "timestamp": 1698677597.998014, "task_uuid": "df94be2e-55c8-4273-b1d6-dd7b4e0dd784", "action_type": "LOG_RESULTS", "task_level": [3]}
{"action_status": "succeeded", "timestamp": 1698677597.998014, "task_uuid": "df94be2e-55c8-4273-b1d6-dd7b4e0dd784", "action_type": "LOG_RESULTS", "task_level": [3]}
{"action_status": "succeeded", "timestamp": 1698677597.998014, "task_uuid": "df94be2e-55c8-4273-b1d6-dd7b4e0dd784", "action_type": "LOG_RESULTS", "task_level": [3]}
{"action_status": "succeeded", "timestamp": 1698677597.998014, "task_uuid": "df94be2e-55c8-4273-b1d6-dd7b4e0dd784", "action_type": "LOG_RESULTS", "task_level": [3]}
{"action_status": "started", "timestamp": 1698678323.546484, "task_uuid": "5db8676a-b932-4d9e-8570-cfa4a3221669", "action_type": "LOG_RESULTS", "task_level": [1]}
{"action_status": "started", "timestamp": 1698678323.546484, "task_uuid": "5db8676a-b932-4d9e-8570-cfa4a3221669", "action_type": "LOG_RESULTS", "task_level": [1]}
{"action_status": "started", "timestamp": 1698678323.546484, "task_uuid": "5db8676a-b932-4d9e-8570-cfa4a3221669", "action_type": "LOG_RESULTS", "task_level": [1]}
{"action_status": "started", "timestamp": 1698678323.546484, "task_uuid": "5db8676a-b932-4d9e-8570-cfa4a3221669", "action_type": "LOG_RESULTS", "task_level": [1]}
{"action_status": "started", "timestamp": 1698678323.546484, "task_uuid": "5db8676a-b932-4d9e-8570-cfa4a3221669", "action_type": "LOG_RESULTS", "task_level": [1]}
{"action_status": "started", "timestamp": 1698678323.546484, "task_uuid": "5db8676a-b932-4d9e-8570-cfa4a3221669", "action_type": "LOG_RESULTS", "task_level": [1]}
{"action_status": "started", "timestamp": 1698678323.546484, "task_uuid": "5db8676a-b932-4d9e-8570-cfa4a3221669", "action_type": "LOG_RESULTS", "task_level": [1]}
{"action_status": "started", "timestamp": 1698678323.546484, "task_uuid": "5db8676a-b932-4d9e-8570-cfa4a3221669", "action_type": "LOG_RESULTS", "task_level": [1]}
{"action_status": "started", "timestamp": 1698678323.546484, "task_uuid": "5db8676a-b932-4d9e-8570-cfa4a3221669", "action_type": "LOG_RESULTS", "task_level": [1]}
{"action_status": "started", "timestamp": 1698678323.546484, "task_uuid": "5db8676a-b932-4d9e-8570-cfa4a3221669", "action_type": "LOG_RESULTS", "task_level": [1]}
{"optimizer": "RIO", "no": "7", "best_result": [["-O0"], 0.211], "run_allowance": 0, "iterations": 500, "timestamp": 1698678323.5470085, "task_uuid": "5db8676a-b932-4d9e-8570-cfa4a3221669", "task_level": [2], "message_type": "INFO"}
{"optimizer": "RIO", "no": "7", "best_result": [["-O0"], 0.211], "run_allowance": 0, "iterations": 500, "timestamp": 1698678323.5470085, "task_uuid": "5db8676a-b932-4d9e-8570-cfa4a3221669", "task_level": [2], "message_type": "INFO"}
{"optimizer": "RIO", "no": "7", "best_result": [["-O0"], 0.211], "run_allowance": 0, "iterations": 500, "timestamp": 1698678323.5470085, "task_uuid": "5db8676a-b932-4d9e-8570-cfa4a3221669", "task_level": [2], "message_type": "INFO"}
{"optimizer": "RIO", "no": "7", "best_result": [["-O0"], 0.211], "run_allowance": 0, "iterations": 500, "timestamp": 1698678323.5470085, "task_uuid": "5db8676a-b932-4d9e-8570-cfa4a3221669", "task_level": [2], "message_type": "INFO"}
{"optimizer": "RIO", "no": "7", "best_result": [["-O0"], 0.211], "run_allowance": 0, "iterations": 500, "timestamp": 1698678323.5470085, "task_uuid": "5db8676a-b932-4d9e-8570-cfa4a3221669", "task_level": [2], "message_type": "INFO"}
{"optimizer": "RIO", "no": "7", "best_result": [["-O0"], 0.211], "run_allowance": 0, "iterations": 500, "timestamp": 1698678323.5470085, "task_uuid": "5db8676a-b932-4d9e-8570-cfa4a3221669", "task_level": [2], "message_type": "INFO"}
{"optimizer": "RIO", "no": "7", "best_result": [["-O0"], 0.211], "run_allowance": 0, "iterations": 500, "timestamp": 1698678323.5470085, "task_uuid": "5db8676a-b932-4d9e-8570-cfa4a3221669", "task_level": [2], "message_type": "INFO"}
{"optimizer": "RIO", "no": "7", "best_result": [["-O0"], 0.211], "run_allowance": 0, "iterations": 500, "timestamp": 1698678323.5470085, "task_uuid": "5db8676a-b932-4d9e-8570-cfa4a3221669", "task_level": [2], "message_type": "INFO"}
{"optimizer": "RIO", "no": "7", "best_result": [["-O0"], 0.211], "run_allowance": 0, "iterations": 500, "timestamp": 1698678323.5470085, "task_uuid": "5db8676a-b932-4d9e-8570-cfa4a3221669", "task_level": [2], "message_type": "INFO"}
{"optimizer": "RIO", "no": "7", "best_result": [["-O0"], 0.211], "run_allowance": 0, "iterations": 500, "timestamp": 1698678323.5470085, "task_uuid": "5db8676a-b932-4d9e-8570-cfa4a3221669", "task_level": [2], "message_type": "INFO"}
{"action_status": "succeeded", "timestamp": 1698678323.547352, "task_uuid": "5db8676a-b932-4d9e-8570-cfa4a3221669", "action_type": "LOG_RESULTS", "task_level": [3]}
{"action_status": "succeeded", "timestamp": 1698678323.547352, "task_uuid": "5db8676a-b932-4d9e-8570-cfa4a3221669", "action_type": "LOG_RESULTS", "task_level": [3]}
{"action_status": "succeeded", "timestamp": 1698678323.547352, "task_uuid": "5db8676a-b932-4d9e-8570-cfa4a3221669", "action_type": "LOG_RESULTS", "task_level": [3]}
{"action_status": "succeeded", "timestamp": 1698678323.547352, "task_uuid": "5db8676a-b932-4d9e-8570-cfa4a3221669", "action_type": "LOG_RESULTS", "task_level": [3]}
{"action_status": "succeeded", "timestamp": 1698678323.547352, "task_uuid": "5db8676a-b932-4d9e-8570-cfa4a3221669", "action_type": "LOG_RESULTS", "task_level": [3]}
{"action_status": "succeeded", "timestamp": 1698678323.547352, "task_uuid": "5db8676a-b932-4d9e-8570-cfa4a3221669", "action_type": "LOG_RESULTS", "task_level": [3]}
{"action_status": "succeeded", "timestamp": 1698678323.547352, "task_uuid": "5db8676a-b932-4d9e-8570-cfa4a3221669", "action_type": "LOG_RESULTS", "task_level": [3]}
{"action_status": "succeeded", "timestamp": 1698678323.547352, "task_uuid": "5db8676a-b932-4d9e-8570-cfa4a3221669", "action_type": "LOG_RESULTS", "task_level": [3]}
{"action_status": "succeeded", "timestamp": 1698678323.547352, "task_uuid": "5db8676a-b932-4d9e-8570-cfa4a3221669", "action_type": "LOG_RESULTS", "task_level": [3]}
{"action_status": "succeeded", "timestamp": 1698678323.547352, "task_uuid": "5db8676a-b932-4d9e-8570-cfa4a3221669", "action_type": "LOG_RESULTS", "task_level": [3]}
{"action_status": "started", "timestamp": 1698679051.5155804, "task_uuid": "ef15c451-940f-4fa3-980e-0dd45de34c3a", "action_type": "LOG_RESULTS", "task_level": [1]}
{"action_status": "started", "timestamp": 1698679051.5155804, "task_uuid": "ef15c451-940f-4fa3-980e-0dd45de34c3a", "action_type": "LOG_RESULTS", "task_level": [1]}
{"action_status": "started", "timestamp": 1698679051.5155804, "task_uuid": "ef15c451-940f-4fa3-980e-0dd45de34c3a", "action_type": "LOG_RESULTS", "task_level": [1]}
{"action_status": "started", "timestamp": 1698679051.5155804, "task_uuid": "ef15c451-940f-4fa3-980e-0dd45de34c3a", "action_type": "LOG_RESULTS", "task_level": [1]}
{"action_status": "started", "timestamp": 1698679051.5155804, "task_uuid": "ef15c451-940f-4fa3-980e-0dd45de34c3a", "action_type": "LOG_RESULTS", "task_level": [1]}
{"action_status": "started", "timestamp": 1698679051.5155804, "task_uuid": "ef15c451-940f-4fa3-980e-0dd45de34c3a", "action_type": "LOG_RESULTS", "task_level": [1]}
{"action_status": "started", "timestamp": 1698679051.5155804, "task_uuid": "ef15c451-940f-4fa3-980e-0dd45de34c3a", "action_type": "LOG_RESULTS", "task_level": [1]}
{"action_status": "started", "timestamp": 1698679051.5155804, "task_uuid": "ef15c451-940f-4fa3-980e-0dd45de34c3a", "action_type": "LOG_RESULTS", "task_level": [1]}
{"action_status": "started", "timestamp": 1698679051.5155804, "task_uuid": "ef15c451-940f-4fa3-980e-0dd45de34c3a", "action_type": "LOG_RESULTS", "task_level": [1]}
{"action_status": "started", "timestamp": 1698679051.5155804, "task_uuid": "ef15c451-940f-4fa3-980e-0dd45de34c3a", "action_type": "LOG_RESULTS", "task_level": [1]}
{"optimizer": "RIO", "no": "8", "best_result": [["-O0"], 0.212], "run_allowance": 0, "iterations": 500, "timestamp": 1698679051.5161612, "task_uuid": "ef15c451-940f-4fa3-980e-0dd45de34c3a", "task_level": [2], "message_type": "INFO"}
{"optimizer": "RIO", "no": "8", "best_result": [["-O0"], 0.212], "run_allowance": 0, "iterations": 500, "timestamp": 1698679051.5161612, "task_uuid": "ef15c451-940f-4fa3-980e-0dd45de34c3a", "task_level": [2], "message_type": "INFO"}
{"optimizer": "RIO", "no": "8", "best_result": [["-O0"], 0.212], "run_allowance": 0, "iterations": 500, "timestamp": 1698679051.5161612, "task_uuid": "ef15c451-940f-4fa3-980e-0dd45de34c3a", "task_level": [2], "message_type": "INFO"}
{"optimizer": "RIO", "no": "8", "best_result": [["-O0"], 0.212], "run_allowance": 0, "iterations": 500, "timestamp": 1698679051.5161612, "task_uuid": "ef15c451-940f-4fa3-980e-0dd45de34c3a", "task_level": [2], "message_type": "INFO"}
{"optimizer": "RIO", "no": "8", "best_result": [["-O0"], 0.212], "run_allowance": 0, "iterations": 500, "timestamp": 1698679051.5161612, "task_uuid": "ef15c451-940f-4fa3-980e-0dd45de34c3a", "task_level": [2], "message_type": "INFO"}
{"optimizer": "RIO", "no": "8", "best_result": [["-O0"], 0.212], "run_allowance": 0, "iterations": 500, "timestamp": 1698679051.5161612, "task_uuid": "ef15c451-940f-4fa3-980e-0dd45de34c3a", "task_level": [2], "message_type": "INFO"}
{"optimizer": "RIO", "no": "8", "best_result": [["-O0"], 0.212], "run_allowance": 0, "iterations": 500, "timestamp": 1698679051.5161612, "task_uuid": "ef15c451-940f-4fa3-980e-0dd45de34c3a", "task_level": [2], "message_type": "INFO"}
{"optimizer": "RIO", "no": "8", "best_result": [["-O0"], 0.212], "run_allowance": 0, "iterations": 500, "timestamp": 1698679051.5161612, "task_uuid": "ef15c451-940f-4fa3-980e-0dd45de34c3a", "task_level": [2], "message_type": "INFO"}
{"optimizer": "RIO", "no": "8", "best_result": [["-O0"], 0.212], "run_allowance": 0, "iterations": 500, "timestamp": 1698679051.5161612, "task_uuid": "ef15c451-940f-4fa3-980e-0dd45de34c3a", "task_level": [2], "message_type": "INFO"}
{"optimizer": "RIO", "no": "8", "best_result": [["-O0"], 0.212], "run_allowance": 0, "iterations": 500, "timestamp": 1698679051.5161612, "task_uuid": "ef15c451-940f-4fa3-980e-0dd45de34c3a", "task_level": [2], "message_type": "INFO"}
{"action_status": "succeeded", "timestamp": 1698679051.5164924, "task_uuid": "ef15c451-940f-4fa3-980e-0dd45de34c3a", "action_type": "LOG_RESULTS", "task_level": [3]}
{"action_status": "succeeded", "timestamp": 1698679051.5164924, "task_uuid": "ef15c451-940f-4fa3-980e-0dd45de34c3a", "action_type": "LOG_RESULTS", "task_level": [3]}
{"action_status": "succeeded", "timestamp": 1698679051.5164924, "task_uuid": "ef15c451-940f-4fa3-980e-0dd45de34c3a", "action_type": "LOG_RESULTS", "task_level": [3]}
{"action_status": "succeeded", "timestamp": 1698679051.5164924, "task_uuid": "ef15c451-940f-4fa3-980e-0dd45de34c3a", "action_type": "LOG_RESULTS", "task_level": [3]}
{"action_status": "succeeded", "timestamp": 1698679051.5164924, "task_uuid": "ef15c451-940f-4fa3-980e-0dd45de34c3a", "action_type": "LOG_RESULTS", "task_level": [3]}
{"action_status": "succeeded", "timestamp": 1698679051.5164924, "task_uuid": "ef15c451-940f-4fa3-980e-0dd45de34c3a", "action_type": "LOG_RESULTS", "task_level": [3]}
{"action_status": "succeeded", "timestamp": 1698679051.5164924, "task_uuid": "ef15c451-940f-4fa3-980e-0dd45de34c3a", "action_type": "LOG_RESULTS", "task_level": [3]}
{"action_status": "succeeded", "timestamp": 1698679051.5164924, "task_uuid": "ef15c451-940f-4fa3-980e-0dd45de34c3a", "action_type": "LOG_RESULTS", "task_level": [3]}
{"action_status": "succeeded", "timestamp": 1698679051.5164924, "task_uuid": "ef15c451-940f-4fa3-980e-0dd45de34c3a", "action_type": "LOG_RESULTS", "task_level": [3]}
{"action_status": "succeeded", "timestamp": 1698679051.5164924, "task_uuid": "ef15c451-940f-4fa3-980e-0dd45de34c3a", "action_type": "LOG_RESULTS", "task_level": [3]}
{"action_status": "started", "timestamp": 1698679775.2036045, "task_uuid": "24c822a4-9002-4b04-8894-b7ceaf1fe541", "action_type": "LOG_RESULTS", "task_level": [1]}
{"action_status": "started", "timestamp": 1698679775.2036045, "task_uuid": "24c822a4-9002-4b04-8894-b7ceaf1fe541", "action_type": "LOG_RESULTS", "task_level": [1]}
{"action_status": "started", "timestamp": 1698679775.2036045, "task_uuid": "24c822a4-9002-4b04-8894-b7ceaf1fe541", "action_type": "LOG_RESULTS", "task_level": [1]}
{"action_status": "started", "timestamp": 1698679775.2036045, "task_uuid": "24c822a4-9002-4b04-8894-b7ceaf1fe541", "action_type": "LOG_RESULTS", "task_level": [1]}
{"action_status": "started", "timestamp": 1698679775.2036045, "task_uuid": "24c822a4-9002-4b04-8894-b7ceaf1fe541", "action_type": "LOG_RESULTS", "task_level": [1]}
{"action_status": "started", "timestamp": 1698679775.2036045, "task_uuid": "24c822a4-9002-4b04-8894-b7ceaf1fe541", "action_type": "LOG_RESULTS", "task_level": [1]}
{"action_status": "started", "timestamp": 1698679775.2036045, "task_uuid": "24c822a4-9002-4b04-8894-b7ceaf1fe541", "action_type": "LOG_RESULTS", "task_level": [1]}
{"action_status": "started", "timestamp": 1698679775.2036045, "task_uuid": "24c822a4-9002-4b04-8894-b7ceaf1fe541", "action_type": "LOG_RESULTS", "task_level": [1]}
{"action_status": "started", "timestamp": 1698679775.2036045, "task_uuid": "24c822a4-9002-4b04-8894-b7ceaf1fe541", "action_type": "LOG_RESULTS", "task_level": [1]}
{"action_status": "started", "timestamp": 1698679775.2036045, "task_uuid": "24c822a4-9002-4b04-8894-b7ceaf1fe541", "action_type": "LOG_RESULTS", "task_level": [1]}
{"optimizer": "RIO", "no": "9", "best_result": [["-O0"], 0.213], "run_allowance": 0, "iterations": 500, "timestamp": 1698679775.2041864, "task_uuid": "24c822a4-9002-4b04-8894-b7ceaf1fe541", "task_level": [2], "message_type": "INFO"}
{"optimizer": "RIO", "no": "9", "best_result": [["-O0"], 0.213], "run_allowance": 0, "iterations": 500, "timestamp": 1698679775.2041864, "task_uuid": "24c822a4-9002-4b04-8894-b7ceaf1fe541", "task_level": [2], "message_type": "INFO"}
{"optimizer": "RIO", "no": "9", "best_result": [["-O0"], 0.213], "run_allowance": 0, "iterations": 500, "timestamp": 1698679775.2041864, "task_uuid": "24c822a4-9002-4b04-8894-b7ceaf1fe541", "task_level": [2], "message_type": "INFO"}
{"optimizer": "RIO", "no": "9", "best_result": [["-O0"], 0.213], "run_allowance": 0, "iterations": 500, "timestamp": 1698679775.2041864, "task_uuid": "24c822a4-9002-4b04-8894-b7ceaf1fe541", "task_level": [2], "message_type": "INFO"}
{"optimizer": "RIO", "no": "9", "best_result": [["-O0"], 0.213], "run_allowance": 0, "iterations": 500, "timestamp": 1698679775.2041864, "task_uuid": "24c822a4-9002-4b04-8894-b7ceaf1fe541", "task_level": [2], "message_type": "INFO"}
{"optimizer": "RIO", "no": "9", "best_result": [["-O0"], 0.213], "run_allowance": 0, "iterations": 500, "timestamp": 1698679775.2041864, "task_uuid": "24c822a4-9002-4b04-8894-b7ceaf1fe541", "task_level": [2], "message_type": "INFO"}
{"optimizer": "RIO", "no": "9", "best_result": [["-O0"], 0.213], "run_allowance": 0, "iterations": 500, "timestamp": 1698679775.2041864, "task_uuid": "24c822a4-9002-4b04-8894-b7ceaf1fe541", "task_level": [2], "message_type": "INFO"}
{"optimizer": "RIO", "no": "9", "best_result": [["-O0"], 0.213], "run_allowance": 0, "iterations": 500, "timestamp": 1698679775.2041864, "task_uuid": "24c822a4-9002-4b04-8894-b7ceaf1fe541", "task_level": [2], "message_type": "INFO"}
{"optimizer": "RIO", "no": "9", "best_result": [["-O0"], 0.213], "run_allowance": 0, "iterations": 500, "timestamp": 1698679775.2041864, "task_uuid": "24c822a4-9002-4b04-8894-b7ceaf1fe541", "task_level": [2], "message_type": "INFO"}
{"optimizer": "RIO", "no": "9", "best_result": [["-O0"], 0.213], "run_allowance": 0, "iterations": 500, "timestamp": 1698679775.2041864, "task_uuid": "24c822a4-9002-4b04-8894-b7ceaf1fe541", "task_level": [2], "message_type": "INFO"}
{"action_status": "succeeded", "timestamp": 1698679775.2045217, "task_uuid": "24c822a4-9002-4b04-8894-b7ceaf1fe541", "action_type": "LOG_RESULTS", "task_level": [3]}
{"action_status": "succeeded", "timestamp": 1698679775.2045217, "task_uuid": "24c822a4-9002-4b04-8894-b7ceaf1fe541", "action_type": "LOG_RESULTS", "task_level": [3]}
{"action_status": "succeeded", "timestamp": 1698679775.2045217, "task_uuid": "24c822a4-9002-4b04-8894-b7ceaf1fe541", "action_type": "LOG_RESULTS", "task_level": [3]}
{"action_status": "succeeded", "timestamp": 1698679775.2045217, "task_uuid": "24c822a4-9002-4b04-8894-b7ceaf1fe541", "action_type": "LOG_RESULTS", "task_level": [3]}
{"action_status": "succeeded", "timestamp": 1698679775.2045217, "task_uuid": "24c822a4-9002-4b04-8894-b7ceaf1fe541", "action_type": "LOG_RESULTS", "task_level": [3]}
{"action_status": "succeeded", "timestamp": 1698679775.2045217, "task_uuid": "24c822a4-9002-4b04-8894-b7ceaf1fe541", "action_type": "LOG_RESULTS", "task_level": [3]}
{"action_status": "succeeded", "timestamp": 1698679775.2045217, "task_uuid": "24c822a4-9002-4b04-8894-b7ceaf1fe541", "action_type": "LOG_RESULTS", "task_level": [3]}
{"action_status": "succeeded", "timestamp": 1698679775.2045217, "task_uuid": "24c822a4-9002-4b04-8894-b7ceaf1fe541", "action_type": "LOG_RESULTS", "task_level": [3]}
{"action_status": "succeeded", "timestamp": 1698679775.2045217, "task_uuid": "24c822a4-9002-4b04-8894-b7ceaf1fe541", "action_type": "LOG_RESULTS", "task_level": [3]}
{"action_status": "succeeded", "timestamp": 1698679775.2045217, "task_uuid": "24c822a4-9002-4b04-8894-b7ceaf1fe541", "action_type": "LOG_RESULTS", "task_level": [3]}
