{"test_path": "spectral/sorting", "test_desc": "PO-CPROFILE-RIO", "action_status": "started", "timestamp": 1708198286.1289856, "task_uuid": "60117413-906f-48da-96c5-b7062e2d514e", "action_type": "OPTIMIZER_CREATION", "task_level": [1]}
{"action_status": "started", "timestamp": 1708198286.1295273, "task_uuid": "60117413-906f-48da-96c5-b7062e2d514e", "action_type": "LOG_RESULTS", "task_level": [2, 1]}
{"action_status": "succeeded", "timestamp": 1708198286.1363103, "task_uuid": "60117413-906f-48da-96c5-b7062e2d514e", "action_type": "OPTIMIZER_CREATION", "task_level": [3]}
{"test_path": "spectral/sorting", "test_desc": "PO-CPROFILE-RIO", "action_status": "started", "timestamp": 1708198286.1365607, "task_uuid": "86a575eb-ae4a-44ed-b7a7-711f4af6fe41", "action_type": "OPTIMIZER_CREATION", "task_level": [1]}
{"action_status": "started", "timestamp": 1708198286.136757, "task_uuid": "86a575eb-ae4a-44ed-b7a7-711f4af6fe41", "action_type": "LOG_RESULTS", "task_level": [2, 1]}
{"action_status": "started", "timestamp": 1708198286.136757, "task_uuid": "86a575eb-ae4a-44ed-b7a7-711f4af6fe41", "action_type": "LOG_RESULTS", "task_level": [2, 1]}
{"action_status": "succeeded", "timestamp": 1708198286.143912, "task_uuid": "86a575eb-ae4a-44ed-b7a7-711f4af6fe41", "action_type": "OPTIMIZER_CREATION", "task_level": [3]}
{"action_status": "succeeded", "timestamp": 1708198286.143912, "task_uuid": "86a575eb-ae4a-44ed-b7a7-711f4af6fe41", "action_type": "OPTIMIZER_CREATION", "task_level": [3]}
{"test_path": "spectral/sorting", "test_desc": "PO-CPROFILE-RIO", "action_status": "started", "timestamp": 1708198286.1441214, "task_uuid": "57cc1e0a-245e-48d7-9978-85a7f52ae5b7", "action_type": "OPTIMIZER_CREATION", "task_level": [1]}
{"test_path": "spectral/sorting", "test_desc": "PO-CPROFILE-RIO", "action_status": "started", "timestamp": 1708198286.1441214, "task_uuid": "57cc1e0a-245e-48d7-9978-85a7f52ae5b7", "action_type": "OPTIMIZER_CREATION", "task_level": [1]}
{"action_status": "started", "timestamp": 1708198286.1443577, "task_uuid": "57cc1e0a-245e-48d7-9978-85a7f52ae5b7", "action_type": "LOG_RESULTS", "task_level": [2, 1]}
{"action_status": "started", "timestamp": 1708198286.1443577, "task_uuid": "57cc1e0a-245e-48d7-9978-85a7f52ae5b7", "action_type": "LOG_RESULTS", "task_level": [2, 1]}
{"action_status": "started", "timestamp": 1708198286.1443577, "task_uuid": "57cc1e0a-245e-48d7-9978-85a7f52ae5b7", "action_type": "LOG_RESULTS", "task_level": [2, 1]}
{"action_status": "succeeded", "timestamp": 1708198286.15151, "task_uuid": "57cc1e0a-245e-48d7-9978-85a7f52ae5b7", "action_type": "OPTIMIZER_CREATION", "task_level": [3]}
{"action_status": "succeeded", "timestamp": 1708198286.15151, "task_uuid": "57cc1e0a-245e-48d7-9978-85a7f52ae5b7", "action_type": "OPTIMIZER_CREATION", "task_level": [3]}
{"action_status": "succeeded", "timestamp": 1708198286.15151, "task_uuid": "57cc1e0a-245e-48d7-9978-85a7f52ae5b7", "action_type": "OPTIMIZER_CREATION", "task_level": [3]}
{"test_path": "spectral/sorting", "test_desc": "PO-CPROFILE-RIO", "action_status": "started", "timestamp": 1708198286.1517456, "task_uuid": "39ce2e43-e9aa-4b4f-88da-f3c931c63045", "action_type": "OPTIMIZER_CREATION", "task_level": [1]}
{"test_path": "spectral/sorting", "test_desc": "PO-CPROFILE-RIO", "action_status": "started", "timestamp": 1708198286.1517456, "task_uuid": "39ce2e43-e9aa-4b4f-88da-f3c931c63045", "action_type": "OPTIMIZER_CREATION", "task_level": [1]}
{"test_path": "spectral/sorting", "test_desc": "PO-CPROFILE-RIO", "action_status": "started", "timestamp": 1708198286.1517456, "task_uuid": "39ce2e43-e9aa-4b4f-88da-f3c931c63045", "action_type": "OPTIMIZER_CREATION", "task_level": [1]}
{"action_status": "started", "timestamp": 1708198286.1520267, "task_uuid": "39ce2e43-e9aa-4b4f-88da-f3c931c63045", "action_type": "LOG_RESULTS", "task_level": [2, 1]}
{"action_status": "started", "timestamp": 1708198286.1520267, "task_uuid": "39ce2e43-e9aa-4b4f-88da-f3c931c63045", "action_type": "LOG_RESULTS", "task_level": [2, 1]}
{"action_status": "started", "timestamp": 1708198286.1520267, "task_uuid": "39ce2e43-e9aa-4b4f-88da-f3c931c63045", "action_type": "LOG_RESULTS", "task_level": [2, 1]}
{"action_status": "started", "timestamp": 1708198286.1520267, "task_uuid": "39ce2e43-e9aa-4b4f-88da-f3c931c63045", "action_type": "LOG_RESULTS", "task_level": [2, 1]}
{"action_status": "succeeded", "timestamp": 1708198286.1592422, "task_uuid": "39ce2e43-e9aa-4b4f-88da-f3c931c63045", "action_type": "OPTIMIZER_CREATION", "task_level": [3]}
{"action_status": "succeeded", "timestamp": 1708198286.1592422, "task_uuid": "39ce2e43-e9aa-4b4f-88da-f3c931c63045", "action_type": "OPTIMIZER_CREATION", "task_level": [3]}
{"action_status": "succeeded", "timestamp": 1708198286.1592422, "task_uuid": "39ce2e43-e9aa-4b4f-88da-f3c931c63045", "action_type": "OPTIMIZER_CREATION", "task_level": [3]}
{"action_status": "succeeded", "timestamp": 1708198286.1592422, "task_uuid": "39ce2e43-e9aa-4b4f-88da-f3c931c63045", "action_type": "OPTIMIZER_CREATION", "task_level": [3]}
{"action_status": "started", "timestamp": 1708198931.3535104, "task_uuid": "1409c80e-33fc-44d8-8252-b9fb9f00495e", "action_type": "LOG_RESULTS", "task_level": [1]}
{"action_status": "started", "timestamp": 1708198931.3535104, "task_uuid": "1409c80e-33fc-44d8-8252-b9fb9f00495e", "action_type": "LOG_RESULTS", "task_level": [1]}
{"action_status": "started", "timestamp": 1708198931.3535104, "task_uuid": "1409c80e-33fc-44d8-8252-b9fb9f00495e", "action_type": "LOG_RESULTS", "task_level": [1]}
{"action_status": "started", "timestamp": 1708198931.3535104, "task_uuid": "1409c80e-33fc-44d8-8252-b9fb9f00495e", "action_type": "LOG_RESULTS", "task_level": [1]}
{"optimizer": "RIO", "no": "0", "best_result": ["0|1|2|3|4|5|6|7|8|9|10|11|12|20|23|22|21|24|16|17|14|25|15|19|18|13", 0.152], "run_allowance": 750, "iterations": 250, "timestamp": 1708198931.353968, "task_uuid": "1409c80e-33fc-44d8-8252-b9fb9f00495e", "task_level": [2], "message_type": "INFO"}
{"optimizer": "RIO", "no": "0", "best_result": ["0|1|2|3|4|5|6|7|8|9|10|11|12|20|23|22|21|24|16|17|14|25|15|19|18|13", 0.152], "run_allowance": 750, "iterations": 250, "timestamp": 1708198931.353968, "task_uuid": "1409c80e-33fc-44d8-8252-b9fb9f00495e", "task_level": [2], "message_type": "INFO"}
{"optimizer": "RIO", "no": "0", "best_result": ["0|1|2|3|4|5|6|7|8|9|10|11|12|20|23|22|21|24|16|17|14|25|15|19|18|13", 0.152], "run_allowance": 750, "iterations": 250, "timestamp": 1708198931.353968, "task_uuid": "1409c80e-33fc-44d8-8252-b9fb9f00495e", "task_level": [2], "message_type": "INFO"}
{"optimizer": "RIO", "no": "0", "best_result": ["0|1|2|3|4|5|6|7|8|9|10|11|12|20|23|22|21|24|16|17|14|25|15|19|18|13", 0.152], "run_allowance": 750, "iterations": 250, "timestamp": 1708198931.353968, "task_uuid": "1409c80e-33fc-44d8-8252-b9fb9f00495e", "task_level": [2], "message_type": "INFO"}
{"action_status": "succeeded", "timestamp": 1708198931.3541353, "task_uuid": "1409c80e-33fc-44d8-8252-b9fb9f00495e", "action_type": "LOG_RESULTS", "task_level": [3]}
{"action_status": "succeeded", "timestamp": 1708198931.3541353, "task_uuid": "1409c80e-33fc-44d8-8252-b9fb9f00495e", "action_type": "LOG_RESULTS", "task_level": [3]}
{"action_status": "succeeded", "timestamp": 1708198931.3541353, "task_uuid": "1409c80e-33fc-44d8-8252-b9fb9f00495e", "action_type": "LOG_RESULTS", "task_level": [3]}
{"action_status": "succeeded", "timestamp": 1708198931.3541353, "task_uuid": "1409c80e-33fc-44d8-8252-b9fb9f00495e", "action_type": "LOG_RESULTS", "task_level": [3]}
{"action_status": "started", "timestamp": 1708199459.3271353, "task_uuid": "206394d7-0a31-4308-9883-37b90913efcb", "action_type": "LOG_RESULTS", "task_level": [1]}
{"action_status": "started", "timestamp": 1708199459.3271353, "task_uuid": "206394d7-0a31-4308-9883-37b90913efcb", "action_type": "LOG_RESULTS", "task_level": [1]}
{"action_status": "started", "timestamp": 1708199459.3271353, "task_uuid": "206394d7-0a31-4308-9883-37b90913efcb", "action_type": "LOG_RESULTS", "task_level": [1]}
{"action_status": "started", "timestamp": 1708199459.3271353, "task_uuid": "206394d7-0a31-4308-9883-37b90913efcb", "action_type": "LOG_RESULTS", "task_level": [1]}
{"optimizer": "RIO", "no": "1", "best_result": ["0|1|2|3|4|5|6|7|8|9|10|11|12|19|21|18|24|14|15|22|20|23|17|25|13|16", 0.153], "run_allowance": 750, "iterations": 250, "timestamp": 1708199459.3276498, "task_uuid": "206394d7-0a31-4308-9883-37b90913efcb", "task_level": [2], "message_type": "INFO"}
{"optimizer": "RIO", "no": "1", "best_result": ["0|1|2|3|4|5|6|7|8|9|10|11|12|19|21|18|24|14|15|22|20|23|17|25|13|16", 0.153], "run_allowance": 750, "iterations": 250, "timestamp": 1708199459.3276498, "task_uuid": "206394d7-0a31-4308-9883-37b90913efcb", "task_level": [2], "message_type": "INFO"}
{"optimizer": "RIO", "no": "1", "best_result": ["0|1|2|3|4|5|6|7|8|9|10|11|12|19|21|18|24|14|15|22|20|23|17|25|13|16", 0.153], "run_allowance": 750, "iterations": 250, "timestamp": 1708199459.3276498, "task_uuid": "206394d7-0a31-4308-9883-37b90913efcb", "task_level": [2], "message_type": "INFO"}
{"optimizer": "RIO", "no": "1", "best_result": ["0|1|2|3|4|5|6|7|8|9|10|11|12|19|21|18|24|14|15|22|20|23|17|25|13|16", 0.153], "run_allowance": 750, "iterations": 250, "timestamp": 1708199459.3276498, "task_uuid": "206394d7-0a31-4308-9883-37b90913efcb", "task_level": [2], "message_type": "INFO"}
{"action_status": "succeeded", "timestamp": 1708199459.32786, "task_uuid": "206394d7-0a31-4308-9883-37b90913efcb", "action_type": "LOG_RESULTS", "task_level": [3]}
{"action_status": "succeeded", "timestamp": 1708199459.32786, "task_uuid": "206394d7-0a31-4308-9883-37b90913efcb", "action_type": "LOG_RESULTS", "task_level": [3]}
{"action_status": "succeeded", "timestamp": 1708199459.32786, "task_uuid": "206394d7-0a31-4308-9883-37b90913efcb", "action_type": "LOG_RESULTS", "task_level": [3]}
{"action_status": "succeeded", "timestamp": 1708199459.32786, "task_uuid": "206394d7-0a31-4308-9883-37b90913efcb", "action_type": "LOG_RESULTS", "task_level": [3]}
{"action_status": "started", "timestamp": 1708199987.70184, "task_uuid": "36b080e2-aebf-4057-a9b3-d9cb2aba06d9", "action_type": "LOG_RESULTS", "task_level": [1]}
{"action_status": "started", "timestamp": 1708199987.70184, "task_uuid": "36b080e2-aebf-4057-a9b3-d9cb2aba06d9", "action_type": "LOG_RESULTS", "task_level": [1]}
{"action_status": "started", "timestamp": 1708199987.70184, "task_uuid": "36b080e2-aebf-4057-a9b3-d9cb2aba06d9", "action_type": "LOG_RESULTS", "task_level": [1]}
{"action_status": "started", "timestamp": 1708199987.70184, "task_uuid": "36b080e2-aebf-4057-a9b3-d9cb2aba06d9", "action_type": "LOG_RESULTS", "task_level": [1]}
{"optimizer": "RIO", "no": "2", "best_result": ["0|1|2|3|4|5|6|7|8|9|10|11|12|22|16|17|24|21|13|20|25|14|19|23|18|15", 0.155], "run_allowance": 750, "iterations": 250, "timestamp": 1708199987.7022905, "task_uuid": "36b080e2-aebf-4057-a9b3-d9cb2aba06d9", "task_level": [2], "message_type": "INFO"}
{"optimizer": "RIO", "no": "2", "best_result": ["0|1|2|3|4|5|6|7|8|9|10|11|12|22|16|17|24|21|13|20|25|14|19|23|18|15", 0.155], "run_allowance": 750, "iterations": 250, "timestamp": 1708199987.7022905, "task_uuid": "36b080e2-aebf-4057-a9b3-d9cb2aba06d9", "task_level": [2], "message_type": "INFO"}
{"optimizer": "RIO", "no": "2", "best_result": ["0|1|2|3|4|5|6|7|8|9|10|11|12|22|16|17|24|21|13|20|25|14|19|23|18|15", 0.155], "run_allowance": 750, "iterations": 250, "timestamp": 1708199987.7022905, "task_uuid": "36b080e2-aebf-4057-a9b3-d9cb2aba06d9", "task_level": [2], "message_type": "INFO"}
{"optimizer": "RIO", "no": "2", "best_result": ["0|1|2|3|4|5|6|7|8|9|10|11|12|22|16|17|24|21|13|20|25|14|19|23|18|15", 0.155], "run_allowance": 750, "iterations": 250, "timestamp": 1708199987.7022905, "task_uuid": "36b080e2-aebf-4057-a9b3-d9cb2aba06d9", "task_level": [2], "message_type": "INFO"}
{"action_status": "succeeded", "timestamp": 1708199987.7024739, "task_uuid": "36b080e2-aebf-4057-a9b3-d9cb2aba06d9", "action_type": "LOG_RESULTS", "task_level": [3]}
{"action_status": "succeeded", "timestamp": 1708199987.7024739, "task_uuid": "36b080e2-aebf-4057-a9b3-d9cb2aba06d9", "action_type": "LOG_RESULTS", "task_level": [3]}
{"action_status": "succeeded", "timestamp": 1708199987.7024739, "task_uuid": "36b080e2-aebf-4057-a9b3-d9cb2aba06d9", "action_type": "LOG_RESULTS", "task_level": [3]}
{"action_status": "succeeded", "timestamp": 1708199987.7024739, "task_uuid": "36b080e2-aebf-4057-a9b3-d9cb2aba06d9", "action_type": "LOG_RESULTS", "task_level": [3]}
{"action_status": "started", "timestamp": 1708200518.3201065, "task_uuid": "6475b602-febd-469f-8c84-9137a237e240", "action_type": "LOG_RESULTS", "task_level": [1]}
{"action_status": "started", "timestamp": 1708200518.3201065, "task_uuid": "6475b602-febd-469f-8c84-9137a237e240", "action_type": "LOG_RESULTS", "task_level": [1]}
{"action_status": "started", "timestamp": 1708200518.3201065, "task_uuid": "6475b602-febd-469f-8c84-9137a237e240", "action_type": "LOG_RESULTS", "task_level": [1]}
{"action_status": "started", "timestamp": 1708200518.3201065, "task_uuid": "6475b602-febd-469f-8c84-9137a237e240", "action_type": "LOG_RESULTS", "task_level": [1]}
{"optimizer": "RIO", "no": "3", "best_result": ["0|1|2|3|4|5|6|7|8|9|10|11|12|14|22|24|21|18|15|19|16|17|25|20|13|23", 0.155], "run_allowance": 750, "iterations": 250, "timestamp": 1708200518.3206441, "task_uuid": "6475b602-febd-469f-8c84-9137a237e240", "task_level": [2], "message_type": "INFO"}
{"optimizer": "RIO", "no": "3", "best_result": ["0|1|2|3|4|5|6|7|8|9|10|11|12|14|22|24|21|18|15|19|16|17|25|20|13|23", 0.155], "run_allowance": 750, "iterations": 250, "timestamp": 1708200518.3206441, "task_uuid": "6475b602-febd-469f-8c84-9137a237e240", "task_level": [2], "message_type": "INFO"}
{"optimizer": "RIO", "no": "3", "best_result": ["0|1|2|3|4|5|6|7|8|9|10|11|12|14|22|24|21|18|15|19|16|17|25|20|13|23", 0.155], "run_allowance": 750, "iterations": 250, "timestamp": 1708200518.3206441, "task_uuid": "6475b602-febd-469f-8c84-9137a237e240", "task_level": [2], "message_type": "INFO"}
{"optimizer": "RIO", "no": "3", "best_result": ["0|1|2|3|4|5|6|7|8|9|10|11|12|14|22|24|21|18|15|19|16|17|25|20|13|23", 0.155], "run_allowance": 750, "iterations": 250, "timestamp": 1708200518.3206441, "task_uuid": "6475b602-febd-469f-8c84-9137a237e240", "task_level": [2], "message_type": "INFO"}
{"action_status": "succeeded", "timestamp": 1708200518.320816, "task_uuid": "6475b602-febd-469f-8c84-9137a237e240", "action_type": "LOG_RESULTS", "task_level": [3]}
{"action_status": "succeeded", "timestamp": 1708200518.320816, "task_uuid": "6475b602-febd-469f-8c84-9137a237e240", "action_type": "LOG_RESULTS", "task_level": [3]}
{"action_status": "succeeded", "timestamp": 1708200518.320816, "task_uuid": "6475b602-febd-469f-8c84-9137a237e240", "action_type": "LOG_RESULTS", "task_level": [3]}
{"action_status": "succeeded", "timestamp": 1708200518.320816, "task_uuid": "6475b602-febd-469f-8c84-9137a237e240", "action_type": "LOG_RESULTS", "task_level": [3]}
