{"test_path": "real/symalg", "test_desc": "TryNewProgram", "action_status": "started", "timestamp": 1698875004.302306, "task_uuid": "b38d0eb6-ee70-40ea-a76a-a95324f5afd0", "action_type": "OPTIMIZER_CREATION", "task_level": [1]}
{"action_status": "started", "timestamp": 1698875004.3027189, "task_uuid": "b38d0eb6-ee70-40ea-a76a-a95324f5afd0", "action_type": "LOG_RESULTS", "task_level": [2, 1]}
{"action_status": "succeeded", "timestamp": 1698875004.303797, "task_uuid": "b38d0eb6-ee70-40ea-a76a-a95324f5afd0", "action_type": "OPTIMIZER_CREATION", "task_level": [3]}
{"action_status": "started", "timestamp": 1698875497.3754458, "task_uuid": "648d6311-7fb6-4cac-8d12-d7e9bb538e23", "action_type": "ERROR_CANDIDATE", "task_level": [1]}
{"optimizer": "BOCA", "message": "No unique candidate found.", "iteration": 160, "all_candidates": [], "timestamp": 1698875497.3756542, "task_uuid": "648d6311-7fb6-4cac-8d12-d7e9bb538e23", "task_level": [2], "message_type": "ERROR"}
{"action_status": "succeeded", "timestamp": 1698875497.3757222, "task_uuid": "648d6311-7fb6-4cac-8d12-d7e9bb538e23", "action_type": "ERROR_CANDIDATE", "task_level": [3]}
{"action_status": "started", "timestamp": 1698875500.3932452, "task_uuid": "a6b1cb55-5d91-410a-b420-754cb39aee4e", "action_type": "ERROR_CANDIDATE", "task_level": [1]}
{"optimizer": "BOCA", "message": "No unique candidate found.", "iteration": 161, "all_candidates": [], "timestamp": 1698875500.393397, "task_uuid": "a6b1cb55-5d91-410a-b420-754cb39aee4e", "task_level": [2], "message_type": "ERROR"}
{"action_status": "succeeded", "timestamp": 1698875500.3934567, "task_uuid": "a6b1cb55-5d91-410a-b420-754cb39aee4e", "action_type": "ERROR_CANDIDATE", "task_level": [3]}
{"action_status": "started", "timestamp": 1698875503.3976474, "task_uuid": "c31515dd-0775-41b8-a365-789e7b39df8b", "action_type": "ERROR_CANDIDATE", "task_level": [1]}
{"optimizer": "BOCA", "message": "No unique candidate found.", "iteration": 162, "all_candidates": [], "timestamp": 1698875503.3977842, "task_uuid": "c31515dd-0775-41b8-a365-789e7b39df8b", "task_level": [2], "message_type": "ERROR"}
{"action_status": "succeeded", "timestamp": 1698875503.3978484, "task_uuid": "c31515dd-0775-41b8-a365-789e7b39df8b", "action_type": "ERROR_CANDIDATE", "task_level": [3]}
{"action_status": "started", "timestamp": 1698875506.4159052, "task_uuid": "a4c914dc-e65a-4ce0-a3d8-2d2181207d53", "action_type": "ERROR_CANDIDATE", "task_level": [1]}
{"optimizer": "BOCA", "message": "No unique candidate found.", "iteration": 163, "all_candidates": [], "timestamp": 1698875506.4160252, "task_uuid": "a4c914dc-e65a-4ce0-a3d8-2d2181207d53", "task_level": [2], "message_type": "ERROR"}
{"action_status": "succeeded", "timestamp": 1698875506.4160843, "task_uuid": "a4c914dc-e65a-4ce0-a3d8-2d2181207d53", "action_type": "ERROR_CANDIDATE", "task_level": [3]}
{"action_status": "started", "timestamp": 1698875509.412156, "task_uuid": "8835659f-3643-48b8-a69b-18f7cc76f6aa", "action_type": "ERROR_CANDIDATE", "task_level": [1]}
{"optimizer": "BOCA", "message": "No unique candidate found.", "iteration": 164, "all_candidates": [], "timestamp": 1698875509.4122927, "task_uuid": "8835659f-3643-48b8-a69b-18f7cc76f6aa", "task_level": [2], "message_type": "ERROR"}
{"action_status": "succeeded", "timestamp": 1698875509.4123578, "task_uuid": "8835659f-3643-48b8-a69b-18f7cc76f6aa", "action_type": "ERROR_CANDIDATE", "task_level": [3]}
{"action_status": "started", "timestamp": 1698875512.4420211, "task_uuid": "d1caf28e-60a7-4bb5-92c2-e28f30c0d543", "action_type": "ERROR_CANDIDATE", "task_level": [1]}
{"optimizer": "BOCA", "message": "No unique candidate found.", "iteration": 165, "all_candidates": [], "timestamp": 1698875512.4421704, "task_uuid": "d1caf28e-60a7-4bb5-92c2-e28f30c0d543", "task_level": [2], "message_type": "ERROR"}
{"action_status": "succeeded", "timestamp": 1698875512.4422305, "task_uuid": "d1caf28e-60a7-4bb5-92c2-e28f30c0d543", "action_type": "ERROR_CANDIDATE", "task_level": [3]}
{"action_status": "started", "timestamp": 1698875515.4530113, "task_uuid": "b49dc78d-af6d-4dd8-b5bb-a7d6efea9ade", "action_type": "ERROR_CANDIDATE", "task_level": [1]}
{"optimizer": "BOCA", "message": "No unique candidate found.", "iteration": 166, "all_candidates": [], "timestamp": 1698875515.4531949, "task_uuid": "b49dc78d-af6d-4dd8-b5bb-a7d6efea9ade", "task_level": [2], "message_type": "ERROR"}
{"action_status": "succeeded", "timestamp": 1698875515.4532545, "task_uuid": "b49dc78d-af6d-4dd8-b5bb-a7d6efea9ade", "action_type": "ERROR_CANDIDATE", "task_level": [3]}
{"action_status": "started", "timestamp": 1698875518.4573762, "task_uuid": "e669b1b1-0547-4edc-ad70-b11fca9e1d36", "action_type": "ERROR_CANDIDATE", "task_level": [1]}
{"optimizer": "BOCA", "message": "No unique candidate found.", "iteration": 167, "all_candidates": [], "timestamp": 1698875518.457493, "task_uuid": "e669b1b1-0547-4edc-ad70-b11fca9e1d36", "task_level": [2], "message_type": "ERROR"}
{"action_status": "succeeded", "timestamp": 1698875518.45755, "task_uuid": "e669b1b1-0547-4edc-ad70-b11fca9e1d36", "action_type": "ERROR_CANDIDATE", "task_level": [3]}
{"action_status": "started", "timestamp": 1698875521.4670062, "task_uuid": "cfb7cbd4-3062-4fc9-ac07-a5faa9f8e649", "action_type": "ERROR_CANDIDATE", "task_level": [1]}
{"optimizer": "BOCA", "message": "No unique candidate found.", "iteration": 168, "all_candidates": [], "timestamp": 1698875521.4671574, "task_uuid": "cfb7cbd4-3062-4fc9-ac07-a5faa9f8e649", "task_level": [2], "message_type": "ERROR"}
{"action_status": "succeeded", "timestamp": 1698875521.4675758, "task_uuid": "cfb7cbd4-3062-4fc9-ac07-a5faa9f8e649", "action_type": "ERROR_CANDIDATE", "task_level": [3]}
{"action_status": "started", "timestamp": 1698875524.471847, "task_uuid": "0c0f1b9e-de35-42aa-84b4-6154aaab9862", "action_type": "ERROR_CANDIDATE", "task_level": [1]}
{"optimizer": "BOCA", "message": "No unique candidate found.", "iteration": 169, "all_candidates": [], "timestamp": 1698875524.4719732, "task_uuid": "0c0f1b9e-de35-42aa-84b4-6154aaab9862", "task_level": [2], "message_type": "ERROR"}
{"action_status": "succeeded", "timestamp": 1698875524.472031, "task_uuid": "0c0f1b9e-de35-42aa-84b4-6154aaab9862", "action_type": "ERROR_CANDIDATE", "task_level": [3]}
{"action_status": "started", "timestamp": 1698875524.8512652, "task_uuid": "c2437500-15e7-40e5-9356-9f4bee6c7191", "action_type": "LOG_RESULTS", "task_level": [1]}
{"optimizer": "BOCA", "no": "0", "best_result": [["-O0", "-fstatic-argument-transformation", "-fcross-module-specialise", "-fno-pre-inlining", "-fdo-eta-reduction", "-fdo-lambda-eta-expansion", "-fignore-asserts", "-fexpose-all-unfoldings", "-ffun-to-thunk", "-fcpr-anal", "-fvectorise", "-flate-dmd-anal", "-fexcess-precision", "-O0", "-fno-opt-coercion", "-fcall-arity", "-fpedantic-bottoms", "-funfolding-fun-discount=60", "-ffull-laziness", "-feager-blackholing", "-fregs-iterative", "-fenable-rewrite-rules", "-fdicts-cheap", "-fsimplifier-phases=2", "-fstrictness-before=1", "-fcase-merge", "-fspec-constr-count=3", "-fno-state-hack", "-fdmd-tx-dict-sel", "-fregs-graph", "-funfolding-dict-discount=30", "-fmax-inline-memcpy-insns=32", "-fomit-interface-pragmas", "-fsimpl-tick-factor=100", "-ffloat-in", "-funbox-small-strict-fields", "-funfolding-creation-threshold=750", "-fworker-wrapper", "-fliberate-case", "-fcmm-sink", "-fliberate-case-threshold=2000", "-fmax-relevant-binds=6", "-funfolding-use-threshold=60", "-fdicts-strict", "-fcmm-elim-common-blocks", "-fmax-inline-memset-insns=32", "-funbox-strict-fields"], 0.173], "run_allowance": 334, "iterations": 0, "timestamp": 1698875524.8513591, "task_uuid": "c2437500-15e7-40e5-9356-9f4bee6c7191", "task_level": [2], "message_type": "INFO"}
{"action_status": "succeeded", "timestamp": 1698875524.8514445, "task_uuid": "c2437500-15e7-40e5-9356-9f4bee6c7191", "action_type": "LOG_RESULTS", "task_level": [3]}
